826,7,18,0,5,2,9,11
664,10,26,0,11,1,15,16
338,7,27,0,6,1,19,20
941,15,29,0,5,1,13,14
705,14,31,0,10,4,13,17
1311,13,33,0,12,1,19,20
1279,4,37,0,8,1,32,33
489,21,37,0,10,1,15,16
31,15,39,0,11,4,20,24
1188,19,39,0,11,1,19,20
1299,34,41,0,5,1,6,7
817,12,43,0,14,1,30,31
518,2,44,0,10,2,40,42
1066,8,44,0,10,1,35,36
1237,22,45,0,12,1,22,23
222,23,45,0,12,1,21,22
1139,26,47,0,7,2,19,21
115,18,47,0,12,1,28,29
438,26,47,0,7,3,18,21
203,8,51,0,16,1,42,43
196,37,52,0,1,4,11,15
790,17,53,0,14,1,35,36
761,7,55,0,13,1,47,48
1310,25,56,0,14,1,30,31
838,27,58,0,9,1,30,31
167,35,64,0,2,6,23,29
341,48,64,0,2,1,15,16
80,15,65,0,15,3,47,50
985,9,66,0,14,1,56,57
724,24,66,0,17,1,41,42
594,10,66,0,14,1,55,56
1262,43,70,0,3,1,26,27
6,16,73,0,19,3,54,57
275,6,80,0,17,1,73,74
220,47,80,0,4,1,32,33
1013,10,80,0,17,1,69,70
1194,47,80,0,4,1,32,33
1038,76,81,0,1,1,4,5
1304,65,81,0,1,10,6,16
956,72,81,0,1,4,5,9
875,52,87,0,9,22,13,35
1014,74,89,0,2,1,14,15
1130,48,91,0,5,2,41,43
1235,77,98,0,3,1,20,21
399,66,98,0,3,10,22,32
563,77,98,0,3,1,20,21
128,56,99,0,11,18,25,43
863,35,99,0,11,39,25,64
112,47,103,0,6,2,54,56
151,39,103,0,6,2,62,64
832,50,104,0,4,25,29,54
906,45,104,0,10,41,18,59
227,45,104,0,12,29,30,59
1120,77,110,0,11,8,25,33
992,34,110,0,11,51,25,76
949,45,110,0,11,40,25,65
1025,80,111,0,2,22,9,31
934,106,113,0,2,1,6,7
647,60,114,0,13,14,40,54
965,60,116,0,5,15,41,56
64,46,116,0,8,1,69,70
193,63,116,0,5,12,41,53
467,39,116,0,8,3,74,77
1256,41,118,0,12,44,33,77
287,72,118,0,12,13,33,46
216,69,118,0,12,16,33,49
481,96,120,0,3,10,14,24
383,84,120,0,3,21,15,36
413,41,121,0,14,33,47,80
1216,54,121,0,14,20,47,67
441,70,121,0,6,5,46,51
829,43,121,0,14,31,47,78
839,29,121,0,14,45,47,92
643,42,125,0,13,43,40,83
147,55,126,0,15,19,52,71
831,95,126,0,4,13,18,31
625,107,126,0,4,1,18,19
1168,44,126,0,9,1,81,82
891,96,126,0,4,9,21,30
624,101,126,0,4,5,20,25
295,72,127,0,7,3,52,55
267,62,127,0,7,13,52,65
483,89,132,0,10,12,31,43
962,71,132,0,10,31,30,61
1003,101,132,0,10,1,30,31
305,56,134,0,8,19,59,78
311,56,134,0,8,20,58,78
237,61,134,0,8,16,57,73
177,77,134,0,8,1,56,57
1099,81,136,0,6,24,31,55
854,34,136,0,16,40,62,102
540,61,136,0,16,13,62,75
1379,83,136,0,6,24,29,53
586,52,136,0,16,22,62,84
976,106,136,0,6,2,28,30
163,89,136,0,6,17,30,47
998,65,137,0,14,20,52,72
651,99,137,0,11,2,36,38
993,52,137,0,11,49,36,85
457,76,137,0,14,9,52,61
214,71,139,0,9,5,63,68
1201,101,146,0,7,4,41,45
1272,96,147,0,12,6,45,51
657,41,147,0,17,33,73,106
251,84,147,0,15,1,62,63
1127,82,147,0,15,3,62,65
78,28,147,0,15,57,62,119
1290,73,147,0,12,28,46,74
1051,39,147,0,15,46,62,108
1227,60,147,0,17,14,73,87
886,35,147,0,12,66,46,112
20,49,147,0,17,25,73,98
394,112,150,0,2,30,8,38
1000,117,150,0,2,25,8,33
1024,109,150,0,2,33,8,41
898,130,150,0,2,12,8,20
1009,119,150,0,2,23,8,31
573,97,152,0,13,4,51,55
990,89,152,0,8,16,47,63
546,89,152,0,13,12,51,63
435,63,153,0,17,22,68,90
619,54,153,0,17,32,67,99
19,52,153,0,17,33,68,101
34,39,155,0,18,35,81,116
160,27,155,0,18,47,81,128
208,38,155,0,18,36,81,117
165,130,156,0,3,12,14,26
598,115,156,0,3,27,14,41
4,114,161,0,4,28,19,47
422,40,161,0,19,46,75,121
105,79,161,0,19,6,76,82
463,33,161,0,19,53,75,128
1020,139,162,0,1,15,8,23
1042,69,162,0,14,32,61,93
46,136,162,0,1,18,8,26
771,130,162,0,1,24,8,32
1172,95,163,0,9,10,58,68
944,42,167,0,19,32,93,125
533,95,167,0,15,6,66,72
1007,125,167,0,5,17,25,42
188,142,171,0,2,12,17,29
48,133,172,0,6,9,30,39
1050,135,172,0,6,7,30,37
1088,117,172,0,6,25,30,55
849,133,172,0,6,9,30,39
987,118,172,0,6,24,30,54
1137,101,174,0,13,6,67,73
333,64,174,0,13,41,69,110
270,42,175,0,16,60,73,133
1056,87,175,0,16,14,74,88
10,116,181,0,7,26,39,65
261,112,182,0,3,42,28,70
260,141,182,0,3,13,28,41
1318,146,182,0,3,8,28,36
884,137,182,0,3,17,28,45
676,104,184,0,14,2,78,80
277,94,186,0,18,8,84,92
1,77,186,0,18,24,85,109
801,96,186,0,18,5,85,90
219,138,187,0,4,16,33,49
584,107,187,0,4,47,33,80
484,124,187,0,4,30,33,63
374,114,187,0,4,40,33,73
283,103,189,0,8,39,47,86
1146,124,189,0,8,18,47,65
1282,98,192,0,19,4,90,94
659,88,192,0,19,14,90,104
585,77,193,0,16,29,87,116
922,139,193,0,5,15,39,54
847,114,195,0,9,28,53,81
986,112,195,0,9,30,53,83
230,123,195,0,9,19,53,72
1208,140,199,0,7,14,45,59
983,102,200,0,18,3,95,98
905,139,205,0,10,49,17,66
1352,135,205,0,10,53,17,70
408,147,210,0,8,7,56,63
141,147,210,0,8,7,56,63
1384,115,210,0,8,39,56,95
606,149,210,0,8,5,56,61
225,103,211,0,19,2,106,108
427,140,212,0,5,56,16,72
1068,150,212,0,5,46,16,62
1070,118,216,0,11,70,28,98
479,166,216,0,1,45,5,50
77,119,216,0,9,35,62,97
199,161,216,0,1,50,5,55
257,143,216,0,9,11,62,73
510,124,216,0,11,64,28,92
772,162,216,0,1,49,5,54
858,122,216,0,11,66,28,94
1199,110,220,0,7,86,24,110
862,110,225,0,12,78,37,115
731,163,228,0,2,48,17,65
857,136,228,0,8,60,32,92
715,161,228,0,2,50,17,67
325,131,231,0,10,87,13,100
942,138,235,0,13,50,47,97
482,166,235,0,3,45,24,69
883,156,235,0,3,55,24,79
1080,114,235,0,13,74,47,121
571,133,235,0,13,55,47,102
297,143,239,0,10,53,43,96
1092,162,243,0,4,49,32,81
1230,153,243,0,11,65,25,90
1173,168,243,0,4,43,32,75
967,158,243,0,4,53,32,85
1093,163,243,0,4,48,32,80
1317,112,246,0,14,76,58,134
70,142,246,0,11,54,50,104
791,126,246,0,14,62,58,120
1313,127,246,0,14,61,58,119
342,175,248,0,2,60,13,73
166,176,248,0,2,59,13,72
899,158,248,0,2,77,13,90
820,180,248,0,2,55,13,68
1008,164,251,0,5,47,40,87
1131,152,251,0,5,59,40,99
85,162,252,0,8,75,15,90
852,167,252,0,8,70,15,85
853,173,252,0,8,64,15,79
1289,152,253,0,12,66,35,101
476,117,253,0,12,101,35,136
779,143,253,0,12,75,35,110
654,134,254,0,13,62,58,120
240,127,254,0,13,69,58,127
304,123,254,0,13,73,58,131
548,151,257,0,6,60,46,106
28,156,257,0,6,55,46,101
644,119,258,0,15,69,70,139
157,125,258,0,15,63,70,133
725,124,258,0,15,64,70,134
954,138,258,0,15,50,70,120
84,160,259,0,4,75,24,99
1083,166,259,0,9,71,22,93
968,163,259,0,4,72,24,96
299,173,259,0,4,62,24,86
1250,170,259,0,4,65,24,89
595,139,262,0,15,57,66,123
943,154,262,0,13,64,44,108
154,145,262,0,15,51,66,117
669,136,263,0,16,52,75,127
1246,114,263,0,16,74,75,149
837,164,264,0,10,73,27,100
247,125,264,0,10,112,27,139
1351,158,264,0,10,79,27,106
178,155,266,0,8,56,55,111
798,169,266,0,8,42,55,97
314,167,266,0,8,44,55,99
1067,167,266,0,8,44,55,99
924,187,269,0,5,48,34,82
1211,183,269,0,5,52,34,86
818,163,270,0,14,55,52,107
593,162,270,0,14,56,52,108
868,117,270,0,17,71,82,153
262,173,273,0,11,64,36,100
925,141,273,0,16,55,77,132
538,113,273,0,16,83,77,160
509,166,273,0,11,71,36,107
549,166,275,0,6,69,40,109
161,168,275,0,6,67,40,107
680,175,275,0,6,60,40,100
578,158,276,0,15,60,58,118
609,156,276,0,15,62,58,120
1171,159,278,0,9,52,67,119
384,140,280,0,18,48,92,140
918,167,283,0,12,70,46,116
1340,171,283,0,12,66,46,112
916,165,283,0,12,72,46,118
638,118,285,0,17,78,89,167
636,146,285,0,17,50,89,139
249,116,285,0,17,80,89,169
795,143,285,0,17,53,89,142
43,170,286,0,7,65,51,116
781,171,286,0,7,64,51,115
1179,155,286,0,7,80,51,131
1087,167,286,0,7,68,51,119
1247,155,286,0,16,63,68,131
501,124,291,0,17,94,73,167
153,141,291,0,17,77,73,150
561,161,294,0,9,74,59,133
1082,151,294,0,9,84,59,143
1174,185,294,0,9,50,59,109
648,171,295,0,13,66,58,124
556,114,295,0,13,123,58,181
9,153,295,0,13,84,58,142
982,141,296,0,18,55,100,155
615,175,298,0,1,118,5,123
673,139,300,0,14,98,63,161
551,174,300,0,14,63,63,126
1077,146,301,0,18,72,83,155
91,150,301,0,18,68,83,151
665,164,301,0,18,54,83,137
1076,160,301,0,18,58,83,141
815,110,301,0,18,108,83,191
760,140,301,0,18,78,83,161
825,125,302,0,19,71,106,177
981,147,302,0,19,49,106,155
900,206,307,0,2,87,14,101
414,138,309,0,19,80,91,171
155,147,310,0,15,90,73,163
610,142,310,0,15,95,73,168
626,164,314,0,3,129,21,150
1044,205,319,0,4,88,26,114
652,219,319,0,1,91,9,100
221,208,319,0,4,85,26,111
1154,209,319,0,1,101,9,110
596,220,319,0,1,90,9,99
515,190,319,0,4,103,26,129
850,201,319,0,4,92,26,118
562,209,319,0,1,101,9,110
1276,219,319,0,1,91,9,100
805,169,320,0,16,68,83,151
254,173,323,0,10,136,14,150
963,198,324,0,5,95,31,126
1233,153,324,0,5,140,31,171
828,200,324,0,5,93,31,124
1297,202,324,0,5,91,31,122
660,187,324,0,5,106,31,137
179,187,324,0,5,106,31,137
1073,176,328,0,2,134,18,152
419,210,328,0,2,100,18,118
1209,197,333,0,7,96,40,136
379,216,334,0,3,94,24,118
630,197,334,0,3,113,24,137
1320,211,334,0,3,99,24,123
1319,187,334,0,3,123,24,147
599,215,334,0,3,95,24,119
915,165,335,0,12,144,26,170
1132,218,341,0,4,92,31,123
22,214,341,0,4,96,31,127
1210,200,341,0,8,93,48,141
497,207,341,0,8,86,48,134
948,205,341,0,4,105,31,136
1147,189,341,0,8,104,48,152
1244,167,345,0,10,160,18,178
1214,206,345,0,10,121,18,139
878,196,345,0,10,131,18,149
907,121,347,0,13,188,38,226
1206,179,347,0,13,130,38,168
124,190,347,0,13,119,38,157
302,141,347,0,13,168,38,206
888,188,347,0,13,121,38,159
190,199,348,0,9,94,55,149
813,203,348,0,9,90,55,145
1167,170,348,0,9,123,55,178
1107,176,352,0,14,133,43,176
799,180,352,0,14,129,43,172
376,180,352,0,14,129,43,172
1245,209,353,0,5,101,43,144
346,221,355,0,1,123,11,134
356,204,355,0,11,123,28,151
1060,212,356,0,10,125,19,144
1381,201,356,0,10,136,19,155
937,222,356,0,10,115,19,134
1383,209,356,0,10,128,19,147
337,204,358,0,6,106,48,154
50,214,358,0,6,96,48,144
822,186,363,0,12,141,36,177
111,199,363,0,12,128,36,164
697,192,363,0,12,135,36,171
523,200,364,0,11,137,27,164
1261,216,364,0,11,121,27,148
1098,186,364,0,15,123,55,178
972,169,364,0,11,168,27,195
663,222,364,0,11,115,27,142
1016,224,365,0,2,120,21,141
256,171,371,0,9,139,61,200
653,201,371,0,13,126,44,170
191,201,371,0,9,109,61,170
198,240,372,0,1,124,8,132
265,242,372,0,1,122,8,130
455,244,372,0,1,120,8,128
1035,184,373,0,12,153,36,189
186,156,374,0,16,153,65,218
211,198,378,0,5,146,34,180
15,160,378,0,14,167,51,218
897,248,382,0,2,116,18,134
238,237,382,0,2,127,18,145
1061,221,384,0,13,116,47,163
1153,201,384,0,15,126,57,183
1097,200,384,0,15,127,57,184
1119,180,384,0,15,147,57,204
1030,173,384,0,15,154,57,211
213,191,384,0,13,146,47,193
1212,188,385,0,17,121,76,197
1329,167,385,0,17,142,76,218
1213,184,385,0,17,125,76,201
687,230,390,0,8,114,46,160
30,202,390,0,8,142,46,188
269,215,391,0,16,122,54,176
205,218,391,0,16,119,54,173
183,190,391,0,16,137,64,201
204,194,391,0,16,133,64,197
1263,233,393,0,3,131,29,160
378,237,393,0,3,127,29,156
137,144,397,0,17,193,60,253
271,193,397,0,17,144,60,204
649,174,397,0,18,135,88,223
8,241,398,0,4,123,34,157
991,210,398,0,11,134,54,188
889,222,398,0,4,142,34,176
505,236,398,0,4,128,34,162
637,135,401,0,17,192,74,266
67,257,402,0,1,133,12,145
1110,249,402,0,1,141,12,153
96,227,403,0,12,117,59,176
1292,207,403,0,12,137,59,196
919,165,403,0,12,179,59,238
581,207,404,0,18,130,67,197
759,203,404,0,18,134,67,201
226,192,408,0,19,117,99,216
472,181,408,0,19,128,99,227
432,166,408,0,19,143,99,242
462,177,408,0,19,132,99,231
1085,265,409,0,2,125,19,144
1072,250,409,0,2,140,19,159
239,259,409,0,2,131,19,150
276,193,410,0,18,134,83,217
940,246,410,0,5,118,46,164
827,209,410,0,5,155,46,201
1324,178,410,0,18,149,83,232
1337,184,410,0,18,143,83,226
1365,240,410,0,5,124,46,170
544,181,412,0,13,163,68,231
1353,228,412,0,13,116,68,184
658,214,416,0,19,123,79,202
873,220,416,0,19,117,79,196
706,179,416,0,19,158,79,237
13,193,417,0,14,151,73,224
1086,225,417,0,14,119,73,192
575,215,417,0,14,129,73,202
780,243,418,0,6,121,54,175
470,266,418,0,3,124,28,152
671,203,418,0,19,124,91,215
1224,234,418,0,6,130,54,184
804,241,418,0,3,149,28,177
41,244,418,0,6,120,54,174
488,265,418,0,3,125,28,153
234,212,426,0,15,132,82,214
306,244,428,0,7,120,64,184
608,238,428,0,7,126,64,190
21,245,429,0,4,145,39,184
718,233,429,0,4,157,39,196
539,229,431,0,16,115,87,202
895,229,431,0,16,115,87,202
856,231,437,0,8,133,73,206
293,236,437,0,8,128,73,201
1102,228,438,0,17,116,94,210
389,222,438,0,17,122,94,216
180,211,441,0,5,179,51,230
964,251,441,0,5,139,51,190
272,257,441,0,5,133,51,184
51,262,446,0,6,128,56,184
150,263,446,0,6,127,56,183
420,242,446,0,6,148,56,204
200,224,446,0,6,166,56,222
1135,219,450,0,18,125,106,231
520,239,451,0,10,194,18,212
324,237,451,0,10,196,18,214
1370,264,455,0,3,184,7,191
811,250,455,0,3,198,7,205
296,254,455,0,7,136,65,201
1368,237,455,0,7,153,65,218
197,262,459,0,1,191,6,197
1382,229,462,0,10,216,17,233
519,252,462,0,10,193,17,210
1002,253,462,0,10,192,17,209
950,235,463,0,11,198,30,228
567,257,463,0,5,191,15,206
1192,232,463,0,11,201,30,231
446,253,463,0,8,137,73,210
1234,271,467,0,3,182,14,196
471,269,467,0,3,184,14,198
300,266,467,0,3,187,14,201
368,253,470,0,11,192,25,217
971,244,470,0,11,201,25,226
545,243,471,0,13,190,38,228
370,242,471,0,13,191,38,229
1063,234,471,0,13,199,38,237
447,258,474,0,9,190,26,216
574,230,477,0,14,203,44,247
1011,205,477,0,14,228,44,272
903,256,479,0,4,197,26,223
661,270,479,0,4,183,26,209
174,243,481,0,12,202,36,238
396,232,481,0,12,213,36,249
1375,229,484,0,16,204,51,255
894,176,484,0,16,257,51,308
81,227,484,0,16,206,51,257
328,251,485,0,10,197,37,234
264,271,488,0,1,210,7,217
172,298,488,0,1,183,7,190
769,277,488,0,1,204,7,211
843,188,489,0,13,257,44,301
1012,270,489,0,5,183,36,219
792,280,489,0,5,173,36,209
73,281,489,0,5,172,36,208
135,239,489,0,17,194,56,250
1113,276,489,0,5,177,36,213
537,238,489,0,13,207,44,251
1220,271,489,0,5,182,36,218
570,251,489,0,13,194,44,238
1339,236,494,0,18,197,61,258
1354,235,494,0,11,213,46,259
279,238,494,0,18,195,61,256
98,214,495,0,15,231,50,281
144,239,495,0,15,206,50,256
1193,251,496,0,11,227,18,245
682,276,496,0,6,177,43,220
71,253,496,0,11,225,18,243
1006,282,496,0,6,171,43,214
1268,277,496,0,6,176,43,219
623,279,496,0,6,174,43,217
1284,267,496,0,6,186,43,229
1265,267,496,0,6,186,43,229
321,195,499,0,19,238,66,304
1295,237,499,0,19,196,66,262
415,225,499,0,19,208,66,274
703,240,499,0,19,193,66,259
587,216,499,0,19,217,66,283
366,267,499,0,2,214,18,232
402,251,500,0,16,194,55,249
640,235,500,0,16,210,55,265
215,264,502,0,12,184,54,238
129,271,504,0,12,207,26,233
846,244,504,0,12,234,26,260
228,266,504,0,12,212,26,238
1255,269,504,0,12,209,26,235
880,278,505,0,7,175,52,227
1202,268,505,0,7,185,52,237
94,283,508,0,3,198,27,225
450,290,508,0,3,191,27,218
1283,295,508,0,3,186,27,213
800,274,509,0,13,204,31,235
426,250,512,0,17,195,67,262
572,257,513,0,13,191,65,256
1175,282,514,0,9,171,61,232
984,272,516,0,14,206,38,244
326,236,516,0,14,242,38,280
286,257,516,0,14,221,38,259
460,303,518,0,4,178,37,215
36,303,518,0,4,178,37,215
458,248,520,0,18,197,75,272
123,254,520,0,18,191,75,266
388,201,521,0,14,247,73,320
1126,270,521,0,15,208,43,251
603,264,521,0,15,214,43,257
559,244,521,0,14,204,73,277
416,226,526,0,19,219,81,300
923,300,526,0,5,181,45,226
1286,276,526,0,5,205,45,250
381,237,526,0,19,208,81,289
466,247,526,0,19,198,81,279
126,287,526,0,5,194,45,239
1031,260,528,0,15,188,80,268
61,268,529,0,16,210,51,261
641,238,534,0,16,210,86,296
525,260,534,0,16,188,86,274
27,284,538,0,6,197,57,254
310,277,538,0,6,204,57,261
47,296,538,0,6,185,57,242
1278,284,539,0,1,249,6,255
722,260,540,0,17,218,62,280
372,267,540,0,17,211,62,273
1270,263,542,0,17,185,94,279
844,254,542,0,17,194,94,288
1150,242,542,0,17,206,94,300
499,252,542,0,17,196,94,290
534,301,545,0,7,180,64,244
702,285,545,0,7,196,64,260
583,300,545,0,7,181,64,245
1305,265,546,0,10,261,20,281
1232,231,546,0,10,295,20,315
39,321,548,0,2,212,15,227
189,305,548,0,2,228,15,243
716,312,548,0,2,221,15,236
557,268,548,0,2,265,15,280
600,228,551,0,18,220,103,323
209,262,551,0,18,186,103,289
1327,259,551,0,18,189,103,292
634,221,552,0,18,257,74,331
872,269,552,0,18,209,74,283
508,280,552,0,11,246,26,272
851,275,552,0,11,251,26,277
726,270,552,0,11,256,26,282
236,289,556,0,8,192,75,267
168,278,558,0,12,248,32,280
1034,260,558,0,12,266,32,298
97,281,558,0,12,245,32,277
712,282,558,0,12,244,32,276
1364,302,560,0,5,231,27,258
532,307,560,0,5,226,27,253
566,310,560,0,5,223,27,250
874,266,563,0,19,212,85,297
395,273,563,0,19,205,85,290
7,262,563,0,19,216,85,301
748,299,563,0,9,182,82,264
102,319,567,0,6,214,34,248
1049,312,567,0,6,221,34,255
1048,318,567,0,6,215,34,249
810,279,567,0,13,247,41,288
284,290,567,0,6,243,34,277
1309,277,574,0,14,249,48,297
675,257,574,0,14,269,48,317
1187,259,575,0,11,296,20,316
1071,272,575,0,11,283,20,303
11,316,577,0,7,217,44,261
335,310,577,0,7,223,44,267
1200,296,577,0,7,237,44,281
1342,287,582,0,12,268,27,295
400,317,582,0,8,216,49,265
291,282,582,0,12,273,27,300
1094,291,582,0,12,264,27,291
485,317,582,0,8,216,49,265
978,319,582,0,8,214,49,263
694,303,582,0,8,230,49,279
728,274,584,0,15,252,58,310
233,281,584,0,15,245,58,303
158,327,588,0,1,252,9,261
1347,267,592,0,16,259,66,325
60,276,592,0,16,250,66,316
108,309,592,0,9,224,59,283
762,293,593,0,13,262,38,300
645,285,593,0,13,270,38,308
1357,334,597,0,2,245,18,263
1065,270,597,0,10,308,19,327
66,333,597,0,2,246,18,264
685,315,597,0,2,264,18,282
1129,302,597,0,10,276,19,295
1377,299,597,0,10,279,19,298
1052,239,601,0,15,316,46,362
1115,317,603,0,3,277,9,286
720,269,603,0,18,257,77,334
278,280,603,0,18,246,77,323
1090,284,606,0,16,271,51,322
926,288,606,0,16,267,51,318
524,289,606,0,16,266,51,317
1350,283,606,0,16,272,51,323
1017,277,606,0,16,278,51,329
1312,285,606,0,12,293,28,321
768,323,608,0,3,256,29,285
672,282,610,0,19,244,84,328
721,247,610,0,19,279,84,363
613,281,612,0,18,274,57,331
0,290,612,0,18,265,57,322
913,266,612,0,18,289,57,346
633,291,612,0,18,264,57,321
55,279,612,0,18,276,57,333
970,318,613,0,9,276,19,295
134,310,613,0,9,284,19,303
1207,293,617,0,13,285,39,324
332,303,617,0,13,275,39,314
543,280,617,0,13,298,39,337
504,339,619,0,1,271,9,280
1287,327,619,0,5,252,40,292
686,349,619,0,1,261,9,270
1069,334,619,0,5,245,40,285
776,330,619,0,5,249,40,289
391,275,622,0,19,280,67,347
1335,283,622,0,19,272,67,339
32,311,624,0,11,283,30,313
1259,291,624,0,11,303,30,333
461,299,624,0,11,295,30,325
1140,329,626,0,6,250,47,297
403,301,626,0,14,277,48,325
842,322,626,0,6,257,47,304
1041,288,626,0,14,290,48,338
541,332,626,0,6,247,47,294
996,300,626,0,14,278,48,326
953,317,626,0,6,262,47,309
939,336,626,0,6,243,47,290
714,338,627,0,2,272,17,289
243,309,631,0,12,285,37,322
861,303,631,0,12,291,37,328
1367,326,634,0,7,253,55,308
1361,347,634,0,3,263,24,287
92,345,634,0,3,265,24,289
93,327,634,0,3,283,24,307
49,342,634,0,3,268,24,292
1143,303,636,0,15,275,58,333
1096,276,636,0,15,302,58,360
699,295,640,0,13,299,46,345
88,348,644,0,4,262,34,296
477,350,644,0,4,260,34,294
1148,348,644,0,4,262,34,296
1149,337,644,0,4,273,34,307
195,297,646,0,16,281,68,349
142,321,646,0,8,258,67,325
621,310,646,0,8,269,67,336
363,252,646,0,16,326,68,394
417,316,646,0,8,263,67,330
425,284,651,0,17,294,73,367
1362,322,651,0,5,288,41,329
184,346,651,0,5,264,41,305
597,347,651,0,5,263,41,304
867,296,651,0,17,282,73,355
674,296,651,0,14,298,57,355
502,294,651,0,17,284,73,357
253,323,652,0,10,313,16,329
1380,317,652,0,10,319,16,335
131,336,656,0,9,243,77,320
449,304,656,0,9,275,77,352
109,325,656,0,9,254,77,331
1101,331,657,0,6,279,47,326
252,263,658,0,15,331,64,395
175,312,658,0,15,282,64,346
72,327,659,0,11,309,23,332
859,308,659,0,11,328,23,351
683,282,660,0,18,296,82,378
385,290,660,0,18,288,82,370
266,324,664,0,7,286,54,340
848,346,664,0,7,264,54,318
365,309,665,0,16,285,71,356
1169,283,665,0,16,311,71,382
710,305,670,0,17,289,76,365
436,307,670,0,17,287,76,363
136,279,670,0,17,315,76,391
259,302,670,0,17,292,76,368
130,312,671,0,12,324,35,359
921,298,671,0,12,338,35,373
1186,284,671,0,12,352,35,387
836,309,672,0,10,343,20,363
473,295,672,0,19,283,94,377
313,340,673,0,8,270,63,333
386,275,677,0,14,361,41,402
232,306,677,0,14,330,41,371
997,329,677,0,14,307,41,348
1314,330,677,0,14,306,41,347
38,294,677,0,14,342,41,383
244,305,679,0,11,347,27,374
1004,320,679,0,11,332,27,359
1178,306,682,0,18,288,88,376
1074,333,683,0,9,277,73,350
931,341,683,0,9,269,73,342
18,355,685,0,3,318,12,330
1117,355,685,0,3,318,12,330
146,325,686,0,15,311,50,361
530,324,687,0,12,328,35,363
744,296,687,0,12,356,35,391
1241,335,687,0,12,317,35,352
689,342,690,0,4,331,17,348
478,340,690,0,4,333,17,350
491,360,690,0,4,313,17,330
1022,347,690,0,4,326,17,343
582,288,694,0,19,306,100,406
181,344,696,0,5,329,23,352
632,323,696,0,5,350,23,373
793,360,696,0,5,313,23,336
331,327,697,0,13,325,45,370
1285,338,697,0,13,314,45,359
1054,328,698,0,16,308,62,370
670,326,698,0,16,310,62,372
807,302,698,0,16,334,62,396
1111,319,698,0,16,317,62,379
387,328,703,0,14,324,51,375
138,336,703,0,14,316,51,367
952,358,704,0,6,315,31,346
1128,321,709,0,17,315,73,388
605,338,709,0,15,314,57,371
274,309,709,0,17,327,73,400
1106,360,711,0,7,313,38,351
1156,372,711,0,1,331,8,339
866,367,711,0,7,306,38,344
1184,357,711,0,1,346,8,354
103,356,714,0,6,344,14,358
901,329,717,0,16,323,65,388
182,340,717,0,16,312,65,377
668,315,717,0,16,337,65,402
1091,341,717,0,16,311,65,376
433,357,718,0,8,316,45,361
207,358,718,0,8,315,45,360
185,375,718,0,2,328,15,343
490,364,718,0,8,309,45,354
1358,369,718,0,2,334,15,349
431,368,718,0,2,335,15,350
1103,348,718,0,8,325,45,370
558,374,718,0,2,329,15,344
1325,328,721,0,18,308,85,393
1242,281,722,0,17,371,70,441
322,307,723,0,10,393,23,416
1116,382,723,0,3,321,20,341
248,327,723,0,10,373,23,396
148,387,723,0,3,316,20,336
377,377,723,0,3,326,20,346
469,377,723,0,3,326,20,346
1203,361,729,0,9,312,56,368
756,354,729,0,9,319,56,375
133,356,729,0,9,317,56,373
231,362,729,0,9,311,56,367
1134,339,730,0,18,313,78,391
285,385,732,0,6,318,29,347
290,346,734,0,12,354,34,388
317,335,736,0,19,317,84,401
1296,334,736,0,19,318,84,402
464,331,736,0,19,321,84,405
835,360,737,0,10,360,17,377
26,360,741,0,7,343,38,381
892,361,741,0,7,342,38,380
86,380,741,0,7,323,38,361
2,373,741,0,7,330,38,368
1205,385,741,0,7,318,38,356
101,353,743,0,11,367,23,390
113,349,746,0,13,351,46,397
565,371,750,0,8,332,47,379
763,371,750,0,8,332,47,379
171,396,751,0,1,347,8,355
486,378,751,0,1,365,8,373
281,396,751,0,1,347,8,355
1291,359,754,0,12,361,34,395
778,300,754,0,12,420,34,454
885,337,754,0,12,383,34,417
560,381,757,0,9,322,54,376
1145,330,757,0,15,370,57,427
246,364,757,0,9,339,54,393
298,366,760,0,10,380,14,394
521,369,760,0,10,377,14,391
1275,366,760,0,10,380,14,394
1104,388,761,0,2,355,18,373
1359,392,761,0,2,351,18,369
224,363,762,0,14,357,42,399
973,356,762,0,14,364,42,406
1164,345,762,0,14,375,42,417
1348,354,763,0,16,346,63,409
82,339,763,0,16,361,63,424
443,341,768,0,15,379,48,427
364,360,768,0,15,360,48,408
1346,394,769,0,3,349,26,375
930,338,769,0,17,362,69,431
796,346,769,0,17,354,69,423
526,392,769,0,2,369,8,377
152,334,769,0,17,366,69,435
803,380,769,0,3,363,26,389
639,354,769,0,17,346,69,415
398,391,769,0,3,352,26,378
1260,311,771,0,11,435,25,460
187,362,774,0,16,358,54,412
516,361,774,0,16,359,54,413
677,325,774,0,16,395,54,449
1338,290,775,0,18,410,75,485
57,342,775,0,18,358,75,433
127,352,775,0,18,348,75,423
44,342,775,0,18,358,75,433
1078,347,775,0,18,353,75,428
758,335,775,0,18,365,75,440
1236,375,776,0,12,371,30,401
1273,376,776,0,12,370,30,400
334,361,776,0,12,385,30,415
492,371,779,0,4,372,36,408
45,372,779,0,4,371,36,407
1023,393,779,0,4,350,36,386
316,319,781,0,19,381,81,462
353,350,781,0,19,350,81,431
1253,335,784,0,13,411,38,449
1081,379,784,0,13,367,38,405
536,356,784,0,13,390,38,428
1243,359,786,0,17,361,66,427
68,422,786,0,1,352,12,364
1298,369,786,0,5,374,43,417
1281,420,786,0,1,354,12,366
1047,404,786,0,1,370,12,382
773,405,786,0,1,369,12,381
1280,386,790,0,10,375,29,404
876,356,790,0,10,405,29,434
782,396,791,0,6,347,48,395
1225,386,791,0,6,357,48,405
739,382,791,0,6,361,48,409
975,390,791,0,6,353,48,401
294,413,792,0,2,361,18,379
914,350,793,0,18,370,73,443
757,333,793,0,18,387,73,460
1079,355,793,0,18,365,73,438
405,357,793,0,18,363,73,436
1142,379,794,0,15,367,48,415
156,359,794,0,15,387,48,435
145,365,794,0,15,381,48,429
69,393,797,0,11,368,36,404
766,375,797,0,11,386,36,422
1228,381,797,0,11,380,36,416
879,375,797,0,7,368,54,422
3,388,797,0,7,355,54,409
107,347,799,0,19,373,79,452
707,365,799,0,19,355,79,434
301,411,802,0,3,363,28,391
143,390,802,0,8,353,59,412
118,392,802,0,8,351,59,410
855,342,802,0,16,404,56,460
678,370,802,0,16,376,56,432
330,328,806,0,12,433,45,478
95,388,806,0,12,373,45,418
845,389,806,0,12,372,45,417
459,418,808,0,4,356,34,390
514,421,808,0,4,353,34,387
1371,401,808,0,4,373,34,407
1084,402,808,0,4,372,34,406
656,377,809,0,17,369,63,432
212,359,812,0,13,402,51,453
406,360,814,0,18,386,68,454
732,348,814,0,18,398,68,466
1144,366,818,0,15,395,57,452
717,377,818,0,15,384,57,441
1294,383,818,0,15,378,57,435
611,362,818,0,15,399,57,456
1028,408,819,0,6,366,45,411
622,413,819,0,6,361,45,406
1264,400,819,0,6,374,45,419
681,403,819,0,6,371,45,416
1160,404,822,0,10,403,15,418
1376,379,822,0,10,428,15,443
1215,401,822,0,10,406,15,421
588,354,823,0,19,392,77,469
319,381,823,0,19,365,77,442
1057,410,825,0,1,406,9,415
1277,431,825,0,1,385,9,394
454,432,825,0,1,384,9,393
480,423,825,0,1,393,9,402
1039,427,825,0,1,389,9,398
1109,426,825,0,1,390,9,399
1018,418,826,0,7,356,52,408
24,409,826,0,7,365,52,417
517,384,828,0,16,377,67,444
401,346,828,0,16,415,67,482
979,412,832,0,8,362,58,420
312,373,832,0,8,401,58,459
367,398,832,0,8,376,58,434
684,402,834,0,11,405,27,432
451,411,834,0,3,414,9,423
119,339,834,0,11,468,27,495
1360,439,835,0,2,377,19,396
935,421,835,0,2,395,19,414
452,435,835,0,2,381,19,400
440,413,835,0,2,403,19,422
958,391,835,0,17,370,74,444
936,424,835,0,2,392,19,411
453,437,835,0,2,379,19,398
708,390,838,0,9,384,64,448
711,366,845,0,12,441,38,479
17,387,845,0,19,374,84,458
320,370,845,0,19,391,84,475
1288,399,845,0,12,408,38,446
390,385,845,0,19,376,84,460
1238,396,845,0,12,411,38,449
1345,438,847,0,3,378,31,409
1332,358,854,0,14,449,47,496
223,396,854,0,14,411,47,458
169,352,854,0,12,473,29,502
522,393,854,0,14,414,47,461
327,384,854,0,14,423,47,470
999,398,854,0,14,409,47,456
786,422,854,0,4,394,38,432
289,421,854,0,12,404,29,433
966,436,860,0,5,380,44,424
1330,402,862,0,14,423,37,460
830,401,862,0,14,424,37,461
1303,446,862,0,1,411,5,416
176,392,862,0,15,415,55,470
1217,406,862,0,14,419,37,456
1019,471,862,0,1,386,5,391
775,422,863,0,10,426,15,441
1155,393,863,0,10,455,15,470
429,422,867,0,6,394,51,445
531,406,867,0,6,410,51,461
929,401,869,0,17,406,62,468
500,403,869,0,17,404,62,466
439,463,872,0,2,394,15,409
340,440,872,0,2,417,15,432
881,464,872,0,2,393,15,408
1118,418,872,0,15,407,47,454
1095,382,872,0,15,443,47,490
423,444,872,0,2,413,15,428
116,469,872,0,2,388,15,403
437,408,873,0,7,408,57,465
120,428,874,0,11,420,26,446
871,394,879,0,18,413,72,485
33,371,879,0,18,436,72,508
309,419,881,0,8,397,65,462
496,433,881,0,8,383,65,448
662,421,881,0,16,404,56,460
808,386,881,0,16,439,56,495
679,407,881,0,16,418,56,474
552,411,881,0,16,414,56,470
747,429,882,0,12,419,34,453
816,411,882,0,12,437,34,471
164,466,882,0,3,391,25,416
465,388,888,0,19,419,81,500
704,386,888,0,19,421,81,502
555,396,890,0,18,429,65,494
655,453,890,0,10,418,19,437
869,423,890,0,18,402,65,467
911,417,890,0,18,408,65,473
170,404,890,0,10,467,19,486
734,392,890,0,18,433,65,498
58,367,890,0,18,458,65,523
980,428,891,0,13,420,43,463
642,420,891,0,13,428,43,471
788,469,892,0,4,388,35,423
354,441,892,0,4,416,35,451
1251,457,892,0,4,400,35,435
1075,455,892,0,4,402,35,437
833,414,895,0,19,411,70,481
823,398,895,0,19,427,70,497
1336,403,895,0,19,422,70,492
1191,396,900,0,11,475,29,504
1040,424,901,0,14,424,53,477
840,436,901,0,14,412,53,465
513,360,901,0,14,488,53,541
1204,437,901,0,5,420,44,464
774,464,904,0,1,431,9,440
1185,487,904,0,1,408,9,417
977,470,906,0,6,387,49,436
1100,427,906,0,6,430,49,479
1341,448,908,0,12,423,37,460
569,433,908,0,12,438,37,475
604,444,913,0,15,404,65,469
1122,483,913,0,2,412,18,430
1152,425,913,0,15,423,65,488
912,385,913,0,15,463,65,528
1198,398,913,0,15,450,65,515
65,462,914,0,8,395,57,452
1333,460,914,0,8,397,57,454
752,461,916,0,13,410,45,455
1062,424,916,0,13,447,45,492
369,412,916,0,13,459,45,504
902,431,918,0,16,417,70,487
1046,451,919,0,9,406,62,468
1058,436,919,0,9,421,62,483
445,446,919,0,9,411,62,473
1271,439,923,0,17,409,75,484
487,467,923,0,3,428,28,456
382,473,923,0,3,422,28,450
1369,486,923,0,3,409,28,437
393,472,923,0,3,423,28,451
812,471,923,0,3,424,28,452
1374,407,928,0,18,441,80,521
52,432,928,0,18,416,80,496
550,459,928,0,14,412,57,469
1326,402,928,0,18,446,80,526
1089,445,931,0,6,474,12,486
89,478,933,0,4,417,38,455
614,492,933,0,1,433,8,441
1055,428,935,0,16,443,64,507
62,430,935,0,16,441,64,505
809,455,935,0,16,416,64,480
1349,421,935,0,16,450,64,514
25,462,940,0,7,457,21,478
1302,414,940,0,19,434,92,526
1015,480,943,0,2,445,18,463
16,461,943,0,5,434,48,482
1197,438,943,0,5,457,48,505
730,482,943,0,2,443,18,461
210,446,943,0,5,449,48,497
125,464,943,0,5,431,48,479
348,469,943,0,5,426,48,474
709,454,946,0,17,417,75,492
951,466,947,0,10,453,28,481
1223,494,947,0,1,443,10,453
564,476,947,0,10,443,28,471
1258,495,947,0,1,442,10,452
988,452,950,0,6,443,55,498
194,440,951,0,5,485,26,511
777,492,951,0,5,433,26,459
733,460,952,0,18,411,81,492
802,449,952,0,18,422,81,503
59,377,952,0,18,494,81,575
1315,444,952,0,18,427,81,508
53,452,952,0,18,419,81,500
994,453,953,0,11,466,34,500
339,519,953,0,2,418,16,434
424,506,953,0,2,431,16,447
1010,472,953,0,2,465,16,481
1005,472,953,0,11,447,34,481
767,468,953,0,11,451,34,485
245,388,953,0,11,531,34,565
727,423,953,0,11,496,34,530
1001,507,953,0,2,430,16,446
864,454,953,0,11,465,34,499
42,459,957,0,7,436,62,498
865,481,957,0,7,414,62,476
955,479,957,0,7,416,62,478
589,447,961,0,19,424,90,514
288,474,964,0,12,445,45,490
1293,500,964,0,3,437,27,464
418,493,964,0,8,432,39,471
1036,459,964,0,12,460,45,505
359,484,964,0,3,453,27,480
746,428,964,0,12,491,45,536
887,474,969,0,8,421,74,495
235,442,969,0,8,453,74,527
751,448,969,0,13,471,50,521
140,515,970,0,5,422,33,455
280,497,970,0,5,440,33,473
375,437,974,0,14,482,55,537
961,471,974,0,14,448,55,503
1307,456,974,0,10,469,49,518
692,408,974,0,14,511,55,566
1121,471,980,0,11,454,55,509
498,426,980,0,11,499,55,554
1029,515,981,0,6,422,44,466
428,499,981,0,6,438,44,482
149,517,981,0,6,420,44,464
1378,478,981,0,6,459,44,503
456,487,981,0,1,483,11,494
444,470,985,0,15,449,66,515
713,517,988,0,8,420,51,471
434,492,988,0,8,445,51,496
1151,501,988,0,8,436,51,487
696,499,988,0,8,438,51,489
698,476,992,0,13,449,67,516
1274,460,995,0,10,510,25,535
347,533,995,0,1,455,7,462
1257,530,995,0,1,458,7,465
344,518,996,0,1,467,11,478
995,464,997,0,14,461,72,533
719,470,999,0,18,449,80,529
755,503,1000,0,9,434,63,497
132,493,1000,0,9,444,63,507
315,478,1004,0,19,441,85,526
1267,513,1004,0,12,457,34,491
784,500,1004,0,12,470,34,504
745,417,1004,0,12,553,34,587
242,498,1004,0,12,472,34,506
896,473,1005,0,16,452,80,532
933,537,1007,0,2,451,19,470
946,528,1007,0,2,457,22,479
1136,502,1010,0,13,468,40,508
1252,511,1010,0,13,459,40,499
303,496,1010,0,13,474,40,514
258,488,1011,0,17,437,86,523
373,482,1011,0,17,443,86,529
100,535,1013,0,3,453,25,478
695,500,1013,0,3,488,25,513
612,488,1017,0,18,437,92,529
666,449,1017,0,18,476,92,568
512,501,1017,0,14,469,47,516
904,401,1017,0,18,524,92,616
870,468,1017,0,18,457,92,549
1163,495,1017,0,14,475,47,522
54,489,1017,0,18,436,92,528
1308,447,1017,0,14,523,47,570
1334,480,1024,0,16,490,54,544
1045,496,1024,0,4,492,36,528
1133,532,1024,0,4,456,36,492
1366,494,1024,0,16,476,54,530
1112,498,1024,0,16,472,54,526
63,508,1024,0,16,462,54,516
5,523,1024,0,4,465,36,501
890,474,1024,0,4,514,36,550
358,486,1025,0,19,439,100,539
568,565,1026,0,1,453,8,461
503,521,1026,0,1,497,8,505
409,542,1026,0,1,476,8,484
345,556,1026,0,1,462,8,470
877,522,1030,0,10,463,45,508
1266,531,1030,0,10,454,45,499
1328,496,1035,0,17,474,65,539
1114,521,1035,0,5,467,47,514
1300,504,1035,0,5,484,47,531
723,470,1035,0,17,500,65,565
308,550,1036,0,1,480,6,486
117,557,1038,0,2,461,20,481
819,555,1038,0,2,463,20,483
263,504,1041,0,18,466,71,537
920,528,1042,0,12,457,57,514
821,525,1042,0,12,460,57,517
217,524,1042,0,12,461,57,518
629,524,1047,0,3,506,17,523
255,527,1048,0,7,461,60,521
343,517,1048,0,7,471,60,531
87,492,1048,0,7,496,60,556
893,515,1048,0,7,473,60,533
794,489,1048,0,19,481,78,559
12,525,1048,0,7,463,60,523
56,519,1048,0,7,469,60,529
122,533,1049,0,3,485,31,516
99,525,1049,0,3,493,31,524
646,498,1052,0,13,487,67,554
29,528,1057,0,8,460,69,529
83,537,1060,0,10,493,30,523
882,566,1060,0,1,483,11,494
947,529,1060,0,4,489,42,531
1043,482,1060,0,14,503,75,578
1162,532,1060,0,10,498,30,528
1231,540,1066,0,11,490,36,526
667,467,1066,0,16,518,81,599
620,539,1068,0,9,449,80,529
969,538,1068,0,9,450,80,530
957,529,1071,0,17,456,86,542
928,431,1071,0,17,554,86,640
631,516,1072,0,5,502,54,556
1363,561,1072,0,5,457,54,511
1032,575,1073,0,3,474,24,498
841,570,1073,0,3,479,24,503
360,550,1073,0,3,499,24,523
110,543,1077,0,12,487,47,534
529,502,1077,0,12,528,47,575
1037,548,1077,0,12,482,47,529
307,585,1078,0,1,488,5,493
974,565,1082,0,6,453,64,517
511,511,1083,0,18,474,98,572
602,521,1083,0,18,464,98,562
1021,500,1083,0,18,485,98,583
601,501,1083,0,18,484,98,582
430,583,1085,0,2,490,12,502
1059,548,1089,0,9,501,40,541
960,534,1089,0,14,496,59,555
693,453,1089,0,14,577,59,636
1138,495,1091,0,7,523,73,596
535,540,1091,0,7,478,73,551
1064,529,1092,0,19,456,107,563
336,520,1092,0,19,465,107,572
106,496,1092,0,19,489,107,596
1301,516,1092,0,19,469,107,576
1105,589,1096,0,2,496,11,507
834,512,1100,0,10,537,51,588
192,563,1100,0,10,486,51,537
323,573,1100,0,10,476,51,527
729,551,1101,0,15,479,71,550
989,566,1103,0,8,452,85,537
607,549,1103,0,8,469,85,554
407,559,1103,0,8,459,85,544
1306,584,1106,0,10,489,33,522
542,573,1106,0,10,500,33,533
1161,566,1106,0,10,507,33,540
121,531,1107,0,3,553,23,576
362,528,1107,0,16,502,77,579
1033,592,1107,0,3,494,21,515
1170,497,1107,0,16,533,77,610
806,558,1107,0,16,472,77,549
627,533,1111,0,11,516,62,578
1373,545,1111,0,9,473,93,566
932,507,1111,0,9,511,93,604
814,550,1111,0,9,468,93,561
628,585,1114,0,11,488,41,529
789,592,1114,0,4,492,30,522
218,585,1114,0,4,499,30,529
787,578,1114,0,4,506,30,536
250,535,1116,0,17,495,86,581
959,538,1116,0,17,492,86,578
292,575,1121,0,12,498,48,546
1181,592,1121,0,12,481,48,529
329,548,1121,0,12,525,48,573
90,519,1121,0,18,511,91,602
162,584,1123,0,6,500,39,539
442,596,1123,0,6,488,39,527
201,590,1123,0,6,494,39,533
1323,597,1123,0,6,487,39,526
173,556,1123,0,12,493,74,567
938,572,1123,0,6,513,38,551
1221,557,1126,0,19,473,96,569
282,555,1126,0,19,475,96,571
1177,556,1126,0,19,474,96,570
241,582,1132,0,13,491,59,550
797,536,1134,0,13,513,85,598
23,588,1135,0,7,496,51,547
650,597,1135,0,11,520,18,538
114,571,1135,0,7,513,51,564
688,589,1138,0,14,484,65,549
1331,580,1138,0,14,493,65,558
1180,581,1141,0,12,539,21,560
14,525,1146,0,14,524,97,621
1141,541,1147,0,8,543,63,606
392,570,1148,0,13,548,30,578
355,574,1148,0,13,543,31,574
750,499,1148,0,15,574,75,649
1108,520,1154,0,14,597,37,634
404,594,1154,0,14,523,37,560
590,582,1156,0,9,502,72,574
448,583,1156,0,9,502,71,573
749,562,1158,0,15,487,109,596
79,570,1158,0,15,479,109,588
35,534,1159,0,16,539,86,625
268,556,1159,0,16,517,86,603
206,573,1164,0,16,476,115,591
860,551,1165,0,16,566,48,614
1372,593,1166,0,18,480,93,573
1229,570,1166,0,18,503,93,596
824,587,1172,0,19,486,99,585
945,594,1172,0,19,479,99,578
380,563,1172,0,19,510,99,609
159,572,1173,0,18,477,124,601
910,558,1173,0,18,491,124,615
1226,597,1175,0,17,521,57,578
927,560,1175,0,17,559,56,615
1222,488,1184,0,19,561,135,696
1176,567,1184,0,19,482,135,617
273,539,1184,0,19,510,135,645
1316,537,1187,0,18,581,69,650
40,585,1199,0,19,532,82,614
421,565,1199,0,19,552,82,634
104,596,1199,0,19,523,80,603
357,586,1199,0,19,532,81,613
