763,12,33,1,0,4,17,21
826,15,54,7,0,13,26,39
120,29,54,6,0,7,18,25
742,17,54,7,0,11,26,37
560,15,54,7,0,14,25,39
1073,18,54,7,0,12,24,36
1135,7,58,14,0,16,35,51
362,32,76,2,0,8,36,44
298,54,76,1,0,7,15,22
434,75,91,2,0,5,11,16
1283,61,91,3,0,6,24,30
807,65,91,2,0,14,12,26
296,52,109,5,0,29,28,57
1217,44,109,5,0,36,29,65
579,15,109,9,0,26,68,94
662,59,109,8,0,1,49,50
985,86,109,3,0,10,13,23
553,37,109,8,0,21,51,72
478,32,112,16,0,6,74,80
435,65,112,7,0,1,46,47
19,48,112,7,0,16,48,64
540,38,112,15,0,9,65,74
468,36,112,7,0,27,49,76
877,78,112,6,0,3,31,34
365,67,116,9,0,29,20,49
1201,71,117,19,0,16,30,46
1374,77,117,13,0,21,19,40
629,70,117,13,0,27,20,47
1050,57,117,19,0,29,31,60
51,79,117,19,0,7,31,38
1039,80,117,13,0,17,20,37
680,42,125,17,0,1,82,83
1094,72,125,10,0,12,41,53
495,62,125,11,0,9,54,63
281,37,125,17,0,4,84,88
787,26,125,18,0,8,91,99
203,64,125,10,0,19,42,61
1106,16,125,18,0,17,92,109
1091,65,125,15,0,1,59,60
138,134,198,4,0,4,60,64
942,118,198,9,0,11,69,80
67,147,198,1,0,31,20,51
976,166,198,2,0,1,31,32
1045,150,198,2,0,7,41,48
41,179,203,2,0,7,17,24
339,156,203,15,0,7,40,47
1300,160,203,15,0,4,39,43
1040,131,210,13,0,23,56,79
153,97,210,14,0,40,73,113
1125,116,210,14,0,22,72,94
55,120,210,14,0,17,73,90
1267,120,222,12,0,41,61,102
556,188,222,9,0,7,27,34
913,178,222,9,0,16,28,44
112,170,222,7,0,34,18,52
643,180,222,7,0,25,17,42
288,212,222,5,0,1,9,10
860,208,222,5,0,4,10,14
874,128,222,18,0,21,73,94
1333,148,222,12,0,14,60,74
10,157,222,12,0,4,61,65
1161,159,222,11,0,13,50,63
855,208,236,2,0,6,22,28
321,163,236,5,0,18,55,73
798,135,236,6,0,28,73,101
523,156,236,5,0,24,56,80
1057,151,236,7,0,1,84,85
253,136,236,7,0,8,92,100
536,204,236,4,0,1,31,32
60,171,236,5,0,9,56,65
580,155,236,6,0,9,72,81
595,183,236,4,0,9,44,53
717,181,236,5,0,1,54,55
911,215,244,9,0,9,20,29
61,106,258,17,0,27,125,152
1035,201,258,8,0,8,49,57
635,171,258,12,0,1,86,87
1130,230,258,5,0,1,27,28
1271,233,258,2,0,6,19,25
901,215,258,8,0,1,42,43
1031,130,258,15,0,12,116,128
1034,138,258,10,0,43,77,120
1360,210,258,7,0,9,39,48
526,239,258,2,0,1,18,19
803,242,276,6,0,14,20,34
675,239,285,5,0,8,38,46
971,246,285,5,0,2,37,39
271,250,285,4,0,7,28,35
1088,255,285,2,0,13,17,30
14,264,285,2,0,5,16,21
1118,191,304,12,0,59,54,113
531,233,304,11,0,29,42,71
173,244,304,13,0,1,59,60
1187,193,304,11,0,69,42,111
1000,278,304,10,0,5,21,26
258,280,304,10,0,5,19,24
1355,164,304,16,0,63,77,140
724,248,304,12,0,2,54,56
1160,221,304,11,0,42,41,83
933,207,304,13,0,27,70,97
678,163,304,16,0,63,78,141
967,230,304,11,0,34,40,74
1081,262,304,10,0,22,20,42
811,202,304,16,0,26,76,102
1277,218,304,12,0,33,53,86
1310,229,304,11,0,33,42,75
1077,232,304,10,0,51,21,72
1296,185,304,16,0,41,78,119
198,211,304,16,0,15,78,93
80,288,304,10,0,1,15,16
736,188,312,18,0,56,68,124
503,294,312,1,0,1,17,18
1170,299,312,8,0,1,12,13
1205,232,312,18,0,13,67,80
552,282,312,8,0,17,13,30
746,259,312,17,0,1,52,53
836,214,312,18,0,29,69,98
190,247,312,15,0,18,47,65
31,260,312,17,0,1,51,52
1304,201,312,17,0,54,57,111
46,253,312,15,0,13,46,59
213,307,312,1,0,1,4,5
875,181,312,18,0,62,69,131
761,288,312,1,0,4,20,24
1302,265,312,15,0,2,45,47
934,277,312,13,0,1,34,35
1149,266,312,8,0,32,14,46
630,254,312,13,0,17,41,58
681,274,322,9,0,18,30,48
721,278,322,9,0,15,29,44
500,304,322,8,0,1,17,18
996,284,326,6,0,10,32,42
988,265,326,6,0,28,33,61
68,258,326,7,0,14,54,68
37,289,326,6,0,4,33,37
357,297,326,6,0,1,28,29
802,290,326,6,0,5,31,36
1070,309,326,3,0,4,13,17
710,324,335,2,0,4,7,11
658,336,350,1,0,4,10,14
1264,367,387,2,0,4,16,20
249,371,391,1,0,8,12,20
1377,360,391,4,0,3,28,31
255,347,391,5,0,7,37,44
418,379,418,3,0,19,20,39
792,393,418,1,0,12,13,25
130,322,432,11,0,29,81,110
510,296,432,12,0,33,103,136
474,222,432,19,0,41,169,210
369,276,432,16,0,15,141,156
1097,380,432,7,0,30,22,52
697,291,432,14,0,16,125,141
590,320,432,11,0,30,82,112
581,331,432,11,0,19,82,101
1098,363,432,10,0,1,68,69
974,313,432,7,0,97,22,119
1307,282,432,17,0,3,147,150
63,325,432,8,0,69,38,107
28,336,432,9,0,38,58,96
1317,309,432,13,0,9,114,123
1373,296,432,15,0,3,133,136
1196,241,432,19,0,21,170,191
1195,259,432,19,0,5,168,173
52,213,432,19,0,49,170,219
303,333,432,7,0,78,21,99
1018,420,432,7,0,1,11,12
1082,411,440,2,0,20,9,29
631,397,440,15,0,4,39,43
211,404,440,2,0,26,10,36
151,405,440,15,0,1,34,35
107,411,440,2,0,19,10,29
1326,420,447,9,0,2,25,27
171,356,447,19,0,4,87,91
1155,377,447,12,0,25,45,70
315,431,447,6,0,5,11,16
149,404,447,11,0,9,34,43
440,375,447,6,0,60,12,72
164,322,447,14,0,63,62,125
7,380,447,17,0,1,66,67
1328,410,447,9,0,12,25,37
720,351,447,12,0,50,46,96
444,359,447,19,0,2,86,88
593,390,447,13,0,3,54,57
1345,430,447,9,0,1,16,17
188,411,447,9,0,12,24,36
759,328,447,13,0,65,54,119
428,373,447,13,0,21,53,74
880,361,447,17,0,10,76,86
56,326,447,14,0,60,61,121
565,358,447,14,0,27,62,89
682,424,447,9,0,1,22,23
457,290,451,18,0,44,117,161
888,303,451,16,0,53,95,148
1341,303,451,19,0,25,123,148
1168,321,451,19,0,6,124,130
443,287,451,19,0,40,124,164
834,340,451,18,0,1,110,111
4,344,451,15,0,33,74,107
247,343,451,16,0,14,94,108
254,306,451,17,0,37,108,145
857,311,451,15,0,65,75,140
744,357,451,15,0,19,75,94
102,345,451,16,0,11,95,106
476,334,451,18,0,1,116,117
134,436,463,9,0,1,26,27
799,444,463,2,0,5,14,19
1285,412,484,4,0,37,35,72
777,462,484,2,0,1,21,22
1275,373,484,4,0,74,37,111
829,384,484,4,0,64,36,100
1147,431,484,3,0,22,31,53
1258,462,484,1,0,6,16,22
216,404,484,4,0,43,37,80
333,455,494,4,0,25,14,39
189,481,494,4,0,1,12,13
522,405,494,5,0,69,20,89
284,468,494,3,0,19,7,26
518,466,494,5,0,9,19,28
506,464,494,4,0,17,13,30
472,451,509,14,0,18,40,58
1266,490,509,12,0,1,18,19
494,437,509,11,0,57,15,72
1220,416,509,17,0,39,54,93
917,447,509,12,0,41,21,62
886,430,509,16,0,31,48,79
470,411,509,14,0,56,42,98
972,450,509,11,0,45,14,59
273,491,509,12,0,1,17,18
429,432,509,13,0,45,32,77
1058,444,509,14,0,23,42,65
809,415,509,16,0,46,48,94
685,460,509,16,0,3,46,49
764,425,509,16,0,37,47,84
1021,419,509,17,0,37,53,90
332,432,509,17,0,23,54,77
651,437,509,12,0,50,22,72
280,486,509,12,0,1,22,23
1163,411,509,14,0,57,41,98
1245,478,509,11,0,16,15,31
1076,437,537,10,0,36,64,100
204,444,537,10,0,28,65,93
250,515,537,1,0,8,14,22
738,468,537,10,0,6,63,69
1107,525,537,1,0,1,11,12
422,435,537,10,0,37,65,102
862,498,537,2,0,5,34,39
1272,502,537,2,0,2,33,35
452,515,537,1,0,7,15,22
1268,505,537,1,0,17,15,32
624,537,557,1,0,8,12,20
757,515,564,13,0,2,47,49
505,407,564,19,0,66,91,157
1324,509,564,14,0,1,54,55
9,548,564,10,0,1,15,16
947,465,564,19,0,9,90,99
865,473,564,19,0,2,89,91
993,535,566,1,0,10,21,31
1362,502,566,7,0,11,53,64
1,539,566,5,0,1,26,27
997,517,566,6,0,4,45,49
289,529,566,5,0,2,35,37
788,511,566,7,0,2,53,55
1319,549,566,1,0,1,16,17
287,509,566,7,0,5,52,57
86,523,566,5,0,7,36,43
381,506,576,12,0,5,65,70
96,486,576,9,0,49,41,90
232,461,576,18,0,17,98,115
899,456,576,8,0,91,29,120
461,548,576,7,0,16,12,28
1204,464,576,16,0,21,91,112
977,472,576,15,0,21,83,104
821,502,576,10,0,26,48,74
1262,489,576,8,0,59,28,87
1189,547,576,7,0,16,13,29
225,557,576,8,0,1,18,19
831,511,576,12,0,1,64,65
839,514,576,11,0,8,54,62
410,537,576,9,0,1,38,39
337,498,576,15,0,1,77,78
599,487,576,15,0,7,82,89
902,495,576,14,0,6,75,81
182,493,576,15,0,2,81,83
1353,492,576,12,0,18,66,84
257,521,576,10,0,8,47,55
849,496,587,4,0,24,67,91
524,489,587,5,0,12,86,98
98,496,587,3,0,40,51,91
441,569,587,2,0,1,17,18
729,533,587,4,0,1,53,54
589,496,587,4,0,25,66,91
195,527,587,2,0,31,29,60
507,497,587,4,0,23,67,90
1046,561,587,2,0,1,25,26
1237,557,587,2,0,2,28,30
178,565,587,2,0,1,21,22
272,509,587,4,0,13,65,78
1078,568,587,1,0,6,13,19
1087,524,587,2,0,33,30,63
84,529,587,4,0,1,57,58
1023,526,587,3,0,11,50,61
969,511,587,4,0,9,67,76
728,523,587,4,0,1,63,64
233,526,601,18,0,23,52,75
245,545,601,16,0,14,42,56
940,536,601,13,0,48,17,65
274,522,601,14,0,53,26,79
414,506,601,16,0,53,42,95
194,565,601,14,0,11,25,36
265,572,601,15,0,1,28,29
634,542,601,18,0,8,51,59
586,546,601,16,0,12,43,55
199,537,601,16,0,23,41,64
765,543,601,16,0,15,43,58
561,511,601,16,0,47,43,90
965,477,601,19,0,62,62,124
863,492,601,19,0,48,61,109
300,526,601,15,0,37,38,75
558,496,601,16,0,62,43,105
305,553,601,13,0,32,16,48
690,497,601,19,0,42,62,104
1030,563,601,15,0,1,37,38
294,513,601,19,0,28,60,88
667,605,629,2,0,1,23,24
820,560,629,10,0,16,53,69
415,583,629,2,0,15,31,46
516,606,629,1,0,6,17,23
762,624,629,1,0,1,4,5
251,541,660,11,0,58,61,119
775,649,660,2,0,3,8,11
286,560,660,11,0,40,60,100
1066,607,660,11,0,1,52,53
382,584,660,12,0,8,68,76
1279,547,660,12,0,45,68,113
81,643,660,10,0,1,16,17
125,607,660,10,0,5,48,53
156,604,660,11,0,1,55,56
1265,556,660,12,0,37,67,104
325,545,671,5,0,42,84,126
53,593,671,5,0,1,77,78
480,641,671,1,0,8,22,30
929,586,671,4,0,13,72,85
1074,602,671,3,0,9,60,69
790,613,671,2,0,18,40,58
943,544,671,6,0,35,92,127
319,572,671,5,0,16,83,99
797,544,671,6,0,36,91,127
1137,551,671,6,0,28,92,120
994,657,671,1,0,1,13,14
400,574,671,5,0,13,84,97
607,627,671,2,0,5,39,44
597,611,674,5,0,49,14,63
433,585,674,7,0,47,42,89
1256,551,674,9,0,50,73,123
432,630,674,7,0,1,43,44
852,620,674,7,0,12,42,54
703,664,674,5,0,1,9,10
851,567,674,7,0,64,43,107
1190,591,674,7,0,40,43,83
1136,643,674,6,0,3,28,31
310,629,674,6,0,18,27,45
1178,571,674,8,0,44,59,103
485,630,674,7,0,4,40,44
431,603,674,7,0,30,41,71
520,612,674,7,0,19,43,62
1115,648,674,6,0,1,25,26
366,598,674,9,0,4,72,76
509,580,674,8,0,36,58,94
954,632,674,7,0,1,41,42
1055,616,674,6,0,30,28,58
601,632,674,7,0,3,39,42
1330,662,696,14,0,16,18,34
152,636,696,14,0,42,18,60
1215,622,696,17,0,23,51,74
795,658,696,15,0,9,29,38
122,606,696,19,0,22,68,90
1329,649,696,14,0,29,18,47
222,646,696,17,0,2,48,50
609,680,696,14,0,1,15,16
338,623,696,19,0,4,69,73
1089,642,696,14,0,37,17,54
627,658,696,14,0,22,16,38
909,645,696,17,0,2,49,51
48,625,696,17,0,21,50,71
1010,637,696,17,0,8,51,59
110,600,696,19,0,27,69,96
780,608,696,18,0,31,57,88
674,656,696,16,0,1,39,40
783,652,696,16,0,4,40,44
117,635,696,19,0,1,60,61
670,646,696,16,0,9,41,50
1257,630,705,9,0,60,15,75
1354,646,705,12,0,2,57,59
462,641,705,11,0,24,40,64
8,686,705,10,0,1,18,19
530,654,705,11,0,12,39,51
1240,628,705,9,0,61,16,77
1119,614,705,12,0,32,59,91
1027,574,705,17,0,24,107,131
285,660,705,11,0,7,38,45
1051,683,705,10,0,1,21,22
881,583,705,17,0,16,106,122
725,644,705,12,0,3,58,61
1059,593,705,14,0,22,90,112
368,597,705,13,0,29,79,108
159,645,705,10,0,32,28,60
1124,613,705,14,0,3,89,92
1064,632,705,9,0,57,16,73
330,665,705,11,0,1,39,40
973,655,705,11,0,10,40,50
1103,591,705,16,0,13,101,114
1084,643,715,3,0,40,32,72
907,693,715,3,0,1,21,22
893,668,725,3,0,15,42,57
421,691,725,2,0,1,33,34
1281,637,725,3,0,45,43,88
174,666,725,2,0,23,36,59
669,688,725,2,0,1,36,37
718,663,725,3,0,19,43,62
1255,677,725,2,0,13,35,48
95,687,725,1,0,19,19,38
317,669,725,3,0,13,43,56
240,675,745,6,0,55,15,70
1218,738,745,5,0,1,6,7
753,661,745,6,0,68,16,84
314,659,745,6,0,69,17,86
1075,718,745,6,0,10,17,27
33,721,745,5,0,13,11,24
1014,695,745,6,0,33,17,50
318,702,745,5,0,31,12,43
1368,666,745,6,0,62,17,79
1013,711,745,6,0,18,16,34
47,682,751,17,0,13,56,69
585,697,751,16,0,7,47,54
686,694,751,16,0,9,48,57
1113,666,751,18,0,22,63,85
533,692,751,17,0,2,57,59
367,714,751,13,0,2,35,37
938,710,751,14,0,1,40,41
555,738,751,2,0,1,12,13
699,690,751,14,0,19,42,61
936,697,751,16,0,6,48,54
1112,687,751,18,0,2,62,64
1140,740,751,2,0,1,10,11
304,702,751,13,0,13,36,49
1009,673,751,17,0,21,57,78
666,717,751,13,0,1,33,34
596,701,752,4,0,11,40,51
106,629,752,4,0,83,40,123
311,690,752,4,0,23,39,62
990,737,752,1,0,4,11,15
375,680,752,4,0,34,38,72
1048,745,752,1,0,1,6,7
129,672,752,4,0,40,40,80
144,660,752,4,0,53,39,92
148,701,752,3,0,20,31,51
776,724,752,2,0,5,23,28
657,723,752,1,0,17,12,29
50,725,752,3,0,1,26,27
388,737,752,2,0,1,14,15
822,712,752,2,0,18,22,40
930,684,752,4,0,28,40,68
176,707,752,2,0,22,23,45
237,719,752,3,0,3,30,33
841,644,763,18,0,12,107,119
700,679,763,11,0,22,62,84
1224,677,763,13,0,10,76,86
749,683,763,11,0,18,62,80
704,718,763,10,0,1,44,45
5,683,763,14,0,1,79,80
408,747,763,2,0,5,11,16
1260,695,763,10,0,19,49,68
489,647,763,18,0,10,106,116
559,694,763,13,0,1,68,69
397,678,763,13,0,10,75,85
804,681,763,11,0,21,61,82
399,705,763,10,0,10,48,58
43,735,763,10,0,1,27,28
791,650,789,7,0,108,31,139
1363,699,789,7,0,59,31,90
1036,725,789,8,0,27,37,64
897,706,789,8,0,44,39,83
692,700,789,9,0,43,46,89
403,743,789,7,0,16,30,46
241,757,789,6,0,19,13,32
1159,660,789,7,0,99,30,129
378,777,789,6,0,1,11,12
1251,712,789,7,0,48,29,77
1154,750,789,7,0,11,28,39
467,713,789,7,0,45,31,76
1056,747,789,7,0,11,31,42
767,661,789,8,0,89,39,128
642,710,789,9,0,33,46,79
90,641,789,9,0,102,46,148
663,703,789,8,0,48,38,86
1179,699,789,9,0,45,45,90
165,738,789,9,0,6,45,51
1169,731,789,8,0,19,39,58
892,778,795,3,0,1,16,17
185,765,795,1,0,19,11,30
1002,708,795,9,0,36,51,87
386,763,795,3,0,6,26,32
1145,751,795,8,0,1,43,44
21,740,795,3,0,28,27,55
30,703,828,17,0,87,38,125
1306,735,828,17,0,55,38,93
842,776,828,18,0,5,47,52
278,733,828,16,0,72,23,95
640,777,828,17,0,14,37,51
234,753,828,18,0,26,49,75
406,759,828,19,0,11,58,69
1167,705,828,19,0,65,58,123
923,780,828,17,0,10,38,48
1011,761,828,17,0,31,36,67
490,742,828,18,0,38,48,86
587,708,828,16,0,97,23,120
959,738,828,19,0,33,57,90
259,718,828,19,0,51,59,110
705,795,828,17,0,1,32,33
786,721,828,18,0,58,49,107
114,708,828,17,0,83,37,120
1093,745,828,19,0,24,59,83
945,763,828,17,0,27,38,65
1342,677,828,19,0,92,59,151
1026,819,850,3,0,11,20,31
166,792,850,7,0,19,39,58
1198,790,850,3,0,40,20,60
384,813,850,3,0,18,19,37
113,798,850,7,0,13,39,52
644,797,850,7,0,15,38,53
322,769,850,4,0,51,30,81
975,811,850,7,0,2,37,39
1042,824,850,4,0,1,25,26
1104,759,851,11,0,43,49,92
1278,753,851,12,0,30,68,98
805,812,851,11,0,1,38,39
1184,772,851,10,0,46,33,79
11,744,851,12,0,39,68,107
1053,730,851,12,0,53,68,121
307,804,851,11,0,1,46,47
622,778,851,11,0,26,47,73
626,752,851,12,0,33,66,99
1246,734,851,12,0,50,67,117
1183,752,851,11,0,51,48,99
824,747,851,11,0,55,49,104
244,809,858,2,0,17,32,49
1311,811,858,1,0,31,16,47
347,813,858,2,0,15,30,45
572,801,858,19,0,1,56,57
348,835,858,2,0,1,22,23
407,804,858,2,0,23,31,54
606,798,858,2,0,28,32,60
128,829,858,1,0,14,15,29
135,821,862,16,0,6,35,41
548,799,862,16,0,30,33,63
1274,772,862,15,0,66,24,90
1303,825,862,15,0,13,24,37
264,724,862,16,0,103,35,138
103,736,862,16,0,92,34,126
3,753,862,15,0,85,24,109
263,811,862,16,0,17,34,51
1032,803,862,19,0,1,58,59
616,805,862,19,0,1,56,57
1200,797,862,19,0,4,61,65
150,784,862,15,0,55,23,78
141,742,862,15,0,97,23,120
962,804,862,18,0,9,49,58
1210,741,862,16,0,86,35,121
364,716,862,15,0,122,24,146
38,805,862,16,0,22,35,57
1343,800,862,19,0,1,61,62
343,796,862,15,0,42,24,66
1049,798,862,19,0,4,60,64
355,794,865,5,0,29,42,71
584,829,865,5,0,1,35,36
679,813,865,6,0,1,51,52
175,844,865,2,0,10,11,21
1194,827,865,5,0,1,37,38
376,787,865,6,0,16,62,78
854,850,865,2,0,5,10,15
324,764,865,5,0,58,43,101
309,777,865,6,0,25,63,88
24,858,899,7,0,15,26,41
62,815,899,8,0,52,32,84
519,865,899,7,0,9,25,34
1177,860,899,8,0,7,32,39
789,871,899,7,0,2,26,28
446,823,899,8,0,46,30,76
447,824,899,8,0,43,32,75
900,852,899,8,0,16,31,47
1261,802,899,8,0,66,31,97
939,781,899,8,0,86,32,118
1238,879,908,9,0,2,27,29
493,799,908,9,0,84,25,109
29,792,908,9,0,89,27,116
316,885,908,6,0,10,13,23
912,769,908,9,0,113,26,139
683,753,908,9,0,128,27,155
387,877,924,2,0,20,27,47
1340,836,924,5,0,25,63,88
1226,850,924,4,0,20,54,74
602,825,924,7,0,19,80,99
715,851,924,7,0,1,72,73
1320,894,924,1,0,16,14,30
948,866,924,3,0,11,47,58
282,872,924,1,0,37,15,52
709,864,924,2,0,32,28,60
71,848,924,4,0,21,55,76
229,822,924,7,0,21,81,102
659,915,924,1,0,1,8,9
212,892,924,2,0,4,28,32
105,864,924,4,0,5,55,60
373,841,947,14,0,38,68,106
172,728,947,14,0,148,71,219
471,870,947,14,0,7,70,77
1350,857,947,14,0,19,71,90
75,794,947,14,0,83,70,153
567,792,947,14,0,84,71,155
785,754,947,14,0,124,69,193
57,766,947,13,0,122,59,181
1165,871,947,14,0,5,71,76
371,734,947,14,0,142,71,213
542,805,947,14,0,71,71,142
147,858,947,13,0,30,59,89
701,729,947,13,0,159,59,218
758,881,947,13,0,8,58,66
396,751,947,13,0,138,58,196
566,729,947,14,0,148,70,218
562,917,960,16,0,1,42,43
695,892,960,17,0,13,55,68
1206,852,960,18,0,41,67,108
796,754,960,15,0,184,22,206
677,857,960,16,0,62,41,103
833,829,960,18,0,62,69,131
456,891,960,18,0,3,66,69
1375,873,960,16,0,45,42,87
228,834,960,18,0,58,68,126
215,880,960,18,0,12,68,80
751,855,960,16,0,63,42,105
835,884,960,18,0,7,69,76
475,852,960,18,0,39,69,108
484,877,960,16,0,43,40,83
610,896,960,18,0,1,63,64
638,900,960,18,0,1,59,60
104,931,960,16,0,1,28,29
335,844,960,18,0,47,69,116
1305,911,960,17,0,1,48,49
116,847,960,17,0,57,56,113
235,829,967,12,0,68,70,138
999,834,967,10,0,83,50,133
868,840,967,13,0,50,77,127
1080,827,967,10,0,89,51,140
91,918,967,2,0,17,32,49
1067,844,967,11,0,61,62,123
1209,925,967,1,0,26,16,42
157,818,967,11,0,86,63,149
297,947,967,1,0,6,14,20
1293,886,967,14,0,1,80,81
991,930,967,1,0,22,15,37
442,927,967,2,0,9,31,40
1060,849,967,11,0,55,63,118
625,943,967,1,0,8,16,24
352,951,997,5,0,1,45,46
1037,894,997,8,0,23,80,103
1334,914,997,7,0,12,71,83
1361,917,997,7,0,8,72,80
511,918,997,5,0,19,60,79
1347,924,997,5,0,14,59,73
1339,953,997,5,0,1,43,44
1022,920,997,3,0,46,31,77
404,903,997,7,0,22,72,94
380,839,1005,15,0,146,20,166
161,826,1005,19,0,129,50,179
583,936,1005,16,0,43,26,69
132,936,1005,19,0,19,50,69
636,939,1005,18,0,22,44,66
1028,939,1005,17,0,32,34,66
123,904,1005,19,0,51,50,101
1138,859,1005,19,0,97,49,146
342,811,1005,15,0,174,20,194
961,919,1005,18,0,41,45,86
628,860,1005,19,0,95,50,145
191,952,1005,17,0,20,33,53
262,950,1005,16,0,29,26,55
109,968,1005,17,0,3,34,37
1241,953,1005,19,0,2,50,52
82,861,1005,19,0,96,48,144
588,936,1005,16,0,44,25,69
914,917,1005,19,0,39,49,88
515,955,1005,18,0,5,45,50
866,947,1005,19,0,11,47,58
111,980,1016,2,0,2,34,36
927,989,1016,1,0,11,16,27
1286,937,1016,4,0,17,62,79
292,937,1016,7,0,1,78,79
131,905,1016,4,0,48,63,111
668,950,1016,2,0,31,35,66
1259,989,1016,1,0,12,15,27
949,978,1016,3,0,1,37,38
323,955,1016,4,0,1,60,61
598,942,1016,5,0,1,73,74
517,1006,1016,1,0,1,9,10
219,925,1016,8,0,1,90,91
1117,980,1042,4,0,36,26,62
535,981,1042,4,0,36,25,61
1083,991,1042,3,0,41,10,51
941,985,1042,9,0,1,56,57
72,985,1042,4,0,31,26,57
145,901,1042,9,0,75,66,141
1297,939,1042,9,0,37,66,103
1213,904,1042,9,0,73,65,138
847,968,1042,9,0,9,65,74
1192,907,1042,9,0,69,66,135
944,943,1042,6,0,52,47,99
354,974,1042,5,0,30,38,68
632,908,1042,9,0,70,64,134
17,952,1042,7,0,37,53,90
614,1009,1042,5,0,1,32,33
570,989,1046,13,0,34,23,57
459,1000,1046,14,0,12,34,46
983,993,1046,15,0,11,42,53
784,830,1046,15,0,174,42,216
155,1005,1046,14,0,8,33,41
455,976,1046,18,0,3,67,70
513,963,1046,19,0,9,74,83
93,892,1046,15,0,112,42,154
0,986,1046,16,0,11,49,60
745,987,1046,15,0,17,42,59
612,987,1046,15,0,18,41,59
181,964,1046,15,0,42,40,82
394,980,1046,14,0,32,34,66
541,905,1046,14,0,107,34,141
1134,985,1046,14,0,29,32,61
603,991,1046,16,0,6,49,55
890,987,1046,16,0,11,48,59
401,925,1046,14,0,88,33,121
647,888,1046,15,0,117,41,158
932,912,1046,13,0,111,23,134
1338,950,1057,10,0,56,51,107
768,990,1057,10,0,15,52,67
1298,938,1057,10,0,67,52,119
1236,1011,1057,2,0,15,31,46
1108,1035,1057,1,0,5,17,22
142,923,1057,11,0,63,71,134
623,941,1057,11,0,46,70,116
712,1013,1057,2,0,14,30,44
1208,1035,1057,1,0,6,16,22
621,983,1057,10,0,24,50,74
755,1047,1057,1,0,1,9,10
469,1042,1057,1,0,1,14,15
815,957,1057,10,0,48,52,100
840,963,1057,11,0,23,71,94
711,1047,1069,2,0,5,17,22
1158,1014,1069,7,0,9,46,55
1133,1024,1069,7,0,1,44,45
360,989,1069,8,0,22,58,80
554,1062,1069,2,0,1,6,7
859,1014,1069,5,0,16,39,55
1327,1003,1117,9,0,32,82,114
876,1054,1117,6,0,1,62,63
1284,1077,1117,3,0,18,22,40
951,1072,1117,3,0,21,24,45
952,1041,1117,6,0,8,68,76
1025,1071,1117,3,0,22,24,46
1211,1018,1117,9,0,18,81,99
688,1001,1117,9,0,33,83,116
743,1083,1117,1,0,28,6,34
858,1070,1117,5,0,1,46,47
1199,1071,1117,3,0,23,23,46
261,1020,1117,9,0,14,83,97
1212,1017,1117,9,0,17,83,100
676,1077,1117,5,0,1,39,40
202,1104,1117,3,0,1,12,13
525,1046,1117,5,0,18,53,71
850,1058,1117,4,0,22,37,59
984,1084,1117,3,0,9,24,33
921,1059,1117,6,0,1,57,58
501,1080,1117,1,0,30,7,37
870,1109,1137,6,0,14,14,28
392,1115,1137,7,0,2,20,22
486,1109,1137,8,0,1,27,28
65,1094,1137,8,0,10,33,43
1321,1117,1137,6,0,6,14,20
661,1100,1137,8,0,5,32,37
430,1116,1137,7,0,2,19,21
425,1112,1137,7,0,4,21,25
12,1110,1137,6,0,14,13,27
1099,1045,1141,10,0,8,88,96
904,1055,1141,14,0,40,46,86
848,1041,1141,13,0,1,99,100
1052,1076,1141,8,0,1,64,65
1331,1075,1141,14,0,19,47,66
2,1086,1141,5,0,24,31,55
529,926,1141,13,0,108,107,215
650,990,1141,12,0,56,95,151
1214,1065,1141,9,0,1,75,76
1127,1048,1141,14,0,46,47,93
1004,1074,1141,6,0,18,49,67
816,1090,1141,10,0,23,28,51
1065,1045,1141,9,0,18,78,96
696,920,1141,12,0,125,96,221
564,1022,1141,14,0,5,114,119
16,915,1141,12,0,129,97,226
1174,1051,1141,13,0,50,40,90
1349,1092,1141,4,0,38,11,49
77,1082,1141,12,0,25,34,59
1019,1067,1141,8,0,8,66,74
1156,1073,1141,12,0,33,35,68
801,1080,1141,6,0,13,48,61
473,1080,1141,19,0,1,60,61
1313,1045,1141,13,0,55,41,96
918,972,1141,12,0,72,97,169
220,1045,1141,8,0,29,67,96
1029,1069,1141,9,0,1,71,72
845,1026,1141,12,0,18,97,115
1239,1045,1141,9,0,19,77,96
1173,1086,1141,14,0,10,45,55
301,1116,1152,2,0,12,24,36
995,1134,1152,1,0,10,8,18
267,1148,1152,1,0,1,3,4
545,1131,1152,2,0,1,20,21
920,1130,1152,2,0,1,21,22
1249,1120,1152,2,0,9,23,32
968,1116,1178,11,0,18,44,62
1243,1029,1178,15,0,64,85,149
170,1018,1178,19,0,51,109,160
230,1070,1178,19,0,2,106,108
714,1159,1178,1,0,7,12,19
1185,1135,1178,10,0,10,33,43
770,1017,1178,19,0,54,107,161
1062,1022,1178,15,0,70,86,156
856,1096,1178,15,0,1,81,82
214,1128,1178,11,0,7,43,50
1186,1131,1178,11,0,3,44,47
206,987,1178,19,0,82,109,191
83,990,1178,19,0,80,108,188
883,1033,1178,19,0,37,108,145
906,1050,1178,15,0,42,86,128
956,1006,1178,19,0,63,109,172
1290,1147,1182,5,0,15,20,35
184,1102,1195,4,0,51,42,93
719,1152,1195,3,0,8,35,43
979,1162,1195,2,0,11,22,33
238,1107,1195,3,0,51,37,88
1223,1158,1195,3,0,1,36,37
574,1119,1195,3,0,39,37,76
732,1179,1195,1,0,9,7,16
26,1097,1195,4,0,55,43,98
137,1125,1195,4,0,27,43,70
652,1177,1195,2,0,1,17,18
987,1111,1195,3,0,48,36,84
1146,1166,1195,3,0,1,28,29
1024,1176,1201,8,0,1,24,25
192,1055,1201,17,0,23,123,146
1253,1015,1201,18,0,54,132,186
299,1083,1201,9,0,83,35,118
611,1048,1201,18,0,22,131,153
981,1095,1201,16,0,1,105,106
154,1119,1201,14,0,1,81,82
1276,1070,1201,16,0,23,108,131
641,1157,1201,9,0,9,35,44
1356,1004,1201,16,0,89,108,197
739,1172,1201,8,0,2,27,29
527,1077,1201,16,0,18,106,124
646,1139,1201,7,0,44,18,62
1102,1159,1201,10,0,1,41,42
672,1048,1201,16,0,46,107,153
13,1085,1201,16,0,8,108,116
146,1108,1201,9,0,59,34,93
707,1056,1201,18,0,13,132,145
910,1014,1201,17,0,63,124,187
618,1150,1201,7,0,33,18,51
283,1204,1224,3,0,5,15,20
502,1202,1224,1,0,15,7,22
270,1151,1230,16,0,38,41,79
1291,1176,1230,18,0,1,53,54
922,1141,1230,17,0,42,47,89
328,1184,1230,14,0,22,24,46
935,1137,1230,13,0,75,18,93
937,1133,1230,16,0,57,40,97
58,1147,1230,13,0,65,18,83
1090,1137,1230,15,0,60,33,93
550,1140,1230,17,0,44,46,90
1041,1119,1230,16,0,70,41,111
568,1177,1230,14,0,28,25,53
706,1095,1230,17,0,88,47,135
246,1167,1230,16,0,24,39,63
487,1128,1230,15,0,68,34,102
277,1169,1230,16,0,20,41,61
158,1157,1230,15,0,39,34,73
1332,1131,1230,14,0,73,26,99
698,1181,1230,14,0,23,26,49
448,1165,1230,19,0,2,63,65
879,1185,1230,16,0,5,40,45
812,1228,1233,1,0,1,4,5
1207,1226,1233,1,0,1,6,7
950,1188,1233,3,0,20,25,45
1005,1237,1253,4,0,1,15,16
49,1235,1253,3,0,9,9,18
391,1225,1253,6,0,1,27,28
1193,1179,1253,5,0,51,23,74
18,1149,1253,7,0,47,57,104
85,1176,1253,4,0,59,18,77
1116,1185,1253,4,0,51,17,68
1061,1202,1253,6,0,7,44,51
1252,1174,1253,7,0,22,57,79
36,1145,1253,6,0,64,44,108
207,1222,1253,5,0,7,24,31
1315,1203,1253,7,0,1,49,50
87,1176,1253,5,0,53,24,77
953,1163,1253,7,0,34,56,90
121,1207,1253,6,0,4,42,46
167,1196,1253,7,0,1,56,57
1096,1191,1253,7,0,7,55,62
383,1244,1253,3,0,1,8,9
1348,1203,1253,4,0,32,18,50
1346,1193,1253,6,0,17,43,60
1100,1215,1276,13,0,11,50,61
398,1205,1276,10,0,45,26,71
445,1216,1276,11,0,22,38,60
1197,1103,1276,19,0,61,112,173
654,1112,1276,18,0,60,104,164
236,1203,1276,12,0,30,43,73
504,1091,1276,19,0,73,112,185
734,1260,1276,2,0,9,7,16
569,1138,1276,13,0,88,50,138
1289,1170,1276,11,0,68,38,106
1033,1197,1276,10,0,54,25,79
591,1234,1276,10,0,18,24,42
423,1121,1276,19,0,45,110,155
15,1240,1276,2,0,29,7,36
844,1121,1276,18,0,52,103,155
1092,1161,1276,19,0,3,112,115
226,1175,1276,13,0,52,49,101
769,1179,1276,10,0,71,26,97
806,1188,1276,11,0,51,37,88
379,1092,1276,19,0,73,111,184
101,1210,1300,16,0,17,73,90
691,1181,1300,19,0,22,97,119
750,1208,1300,16,0,18,74,92
205,1183,1300,19,0,21,96,117
619,1281,1300,2,0,10,9,19
903,1237,1300,14,0,2,61,63
163,1225,1300,14,0,13,62,75
389,1221,1300,16,0,7,72,79
1287,1262,1300,11,0,3,35,38
960,1201,1300,18,0,14,85,99
231,1190,1300,19,0,13,97,110
45,1215,1300,15,0,16,69,85
726,1237,1300,12,0,19,44,63
331,1258,1300,11,0,6,36,42
1221,1205,1300,17,0,17,78,95
1225,1231,1300,13,0,14,55,69
1072,1234,1300,15,0,1,65,66
92,1242,1300,2,0,49,9,58
413,1214,1300,16,0,12,74,86
223,1202,1300,17,0,19,79,98
1312,1244,1304,1,0,43,17,60
326,1240,1304,1,0,46,18,64
926,1282,1304,1,0,4,18,22
186,1298,1304,1,0,1,5,6
395,1300,1304,1,0,1,3,4
390,1287,1308,6,0,1,20,21
645,1241,1308,7,0,34,33,67
946,1264,1308,8,0,2,42,44
617,1269,1308,7,0,6,33,39
482,1283,1308,6,0,3,22,25
374,1227,1308,9,0,15,66,81
605,1255,1308,8,0,9,44,53
1085,1249,1308,7,0,27,32,59
1250,1176,1308,9,0,66,66,132
1247,1230,1308,9,0,13,65,78
427,1215,1308,9,0,27,66,93
687,1230,1308,9,0,12,66,78
340,1186,1308,8,0,78,44,122
89,1226,1308,9,0,18,64,82
293,1253,1308,7,0,22,33,55
633,1183,1308,9,0,60,65,125
808,1275,1308,7,0,1,32,33
210,1281,1308,5,0,15,12,27
221,1219,1308,8,0,46,43,89
496,1257,1308,7,0,20,31,51
1143,1266,1339,6,0,2,71,73
1043,1286,1339,4,0,1,52,53
908,1278,1339,3,0,11,50,61
346,1239,1339,6,0,27,73,100
573,1289,1339,3,0,1,49,50
313,1257,1339,6,0,9,73,82
894,1327,1339,1,0,1,11,12
823,1282,1339,2,0,20,37,57
546,1267,1339,2,0,34,38,72
575,1246,1339,6,0,21,72,93
168,1263,1339,6,0,2,74,76
754,1227,1339,6,0,38,74,112
290,1298,1339,3,0,1,40,41
27,1244,1339,4,0,28,67,95
169,1247,1339,6,0,18,74,92
733,1304,1339,1,0,17,18,35
1110,1240,1339,6,0,25,74,99
664,1302,1340,5,0,9,29,38
1344,1275,1340,9,0,11,54,65
426,1293,1340,9,0,1,46,47
70,1323,1340,2,0,4,13,17
248,1244,1354,16,0,39,71,110
752,1247,1354,16,0,37,70,107
846,1267,1354,11,0,56,31,87
417,1220,1354,19,0,42,92,134
1109,1313,1354,12,0,3,38,41
1111,1261,1354,18,0,7,86,93
160,1243,1354,19,0,20,91,111
350,1257,1354,15,0,37,60,97
458,1275,1354,14,0,28,51,79
884,1289,1354,14,0,13,52,65
639,1259,1354,17,0,14,81,95
637,1244,1354,18,0,23,87,110
79,1293,1354,10,0,41,20,61
1288,1281,1354,11,0,43,30,73
838,1269,1354,16,0,14,71,85
958,1249,1354,19,0,13,92,105
393,1271,1354,14,0,31,52,83
867,1258,1354,13,0,49,47,96
100,1268,1354,17,0,5,81,86
694,1259,1354,17,0,15,80,95
543,1356,1381,1,0,5,20,25
992,1374,1381,1,0,1,6,7
177,1347,1381,2,0,5,29,34
656,1359,1381,1,0,3,19,22
828,1376,1382,2,0,1,5,6
196,1370,1382,2,0,1,11,12
660,1364,1382,2,0,4,14,18
312,1353,1382,4,0,9,20,29
183,1361,1382,4,0,2,19,21
119,1314,1382,6,0,41,27,68
1001,1352,1397,10,0,18,27,45
34,1356,1397,11,0,4,37,41
405,1292,1397,19,0,47,58,105
998,1328,1397,10,0,41,28,69
760,1282,1397,19,0,58,57,115
1044,1275,1397,19,0,64,58,122
1248,1381,1397,2,0,10,6,16
499,1318,1397,19,0,23,56,79
915,1327,1397,19,0,12,58,70
577,1344,1397,11,0,15,38,53
40,1382,1397,2,0,10,5,15
514,1314,1407,18,0,9,84,93
1171,1326,1407,14,0,46,35,81
547,1345,1407,16,0,6,56,62
334,1271,1407,18,0,51,85,136
925,1293,1407,17,0,37,77,114
349,1358,1407,15,0,4,45,49
872,1313,1407,18,0,9,85,94
924,1328,1407,17,0,2,77,79
94,1363,1407,13,0,14,30,44
1301,1347,1407,15,0,16,44,60
276,1321,1407,17,0,10,76,86
896,1368,1407,13,0,10,29,39
1188,1336,1407,14,0,37,34,71
1292,1298,1407,18,0,26,83,109
1105,1291,1407,18,0,32,84,116
1063,1310,1407,15,0,52,45,97
136,1310,1407,16,0,40,57,97
521,1297,1407,18,0,25,85,110
689,1378,1407,12,0,8,21,29
708,1324,1407,18,0,1,82,83
1376,1380,1412,4,0,15,17,32
217,1371,1412,4,0,23,18,41
73,1385,1413,5,0,19,9,28
59,1366,1413,5,0,37,10,47
512,1388,1413,5,0,15,10,25
1151,1341,1426,12,0,20,65,85
741,1369,1426,7,0,45,12,57
1153,1383,1426,7,0,32,11,43
252,1412,1426,7,0,1,13,14
1142,1316,1426,8,0,87,23,110
1017,1401,1426,7,0,12,13,25
756,1323,1426,13,0,26,77,103
1191,1321,1426,9,0,75,30,105
853,1347,1426,7,0,66,13,79
224,1304,1426,8,0,99,23,122
420,1335,1426,13,0,15,76,91
1182,1369,1426,11,0,8,49,57
466,1378,1426,7,0,35,13,48
814,1372,1426,8,0,33,21,54
1365,1336,1426,12,0,24,66,90
1176,1409,1426,7,0,5,12,17
594,1342,1426,13,0,7,77,84
1141,1394,1426,9,0,3,29,32
1336,1306,1426,8,0,98,22,120
1123,1384,1426,8,0,19,23,42
615,1426,1456,5,0,11,19,30
54,1434,1456,5,0,4,18,22
1282,1433,1466,3,0,1,32,33
1222,1427,1466,3,0,5,34,39
361,1443,1466,1,0,2,21,23
649,1418,1466,4,0,8,40,48
1015,1437,1466,1,0,8,21,29
97,1417,1466,3,0,14,35,49
451,1437,1466,1,0,9,20,29
576,1400,1486,14,0,57,29,86
409,1452,1486,12,0,18,16,34
279,1362,1486,16,0,80,44,124
534,1431,1486,18,0,1,54,55
424,1387,1486,19,0,37,62,99
779,1415,1486,17,0,21,50,71
336,1462,1486,12,0,9,15,24
882,1376,1486,19,0,46,64,110
1150,1374,1486,16,0,67,45,112
1244,1429,1486,15,0,19,38,57
454,1424,1486,18,0,5,57,62
727,1425,1486,13,0,37,24,61
1357,1360,1486,16,0,81,45,126
891,1393,1486,16,0,50,43,93
551,1470,1486,12,0,2,14,16
608,1414,1486,14,0,44,28,72
1166,1441,1486,14,0,16,29,45
66,1375,1486,19,0,48,63,111
124,1374,1486,19,0,48,64,112
571,1399,1486,19,0,23,64,87
1367,1418,1488,6,0,26,44,70
372,1392,1488,14,0,1,95,96
356,1451,1488,3,0,14,23,37
1366,1405,1488,12,0,1,82,83
1012,1429,1488,6,0,14,45,59
1308,1408,1488,11,0,6,74,80
1280,1398,1488,12,0,5,85,90
539,1370,1488,15,0,8,110,118
345,1470,1488,2,0,13,5,18
1316,1431,1488,7,0,5,52,57
919,1401,1488,12,0,3,84,87
385,1476,1488,3,0,1,11,12
465,1434,1488,7,0,3,51,54
419,1478,1488,3,0,1,9,10
931,1381,1488,14,0,8,99,107
242,1392,1488,6,0,51,45,96
359,1409,1488,9,0,10,69,79
825,1393,1488,11,0,20,75,95
648,1392,1488,14,0,2,94,96
735,1452,1488,2,0,30,6,36
895,1505,1511,1,0,1,5,6
1079,1470,1511,1,0,28,13,41
794,1481,1511,1,0,18,12,30
291,1517,1531,3,0,5,9,14
986,1490,1532,3,0,12,30,42
653,1496,1532,2,0,16,20,36
1139,1505,1532,2,0,8,19,27
353,1478,1532,5,0,7,47,54
208,1480,1532,5,0,6,46,52
508,1484,1532,4,0,12,36,48
1323,1494,1541,14,0,13,34,47
916,1502,1541,12,0,19,20,39
227,1506,1541,13,0,7,28,35
832,1441,1541,18,0,4,96,100
450,1538,1541,1,0,1,2,3
800,1481,1541,14,0,27,33,60
1128,1497,1541,14,0,11,33,44
1068,1476,1541,11,0,14,51,65
1157,1482,1541,14,0,25,34,59
1129,1473,1541,14,0,34,34,68
266,1510,1541,14,0,1,30,31
885,1484,1541,14,0,25,32,57
127,1517,1541,1,0,9,15,24
1371,1482,1541,10,0,14,45,59
964,1502,1541,10,0,1,38,39
582,1493,1541,10,0,4,44,48
1364,1494,1558,7,0,17,47,64
308,1434,1558,11,0,21,103,124
1003,1472,1558,9,0,13,73,86
64,1499,1558,8,0,6,53,59
1144,1490,1558,8,0,16,52,68
133,1440,1558,9,0,44,74,118
35,1471,1558,11,0,1,86,87
126,1451,1558,7,0,59,48,107
1069,1448,1558,11,0,8,102,110
243,1498,1558,6,0,22,38,60
1352,1475,1558,9,0,9,74,83
898,1485,1558,8,0,20,53,73
140,1529,1558,4,0,6,23,29
23,1502,1558,7,0,8,48,56
187,1495,1558,9,0,1,62,63
1101,1419,1558,10,0,57,82,139
748,1469,1558,11,0,1,88,89
1132,1572,1610,7,0,19,19,38
218,1578,1610,8,0,8,24,32
578,1565,1610,8,0,21,24,45
32,1563,1610,9,0,11,36,47
302,1573,1610,7,0,19,18,37
488,1528,1616,15,0,1,87,88
99,1576,1616,3,0,11,29,40
497,1546,1616,7,0,10,60,70
358,1532,1616,9,0,6,78,84
1322,1603,1616,3,0,1,12,13
600,1547,1616,5,0,19,50,69
44,1562,1616,4,0,12,42,54
1006,1462,1616,15,0,61,93,154
209,1542,1616,5,0,23,51,74
1122,1524,1616,8,0,25,67,92
22,1593,1616,3,0,1,22,23
1372,1505,1616,15,0,17,94,111
740,1536,1616,8,0,14,66,80
42,1563,1616,5,0,2,51,53
613,1520,1616,15,0,2,94,96
363,1512,1616,15,0,12,92,104
1008,1457,1616,15,0,65,94,159
1227,1583,1625,1,0,22,20,42
377,1567,1625,6,0,11,47,58
869,1567,1625,6,0,12,46,58
871,1578,1631,8,0,9,44,53
766,1593,1631,8,0,1,37,38
69,1601,1631,7,0,2,28,30
549,1557,1648,17,0,23,68,91
256,1584,1648,10,0,45,19,64
74,1591,1648,12,0,28,29,57
1314,1538,1648,13,0,69,41,110
1114,1589,1648,12,0,29,30,59
411,1482,1648,16,0,106,60,166
6,1550,1648,14,0,52,46,98
108,1457,1648,17,0,122,69,191
1242,1454,1648,19,0,113,81,194
1181,1597,1648,11,0,27,24,51
673,1574,1648,16,0,14,60,74
737,1484,1648,18,0,89,75,164
76,1535,1648,14,0,66,47,113
557,1576,1648,16,0,14,58,72
1126,1550,1648,14,0,51,47,98
887,1507,1648,16,0,82,59,141
1318,1610,1648,13,0,1,37,38
143,1553,1648,11,0,70,25,95
889,1585,1648,16,0,3,60,63
351,1539,1648,15,0,57,52,109
1016,1646,1651,1,0,1,4,5
341,1606,1651,8,0,18,27,45
544,1635,1651,1,0,6,10,16
843,1582,1676,18,0,1,93,94
963,1599,1676,10,0,37,40,77
1309,1648,1676,2,0,8,20,28
928,1594,1676,17,0,1,81,82
592,1613,1676,10,0,25,38,63
966,1495,1676,19,0,71,110,181
1152,1594,1676,10,0,43,39,82
1369,1655,1676,1,0,11,10,21
1216,1593,1676,17,0,1,82,83
716,1587,1676,10,0,49,40,89
498,1538,1676,19,0,28,110,138
957,1446,1676,19,0,120,110,230
864,1523,1676,19,0,44,109,153
1086,1657,1691,7,0,10,24,34
20,1681,1691,7,0,1,9,10
1148,1642,1703,4,0,16,45,61
1273,1666,1703,3,0,4,33,37
1325,1618,1703,9,0,24,61,85
861,1689,1703,2,0,1,13,14
1351,1644,1703,9,0,1,58,59
989,1672,1703,3,0,1,30,31
980,1697,1703,2,0,1,5,6
982,1667,1703,3,0,4,32,36
684,1664,1703,2,0,21,18,39
1370,1695,1724,1,0,15,14,29
713,1703,1724,1,0,8,13,21
671,1697,1740,16,0,2,41,43
1047,1724,1740,1,0,4,12,16
1172,1642,1745,14,0,23,80,103
604,1633,1745,16,0,21,91,112
370,1630,1745,14,0,34,81,115
620,1676,1745,10,0,12,57,69
1180,1705,1745,9,0,1,39,40
329,1660,1745,10,0,27,58,85
306,1632,1745,12,0,49,64,113
817,1667,1745,8,0,50,28,78
1335,1719,1745,7,0,7,19,26
1162,1654,1745,9,0,44,47,91
460,1689,1745,7,0,36,20,56
1294,1617,1745,16,0,37,91,128
1121,1653,1745,8,0,63,29,92
412,1622,1745,16,0,33,90,123
1175,1652,1745,13,0,21,72,93
201,1725,1748,4,0,1,22,23
139,1702,1748,4,0,6,40,46
1219,1703,1748,2,0,26,19,45
1095,1730,1748,2,0,1,17,18
1038,1630,1750,13,0,42,78,120
873,1606,1750,18,0,35,109,144
1020,1608,1750,17,0,38,104,142
970,1736,1750,5,0,3,11,14
1337,1703,1750,10,0,2,45,47
693,1718,1750,9,0,1,31,32
275,1677,1752,14,0,24,51,75
528,1692,1752,16,0,1,59,60
483,1668,1752,16,0,16,68,84
1007,1663,1752,15,0,32,57,89
665,1655,1752,19,0,23,74,97
477,1675,1752,16,0,10,67,77
819,1668,1752,19,0,9,75,84
449,1622,1752,19,0,55,75,130
1254,1776,1811,18,0,7,28,35
260,1774,1821,9,0,1,46,47
813,1792,1821,1,0,12,17,29
793,1769,1821,1,0,34,18,52
295,1775,1823,5,0,2,46,48
1131,1770,1823,5,0,7,46,53
320,1774,1823,5,0,4,45,49
88,1754,1823,9,0,8,61,69
778,1776,1823,2,0,18,29,47
416,1705,1825,19,0,60,60,120
162,1733,1825,14,0,56,36,92
1164,1794,1825,14,0,1,30,31
655,1754,1825,18,0,19,52,71
180,1707,1825,17,0,71,47,118
436,1778,1849,7,0,41,30,71
1054,1784,1849,6,0,40,25,65
1295,1745,1849,16,0,25,79,104
878,1742,1849,16,0,27,80,107
955,1747,1849,16,0,22,80,102
702,1756,1849,13,0,48,45,93
810,1747,1849,16,0,24,78,102
39,1769,1849,16,0,1,79,80
978,1774,1849,15,0,15,60,75
837,1769,1849,16,0,3,77,80
239,1799,1851,3,0,35,17,52
818,1794,1855,19,0,5,56,61
115,1799,1855,17,0,13,43,56
