405,3,15,0,2,2,10,12
639,17,26,0,2,2,7,9
137,5,33,4,0,13,15,28
191,0,35,6,0,9,26,35
23,24,37,5,0,2,11,13
549,27,55,13,0,6,22,28
213,57,63,0,2,1,5,6
3,38,79,16,0,9,32,41
236,77,87,0,2,2,8,10
633,38,87,15,0,18,31,49
53,59,87,4,0,15,13,28
528,61,90,16,0,7,22,29
43,40,92,9,0,11,41,52
75,58,92,5,0,5,29,34
434,73,92,5,0,1,18,19
684,94,104,2,0,4,6,10
203,101,131,7,0,9,21,30
407,115,131,7,0,1,15,16
159,124,132,1,2,2,6,8
296,98,141,12,2,14,29,43
478,90,146,17,2,6,50,56
752,109,152,15,2,15,28,43
339,76,154,12,0,35,43,78
183,102,154,12,0,9,43,52
400,111,154,12,0,2,41,43
829,121,154,11,0,4,29,33
425,75,155,17,0,20,60,80
622,74,155,14,0,30,51,81
108,97,155,13,0,13,45,58
397,134,160,3,0,5,21,26
260,110,165,14,0,20,35,55
360,80,165,18,0,30,55,85
702,129,165,8,0,11,25,36
754,101,165,15,0,22,42,64
540,105,165,18,0,6,54,60
654,147,177,9,0,11,19,30
18,151,177,6,0,16,10,26
342,176,186,1,2,2,8,10
540,182,186,0,2,1,3,4
252,137,195,11,0,27,31,58
101,168,195,11,0,1,26,27
381,149,195,11,0,16,30,46
90,149,199,12,0,29,21,50
510,163,199,12,0,16,20,36
745,191,203,0,2,5,7,12
528,190,203,0,2,5,8,13
422,202,228,11,2,12,14,26
476,208,236,0,2,20,8,28
25,210,236,11,0,4,22,26
496,202,236,11,0,13,21,34
757,214,251,2,0,9,28,37
471,207,251,2,0,15,29,44
421,200,251,6,0,10,41,51
325,203,251,6,0,8,40,48
507,220,251,1,0,16,15,31
341,209,254,12,2,18,27,45
253,240,254,11,2,1,13,14
73,178,254,18,2,14,62,76
416,261,271,2,0,1,9,10
793,246,271,2,0,8,17,25
455,183,271,13,0,36,52,88
133,133,271,18,0,58,80,138
459,187,271,16,0,19,65,84
690,180,271,14,0,34,57,91
479,174,271,17,0,27,70,97
385,249,277,4,0,11,17,28
288,222,277,3,0,45,10,55
660,245,277,6,0,6,26,32
113,263,277,1,0,2,12,14
719,236,277,6,0,14,27,41
726,272,277,3,0,1,4,5
575,265,277,3,0,3,9,12
477,285,301,1,2,4,12,16
610,298,301,1,2,1,2,3
308,281,301,0,2,1,19,20
89,278,301,0,2,1,22,23
174,248,314,10,0,25,41,66
604,238,314,13,0,16,60,76
169,251,314,10,0,23,40,63
811,232,320,8,0,20,68,88
411,273,320,4,0,13,34,47
197,229,320,13,0,3,88,91
267,220,320,7,0,47,53,100
599,295,320,3,0,1,24,25
796,139,320,19,0,61,120,181
727,294,320,1,0,11,15,26
343,301,326,1,2,16,9,25
227,240,329,18,2,3,86,89
578,303,329,0,2,4,22,26
328,229,329,16,2,38,62,100
555,225,329,15,2,52,52,104
419,219,329,17,2,35,75,110
222,287,329,0,2,20,22,42
123,320,329,0,2,1,8,9
108,300,329,0,2,8,21,29
291,259,338,9,0,48,31,79
675,330,338,2,0,1,7,8
206,204,338,19,0,32,102,134
839,319,338,7,0,1,18,19
816,272,338,15,0,5,61,66
194,272,338,16,0,1,65,66
552,324,338,2,0,5,9,14
614,254,338,15,0,24,60,84
244,244,338,17,0,11,83,94
429,311,338,7,0,7,20,27
336,307,338,8,0,5,26,31
373,267,338,9,0,41,30,71
836,297,338,13,0,1,40,41
798,222,338,16,0,44,72,116
767,221,338,19,0,16,101,117
744,253,338,16,0,13,72,85
148,275,338,14,0,9,54,63
47,233,338,19,0,3,102,105
596,329,347,0,2,9,9,18
623,343,347,0,2,1,3,4
43,341,347,0,2,1,5,6
238,306,362,6,2,30,26,56
305,333,362,4,2,16,13,29
150,355,371,12,0,1,15,16
534,349,371,12,0,6,16,22
375,336,371,13,0,10,25,35
301,326,371,5,0,18,27,45
716,326,371,6,0,10,35,45
789,323,371,6,0,14,34,48
117,320,371,5,0,25,26,51
467,319,371,5,0,25,27,52
629,350,371,4,0,1,20,21
802,356,374,1,2,12,6,18
671,353,374,0,2,5,16,21
557,364,374,0,2,1,9,10
793,349,374,0,2,9,16,25
101,351,374,0,2,8,15,23
651,290,379,18,0,15,74,89
521,318,379,16,0,3,58,61
302,332,379,11,0,7,40,47
740,265,379,17,0,46,68,114
748,352,379,11,0,1,26,27
35,266,379,19,0,28,85,113
164,278,379,18,0,26,75,101
420,299,379,17,0,12,68,80
648,299,379,12,0,32,48,80
499,282,379,17,0,30,67,97
248,371,382,0,2,1,10,11
815,336,393,7,2,23,34,57
437,350,393,6,2,16,27,43
417,390,407,1,0,2,15,17
831,379,407,1,0,14,14,28
522,377,407,1,0,15,15,30
787,342,411,8,0,11,58,69
182,358,411,6,0,9,44,53
462,325,411,8,0,27,59,86
468,354,411,5,0,24,33,57
44,330,411,9,0,16,65,81
597,329,411,9,0,16,66,82
497,366,411,6,0,2,43,45
435,357,411,5,0,22,32,54
389,360,411,6,0,6,45,51
133,412,418,0,2,1,5,6
320,406,419,4,2,5,8,13
725,382,419,7,2,3,34,37
75,407,419,0,2,1,11,12
205,343,432,16,2,69,20,89
504,388,438,16,0,25,25,50
22,378,442,6,0,17,47,64
436,394,442,5,0,8,40,48
697,373,442,8,0,6,63,69
115,431,442,1,0,1,10,11
326,411,442,1,0,20,11,31
297,395,442,6,0,1,46,47
590,441,445,0,2,1,3,4
734,423,445,0,2,10,12,22
482,418,445,0,2,14,13,27
696,444,450,0,2,1,5,6
339,444,450,0,2,2,4,6
459,441,450,0,2,1,8,9
594,390,451,15,0,5,56,61
679,362,451,15,0,32,57,89
765,360,451,15,0,33,58,91
814,364,451,15,0,29,58,87
501,447,460,0,2,4,9,13
538,449,460,0,2,3,8,11
400,449,460,0,2,2,9,11
331,436,473,9,0,1,36,37
567,443,473,7,0,1,29,30
124,446,473,6,0,2,25,27
79,404,473,6,0,43,26,69
268,422,473,7,0,19,32,51
404,459,473,1,0,3,11,14
794,422,473,3,0,32,19,51
457,467,475,0,2,1,7,8
835,470,475,0,2,1,4,5
674,460,475,0,2,6,9,15
294,448,475,3,0,6,21,27
654,461,475,0,2,6,8,14
822,476,481,0,2,1,4,5
318,347,492,14,2,49,96,145
558,481,493,0,2,3,9,12
507,479,493,0,2,4,10,14
192,429,501,11,0,52,20,72
60,470,501,11,0,12,19,31
171,462,502,5,0,6,34,40
85,345,502,14,0,50,107,157
742,386,502,11,0,25,91,116
317,362,502,14,0,33,107,140
128,395,502,9,0,29,78,107
105,421,502,10,0,1,80,81
177,386,502,13,0,17,99,116
374,404,502,9,0,21,77,98
531,397,502,10,0,22,83,105
135,390,502,8,0,42,70,112
747,379,502,11,0,31,92,123
607,460,502,5,0,7,35,42
781,377,502,14,0,20,105,125
241,493,510,0,2,8,9,17
642,504,512,0,2,1,7,8
27,387,546,17,2,92,67,159
511,494,546,11,2,34,18,52
354,444,546,13,2,62,40,102
74,480,546,12,2,38,28,66
682,443,546,14,2,55,48,103
556,452,546,15,2,41,53,94
759,513,551,7,2,5,33,38
494,523,551,6,2,7,21,28
66,524,556,11,0,4,28,32
393,454,556,17,0,26,76,102
650,467,556,18,0,4,85,89
12,463,556,12,0,54,39,93
460,484,556,16,0,1,71,72
48,468,556,15,0,26,62,88
180,453,556,18,0,16,87,103
39,343,556,19,0,121,92,213
62,458,556,17,0,21,77,98
168,513,556,11,0,16,27,43
112,449,556,16,0,35,72,107
426,455,556,19,0,10,91,101
520,363,556,18,0,106,87,193
513,449,556,18,0,21,86,107
695,541,558,3,0,5,12,17
187,490,558,8,0,11,57,68
632,522,558,4,0,6,30,36
502,493,558,3,0,52,13,65
211,528,558,4,0,1,29,30
606,486,558,5,0,25,47,72
617,517,564,6,0,14,33,47
78,509,564,6,0,21,34,55
143,498,564,9,0,14,52,66
32,529,574,0,2,27,18,45
421,551,574,0,2,5,18,23
385,534,574,0,2,23,17,40
622,534,574,0,2,22,18,40
789,550,574,0,2,7,17,24
168,561,574,0,2,1,12,13
381,542,574,0,2,14,18,32
100,530,578,1,2,34,14,48
114,529,578,1,2,34,15,49
98,572,578,0,2,1,5,6
324,542,578,0,2,16,20,36
809,565,591,1,0,8,18,26
706,580,599,0,2,11,8,19
731,588,599,0,2,3,8,11
425,583,599,0,2,9,7,16
446,557,607,5,2,29,21,50
647,602,615,0,2,8,5,13
416,599,615,0,2,10,6,16
378,605,615,0,2,5,6,11
482,561,618,2,15,13,44,57
15,523,625,17,2,1,101,102
160,526,625,17,2,1,98,99
631,598,625,4,2,16,11,27
514,503,625,18,2,1,121,122
503,571,632,3,0,29,32,61
574,607,632,1,0,8,17,25
491,584,632,5,0,3,45,48
383,581,632,4,0,11,40,51
139,603,632,3,0,1,28,29
819,580,640,10,2,20,40,60
439,521,640,13,0,15,104,119
193,504,640,16,0,26,110,136
548,518,640,8,0,67,55,122
804,631,640,2,0,1,8,9
24,595,640,5,0,14,31,45
104,529,640,10,0,41,70,111
669,499,640,17,0,18,123,141
155,570,640,9,0,9,61,70
620,494,640,16,0,35,111,146
390,599,640,6,0,2,39,41
306,607,640,4,0,8,25,33
380,564,640,11,0,1,75,76
834,531,640,7,0,61,48,109
812,578,640,8,0,8,54,62
290,566,640,9,0,12,62,74
394,561,640,11,0,1,78,79
472,477,640,18,0,25,138,163
216,611,641,3,0,15,15,30
600,618,641,3,0,9,14,23
832,626,642,0,2,6,10,16
461,626,642,0,2,7,9,16
174,631,642,0,2,1,10,11
496,635,642,0,2,1,6,7
183,635,642,0,2,2,5,7
530,635,642,0,2,2,6,8
173,589,647,10,0,12,46,58
410,622,647,10,0,1,24,25
648,641,649,0,2,1,7,8
607,644,649,0,2,1,4,5
268,646,654,0,2,1,7,8
747,647,654,0,2,1,6,7
800,556,661,15,2,15,90,105
764,593,661,11,2,8,60,68
202,615,685,4,2,62,8,70
207,493,688,19,0,46,149,195
663,518,688,18,0,32,138,170
226,537,688,18,0,13,138,151
717,630,688,6,0,17,41,58
130,555,688,18,0,1,132,133
842,563,688,14,0,20,105,125
519,526,688,18,0,25,137,162
566,649,688,6,0,1,38,39
67,592,688,11,0,10,86,96
691,571,688,14,0,11,106,117
372,625,688,5,0,28,35,63
247,537,688,14,0,45,106,151
337,550,688,16,0,10,128,138
402,545,688,19,0,1,142,143
535,571,688,13,0,22,95,117
784,571,688,11,0,30,87,117
280,497,688,19,0,43,148,191
131,549,688,18,0,3,136,139
475,663,688,1,0,4,21,25
361,627,691,9,2,30,34,64
279,655,698,0,2,33,10,43
0,664,698,0,2,25,9,34
150,668,698,0,2,20,10,30
169,685,698,0,2,4,9,13
531,667,698,0,2,23,8,31
744,664,698,0,2,24,10,34
440,689,703,1,0,4,10,14
83,630,703,4,0,48,25,73
591,642,703,5,0,26,35,61
525,693,703,1,0,1,9,10
264,662,703,5,0,7,34,41
495,642,705,8,0,20,43,63
458,645,705,7,0,22,38,60
726,703,709,0,2,1,5,6
479,700,709,0,2,1,8,9
66,706,712,0,2,1,5,6
587,702,732,9,2,17,13,30
687,710,736,3,2,11,15,26
165,610,736,14,2,45,81,126
286,726,736,3,2,1,9,10
80,598,736,18,2,34,104,138
84,630,736,14,2,25,81,106
145,611,736,18,2,20,105,125
310,596,736,18,2,35,105,140
621,655,743,16,2,43,45,88
562,662,748,10,0,36,50,86
28,566,748,17,0,74,108,182
349,679,748,11,0,9,60,69
185,672,748,12,0,2,74,76
588,613,748,18,0,20,115,135
166,627,748,14,0,29,92,121
259,642,748,13,0,21,85,106
298,633,748,13,0,29,86,115
593,625,748,15,0,21,102,123
81,664,748,10,0,35,49,84
340,668,748,12,0,5,75,80
142,717,750,9,2,4,29,33
743,674,751,13,0,51,26,77
399,666,751,15,0,43,42,85
11,713,751,13,0,12,26,38
103,692,751,15,0,17,42,59
686,667,751,17,0,23,61,84
473,684,751,17,0,7,60,67
223,711,751,14,0,8,32,40
821,655,751,19,0,20,76,96
363,639,751,18,0,40,72,112
670,680,751,17,0,9,62,71
768,596,751,19,0,78,77,155
56,555,751,19,0,118,78,196
258,689,751,13,0,37,25,62
179,642,751,19,0,31,78,109
68,688,751,17,0,1,62,63
315,666,751,15,0,44,41,85
424,662,751,17,0,27,62,89
96,680,751,14,0,38,33,71
119,702,751,15,0,9,40,49
586,706,753,9,0,14,33,47
487,706,753,9,0,13,34,47
573,722,753,1,0,18,13,31
668,722,754,3,0,1,31,32
585,714,754,3,0,8,32,40
795,713,754,3,0,7,34,41
516,701,754,3,0,19,34,53
371,713,755,5,2,11,31,42
335,672,755,8,2,37,46,83
786,725,756,8,0,5,26,31
738,738,756,4,0,3,15,18
86,758,770,0,2,1,11,12
95,751,770,0,2,1,18,19
14,755,770,0,2,1,14,15
158,754,771,0,2,1,16,17
808,743,773,1,2,16,14,30
672,720,773,0,2,29,24,53
242,731,773,0,2,19,23,42
69,724,773,0,2,24,25,49
600,732,773,0,2,16,25,41
535,747,773,0,2,2,24,26
131,712,773,0,2,36,25,61
1,712,779,6,0,6,61,67
163,755,779,1,0,10,14,24
189,706,779,6,0,11,62,73
50,729,779,5,0,1,49,50
278,754,779,2,0,1,24,25
512,776,792,0,2,3,13,16
567,764,792,0,2,15,13,28
473,774,792,0,2,6,12,18
301,788,792,0,2,1,3,4
467,777,792,0,2,4,11,15
755,797,822,2,0,9,16,25
313,792,822,2,0,13,17,30
624,783,822,7,0,12,27,39
329,785,822,7,0,11,26,37
432,810,834,0,2,15,9,24
592,825,834,0,2,1,8,9
300,795,834,0,2,28,11,39
705,801,834,0,2,22,11,33
811,800,834,0,2,22,12,34
166,828,834,0,2,1,5,6
660,798,834,0,2,26,10,36
549,792,834,0,2,30,12,42
420,823,834,0,2,1,10,11
23,802,834,0,2,20,12,32
499,797,834,0,2,25,12,37
584,787,838,3,0,35,16,51
52,797,838,4,0,6,35,41
37,795,838,4,0,6,37,43
777,756,838,3,0,66,16,82
739,783,838,4,0,19,36,55
208,761,838,4,0,40,37,77
334,832,839,0,2,1,6,7
12,832,839,0,2,2,5,7
606,839,844,0,2,1,4,5
219,765,845,6,0,24,56,80
656,734,845,9,0,35,76,111
186,747,845,5,0,53,45,98
526,746,845,6,0,42,57,99
616,782,845,6,0,6,57,63
356,785,845,5,0,16,44,60
332,738,845,9,0,31,76,107
146,736,845,9,0,34,75,109
735,740,845,8,0,35,70,105
307,777,845,3,0,45,23,68
766,851,858,0,2,1,6,7
1,851,858,0,2,2,5,7
552,850,858,0,2,1,7,8
491,848,858,0,2,1,9,10
575,841,858,0,2,4,13,17
4,802,862,16,2,3,57,60
319,807,862,12,2,9,46,55
550,788,862,16,2,18,56,74
243,805,862,11,2,22,35,57
528,852,869,2,16,1,16,17
82,865,873,0,2,3,5,8
393,859,873,0,2,7,7,14
25,858,873,0,2,9,6,15
191,869,873,0,2,1,3,4
216,857,873,0,2,9,7,16
587,855,878,2,1,7,16,23
443,868,882,3,0,1,13,14
367,800,882,6,0,43,39,82
646,856,882,3,0,6,20,26
273,834,882,4,0,21,27,48
107,869,882,3,0,1,12,13
664,713,893,18,0,84,96,180
772,735,893,11,0,92,66,158
799,716,893,16,0,89,88,177
311,714,893,18,0,84,95,179
628,841,893,10,0,1,51,52
127,777,893,18,0,22,94,116
125,740,893,18,0,57,96,153
624,874,893,0,2,9,10,19
599,881,893,0,2,1,11,12
582,783,893,10,0,55,55,110
87,785,893,12,0,31,77,108
184,805,893,12,0,12,76,88
401,815,893,12,0,3,75,78
336,873,893,0,2,9,11,20
818,800,893,10,0,39,54,93
798,888,893,0,2,1,4,5
99,860,893,1,0,18,15,33
59,750,893,11,0,78,65,143
49,898,905,0,2,1,6,7
11,900,905,0,2,1,4,5
223,900,905,0,2,2,3,5
258,901,905,0,2,1,3,4
771,895,914,3,2,6,13,19
214,897,914,3,2,5,12,17
198,769,915,13,2,58,88,146
395,797,915,13,2,29,89,118
711,820,915,14,2,1,94,95
408,860,915,7,2,11,44,55
724,844,915,7,2,28,43,71
5,839,915,8,2,22,54,76
441,909,931,1,2,10,12,22
262,901,931,0,2,10,20,30
532,913,931,0,2,1,17,18
554,913,931,0,2,2,16,18
90,902,931,0,2,10,19,29
586,903,931,0,2,8,20,28
407,915,931,0,2,1,15,16
543,927,935,0,2,1,7,8
515,918,935,0,2,11,6,17
440,917,935,0,2,10,8,18
226,917,935,0,2,11,7,18
83,929,935,0,2,1,5,6
60,917,935,0,2,10,8,18
454,864,936,8,0,1,71,72
509,896,936,1,0,24,16,40
698,802,936,8,0,58,76,134
314,744,936,15,0,52,140,192
484,730,936,13,0,96,110,206
204,841,936,7,0,30,65,95
612,868,936,6,0,25,43,68
261,801,936,13,0,27,108,135
29,888,936,7,0,1,47,48
678,737,936,15,0,58,141,199
42,794,936,15,0,1,141,142
712,731,936,14,0,81,124,205
406,836,936,9,0,13,87,100
447,893,936,5,0,9,34,43
58,784,936,9,0,64,88,152
171,936,945,0,2,1,8,9
85,941,945,0,2,1,3,4
617,938,945,0,2,1,6,7
738,937,945,0,2,1,7,8
391,804,946,17,2,72,70,142
61,846,946,17,2,31,69,100
213,914,947,2,3,17,16,33
32,878,951,2,11,28,45,73
745,868,959,2,12,37,54,91
350,938,963,8,2,10,15,25
446,954,964,2,1,1,9,10
422,934,964,2,1,12,18,30
706,903,969,2,16,2,64,66
57,813,970,19,0,57,100,157
178,802,970,19,0,67,101,168
701,948,971,8,0,1,22,23
269,936,971,7,0,18,17,35
116,951,972,0,2,11,10,21
21,945,972,0,2,17,10,27
568,953,972,0,2,11,8,19
436,964,972,0,2,1,7,8
314,945,972,0,2,18,9,27
65,921,979,6,2,17,41,58
167,861,979,11,2,48,70,118
699,880,979,14,2,8,91,99
451,924,979,8,2,3,52,55
728,973,982,1,2,4,5,9
176,974,982,0,2,1,7,8
202,978,987,2,1,1,8,9
418,878,995,12,0,26,91,117
689,963,995,3,0,9,23,32
611,912,995,6,0,25,58,83
1,964,995,2,6,8,23,31
673,854,995,15,0,24,117,141
776,861,995,10,0,58,76,134
580,868,995,12,0,35,92,127
9,871,995,15,0,7,117,124
386,845,995,13,0,53,97,150
221,942,995,4,0,17,36,53
634,867,995,15,0,12,116,128
618,852,995,14,0,35,108,143
272,893,995,4,0,65,37,102
718,923,995,6,0,14,58,72
8,876,995,15,0,4,115,119
658,875,995,8,0,51,69,120
693,928,995,3,0,44,23,67
438,979,1003,0,2,15,9,24
782,990,1003,0,2,5,8,13
232,990,1003,0,2,4,9,13
363,996,1003,0,2,1,6,7
406,986,1003,0,2,8,9,17
817,980,1005,0,2,15,10,25
79,996,1005,0,2,1,8,9
464,1000,1005,0,2,2,4,6
844,994,1005,0,2,2,10,12
604,1005,1011,0,2,1,5,6
120,981,1018,10,2,8,29,37
583,967,1018,10,2,23,28,51
270,991,1028,4,0,21,16,37
233,976,1028,4,0,35,17,52
54,1000,1028,4,0,11,17,28
242,958,1032,2,11,47,27,74
19,960,1033,6,2,45,28,73
437,1006,1034,2,1,13,15,28
354,992,1034,2,1,26,16,42
433,1018,1037,0,2,7,12,19
414,1013,1037,0,2,14,10,24
742,1022,1037,0,2,3,12,15
650,1010,1037,0,2,15,12,27
633,1015,1037,0,2,11,11,22
534,1022,1037,0,2,4,11,15
566,1025,1037,0,2,2,10,12
194,1022,1037,0,2,3,12,15
632,1013,1037,0,2,12,12,24
629,1008,1037,0,2,17,12,29
513,1008,1037,0,2,18,11,29
225,1031,1038,0,2,1,6,7
190,1021,1038,0,2,7,10,17
767,1033,1038,0,2,1,4,5
218,997,1043,6,0,8,38,46
110,947,1043,3,0,71,25,96
823,966,1043,6,0,40,37,77
810,986,1045,10,0,5,54,59
249,965,1045,10,0,24,56,80
284,1046,1052,0,2,1,5,6
302,1042,1052,0,2,2,8,10
130,1043,1052,0,2,2,7,9
62,1039,1052,0,2,4,9,13
715,969,1060,15,2,11,80,91
828,1024,1060,11,2,1,35,36
362,942,1060,9,2,101,17,118
474,899,1060,17,2,66,95,161
753,919,1060,15,2,59,82,141
662,924,1060,17,2,41,95,136
579,975,1060,12,2,36,49,85
741,1022,1060,11,2,2,36,38
491,1052,1061,2,5,1,8,9
661,891,1073,17,0,75,107,182
398,930,1073,15,0,49,94,143
358,1053,1073,1,0,14,6,20
490,983,1073,11,0,40,50,90
91,953,1073,13,0,38,82,120
423,918,1073,17,0,49,106,155
721,925,1073,13,0,67,81,148
843,954,1073,14,0,31,88,119
387,909,1073,13,0,82,82,164
685,890,1073,17,0,75,108,183
785,967,1073,15,0,11,95,106
657,962,1073,13,0,31,80,111
94,963,1073,17,0,3,107,110
203,1068,1081,0,2,6,7,13
620,1059,1081,0,2,14,8,22
382,1057,1081,4,0,1,23,24
630,1024,1081,4,0,27,30,57
17,1038,1082,6,0,31,13,44
445,1035,1090,14,2,11,44,55
333,958,1090,9,2,97,35,132
30,976,1090,7,2,93,21,114
266,1016,1090,7,2,54,20,74
428,965,1090,7,2,103,22,125
246,1011,1090,14,2,34,45,79
696,1088,1092,2,3,1,3,4
44,1088,1093,0,2,1,4,5
812,1086,1093,0,2,1,6,7
753,1095,1099,2,1,1,3,4
106,1088,1105,3,2,8,9,17
569,1004,1110,8,0,56,50,106
200,1024,1110,7,0,44,42,86
732,1015,1110,7,0,53,42,95
255,1018,1110,14,0,26,66,92
38,1048,1110,9,0,8,54,62
97,994,1110,14,0,50,66,116
189,1103,1121,0,2,7,11,18
29,1109,1121,0,2,2,10,12
535,1114,1132,2,13,1,17,18
123,1129,1135,2,6,1,5,6
563,1054,1145,10,2,67,24,91
774,1088,1145,13,2,11,46,57
237,1045,1145,17,2,34,66,100
513,1090,1147,2,18,18,39,57
558,1126,1148,2,11,1,21,22
581,1130,1151,0,2,14,7,21
450,1126,1151,0,2,19,6,25
331,1121,1151,0,2,23,7,30
39,1137,1151,0,2,7,7,14
721,1136,1151,0,2,10,5,15
417,1141,1151,0,2,4,6,10
547,1111,1165,8,0,15,39,54
722,1118,1165,6,0,18,29,47
289,1114,1165,3,0,44,7,51
788,1118,1165,4,0,35,12,47
384,1072,1169,18,0,1,96,97
316,1060,1169,15,0,32,77,109
175,1097,1169,10,0,25,47,72
427,901,1169,19,0,163,105,268
265,1050,1169,18,0,24,95,119
228,957,1169,18,0,116,96,212
26,1052,1169,11,0,61,56,117
827,1158,1169,1,0,1,10,11
118,1008,1169,15,0,83,78,161
151,1082,1169,12,0,22,65,87
541,1036,1169,16,0,49,84,133
681,1077,1169,13,0,23,69,92
803,1109,1169,1,0,44,16,60
396,1063,1169,13,0,36,70,106
260,1170,1176,0,2,1,5,6
240,1171,1176,0,2,2,4,6
397,1172,1176,0,2,1,3,4
768,1167,1176,0,2,2,7,9
45,1162,1177,1,2,5,10,15
359,1155,1177,0,2,5,17,22
551,1150,1177,0,2,8,19,27
702,1152,1177,0,2,7,18,25
573,1152,1177,0,2,6,19,25
679,1160,1177,0,2,1,16,17
308,1155,1182,2,3,22,5,27
455,1175,1185,0,2,1,9,10
206,1181,1185,0,2,1,3,4
786,1178,1185,0,2,1,6,7
572,1179,1187,1,2,1,7,8
526,1165,1187,0,2,1,21,22
390,1166,1187,0,2,2,19,21
684,1165,1187,0,2,2,20,22
297,1172,1187,0,2,1,14,15
210,1166,1199,4,2,22,11,33
346,1139,1199,9,2,5,55,60
603,1131,1199,13,2,1,67,68
248,1146,1199,2,10,30,23,53
405,1185,1202,2,9,2,15,17
222,1197,1208,2,11,1,10,11
215,1178,1209,3,0,9,22,31
576,1174,1209,3,0,12,23,35
478,1183,1214,2,1,16,15,31
154,1216,1221,0,2,1,4,5
640,1216,1221,0,2,2,3,5
740,1215,1221,0,2,1,5,6
290,1214,1221,0,2,1,6,7
452,1150,1225,8,0,7,68,75
353,1118,1225,13,0,7,100,107
448,1149,1225,7,0,23,53,76
235,1094,1225,17,0,23,108,131
498,1189,1234,0,2,22,23,45
20,1203,1234,0,2,7,24,31
523,1205,1234,0,2,4,25,29
651,1194,1234,0,2,15,25,40
569,1194,1234,0,2,18,22,40
291,1187,1234,0,2,22,25,47
137,1191,1234,0,2,19,24,43
228,1197,1234,0,2,12,25,37
306,1209,1234,0,2,2,23,25
360,1185,1234,0,2,24,25,49
466,1190,1234,0,2,20,25,45
690,1209,1234,0,2,1,24,25
264,1185,1234,0,2,25,24,49
14,1233,1239,2,4,1,5,6
412,1233,1244,4,2,5,6,11
840,1197,1244,6,2,33,14,47
625,1205,1244,8,2,10,29,39
344,1189,1244,8,2,27,28,55
546,1180,1244,8,2,35,29,64
252,1217,1245,0,2,8,20,28
288,1225,1245,0,2,1,19,20
646,1229,1245,0,2,1,15,16
274,1119,1247,19,2,74,54,128
751,1203,1247,15,2,6,38,44
480,1114,1247,19,2,78,55,133
609,1114,1247,18,2,87,46,133
257,1135,1247,13,2,87,25,112
457,1195,1247,2,7,26,26,52
752,1243,1250,2,1,1,6,7
730,1180,1259,7,0,41,38,79
643,1196,1259,4,0,41,22,63
700,1163,1260,14,0,53,44,97
322,1134,1260,15,0,74,52,126
132,1102,1260,18,0,98,60,158
652,1186,1260,14,0,31,43,74
481,1190,1260,12,0,44,26,70
55,1179,1260,19,0,13,68,81
245,1218,1263,17,2,10,35,45
98,1221,1266,2,19,1,44,45
293,1261,1268,0,2,1,6,7
304,1264,1268,0,2,1,3,4
28,1234,1268,0,2,21,13,34
192,1263,1268,0,2,1,4,5
265,1253,1268,0,2,2,13,15
249,1246,1268,0,2,10,12,22
117,1261,1268,0,2,1,6,7
3,1242,1268,0,2,13,13,26
502,1244,1268,0,2,13,11,24
424,1244,1268,0,2,11,13,24
475,1241,1268,0,2,15,12,27
753,1182,1269,1,15,52,35,87
757,1263,1269,0,2,1,5,6
548,1261,1269,0,2,1,7,8
347,1200,1270,19,0,21,49,70
403,1269,1280,0,2,1,10,11
199,1275,1280,0,2,1,4,5
261,1272,1280,0,2,1,7,8
176,1256,1286,2,9,12,18,30
647,1271,1288,2,0,6,11,17
595,1287,1295,0,2,1,7,8
594,1285,1295,0,2,4,6,10
685,1280,1295,0,2,8,7,15
538,1296,1306,2,7,1,9,10
826,1300,1314,0,2,2,13,15
172,1311,1315,0,2,1,3,4
619,1309,1321,0,2,1,11,12
369,1311,1321,0,2,1,9,10
519,1317,1321,0,2,1,3,4
582,1298,1321,0,2,3,20,23
374,1300,1321,0,2,1,20,21
247,1312,1321,0,2,1,8,9
50,1305,1321,0,2,1,15,16
68,1293,1321,0,2,7,21,28
211,1299,1321,0,2,1,21,22
472,1310,1321,0,2,1,10,11
729,1301,1329,7,2,13,15,28
623,1309,1329,2,7,6,14,20
568,1314,1329,2,7,2,13,15
251,1247,1336,16,2,27,62,89
644,1255,1336,15,2,28,53,81
147,1269,1336,14,2,25,42,67
773,1298,1336,11,2,7,31,38
277,1255,1336,10,2,58,23,81
456,1295,1336,13,2,4,37,41
550,1296,1339,2,1,29,14,43
579,1291,1339,2,1,33,15,48
476,1317,1339,2,1,9,13,22
811,1319,1340,2,8,1,20,21
313,1325,1340,0,2,8,7,15
785,1336,1340,0,2,1,3,4
371,1341,1347,2,1,1,5,6
5,1337,1347,2,1,1,9,10
637,1334,1347,0,2,1,12,13
492,1327,1347,0,2,6,14,20
7,1328,1347,0,2,4,15,19
837,1321,1347,0,2,11,15,26
149,1328,1347,0,2,6,13,19
352,1323,1347,0,2,10,14,24
124,1337,1347,0,2,1,9,10
574,1325,1347,0,2,7,15,22
781,1336,1347,0,2,1,10,11
520,1324,1347,0,2,8,15,23
0,1306,1349,2,0,18,25,43
174,1341,1357,2,10,1,15,16
765,1350,1358,0,2,1,7,8
628,1353,1360,0,2,1,6,7
128,1345,1360,0,2,4,11,15
845,1350,1360,0,2,2,9,11
113,1356,1360,0,2,1,3,4
277,1346,1364,2,1,10,8,18
89,1343,1364,2,12,1,20,21
832,1335,1375,2,19,5,35,40
708,1364,1380,0,2,8,8,16
127,1357,1380,0,2,15,8,23
404,1371,1380,0,2,1,8,9
796,1362,1380,0,2,10,8,18
435,1363,1380,0,2,10,7,17
673,1378,1382,0,2,1,3,4
31,1362,1383,0,2,11,10,21
635,1378,1383,0,2,1,4,5
471,1371,1383,0,2,2,10,12
575,1376,1391,2,3,5,10,15
624,1384,1397,2,7,1,12,13
172,1375,1404,2,5,5,24,29
654,1382,1406,2,9,1,23,24
729,1381,1408,2,1,13,14,27
636,1362,1408,2,1,33,14,47
343,1392,1408,2,1,4,12,16
844,1368,1418,2,0,27,23,50
488,1380,1430,9,2,26,24,50
645,1321,1431,15,2,64,46,110
605,1332,1431,12,2,65,34,99
88,1378,1431,19,2,1,52,53
430,1406,1434,0,2,12,16,28
769,1420,1434,0,2,1,13,14
444,1397,1434,0,2,21,16,37
271,1404,1434,0,2,15,15,30
294,1409,1434,0,2,11,14,25
656,1415,1434,0,2,3,16,19
821,1413,1434,0,2,6,15,21
184,1400,1434,0,2,18,16,34
244,1384,1434,0,2,35,15,50
401,1383,1434,0,2,35,16,51
112,1411,1434,0,2,7,16,23
658,1398,1434,0,2,21,15,36
539,1378,1441,18,2,1,62,63
570,1329,1441,18,2,41,71,112
102,1368,1443,11,2,43,32,75
598,1343,1443,17,2,38,62,100
65,1413,1445,2,1,17,15,32
715,1436,1445,2,1,1,8,9
158,1425,1445,2,1,6,14,20
385,1409,1446,2,4,25,12,37
514,1445,1449,2,1,1,3,4
422,1386,1452,1,11,37,29,66
300,1399,1454,2,5,36,19,55
134,1434,1461,0,2,10,17,27
224,1436,1461,0,2,9,16,25
365,1447,1461,0,2,1,13,14
364,1428,1461,0,2,17,16,33
584,1430,1461,0,2,14,17,31
787,1438,1461,0,2,9,14,23
698,1431,1461,0,2,15,15,30
591,1423,1461,0,2,21,17,38
179,1436,1461,0,2,8,17,25
639,1401,1462,2,13,33,28,61
812,1394,1463,2,8,40,29,69
321,1450,1466,4,2,11,5,16
209,1440,1466,4,2,20,6,26
625,1451,1476,2,1,7,18,25
328,1463,1476,2,1,1,12,13
556,1453,1476,2,1,6,17,23
587,1439,1492,1,9,41,12,53
825,1467,1495,0,2,12,17,29
267,1453,1495,0,2,25,17,42
462,1473,1495,0,2,5,17,22
697,1465,1495,0,2,13,17,30
178,1465,1495,0,2,14,16,30
735,1456,1502,0,2,23,23,46
458,1471,1502,0,2,8,23,31
502,1482,1505,2,3,14,9,23
500,1492,1517,7,2,10,15,25
92,1447,1517,13,2,38,32,70
813,1429,1517,15,2,44,44,88
542,1415,1517,16,2,50,52,102
512,1503,1518,2,11,1,14,15
758,1472,1519,7,2,29,18,47
199,1475,1519,2,7,20,24,44
752,1468,1528,1,15,21,39,60
766,1487,1532,2,13,1,44,45
15,1521,1538,2,1,1,16,17
494,1518,1538,2,1,1,19,20
100,1476,1538,2,1,41,21,62
281,1459,1538,19,2,50,29,79
40,1499,1538,19,2,11,28,39
126,1487,1538,18,2,32,19,51
790,1514,1541,0,2,20,7,27
452,1533,1541,0,2,2,6,8
522,1536,1541,0,2,1,4,5
276,1507,1544,0,2,24,13,37
152,1513,1544,0,2,19,12,31
824,1499,1544,0,2,34,11,45
672,1467,1544,2,15,1,76,77
709,1500,1544,0,2,31,13,44
368,1527,1544,0,2,6,11,17
351,1516,1544,0,2,15,13,28
664,1502,1544,0,2,30,12,42
663,1490,1544,0,2,41,13,54
219,1511,1544,0,2,20,13,33
804,1525,1544,0,2,6,13,19
22,1498,1544,0,2,34,12,46
434,1520,1544,0,2,12,12,24
510,1506,1544,0,2,26,12,38
217,1507,1544,0,2,27,11,38
593,1505,1544,0,2,26,13,39
739,1504,1544,0,2,27,13,40
337,1504,1544,0,2,30,10,40
208,1498,1544,0,2,33,13,46
42,1513,1544,0,2,18,13,31
143,1532,1544,0,2,2,10,12
236,1477,1554,2,17,1,76,77
498,1465,1554,2,17,1,88,89
577,1547,1559,0,2,2,10,12
797,1545,1559,0,2,2,12,14
82,1524,1559,2,13,19,16,35
562,1541,1559,0,2,4,14,18
48,1546,1559,0,2,2,11,13
132,1546,1559,0,2,1,12,13
691,1538,1559,0,2,7,14,21
834,1545,1559,0,2,1,13,14
777,1540,1559,0,2,6,13,19
821,1487,1561,2,19,2,72,74
589,1548,1565,0,2,2,16,18
232,1549,1566,2,4,10,7,17
633,1525,1571,2,15,19,27,46
6,1537,1575,8,2,11,27,38
303,1542,1575,8,2,7,26,33
181,1550,1575,6,2,10,15,25
5,1521,1578,1,8,31,26,57
680,1558,1580,0,2,17,5,22
323,1570,1580,0,2,5,5,10
439,1569,1580,0,2,7,4,11
105,1555,1580,0,2,19,6,25
576,1569,1580,0,2,5,6,11
618,1563,1580,0,2,11,6,17
438,1544,1581,2,16,1,36,37
311,1580,1589,0,2,1,8,9
754,1583,1589,0,2,1,5,6
214,1577,1592,2,1,1,14,15
699,1566,1592,2,1,10,16,26
428,1560,1592,2,1,15,17,32
557,1552,1595,2,16,8,35,43
503,1593,1597,0,2,1,3,4
182,1589,1597,0,2,3,5,8
372,1587,1597,0,2,4,6,10
525,1589,1597,0,2,2,6,8
683,1538,1606,14,2,53,15,68
299,1572,1612,4,2,29,11,40
155,1612,1617,0,2,1,4,5
38,1612,1617,0,2,2,3,5
394,1611,1617,0,2,1,5,6
581,1571,1619,2,12,26,22,48
333,1604,1621,2,1,2,15,17
631,1604,1621,2,1,3,14,17
306,1609,1623,2,4,9,5,14
640,1607,1626,2,13,1,18,19
524,1601,1630,0,2,6,23,29
345,1596,1630,0,2,11,23,34
366,1599,1630,0,2,9,22,31
207,1601,1630,0,2,8,21,29
795,1607,1630,0,2,3,20,23
307,1605,1630,0,2,3,22,25
59,1602,1630,0,2,5,23,28
842,1627,1634,0,2,1,6,7
374,1604,1638,2,9,13,21,34
446,1623,1639,1,5,1,15,16
359,1583,1641,2,18,15,43,58
256,1627,1644,0,2,1,16,17
193,1613,1644,0,2,10,21,31
91,1617,1644,0,2,7,20,27
410,1629,1644,0,2,1,14,15
107,1627,1644,0,2,1,16,17
414,1639,1651,2,4,5,7,12
354,1603,1653,1,13,10,40,50
704,1637,1656,0,2,6,13,19
427,1643,1656,0,2,1,12,13
467,1652,1663,2,5,4,7,11
780,1628,1668,14,2,15,25,40
328,1629,1673,1,16,6,38,44
378,1640,1684,2,0,28,16,44
156,1656,1686,7,2,13,17,30
712,1657,1694,0,2,15,22,37
139,1674,1694,0,2,1,19,20
829,1667,1694,0,2,6,21,27
431,1685,1698,0,2,2,12,14
509,1693,1706,0,2,5,8,13
54,1694,1706,0,2,5,7,12
818,1694,1706,0,2,4,8,12
155,1695,1711,2,9,1,15,16
550,1676,1712,1,16,13,23,36
835,1675,1713,2,13,21,17,38
102,1701,1718,2,1,4,13,17
223,1670,1721,2,14,25,26,51
140,1705,1726,0,2,8,13,21
161,1708,1726,0,2,6,12,18
373,1708,1726,0,2,5,13,18
135,1708,1726,0,2,7,11,18
383,1709,1726,0,2,4,13,17
530,1720,1734,2,0,6,8,14
629,1729,1734,2,4,1,4,5
762,1715,1736,4,2,9,12,21
837,1726,1740,2,5,1,13,14
330,1725,1747,0,2,9,13,22
170,1726,1747,0,2,9,12,21
317,1729,1747,0,2,5,13,18
104,1731,1747,0,2,4,12,16
497,1726,1747,0,2,8,13,21
678,1727,1747,0,2,9,11,20
727,1732,1747,0,2,2,13,15
688,1741,1748,0,2,1,6,7
43,1706,1748,2,9,20,22,42
298,1743,1748,0,2,1,4,5
719,1739,1748,0,2,1,8,9
707,1752,1756,0,2,1,3,4
326,1747,1756,0,2,1,8,9
95,1730,1764,2,17,1,33,34
454,1755,1770,0,2,4,11,15
349,1755,1770,0,2,6,9,15
316,1764,1770,0,2,1,5,6
616,1753,1770,0,2,6,11,17
375,1765,1770,0,2,1,4,5
325,1754,1770,0,2,6,10,16
269,1756,1770,0,2,3,11,14
836,1762,1770,0,2,1,7,8
235,1756,1770,0,2,4,10,14
315,1756,1770,0,2,3,11,14
389,1766,1770,0,2,1,3,4
266,1746,1771,2,1,4,21,25
778,1732,1778,14,2,30,16,46
365,1759,1780,2,18,1,20,21
732,1768,1783,0,2,1,14,15
67,1767,1783,0,2,1,15,16
670,1768,1783,0,2,2,13,15
53,1762,1783,0,2,1,20,21
749,1786,1803,0,2,8,9,17
449,1791,1803,0,2,1,11,12
626,1781,1803,0,2,11,11,22
443,1777,1803,0,2,15,11,26
197,1776,1803,0,2,16,11,27
665,1783,1803,0,2,11,10,21
784,1785,1803,0,2,7,11,18
55,1790,1803,0,2,3,10,13
58,1776,1803,0,2,17,10,27
94,1789,1803,0,2,3,11,14
838,1767,1804,5,2,11,26,37
109,1770,1804,3,2,17,17,34
149,1788,1807,2,12,1,18,19
400,1763,1807,2,12,20,24,44
338,1766,1809,16,2,8,35,43
153,1794,1812,0,2,1,17,18
657,1780,1812,0,2,14,18,32
524,1796,1813,2,1,8,9,17
439,1780,1816,2,13,3,33,36
233,1805,1818,0,2,1,12,13
332,1806,1818,0,2,1,11,12
340,1805,1818,0,2,2,11,13
636,1820,1825,1,2,2,3,5
65,1767,1827,1,6,38,22,60
376,1813,1830,0,2,8,9,17
613,1810,1830,0,2,8,12,20
72,1807,1830,0,2,12,11,23
356,1806,1830,0,2,12,12,24
382,1807,1830,0,2,11,12,23
18,1811,1830,0,2,8,11,19
173,1807,1830,0,2,13,10,23
794,1812,1830,0,2,6,12,18
744,1806,1830,2,16,1,23,24
831,1821,1830,0,2,1,8,9
214,1817,1833,1,3,4,12,16
501,1795,1833,2,7,18,20,38
787,1777,1843,2,8,35,31,66
729,1816,1845,1,7,4,25,29
755,1836,1846,0,2,4,6,10
504,1836,1846,0,2,5,5,10
234,1832,1848,0,2,1,15,16
77,1828,1848,0,2,1,19,20
41,1827,1848,0,2,3,18,21
322,1833,1848,0,2,1,14,15
103,1823,1848,0,2,6,19,25
164,1833,1848,0,2,2,13,15
329,1834,1848,0,2,2,12,14
658,1831,1849,2,8,1,17,18
494,1828,1860,1,6,10,22,32
94,1828,1863,2,17,2,33,35
641,1855,1864,0,2,1,8,9
668,1851,1864,0,2,4,9,13
516,1845,1864,0,2,10,9,19
459,1845,1869,2,16,1,23,24
361,1840,1870,2,1,22,8,30
759,1827,1870,2,1,35,8,43
395,1849,1870,2,1,15,6,21
30,1851,1870,2,1,11,8,19
523,1866,1870,2,1,1,3,4
196,1846,1877,0,2,10,21,31
411,1858,1877,0,2,1,18,19
717,1855,1877,0,2,1,21,22
24,1855,1877,0,2,2,20,22
839,1861,1877,0,2,1,15,16
825,1838,1882,2,0,25,19,44
67,1861,1883,2,11,3,19,22
327,1867,1887,0,2,9,11,20
495,1865,1887,0,2,12,10,22
716,1864,1887,0,2,12,11,23
99,1868,1887,0,2,10,9,19
776,1884,1894,0,2,1,9,10
56,1889,1894,0,2,1,4,5
437,1883,1897,1,6,1,13,14
190,1896,1902,2,6,1,5,6
267,1888,1902,2,7,1,13,14
577,1889,1906,2,0,4,13,17
586,1885,1911,2,9,2,24,26
493,1906,1916,0,2,1,9,10
601,1899,1916,0,2,5,12,17
399,1894,1916,0,2,11,11,22
809,1910,1916,0,2,1,5,6
380,1907,1916,0,2,1,8,9
148,1900,1916,0,2,6,10,16
2,1904,1916,0,2,2,11,13
119,1892,1916,0,2,12,12,24
37,1915,1919,0,2,1,3,4
115,1906,1919,0,2,1,12,13
579,1855,1920,1,12,26,39,65
622,1919,1933,2,14,1,13,14
818,1897,1933,2,10,16,20,36
159,1920,1934,2,1,4,10,14
578,1916,1934,2,1,7,11,18
724,1921,1934,2,1,2,11,13
708,1921,1939,2,0,4,14,18
460,1926,1941,0,2,2,13,15
675,1930,1941,0,2,1,10,11
748,1916,1941,0,2,10,15,25
221,1920,1941,0,2,6,15,21
402,1916,1941,0,2,11,14,25
148,1923,1941,2,14,1,17,18
521,1927,1944,0,2,1,16,17
585,1930,1944,0,2,1,13,14
676,1937,1952,0,2,2,13,15
231,1938,1952,0,2,2,12,14
34,1935,1952,0,2,4,13,17
651,1912,1954,2,18,2,40,42
371,1934,1958,1,5,1,23,24
372,1950,1958,2,5,1,7,8
50,1937,1958,2,5,5,16,21
16,1941,1959,0,2,1,17,18
615,1935,1959,0,2,5,19,24
367,1944,1959,0,2,1,14,15
612,1950,1959,0,2,1,8,9
681,1953,1959,0,2,2,4,6
630,1953,1959,0,2,1,5,6
96,1952,1959,0,2,1,6,7
47,1952,1959,0,2,2,5,7
277,1925,1964,1,10,11,28,39
728,1934,1965,2,1,23,8,31
20,1930,1968,2,7,11,27,38
564,1957,1972,0,2,7,8,15
816,1965,1972,0,2,1,6,7
634,1960,1972,0,2,4,8,12
168,1943,1972,2,11,1,28,29
544,1959,1972,0,2,7,7,14
490,1974,1980,0,2,1,5,6
180,1973,1980,0,2,1,6,7
695,1970,1980,0,2,1,9,10
814,1975,1980,0,2,1,4,5
352,1939,1983,2,13,6,38,44
699,1919,1989,1,14,16,54,70
820,1981,1989,0,2,1,7,8
10,1982,1989,0,2,1,6,7
772,1977,1989,0,2,2,10,12
41,1929,1995,2,15,15,51,66
452,1969,1996,2,8,3,24,27
262,1981,1997,2,13,1,15,16
92,1985,2000,2,1,5,10,15
154,1977,2008,2,9,1,30,31
734,1987,2011,2,19,2,22,24
561,2010,2026,0,2,1,15,16
571,2002,2026,0,2,6,18,24
505,1990,2026,0,2,18,18,36
689,2003,2026,0,2,7,16,23
387,2010,2026,0,2,2,14,16
78,1993,2026,0,2,16,17,33
259,2016,2027,0,2,2,9,11
429,2020,2027,0,2,1,6,7
426,2023,2027,0,2,1,3,4
304,2027,2036,2,6,1,8,9
529,2034,2044,0,2,4,6,10
515,2040,2044,2,3,1,3,4
588,2032,2044,0,2,5,7,12
17,2035,2044,0,2,2,7,9
599,2021,2044,2,3,5,18,23
468,2035,2044,0,2,4,5,9
585,2005,2044,2,3,21,18,39
625,2019,2045,1,8,1,25,26
751,2021,2047,2,1,18,8,26
362,2016,2047,2,1,22,9,31
202,1987,2050,1,4,30,33,63
726,2044,2051,2,3,2,5,7
153,2044,2057,2,4,1,12,13
549,2045,2058,2,13,1,12,13
368,2010,2059,2,6,17,32,49
355,2041,2060,0,2,12,7,19
76,2047,2060,0,2,6,7,13
218,2043,2060,0,2,10,7,17
823,2044,2060,0,2,10,6,16
377,2049,2066,0,2,5,12,17
118,2041,2066,0,2,13,12,25
770,2065,2071,0,2,1,5,6
86,2020,2071,2,15,6,45,51
841,2063,2071,0,2,1,7,8
35,2058,2071,0,2,1,12,13
187,2067,2071,0,2,1,3,4
761,2057,2071,0,2,2,13,15
717,2062,2074,2,6,4,8,12
511,2051,2080,2,1,20,9,29
36,2051,2080,2,1,22,8,30
478,2007,2084,1,17,2,75,77
425,2010,2084,2,17,15,59,74
244,2056,2089,2,17,4,29,33
642,2077,2091,2,4,6,8,14
112,2070,2092,2,16,1,21,22
220,2081,2098,0,2,6,11,17
775,2084,2098,0,2,4,10,14
612,2101,2112,2,6,1,10,11
492,2108,2117,2,5,1,8,9
116,2091,2117,2,5,4,22,26
238,2096,2118,2,1,8,14,22
246,2093,2118,2,1,10,15,25
440,2103,2118,2,1,2,13,15
60,2091,2121,2,11,8,22,30
21,2116,2123,2,6,1,6,7
150,2091,2126,2,12,7,28,35
805,2100,2133,0,2,15,18,33
627,2113,2133,0,2,5,15,20
760,2116,2133,0,2,1,16,17
423,2102,2133,0,2,15,16,31
177,2110,2133,0,2,5,18,23
52,2097,2133,0,2,19,17,36
718,2095,2133,0,2,20,18,38
8,2104,2133,0,2,12,17,29
693,2102,2133,0,2,13,18,31
724,2116,2137,1,7,6,15,21
655,2123,2137,0,2,1,13,14
486,2118,2137,0,2,1,18,19
309,2127,2142,0,2,8,7,15
694,2130,2142,0,2,5,7,12
830,2125,2142,0,2,9,8,17
175,2137,2142,0,2,1,4,5
614,2129,2142,0,2,5,8,13
541,2127,2142,0,2,7,8,15
273,2127,2142,0,2,9,6,15
504,2109,2143,2,16,5,29,34
705,2131,2149,2,3,11,7,18
571,2107,2152,2,18,6,39,45
461,2133,2158,2,8,10,15,25
749,2139,2161,2,11,1,21,22
84,2152,2162,2,1,1,9,10
509,2134,2162,2,1,13,15,28
323,2150,2170,2,15,1,19,20
781,2124,2171,2,14,9,38,47
263,2154,2173,0,2,6,13,19
653,2146,2173,0,2,13,14,27
536,2157,2173,0,2,2,14,16
743,2154,2173,0,2,4,15,19
384,2141,2173,0,2,17,15,32
597,2146,2173,0,2,12,15,27
646,2152,2177,2,3,18,7,25
226,2136,2179,2,18,1,42,43
49,2127,2183,2,15,6,50,56
765,2124,2183,2,15,10,49,59
824,2174,2185,2,6,1,10,11
506,2176,2185,0,2,4,5,9
700,2178,2185,0,2,3,4,7
730,2177,2185,0,2,2,6,8
163,2171,2185,0,2,8,6,14
660,2162,2185,2,6,10,13,23
87,2179,2185,0,2,1,5,6
592,2179,2186,2,5,1,6,7
142,2167,2192,2,1,9,16,25
532,2155,2193,2,9,16,22,38
30,2153,2196,1,7,13,30,43
428,2157,2196,1,7,10,29,39
351,2176,2204,2,13,9,19,28
638,2198,2208,0,2,4,6,10
398,2204,2208,0,2,1,3,4
580,2193,2208,0,2,10,5,15
280,2189,2208,0,2,13,6,19
34,2160,2210,2,16,10,40,50
69,2189,2214,2,17,1,24,25
76,2204,2215,2,4,4,7,11
270,2212,2217,0,2,1,4,5
650,2188,2221,2,18,1,32,33
364,2166,2223,2,18,5,52,57
830,2201,2225,2,6,8,16,24
822,2200,2225,2,6,8,17,25
47,2163,2229,2,19,7,59,66
477,2228,2231,2,1,1,2,3
310,2212,2231,2,1,7,12,19
619,2198,2233,2,9,11,24,35
331,2192,2233,2,9,16,25,41
320,2210,2235,2,1,7,18,25
134,2231,2235,2,1,1,3,4
682,2211,2235,2,1,7,17,24
756,2211,2235,2,1,7,18,25
545,2240,2253,0,2,4,9,13
667,2236,2253,0,2,10,7,17
565,2226,2253,0,2,20,8,28
110,2229,2253,0,2,15,9,24
272,2218,2253,0,2,26,9,35
723,2251,2255,0,2,1,3,4
355,2221,2255,2,5,23,11,34
24,2223,2255,2,5,21,11,32
827,2250,2255,0,2,1,4,5
591,2221,2255,2,5,24,10,34
713,2251,2258,0,2,1,6,7
290,2239,2264,2,9,7,18,25
75,2257,2269,2,5,1,11,12
677,2260,2270,0,2,1,9,10
442,2265,2270,0,2,1,4,5
161,2254,2275,2,6,1,20,21
606,2271,2278,2,5,1,6,7
800,2271,2280,2,1,1,8,9
725,2265,2280,2,1,4,11,15
381,2199,2282,2,11,18,65,83
676,2274,2285,2,0,1,10,11
554,2232,2291,2,15,1,58,59
254,2282,2294,0,2,1,11,12
151,2271,2294,0,2,12,11,23
487,2278,2294,0,2,6,10,16
493,2240,2298,2,17,1,57,58
540,2212,2306,2,18,6,88,94
334,2278,2310,2,6,22,10,32
191,2288,2310,2,6,12,10,22
124,2284,2310,2,6,17,9,26
286,2292,2311,2,1,4,15,19
769,2252,2311,2,19,1,58,59
246,2276,2316,1,14,13,27,40
188,2295,2317,0,2,10,12,22
465,2296,2317,0,2,10,11,21
701,2304,2317,0,2,1,12,13
204,2304,2317,0,2,3,10,13
710,2313,2318,0,2,1,4,5
754,2297,2323,2,15,1,25,26
271,2306,2330,2,4,12,12,24
164,2302,2330,2,18,1,27,28
584,2305,2332,2,3,12,15,27
621,2329,2335,2,1,1,5,6
525,2312,2335,2,1,7,16,23
433,2338,2341,2,1,1,2,3
709,2317,2343,2,0,3,23,26
332,2310,2343,2,9,7,26,33
324,2348,2354,2,6,1,5,6
274,2346,2356,2,1,4,6,10
737,2346,2357,0,2,1,10,11
357,2344,2357,0,2,1,12,13
843,2327,2357,0,2,16,14,30
733,2320,2359,0,2,22,17,39
268,2330,2366,2,7,10,26,36
220,2356,2370,2,4,1,13,14
544,2357,2373,2,0,10,6,16
714,2349,2376,0,2,8,19,27
185,2348,2376,0,2,8,20,28
722,2370,2376,0,2,1,5,6
186,2354,2376,0,2,2,20,22
788,2356,2376,0,2,2,18,20
810,2357,2376,0,2,2,17,19
102,2336,2377,1,11,12,29,41
645,2354,2382,2,1,13,15,28
114,2362,2382,2,1,5,15,20
731,2362,2384,2,7,1,21,22
690,2332,2384,2,14,9,43,52
407,2359,2384,2,7,1,24,25
90,2351,2385,2,12,8,26,34
648,2352,2385,2,12,8,25,33
536,2376,2393,2,13,1,16,17
293,2364,2394,2,14,1,29,30
193,2340,2394,2,16,2,52,54
152,2381,2396,2,4,9,6,15
707,2374,2400,2,16,2,24,26
551,2366,2400,2,16,1,33,34
29,2390,2403,2,7,1,12,13
346,2388,2404,2,1,1,15,16
441,2401,2404,2,1,1,2,3
27,2381,2404,2,1,4,19,23
518,2386,2404,2,1,2,17,19
456,2381,2404,2,1,5,18,23
560,2387,2407,0,2,10,10,20
517,2397,2407,0,2,2,8,10
225,2380,2407,2,18,1,26,27
669,2383,2407,0,2,14,10,24
686,2386,2407,0,2,12,9,21
81,2401,2407,0,2,1,5,6
240,2400,2410,2,0,1,9,10
373,2388,2410,2,9,2,20,22
421,2408,2422,2,6,1,13,14
282,2408,2425,0,2,2,15,17
631,2420,2435,1,4,3,12,15
333,2408,2445,1,9,14,23,37
771,2423,2449,2,1,17,9,26
609,2442,2449,2,1,1,6,7
61,2435,2449,2,1,3,11,14
305,2401,2449,2,1,37,11,48
366,2409,2449,2,1,30,10,40
632,2433,2455,2,4,15,7,22
464,2418,2456,2,0,20,18,38
533,2427,2457,0,2,12,18,30
157,2433,2457,0,2,5,19,24
508,2431,2457,0,2,7,19,26
162,2426,2457,0,2,12,19,31
13,2439,2457,0,2,2,16,18
559,2443,2457,0,2,1,13,14
799,2445,2457,0,2,1,11,12
358,2432,2457,0,2,8,17,25
200,2442,2457,0,2,1,14,15
9,2433,2457,0,2,6,18,24
255,2440,2457,0,2,2,15,17
613,2387,2458,2,12,37,34,71
58,2449,2466,2,9,2,15,17
301,2460,2467,2,5,1,6,7
224,2382,2470,2,14,41,47,88
275,2455,2471,0,2,1,15,16
601,2433,2472,2,11,1,38,39
673,2449,2479,2,15,1,29,30
18,2466,2479,2,6,5,8,13
556,2447,2484,1,15,15,22,37
725,2459,2488,1,7,3,26,29
783,2482,2489,0,2,1,6,7
136,2469,2489,0,2,13,7,20
661,2461,2489,0,2,20,8,28
195,2485,2489,0,2,2,3,5
218,2479,2497,2,6,10,8,18
486,2488,2505,2,8,1,16,17
774,2464,2509,2,1,28,17,45
756,2488,2509,1,2,14,7,21
692,2493,2509,0,2,1,15,16
415,2502,2523,0,2,13,8,21
144,2506,2523,0,2,9,8,17
508,2507,2523,2,1,11,5,16
318,2523,2527,2,1,1,3,4
688,2511,2529,2,3,1,17,18
704,2525,2529,2,3,1,3,4
514,2486,2534,1,18,15,33,48
519,2516,2534,2,18,1,17,18
93,2527,2537,0,2,1,9,10
201,2532,2537,0,2,1,4,5
418,2524,2537,0,2,1,12,13
57,2527,2537,0,2,2,8,10
146,2504,2537,0,2,12,21,33
637,2516,2538,2,4,1,21,22
13,2503,2538,2,4,5,30,35
802,2540,2545,2,1,1,4,5
165,2538,2545,2,1,1,6,7
546,2532,2545,2,1,5,8,13
330,2523,2546,2,7,1,22,23
171,2535,2546,2,5,1,10,11
117,2528,2546,2,5,5,13,18
643,2535,2551,0,2,1,15,16
278,2537,2551,0,2,1,13,14
184,2492,2555,2,12,14,49,63
710,2534,2557,2,6,1,22,23
369,2537,2559,2,13,1,21,22
759,2546,2560,1,7,1,13,14
817,2480,2567,2,15,27,60,87
399,2510,2567,2,15,1,56,57
785,2536,2569,2,15,1,32,33
703,2547,2574,0,2,8,19,27
121,2543,2574,0,2,11,20,31
447,2548,2574,0,2,6,20,26
393,2512,2576,2,17,1,63,64
319,2566,2584,2,1,9,9,18
237,2549,2584,2,1,26,9,35
610,2574,2584,2,1,3,7,10
115,2558,2584,2,1,18,8,26
39,2469,2587,2,19,37,81,118
238,2554,2590,1,6,15,21,36
345,2561,2596,2,8,14,21,35
806,2563,2599,0,2,16,20,36
453,2585,2599,0,2,1,13,14
51,2582,2599,0,2,1,16,17
63,2568,2599,0,2,11,20,31
111,2567,2599,0,2,13,19,32
433,2574,2600,1,0,10,16,26
143,2577,2601,2,9,1,23,24
386,2600,2607,0,2,1,6,7
12,2560,2613,2,12,15,38,53
361,2583,2615,1,9,6,26,32
537,2598,2617,0,2,1,18,19
602,2594,2617,0,2,1,22,23
611,2588,2617,0,2,1,28,29
803,2589,2617,0,2,1,27,28
92,2541,2618,1,13,22,55,77
680,2580,2618,2,13,1,37,38
11,2547,2618,2,13,27,44,71
715,2559,2629,1,15,3,67,70
118,2599,2629,2,15,1,29,30
626,2610,2631,2,10,1,20,21
318,2611,2634,1,14,1,22,23
682,2592,2634,1,14,9,33,42
762,2611,2635,2,1,3,21,24
230,2589,2635,2,1,26,21,47
106,2604,2635,2,1,11,20,31
61,2534,2636,1,17,28,74,102
258,2606,2638,2,13,2,30,32
64,2613,2643,0,2,15,15,30
212,2608,2643,0,2,19,16,35
353,2626,2643,0,2,1,16,17
678,2604,2644,2,15,3,37,40
641,2641,2649,2,4,3,5,8
470,2633,2649,0,2,2,14,16
208,2628,2649,2,4,15,6,21
412,2641,2652,2,1,1,10,11
303,2637,2652,2,1,4,11,15
395,2628,2669,1,13,8,33,41
445,2664,2674,2,1,4,6,10
73,2671,2674,2,1,1,2,3
33,2645,2674,0,2,12,17,29
652,2641,2674,0,2,15,18,33
389,2670,2678,2,6,1,7,8
751,2625,2682,1,15,10,47,57
74,2675,2684,2,1,4,5,9
506,2677,2684,2,1,3,4,7
608,2661,2687,0,2,1,25,26
125,2660,2687,0,2,1,26,27
127,2645,2692,2,18,1,46,47
469,2688,2698,0,2,4,6,10
142,2680,2700,1,9,1,19,20
750,2698,2704,0,2,1,5,6
105,2680,2709,2,10,8,21,29
547,2701,2713,0,2,1,11,12
484,2702,2713,0,2,1,10,11
376,2664,2719,2,13,23,32,55
657,2659,2719,2,13,29,31,60
444,2701,2724,2,3,4,19,23
139,2695,2724,2,3,9,20,29
782,2712,2726,2,13,1,13,14
604,2705,2726,2,13,1,20,21
455,2702,2726,2,13,1,23,24
9,2712,2726,2,15,1,13,14
15,2647,2728,1,17,21,60,81
473,2674,2728,2,17,13,41,54
31,2692,2734,2,14,1,41,42
317,2706,2734,2,14,1,27,28
231,2730,2736,2,4,1,5,6
263,2705,2737,2,5,1,31,32
80,2712,2739,2,1,5,22,27
338,2699,2739,2,1,19,21,40
472,2658,2739,2,18,29,52,81
466,2698,2746,2,0,19,29,48
275,2672,2749,2,19,17,60,77
462,2728,2750,2,8,1,21,22
406,2728,2759,2,9,2,29,31
596,2738,2761,2,1,16,7,23
292,2730,2763,0,2,16,17,33
736,2743,2763,0,2,5,15,20
448,2742,2763,0,2,4,17,21
481,2752,2763,0,2,1,10,11
396,2738,2763,0,2,9,16,25
25,2730,2765,2,11,15,20,35
286,2755,2771,1,3,2,14,16
110,2760,2771,2,3,4,7,11
665,2760,2776,2,0,6,10,16
108,2725,2776,2,13,20,31,51
266,2758,2781,1,7,1,22,23
283,2769,2782,0,2,7,6,13
347,2777,2782,0,2,1,4,5
346,2741,2787,1,9,15,31,46
48,2729,2787,2,15,17,41,58
128,2755,2787,2,9,8,24,32
315,2731,2787,2,15,16,40,56
485,2785,2792,0,2,1,6,7
250,2781,2792,0,2,1,10,11
668,2776,2792,2,3,1,15,16
130,2748,2796,2,18,1,47,48
252,2773,2800,2,11,10,17,27
779,2798,2802,0,2,1,3,4
840,2781,2808,2,1,18,9,27
241,2795,2808,2,1,4,9,13
211,2797,2808,2,4,1,10,11
475,2792,2808,2,1,8,8,16
594,2789,2810,2,15,1,20,21
679,2785,2810,2,15,1,24,25
620,2790,2815,2,16,1,24,25
325,2794,2820,2,6,1,25,26
420,2772,2824,2,17,10,42,52
499,2793,2827,2,17,9,25,34
272,2824,2829,2,4,2,3,5
206,2810,2833,2,19,1,22,23
179,2781,2833,2,19,1,51,52
723,2824,2836,2,6,1,11,12
295,2798,2839,0,2,17,24,41
239,2810,2839,0,2,6,23,29
348,2820,2839,0,2,1,18,19
296,2827,2846,2,1,9,10,19
555,2827,2846,2,1,10,9,19
595,2843,2846,2,1,1,2,3
448,2815,2846,2,7,4,27,31
790,2834,2851,2,6,5,12,17
329,2829,2858,2,7,11,18,29
276,2827,2860,2,10,16,17,33
284,2828,2860,2,10,14,18,32
510,2817,2862,2,12,1,44,45
134,2835,2863,1,0,11,17,28
553,2853,2867,0,2,4,10,14
659,2833,2867,0,2,24,10,34
792,2845,2867,0,2,13,9,22
655,2829,2868,2,9,10,29,39
615,2813,2869,2,15,5,51,56
84,2824,2870,1,14,6,40,46
370,2867,2878,0,2,1,10,11
289,2868,2878,0,2,1,9,10
593,2848,2880,2,15,1,31,32
815,2876,2888,2,1,1,11,12
160,2881,2888,2,1,1,6,7
253,2873,2888,2,1,1,14,15
711,2850,2888,2,1,20,18,38
294,2848,2889,2,3,30,11,41
72,2831,2891,2,18,11,49,60
588,2825,2891,2,18,17,49,66
85,2859,2893,2,14,8,26,34
529,2846,2895,2,0,23,26,49
305,2863,2900,1,4,9,28,37
739,2853,2900,2,4,26,21,47
178,2830,2900,2,19,14,56,70
670,2853,2904,2,17,14,37,51
23,2868,2906,2,5,10,28,38
666,2876,2911,0,2,20,15,35
677,2866,2911,2,6,14,31,45
26,2872,2911,0,2,23,16,39
450,2896,2914,2,11,1,17,18
567,2863,2920,2,7,15,42,57
687,2901,2921,2,1,5,15,20
342,2902,2921,2,1,3,16,19
662,2904,2921,2,1,3,14,17
819,2898,2921,2,1,7,16,23
62,2889,2925,2,17,4,32,36
703,2909,2927,2,12,2,16,18
360,2891,2930,2,18,3,36,39
215,2923,2935,0,2,6,6,12
770,2900,2937,2,19,1,36,37
609,2865,2942,1,18,38,39,77
310,2883,2942,1,18,21,38,59
321,2921,2948,2,1,22,5,27
820,2912,2950,2,19,1,37,38
97,2905,2950,0,2,24,21,45
565,2935,2959,2,0,9,15,24
667,2945,2962,2,3,10,7,17
219,2952,2969,2,6,4,13,17
578,2960,2976,1,0,6,10,16
537,2954,2979,2,7,1,24,25
170,2918,2979,2,10,17,44,61
45,2976,2982,2,1,1,5,6
474,2967,2982,2,1,1,14,15
598,2954,2982,2,1,6,22,28
377,2967,2983,2,12,1,15,16
151,2967,2985,2,12,1,17,18
445,2916,2991,1,14,20,55,75
7,2949,2991,2,14,1,41,42
250,2930,2999,2,16,6,63,69
689,2997,3001,2,3,1,3,4
434,2973,3001,2,5,14,14,28
505,2953,3004,2,16,1,50,51
111,2960,3004,2,16,1,43,44
194,2956,3004,2,16,1,47,48
656,2996,3005,2,9,1,8,9
735,2997,3014,2,8,2,15,17
797,2965,3017,2,19,1,51,52
685,2991,3018,2,17,1,26,27
341,3004,3025,2,1,7,14,21
463,3013,3027,0,2,1,13,14
489,3001,3027,0,2,12,14,26
392,2991,3027,0,2,21,15,36
403,2974,3029,2,19,15,40,55
46,3025,3029,0,2,1,3,4
763,3015,3029,0,2,8,6,14
196,2998,3032,2,0,12,22,34
195,3016,3032,2,0,1,15,16
531,3000,3045,2,10,27,18,45
576,3037,3052,2,3,7,8,15
430,3043,3057,2,1,2,12,14
645,3009,3059,1,15,8,42,50
367,3037,3060,2,6,6,17,23
771,3059,3063,1,3,1,3,4
541,3011,3067,2,16,17,39,56
798,3017,3067,2,16,10,40,50
362,3037,3072,1,9,1,34,35
216,3063,3075,2,3,4,8,12
424,3032,3077,2,17,1,44,45
287,3062,3079,0,2,11,6,17
285,3070,3079,0,2,4,5,9
413,3071,3079,0,2,2,6,8
274,3031,3081,1,19,28,22,50
454,3077,3090,2,8,2,11,13
200,3083,3094,2,7,1,10,11
320,3085,3095,1,4,2,8,10
774,3064,3095,1,13,2,29,31
256,3073,3095,2,13,1,21,22
800,3069,3102,1,15,1,32,33
303,3077,3104,1,8,10,17,27
201,3094,3119,2,4,10,15,25
841,3114,3124,2,6,1,9,10
480,3099,3125,2,1,15,11,26
40,3123,3129,2,1,1,5,6
327,3084,3129,2,1,31,14,45
187,3102,3130,2,8,4,24,28
188,3127,3131,2,0,1,3,4
431,3078,3136,2,0,36,22,58
518,3124,3138,1,2,10,4,14
36,3122,3138,1,2,11,5,16
319,3082,3141,1,12,17,42,59
166,3095,3143,2,14,10,38,48
383,3128,3147,2,4,10,9,19
521,3096,3153,2,16,8,49,57
229,3132,3156,2,1,10,15,25
833,3148,3176,0,2,6,22,28
129,3145,3176,0,2,9,22,31
138,3147,3176,0,2,8,21,29
71,3165,3180,0,2,1,14,15
694,3147,3180,2,3,13,20,33
10,3149,3181,2,13,1,31,32
230,3154,3183,1,2,10,19,29
664,3136,3192,2,18,13,43,56
496,3160,3192,2,11,1,31,32
600,3191,3194,2,3,1,2,3
394,3184,3198,2,11,1,13,14
388,3184,3200,0,2,8,8,16
746,3186,3200,0,2,5,9,14
122,3183,3200,0,2,8,9,17
350,3182,3201,2,1,1,18,19
358,3189,3201,2,1,1,11,12
507,3166,3201,2,1,15,20,35
185,3162,3202,2,12,1,39,40
282,3158,3203,2,19,1,44,45
760,3162,3210,2,0,18,30,48
555,3161,3211,1,15,5,45,50
408,3202,3214,2,1,4,8,12
621,3151,3221,1,16,14,56,70
564,3203,3226,2,0,4,19,23
160,3170,3227,1,17,1,56,57
312,3208,3228,0,2,3,17,20
483,3198,3228,0,2,12,18,30
409,3220,3232,0,2,3,9,12
379,3221,3232,0,2,3,8,11
16,3215,3237,2,6,1,21,22
789,3223,3237,2,6,1,13,14
388,3228,3247,2,6,1,18,19
563,3224,3249,2,1,13,12,25
109,3236,3249,2,1,1,12,13
548,3204,3249,2,8,1,44,45
786,3225,3249,2,8,1,23,24
816,3229,3252,2,15,3,20,23
546,3208,3253,1,8,11,34,45
4,3228,3254,2,1,10,16,26
144,3217,3255,2,9,1,37,38
561,3230,3264,2,10,1,33,34
627,3225,3264,2,10,3,36,39
742,3214,3270,2,11,16,40,56
77,3226,3279,2,12,5,48,53
64,3224,3279,2,12,5,50,55
401,3201,3279,2,12,28,50,78
205,3267,3284,2,1,9,8,17
573,3275,3284,2,1,2,7,9
410,3245,3285,2,10,9,31,40
596,3268,3289,1,0,10,11,21
197,3228,3291,2,13,2,61,63
589,3263,3292,2,0,12,17,29
70,3265,3297,0,2,24,8,32
165,3206,3299,1,14,14,79,93
140,3249,3299,2,13,6,44,50
692,3223,3299,2,14,5,71,76
141,3295,3300,0,2,1,4,5
511,3241,3301,1,11,33,27,60
777,3271,3303,2,3,26,6,32
634,3212,3305,2,15,16,77,93
449,3250,3309,2,17,4,55,59
74,3246,3313,1,12,29,38,67
839,3250,3314,2,7,47,17,64
363,3191,3316,2,18,37,88,125
40,3198,3321,1,19,21,102,123
27,3283,3323,1,17,1,39,40
720,3301,3326,0,2,9,16,25
527,3298,3326,0,2,11,17,28
697,3255,3326,2,8,43,28,71
517,3307,3335,2,3,19,9,28
309,3258,3343,2,10,1,84,85
121,3304,3343,2,10,1,38,39
526,3309,3345,2,6,18,18,36
66,3269,3354,2,11,1,84,85
106,3343,3357,1,3,2,12,14
212,3354,3357,2,3,1,2,3
702,3310,3358,2,8,16,32,48
245,3328,3361,2,1,22,11,33
147,3356,3361,2,1,1,4,5
590,3344,3361,2,1,8,9,17
574,3341,3361,2,1,9,11,20
412,3331,3363,1,4,11,21,32
762,3343,3363,1,4,1,19,20
826,3333,3366,2,0,18,15,33
662,3301,3368,1,17,34,33,67
714,3295,3369,2,15,1,73,74
183,3353,3373,2,12,1,19,20
649,3322,3376,0,2,44,10,54
234,3301,3379,2,17,1,77,78
3,3337,3383,2,16,6,40,46
638,3374,3388,2,4,4,10,14
663,3305,3388,2,18,1,82,83
210,3367,3394,2,1,9,18,27
583,3367,3394,2,1,10,17,27
35,3328,3394,2,19,1,65,66
497,3360,3401,2,6,17,24,41
791,3381,3402,0,2,4,17,21
810,3386,3413,2,10,6,21,27
269,3393,3413,2,7,7,13,20
109,3404,3415,1,3,4,7,11
534,3358,3415,2,12,18,39,57
543,3417,3421,2,1,1,3,4
764,3398,3421,2,1,15,8,23
396,3370,3421,2,13,6,45,51
430,3420,3427,1,0,1,6,7
80,3383,3434,1,18,24,27,51
801,3416,3439,0,2,11,12,23
321,3423,3449,1,4,16,10,26
432,3428,3452,2,1,14,10,24
737,3434,3458,2,3,6,18,24
270,3434,3464,2,4,5,25,30
233,3442,3464,2,4,1,21,22
485,3454,3465,2,8,1,10,11
370,3429,3473,2,5,10,34,44
602,3424,3473,2,11,30,19,49
748,3441,3473,2,11,14,18,32
747,3440,3473,2,11,13,20,33
239,3462,3481,2,15,1,18,19
398,3460,3481,2,15,2,19,21
721,3448,3486,2,13,6,32,38
33,3485,3490,2,3,1,4,5
443,3488,3496,2,3,1,7,8
198,3484,3498,2,1,5,9,14
335,3484,3498,2,1,4,10,14
237,3425,3498,1,17,1,72,73
451,3479,3498,2,1,9,10,19
560,3479,3498,2,11,1,18,19
122,3448,3498,2,17,5,45,50
831,3495,3498,2,1,1,2,3
607,3474,3499,2,5,9,16,25
264,3489,3502,2,5,1,12,13
834,3492,3509,2,7,1,16,17
207,3460,3510,2,19,1,49,50
57,3415,3510,2,19,38,57,95
229,3486,3511,1,2,19,6,25
291,3477,3514,2,9,7,30,37
299,3506,3519,2,1,5,8,13
644,3498,3519,2,1,12,9,21
603,3511,3519,2,1,1,7,8
356,3507,3525,2,5,5,13,18
391,3523,3534,2,1,6,5,11
768,3486,3534,2,19,1,47,48
727,3530,3534,2,1,1,3,4
807,3500,3535,0,2,19,16,35
182,3499,3537,2,6,12,26,38
254,3512,3550,2,9,2,36,38
243,3535,3551,2,1,4,12,16
156,3543,3551,2,1,1,7,8
296,3489,3564,1,12,16,59,75
341,3496,3564,1,12,11,57,68
419,3556,3570,2,1,4,10,14
456,3486,3572,1,13,20,66,86
255,3498,3579,2,14,14,67,81
691,3494,3579,2,14,17,68,85
392,3505,3586,2,17,8,73,81
285,3556,3588,2,3,13,19,32
465,3577,3588,2,0,1,10,11
819,3520,3591,1,10,10,61,71
73,3499,3596,1,18,6,91,97
630,3551,3599,2,4,19,29,48
796,3514,3601,2,19,1,86,87
56,3506,3601,2,19,5,90,95
733,3537,3602,2,13,1,64,65
542,3587,3609,2,1,8,14,22
590,3593,3609,1,0,8,8,16
716,3524,3610,2,6,45,41,86
292,3533,3612,2,14,2,77,79
698,3582,3616,2,8,1,33,34
243,3586,3619,1,11,2,31,33
666,3596,3619,2,0,1,22,23
44,3567,3621,2,9,4,50,54
316,3546,3623,2,15,1,76,77
711,3583,3627,1,14,4,40,44
559,3595,3627,2,14,3,29,32
828,3624,3633,2,1,2,7,9
344,3622,3633,2,1,3,8,11
228,3534,3634,2,18,2,98,100
68,3595,3639,2,17,2,42,44
169,3630,3645,2,10,1,14,15
608,3603,3646,2,18,1,42,43
808,3634,3650,2,1,8,8,16
210,3621,3653,1,4,19,13,32
767,3607,3655,2,19,1,47,48
402,3588,3655,2,19,9,58,67
740,3617,3659,2,17,13,29,42
17,3656,3662,2,6,1,5,6
522,3669,3679,2,1,2,8,10
614,3647,3681,2,15,10,24,34
813,3683,3687,2,1,1,3,4
253,3654,3690,1,11,3,33,36
28,3644,3693,2,17,14,35,49
775,3676,3696,2,13,1,19,20
338,3650,3706,1,16,6,50,56
283,3643,3706,2,19,14,49,63
488,3686,3708,2,1,8,14,22
687,3683,3713,1,3,20,10,30
63,3707,3714,2,4,1,6,7
357,3676,3717,2,19,2,39,41
469,3702,3722,2,14,2,18,20
79,3686,3726,2,6,4,36,40
251,3722,3727,2,1,1,4,5
227,3723,3727,2,1,1,3,4
163,3712,3727,2,1,5,10,15
322,3684,3732,2,15,10,38,48
245,3708,3733,1,17,1,24,25
453,3698,3734,2,8,1,35,36
136,3696,3734,2,8,1,37,38
135,3704,3734,2,8,1,29,30
241,3723,3742,1,0,4,15,19
806,3702,3742,2,18,1,39,40
442,3703,3742,2,18,2,37,39
773,3729,3753,2,1,3,21,24
145,3734,3753,2,1,1,18,19
605,3729,3753,2,1,4,20,24
350,3747,3763,1,8,1,15,16
772,3749,3767,2,11,1,17,18
302,3715,3767,2,11,27,25,52
215,3734,3767,2,3,12,21,33
101,3731,3767,2,11,12,24,36
795,3716,3767,2,3,31,20,51
750,3731,3772,2,12,11,30,41
137,3712,3772,2,4,34,26,60
53,3719,3772,2,4,29,24,53
570,3768,3778,2,1,6,4,10
326,3765,3778,2,1,8,5,13
436,3757,3779,2,5,1,21,22
353,3743,3781,2,13,1,37,38
273,3769,3782,2,4,4,9,13
260,3741,3791,2,14,1,49,50
566,3725,3791,2,6,21,45,66
823,3718,3791,2,6,28,45,73
474,3746,3799,1,17,18,35,53
732,3730,3799,2,7,17,52,69
167,3794,3806,2,1,4,8,12
741,3804,3808,2,1,1,3,4
545,3758,3808,2,8,1,49,50
776,3799,3810,2,10,1,10,11
595,3808,3813,1,0,1,4,5
259,3782,3823,2,13,4,37,41
177,3782,3823,2,13,5,36,41
423,3795,3834,2,17,1,38,39
628,3805,3837,2,10,20,12,32
840,3825,3842,1,6,1,16,17
539,3824,3843,2,1,10,9,19
157,3816,3843,2,6,1,26,27
815,3800,3847,1,7,23,24,47
120,3841,3847,2,1,1,5,6
348,3792,3847,2,19,1,54,55
339,3826,3847,2,12,1,20,21
761,3852,3866,2,0,5,9,14
481,3854,3880,2,12,11,15,26
458,3855,3882,2,7,4,23,27
141,3856,3886,2,13,8,22,30
249,3869,3890,2,10,9,12,21
644,3848,3895,1,15,10,37,47
59,3870,3897,2,11,7,20,27
133,3854,3906,2,18,10,42,52
408,3893,3910,1,7,1,16,17
598,3883,3913,1,17,5,25,30
783,3869,3913,2,17,8,36,44
495,3889,3916,2,8,9,18,27
173,3896,3919,2,10,1,22,23
156,3899,3922,1,7,10,13,23
489,3902,3927,2,11,1,24,25
129,3886,3927,2,9,11,30,41
661,3888,3938,2,17,7,43,50
417,3914,3942,2,1,19,9,28
162,3922,3947,2,1,10,15,25
713,3904,3947,2,1,28,15,43
104,3937,3947,2,10,1,9,10
299,3925,3956,1,4,24,7,31
42,3924,3959,2,15,11,24,35
479,3937,3966,2,17,11,18,29
686,3917,3969,2,17,18,34,52
572,3968,3978,2,1,2,8,10
347,3923,3979,2,19,13,43,56
829,3970,3980,2,11,1,9,10
788,3963,3987,2,4,15,9,24
295,3968,3992,2,17,1,23,24
730,3988,3998,2,7,1,9,10
773,3973,4002,1,11,1,28,29
603,3969,4009,1,13,1,39,40
404,4001,4017,2,1,9,7,16
51,4006,4018,2,4,1,11,12
4,3954,4020,1,16,13,53,66
746,4001,4024,2,12,5,18,23
336,4015,4027,2,8,1,11,12
138,4012,4038,2,14,1,25,26
314,3984,4038,2,15,21,33,54
55,4020,4044,2,19,1,23,24
131,4001,4048,2,18,4,43,47
281,4015,4053,2,1,32,6,38
126,4037,4053,2,1,11,5,16
113,4043,4053,2,1,4,6,10
447,4046,4064,2,5,5,13,18
22,4041,4074,2,6,11,22,33
390,4027,4074,2,6,24,23,47
397,4071,4075,2,3,1,3,4
764,4045,4086,1,11,1,40,41
204,4064,4086,2,7,2,20,22
827,4079,4089,2,1,4,6,10
700,4059,4093,2,14,1,33,34
813,4006,4098,1,15,38,54,92
103,4065,4099,2,15,2,32,34
145,4024,4106,1,18,20,62,82
539,4010,4106,1,18,35,61,96
384,4066,4106,2,18,2,38,40
616,4102,4108,2,6,1,5,6
569,4098,4115,2,8,1,16,17
562,4088,4117,2,10,8,21,29
93,4106,4124,2,15,1,17,18
580,4082,4128,2,12,15,31,46
287,4107,4132,2,9,13,12,25
792,4076,4140,2,19,20,44,64
382,4133,4145,2,4,1,11,12
37,4128,4153,2,4,6,19,25
643,4146,4153,2,4,1,6,7
6,4148,4157,2,1,1,8,9
257,4146,4157,2,1,2,9,11
718,4132,4162,2,6,2,28,30
181,4161,4170,2,1,2,7,9
563,4104,4174,1,10,25,45,70
409,4111,4174,2,10,23,40,63
88,4169,4176,2,1,1,6,7
828,4094,4179,1,11,34,51,85
488,4161,4185,1,9,10,14,24
91,4134,4185,2,13,3,48,51
836,4145,4185,2,13,1,39,40
803,4175,4186,2,1,4,7,11
192,4163,4187,2,11,7,17,24
415,4132,4190,2,14,3,55,58
205,4129,4196,1,16,1,66,67
527,4115,4196,2,16,19,62,81
460,4120,4196,2,16,16,60,76
391,4119,4205,1,17,9,77,86
167,4188,4213,1,11,5,20,25
617,4195,4216,2,6,7,14,21
189,4199,4216,2,6,4,13,17
265,4113,4217,2,18,22,82,104
547,4203,4223,2,8,1,19,20
758,4201,4225,2,1,7,17,24
542,4190,4226,1,16,4,32,36
463,4206,4231,2,0,3,22,25
81,4189,4233,2,10,2,42,44
583,4204,4239,1,10,21,14,35
418,4213,4244,2,12,1,30,31
480,4223,4252,1,19,3,26,29
582,4229,4271,2,10,25,17,42
693,4237,4271,2,3,8,26,34
71,4232,4277,2,12,23,22,45
807,4241,4278,2,4,5,32,37
221,4250,4278,2,4,1,27,28
298,4277,4291,2,13,1,13,14
618,4266,4297,2,14,1,30,31
52,4271,4300,2,4,19,10,29
780,4270,4302,2,1,10,22,32
487,4271,4305,2,9,20,14,34
791,4276,4309,2,19,1,32,33
483,4284,4311,2,8,6,21,27
470,4299,4313,2,14,1,13,14
217,4291,4313,2,0,1,21,22
411,4303,4317,2,4,8,6,14
8,4282,4320,2,15,6,32,38
83,4317,4331,2,4,2,12,14
741,4317,4347,1,11,14,16,30
288,4337,4348,2,3,2,9,11
19,4349,4356,2,1,2,5,7
419,4336,4356,1,17,1,19,20
611,4350,4357,2,6,1,6,7
70,4349,4367,2,12,1,17,18
845,4362,4373,2,0,4,7,11
681,4354,4373,2,13,2,17,19
380,4390,4402,2,11,1,11,12
96,4393,4414,2,14,3,18,21
669,4380,4417,2,17,4,33,37
46,4393,4426,2,19,2,31,33
426,4369,4429,2,19,14,46,60
738,4424,4438,2,4,4,10,14
119,4412,4444,2,15,6,26,32
375,4433,4455,2,13,1,21,22
838,4444,4475,2,1,15,16,31
203,4476,4489,2,7,1,12,13
335,4466,4497,1,8,1,30,31
451,4460,4497,1,8,6,31,37
180,4454,4500,2,18,18,28,46
427,4484,4507,2,19,2,21,23
147,4443,4514,1,14,22,49,71
516,4518,4533,2,3,4,11,15
779,4499,4537,2,14,16,22,38
435,4534,4544,2,5,2,8,10
311,4519,4546,2,18,1,26,27
386,4532,4556,2,13,1,23,24
387,4526,4556,2,13,6,24,30
146,4544,4559,2,9,1,14,15
344,4558,4579,1,8,1,20,21
605,4545,4587,1,12,15,27,42
683,4573,4591,2,1,4,14,18
842,4553,4597,2,14,16,28,44
520,4563,4606,2,18,7,36,43
280,4563,4614,2,19,6,45,51
701,4606,4625,2,8,5,14,19
543,4613,4640,1,0,7,20,27
432,4618,4640,1,0,3,19,22
758,4615,4641,1,7,11,15,26
833,4621,4652,2,7,19,12,31
413,4651,4660,2,4,2,7,9
251,4617,4670,1,16,11,42,53
175,4653,4671,2,10,1,17,18
198,4650,4680,1,13,2,28,30
261,4648,4682,2,13,4,30,34
38,4667,4683,2,9,5,11,16
97,4658,4687,2,14,1,28,29
379,4668,4695,2,11,1,26,27
801,4675,4705,2,15,1,29,30
695,4701,4707,2,3,1,5,6
186,4699,4717,2,5,2,16,18
297,4696,4728,2,6,4,28,32
235,4703,4734,2,17,11,20,31
809,4700,4738,2,1,23,15,38
99,4730,4738,2,1,1,7,8
54,4730,4740,2,4,4,6,10
337,4703,4740,2,16,10,27,37
2,4717,4747,2,0,7,23,30
132,4728,4754,2,18,1,25,26
181,4731,4758,1,6,14,13,27
500,4761,4769,2,1,2,6,8
780,4741,4776,1,14,8,27,35
227,4736,4787,1,18,12,39,51
125,4748,4787,2,18,9,30,39
126,4793,4819,1,18,4,22,26
6,4810,4840,1,8,18,12,30
763,4803,4844,2,11,20,21,41
78,4843,4850,2,6,1,6,7
649,4841,4865,2,12,1,23,24
784,4849,4868,2,11,5,14,19
247,4837,4873,2,14,4,32,36
503,4875,4891,2,3,4,12,16
87,4887,4905,2,12,1,17,18
120,4884,4907,1,10,6,17,23
349,4895,4917,2,11,4,18,22
570,4876,4920,1,18,13,31,44
712,4917,4941,2,14,2,22,24
794,4944,4957,2,3,4,9,13
209,4963,4973,2,1,3,7,10
683,4948,4985,1,14,14,23,37
652,4978,4997,2,14,1,18,19
257,4979,5002,1,13,7,16,23
799,4976,5008,2,16,2,30,32
307,5003,5010,2,3,1,6,7
720,5015,5031,2,13,1,15,16
843,4990,5032,2,14,16,26,42
468,5099,5113,2,5,2,12,14
838,5108,5120,1,5,4,8,12
281,5104,5144,1,19,15,25,40
107,5139,5147,2,3,2,6,8
597,5139,5161,2,9,1,21,22
719,5150,5163,2,6,2,11,13
340,5133,5171,2,12,2,36,38
778,5164,5175,2,1,2,9,11
88,5187,5218,1,19,5,26,31
722,5267,5278,2,6,2,9,11
743,5294,5318,2,13,4,20,24
500,5385,5400,1,7,2,13,15
490,5419,5435,2,11,2,14,16
429,5477,5490,2,7,2,11,13
209,5481,5501,1,4,10,10,20
19,5497,5512,1,6,1,14,15
26,5506,5527,2,11,3,18,21
814,5533,5556,2,15,3,20,23
484,5710,5731,2,13,4,17,21
289,5790,5801,2,3,2,9,11
778,6080,6107,1,14,5,22,27
