221,2,12,0,2,2,8,10
354,2,22,4,2,7,13,20
574,8,32,4,0,2,22,24
1200,16,35,1,2,9,10,19
1132,16,40,0,2,16,8,24
119,41,50,0,2,1,8,9
46,24,63,16,2,1,38,39
1220,37,63,10,2,5,21,26
697,20,72,7,2,15,37,52
284,31,72,9,2,1,40,41
1283,49,73,3,2,9,15,24
102,64,83,15,0,1,18,19
532,65,83,15,0,1,17,18
559,32,85,6,0,13,40,53
1363,11,85,9,0,11,63,74
1020,24,86,12,0,8,54,62
188,3,86,16,0,18,65,83
695,53,86,1,0,18,15,33
508,43,89,3,0,14,32,46
1207,74,94,0,2,9,11,20
754,95,101,0,2,1,5,6
800,77,118,9,2,3,38,41
539,92,118,4,0,7,19,26
794,105,120,3,0,5,10,15
423,56,122,18,2,14,52,66
941,49,122,17,2,27,46,73
607,73,128,13,0,1,54,55
1284,41,128,13,0,18,69,87
528,33,128,15,0,20,75,95
762,77,128,6,0,21,30,51
919,111,129,0,2,7,11,18
259,124,129,0,2,1,4,5
982,113,129,0,2,6,10,16
438,75,132,5,0,29,28,57
1049,54,132,18,0,15,63,78
1050,66,132,17,0,11,55,66
714,78,132,8,0,11,43,54
236,65,132,5,0,38,29,67
836,71,132,17,0,5,56,61
105,68,132,6,0,30,34,64
874,126,133,0,2,1,6,7
770,129,136,0,2,1,6,7
355,134,141,0,2,1,6,7
366,157,163,1,0,1,5,6
3,143,163,1,0,6,14,20
1234,141,167,4,0,5,21,26
1374,125,173,5,2,25,23,48
970,149,176,0,2,15,12,27
842,140,176,0,2,23,13,36
1184,163,176,0,2,2,11,13
236,159,176,0,2,4,13,17
219,158,181,3,0,8,15,23
260,155,181,3,0,10,16,26
249,112,181,7,0,30,39,69
727,108,186,14,2,28,50,78
772,188,197,6,0,1,8,9
930,134,201,11,0,20,47,67
1285,102,201,13,0,44,55,99
761,197,201,1,0,1,3,4
1188,151,201,10,0,15,35,50
920,144,201,10,0,22,35,57
196,93,201,13,0,52,56,108
446,177,201,10,0,1,23,24
451,82,201,18,0,26,93,119
812,146,201,10,0,21,34,55
526,102,201,15,0,28,71,99
1137,112,201,17,0,7,82,89
147,96,201,16,0,30,75,105
187,93,201,16,0,32,76,108
382,191,203,0,2,6,6,12
1378,198,203,0,2,1,4,5
1204,147,207,8,2,48,12,60
1107,180,218,4,2,17,21,38
755,162,218,5,2,24,32,56
127,150,218,6,2,31,37,68
267,121,219,19,2,2,96,98
1258,186,229,11,0,1,42,43
133,181,229,8,0,15,33,48
1097,194,229,2,0,13,22,35
483,201,229,2,0,7,21,28
344,167,229,12,0,9,53,62
58,170,229,11,0,16,43,59
1092,100,229,19,0,24,105,129
583,154,229,14,0,1,74,75
806,92,229,19,0,31,106,137
636,163,229,13,0,1,65,66
189,140,229,16,0,1,88,89
1035,146,229,15,0,1,82,83
1308,170,229,12,0,7,52,59
1047,169,240,5,0,18,53,71
405,208,240,1,0,16,16,32
1010,159,240,6,0,23,58,81
810,208,241,6,2,25,8,33
1218,231,244,10,2,1,12,13
1045,175,249,9,0,42,32,74
534,215,249,8,0,12,22,34
467,204,249,9,0,14,31,45
361,221,250,10,0,5,24,29
1096,200,250,12,0,18,32,50
699,240,251,0,2,1,10,11
883,250,255,3,0,1,4,5
215,243,255,3,0,5,7,12
733,248,260,0,2,2,11,13
1326,254,267,0,2,1,12,13
673,258,267,0,2,1,8,9
891,261,283,1,0,8,14,22
352,246,286,4,2,15,25,40
1134,266,286,0,2,12,8,20
978,273,286,0,2,6,7,13
670,237,308,9,2,26,45,71
863,146,308,19,2,53,109,162
865,185,308,17,2,32,91,123
253,285,313,2,0,2,26,28
315,299,313,2,0,1,13,14
216,263,313,3,0,9,41,50
752,268,313,2,0,18,27,45
416,256,314,12,2,13,45,58
1302,178,318,13,0,58,82,140
988,226,318,14,0,5,87,92
916,177,318,13,0,58,83,141
660,253,318,10,0,1,64,65
410,247,318,6,0,35,36,71
922,175,318,19,0,25,118,143
1312,283,318,5,0,6,29,35
485,193,318,19,0,6,119,125
1254,192,318,18,0,17,109,126
10,217,318,14,0,13,88,101
527,152,318,15,0,72,94,166
1320,291,318,4,0,7,20,27
586,268,318,6,0,15,35,50
18,271,318,6,0,11,36,47
114,197,318,18,0,13,108,121
1210,188,318,13,0,47,83,130
1001,236,318,10,0,17,65,82
224,308,318,2,0,1,9,10
1356,265,321,10,0,28,28,56
598,302,321,10,0,1,18,19
1193,262,321,10,0,30,29,59
1280,264,321,11,0,16,41,57
502,276,321,11,0,4,41,45
374,275,321,11,0,6,40,46
1198,322,331,0,2,1,8,9
1046,327,331,0,2,1,3,4
2,327,334,0,2,1,6,7
54,320,336,10,2,1,15,16
428,337,346,2,0,1,8,9
618,241,346,19,0,13,92,105
629,216,346,19,0,37,93,130
1181,256,346,16,0,15,75,90
1106,259,346,15,0,21,66,87
1192,326,346,10,0,1,19,20
357,321,346,10,0,1,24,25
176,262,346,14,0,25,59,84
407,286,346,12,0,13,47,60
504,261,346,14,0,25,60,85
1226,215,346,18,0,47,84,131
296,286,350,7,0,30,34,64
480,300,350,5,0,23,27,50
433,292,350,3,0,44,14,58
376,339,359,0,2,7,13,20
820,341,359,0,2,5,13,18
988,339,359,0,2,8,12,20
145,323,364,6,0,12,29,41
126,323,364,6,0,13,28,41
272,279,364,8,0,28,57,85
946,350,364,3,0,2,12,14
129,273,364,9,0,24,67,91
397,362,375,0,2,2,11,13
1267,369,375,0,2,1,5,6
573,382,405,4,2,14,9,23
413,358,405,5,0,9,38,47
945,372,405,3,0,5,28,33
971,349,405,5,0,17,39,56
589,368,405,5,0,1,36,37
349,332,410,10,0,34,44,78
208,334,410,11,0,21,55,76
702,331,410,10,0,34,45,79
503,366,410,11,0,12,32,44
210,367,410,11,0,12,31,43
1075,368,410,1,0,24,18,42
1261,325,410,11,0,29,56,85
12,335,410,11,0,19,56,75
1000,384,410,10,0,1,25,26
493,386,411,4,0,11,14,25
1069,381,411,5,0,7,23,30
977,374,411,5,0,13,24,37
959,382,411,5,0,5,24,29
1341,333,413,18,2,11,69,80
1370,347,413,16,2,22,44,66
1185,401,414,0,2,5,8,13
1048,378,414,0,2,27,9,36
118,410,414,0,2,1,3,4
100,403,414,0,2,2,9,11
497,326,420,16,0,44,50,94
963,375,420,16,0,1,44,45
579,333,420,15,0,57,30,87
1162,331,420,18,0,12,77,89
73,314,420,18,0,30,76,106
140,330,420,18,0,15,75,90
677,365,420,15,0,25,30,55
879,276,420,18,0,67,77,144
835,299,420,17,0,56,65,121
708,377,420,16,0,1,42,43
336,320,420,17,0,34,66,100
640,324,420,17,0,32,64,96
342,316,420,18,0,27,77,104
1168,349,420,18,0,1,70,71
1317,321,420,16,0,48,51,99
1121,340,420,18,0,3,77,80
192,285,420,15,0,105,30,135
519,293,420,17,0,61,66,127
806,419,426,0,2,1,6,7
134,380,444,15,2,31,33,64
396,397,444,15,2,14,33,47
225,431,456,2,0,14,11,25
838,339,456,15,0,73,44,117
230,370,456,19,0,1,85,86
141,367,456,18,0,11,78,89
939,380,456,17,0,10,66,76
798,316,456,15,0,95,45,140
975,372,456,14,0,49,35,84
512,304,456,19,0,62,90,152
886,395,456,14,0,26,35,61
1228,367,456,18,0,12,77,89
398,370,456,18,0,8,78,86
1225,402,456,14,0,19,35,54
419,406,456,15,0,5,45,50
420,414,456,15,0,1,41,42
149,407,456,17,0,1,48,49
90,321,456,19,0,46,89,135
125,392,456,17,0,1,63,64
961,404,456,15,0,8,44,52
460,418,456,2,0,26,12,38
676,394,456,15,0,19,43,62
1322,418,459,10,0,11,30,41
45,396,459,10,0,32,31,63
953,407,459,10,0,20,32,52
360,393,459,10,0,34,32,66
234,418,459,10,0,9,32,41
613,439,467,5,2,7,21,28
1068,401,467,5,2,45,21,66
556,447,468,3,0,1,20,21
557,403,468,3,0,35,30,65
1381,424,468,3,0,15,29,44
773,439,475,6,0,1,35,36
1273,429,475,4,0,22,24,46
795,464,475,3,0,1,10,11
980,386,475,7,0,41,48,89
789,467,476,0,2,1,8,9
1149,442,476,0,2,14,20,34
1351,435,476,0,2,21,20,41
269,447,476,0,2,10,19,29
41,405,476,5,0,41,30,71
293,394,476,7,0,32,50,82
527,446,476,0,2,12,18,30
830,348,476,7,0,78,50,128
1139,417,476,7,0,9,50,59
981,400,476,7,0,27,49,76
738,446,476,0,2,11,20,31
1269,405,476,6,0,31,40,71
811,351,476,6,0,84,41,125
418,408,476,6,0,27,41,68
1308,453,476,0,2,3,20,23
684,467,476,3,0,1,8,9
836,437,476,0,2,20,19,39
336,477,481,0,2,1,3,4
754,475,489,2,5,1,13,14
791,419,493,11,2,58,16,74
650,435,495,15,2,29,31,60
1286,436,495,16,2,23,36,59
701,444,495,13,2,32,19,51
928,356,495,13,2,121,18,139
728,399,501,14,0,71,31,102
49,411,501,16,0,48,42,90
1016,457,501,14,0,12,32,44
751,417,501,14,0,52,32,84
858,455,501,16,0,6,40,46
279,425,501,16,0,35,41,76
1004,438,501,19,0,1,62,63
68,427,501,17,0,22,52,74
790,340,501,13,0,136,25,161
909,414,501,18,0,27,60,87
991,375,501,14,0,94,32,126
917,373,501,13,0,103,25,128
1130,475,501,13,0,1,25,26
871,414,501,13,0,62,25,87
422,411,501,19,0,25,65,90
175,419,501,14,0,52,30,82
262,491,515,0,2,11,13,24
1253,501,515,0,2,1,13,14
720,495,515,0,2,6,14,20
428,489,515,0,2,12,14,26
835,495,515,0,2,8,12,20
258,492,521,9,2,13,16,29
151,463,522,11,0,14,45,59
1165,478,522,2,0,15,29,44
1271,480,522,1,0,27,15,42
821,483,522,11,0,1,38,39
61,435,522,11,0,43,44,87
279,508,532,0,2,14,10,24
539,518,532,0,2,5,9,14
324,411,538,9,0,93,34,127
679,511,538,2,0,10,17,27
564,417,538,9,0,89,32,121
79,376,538,9,0,129,33,162
768,507,538,8,0,3,28,31
671,368,538,9,0,136,34,170
426,434,538,9,0,70,34,104
1276,505,538,8,0,4,29,33
159,506,545,6,2,4,35,39
190,515,546,5,2,5,26,31
563,324,546,8,2,169,53,222
696,540,550,1,2,4,6,10
4,541,550,0,2,1,8,9
517,531,550,0,2,7,12,19
1381,536,550,0,2,3,11,14
711,495,556,5,0,24,37,61
785,400,556,8,0,94,62,156
1170,446,556,7,0,52,58,110
1275,512,556,4,0,21,23,44
377,423,556,8,0,70,63,133
1216,496,556,5,0,22,38,60
594,533,556,4,0,1,22,23
601,398,556,8,0,95,63,158
890,493,556,5,0,25,38,63
662,461,556,4,0,72,23,95
463,472,556,7,0,27,57,84
199,414,556,8,0,79,63,142
457,505,563,7,0,1,57,58
690,468,563,6,0,43,52,95
1105,545,563,1,0,7,11,18
764,391,563,8,0,103,69,172
98,537,563,1,0,14,12,26
323,487,563,4,0,47,29,76
1333,449,563,6,0,61,53,114
603,415,563,8,0,79,69,148
520,506,563,6,0,6,51,57
554,548,564,0,2,9,7,16
76,541,564,0,2,15,8,23
679,560,564,0,2,1,3,4
1168,557,564,0,2,1,6,7
100,519,572,2,6,32,21,53
1118,566,574,0,2,1,7,8
1207,512,580,2,7,38,30,68
1239,575,595,0,2,13,7,20
1167,578,595,0,2,11,6,17
441,591,595,0,2,1,3,4
230,577,595,0,2,13,5,18
1075,572,595,0,2,16,7,23
1276,577,595,0,2,11,7,18
1234,573,595,0,2,16,6,22
500,541,598,19,2,22,35,57
511,527,598,19,2,37,34,71
582,509,601,16,2,49,43,92
498,492,601,17,2,55,54,109
1294,530,601,17,2,18,53,71
206,494,601,16,2,63,44,107
97,454,601,18,2,87,60,147
302,545,601,16,2,12,44,56
1278,505,603,11,2,13,85,98
439,437,603,12,2,71,95,166
1346,561,603,3,2,33,9,42
445,510,603,10,2,18,75,93
1288,312,603,12,2,194,97,291
235,493,603,10,2,34,76,110
110,509,603,9,2,30,64,94
1061,502,603,12,2,4,97,101
1039,567,605,18,0,3,35,38
1386,558,605,17,0,16,31,47
852,565,605,17,0,10,30,40
364,542,605,19,0,20,43,63
268,568,605,17,0,6,31,37
501,490,605,19,0,73,42,115
729,505,605,14,0,79,21,100
550,479,605,14,0,104,22,126
1163,563,605,19,0,1,41,42
417,512,605,19,0,50,43,93
832,564,605,14,0,19,22,41
265,552,605,19,0,13,40,53
399,566,605,18,0,3,36,39
1385,451,605,19,0,111,43,154
989,501,605,14,0,82,22,104
819,511,605,14,0,72,22,94
1086,567,605,14,0,18,20,38
421,540,605,19,0,22,43,65
65,594,607,0,2,3,10,13
451,591,607,0,2,5,11,16
1374,609,612,2,1,1,2,3
955,427,612,12,0,79,106,185
209,517,612,11,0,2,93,95
747,411,612,12,0,96,105,201
1158,567,612,5,0,9,36,45
1311,517,612,7,0,43,52,95
748,457,612,12,0,49,106,155
796,545,612,5,0,30,37,67
130,515,612,9,0,25,72,97
64,534,612,6,0,34,44,78
634,473,612,12,0,34,105,139
656,532,612,9,0,7,73,80
264,484,619,18,0,57,78,135
505,539,619,14,0,44,36,80
889,506,619,15,0,56,57,113
343,520,619,18,0,22,77,99
672,508,619,18,0,33,78,111
674,464,619,17,0,82,73,155
499,499,619,17,0,47,73,120
905,496,619,14,0,87,36,123
908,503,619,18,0,40,76,116
1371,543,619,16,0,16,60,76
575,523,619,15,0,40,56,96
1263,538,619,15,0,24,57,81
222,538,619,16,0,19,62,81
115,479,619,18,0,63,77,140
734,615,620,0,2,2,4,6
794,621,630,0,2,1,8,9
15,544,643,11,2,75,24,99
32,614,643,10,2,14,15,29
412,616,643,10,2,13,14,27
461,596,643,12,2,18,29,47
123,551,643,12,2,63,29,92
1331,633,646,5,0,1,12,13
900,625,646,9,0,1,20,21
1362,612,646,9,0,9,25,34
566,616,646,5,0,15,15,30
986,601,646,9,0,19,26,45
898,616,646,9,0,4,26,30
765,587,648,8,2,1,60,61
692,577,648,6,2,29,42,71
1376,607,648,4,2,10,31,41
1319,619,648,4,2,1,28,29
355,634,655,2,14,1,20,21
461,651,656,2,1,1,4,5
816,462,658,13,2,170,26,196
683,423,658,13,2,210,25,235
1310,612,658,13,2,20,26,46
776,641,665,0,2,5,19,24
1113,634,665,0,2,12,19,31
1320,634,665,0,2,13,18,31
598,650,665,0,2,1,14,15
1154,564,666,11,0,57,45,102
195,378,666,13,0,254,34,288
92,627,666,11,0,15,24,39
1212,563,666,13,0,71,32,103
622,591,666,11,0,28,47,75
1042,588,666,12,0,27,51,78
14,531,666,11,0,88,47,135
21,564,666,13,0,68,34,102
1063,566,666,12,0,50,50,100
608,565,666,10,0,63,38,101
53,567,666,10,0,62,37,99
644,630,666,10,0,1,35,36
307,609,666,2,0,34,23,57
649,619,666,11,0,1,46,47
1173,519,666,12,0,95,52,147
1166,625,666,2,0,19,22,41
722,575,666,12,0,39,52,91
624,536,666,11,0,84,46,130
645,593,666,10,0,37,36,73
348,584,666,10,0,44,38,82
1127,609,666,13,0,24,33,57
345,658,666,2,0,1,7,8
822,633,666,11,0,10,23,33
824,528,666,12,0,87,51,138
230,631,667,2,19,1,35,36
1142,583,671,8,0,4,84,88
319,592,671,7,0,5,74,79
654,587,671,7,0,11,73,84
491,562,671,9,0,15,94,109
947,585,671,7,0,12,74,86
482,647,671,1,0,6,18,24
50,581,671,6,0,26,64,90
1199,640,671,1,0,14,17,31
998,628,671,3,0,4,39,43
560,603,671,6,0,3,65,68
462,603,671,7,0,1,67,68
1304,620,671,1,0,33,18,51
459,668,673,0,2,1,4,5
349,656,673,0,2,10,7,17
187,664,673,0,2,2,7,9
603,657,679,0,2,9,13,22
531,671,682,0,2,1,10,11
1261,678,682,0,2,1,3,4
3,673,682,0,2,1,8,9
1037,679,720,2,0,16,25,41
5,681,720,2,0,15,24,39
688,692,720,2,0,3,25,28
87,706,720,2,0,1,13,14
1076,683,720,1,0,27,10,37
1291,633,725,6,0,67,25,92
956,686,725,7,0,7,32,39
318,660,725,7,0,34,31,65
437,714,725,5,0,1,10,11
926,666,725,8,0,18,41,59
474,672,725,7,0,21,32,53
655,665,725,8,0,18,42,60
477,674,725,8,0,9,42,51
553,685,725,8,0,1,39,40
111,676,725,6,0,24,25,49
200,664,725,8,0,21,40,61
515,650,725,6,0,51,24,75
1244,641,725,8,0,43,41,84
1111,633,725,8,0,50,42,92
1169,634,725,7,0,59,32,91
1368,704,725,5,0,7,14,21
51,681,725,6,0,21,23,44
289,651,725,7,0,42,32,74
923,659,725,8,0,24,42,66
758,690,725,7,0,3,32,35
641,658,732,17,2,2,72,74
1250,597,732,17,2,61,74,135
1372,680,732,14,2,30,22,52
616,725,737,0,2,1,11,12
288,728,737,0,2,1,8,9
654,728,737,0,2,2,7,9
909,727,737,0,2,1,9,10
521,660,738,3,2,61,17,78
1184,730,743,2,1,2,11,13
309,741,746,3,2,1,4,5
884,705,746,1,2,24,17,41
1175,714,746,0,2,6,26,32
292,715,746,0,2,8,23,31
217,685,746,0,2,36,25,61
1025,725,746,0,2,1,20,21
138,705,746,0,2,17,24,41
208,685,746,0,2,35,26,61
737,684,746,0,2,37,26,63
493,707,746,0,2,13,26,39
534,713,746,0,2,8,25,33
1313,656,749,5,0,35,58,93
610,662,749,5,0,30,57,87
685,692,749,3,0,30,27,57
957,679,749,5,0,12,58,70
469,708,749,3,0,13,28,41
470,727,749,3,0,1,21,22
109,666,749,4,0,40,43,83
1012,689,749,5,0,2,58,60
540,638,749,4,0,67,44,111
1009,683,749,5,0,10,56,66
611,690,749,4,0,15,44,59
119,721,755,2,3,17,17,34
170,675,756,18,2,5,76,81
173,699,756,13,2,13,44,57
631,697,756,11,2,31,28,59
964,735,756,0,2,14,7,21
1335,731,756,0,2,18,7,25
315,739,756,0,2,12,5,17
1363,732,756,0,2,18,6,24
489,617,761,14,0,94,50,144
78,758,761,1,0,1,2,3
596,743,761,1,0,1,17,18
1358,612,761,15,0,80,69,149
67,662,761,17,0,1,98,99
1295,647,761,17,0,10,104,114
384,591,761,17,0,65,105,170
205,583,761,16,0,91,87,178
1017,664,761,14,0,48,49,97
385,656,761,17,0,3,102,105
807,644,761,14,0,66,51,117
851,584,761,17,0,72,105,177
1179,685,761,16,0,1,75,76
518,587,761,17,0,70,104,174
1293,637,761,17,0,19,105,124
1314,599,761,14,0,111,51,162
694,723,761,1,0,20,18,38
606,718,761,13,0,1,42,43
270,648,761,17,0,8,105,113
1145,641,761,16,0,34,86,120
872,700,763,13,0,10,53,63
372,671,763,18,0,8,84,92
1219,715,763,10,0,22,26,48
1027,661,763,19,0,6,96,102
241,687,763,13,0,23,53,76
600,581,763,18,0,99,83,182
639,660,763,13,0,50,53,103
371,676,763,18,0,3,84,87
1349,724,763,10,0,14,25,39
792,610,763,18,0,71,82,153
1307,648,763,12,0,68,47,115
1120,572,763,18,0,107,84,191
1189,743,763,10,0,1,19,20
700,681,763,12,0,36,46,82
85,599,763,18,0,80,84,164
637,684,763,13,0,27,52,79
161,679,763,17,0,10,74,84
698,642,767,7,0,52,73,125
1233,721,767,4,0,9,37,46
297,702,767,7,0,1,64,65
1245,689,767,8,0,1,77,78
558,683,767,7,0,11,73,84
1366,689,767,7,0,6,72,78
1052,724,767,5,0,1,42,43
459,724,769,2,8,13,32,45
603,688,769,2,8,49,32,81
760,754,771,0,2,7,10,17
1113,754,771,2,16,1,16,17
5,767,771,0,2,1,3,4
260,758,771,0,2,3,10,13
224,755,771,0,2,7,9,16
449,772,779,0,2,1,6,7
639,775,779,0,2,1,3,4
133,770,779,0,2,1,8,9
1048,727,780,2,18,19,34,53
1378,778,787,2,4,1,8,9
76,763,807,2,11,8,36,44
896,773,837,9,2,1,63,64
524,784,839,0,2,47,8,55
57,778,839,0,2,51,10,61
859,815,839,0,2,14,10,24
704,820,839,0,2,9,10,19
1077,821,839,0,2,9,9,18
328,796,839,0,2,33,10,43
204,787,839,0,2,42,10,52
366,815,839,0,2,15,9,24
858,796,839,0,2,34,9,43
622,799,839,0,2,30,10,40
210,787,839,0,2,43,9,52
64,775,839,0,2,54,10,64
189,801,839,0,2,28,10,38
418,790,839,0,2,39,10,49
624,809,839,0,2,20,10,30
528,825,839,0,2,4,10,14
532,800,839,0,2,31,8,39
519,804,839,0,2,26,9,35
129,815,839,0,2,14,10,24
520,776,839,0,2,54,9,63
1191,752,840,18,2,38,50,88
967,791,840,10,2,32,17,49
742,733,840,17,2,63,44,107
1064,738,840,17,2,58,44,102
725,768,850,7,2,25,57,82
1006,721,850,8,2,52,77,129
1282,788,850,3,2,39,23,62
131,766,850,6,2,35,49,84
801,827,850,3,2,1,22,23
650,766,851,2,1,71,14,85
1346,832,851,2,1,6,13,19
1204,797,851,2,1,42,12,54
682,770,858,18,0,21,67,88
1224,785,858,17,0,11,62,73
124,753,858,17,0,45,60,105
1227,788,858,18,0,5,65,70
30,756,858,10,0,67,35,102
77,785,858,1,0,67,6,73
731,734,858,17,0,63,61,124
31,796,858,10,0,29,33,62
1217,762,858,10,0,62,34,96
1235,770,858,18,0,20,68,88
781,699,858,18,0,91,68,159
911,819,858,10,0,4,35,39
340,749,858,16,0,55,54,109
1236,736,858,18,0,56,66,122
380,718,858,18,0,72,68,140
231,733,858,16,0,70,55,125
808,703,858,18,0,88,67,155
490,753,870,9,0,20,97,117
1159,747,870,5,0,65,58,123
597,772,870,1,0,79,19,98
1305,776,870,1,0,76,18,94
386,776,870,9,0,1,93,94
1036,793,870,2,0,44,33,77
82,784,870,8,0,1,85,86
1337,777,870,2,0,61,32,93
182,662,870,9,0,112,96,208
552,791,870,5,0,22,57,79
712,826,870,5,0,1,43,44
1070,794,870,1,0,57,19,76
425,646,870,9,0,127,97,224
987,773,870,9,0,3,94,97
308,810,870,2,0,27,33,60
1265,763,870,9,0,12,95,107
845,735,870,7,0,58,77,135
311,780,870,1,0,71,19,90
66,832,871,1,2,31,8,39
750,846,871,0,2,12,13,25
940,844,871,0,2,17,10,27
1231,838,871,0,2,21,12,33
609,856,871,0,2,2,13,15
924,741,871,8,0,34,96,130
728,856,871,0,2,3,12,15
1034,782,871,3,0,46,43,89
1027,826,871,0,2,34,11,45
144,817,871,0,2,42,13,55
155,768,871,3,0,59,44,103
477,843,871,0,2,15,13,28
157,721,871,6,0,78,72,150
729,812,871,0,2,47,12,59
536,768,871,8,0,5,98,103
420,857,871,0,2,1,13,14
927,692,871,8,0,81,98,179
878,780,871,6,0,19,72,91
83,718,871,8,0,56,97,153
1201,787,871,6,0,13,71,84
265,830,871,0,2,28,13,41
890,851,871,0,2,7,13,20
125,858,871,0,2,1,12,13
1050,846,871,0,2,13,12,25
1257,842,871,3,0,1,28,29
360,795,871,0,2,63,13,76
823,813,871,3,0,16,42,58
150,741,871,6,0,58,72,130
158,724,871,6,0,76,71,147
824,854,871,0,2,6,11,17
1008,825,873,8,2,19,29,48
1122,771,873,12,2,51,51,102
37,808,873,8,2,37,28,65
1053,848,873,5,2,13,12,25
177,719,877,14,2,88,70,158
1089,775,877,14,2,32,70,102
131,875,878,2,1,1,2,3
350,858,884,0,2,12,14,26
1060,862,884,0,2,9,13,22
470,863,884,0,2,7,14,21
25,708,885,15,0,76,101,177
314,745,885,15,0,41,99,140
1300,748,885,15,0,36,101,137
395,758,885,15,0,27,100,127
914,868,885,10,0,1,16,17
985,729,885,15,0,55,101,156
730,766,885,14,0,42,77,119
877,721,885,15,0,64,100,164
113,880,885,2,0,1,4,5
831,813,885,14,0,1,71,72
52,866,887,0,2,5,16,21
904,876,887,0,2,1,10,11
49,874,887,0,2,1,12,13
571,880,889,1,0,1,8,9
17,778,889,13,0,34,77,111
803,797,889,8,0,47,45,92
1056,824,889,11,0,4,61,65
1117,798,889,18,0,2,89,91
621,761,889,11,0,65,63,128
392,829,889,8,0,17,43,60
185,757,889,13,0,55,77,132
240,774,889,13,0,39,76,115
198,790,889,13,0,24,75,99
513,843,889,8,0,1,45,46
1003,793,889,11,0,34,62,96
1155,823,889,11,0,3,63,66
16,843,889,7,0,8,38,46
868,819,889,7,0,31,39,70
1141,789,889,9,0,48,52,100
256,764,889,12,0,57,68,125
1148,881,893,0,2,5,7,12
209,885,893,0,2,2,6,8
1042,887,893,0,2,1,5,6
491,880,893,0,2,5,8,13
618,889,898,0,2,1,8,9
493,860,902,2,4,25,17,42
545,865,906,18,2,16,25,41
294,681,906,19,2,183,42,225
630,786,906,19,2,78,42,120
137,679,906,19,2,184,43,227
169,726,906,19,2,139,41,180
7,820,906,18,2,60,26,86
1374,860,909,1,5,15,34,49
295,871,914,19,0,1,42,43
778,868,914,18,0,12,34,46
1040,812,914,18,0,68,34,102
1345,865,914,19,0,2,47,49
424,825,914,18,0,57,32,89
1041,730,914,19,0,133,51,184
1116,855,914,18,0,25,34,59
1144,829,914,19,0,35,50,85
1344,826,914,19,0,37,51,88
687,703,914,19,0,160,51,211
266,800,914,19,0,63,51,114
1190,812,914,18,0,69,33,102
510,831,914,19,0,32,51,83
1028,819,914,19,0,47,48,95
1351,857,920,2,6,27,36,63
244,891,921,3,2,13,17,30
269,892,922,2,17,1,29,30
310,904,926,0,2,10,12,22
476,912,926,0,2,2,12,14
849,912,926,0,2,6,9,15
629,909,926,0,2,5,12,17
879,911,926,0,2,5,10,15
272,911,926,0,2,3,12,15
1362,916,926,0,2,2,8,10
1193,911,926,0,2,4,11,15
115,907,926,0,2,8,11,19
933,913,926,0,2,2,12,14
1073,880,945,5,2,53,12,65
414,927,945,5,2,8,10,18
117,848,945,3,0,56,41,97
1059,925,945,2,0,1,19,20
69,890,945,4,0,7,48,55
1101,828,945,4,0,69,48,117
471,854,945,3,0,51,40,91
1303,922,945,1,0,6,17,23
1114,860,945,4,0,38,47,85
203,902,957,14,2,36,19,55
48,898,957,16,2,21,38,59
1023,856,957,14,2,81,20,101
1340,891,957,15,2,38,28,66
887,922,957,15,2,8,27,35
888,841,957,14,2,97,19,116
533,921,957,15,2,8,28,36
699,922,957,2,12,5,30,35
441,914,957,2,12,12,31,43
202,930,958,0,2,17,11,28
766,932,958,0,2,13,13,26
333,940,958,0,2,5,13,18
1343,930,958,0,2,15,13,28
454,951,958,0,2,1,6,7
1387,837,958,17,0,95,26,121
1081,879,958,13,0,21,58,79
24,883,958,11,0,24,51,75
565,916,958,17,0,16,26,42
852,950,958,0,2,1,7,8
141,929,958,0,2,16,13,29
873,857,958,13,0,42,59,101
438,954,958,0,2,1,3,4
508,952,958,0,2,1,5,6
677,935,958,0,2,13,10,23
1100,831,958,13,0,67,60,127
1232,880,958,10,0,36,42,78
966,929,958,10,0,1,28,29
1129,875,958,13,0,23,60,83
79,931,958,0,2,15,12,27
586,953,958,0,2,1,4,5
369,899,958,13,0,2,57,59
162,811,958,17,0,121,26,147
705,898,958,10,0,19,41,60
342,925,958,0,2,20,13,33
1269,941,958,0,2,5,12,17
33,927,958,0,2,20,12,32
1296,906,958,17,0,28,24,52
741,812,958,17,0,121,25,146
676,954,958,0,2,1,3,4
623,862,958,11,0,44,52,96
523,926,963,2,0,19,18,37
316,939,963,5,0,1,23,24
590,881,963,5,0,53,29,82
588,930,963,5,0,3,30,33
1,925,963,5,0,8,30,38
149,954,967,0,2,4,9,13
714,957,967,0,2,1,9,10
752,958,967,0,2,1,8,9
147,956,968,0,2,2,10,12
1086,964,968,0,2,1,3,4
320,956,980,1,0,11,13,24
95,870,980,16,0,50,60,110
301,821,980,14,0,116,43,159
797,816,980,15,0,113,51,164
9,914,980,14,0,23,43,66
667,871,980,14,0,68,41,109
448,838,980,15,0,92,50,142
1026,918,980,15,0,13,49,62
337,900,980,16,0,20,60,80
146,886,980,16,0,33,61,94
1255,900,980,16,0,19,61,80
1183,895,980,16,0,26,59,85
300,899,980,14,0,38,43,81
444,968,980,1,0,1,11,12
165,839,980,16,0,80,61,141
572,976,982,1,2,1,5,6
450,978,982,1,2,1,3,4
541,969,982,0,2,1,12,13
1188,966,982,0,2,1,15,16
199,962,982,0,2,1,19,20
1000,964,982,0,2,1,17,18
919,953,989,2,10,14,22,36
938,975,991,0,2,6,10,16
739,977,991,0,2,5,9,14
1158,985,991,0,2,1,5,6
364,974,991,0,2,6,11,17
341,979,991,0,2,2,11,13
636,979,991,0,2,2,10,12
1035,976,991,0,2,4,11,15
723,984,994,3,2,2,8,10
1094,948,994,5,2,22,24,46
1253,982,998,2,9,1,15,16
221,977,1002,2,16,1,24,25
1352,975,1013,6,2,1,37,38
1011,922,1013,6,2,53,38,91
359,953,1013,7,2,16,44,60
874,976,1015,2,1,19,20,39
1185,1002,1015,2,1,1,12,13
896,1018,1022,2,1,1,3,4
1197,965,1030,7,0,5,60,65
456,907,1030,7,0,63,60,123
1013,978,1030,5,0,3,49,52
435,986,1030,5,0,1,43,44
1367,954,1030,7,0,17,59,76
659,978,1030,5,0,4,48,52
1306,963,1030,7,0,6,61,67
299,879,1030,7,0,90,61,151
842,974,1034,2,0,20,40,60
181,1004,1034,1,0,11,19,30
1108,968,1034,4,0,10,56,66
429,976,1034,2,0,18,40,58
242,971,1034,3,0,14,49,63
1152,954,1034,5,0,17,63,80
934,1041,1045,0,2,2,3,5
481,1024,1048,0,2,6,18,24
246,1004,1048,0,2,28,16,44
1206,1028,1048,0,2,2,18,20
290,1005,1048,0,2,25,18,43
44,1015,1048,0,2,16,18,34
1047,991,1048,0,2,40,17,57
610,1029,1048,0,2,5,14,19
268,1026,1048,0,2,5,17,22
405,994,1048,0,2,36,18,54
293,1005,1048,0,2,26,17,43
672,1024,1048,0,2,8,16,24
482,1019,1048,0,2,11,18,29
1079,1029,1048,0,2,2,18,20
162,1039,1048,0,2,1,8,9
58,1031,1048,0,2,1,16,17
772,1025,1048,0,2,5,18,23
361,1015,1048,0,2,18,15,33
1026,1020,1048,0,2,11,17,28
574,988,1048,0,2,42,18,60
568,1038,1048,0,2,2,9,11
633,965,1052,12,2,28,59,87
825,903,1052,12,2,90,59,149
207,964,1052,10,2,56,32,88
1348,951,1052,11,2,51,50,101
96,1037,1052,10,2,1,14,15
143,1042,1055,0,2,1,12,13
34,1048,1055,0,2,1,6,7
803,1043,1055,0,2,1,11,12
690,1049,1055,0,2,1,5,6
102,1046,1055,0,2,1,8,9
526,1043,1055,0,2,2,10,12
390,935,1058,8,2,72,51,123
1350,982,1058,6,2,58,18,76
116,1017,1058,6,2,23,18,41
1072,1010,1058,5,2,36,12,48
715,944,1058,8,2,62,52,114
1292,1014,1058,6,2,26,18,44
509,1037,1061,3,2,15,9,24
522,1032,1061,3,2,19,10,29
1355,914,1068,8,0,92,62,154
1298,1007,1068,6,0,34,27,61
74,876,1068,9,0,122,70,192
1332,1042,1068,5,0,5,21,26
112,1014,1068,6,0,28,26,54
39,987,1068,7,0,34,47,81
949,1033,1068,7,0,1,34,35
327,1053,1068,5,0,1,14,15
1044,902,1068,9,0,97,69,166
897,914,1068,9,0,84,70,154
458,994,1068,8,0,14,60,74
19,1027,1068,6,0,14,27,41
653,990,1068,7,0,32,46,78
247,991,1068,7,0,30,47,77
267,1033,1071,2,1,20,18,38
1073,1047,1071,2,1,5,19,24
135,1026,1071,14,2,26,19,45
681,894,1071,19,2,116,61,177
793,944,1071,18,2,71,56,127
261,982,1071,19,2,28,61,89
1075,1055,1071,2,1,1,15,16
91,1059,1076,0,2,11,6,17
724,1058,1076,0,2,10,8,18
1208,1059,1076,0,2,9,8,17
1379,1060,1076,0,2,9,7,16
1153,1057,1076,0,2,12,7,19
184,1063,1076,0,2,8,5,13
392,1068,1076,0,2,1,7,8
219,1054,1076,0,2,14,8,22
1139,1064,1076,0,2,4,8,12
762,1060,1076,0,2,8,8,16
1347,1040,1078,3,0,11,27,38
775,901,1079,19,0,110,68,178
488,949,1079,14,0,103,27,130
1237,973,1079,18,0,44,62,106
709,1019,1079,16,0,15,45,60
47,941,1079,16,0,92,46,138
89,946,1079,19,0,64,69,133
651,991,1079,15,0,51,37,88
329,923,1079,18,0,92,64,156
719,1038,1079,16,0,1,40,41
907,1010,1079,18,0,5,64,69
72,941,1079,18,0,75,63,138
984,1022,1079,15,0,20,37,57
1005,965,1079,19,0,47,67,114
148,999,1079,17,0,28,52,80
26,993,1079,15,0,50,36,86
994,982,1079,19,0,29,68,97
965,973,1083,10,0,46,64,110
627,957,1083,10,0,62,64,126
341,1024,1083,2,0,28,31,59
827,980,1083,12,0,13,90,103
237,983,1083,11,0,20,80,100
1330,1068,1083,1,0,3,12,15
826,978,1083,12,0,17,88,105
1279,988,1083,11,0,14,81,95
153,937,1083,12,0,57,89,146
262,1019,1084,2,19,29,36,65
577,1076,1096,1,2,9,11,20
1258,1080,1096,0,2,1,15,16
731,1082,1096,0,2,1,13,14
1049,1081,1096,0,2,1,14,15
21,1088,1102,0,2,1,13,14
471,1085,1102,0,2,1,16,17
657,1097,1122,0,2,8,17,25
587,1091,1122,0,2,13,18,31
1170,1098,1122,0,2,5,19,24
296,1102,1122,0,2,4,16,20
660,1090,1122,0,2,13,19,32
1358,1099,1122,0,2,4,19,23
371,1098,1122,0,2,6,18,24
1307,1093,1122,0,2,10,19,29
991,1109,1122,0,2,1,12,13
1145,1110,1122,0,2,1,11,12
684,1102,1122,0,2,1,19,20
1073,1099,1133,1,5,15,19,34
1023,1093,1138,2,1,29,16,45
524,1077,1153,2,18,25,51,76
1156,1107,1154,1,0,31,16,47
646,1062,1154,10,0,39,53,92
642,1109,1154,10,0,1,44,45
675,1044,1154,10,0,57,53,110
1213,1058,1154,10,0,44,52,96
1091,1144,1157,0,2,6,7,13
767,1147,1157,0,2,4,6,10
496,1136,1157,0,2,15,7,22
1142,1142,1157,0,2,7,8,15
955,1147,1157,0,2,2,8,10
557,1127,1157,0,2,22,8,30
873,1145,1157,0,2,4,8,12
112,1119,1157,0,2,30,8,38
674,1128,1157,0,2,23,6,29
1111,1128,1157,0,2,21,8,29
812,1151,1157,0,2,2,4,6
640,1143,1157,0,2,9,5,14
307,1152,1157,0,2,2,3,5
717,1143,1157,0,2,7,8,15
850,1126,1157,0,2,25,7,32
605,1159,1163,0,2,1,3,4
1181,1158,1163,0,2,1,4,5
1192,1153,1163,0,2,1,9,10
1284,1157,1163,0,2,1,5,6
855,1057,1166,13,2,26,83,109
213,1055,1166,13,2,29,82,111
197,920,1166,13,2,163,83,246
784,1090,1166,8,2,63,13,76
60,1042,1166,11,2,70,54,124
36,1030,1166,8,2,123,13,136
625,1049,1166,11,2,63,54,117
118,1135,1168,2,3,22,11,33
432,1107,1171,3,2,47,17,64
1268,1057,1171,6,2,49,65,114
1272,1138,1171,4,2,3,30,33
870,1077,1171,7,2,16,78,94
139,1029,1172,18,2,65,78,143
584,1082,1172,14,2,51,39,90
178,1119,1172,14,2,13,40,53
394,1081,1172,14,2,51,40,91
718,1087,1172,16,2,29,56,85
680,1031,1172,19,2,53,88,141
218,1114,1172,15,2,13,45,58
950,1078,1172,15,2,47,47,94
8,1101,1172,15,2,24,47,71
1008,1160,1178,2,1,6,12,18
1198,1163,1178,2,7,1,14,15
951,1088,1181,15,0,38,55,93
780,1060,1181,18,0,35,86,121
167,1115,1181,12,0,39,27,66
1014,1079,1181,18,0,17,85,102
937,1039,1181,19,0,46,96,142
1256,1101,1181,16,0,16,64,80
1022,1070,1181,18,0,24,87,111
638,1120,1181,13,0,27,34,61
1373,1129,1181,14,0,5,47,52
1150,1127,1181,15,0,1,53,54
804,1039,1181,17,0,71,71,142
593,1036,1183,4,0,104,43,147
1102,1018,1183,4,0,121,44,165
591,1130,1183,4,0,9,44,53
1157,1077,1183,5,0,46,60,106
1124,1111,1183,3,0,44,28,72
156,1151,1183,3,0,3,29,32
652,1039,1183,7,0,53,91,144
648,1062,1184,13,0,23,99,122
843,1054,1184,14,0,20,110,130
602,1123,1184,8,0,30,31,61
103,998,1184,14,0,75,111,186
283,1057,1184,9,0,80,47,127
1377,1016,1184,12,0,78,90,168
1123,1048,1184,12,0,47,89,136
1088,1054,1184,14,0,19,111,130
1103,1044,1184,11,0,69,71,140
6,1060,1184,11,0,54,70,124
332,1084,1184,11,0,28,72,100
569,1115,1184,10,0,9,60,69
440,1058,1184,12,0,36,90,126
79,1146,1185,2,9,12,27,39
333,1167,1187,2,11,1,19,20
1010,1174,1193,0,2,9,10,19
1308,1164,1198,2,12,1,33,34
693,1162,1201,1,2,34,5,39
180,1169,1201,1,2,28,4,32
228,1166,1201,0,2,17,18,35
1383,1181,1201,0,2,1,19,20
278,1162,1201,0,2,19,20,39
615,1167,1201,0,2,14,20,34
1172,1191,1201,0,2,2,8,10
956,1165,1201,0,2,16,20,36
1037,1184,1201,0,2,1,16,17
1004,1173,1201,0,2,8,20,28
843,1192,1201,0,2,2,7,9
1377,1185,1201,0,2,1,15,16
185,1181,1201,0,2,2,18,20
200,1182,1201,0,2,2,17,19
515,1169,1201,0,2,13,19,32
1210,1174,1201,0,2,7,20,27
971,1190,1201,0,2,1,10,11
12,1164,1201,0,2,18,19,37
560,1190,1201,0,2,2,9,11
623,1186,1201,0,2,1,14,15
1208,1160,1209,2,14,3,46,49
581,1170,1212,3,2,29,13,42
978,1208,1213,2,5,1,4,5
1057,1194,1223,2,1,20,10,30
284,1203,1223,2,1,9,11,20
123,1207,1223,2,1,7,9,16
4,1216,1223,2,1,1,6,7
1380,1192,1232,3,0,8,32,40
763,1184,1232,2,0,28,20,48
1167,1182,1236,2,18,19,35,54
944,1176,1242,8,2,18,48,66
578,1244,1247,1,2,1,2,3
314,1205,1247,0,2,27,15,42
838,1221,1247,0,2,11,15,26
437,1232,1247,0,2,2,13,15
45,1211,1247,0,2,21,15,36
155,1203,1247,0,2,30,14,44
483,1195,1247,0,2,37,15,52
736,1228,1247,0,2,6,14,20
608,1199,1247,0,2,33,15,48
1257,1206,1247,0,2,26,15,41
820,1235,1250,2,1,7,8,15
193,1223,1251,0,2,8,20,28
857,1208,1251,0,2,23,20,43
1364,1199,1251,0,2,33,19,52
71,1219,1251,0,2,12,20,32
497,1205,1251,0,2,26,20,46
1078,1214,1251,0,2,19,19,38
10,1199,1251,0,2,32,20,52
966,1209,1251,0,2,22,20,42
753,1233,1251,0,2,2,17,19
768,1202,1251,0,2,29,20,49
807,1206,1251,0,2,25,20,45
1130,1198,1251,0,2,33,20,53
1012,1193,1251,0,2,38,20,58
839,1203,1251,0,2,29,20,49
1368,1239,1251,0,2,1,11,12
249,1208,1251,0,2,25,18,43
1114,1212,1251,0,2,19,20,39
16,1205,1251,0,2,27,19,46
122,1153,1252,12,2,43,56,99
472,1127,1252,11,2,77,48,125
1229,1149,1252,18,2,16,87,103
746,1173,1252,11,2,32,47,79
960,1121,1252,18,2,43,88,131
1357,1174,1252,10,2,48,30,78
543,1173,1252,12,2,24,55,79
595,1177,1252,12,2,19,56,75
280,1140,1252,16,2,32,80,112
739,1242,1257,2,5,5,10,15
1342,1167,1258,16,0,5,86,91
1375,1183,1258,14,0,3,72,75
346,1152,1258,18,0,12,94,106
996,1160,1258,10,0,62,36,98
880,1156,1258,15,0,23,79,102
1251,1157,1258,18,0,9,92,101
599,1171,1258,10,0,52,35,87
902,1173,1258,14,0,12,73,85
223,1147,1258,16,0,26,85,111
42,1185,1259,5,0,34,40,74
378,1116,1259,8,0,77,66,143
475,1150,1259,7,0,49,60,109
771,1113,1259,7,0,85,61,146
275,1134,1259,6,0,75,50,125
282,1153,1259,9,0,32,74,106
363,1126,1259,8,0,66,67,133
132,1071,1259,8,0,121,67,188
1204,1227,1265,1,8,12,26,38
516,1253,1266,0,2,6,7,13
1041,1261,1266,0,2,1,4,5
552,1247,1266,0,2,12,7,19
253,1258,1266,0,2,1,7,8
946,1256,1266,0,2,4,6,10
1119,1259,1266,0,2,2,6,8
321,1256,1269,0,2,2,11,13
393,1263,1269,0,2,1,5,6
108,1264,1269,0,2,1,4,5
785,1251,1269,0,2,7,11,18
647,1259,1269,0,2,2,9,11
240,1247,1269,0,2,11,11,22
1005,1250,1269,0,2,9,10,19
1076,1246,1269,0,2,12,11,23
1175,1239,1282,2,12,12,31,43
91,1273,1293,2,11,1,19,20
527,1208,1293,2,15,43,42,85
121,1226,1294,12,2,12,56,68
542,1239,1294,9,2,14,41,55
899,1214,1294,17,2,7,73,80
809,1197,1294,15,2,32,65,97
1146,1276,1295,1,2,9,10,19
312,1277,1295,1,2,8,10,18
383,1271,1295,0,2,8,17,25
295,1279,1295,0,2,1,15,16
422,1277,1295,0,2,1,17,18
686,1226,1296,19,2,22,48,70
409,1257,1296,6,2,18,21,39
128,1212,1296,8,2,52,32,84
351,1225,1296,8,2,40,31,71
841,1266,1297,0,2,10,21,31
916,1272,1297,0,2,4,21,25
1311,1272,1297,0,2,5,20,25
1305,1270,1297,0,2,6,21,27
1199,1268,1297,0,2,9,20,29
1131,1283,1297,0,2,2,13,15
607,1274,1297,0,2,4,19,23
462,1272,1297,0,2,4,21,25
835,1215,1304,2,17,37,52,89
288,1298,1305,2,0,1,6,7
1218,1268,1309,2,1,26,15,41
964,1282,1309,2,16,1,26,27
1145,1278,1309,2,16,1,30,31
1046,1288,1312,2,5,7,17,24
879,1247,1313,2,18,6,60,66
1388,1175,1319,17,0,46,98,144
710,1163,1319,19,0,46,110,156
1136,1175,1319,17,0,47,97,144
1384,1152,1319,19,0,56,111,167
131,1276,1322,1,6,10,36,46
669,1295,1323,1,2,22,6,28
322,1302,1323,0,2,4,17,21
335,1293,1323,0,2,12,18,30
330,1296,1323,0,2,10,17,27
1045,1296,1323,0,2,9,18,27
188,1298,1323,0,2,7,18,25
540,1297,1323,0,2,11,15,26
905,1286,1323,0,2,19,18,37
1371,1300,1323,0,2,7,16,23
945,1291,1323,0,2,15,17,32
19,1300,1323,0,2,5,18,23
407,1298,1323,0,2,8,17,25
433,1291,1323,0,2,14,18,32
256,1291,1323,0,2,16,16,32
1230,1299,1323,0,2,7,18,25
171,1317,1329,0,2,3,9,12
1214,1315,1329,0,2,4,10,14
1097,1318,1329,0,2,4,7,11
1312,1324,1329,0,2,1,4,5
475,1316,1329,0,2,3,10,13
1105,1315,1329,0,2,5,9,14
98,1325,1329,0,2,1,3,4
413,1315,1329,0,2,4,10,14
877,1317,1329,0,2,2,10,12
871,1323,1329,0,2,1,5,6
192,1315,1329,0,2,6,8,14
766,1294,1331,2,7,2,35,37
859,1324,1335,2,9,1,10,11
22,1298,1346,3,2,36,12,48
276,1319,1346,6,2,7,20,27
239,1299,1346,7,2,15,32,47
1258,1316,1346,2,11,7,23,30
904,1330,1348,2,14,1,17,18
489,1342,1350,0,2,1,7,8
579,1327,1350,0,2,12,11,23
111,1328,1350,0,2,12,10,22
499,1338,1350,0,2,3,9,12
977,1332,1350,0,2,7,11,18
1137,1344,1352,0,2,1,7,8
1314,1342,1352,0,2,2,8,10
1250,1317,1357,2,1,30,10,40
563,1342,1357,2,1,6,9,15
1350,1314,1357,2,1,32,11,43
396,1319,1357,2,1,27,11,38
531,1318,1357,2,15,6,33,39
703,1314,1360,10,2,26,20,46
277,1308,1360,11,2,21,31,52
1287,1283,1360,16,2,32,45,77
191,1302,1360,12,2,22,36,58
1321,1302,1360,10,2,37,21,58
46,1364,1372,2,1,1,7,8
631,1357,1372,2,1,3,12,15
668,1354,1375,1,2,12,9,21
1327,1359,1380,0,2,7,14,21
70,1351,1380,0,2,14,15,29
747,1360,1380,0,2,4,16,20
889,1354,1380,0,2,10,16,26
1349,1360,1380,0,2,5,15,20
675,1350,1380,0,2,14,16,30
421,1360,1380,0,2,4,16,20
1379,1345,1381,2,19,5,31,36
1281,1376,1385,0,2,5,4,9
195,1376,1385,0,2,3,6,9
78,1377,1385,0,2,2,6,8
939,1374,1385,0,2,5,6,11
564,1375,1385,0,2,4,6,10
831,1376,1385,0,2,4,5,9
1127,1374,1385,0,2,6,5,11
1383,1380,1392,2,1,2,10,12
982,1367,1400,2,11,18,15,33
1202,1383,1402,0,2,8,11,19
1242,1396,1402,0,2,1,5,6
976,1389,1402,0,2,1,12,13
713,1382,1402,0,2,7,13,20
627,1382,1402,0,2,8,12,20
1020,1390,1402,0,2,1,11,12
926,1397,1402,0,2,2,3,5
410,1388,1402,0,2,1,13,14
501,1383,1402,0,2,6,13,19
357,1388,1402,0,2,4,10,14
1280,1396,1402,0,2,2,4,6
566,1382,1402,0,2,7,13,20
829,1388,1402,0,2,2,13,15
1384,1385,1402,0,2,5,12,17
724,1396,1409,2,3,6,7,13
23,1361,1422,19,2,21,40,61
1138,1373,1422,15,2,17,32,49
1243,1317,1422,19,2,64,41,105
152,1390,1422,11,2,9,23,32
464,1400,1424,0,2,11,13,24
179,1401,1424,0,2,11,12,23
1260,1408,1424,0,2,3,13,16
1322,1410,1424,0,2,1,13,14
891,1406,1424,0,2,5,13,18
1254,1404,1424,0,2,9,11,20
1152,1414,1424,0,2,1,9,10
821,1412,1424,0,2,1,11,12
463,1409,1424,0,2,5,10,15
645,1420,1424,0,2,1,3,4
547,1406,1424,0,2,7,12,19
215,1402,1424,0,2,9,13,22
1302,1420,1429,0,2,1,8,9
297,1421,1429,0,2,1,7,8
761,1421,1429,0,2,2,6,8
1226,1423,1429,0,2,1,5,6
1317,1420,1429,0,2,1,8,9
63,1391,1430,6,2,6,33,39
538,1329,1430,16,2,30,71,101
931,1341,1430,13,2,26,63,89
952,1320,1430,16,2,39,71,110
1248,1377,1430,7,2,10,43,53
1266,1322,1430,16,2,38,70,108
958,1387,1430,5,2,25,18,43
250,1325,1430,7,2,61,44,105
726,1382,1430,7,2,4,44,48
164,1349,1430,8,2,30,51,81
82,1430,1435,0,2,1,4,5
169,1417,1438,2,1,5,16,21
1364,1407,1439,2,8,17,15,32
328,1431,1447,2,5,1,15,16
1316,1405,1452,9,2,16,31,47
232,1410,1452,9,2,12,30,42
537,1423,1452,8,2,5,24,29
494,1426,1452,6,2,13,13,26
209,1435,1457,2,11,1,21,22
561,1449,1461,4,2,5,7,12
757,1436,1461,7,2,10,15,25
226,1436,1466,1,2,25,5,30
848,1455,1466,0,2,2,9,11
813,1451,1466,0,2,5,10,15
20,1454,1466,0,2,1,11,12
1154,1452,1466,0,2,2,12,14
1219,1450,1466,0,2,3,13,16
523,1450,1466,0,2,4,12,16
92,1450,1466,0,2,3,13,16
685,1446,1466,0,2,7,13,20
1228,1449,1466,0,2,6,11,17
1273,1457,1466,0,2,1,8,9
1325,1451,1466,0,2,3,13,16
113,1443,1466,0,2,10,13,23
504,1445,1466,0,2,9,12,21
416,1447,1467,2,1,5,15,20
1371,1430,1469,2,16,1,38,39
57,1464,1472,2,0,1,7,8
364,1411,1481,2,19,18,52,70
1038,1461,1484,0,2,11,12,23
326,1467,1484,0,2,5,12,17
918,1480,1484,0,2,1,3,4
1043,1466,1484,0,2,6,12,18
1162,1478,1484,0,2,1,5,6
1101,1473,1484,0,2,1,10,11
182,1479,1484,0,2,1,4,5
1369,1475,1484,0,2,2,8,10
642,1466,1484,0,2,7,11,18
1166,1477,1484,0,2,1,6,7
216,1474,1484,0,2,1,9,10
1323,1479,1484,0,2,2,4,6
544,1472,1485,0,2,1,12,13
711,1461,1485,0,2,11,13,24
712,1469,1485,0,2,3,13,16
1133,1481,1485,0,2,2,3,5
589,1479,1485,0,2,1,5,6
292,1453,1493,2,3,31,9,40
94,1443,1500,16,2,17,40,57
912,1467,1500,10,2,10,23,33
320,1485,1501,0,2,11,5,16
1387,1491,1501,0,2,4,6,10
30,1488,1501,0,2,8,5,13
181,1491,1501,0,2,5,5,10
922,1485,1501,0,2,10,6,16
316,1487,1501,0,2,9,5,14
343,1488,1501,0,2,7,6,13
937,1483,1501,0,2,12,6,18
130,1485,1501,0,2,12,4,16
1169,1487,1501,0,2,8,6,14
114,1487,1501,0,2,11,3,14
601,1485,1501,0,2,10,6,16
1173,1487,1501,0,2,8,6,14
1333,1488,1501,0,2,9,4,13
129,1477,1507,2,9,8,22,30
154,1431,1509,12,2,19,59,78
1297,1467,1509,6,2,14,28,42
238,1478,1509,7,2,1,30,31
166,1457,1509,7,2,9,43,52
259,1497,1511,2,3,4,10,14
1148,1512,1517,2,0,1,4,5
285,1489,1518,2,1,13,17,30
427,1479,1518,2,1,22,18,40
977,1502,1518,2,5,1,15,16
176,1517,1525,0,2,1,7,8
358,1519,1527,7,2,1,7,8
948,1485,1527,7,2,33,9,42
107,1493,1527,9,2,14,20,34
65,1504,1528,2,8,1,23,24
45,1453,1529,2,10,13,63,76
893,1521,1533,2,1,7,6,13
1348,1523,1533,2,1,5,5,10
98,1525,1533,2,1,2,6,8
58,1479,1536,2,11,1,56,57
1353,1519,1545,1,2,14,12,26
411,1513,1545,0,2,2,30,32
492,1502,1545,0,2,7,36,43
1382,1529,1545,0,2,1,15,16
1115,1512,1545,0,2,1,32,33
1246,1529,1545,0,2,2,14,16
593,1525,1545,0,2,1,19,20
318,1515,1545,0,2,1,29,30
145,1506,1545,0,2,3,36,39
1036,1503,1545,0,2,8,34,42
748,1517,1545,0,2,1,27,28
886,1528,1545,0,2,1,16,17
344,1496,1545,0,2,13,36,49
369,1512,1545,0,2,2,31,33
1217,1515,1545,0,2,2,28,30
1120,1518,1545,0,2,1,26,27
708,1509,1545,0,2,1,35,36
1385,1498,1545,0,2,12,35,47
1052,1520,1545,0,2,1,24,25
1335,1468,1547,2,12,1,78,79
64,1519,1547,2,6,6,22,28
646,1545,1553,0,2,1,7,8
329,1546,1553,0,2,1,6,7
575,1548,1553,0,2,1,4,5
1096,1539,1553,0,2,5,9,14
959,1533,1553,0,2,11,9,20
300,1542,1553,0,2,3,8,11
750,1451,1554,2,14,15,88,103
843,1455,1554,2,14,12,87,99
666,1536,1556,0,2,7,13,20
1386,1551,1556,0,2,1,4,5
764,1552,1556,0,2,1,3,4
398,1539,1556,0,2,4,13,17
1225,1530,1556,0,2,13,13,26
795,1542,1556,0,2,1,13,14
85,1537,1556,0,2,7,12,19
150,1544,1556,0,2,1,11,12
1045,1528,1558,2,9,1,29,30
1343,1494,1561,2,16,1,66,67
704,1544,1563,2,10,1,18,19
1170,1555,1566,2,7,1,10,11
890,1565,1570,2,5,1,4,5
401,1481,1572,14,2,76,15,91
201,1513,1572,16,2,37,22,59
1252,1478,1572,18,2,62,32,94
779,1477,1572,18,2,62,33,95
617,1484,1572,18,2,55,33,88
400,1523,1572,14,2,35,14,49
938,1502,1573,2,17,1,70,71
1005,1490,1580,2,19,1,89,90
1162,1549,1581,2,18,1,31,32
1286,1537,1587,2,1,36,14,50
1200,1533,1587,2,1,39,15,54
928,1545,1587,2,1,27,15,42
254,1568,1587,2,1,7,13,20
473,1581,1588,0,2,1,6,7
1160,1582,1588,0,2,2,5,7
1074,1574,1589,0,2,3,12,15
993,1567,1589,0,2,6,16,22
805,1575,1589,0,2,1,13,14
452,1561,1589,0,2,12,16,28
1033,1579,1589,0,2,1,9,10
1334,1580,1589,0,2,1,8,9
983,1562,1589,0,2,11,16,27
1034,1565,1589,0,2,11,13,24
1331,1572,1589,0,2,3,14,17
1233,1554,1589,0,2,19,16,35
485,1579,1589,0,2,2,8,10
68,1554,1589,0,2,20,15,35
671,1565,1589,0,2,8,16,24
50,1560,1589,0,2,13,16,29
719,1560,1589,0,2,15,14,29
722,1576,1589,0,2,2,11,13
234,1565,1589,0,2,9,15,24
659,1561,1589,0,2,13,15,28
1009,1578,1589,0,2,1,10,11
142,1580,1599,0,2,1,18,19
1117,1582,1599,0,2,1,16,17
900,1583,1599,0,2,1,15,16
1106,1581,1599,0,2,1,17,18
883,1584,1599,0,2,1,14,15
1263,1580,1599,0,2,2,17,19
1350,1557,1600,1,6,26,17,43
862,1545,1600,19,2,35,20,55
604,1595,1604,0,2,3,6,9
721,1596,1604,0,2,1,7,8
1291,1590,1604,0,2,5,9,14
773,1590,1604,0,2,7,7,14
546,1593,1604,0,2,4,8,12
157,1587,1604,0,2,9,8,17
908,1591,1604,0,2,4,9,13
222,1586,1604,0,2,9,9,18
787,1539,1609,5,2,62,8,70
476,1596,1609,2,7,1,12,13
290,1570,1609,2,7,18,21,39
931,1605,1614,2,1,1,8,9
66,1588,1614,2,1,13,13,26
37,1585,1614,2,1,15,14,29
1288,1603,1614,2,1,1,10,11
670,1614,1617,2,1,1,2,3
202,1573,1617,2,16,16,28,44
68,1592,1628,2,17,1,35,36
1030,1625,1635,0,2,1,9,10
1209,1614,1635,0,2,9,12,21
303,1614,1635,0,2,8,13,21
864,1616,1635,0,2,7,12,19
979,1608,1635,0,2,14,13,27
429,1618,1635,0,2,4,13,17
975,1609,1635,0,2,13,13,26
771,1605,1635,0,2,17,13,30
667,1605,1635,0,2,18,12,30
512,1619,1635,0,2,6,10,16
559,1613,1635,0,2,9,13,22
385,1625,1635,0,2,1,9,10
109,1610,1635,0,2,12,13,25
458,1619,1635,0,2,3,13,16
289,1608,1635,0,2,16,11,27
741,1609,1635,0,2,14,12,26
1001,1615,1635,0,2,7,13,20
299,1614,1635,0,2,10,11,21
1191,1615,1636,2,1,14,7,21
309,1614,1636,2,1,14,8,22
1326,1628,1636,2,1,2,6,8
481,1626,1636,2,1,2,8,10
1328,1625,1643,0,2,1,17,18
480,1611,1643,0,2,13,19,32
827,1626,1643,0,2,1,16,17
426,1628,1643,0,2,1,14,15
1256,1628,1643,0,2,2,13,15
1213,1630,1643,0,2,1,12,13
1346,1616,1645,1,3,12,17,29
943,1620,1645,4,2,9,16,25
28,1596,1645,7,2,16,33,49
1382,1606,1645,2,3,29,10,39
1273,1609,1653,2,4,26,18,44
415,1649,1655,0,2,1,5,6
1147,1633,1655,0,2,12,10,22
1029,1644,1655,0,2,1,10,11
220,1647,1655,0,2,2,6,8
225,1637,1655,0,2,10,8,18
597,1645,1655,0,2,1,9,10
151,1636,1655,0,2,9,10,19
73,1637,1655,0,2,8,10,18
18,1640,1655,0,2,5,10,15
688,1634,1655,0,2,12,9,21
706,1641,1655,0,2,8,7,15
287,1637,1655,0,2,10,9,19
973,1594,1659,16,2,46,19,65
1055,1624,1659,17,2,11,24,35
970,1608,1661,2,5,28,25,53
1114,1645,1663,2,4,8,10,18
396,1631,1670,1,15,2,37,39
770,1636,1670,2,7,2,32,34
767,1615,1670,2,7,22,33,55
1231,1659,1671,2,5,1,11,12
776,1654,1672,2,13,1,17,18
624,1603,1673,2,11,1,69,70
1149,1659,1682,2,15,1,22,23
1359,1660,1687,0,2,9,18,27
447,1659,1687,0,2,8,20,28
1389,1669,1687,0,2,2,16,18
1039,1665,1687,0,2,2,20,22
1388,1657,1687,0,2,11,19,30
1356,1664,1687,0,2,4,19,23
797,1671,1687,0,2,1,15,16
702,1656,1687,0,2,11,20,31
83,1660,1687,0,2,7,20,27
1367,1671,1687,0,2,2,14,16
530,1668,1687,0,2,3,17,20
673,1638,1688,2,17,1,49,50
517,1638,1688,2,17,2,48,50
120,1684,1693,0,2,6,3,9
774,1678,1693,0,2,9,6,15
1240,1684,1693,0,2,3,6,9
89,1679,1693,0,2,10,4,14
790,1679,1693,0,2,8,6,14
985,1675,1693,0,2,12,6,18
840,1677,1693,0,2,12,5,17
599,1681,1693,0,2,6,6,12
51,1680,1693,0,2,8,5,13
2,1691,1698,2,5,1,6,7
1249,1704,1708,0,2,1,3,4
1083,1693,1708,0,2,9,6,15
167,1698,1708,0,2,4,6,10
1295,1689,1708,0,2,13,6,19
377,1699,1708,0,2,3,6,9
205,1691,1708,0,2,11,6,17
1303,1691,1708,0,2,12,5,17
1186,1696,1708,0,2,7,6,13
416,1666,1710,1,12,9,35,44
962,1705,1718,0,2,1,12,13
775,1691,1718,0,2,11,16,27
735,1707,1718,0,2,2,10,12
1212,1704,1718,0,2,1,13,14
417,1698,1718,0,2,4,16,20
730,1697,1718,0,2,6,15,21
175,1694,1718,0,2,8,16,24
650,1680,1722,1,15,1,41,42
449,1681,1722,2,15,7,34,41
1026,1690,1722,2,15,1,31,32
1093,1674,1731,19,2,21,36,57
670,1707,1732,1,9,3,22,25
464,1721,1733,2,9,1,11,12
147,1675,1733,2,16,12,46,58
522,1697,1745,2,1,36,12,48
294,1733,1745,2,1,2,10,12
581,1675,1745,2,1,56,14,70
250,1679,1745,2,1,53,13,66
351,1727,1745,2,1,7,11,18
8,1726,1745,2,1,5,14,19
34,1735,1751,2,0,1,15,16
44,1687,1751,2,0,44,20,64
839,1701,1751,2,0,30,20,50
568,1704,1751,2,0,28,19,47
404,1701,1752,13,2,5,46,51
997,1660,1752,10,2,57,35,92
506,1658,1752,15,2,38,56,94
263,1662,1752,18,2,16,74,90
837,1651,1752,17,2,38,63,101
915,1679,1752,10,2,39,34,73
674,1696,1752,2,17,12,44,56
1238,1744,1756,0,2,6,6,12
834,1748,1756,0,2,3,5,8
1222,1742,1756,0,2,8,6,14
1095,1720,1756,0,2,30,6,36
1082,1739,1756,0,2,11,6,17
43,1740,1756,0,2,11,5,16
486,1712,1756,0,2,39,5,44
968,1730,1756,0,2,21,5,26
304,1725,1756,0,2,25,6,31
264,1713,1756,0,2,37,6,43
41,1715,1756,0,2,35,6,41
914,1740,1756,0,2,10,6,16
707,1724,1756,0,2,28,5,33
917,1746,1756,0,2,4,6,10
583,1723,1756,0,2,27,6,33
832,1731,1756,0,2,19,6,25
907,1742,1756,0,2,9,5,14
323,1710,1756,0,2,40,6,46
1155,1718,1756,0,2,33,5,38
105,1727,1756,0,2,23,6,29
1264,1657,1758,3,2,80,21,101
408,1695,1758,6,2,3,60,63
612,1675,1758,5,2,32,51,83
769,1681,1758,8,2,11,66,77
387,1667,1758,9,2,15,76,91
1019,1703,1758,3,2,35,20,55
1109,1705,1758,4,2,13,40,53
430,1677,1758,8,2,14,67,81
816,1744,1759,2,1,8,7,15
1199,1755,1759,2,1,1,3,4
616,1704,1761,2,18,5,52,57
664,1752,1763,0,2,2,9,11
172,1745,1763,0,2,7,11,18
634,1720,1763,0,2,32,11,43
332,1752,1763,0,2,1,10,11
700,1725,1763,0,2,26,12,38
1,1752,1763,0,2,3,8,11
502,1735,1763,0,2,18,10,28
980,1713,1763,0,2,38,12,50
611,1740,1763,0,2,11,12,23
935,1762,1767,0,2,1,4,5
854,1756,1767,0,2,4,7,11
649,1757,1767,0,2,4,6,10
324,1765,1776,0,2,5,6,11
571,1764,1776,0,2,5,7,12
830,1764,1776,0,2,5,7,12
996,1765,1776,0,2,4,7,11
348,1768,1776,0,2,1,7,8
609,1775,1780,2,5,1,4,5
217,1743,1785,2,6,13,29,42
461,1737,1786,1,12,20,29,49
777,1776,1786,0,2,1,9,10
40,1774,1786,0,2,1,11,12
556,1777,1786,0,2,1,8,9
963,1766,1786,0,2,4,16,20
778,1764,1786,0,2,6,16,22
1042,1757,1786,2,12,8,21,29
984,1771,1786,0,2,1,14,15
228,1784,1792,2,3,2,6,8
979,1758,1793,2,8,1,34,35
605,1755,1797,2,13,8,34,42
331,1731,1804,13,2,43,30,73
1318,1738,1804,13,2,37,29,66
782,1783,1804,5,2,6,15,21
1267,1784,1805,2,16,1,20,21
587,1788,1805,2,5,1,16,17
516,1753,1812,2,17,11,48,59
1239,1776,1813,2,18,1,36,37
626,1805,1819,0,2,1,13,14
1195,1792,1819,0,2,13,14,27
1365,1786,1819,0,2,19,14,33
214,1789,1819,0,2,16,14,30
751,1782,1819,0,2,23,14,37
395,1802,1819,0,2,3,14,17
698,1810,1819,0,2,1,8,9
503,1806,1819,0,2,1,12,13
1092,1792,1819,0,2,16,11,27
1251,1793,1819,0,2,12,14,26
1265,1783,1819,0,2,23,13,36
72,1800,1819,0,2,7,12,19
340,1807,1819,0,2,1,11,12
90,1794,1819,0,2,11,14,25
695,1793,1819,0,2,13,13,26
998,1786,1819,0,2,21,12,33
345,1790,1819,0,2,16,13,29
1084,1811,1824,0,2,1,12,13
920,1805,1824,0,2,3,16,19
1201,1810,1824,0,2,1,13,14
653,1812,1824,0,2,1,11,12
352,1797,1825,2,1,7,21,28
178,1782,1825,2,1,22,21,43
887,1811,1825,2,1,1,13,14
618,1737,1825,2,19,26,62,88
1172,1816,1828,2,3,3,9,12
80,1826,1832,0,2,1,5,6
549,1828,1832,0,2,1,3,4
1085,1827,1832,0,2,1,4,5
1018,1823,1832,0,2,3,6,9
1187,1815,1832,0,2,9,9,18
1313,1815,1832,0,2,10,7,17
140,1814,1832,0,2,9,9,18
588,1814,1832,0,2,10,8,18
53,1821,1832,0,2,3,8,11
148,1820,1832,0,2,3,9,12
874,1825,1836,1,0,1,10,11
1323,1793,1836,2,0,12,31,43
692,1825,1839,2,1,8,6,14
918,1814,1842,2,10,6,22,28
627,1807,1842,2,10,12,23,35
599,1815,1842,2,10,6,21,27
444,1841,1845,0,2,1,3,4
123,1777,1853,1,12,36,40,76
443,1835,1853,0,2,1,17,18
298,1831,1853,0,2,5,17,22
1062,1841,1853,0,2,1,11,12
456,1840,1853,0,2,1,12,13
196,1839,1853,0,2,1,13,14
446,1843,1853,0,2,1,9,10
1235,1835,1853,0,2,3,15,18
569,1835,1853,0,2,1,17,18
1121,1833,1853,0,2,4,16,20
931,1779,1858,1,13,35,44,79
211,1796,1858,11,2,43,19,62
790,1814,1858,2,13,5,39,44
1008,1843,1863,1,8,4,16,20
1278,1844,1870,2,1,8,18,26
837,1841,1870,2,1,10,19,29
809,1866,1870,2,1,1,3,4
162,1816,1873,2,17,4,53,57
1057,1857,1875,1,2,13,5,18
1176,1867,1875,0,2,1,7,8
168,1862,1875,0,2,2,11,13
1285,1850,1875,0,2,12,13,25
1108,1855,1875,0,2,6,14,20
126,1862,1875,0,2,1,12,13
897,1862,1875,0,2,3,10,13
270,1844,1875,0,2,17,14,31
165,1861,1875,0,2,2,12,14
631,1842,1876,1,11,4,30,34
908,1823,1878,2,18,1,54,55
294,1793,1885,1,19,20,72,92
59,1871,1892,0,2,10,11,21
334,1880,1892,0,2,1,11,12
1182,1874,1892,0,2,6,12,18
1159,1877,1892,0,2,3,12,15
1356,1867,1892,2,10,1,24,25
590,1870,1892,0,2,10,12,22
1244,1875,1892,0,2,7,10,17
260,1890,1894,2,3,1,3,4
925,1889,1896,0,2,1,6,7
384,1885,1896,0,2,1,10,11
381,1890,1896,0,2,2,5,7
822,1881,1896,0,2,2,13,15
1095,1827,1899,2,12,18,54,72
215,1897,1902,2,3,1,4,5
1153,1856,1903,2,5,19,28,47
175,1834,1907,2,14,12,61,73
436,1899,1908,0,2,1,8,9
535,1899,1908,0,2,2,7,9
756,1903,1908,0,2,1,4,5
924,1895,1908,0,2,1,12,13
602,1900,1908,0,2,2,6,8
655,1894,1908,0,2,1,13,14
1059,1897,1908,0,2,1,10,11
558,1904,1908,0,2,1,3,4
374,1897,1908,0,2,2,9,11
563,1868,1912,1,8,3,41,44
1257,1900,1914,2,3,8,6,14
741,1882,1916,2,17,1,33,34
765,1913,1920,2,1,1,6,7
1357,1916,1920,2,1,1,3,4
1077,1885,1920,2,1,27,8,35
371,1877,1922,2,18,1,44,45
499,1901,1923,2,17,1,21,22
772,1908,1924,2,6,1,15,16
1168,1907,1929,2,18,1,21,22
402,1913,1930,0,2,10,7,17
815,1913,1930,0,2,9,8,17
1126,1923,1930,0,2,1,6,7
507,1916,1930,0,2,6,8,14
117,1917,1930,0,2,6,7,13
1300,1909,1930,0,2,13,8,21
780,1924,1930,0,2,1,5,6
488,1917,1930,0,2,5,8,13
621,1918,1930,0,2,7,5,12
1013,1913,1930,0,2,11,6,17
518,1923,1930,0,2,3,4,7
1202,1907,1932,2,0,5,20,25
1118,1888,1932,2,0,25,19,44
101,1933,1945,0,2,1,11,12
1189,1934,1945,0,2,1,10,11
510,1932,1945,0,2,1,12,13
375,1935,1945,0,2,2,9,11
867,1933,1952,0,2,1,18,19
139,1939,1954,2,1,1,14,15
723,1920,1954,2,1,16,18,34
1034,1938,1959,2,3,2,19,21
773,1945,1959,2,6,1,13,14
554,1951,1967,2,8,1,15,16
1390,1960,1967,0,2,1,6,7
615,1938,1967,2,5,1,28,29
971,1938,1967,2,5,1,28,29
1183,1945,1967,0,2,15,7,22
560,1951,1972,2,6,1,20,21
702,1946,1973,2,10,2,25,27
1193,1949,1973,2,10,1,23,24
1206,1937,1977,2,7,1,39,40
789,1960,1979,2,1,8,11,19
578,1953,1979,2,1,13,13,26
96,1965,1979,2,1,1,13,14
716,1968,1980,0,2,1,11,12
479,1946,1980,0,2,13,21,34
186,1959,1980,0,2,1,20,21
930,1963,1980,0,2,1,16,17
548,1938,1980,0,2,22,21,43
67,1964,1980,0,2,1,15,16
1347,1958,1980,0,2,3,19,22
953,1949,1980,0,2,11,20,31
981,1939,1980,0,2,21,20,41
1179,1954,1980,0,2,5,21,26
1293,1941,1980,0,2,18,21,39
467,1965,1980,0,2,1,14,15
1060,1923,1982,2,12,23,36,59
824,1931,1982,2,12,14,37,51
310,1976,1986,2,3,4,6,10
541,1918,1988,2,9,12,58,70
1314,1935,1989,2,14,12,42,54
383,1958,1991,2,0,9,24,33
547,1959,1991,2,0,7,25,32
604,1976,1999,2,10,1,22,23
267,1932,2001,1,19,7,62,69
993,1923,2001,2,19,22,56,78
922,1938,2001,2,19,7,56,63
8,1946,2002,1,15,25,31,56
1286,1961,2008,1,16,11,36,47
278,1978,2008,2,11,1,29,30
154,1988,2013,2,1,16,9,25
1310,1983,2013,2,1,19,11,30
865,2004,2013,2,1,1,8,9
450,2001,2013,2,1,2,10,12
1319,1990,2013,2,1,12,11,23
944,1987,2013,2,1,15,11,26
974,1981,2013,0,2,11,21,32
13,1983,2013,0,2,8,22,30
895,1979,2013,0,2,12,22,34
788,1972,2013,0,2,19,22,41
1128,1994,2013,0,2,1,18,19
1277,1971,2013,0,2,21,21,42
319,1991,2013,0,2,1,21,22
880,1986,2013,0,2,7,20,27
947,1995,2013,0,2,1,17,18
1017,1998,2013,0,2,1,14,15
198,1979,2013,0,2,15,19,34
1069,1973,2013,0,2,18,22,40
811,1978,2013,0,2,14,21,35
1366,1980,2013,0,2,11,22,33
61,1972,2013,0,2,21,20,41
158,1970,2013,0,2,21,22,43
1250,1971,2016,1,17,2,43,45
720,1976,2018,2,12,1,41,42
950,2015,2019,2,1,1,3,4
733,1984,2020,2,0,19,17,36
581,1988,2025,1,3,17,20,37
893,2034,2037,1,2,1,2,3
1065,2024,2037,0,2,1,12,13
1298,2022,2037,0,2,1,14,15
1224,2014,2037,0,2,7,16,23
553,2016,2037,0,2,4,17,21
1345,2014,2037,0,2,6,17,23
957,2003,2037,0,2,17,17,34
1116,2006,2037,0,2,15,16,31
1022,2010,2037,0,2,10,17,27
781,2008,2037,0,2,14,15,29
662,2017,2037,0,2,4,16,20
638,2018,2037,0,2,2,17,19
606,2021,2037,0,2,3,13,16
1028,2018,2037,0,2,4,15,19
460,2007,2037,0,2,13,17,30
1150,2015,2037,0,2,8,14,22
520,1992,2037,2,6,21,24,45
386,2029,2039,0,2,2,8,10
796,2032,2039,0,2,1,6,7
845,2028,2039,0,2,2,9,11
1141,2029,2039,0,2,1,9,10
804,2034,2039,0,2,1,4,5
763,2029,2039,0,2,3,7,10
471,2033,2042,2,3,1,8,9
133,2003,2045,2,8,10,32,42
227,2045,2049,0,2,1,3,4
1066,2042,2049,0,2,1,6,7
1102,2038,2049,0,2,1,10,11
1063,2041,2049,0,2,1,7,8
399,2043,2049,0,2,1,5,6
557,2041,2050,2,3,1,8,9
1132,2033,2051,2,1,10,8,18
7,2037,2051,2,1,8,6,14
179,2029,2051,2,1,14,8,22
3,2031,2051,2,1,13,7,20
437,2026,2052,2,5,5,21,26
944,2029,2053,1,8,1,23,24
655,2041,2053,2,8,1,11,12
1218,1993,2058,1,10,13,52,65
662,2047,2062,2,4,1,14,15
896,2011,2067,1,9,13,43,56
664,2059,2068,2,10,1,8,9
234,2055,2068,2,10,1,12,13
1091,2015,2072,2,18,1,56,57
1228,1998,2072,2,18,16,58,74
990,2053,2078,0,2,12,13,25
783,2049,2078,0,2,15,14,29
1104,2048,2078,0,2,17,13,30
798,2049,2078,0,2,17,12,29
792,2066,2078,0,2,1,11,12
1344,2046,2078,0,2,18,14,32
311,2051,2078,0,2,13,14,27
989,2064,2078,0,2,1,13,14
656,2053,2078,0,2,11,14,25
600,2061,2081,0,2,6,14,20
657,2032,2082,2,13,1,49,50
270,2055,2083,2,17,2,26,28
1033,2058,2086,2,3,23,5,28
791,2072,2089,2,1,1,16,17
239,2053,2089,2,1,17,19,36
1336,2049,2089,2,1,21,20,41
1370,2081,2089,2,1,1,7,8
532,2029,2089,2,15,3,57,60
70,2046,2091,2,18,3,42,45
1013,2060,2092,2,5,22,10,32
52,2082,2100,2,10,1,17,18
559,2061,2101,2,6,20,20,40
1281,2083,2106,2,11,1,22,23
930,2069,2106,2,11,9,28,37
525,2078,2109,0,2,23,8,31
338,2082,2109,0,2,19,8,27
1380,2086,2109,0,2,16,7,23
1236,2090,2109,0,2,11,8,19
455,2080,2110,0,2,22,8,30
325,2104,2110,0,2,1,5,6
1112,2081,2110,0,2,20,9,29
474,2086,2110,0,2,15,9,24
709,2093,2110,0,2,9,8,17
1123,2079,2110,0,2,22,9,31
419,2076,2110,0,2,25,9,34
694,2090,2110,0,2,11,9,20
961,2084,2110,0,2,17,9,26
37,2061,2114,1,8,11,42,53
924,2081,2114,2,8,2,31,33
1027,2059,2119,2,19,19,41,60
423,2103,2121,2,1,13,5,18
1107,2097,2121,2,1,20,4,24
746,2113,2121,2,1,3,5,8
1297,2106,2121,2,1,12,3,15
110,2094,2121,2,1,22,5,27
959,2115,2121,2,5,1,5,6
648,2110,2122,0,2,6,6,12
1087,2107,2127,0,2,9,11,20
317,2119,2127,0,2,1,7,8
910,2121,2127,0,2,1,5,6
17,2111,2127,0,2,5,11,16
1163,2119,2127,0,2,2,6,8
469,2111,2127,0,2,6,10,16
435,2117,2127,0,2,1,9,10
247,2121,2127,0,2,2,4,6
665,2139,2146,0,2,1,6,7
885,2134,2146,0,2,2,10,12
1270,2136,2146,0,2,1,9,10
1014,2140,2146,0,2,1,5,6
1241,2126,2150,0,2,6,18,24
1315,2132,2150,0,2,2,16,18
853,2133,2150,0,2,2,15,17
872,2125,2150,0,2,6,19,25
1100,2131,2150,0,2,2,17,19
9,2135,2150,0,2,1,14,15
536,2134,2150,0,2,1,15,16
819,2133,2150,0,2,1,16,17
432,2141,2151,2,1,1,9,10
769,2123,2151,2,1,6,22,28
672,2122,2151,2,18,1,28,29
95,2148,2155,0,2,2,5,7
875,2145,2155,0,2,3,8,11
663,2147,2155,0,2,3,6,9
1337,2144,2155,0,2,2,9,11
31,2146,2155,0,2,2,7,9
266,2145,2155,0,2,1,9,10
1304,2148,2155,0,2,1,6,7
753,2123,2161,2,0,7,31,38
765,2132,2165,1,8,4,29,33
1389,2139,2173,2,19,7,27,34
90,2145,2173,2,19,2,26,28
863,2159,2179,2,1,10,10,20
252,2152,2183,0,2,9,22,31
24,2167,2183,0,2,1,15,16
77,2159,2183,0,2,2,22,24
1003,2156,2183,0,2,6,21,27
637,2169,2183,0,2,1,13,14
184,2164,2191,2,0,6,21,27
87,2171,2195,0,2,5,19,24
543,2186,2197,2,1,5,6,11
718,2187,2197,2,1,3,7,10
680,2179,2197,2,1,11,7,18
1094,2193,2197,2,1,1,3,4
1348,2184,2200,1,11,1,15,16
684,2195,2200,2,3,1,4,5
1043,2178,2205,2,12,9,18,27
658,2188,2207,0,2,4,15,19
245,2187,2207,0,2,4,16,20
860,2188,2207,0,2,3,16,19
954,2189,2207,0,2,2,16,18
367,2189,2207,0,2,3,15,18
1342,2192,2207,0,2,1,14,15
682,2184,2207,0,2,8,15,23
301,2185,2207,0,2,6,16,22
1165,2194,2207,0,2,2,11,13
1070,2186,2207,0,2,7,14,21
651,2188,2207,0,2,6,13,19
308,2193,2207,0,2,2,12,14
275,2195,2207,0,2,2,10,12
923,2182,2207,0,2,9,16,25
760,2184,2208,2,4,1,23,24
220,2202,2214,2,3,5,7,12
46,2156,2217,1,16,26,35,61
27,2209,2217,0,2,1,7,8
75,2199,2217,0,2,4,14,18
1146,2197,2218,2,1,10,11,21
756,2181,2219,2,5,3,35,38
1159,2179,2219,2,5,4,36,40
148,2178,2222,2,17,10,34,44
250,2161,2227,1,7,12,54,66
1326,2220,2228,1,0,1,7,8
712,2215,2231,2,5,2,14,16
378,2228,2234,0,2,1,5,6
237,2218,2234,0,2,10,6,16
110,2170,2236,1,9,4,62,66
642,2231,2241,2,10,1,9,10
623,2222,2245,2,11,1,22,23
427,2219,2249,1,2,19,11,30
1339,2218,2249,0,2,9,22,31
576,2224,2249,0,2,4,21,25
160,2221,2249,0,2,6,22,28
468,2214,2249,0,2,14,21,35
1143,2226,2249,0,2,1,22,23
1088,2226,2249,0,2,3,20,23
146,2228,2249,0,2,1,20,21
687,2210,2249,0,2,17,22,39
1023,2194,2253,1,14,18,41,59
748,2216,2254,2,12,1,37,38
1284,2245,2259,2,13,1,13,14
193,2221,2261,2,15,1,39,40
322,2204,2262,2,15,1,57,58
286,2240,2262,0,2,15,7,22
174,2250,2262,0,2,4,8,12
1054,2236,2262,0,2,18,8,26
55,2237,2262,0,2,18,7,25
1016,2239,2262,0,2,17,6,23
241,2254,2262,0,2,2,6,8
1245,2249,2262,0,2,5,8,13
594,2239,2262,0,2,15,8,23
705,2240,2262,0,2,14,8,22
878,2237,2262,0,2,17,8,25
1190,2247,2262,0,2,10,5,15
994,2249,2262,0,2,6,7,13
697,2227,2265,2,1,22,16,38
545,2255,2265,2,1,1,9,10
943,2244,2265,2,1,6,15,21
727,2226,2265,2,1,22,17,39
97,2228,2265,2,1,20,17,37
326,2253,2268,2,3,1,14,15
1160,2255,2272,2,0,2,15,17
796,2234,2276,2,5,15,27,42
138,2207,2277,2,19,1,69,70
501,2195,2277,2,19,1,81,82
745,2262,2284,0,2,12,10,22
1203,2259,2284,0,2,13,12,25
1275,2261,2284,0,2,11,12,23
47,2260,2284,0,2,13,11,24
14,2272,2284,0,2,3,9,12
1216,2263,2284,0,2,9,12,21
1330,2268,2284,0,2,4,12,16
911,2275,2284,0,2,1,8,9
153,2265,2284,0,2,8,11,19
284,2234,2286,1,9,5,47,52
946,2265,2290,2,3,1,24,25
84,2284,2294,0,2,1,9,10
283,2289,2294,0,2,1,4,5
1279,2289,2294,0,2,2,3,5
882,2282,2297,0,2,1,14,15
596,2278,2297,0,2,1,18,19
711,2291,2304,2,5,1,12,13
350,2276,2305,2,8,1,28,29
1227,2307,2316,0,2,1,8,9
346,2306,2316,0,2,1,9,10
1363,2267,2316,2,9,1,48,49
823,2305,2316,0,2,1,10,11
120,2265,2319,2,12,19,35,54
583,2306,2323,2,14,1,16,17
484,2307,2328,0,2,1,20,21
38,2290,2328,0,2,14,24,38
818,2296,2328,0,2,9,23,32
972,2297,2328,0,2,7,24,31
847,2306,2328,0,2,2,21,23
124,2302,2328,0,2,2,24,26
457,2311,2328,0,2,1,16,17
1271,2296,2328,0,2,8,24,32
1296,2296,2328,0,2,10,22,32
363,2298,2328,0,2,7,23,30
898,2306,2328,0,2,1,21,22
304,2268,2330,2,13,17,45,62
572,2294,2333,2,1,23,16,39
261,2298,2333,2,1,19,16,35
630,2328,2333,2,1,1,4,5
810,2310,2333,2,1,9,14,23
1283,2329,2333,2,1,1,3,4
263,2294,2333,2,1,24,15,39
1272,2316,2333,2,1,1,16,17
366,2330,2333,2,1,1,2,3
1004,2304,2334,2,19,1,29,30
295,2300,2334,2,19,1,33,34
246,2250,2336,2,15,34,52,86
838,2260,2336,2,15,26,50,76
833,2325,2339,0,2,5,9,14
1147,2322,2339,2,0,1,16,17
555,2328,2339,0,2,1,10,11
951,2313,2339,0,2,15,11,26
1156,2321,2339,0,2,7,11,18
1071,2325,2339,0,2,4,11,15
949,2319,2339,0,2,10,10,20
738,2319,2339,2,0,1,19,20
1317,2279,2342,2,16,5,58,63
980,2325,2344,2,7,3,16,19
518,2250,2351,2,17,35,66,101
135,2336,2354,2,1,10,8,18
793,2351,2354,2,1,1,2,3
1099,2338,2357,0,2,1,18,19
786,2336,2357,0,2,1,20,21
567,2337,2357,0,2,1,19,20
490,2343,2357,0,2,1,13,14
550,2342,2357,0,2,1,14,15
96,2307,2358,1,10,8,43,51
121,2353,2362,2,1,4,5,9
276,2358,2362,2,1,1,3,4
244,2359,2362,2,1,1,2,3
1074,2354,2362,2,1,4,4,8
7,2261,2363,1,18,18,84,102
910,2292,2363,2,18,1,70,71
73,2258,2363,2,18,26,79,105
468,2352,2367,2,3,1,14,15
219,2340,2367,2,3,1,26,27
746,2301,2370,1,11,13,56,69
937,2283,2372,2,19,4,85,89
492,2348,2377,2,4,1,28,29
101,2314,2380,2,15,14,52,66
306,2354,2380,0,2,17,9,26
74,2365,2380,0,2,7,8,15
828,2345,2380,0,2,27,9,36
591,2372,2380,0,2,1,7,8
826,2375,2380,0,2,1,4,5
447,2342,2384,2,10,21,21,42
438,2353,2384,2,5,1,30,31
1183,2337,2389,2,16,1,51,52
254,2367,2391,1,2,12,12,24
936,2345,2391,0,2,26,20,46
365,2361,2391,0,2,10,20,30
894,2375,2391,0,2,1,15,16
844,2346,2391,0,2,25,20,45
965,2372,2391,0,2,1,18,19
424,2371,2391,0,2,1,19,20
1124,2372,2391,0,2,1,18,19
425,2349,2391,0,2,23,19,42
337,2373,2391,0,2,1,17,18
758,2367,2391,0,2,4,20,24
868,2349,2391,0,2,22,20,42
871,2356,2394,2,13,8,30,38
637,2358,2394,2,13,5,31,36
503,2377,2400,2,11,3,20,23
204,2372,2401,2,14,1,28,29
1386,2317,2401,2,17,12,72,84
63,2372,2408,2,1,25,11,36
201,2382,2408,2,1,13,13,26
22,2369,2408,2,1,26,13,39
1019,2367,2408,2,1,29,12,41
1292,2389,2408,2,1,9,10,19
494,2359,2408,2,1,36,13,49
80,2374,2408,2,9,17,17,34
444,2387,2408,2,1,8,13,21
976,2381,2409,2,15,1,27,28
165,2356,2414,2,16,6,52,58
143,2383,2417,2,0,13,21,34
743,2406,2419,0,2,1,12,13
620,2377,2419,0,2,29,13,42
212,2395,2419,0,2,11,13,24
999,2407,2419,0,2,3,9,12
921,2393,2419,0,2,14,12,26
940,2348,2419,2,17,14,57,71
1081,2402,2419,0,2,5,12,17
565,2387,2419,0,2,20,12,32
939,2341,2419,2,17,21,57,78
505,2392,2419,0,2,14,13,27
1129,2395,2419,0,2,14,10,24
851,2404,2419,0,2,2,13,15
644,2397,2419,0,2,9,13,22
927,2388,2419,0,2,20,11,31
1306,2405,2419,0,2,3,11,14
986,2387,2419,0,2,19,13,32
713,2368,2428,2,18,1,59,60
903,2428,2434,0,2,1,5,6
932,2429,2434,0,2,1,4,5
808,2430,2434,0,2,1,3,4
995,2418,2446,0,2,1,27,28
86,2420,2446,0,2,1,25,26
1259,2419,2446,0,2,1,26,27
1255,2416,2446,0,2,1,29,30
641,2433,2447,2,1,5,9,14
190,2413,2447,2,1,24,10,34
848,2440,2447,2,1,1,6,7
1220,2416,2447,2,1,22,9,31
941,2423,2447,2,1,16,8,24
160,2422,2452,2,6,1,29,30
354,2448,2453,2,1,1,4,5
1191,2382,2454,1,18,48,24,72
1078,2418,2456,2,0,19,19,38
737,2428,2456,2,0,9,19,28
31,2419,2461,2,10,16,26,42
446,2431,2461,2,10,4,26,30
324,2405,2463,2,9,14,44,58
1141,2417,2463,2,9,2,44,46
950,2334,2464,1,15,95,35,130
88,2462,2466,0,2,1,3,4
356,2451,2466,0,2,6,9,15
1247,2458,2466,0,2,1,7,8
906,2457,2466,0,2,1,8,9
161,2444,2466,0,2,12,10,22
473,2439,2473,2,11,1,33,34
423,2414,2475,1,18,15,46,61
97,2346,2475,1,18,84,45,129
168,2431,2478,2,12,3,44,47
955,2403,2478,2,12,31,44,75
1222,2467,2480,2,5,1,12,13
957,2460,2480,2,5,6,14,20
1152,2472,2480,2,5,1,7,8
169,2372,2481,1,19,57,52,109
172,2408,2484,2,13,28,48,76
916,2422,2484,2,13,12,50,62
917,2391,2484,2,13,43,50,93
526,2454,2488,2,15,11,23,34
475,2475,2490,2,7,1,14,15
858,2447,2495,2,16,1,47,48
222,2436,2495,2,16,2,57,59
1174,2474,2498,0,2,7,17,24
856,2472,2498,0,2,8,18,26
372,2467,2498,0,2,13,18,31
1056,2467,2498,0,2,15,16,31
1237,2476,2498,0,2,4,18,22
1232,2464,2498,0,2,16,18,34
710,2465,2498,0,2,16,17,33
384,2396,2500,2,17,39,65,104
336,2416,2500,2,17,18,66,84
1029,2483,2504,2,3,16,5,21
1124,2475,2504,2,3,23,6,29
626,2487,2505,2,10,1,17,18
665,2475,2505,2,10,8,22,30
330,2435,2508,2,18,1,72,73
141,2428,2508,2,18,9,71,80
620,2484,2514,2,11,1,29,30
239,2483,2518,1,7,5,30,35
197,2506,2521,2,1,2,13,15
1353,2504,2521,2,1,2,15,17
1294,2485,2521,2,1,20,16,36
701,2508,2521,2,1,1,12,13
1214,2505,2521,2,1,2,14,16
544,2480,2525,2,12,4,41,45
415,2491,2525,2,12,1,33,34
351,2480,2527,1,8,7,40,47
734,2468,2529,2,0,36,25,61
962,2478,2537,2,15,5,54,59
106,2529,2538,0,2,1,8,9
466,2525,2538,0,2,4,9,13
1290,2519,2538,0,2,11,8,19
388,2530,2538,0,2,3,6,9
652,2527,2538,0,2,4,7,11
1373,2518,2538,0,2,11,9,20
1176,2510,2541,2,12,12,19,31
303,2495,2544,2,16,1,48,49
1336,2503,2546,1,2,17,26,43
271,2509,2546,0,2,2,35,37
1223,2485,2546,0,2,23,38,61
62,2494,2546,0,2,14,38,52
1355,2502,2546,0,2,6,38,44
25,2496,2546,0,2,14,36,50
1332,2489,2546,0,2,20,37,57
69,2511,2546,0,2,1,34,35
1137,2492,2553,2,17,1,60,61
216,2525,2553,2,3,14,14,28
988,2524,2554,2,14,1,29,30
928,2517,2555,1,13,23,15,38
774,2485,2561,2,19,1,75,76
1205,2548,2561,0,2,7,6,13
99,2537,2561,0,2,18,6,24
1196,2552,2561,0,2,4,5,9
861,2545,2561,0,2,10,6,16
1040,2547,2561,0,2,10,4,14
231,2544,2561,0,2,12,5,17
1179,2501,2562,2,16,20,41,61
189,2503,2562,2,16,17,42,59
1066,2519,2564,2,5,19,26,45
139,2465,2565,1,18,74,26,100
582,2564,2571,2,1,1,6,7
439,2560,2571,2,1,1,10,11
542,2549,2571,2,1,9,13,22
1372,2526,2571,2,1,30,15,45
695,2541,2571,2,1,16,14,30
1115,2560,2572,2,9,1,11,12
268,2512,2572,2,17,8,52,60
425,2526,2572,2,9,12,34,46
836,2519,2572,2,17,1,52,53
549,2542,2579,2,0,14,23,37
1241,2518,2580,2,18,2,60,62
1083,2513,2580,2,18,8,59,67
1235,2500,2580,2,18,20,60,80
1236,2524,2580,2,18,2,54,56
1128,2543,2583,2,13,1,39,40
807,2531,2588,2,14,9,48,57
831,2539,2588,2,14,2,47,49
1301,2581,2590,0,2,1,8,9
570,2579,2590,0,2,2,9,11
103,2564,2590,0,2,15,11,26
39,2577,2590,0,2,2,11,13
448,2574,2590,0,2,6,10,16
513,2581,2590,0,2,1,8,9
999,2559,2601,2,10,27,15,42
1188,2553,2601,2,10,32,16,48
352,2568,2602,1,4,16,18,34
1084,2597,2603,2,4,1,5,6
821,2590,2606,2,11,1,15,16
1140,2582,2608,0,2,10,16,26
846,2594,2608,0,2,1,13,14
942,2581,2608,0,2,10,17,27
678,2595,2608,0,2,1,12,13
6,2589,2608,0,2,2,17,19
1158,2588,2609,2,5,4,17,21
413,2577,2609,2,5,14,18,32
102,2562,2615,2,15,22,31,53
484,2609,2617,2,4,1,7,8
974,2573,2620,2,16,11,36,47
1342,2571,2620,2,16,14,35,49
47,2580,2620,2,16,4,36,40
298,2590,2621,2,7,1,30,31
1366,2579,2621,2,7,11,31,42
580,2601,2624,0,2,4,19,23
242,2601,2624,0,2,5,18,23
1044,2602,2624,0,2,3,19,22
805,2578,2625,2,17,6,41,47
768,2573,2626,2,8,17,36,53
1104,2607,2627,2,6,2,18,20
1082,2606,2634,2,7,2,26,28
1240,2553,2636,2,18,31,52,83
190,2618,2638,1,5,1,19,20
94,2607,2639,2,1,16,16,32
32,2608,2639,2,1,16,15,31
1011,2627,2639,2,1,1,11,12
177,2578,2639,2,1,45,16,61
726,2585,2639,2,1,39,15,54
1195,2589,2639,2,1,36,14,50
405,2630,2639,2,1,1,8,9
1390,2556,2641,2,19,28,57,85
1087,2635,2648,2,14,1,12,13
1277,2619,2650,2,8,6,25,31
377,2617,2650,2,8,7,26,33
1103,2633,2655,0,2,15,7,22
791,2575,2659,1,11,39,45,84
1132,2604,2661,1,0,35,22,57
865,2590,2661,1,17,24,47,71
1224,2612,2661,2,17,12,37,49
934,2585,2661,2,0,38,38,76
285,2661,2664,1,2,1,2,3
81,2627,2664,0,2,19,18,37
529,2620,2664,0,2,26,18,44
274,2640,2664,0,2,6,18,24
373,2616,2664,0,2,30,18,48
632,2626,2664,0,2,20,18,38
1375,2641,2664,0,2,6,17,23
1197,2643,2664,0,2,3,18,21
1136,2626,2664,0,2,21,17,38
987,2645,2664,0,2,3,16,19
380,2622,2664,0,2,26,16,42
902,2617,2664,0,2,30,17,47
832,2619,2668,2,14,5,44,49
432,2623,2671,1,3,31,17,48
1019,2631,2671,1,3,23,17,40
329,2619,2671,2,18,5,47,52
582,2594,2676,1,16,20,62,82
1030,2672,2677,2,3,1,4,5
431,2669,2677,0,2,1,7,8
1080,2673,2677,0,2,1,3,4
335,2608,2684,2,17,16,60,76
851,2622,2684,2,17,2,60,62
112,2646,2688,2,6,9,33,42
1151,2658,2689,0,2,3,28,31
93,2657,2689,0,2,4,28,32
251,2657,2689,0,2,5,27,32
213,2678,2693,2,1,4,11,15
1316,2664,2693,2,1,17,12,29
1122,2674,2693,2,1,6,13,19
1031,2689,2693,2,1,2,3,5
1376,2676,2693,2,1,3,14,17
452,2648,2693,2,1,32,13,45
99,2670,2693,2,1,9,14,23
477,2634,2701,2,8,21,46,67
272,2635,2701,2,8,21,45,66
1276,2657,2701,2,8,1,43,44
442,2676,2702,0,2,20,6,26
1211,2683,2702,0,2,13,6,19
339,2681,2702,0,2,15,6,21
1144,2681,2702,0,2,17,4,21
282,2676,2702,0,2,21,5,26
214,2669,2703,2,13,9,25,34
853,2651,2703,2,13,27,25,52
639,2656,2703,2,13,23,24,47
841,2637,2705,2,0,42,26,68
875,2656,2705,2,0,23,26,49
723,2667,2707,1,3,3,37,40
1209,2682,2710,2,14,1,27,28
552,2681,2716,2,5,9,26,35
592,2706,2721,0,2,1,14,15
321,2687,2722,2,15,1,34,35
528,2642,2722,2,15,35,45,80
373,2709,2723,2,11,1,13,14
1289,2705,2724,0,2,1,18,19
327,2713,2724,0,2,1,10,11
440,2703,2724,0,2,2,19,21
1098,2702,2726,2,1,17,8,25
757,2691,2726,2,1,27,8,35
755,2722,2726,2,1,1,3,4
1089,2697,2726,2,1,22,7,29
925,2690,2726,2,6,2,34,36
320,2714,2726,2,1,6,6,12
309,2706,2730,1,3,6,18,24
454,2655,2731,2,16,22,54,76
497,2667,2731,2,16,10,54,64
1065,2705,2732,2,12,1,26,27
354,2711,2737,1,4,1,25,26
867,2687,2738,2,7,4,47,51
852,2682,2738,2,17,1,55,56
731,2678,2738,2,17,2,58,60
35,2717,2746,0,2,14,15,29
1221,2729,2746,0,2,4,13,17
71,2684,2746,2,18,1,61,62
901,2720,2746,0,2,12,14,26
1157,2722,2746,0,2,9,15,24
436,2722,2749,2,5,2,25,27
1365,2682,2750,2,8,7,61,68
857,2741,2754,2,3,1,12,13
692,2739,2759,1,6,2,18,20
108,2681,2759,2,9,8,70,78
1334,2719,2760,2,6,4,37,41
1357,2627,2766,1,10,43,96,139
598,2699,2766,2,10,1,66,67
299,2751,2767,2,7,1,15,16
697,2715,2768,1,7,1,52,53
803,2713,2774,2,8,8,53,61
62,2756,2777,2,5,10,11,21
721,2695,2777,2,12,1,81,82
812,2774,2783,2,10,1,8,9
348,2745,2783,2,10,18,20,38
1111,2762,2784,2,8,5,17,22
1288,2709,2785,1,12,4,72,76
178,2659,2787,1,14,12,116,128
929,2742,2787,0,2,30,15,45
11,2773,2787,0,2,1,13,14
347,2776,2787,0,2,1,10,11
495,2777,2787,0,2,1,9,10
223,2744,2787,0,2,29,14,43
1246,2759,2788,2,11,4,25,29
822,2758,2788,2,11,4,26,30
1112,2704,2793,2,16,1,88,89
197,2728,2794,1,13,25,41,66
1212,2745,2794,2,13,17,32,49
1088,2715,2794,2,14,6,73,79
973,2754,2801,2,1,30,17,47
36,2785,2801,2,1,1,15,16
1287,2753,2801,2,1,30,18,48
625,2764,2801,2,1,19,18,37
525,2697,2801,2,18,1,103,104
443,2793,2801,2,1,1,7,8
666,2728,2801,2,14,34,39,73
424,2695,2801,2,18,2,104,106
718,2714,2804,1,16,1,89,90
1182,2726,2804,2,16,1,77,78
983,2729,2807,2,15,33,45,78
798,2728,2807,2,15,35,44,79
422,2694,2808,2,19,1,113,114
837,2715,2809,1,17,2,92,94
743,2714,2809,2,17,8,87,95
1260,2797,2811,2,11,1,13,14
1211,2762,2817,2,16,2,53,55
543,2780,2818,1,12,3,35,38
1249,2730,2826,2,17,34,62,96
676,2797,2831,2,15,2,32,34
1067,2812,2832,0,2,1,19,20
744,2790,2832,0,2,22,20,42
1125,2818,2832,0,2,1,13,14
255,2808,2832,0,2,6,18,24
291,2804,2832,0,2,8,20,28
26,2801,2832,0,2,12,19,31
1237,2749,2835,2,18,13,73,86
1049,2754,2835,2,18,11,70,81
201,2780,2837,1,16,2,55,57
522,2800,2843,1,3,1,42,43
795,2822,2843,2,3,1,20,21
186,2834,2844,2,9,1,9,10
1268,2811,2845,2,1,19,15,34
445,2808,2845,2,1,23,14,37
1341,2842,2845,2,1,1,2,3
127,2837,2845,2,1,1,7,8
1226,2781,2846,2,18,6,59,65
943,2757,2853,1,4,42,54,96
546,2802,2853,2,0,28,23,51
1234,2794,2853,2,4,10,49,59
1278,2803,2863,1,11,37,23,60
622,2828,2863,2,11,18,17,35
757,2772,2864,1,7,28,64,92
439,2795,2869,1,12,44,30,74
740,2863,2869,0,2,1,5,6
1173,2802,2869,2,12,42,25,67
1299,2849,2870,0,2,6,15,21
453,2845,2870,0,2,8,17,25
478,2827,2870,0,2,26,17,43
817,2851,2870,0,2,2,17,19
1324,2833,2870,0,2,21,16,37
132,2854,2870,0,2,2,14,16
391,2862,2877,0,2,1,14,15
816,2807,2879,1,13,32,40,72
815,2806,2879,2,13,39,34,73
20,2849,2879,2,13,1,29,30
1102,2861,2883,2,4,9,13,22
389,2873,2887,0,2,1,13,14
691,2870,2887,0,2,1,16,17
1021,2869,2887,0,2,1,17,18
995,2832,2888,2,15,12,44,56
1359,2844,2888,2,15,3,41,44
797,2812,2888,2,15,32,44,76
1035,2836,2888,2,15,9,43,52
1297,2872,2890,1,6,1,17,18
339,2863,2893,2,16,6,24,30
81,2872,2899,2,9,2,25,27
403,2898,2901,2,1,2,2,4
1322,2892,2906,2,10,1,13,14
1089,2842,2908,1,14,17,49,66
367,2899,2908,2,3,5,4,9
1324,2881,2908,2,0,1,26,27
685,2888,2908,2,3,14,6,20
1079,2862,2908,2,0,18,28,46
850,2879,2908,2,0,2,27,29
210,2888,2913,2,11,1,24,25
411,2897,2915,2,6,5,13,18
823,2912,2917,2,3,1,4,5
1238,2872,2920,2,18,1,47,48
289,2888,2920,2,7,15,17,32
154,2873,2923,1,12,7,43,50
799,2895,2924,0,2,14,15,29
1090,2896,2924,0,2,12,16,28
42,2882,2924,0,2,26,16,42
135,2883,2930,1,14,1,46,47
1319,2885,2930,1,4,29,16,45
1375,2895,2930,2,14,1,34,35
261,2852,2932,1,19,8,72,80
954,2900,2932,2,10,6,26,32
751,2909,2941,2,14,1,31,32
659,2916,2941,2,5,8,17,25
889,2902,2947,2,15,5,40,45
494,2916,2949,1,6,1,32,33
75,2938,2950,2,11,1,11,12
173,2924,2951,2,1,8,19,27
207,2945,2951,2,1,1,5,6
891,2911,2951,2,1,19,21,40
654,2925,2955,2,7,1,29,30
486,2905,2956,2,0,25,26,51
829,2909,2956,2,0,22,25,47
369,2921,2963,2,13,1,41,42
54,2956,2970,2,1,10,4,14
1255,2935,2970,2,16,1,34,35
187,2936,2970,2,16,1,33,34
1177,2945,2975,0,2,13,17,30
1031,2957,2977,1,2,6,14,20
619,2939,2977,0,2,17,21,38
273,2918,2977,0,2,38,21,59
434,2952,2977,0,2,5,20,25
876,2922,2977,0,2,35,20,55
233,2948,2977,0,2,8,21,29
92,2953,2977,2,11,6,18,24
933,2951,2977,2,0,14,12,26
276,2923,2985,1,6,39,23,62
1307,2962,2985,2,12,1,22,23
142,2944,2990,2,3,33,13,46
856,2934,2990,2,3,41,15,56
1096,2972,2995,2,12,6,17,23
701,2948,2997,1,13,5,44,49
1310,2925,2997,1,13,26,46,72
397,2988,2998,2,1,1,9,10
537,2971,2998,2,1,18,9,27
693,2970,2998,2,1,18,10,28
382,2975,2998,2,1,15,8,23
1320,2975,2998,2,4,1,22,23
370,2976,3000,0,2,1,23,24
156,2982,3000,0,2,1,17,18
887,2969,3004,1,15,1,34,35
610,2987,3008,2,5,1,20,21
736,2974,3009,2,0,14,21,35
1272,3004,3010,1,4,1,5,6
963,2957,3011,2,16,3,51,54
1010,2940,3016,2,6,35,41,76
762,2971,3016,2,6,5,40,45
641,2929,3018,1,17,23,66,89
1194,3002,3021,0,2,7,12,19
263,2936,3025,1,18,15,74,89
171,2950,3025,2,18,8,67,75
398,2966,3025,2,18,1,58,59
1190,2954,3025,2,18,4,67,71
389,2940,3026,2,8,36,50,86
1203,2948,3026,2,8,27,51,78
236,2987,3026,2,5,13,26,39
1139,2993,3033,2,7,7,33,40
558,2995,3033,2,7,5,33,38
43,3029,3035,2,5,1,5,6
561,3033,3039,2,1,1,5,6
1229,3005,3039,2,1,14,20,34
533,3035,3039,2,1,1,3,4
378,3009,3039,2,8,1,29,30
82,3007,3039,2,8,1,31,32
778,2972,3045,2,18,3,70,73
878,3027,3045,2,6,1,17,18
645,3017,3045,2,10,4,24,28
38,3025,3052,2,7,1,26,27
167,3010,3055,2,12,12,33,45
789,3026,3059,1,0,13,20,33
1325,3018,3059,2,0,2,39,41
975,3013,3061,2,14,8,40,48
990,3019,3063,2,14,4,40,44
1015,3037,3066,0,2,23,6,29
1262,3047,3066,0,2,14,5,19
869,3059,3066,0,2,1,6,7
1215,3039,3066,0,2,20,7,27
1024,3022,3066,0,2,37,7,44
809,2983,3068,1,15,32,53,85
26,3015,3069,2,15,7,47,54
277,3065,3073,2,1,1,7,8
376,3050,3073,2,1,10,13,23
48,3066,3073,2,1,1,6,7
1282,3059,3073,2,1,1,13,14
28,3051,3073,2,1,8,14,22
794,3073,3077,2,3,1,3,4
1181,3007,3078,2,16,14,57,71
1242,2995,3080,2,19,27,58,85
935,3054,3081,2,0,7,20,27
864,3076,3081,2,3,1,4,5
717,3038,3081,2,0,21,22,43
972,3051,3085,2,5,16,18,34
1247,3035,3086,2,18,1,50,51
114,3022,3086,2,18,1,63,64
808,2991,3086,2,18,30,65,95
1119,3076,3086,2,0,1,9,10
1107,3043,3089,1,4,14,32,46
1094,3040,3095,1,5,15,40,55
457,3051,3097,2,7,15,31,46
949,3049,3097,2,7,17,31,48
1367,3074,3097,2,7,1,22,23
305,3072,3099,0,2,10,17,27
1338,3064,3099,0,2,17,18,35
313,3077,3099,0,2,4,18,22
786,3069,3106,2,8,1,36,37
881,3091,3107,0,2,1,15,16
1329,3087,3107,0,2,1,19,20
769,3007,3108,1,8,48,53,101
542,3029,3113,1,9,27,57,84
282,3075,3113,2,9,1,37,38
1006,3094,3116,2,1,15,7,22
1232,3038,3118,2,10,61,19,80
834,3084,3119,2,3,24,11,35
567,3117,3122,2,0,1,4,5
1369,3090,3122,2,0,19,13,32
1259,3049,3126,2,11,50,27,77
1154,3047,3126,2,11,52,27,79
208,3051,3126,2,11,49,26,75
539,3109,3126,2,4,1,16,17
1178,3097,3129,0,2,25,7,32
121,3075,3133,1,12,16,42,58
1174,3095,3133,2,12,4,34,38
435,3082,3133,2,5,25,26,51
1009,3111,3133,2,5,2,20,22
362,3131,3135,0,2,1,3,4
1002,3111,3140,0,2,11,18,29
1007,3106,3140,0,2,16,18,34
29,3097,3140,0,2,25,18,43
992,3109,3140,0,2,14,17,31
648,3075,3142,2,13,24,43,67
1268,3084,3143,1,6,12,47,59
136,3129,3144,0,2,1,14,15
846,3101,3148,2,7,6,41,47
1090,3069,3149,2,14,32,48,80
1085,3082,3149,2,14,18,49,67
729,3104,3149,2,14,1,44,45
1011,3119,3151,1,6,11,21,32
156,3121,3153,2,3,15,17,32
356,3136,3158,2,10,1,21,22
1316,3086,3160,1,9,11,63,74
677,3064,3160,2,15,36,60,96
880,3055,3160,2,15,47,58,105
36,3112,3161,1,8,17,32,49
331,3128,3163,2,1,23,12,35
1252,3145,3163,2,1,6,12,18
107,3119,3163,2,1,31,13,44
715,3148,3163,2,1,2,13,15
1062,3139,3163,2,1,13,11,24
1069,3131,3164,2,5,6,27,33
279,3048,3167,2,16,53,66,119
337,3054,3167,2,16,45,68,113
1219,3111,3168,2,10,1,56,57
722,3119,3170,2,12,10,41,51
275,3117,3173,2,6,18,38,56
1217,3139,3174,2,10,1,34,35
286,3140,3175,2,0,10,25,35
1223,3046,3175,2,17,54,75,129
1388,3100,3175,2,17,1,74,75
125,3067,3175,2,17,32,76,108
1230,3136,3175,2,0,14,25,39
730,3108,3176,2,14,1,67,68
176,3115,3176,2,14,1,60,61
27,3131,3179,2,7,4,44,48
1306,3133,3179,2,7,2,44,46
1151,3056,3183,2,18,43,84,127
1370,3129,3187,1,16,2,56,58
680,3058,3194,1,19,32,104,136
1361,3179,3197,0,2,1,17,18
0,3151,3197,0,2,26,20,46
635,3140,3197,0,2,35,22,57
749,3147,3197,0,2,28,22,50
56,3153,3197,0,2,22,22,44
465,3178,3197,0,2,1,18,19
614,3141,3197,0,2,35,21,56
802,3155,3197,0,2,20,22,42
1354,3154,3197,0,2,22,21,43
1274,3179,3197,0,2,2,16,18
243,3163,3197,0,2,15,19,34
248,3171,3197,0,2,4,22,26
500,3193,3204,2,1,1,10,11
404,3170,3204,2,1,20,14,34
716,3198,3212,2,0,1,13,14
1360,3184,3216,0,2,13,19,32
1051,3195,3216,0,2,2,19,21
229,3189,3216,0,2,8,19,27
661,3186,3216,0,2,12,18,30
1135,3190,3216,0,2,9,17,26
244,3154,3224,1,3,32,38,70
732,3220,3224,0,2,1,3,4
325,3157,3224,2,3,41,26,67
580,3168,3224,2,3,30,26,56
1068,3220,3227,2,1,3,4,7
1305,3213,3227,2,1,9,5,14
810,3208,3228,1,6,1,19,20
1339,3221,3232,2,4,1,10,11
540,3202,3232,2,4,1,29,30
777,3229,3236,2,6,1,6,7
698,3180,3239,2,7,17,42,59
1197,3193,3239,2,7,5,41,46
16,3192,3239,2,7,5,42,47
30,3190,3241,2,10,26,25,51
357,3192,3241,2,10,25,24,49
535,3168,3246,2,8,29,49,78
574,3237,3246,2,4,1,8,9
923,3156,3246,2,8,41,49,90
106,3151,3250,2,12,65,34,99
700,3189,3250,2,12,30,31,61
256,3225,3250,2,12,1,24,25
182,3173,3251,2,9,24,54,78
779,3245,3256,2,1,6,5,11
521,3249,3256,2,1,4,3,7
1061,3241,3256,2,1,11,4,15
18,3231,3257,2,6,4,22,26
1080,3178,3260,2,13,38,44,82
854,3171,3260,2,13,45,44,89
872,3200,3260,2,13,18,42,60
198,3164,3260,2,13,54,42,96
814,3228,3261,0,2,12,21,33
257,3242,3261,0,2,1,18,19
406,3232,3261,0,2,9,20,29
287,3233,3265,2,0,18,14,32
399,3226,3266,2,18,1,39,40
1372,3187,3267,1,14,18,62,80
174,3194,3267,2,14,22,51,73
1177,3229,3273,2,19,2,42,44
533,3172,3276,1,15,33,71,104
245,3164,3276,2,15,52,60,112
1150,3177,3276,2,15,40,59,99
625,3256,3279,1,11,1,22,23
368,3259,3280,0,2,7,14,21
689,3255,3280,0,2,10,15,25
1283,3227,3286,1,3,40,19,59
1347,3278,3286,2,3,1,7,8
365,3155,3287,2,16,62,70,132
479,3252,3287,2,5,17,18,35
188,3205,3287,2,16,11,71,82
942,3259,3289,2,12,2,28,30
19,3270,3293,2,6,1,22,23
1312,3282,3297,2,5,1,14,15
882,3249,3298,2,7,19,30,49
845,3256,3298,2,7,12,30,42
545,3177,3300,1,18,30,93,123
895,3210,3300,2,18,7,83,90
873,3284,3303,2,13,1,18,19
1294,3254,3305,1,17,1,50,51
726,3254,3305,1,7,14,37,51
1387,3237,3305,2,17,24,44,68
519,3248,3305,2,17,13,44,57
630,3162,3307,1,19,44,101,145
863,3145,3307,1,19,60,102,162
1143,3268,3313,2,19,1,44,45
1345,3242,3313,2,19,20,51,71
683,3295,3316,2,1,2,19,21
696,3307,3316,2,1,1,8,9
1064,3295,3316,2,1,3,18,21
669,3256,3316,2,1,41,19,60
573,3289,3316,2,1,8,19,27
430,3294,3316,2,1,5,17,22
785,3280,3316,2,8,1,35,36
586,3305,3316,2,6,3,8,11
426,3281,3322,2,9,1,40,41
936,3265,3324,2,0,33,26,59
249,3288,3325,2,7,21,16,37
431,3294,3335,2,8,14,27,41
392,3287,3335,2,8,21,27,48
1171,3277,3337,0,2,48,12,60
585,3314,3337,0,2,12,11,23
379,3282,3337,0,2,42,13,55
1164,3273,3337,0,2,51,13,64
332,3328,3342,2,11,1,13,14
671,3306,3343,2,9,3,34,37
227,3339,3344,2,3,1,4,5
783,3300,3351,2,12,23,28,51
433,3339,3353,2,3,1,13,14
507,3293,3356,2,13,30,33,63
296,3341,3356,2,7,1,14,15
1169,3326,3356,2,7,11,19,30
498,3338,3364,2,1,8,18,26
1138,3352,3364,2,1,1,11,12
1109,3333,3364,2,1,13,18,31
78,3333,3364,2,1,14,17,31
515,3318,3365,2,6,18,29,47
788,3302,3367,2,15,23,42,65
1263,3332,3367,2,15,1,34,35
1220,3331,3369,1,10,2,36,38
1131,3343,3369,2,0,5,21,26
247,3331,3372,2,7,5,36,41
385,3298,3376,2,17,26,52,78
926,3347,3379,2,8,1,31,32
487,3374,3381,0,2,1,6,7
451,3331,3381,2,18,1,49,50
213,3318,3383,1,13,14,51,65
1098,3362,3390,1,2,7,21,28
759,3348,3390,0,2,13,29,42
194,3360,3390,0,2,1,29,30
913,3352,3390,0,2,10,28,38
301,3346,3391,2,14,1,44,45
243,3351,3393,2,3,30,12,42
420,3340,3395,2,15,1,54,55
1315,3392,3399,2,5,1,6,7
1221,3385,3403,2,5,1,17,18
317,3357,3403,2,5,24,22,46
894,3348,3403,2,18,1,54,55
793,3279,3407,1,18,52,76,128
1291,3355,3410,2,6,27,28,55
410,3382,3410,2,6,1,27,28
1292,3356,3411,1,6,12,43,55
126,3392,3411,2,6,2,17,19
53,3384,3412,2,10,1,27,28
122,3369,3416,2,1,37,10,47
800,3364,3416,2,1,41,11,52
584,3382,3416,2,1,23,11,34
969,3367,3416,2,1,38,12,50
137,3405,3416,2,1,2,9,11
1038,3362,3416,2,1,42,12,54
1270,3376,3416,2,1,28,12,40
463,3363,3420,2,7,20,37,57
13,3392,3421,2,11,1,28,29
621,3368,3421,2,11,1,52,53
848,3395,3428,1,0,22,11,33
382,3377,3428,1,0,39,12,51
1328,3397,3428,2,0,7,24,31
634,3352,3433,2,12,1,80,81
1338,3416,3436,2,5,6,14,20
183,3401,3444,0,2,27,16,43
562,3404,3444,0,2,25,15,40
63,3429,3445,1,6,1,15,16
368,3354,3445,2,13,1,90,91
885,3364,3451,2,14,1,86,87
667,3378,3451,2,14,1,72,73
1126,3427,3455,2,13,5,23,28
537,3432,3456,1,8,1,23,24
84,3382,3460,2,18,1,77,78
1070,3432,3460,2,1,12,16,28
576,3429,3465,2,15,1,35,36
529,3411,3465,2,15,19,35,54
448,3413,3465,2,15,17,35,52
32,3412,3467,1,10,14,41,55
54,3352,3467,1,10,74,41,115
266,3402,3468,2,19,1,65,66
49,3453,3469,2,16,1,15,16
643,3443,3472,0,2,9,20,29
104,3447,3472,0,2,6,19,25
1122,3401,3473,1,12,26,46,72
708,3411,3477,2,16,20,46,66
1038,3455,3479,1,0,5,19,24
844,3442,3479,2,0,3,34,37
1133,3437,3479,2,0,6,36,42
33,3415,3479,2,0,28,36,64
40,3446,3480,2,19,1,33,34
342,3434,3485,2,18,1,50,51
115,3438,3485,2,18,1,46,47
941,3427,3487,1,17,2,58,60
628,3481,3494,0,2,1,12,13
1309,3471,3494,0,2,8,15,23
1229,3427,3498,1,18,1,70,71
127,3484,3504,1,6,1,19,20
291,3485,3505,2,3,1,19,20
945,3471,3505,2,3,1,33,34
998,3456,3505,2,3,16,33,49
1311,3498,3510,2,7,1,11,12
200,3448,3516,2,8,25,43,68
534,3446,3516,2,8,26,44,70
619,3500,3518,2,11,1,17,18
1376,3513,3520,1,4,1,6,7
1123,3466,3524,2,12,34,24,58
577,3464,3529,2,1,47,18,65
15,3500,3529,2,1,11,18,29
595,3468,3529,2,1,43,18,61
211,3490,3529,2,1,23,16,39
506,3466,3529,2,1,46,17,63
801,3522,3529,2,1,1,6,7
860,3498,3530,2,13,2,30,32
606,3479,3530,2,13,23,28,51
163,3482,3537,0,2,41,14,55
1180,3503,3537,0,2,20,14,34
727,3461,3538,1,14,31,46,77
1018,3500,3538,2,14,3,35,38
728,3462,3538,2,14,38,38,76
991,3504,3538,2,14,1,33,34
1161,3493,3544,0,2,30,21,51
561,3524,3545,1,4,7,14,21
758,3517,3546,2,7,15,14,29
192,3505,3549,2,15,1,43,44
866,3540,3551,0,2,4,7,11
855,3550,3554,2,1,1,3,4
538,3534,3554,2,1,5,15,20
1047,3547,3554,2,5,1,6,7
953,3536,3555,2,10,1,18,19
94,3466,3557,1,16,27,64,91
973,3446,3557,1,16,45,66,111
802,3525,3557,2,8,6,26,32
1201,3550,3563,2,6,1,12,13
277,3522,3564,1,11,10,32,42
495,3537,3565,2,0,3,25,28
130,3528,3565,2,9,5,32,37
391,3546,3567,2,8,1,20,21
1252,3462,3570,1,18,29,79,108
85,3462,3570,2,18,39,69,108
1341,3519,3576,1,18,12,45,57
55,3516,3580,2,13,15,49,64
686,3557,3584,2,1,17,10,27
281,3574,3584,2,1,2,9,11
1110,3568,3585,0,2,1,16,17
903,3532,3589,2,14,2,55,57
749,3530,3589,2,14,1,58,59
314,3536,3595,2,15,1,58,59
22,3580,3604,1,3,7,17,24
376,3570,3604,1,0,14,20,34
804,3539,3605,2,17,1,65,66
1331,3564,3611,2,5,34,13,47
551,3587,3612,0,2,17,8,25
353,3588,3612,0,2,17,7,24
514,3600,3612,0,2,4,8,12
1116,3535,3613,2,18,1,77,78
48,3598,3620,1,16,1,21,22
418,3584,3620,2,6,14,22,36
611,3612,3622,2,4,1,9,10
232,3608,3625,2,1,9,8,17
1072,3601,3625,2,1,14,10,24
128,3582,3625,2,1,33,10,43
782,3612,3625,2,1,4,9,13
1327,3595,3625,2,1,21,9,30
77,3608,3625,2,1,7,10,17
653,3593,3632,2,7,7,32,39
589,3604,3633,2,5,8,21,29
35,3616,3635,2,0,2,17,19
555,3592,3636,2,10,1,43,44
914,3583,3636,2,10,2,51,53
705,3557,3636,2,10,29,50,79
360,3623,3636,2,10,1,12,13
430,3557,3642,1,8,29,56,85
745,3619,3642,2,11,1,22,23
1205,3572,3642,2,8,27,43,70
12,3613,3642,2,11,1,28,29
690,3613,3643,2,6,1,29,30
952,3650,3655,2,1,1,4,5
408,3623,3655,2,1,23,9,32
1130,3545,3655,2,13,40,70,110
920,3647,3661,2,10,1,13,14
663,3628,3664,2,0,19,17,36
566,3650,3664,2,5,2,12,14
1086,3568,3665,2,14,17,80,97
334,3628,3666,2,11,10,28,38
1243,3655,3672,2,1,7,10,17
1377,3652,3673,2,12,1,20,21
111,3631,3673,2,6,21,21,42
95,3587,3674,2,16,1,86,87
340,3597,3674,2,16,2,75,77
536,3666,3676,2,8,1,9,10
647,3655,3678,2,0,8,15,23
104,3621,3680,2,7,30,29,59
86,3597,3685,2,18,1,87,88
780,3584,3685,2,18,2,99,101
1117,3606,3685,2,18,1,78,79
629,3649,3685,2,19,1,35,36
1121,3602,3685,2,18,1,82,83
573,3672,3690,1,4,3,15,18
59,3642,3690,2,9,11,37,48
491,3641,3690,2,9,10,39,49
594,3681,3690,2,4,3,6,9
775,3607,3697,2,19,1,89,90
421,3557,3697,2,19,28,112,140
593,3694,3699,2,4,1,4,5
173,3617,3701,1,13,25,59,84
929,3650,3701,2,13,1,50,51
899,3673,3702,2,1,16,13,29
116,3688,3702,2,1,1,13,14
134,3682,3702,2,1,8,12,20
235,3694,3702,2,1,1,7,8
643,3675,3705,2,10,7,23,30
404,3665,3715,1,13,9,41,50
508,3715,3724,2,3,1,8,9
640,3677,3727,2,17,6,44,50
997,3725,3729,2,1,1,3,4
442,3689,3736,2,12,22,25,47
343,3678,3738,2,18,4,56,60
1071,3716,3738,2,0,4,18,22
1300,3695,3746,2,15,17,34,51
177,3716,3749,1,14,15,18,33
93,3694,3752,2,16,16,42,58
338,3704,3752,2,16,9,39,48
205,3700,3752,2,16,10,42,52
1039,3731,3753,2,18,1,21,22
691,3752,3759,2,6,1,6,7
1333,3744,3759,2,6,1,14,15
379,3687,3760,2,18,23,50,73
1251,3704,3760,2,18,6,50,56
1352,3742,3761,2,1,5,14,19
1340,3749,3761,2,1,1,11,12
1041,3697,3767,2,19,13,57,70
510,3697,3767,2,19,14,56,70
656,3739,3773,2,9,6,28,34
613,3759,3776,2,1,4,13,17
787,3765,3776,2,1,1,10,11
884,3759,3776,2,1,5,12,17
1108,3770,3795,2,4,6,19,25
409,3782,3797,2,1,4,11,15
825,3778,3797,2,1,7,12,19
1299,3787,3797,2,1,1,9,10
1076,3788,3797,2,1,1,8,9
755,3747,3801,1,5,18,36,54
1313,3783,3802,2,5,1,18,19
811,3793,3807,2,6,2,12,14
226,3795,3809,2,1,1,13,14
1053,3797,3809,2,1,1,11,12
74,3790,3819,2,9,1,28,29
150,3805,3819,2,6,6,8,14
787,3788,3826,1,5,18,20,38
207,3736,3828,1,10,35,57,92
280,3822,3828,2,1,1,5,6
644,3793,3828,2,10,1,34,35
319,3809,3830,2,7,3,18,21
681,3819,3833,2,1,1,13,14
472,3818,3833,2,1,3,12,15
274,3780,3834,2,12,3,51,54
747,3752,3834,2,12,30,52,82
349,3800,3835,2,10,2,33,35
1309,3807,3842,2,12,1,34,35
1017,3818,3842,2,14,1,23,24
961,3784,3843,2,15,2,57,59
1327,3835,3844,1,0,1,8,9
840,3815,3844,2,0,5,24,29
658,3838,3846,2,5,1,7,8
952,3751,3852,1,16,21,80,101
1287,3756,3852,1,16,15,81,96
833,3848,3852,2,3,1,3,4
1015,3826,3856,2,18,1,29,30
149,3794,3859,2,17,2,63,65
1368,3844,3859,2,5,3,12,15
806,3801,3864,2,19,2,61,63
628,3795,3865,2,18,2,68,70
830,3843,3866,2,7,3,20,23
89,3783,3873,2,19,2,88,90
512,3740,3873,2,19,41,92,133
1092,3769,3873,2,19,12,92,104
569,3830,3873,2,10,23,20,43
564,3864,3874,2,9,1,9,10
617,3865,3878,2,1,1,12,13
1196,3845,3878,2,1,17,16,33
24,3833,3881,2,11,19,29,48
1100,3829,3891,2,13,23,39,62
638,3863,3891,2,13,1,27,28
521,3825,3893,1,3,52,16,68
403,3885,3898,1,2,3,10,13
1068,3877,3900,1,5,2,21,23
782,3857,3900,1,5,20,23,43
818,3839,3900,2,14,12,49,61
1000,3876,3901,2,10,14,11,25
901,3895,3907,2,9,1,11,12
1280,3891,3908,2,11,1,16,17
50,3883,3909,2,6,1,25,26
575,3826,3909,2,15,25,58,83
1248,3894,3914,2,1,12,8,20
206,3891,3914,2,1,16,7,23
570,3906,3914,2,1,2,6,8
985,3878,3916,2,15,11,27,38
584,3851,3919,1,14,38,30,68
103,3896,3919,2,14,2,21,23
1006,3866,3920,1,8,12,42,54
485,3831,3921,2,19,20,70,90
265,3858,3921,2,19,1,62,63
1384,3829,3921,2,19,22,70,92
706,3876,3924,2,0,30,18,48
1140,3870,3925,2,9,12,43,55
305,3871,3926,2,18,18,37,55
779,3840,3931,1,18,48,43,91
318,3907,3936,2,7,14,15,29
458,3926,3948,2,8,1,21,22
948,3931,3953,2,1,9,13,22
164,3949,3953,2,1,1,3,4
1321,3918,3953,2,1,21,14,35
359,3923,3953,2,1,15,15,30
28,3915,3955,1,7,16,24,40
707,3912,3959,2,0,26,21,47
83,3941,3965,2,8,2,22,24
445,3916,3976,1,10,17,43,60
1362,3956,3976,2,9,5,15,20
1269,3965,3976,2,6,1,10,11
362,3969,3980,2,12,1,10,11
258,3962,3981,2,1,8,11,19
394,3968,3985,2,1,1,16,17
387,3974,3985,2,1,1,10,11
511,3957,3985,2,1,13,15,28
180,3982,3985,2,1,1,2,3
302,3959,3985,2,1,10,16,26
548,3974,3988,2,0,1,13,14
683,3913,3990,1,13,19,58,77
240,3920,3990,2,13,22,48,70
735,3954,3992,2,0,15,23,38
271,3965,3993,2,17,1,27,28
1054,3912,3996,2,15,31,53,84
88,3952,3997,2,19,5,40,45
710,3950,3997,2,19,6,41,47
293,3993,4001,2,7,1,7,8
538,3910,4004,1,16,21,73,94
455,3907,4004,2,16,35,62,97
1022,3966,4005,2,18,1,38,39
1142,3973,4010,2,8,18,19,37
927,3986,4010,2,8,5,19,24
370,3946,4017,2,18,1,70,71
909,3928,4017,2,18,16,73,89
233,4001,4018,2,9,1,16,17
1385,3931,4025,2,19,11,83,94
1002,3997,4027,2,10,2,28,30
1210,4014,4041,2,13,1,26,27
607,3988,4041,2,13,12,41,53
1127,4000,4041,2,13,2,39,41
715,4001,4051,1,8,26,24,50
1012,4030,4052,2,5,2,20,22
358,4048,4054,2,1,1,5,6
183,3989,4054,2,18,10,55,65
906,4034,4054,2,10,1,19,20
1021,3993,4054,2,18,8,53,61
372,4006,4054,2,18,1,47,48
346,4017,4054,2,18,1,36,37
1014,3986,4054,2,18,13,55,68
408,3987,4058,1,6,39,32,71
157,4016,4058,2,6,16,26,42
1001,4037,4061,2,10,1,23,24
487,4051,4064,2,0,1,12,13
1058,4045,4065,2,1,2,19,21
892,4033,4065,2,1,8,25,33
23,4005,4065,2,1,35,25,60
1055,4005,4065,2,1,36,24,60
152,4056,4065,2,1,1,8,9
596,4030,4065,2,1,12,23,35
1271,4045,4065,2,1,2,18,20
1289,4024,4066,2,12,8,34,42
562,4034,4070,2,8,1,35,36
331,4016,4071,1,13,9,46,55
635,4045,4071,2,13,1,25,26
932,4026,4071,2,13,7,38,45
397,4065,4076,1,0,1,10,11
56,4027,4076,2,0,13,36,49
107,4003,4079,1,9,23,53,76
1290,4022,4083,2,16,9,52,61
306,4073,4088,2,5,4,11,15
1052,4052,4088,2,5,26,10,36
1064,3964,4095,1,17,61,70,131
116,4041,4099,1,6,48,10,58
1099,4048,4100,2,6,29,23,52
1028,4024,4101,2,19,7,70,77
412,4074,4103,2,1,12,17,29
453,4100,4103,2,1,1,2,3
947,4054,4110,2,7,25,31,56
462,4053,4110,2,7,24,33,57
1301,4050,4116,2,13,25,41,66
1125,4095,4116,2,13,1,20,21
714,4077,4120,2,8,3,40,43
170,4102,4123,2,1,12,9,21
218,4119,4123,2,1,1,3,4
159,4114,4123,2,1,2,7,9
273,4105,4123,2,1,10,8,18
556,4115,4124,2,3,1,8,9
10,4069,4126,2,14,6,51,57
913,4077,4130,2,10,1,52,53
361,4080,4130,2,10,1,49,50
661,4118,4132,2,4,1,13,14
614,4127,4133,2,5,1,5,6
1262,4090,4137,2,15,1,46,47
1216,4093,4140,2,5,16,31,47
409,4095,4147,1,6,2,50,52
744,4093,4147,2,17,1,53,54
1136,4083,4147,2,17,1,63,64
185,4137,4152,2,13,1,14,15
636,4121,4152,2,13,11,20,31
652,4097,4155,2,7,13,45,58
1040,4070,4156,2,18,6,80,86
300,4131,4158,2,14,2,25,27
966,4149,4159,2,10,1,9,10
1304,4123,4159,2,1,25,11,36
1007,4107,4164,2,8,2,55,57
211,4086,4170,1,11,40,44,84
161,4118,4171,2,17,12,41,53
195,4142,4178,2,13,1,35,36
347,4139,4179,2,18,1,39,40
1381,4151,4179,2,3,19,9,28
876,4144,4188,2,15,1,43,44
1282,4159,4190,1,3,23,8,31
921,4106,4190,2,19,24,60,84
994,4111,4190,2,19,20,59,79
899,4067,4194,1,17,58,69,127
956,4154,4194,2,7,17,23,40
1072,4164,4196,1,5,18,14,32
502,4170,4204,2,11,3,31,34
703,4190,4216,2,1,14,12,26
784,4202,4216,2,1,3,11,14
725,4193,4216,2,1,13,10,23
888,4200,4216,2,1,4,12,16
191,4162,4216,2,1,42,12,54
1329,4163,4216,2,1,42,11,53
905,4158,4217,2,14,12,47,59
682,4166,4232,2,18,4,62,66
1138,4136,4240,1,15,81,23,104
506,4194,4240,1,15,23,23,46
134,4192,4240,1,15,26,22,48
155,4196,4240,2,3,38,6,44
137,4160,4242,1,19,57,25,82
1163,4160,4242,2,19,12,70,82
417,4169,4242,2,19,2,71,73
1332,4203,4248,2,5,32,13,45
496,4240,4250,2,0,1,9,10
1187,4215,4250,2,0,12,23,35
498,4186,4251,1,17,31,34,65
678,4222,4252,2,10,1,29,30
194,4232,4260,2,8,2,26,28
632,4199,4262,2,11,1,62,63
1261,4229,4262,2,11,2,31,33
1020,4180,4270,2,12,2,88,90
60,4267,4276,2,1,1,8,9
166,4250,4276,2,1,12,14,26
414,4256,4276,2,1,6,14,20
434,4239,4276,2,9,25,12,37
283,4249,4276,2,9,16,11,27
1105,4257,4276,2,1,7,12,19
489,4229,4279,2,14,1,49,50
313,4217,4285,2,15,1,67,68
660,4250,4285,2,10,14,21,35
1358,4231,4285,2,15,1,53,54
1106,4235,4285,2,15,1,49,50
530,4250,4286,2,0,13,23,36
608,4269,4293,2,10,6,18,24
1213,4276,4293,2,10,1,16,17
861,4242,4295,2,17,1,52,53
124,4225,4295,2,17,1,69,70
504,4264,4295,2,14,2,29,31
1144,4209,4301,2,19,1,91,92
470,4281,4303,2,3,1,21,22
649,4281,4304,2,11,1,22,23
401,4287,4307,2,1,10,10,20
742,4298,4307,2,1,1,8,9
1161,4298,4312,2,12,1,13,14
9,4275,4312,2,14,1,36,37
1101,4280,4312,2,4,1,31,32
144,4304,4317,2,0,1,12,13
992,4287,4320,2,16,4,29,33
869,4287,4325,2,7,1,37,38
140,4287,4328,2,18,5,36,41
1109,4306,4332,1,4,9,17,26
363,4275,4334,2,8,5,54,59
681,4260,4336,1,19,19,57,76
1264,4329,4339,2,1,1,9,10
912,4321,4339,2,1,5,13,18
958,4305,4339,2,1,21,13,34
597,4320,4339,2,1,7,12,19
1156,4331,4339,2,1,1,7,8
11,4320,4342,2,6,3,19,22
689,4303,4342,2,6,18,21,39
800,4239,4343,1,9,34,70,104
646,4324,4356,2,10,1,31,32
1233,4349,4357,2,4,1,7,8
801,4362,4367,1,3,1,4,5
15,4295,4368,1,11,19,54,73
472,4328,4369,1,11,11,30,41
151,4351,4369,2,11,1,17,18
21,4317,4376,2,13,4,55,59
1225,4362,4376,2,14,1,13,14
67,4353,4379,2,17,1,25,26
1248,4319,4381,1,7,38,24,62
203,4351,4383,2,1,20,12,32
877,4336,4384,2,15,12,36,48
29,4374,4386,2,7,2,10,12
687,4313,4387,2,19,9,65,74
1256,4343,4390,2,16,6,41,47
478,4372,4394,2,8,2,20,22
1186,4378,4395,2,0,1,16,17
900,4363,4402,2,9,11,28,39
235,4352,4410,1,10,14,44,58
1194,4372,4410,2,10,3,35,38
996,4378,4410,2,10,1,31,32
1178,4401,4419,2,10,1,17,18
191,4368,4422,1,12,1,53,54
1274,4408,4423,2,4,1,14,15
509,4393,4427,2,1,17,17,34
967,4390,4427,2,1,19,18,37
128,4385,4427,1,8,27,15,42
0,4397,4427,2,1,12,18,30
1056,4382,4429,2,11,19,28,47
1050,4376,4432,2,17,1,55,56
847,4400,4433,2,0,11,22,33
740,4386,4435,2,5,5,44,49
407,4399,4436,2,12,4,33,37
997,4415,4437,1,10,1,21,22
500,4365,4439,1,19,1,73,74
686,4363,4439,1,19,4,72,76
1024,4410,4443,2,14,1,32,33
595,4391,4446,1,12,22,33,55
1061,4400,4446,1,12,12,34,46
395,4402,4450,2,15,2,46,48
732,4443,4452,2,3,2,7,9
1155,4423,4455,2,11,12,20,32
565,4386,4456,2,17,16,54,70
592,4432,4459,2,4,11,16,27
109,4437,4459,2,4,5,17,22
826,4424,4462,2,12,12,26,38
264,4407,4464,2,18,1,56,57
1254,4391,4464,2,18,10,63,73
1067,4444,4467,2,5,2,21,23
613,4445,4471,1,5,5,21,26
855,4421,4472,1,13,4,47,51
105,4445,4474,2,6,1,28,29
158,4438,4474,2,6,6,30,36
281,4460,4477,1,2,7,10,17
1110,4431,4480,2,8,11,38,49
258,4429,4482,1,9,21,32,53
989,4431,4483,2,14,4,48,52
960,4461,4486,2,1,20,5,25
862,4448,4486,2,1,33,5,38
238,4479,4486,2,1,4,3,7
482,4458,4486,2,1,24,4,28
601,4468,4492,2,8,10,14,24
229,4445,4499,2,19,1,53,54
1192,4446,4501,2,10,31,24,55
117,4491,4505,2,3,3,11,14
969,4491,4507,1,2,9,7,16
122,4439,4512,1,12,28,45,73
825,4471,4512,1,12,1,40,41
817,4461,4518,2,14,18,39,57
297,4491,4518,2,7,5,22,27
771,4494,4518,2,7,1,23,24
550,4481,4518,2,14,1,36,37
881,4453,4527,2,15,24,50,74
579,4452,4527,2,15,26,49,75
633,4508,4531,2,1,4,19,23
1051,4485,4532,2,10,9,38,47
1243,4489,4537,1,19,10,38,48
907,4473,4539,2,18,4,62,66
849,4526,4541,2,0,1,14,15
388,4524,4541,2,0,1,16,17
984,4492,4545,2,15,2,51,53
703,4515,4549,1,10,20,14,34
23,4453,4549,1,19,15,81,96
1135,4466,4549,2,19,11,72,83
866,4491,4555,2,17,4,60,64
394,4527,4559,1,14,9,23,32
390,4542,4569,2,1,11,16,27
870,4566,4569,2,1,1,2,3
1303,4543,4569,2,1,11,15,26
353,4565,4570,2,4,1,4,5
1354,4568,4582,2,3,3,11,14
467,4537,4582,2,9,4,41,45
17,4551,4584,2,13,19,14,33
886,4550,4590,2,14,18,22,40
41,4580,4591,2,5,1,10,11
199,4570,4593,2,8,2,21,23
1180,4524,4596,2,16,44,28,72
302,4552,4599,1,16,29,18,47
257,4593,4600,2,4,1,6,7
386,4573,4600,2,9,1,26,27
553,4580,4600,2,8,2,18,20
617,4572,4608,1,18,10,26,36
1227,4544,4608,2,18,25,39,64
166,4544,4609,1,7,34,31,65
591,4619,4625,2,4,1,5,6
312,4603,4631,2,1,16,12,28
1215,4612,4631,2,1,8,11,19
571,4619,4631,2,1,2,10,12
761,4620,4631,2,1,2,9,11
440,4625,4638,2,12,1,12,13
255,4602,4640,2,12,15,23,38
344,4587,4640,2,12,29,24,53
152,4622,4648,1,11,14,12,26
316,4649,4654,2,5,1,4,5
792,4620,4656,2,18,1,35,36
232,4641,4657,1,9,4,12,16
799,4639,4658,2,15,1,18,19
170,4604,4662,1,18,31,27,58
145,4641,4662,2,6,2,19,21
61,4657,4670,2,11,1,12,13
488,4653,4679,2,14,2,24,26
1058,4668,4681,1,2,8,5,13
509,4657,4687,1,3,20,10,30
69,4661,4692,2,4,10,21,31
1340,4680,4699,1,15,1,18,19
218,4670,4699,1,15,6,23,29
1352,4650,4700,1,6,26,24,50
709,4673,4701,2,16,7,21,28
981,4660,4705,2,7,10,35,45
967,4696,4707,1,10,1,10,11
514,4685,4709,2,19,1,23,24
1355,4676,4711,2,8,1,34,35
1266,4692,4717,2,1,11,14,25
1093,4679,4717,2,1,25,13,38
181,4670,4717,2,1,33,14,47
1044,4675,4718,2,9,1,42,43
1264,4724,4735,1,3,3,8,11
1321,4700,4736,1,10,23,13,36
1171,4734,4742,2,3,1,7,8
1003,4725,4742,2,11,1,16,17
585,4742,4755,2,4,2,11,13
480,4706,4755,2,5,17,32,49
1164,4717,4757,2,19,4,36,40
1298,4745,4764,2,6,1,18,19
359,4697,4765,1,7,17,51,68
456,4723,4765,2,7,1,41,42
374,4750,4765,2,11,1,14,15
164,4713,4772,1,8,1,58,59
764,4732,4772,2,8,1,39,40
406,4742,4775,2,12,7,26,33
759,4775,4783,2,4,1,7,8
203,4744,4785,1,14,1,40,41
668,4786,4789,2,1,1,2,3
1032,4759,4789,2,1,15,16,31
1053,4755,4790,1,5,4,31,35
590,4772,4790,2,5,1,17,18
248,4764,4798,2,7,8,26,34
1279,4791,4803,2,11,1,11,12
1318,4793,4805,2,1,5,7,12
159,4770,4805,1,6,21,14,35
888,4769,4811,1,14,1,41,42
965,4774,4811,2,10,1,36,37
675,4760,4811,2,10,11,40,51
883,4798,4813,2,3,9,6,15
819,4767,4820,2,14,4,49,53
1120,4773,4833,2,18,1,59,60
781,4800,4841,2,18,14,27,41
206,4823,4846,1,16,5,18,23
163,4855,4868,2,8,1,12,13
898,4861,4872,2,9,1,10,11
827,4859,4875,2,12,2,14,16
1302,4842,4881,2,13,18,21,39
237,4842,4882,2,11,19,21,40
381,4846,4887,2,0,30,11,41
136,4844,4892,2,14,16,32,48
892,4878,4894,1,2,11,5,16
25,4832,4897,2,15,28,37,65
419,4860,4897,2,15,2,35,37
742,4837,4898,1,17,16,45,61
784,4889,4907,1,8,1,17,18
719,4834,4907,2,16,27,46,73
1285,4880,4917,2,13,19,18,37
1380,4912,4923,2,3,4,7,11
280,4890,4925,1,16,1,34,35
1275,4914,4931,2,4,3,14,17
1055,4880,4937,1,17,10,47,57
1,4932,4937,2,5,1,4,5
511,4879,4944,1,19,10,55,65
153,4924,4958,2,12,8,26,34
1295,4928,4970,2,17,5,37,42
725,4963,4974,1,7,1,10,11
588,4951,4974,2,5,12,11,23
327,4960,4974,2,5,4,10,14
51,4950,4983,2,6,12,21,33
412,4947,4994,1,10,5,42,47
1349,4968,4994,2,10,1,25,26
6,4981,4995,2,11,2,12,14
1373,4978,5002,2,14,4,20,24
1129,4954,5008,2,13,8,46,54
358,4979,5010,1,7,15,16,31
948,4988,5010,1,7,6,16,22
633,4987,5014,1,12,11,16,27
401,4985,5024,1,14,13,26,39
311,5018,5025,2,1,1,6,7
1266,5000,5035,1,16,1,34,35
828,5012,5036,2,0,2,22,24
1318,5020,5046,1,13,11,15,26
1093,4985,5048,1,19,14,49,63
1081,5025,5055,2,13,9,21,30
375,5049,5063,2,0,2,12,14
1244,5079,5090,2,8,1,10,11
513,5073,5090,2,8,2,15,17
551,5083,5094,2,5,4,7,11
987,5095,5117,2,9,7,15,22
400,5104,5118,2,1,8,6,14
1189,5105,5119,2,10,1,13,14
651,5098,5126,2,15,1,27,28
474,5142,5155,2,7,1,12,13
387,5126,5161,1,9,4,31,35
323,5157,5162,2,4,1,4,5
1245,5141,5165,2,8,1,23,24
72,5130,5182,2,18,9,43,52
238,5184,5202,1,7,7,11,18
694,5179,5205,2,1,10,16,26
912,5192,5216,1,10,1,23,24
868,5223,5233,2,7,1,9,10
231,5201,5239,2,16,15,23,38
241,5213,5246,2,13,4,29,33
1265,5239,5259,2,9,2,18,20
986,5251,5262,2,9,1,10,11
380,5254,5288,2,18,6,28,34
911,5283,5292,2,10,1,8,9
60,5267,5298,1,11,10,21,31
915,5287,5298,2,1,2,9,11
490,5304,5324,2,9,2,18,20
14,5316,5339,2,11,4,19,23
612,5331,5341,2,1,2,8,10
42,5337,5343,2,5,1,5,6
951,5325,5351,2,15,1,25,26
196,5339,5354,2,13,1,14,15
242,5350,5372,2,3,5,17,22
414,5360,5378,1,5,4,14,18
870,5344,5383,1,7,6,33,39
958,5393,5415,1,5,4,18,22
600,5395,5419,2,18,2,22,24
897,5407,5430,2,9,1,22,23
862,5404,5451,1,19,1,46,47
39,5455,5469,2,7,2,12,14
602,5477,5487,2,8,1,9,10
1293,5493,5519,2,17,2,24,26
469,5547,5559,2,3,4,8,12
1063,5561,5573,2,12,1,11,12
146,5554,5584,2,16,5,25,30
390,5588,5602,1,8,1,13,14
960,5573,5622,1,18,15,34,49
1344,5616,5654,2,19,12,26,38
1016,5644,5662,2,14,1,17,18
902,5644,5662,2,14,2,16,18
132,5740,5752,2,8,2,10,12
1330,5774,5786,2,1,4,8,12
223,5761,5788,2,16,4,23,27
915,5765,5804,1,10,19,20,39
1103,5836,5856,2,11,3,17,20
1032,5857,5860,1,2,1,2,3
400,5836,5863,1,14,6,21,27
505,5885,5904,2,14,1,18,19
1296,5879,5913,2,17,4,30,34
612,6077,6089,1,5,4,8,12
1157,6101,6114,2,5,2,11,13
