4,25,13,0
5,26,13,0
0,28,13,0
1,29,13,0
5,34,15,0
4,42,0,1
0,43,10,0
2,44,3,0
3,45,3,0
1,46,10,0
2,50,3,1
4,50,2,1
0,55,3,1
3,56,2,0
5,59,0,1
1,60,13,0
2,60,1,2
0,61,2,1
2,64,1,3
3,65,1,2
0,67,0,1
3,73,0,2
1,74,8,1
2,76,0,3
0,83,8,0
1,84,5,2
1,93,5,4
2,93,1,0
0,98,6,0
1,101,4,4
3,104,6,0
2,105,0,1
4,105,15,0
1,109,4,5
2,111,2,1
3,112,7,0
0,114,0,1
5,114,15,0
1,115,2,5
5,121,16,0
1,125,1,4
3,127,0,1
0,128,0,0
4,128,0,1
2,131,0,0
1,133,0,4
3,133,2,1
3,145,8,0
5,145,1,1
2,146,8,0
5,150,1,2
3,155,4,1
4,156,19,0
0,158,19,0
5,158,0,2
3,159,4,2
0,164,18,0
1,164,19,0
4,164,18,2
3,165,2,2
4,173,18,2
0,174,17,1
5,175,11,0
1,176,17,0
3,178,0,1
4,178,17,2
5,179,11,1
3,187,0,0
0,188,11,2
2,194,0,0
4,195,11,2
3,197,2,1
5,200,0,1
0,203,0,2
1,205,0,0
4,208,2,2
0,210,2,1
3,215,8,0
2,218,8,0
4,218,0,1
4,229,2,2
5,230,19,0
1,232,19,0
3,233,0,1
0,234,19,0
2,238,2,0
5,239,15,1
2,242,2,1
5,245,14,2
3,246,2,3
4,247,10,0
2,252,0,1
1,256,4,0
5,257,13,4
4,258,10,2
3,263,7,0
2,265,7,0
5,265,12,5
0,266,7,0
1,266,4,1
3,276,1,1
4,277,1,2
1,278,3,1
2,278,1,0
5,278,10,6
3,281,1,2
4,282,0,2
0,283,1,0
2,283,2,1
1,284,3,2
3,286,0,2
3,295,2,1
1,296,0,2
2,297,8,0
5,301,0,7
3,303,4,0
2,304,6,1
4,305,16,0
0,308,17,0
4,312,15,1
2,313,5,4
3,314,4,1
0,316,15,4
2,318,5,5
1,319,17,0
4,319,13,2
0,324,14,4
3,326,2,1
4,327,13,3
2,329,4,5
5,329,19,0
1,330,19,0
0,335,13,5
3,336,0,0
4,336,11,3
1,340,18,1
4,340,11,4
2,341,0,5
5,341,15,3
3,343,2,2
0,345,11,5
4,346,10,4
1,349,15,2
5,354,12,5
0,356,10,5
4,356,10,5
3,360,3,0
1,361,12,2
0,363,9,5
2,363,3,0
3,367,0,1
1,368,11,2
2,372,0,1
0,373,9,7
5,374,0,6
4,376,2,5
1,378,10,3
1,384,9,4
0,385,7,7
4,386,0,4
5,391,12,0
2,392,0,0
1,394,7,4
0,395,2,8
4,399,2,2
1,404,2,4
0,406,0,5
5,412,0,3
1,416,0,3
2,423,9,0
3,424,9,0
4,427,17,0
0,431,17,0
2,433,6,1
3,433,6,0
4,437,13,4
5,439,17,0
2,440,6,2
0,442,13,1
1,442,17,0
3,445,0,0
2,447,4,2
4,447,13,7
1,450,19,0
2,451,4,3
0,452,8,1
3,453,2,2
0,460,5,2
5,460,0,0
1,461,18,2
3,461,0,0
2,463,3,3
4,464,2,8
3,467,2,1
2,468,3,4
5,468,2,1
1,469,15,4
4,470,0,6
0,472,0,3
2,475,0,4
3,481,4,0
1,484,8,6
2,484,4,0
3,489,2,1
1,492,6,6
4,494,19,0
1,497,6,7
2,497,0,0
5,497,19,0
3,498,0,0
0,503,19,0
4,503,18,1
2,504,2,1
5,504,18,0
1,505,5,7
4,509,17,3
3,511,8,0
1,516,5,8
2,516,8,0
4,519,16,6
2,523,7,1
1,524,4,8
0,526,9,0
3,527,2,1
4,527,12,7
1,530,4,9
5,534,1,0
4,535,11,9
3,538,2,2
1,540,2,9
2,540,0,2
0,542,0,1
5,543,2,1
2,547,2,1
1,548,0,5
3,549,0,2
4,552,2,10
3,559,5,0
4,559,0,9
2,560,5,0
3,566,4,1
4,567,2,1
0,568,17,0
1,571,17,0
3,571,4,2
2,572,0,0
0,574,16,1
5,574,17,0
1,577,18,0
3,577,2,2
2,578,2,2
0,582,15,3
3,584,1,2
0,589,15,4
3,589,1,3
4,589,12,0
1,590,12,1
2,591,9,1
3,595,0,3
1,597,12,3
2,597,8,0
4,599,12,2
3,600,1,1
0,601,12,4
2,602,8,1
5,602,1,0
1,603,10,4
4,607,10,2
3,610,2,2
1,611,10,6
0,612,10,5
2,613,5,1
5,614,2,1
2,617,5,2
1,621,5,6
3,621,3,0
0,625,5,5
4,625,2,2
2,627,3,2
3,628,3,1
4,630,2,2
1,634,2,7
2,634,2,2
3,636,2,1
0,637,0,5
4,639,0,2
1,644,0,6
2,644,0,1
3,644,0,1
0,647,0,4
5,648,19,0
0,652,1,4
5,658,18,3
0,661,1,5
2,661,7,0
3,661,9,0
1,663,9,0
5,663,17,4
4,665,19,0
0,668,2,5
2,669,6,1
5,670,17,7
3,673,7,1
0,675,0,0
5,675,16,7
2,676,6,2
1,678,12,0
5,679,16,9
4,681,13,1
0,682,2,5
3,683,4,1
1,685,10,4
2,685,5,2
3,688,4,2
5,688,15,9
0,691,3,0
4,692,12,2
2,693,5,3
3,693,3,2
0,698,2,3
1,698,8,6
2,699,4,3
5,699,13,10
3,700,2,2
4,700,10,3
5,707,12,10
1,708,6,7
0,711,0,4
2,711,3,3
3,711,0,2
1,715,5,8
5,715,10,10
0,719,0,2
4,719,2,3
2,720,2,3
1,726,1,9
0,729,2,4
3,731,9,0
4,731,1,3
2,732,1,3
1,735,0,10
3,738,8,2
5,739,2,11
4,741,0,2
2,744,0,4
5,746,0,7
1,748,2,1
3,748,6,3
0,751,19,0
5,759,2,2
0,760,18,3
2,760,9,0
3,760,4,4
1,764,12,1
4,764,19,0
3,765,4,5
0,770,17,4
2,777,2,1
3,777,2,6
0,778,17,7
5,781,12,0
2,783,2,2
0,786,16,7
1,787,0,0
3,787,0,6
5,788,11,3
2,790,1,2
4,790,0,0
3,795,2,2
0,796,15,9
5,797,10,5
1,799,2,7
2,801,5,0
0,804,14,10
3,804,2,1
2,806,4,2
4,812,17,0
0,813,13,13
2,815,3,3
5,817,2,7
3,819,7,1
1,821,17,0
0,824,12,17
2,826,3,4
4,826,13,2
5,829,0,6
3,831,0,0
0,836,11,18
2,836,2,4
4,837,12,2
5,838,2,4
3,839,2,2
2,842,0,3
0,846,10,18
1,847,0,0
3,850,6,0
2,852,2,2
4,852,2,2
0,854,9,19
1,858,2,3
4,858,2,2
2,860,4,0
3,861,5,1
4,863,1,2
3,869,4,2
5,869,16,0
0,871,2,20
2,871,3,2
4,872,0,2
3,875,3,2
2,876,3,3
0,881,0,15
1,881,16,0
4,881,2,4
2,882,2,3
3,882,2,2
5,885,11,3
2,890,0,2
3,890,1,2
0,891,1,1
1,895,18,0
3,898,0,1
0,900,2,2
2,901,1,1
5,901,0,4
0,904,2,1
1,905,17,3
2,907,2,2
3,907,2,1
2,914,4,0
4,915,19,0
0,916,5,1
1,916,12,4
2,919,4,2
3,921,6,0
1,925,11,5
0,927,0,0
4,927,12,1
3,929,2,1
5,929,19,0
2,931,3,2
0,932,0,6
1,934,10,6
4,934,11,1
5,934,18,1
3,939,4,0
5,941,15,2
2,942,3,3
0,944,2,6
4,944,10,1
1,946,9,9
3,948,0,1
5,949,14,4
0,950,2,1
2,954,2,3
1,955,8,13
3,956,2,3
1,963,6,16
2,963,2,4
4,964,0,2
3,967,4,1
2,969,1,4
4,969,1,2
0,970,13,1
1,970,4,16
5,971,2,6
4,975,2,3
2,978,1,4
1,979,3,16
0,982,17,0
3,982,0,0
5,984,0,4
1,985,2,16
0,986,17,2
3,987,1,4
2,988,0,5
5,992,1,1
3,993,2,5
1,995,1,12
0,998,16,2
2,1000,2,2
4,1000,17,1
5,1002,2,1
0,1004,15,4
1,1004,1,13
3,1008,5,0
4,1008,15,0
2,1009,5,0
1,1011,1,15
0,1015,12,7
3,1018,0,1
0,1019,12,9
1,1019,0,15
2,1021,0,0
0,1026,11,9
1,1026,2,2
3,1027,2,2
5,1029,14,2
0,1033,10,10
4,1034,0,0
3,1037,5,0
2,1038,5,0
0,1040,9,12
5,1044,19,1
1,1051,18,0
3,1051,2,1
0,1052,5,14
2,1053,0,0
2,1059,2,5
1,1061,16,1
4,1061,18,0
0,1062,2,14
3,1063,1,1
0,1067,1,11
2,1067,0,0
3,1068,1,1
4,1070,16,1
5,1070,0,0
1,1071,14,2
0,1072,0,11
2,1073,2,2
3,1073,0,1
4,1077,14,1
5,1077,2,1
3,1082,2,1
1,1084,12,4
0,1085,2,2
4,1086,12,1
2,1087,7,0
3,1093,0,0
1,1094,9,6
2,1097,7,1
3,1099,2,3
4,1099,2,1
1,1104,7,8
5,1104,19,0
2,1105,6,2
4,1107,1,1
3,1109,0,0
0,1112,19,0
2,1112,6,3
1,1113,6,9
3,1116,2,5
4,1116,2,0
5,1117,15,2
2,1118,4,3
1,1122,4,9
5,1126,14,3
2,1128,4,4
1,1131,3,9
3,1132,8,1
4,1132,0,0
2,1134,3,4
1,1136,3,10
5,1137,11,4
4,1138,2,7
2,1139,2,4
0,1141,0,0
3,1142,6,0
1,1146,2,10
2,1146,0,3
5,1151,2,5
0,1152,1,3
2,1152,1,0
3,1153,5,1
1,1156,0,7
4,1157,12,1
0,1161,2,4
3,1162,2,2
5,1164,0,4
4,1165,15,0
0,1167,2,3
1,1168,2,1
2,1175,2,0
3,1176,2,0
5,1176,2,1
4,1177,14,2
0,1178,5,5
3,1184,4,0
4,1184,13,3
2,1185,2,1
1,1189,17,0
3,1190,3,1
0,1191,8,4
2,1194,1,1
4,1194,12,4
1,1195,16,2
3,1197,0,2
5,1199,12,1
0,1200,12,3
4,1200,12,6
4,1205,11,6
0,1207,15,2
2,1207,2,0
3,1208,2,3
1,1210,10,3
5,1212,19,0
1,1215,10,6
2,1215,6,1
4,1215,11,7
0,1216,19,1
5,1217,18,1
3,1218,2,0
4,1220,10,7
3,1225,2,1
1,1226,3,6
1,1231,2,6
3,1232,1,1
2,1233,0,0
4,1237,2,7
1,1238,1,3
3,1241,0,1
2,1243,2,3
1,1244,0,3
0,1245,0,0
5,1245,0,2
4,1248,0,6
1,1251,2,0
5,1252,2,0
2,1252,2,0
0,1254,2,1
3,1254,2,1
1,1257,1,1
0,1263,2,1
2,1263,8,0
3,1265,8,0
4,1272,16,0
2,1273,7,1
5,1276,16,0
1,1280,16,0
2,1280,7,2
4,1280,14,1
3,1282,0,0
4,1284,14,2
0,1289,18,1
3,1289,2,4
2,1292,3,2
3,1296,4,1
5,1297,0,0
2,1301,3,3
4,1301,2,2
1,1305,0,0
2,1306,2,3
3,1307,2,0
5,1309,1,8
4,1309,2,0
3,1311,2,1
1,1312,1,2
0,1317,0,0
1,1317,2,2
2,1319,6,0
5,1320,2,9
0,1322,0,4
3,1323,7,1
1,1329,4,1
2,1331,4,1
0,1332,2,5
4,1334,17,2
1,1341,1,0
0,1342,1,0
2,1343,2,2
3,1345,1,0
0,1349,0,0
5,1351,18,1
3,1352,0,0
2,1353,3,0
4,1357,1,0
0,1360,0,7
1,1362,16,1
3,1362,5,0
2,1363,3,1
4,1367,2,0
2,1368,2,1
0,1372,2,9
3,1374,2,1
4,1375,1,1
2,1382,0,0
0,1385,0,0
3,1388,2,0
2,1389,2,1
4,1390,2,0
4,1395,2,0
1,1396,15,0
3,1396,1,1
0,1397,2,1
2,1400,5,0
5,1400,0,0
2,1405,5,1
5,1408,2,4
0,1412,2,0
1,1413,5,1
3,1414,2,0
4,1415,17,2
2,1418,2,1
0,1423,3,2
3,1423,0,0
4,1424,19,1
1,1426,2,1
5,1427,0,0
2,1433,9,0
0,1434,7,1
3,1436,2,5
5,1438,2,0
1,1439,9,0
2,1444,2,1
3,1448,0,0
0,1451,0,0
2,1451,2,1
4,1454,2,0
1,1456,0,0
3,1460,2,2
2,1462,1,1
5,1463,18,2
0,1466,0,0
1,1467,2,2
4,1471,2,3
3,1474,4,0
2,1478,4,0
0,1479,2,4
3,1484,2,1
2,1487,0,0
1,1488,17,1
0,1490,0,0
3,1496,1,0
0,1497,1,1
2,1497,1,4
4,1497,13,3
5,1498,0,0
2,1503,2,4
0,1504,1,2
1,1505,10,0
3,1505,0,0
5,1506,0,0
4,1508,16,2
2,1511,4,1
0,1512,2,2
3,1512,2,3
5,1515,2,1
4,1519,17,1
2,1520,0,0
1,1524,2,1
3,1524,0,0
0,1527,10,2
2,1527,2,3
1,1530,1,0
3,1535,2,4
2,1537,7,0
0,1540,17,1
1,1543,9,1
5,1545,19,1
2,1547,5,1
3,1548,0,0
2,1553,5,2
5,1554,17,0
3,1555,2,9
4,1555,0,0
5,1561,16,1
3,1561,2,0
1,1563,17,0
4,1563,2,2
0,1564,0,0
2,1564,2,2
0,1572,2,2
3,1572,1,1
2,1576,0,0
3,1578,0,0
5,1583,2,2
2,1584,2,3
4,1585,13,2
3,1587,2,2
2,1591,4,1
0,1592,15,0
1,1592,0,0
3,1595,4,0
4,1595,16,1
5,1603,15,0
3,1604,2,1
1,1605,2,1
0,1608,4,1
2,1615,0,0
1,1617,0,0
3,1617,0,0
0,1620,2,1
2,1621,2,3
1,1625,2,1
2,1626,2,0
3,1627,2,0
4,1627,0,0
5,1628,0,0
4,1635,2,2
0,1638,0,0
5,1639,0,0
2,1640,7,1
3,1642,0,0
1,1643,16,4
0,1648,2,2
2,1650,7,0
3,1653,0,0
5,1654,0,0
1,1655,19,1
2,1655,7,1
4,1658,12,1
3,1661,2,4
5,1665,2,2
1,1667,12,0
2,1668,2,1
0,1670,17,1
1,1672,12,1
3,1674,9,1
4,1675,2,0
2,1678,5,0
1,1686,5,1
2,1686,5,1
5,1687,15,3
4,1691,0,0
5,1692,16,1
3,1694,0,0
2,1698,2,1
0,1699,0,0
1,1699,2,1
4,1700,2,7
5,1703,17,0
2,1705,2,1
0,1706,2,1
1,1707,0,0
3,1707,2,4
1,1715,2,2
5,1715,13,1
2,1716,1,1
0,1717,4,1
4,1717,0,0
3,1718,0,0
3,1726,2,2
4,1726,2,1
2,1727,2,0
5,1732,2,2
2,1733,2,2
3,1737,0,0
0,1738,16,0
1,1738,15,1
4,1741,0,0
2,1744,1,2
5,1746,2,0
0,1747,16,1
3,1750,2,7
2,1752,0,0
4,1753,0,0
1,1756,8,0
5,1756,1,1
1,1762,8,1
0,1765,8,1
2,1765,2,2
5,1770,0,0
4,1772,0,0
1,1774,2,1
0,1778,2,1
5,1778,2,1
4,1781,2,1
1,1783,2,0
0,1783,2,0
2,1785,0,0
3,1786,0,0
0,1794,3,2
3,1796,2,0
2,1797,2,4
5,1800,11,0
1,1802,11,0
4,1802,11,0
3,1803,1,1
2,1806,4,0
0,1807,11,1
3,1810,2,0
2,1813,4,1
5,1814,2,1
4,1821,0,0
5,1821,0,0
0,1823,0,0
2,1823,2,1
3,1823,0,0
1,1824,0,0
1,1829,1,0
0,1830,2,0
5,1830,2,2
4,1833,1,5
3,1834,2,1
2,1839,0,0
1,1842,5,1
4,1842,2,6
5,1842,2,1
0,1849,11,2
2,1852,2,2
3,1856,0,0
2,1858,2,0
4,1859,10,1
1,1860,0,0
0,1862,17,1
2,1865,1,1
1,1868,2,0
3,1868,2,3
5,1869,19,1
4,1875,2,0
2,1875,1,0
1,1876,2,2
4,1882,0,0
3,1883,9,1
1,1885,2,4
2,1888,6,1
4,1888,2,5
0,1890,1,0
1,1893,1,5
3,1895,2,0
5,1895,0,0
1,1900,0,1
2,1900,0,0
5,1902,2,1
4,1906,11,2
0,1908,2,0
1,1911,2,0
2,1913,2,0
4,1913,12,1
1,1916,3,2
0,1918,1,2
2,1925,0,0
0,1926,2,0
3,1926,0,0
0,1932,1,1
5,1933,0,0
3,1934,2,0
1,1937,17,1
4,1937,0,0
2,1938,2,5
0,1940,2,0
5,1943,2,1
4,1945,2,2
2,1954,0,0
3,1954,1,0
0,1956,14,1
3,1964,1,1
2,1965,2,3
3,1969,2,1
1,1970,0,0
2,1971,4,1
4,1972,2,0
4,1976,2,1
1,1978,2,1
3,1983,7,3
4,1983,1,1
2,1985,0,0
1,1987,0,0
5,1988,0,0
3,1991,9,1
0,1996,0,0
1,1997,2,2
2,1998,2,2
5,2001,2,1
0,2007,1,2
1,2008,7,1
2,2008,2,0
0,2011,1,3
2,2013,2,1
4,2013,0,0
0,2016,2,3
4,2021,2,3
1,2022,0,0
3,2022,0,0
5,2024,13,1
2,2025,0,1
1,2030,2,2
4,2033,2,0
3,2034,2,1
2,2035,2,1
4,2039,1,2
0,2040,19,1
3,2042,0,0
5,2043,2,0
2,2046,0,0
4,2046,2,0
3,2049,2,4
2,2051,1,1
5,2051,0,1
1,2053,15,2
2,2057,2,2
4,2059,2,3
5,2060,1,2
1,2063,19,1
2,2064,4,1
5,2066,2,2
3,2067,0,0
4,2071,2,4
3,2076,2,3
5,2077,2,0
2,2080,2,0
0,2083,0,0
4,2084,2,4
5,2085,0,0
1,2087,0,0
3,2087,6,2
0,2094,1,3
5,2094,1,0
3,2095,9,1
1,2096,1,2
2,2097,2,0
2,2103,1,1
0,2105,2,5
4,2105,10,4
1,2106,2,2
5,2107,0,0
2,2111,0,0
0,2112,4,4
3,2112,0,0
5,2115,2,4
4,2121,15,3
0,2123,8,2
2,2123,0,0
1,2124,2,0
3,2124,0,0
1,2129,2,1
2,2129,2,2
3,2132,2,0
4,2135,19,2
3,2140,0,0
1,2142,0,1
0,2143,0,0
5,2143,18,1
2,2145,8,2
3,2148,2,1
0,2153,2,2
1,2155,2,2
2,2155,9,1
3,2156,2,0
3,2163,2,2
0,2164,0,0
2,2172,0,0
0,2174,2,4
3,2174,1,4
4,2179,0,0
3,2181,0,1
1,2182,19,1
5,2182,0,0
2,2183,2,2
2,2187,2,0
3,2189,1,0
5,2189,1,0
0,2190,11,1
4,2191,1,0
3,2195,0,0
4,2197,0,0
2,2199,0,1
3,2204,2,2
4,2206,2,0
5,2206,15,1
3,2209,2,1
2,2210,1,1
1,2212,0,0
4,2214,1,1
2,2215,2,2
3,2217,4,1
0,2222,1,0
1,2222,0,0
4,2224,0,0
2,2226,5,1
3,2227,2,0
1,2230,1,3
0,2233,3,2
4,2233,2,1
1,2235,2,3
5,2237,0,0
0,2238,4,1
3,2238,2,1
2,2240,2,0
3,2244,0,1
1,2247,9,1
5,2247,2,1
2,2253,2,0
3,2260,0,0
2,2263,2,1
0,2266,0,0
2,2269,0,1
4,2269,0,0
5,2271,10,1
0,2273,2,2
3,2273,2,1
2,2276,2,1
0,2279,2,0
2,2280,2,0
4,2282,2,2
3,2283,2,0
0,2287,1,1
5,2287,2,0
1,2289,2,0
3,2291,0,0
2,2292,0,0
2,2301,1,0
3,2302,2,1
5,2302,1,0
0,2303,1,0
4,2306,17,1
0,2310,2,0
2,2311,1,0
1,2314,1,0
3,2317,0,0
2,2318,4,1
5,2319,13,1
1,2327,6,1
3,2329,2,3
0,2330,17,1
4,2332,0,0
2,2333,2,0
3,2336,5,1
1,2338,0,0
2,2340,2,0
5,2342,0,0
4,2344,2,2
1,2347,2,2
2,2349,1,1
0,2357,2,0
1,2358,3,2
2,2359,0,0
5,2362,0,0
2,2365,2,3
0,2370,0,1
5,2370,2,0
4,2373,2,0
1,2376,11,1
0,2379,2,2
3,2380,0,0
2,2382,2,0
3,2388,2,1
2,2390,2,1
5,2391,12,2
2,2398,1,2
0,2399,15,1
4,2401,1,0
3,2402,6,1
1,2405,1,0
2,2405,2,0
5,2409,19,1
2,2411,2,1
4,2411,0,0
3,2417,0,0
1,2419,7,1
2,2421,2,1
4,2421,2,5
0,2424,0,0
3,2427,2,1
2,2432,3,2
3,2432,2,0
0,2434,2,1
4,2438,2,5
5,2438,2,0
1,2439,2,0
3,2442,1,2
0,2452,15,1
4,2458,11,5
1,2459,2,0
5,2461,2,0
2,2467,2,0
4,2469,14,4
1,2470,6,3
2,2471,2,1
3,2472,0,0
4,2476,16,3
2,2478,1,1
3,2479,2,1
1,2480,10,2
2,2484,0,0
4,2485,17,1
5,2486,11,2
3,2487,2,0
1,2488,13,1
0,2489,0,0
2,2491,2,3
3,2492,2,0
5,2497,13,1
3,2497,2,0
0,2498,2,1
2,2506,0,0
3,2508,0,0
1,2512,2,0
0,2514,13,3
2,2514,2,1
4,2514,2,0
5,2516,0,0
3,2517,2,1
2,2519,2,0
5,2522,2,1
0,2524,18,1
2,2529,2,3
3,2531,0,0
1,2535,16,1
2,2535,1,3
3,2537,1,3
4,2538,0,0
2,2545,2,0
5,2547,2,0
3,2548,2,4
0,2550,0,0
4,2551,2,0
2,2555,3,3
3,2556,5,1
5,2557,1,2
0,2559,2,1
4,2563,1,1
2,2566,9,2
5,2566,1,1
3,2568,1,0
5,2572,0,1
4,2574,2,0
1,2575,2,0
3,2576,1,0
2,2579,1,0
0,2580,15,1
4,2580,1,2
5,2583,1,1
2,2587,0,0
3,2589,0,0
1,2592,14,2
4,2592,2,0
5,2594,2,2
2,2595,2,2
4,2599,1,3
1,2601,15,1
3,2601,2,1
0,2602,2,0
0,2608,1,1
4,2608,1,0
5,2609,2,3
2,2611,1,0
3,2612,5,1
0,2614,0,0
0,2620,2,2
2,2623,3,1
4,2625,13,1
0,2627,0,0
3,2628,0,0
5,2629,10,3
1,2630,0,0
2,2631,2,0
3,2636,2,0
1,2637,2,0
2,2637,1,2
0,2639,1,2
5,2639,14,2
0,2645,2,3
1,2645,2,3
5,2650,18,1
4,2652,1,0
0,2653,3,2
3,2659,2,0
1,2661,12,3
3,2664,2,1
0,2666,10,1
2,2666,0,0
4,2667,2,0
1,2668,13,2
2,2672,2,1
3,2672,2,1
4,2674,1,1
1,2675,15,1
2,2678,2,0
3,2679,5,1
4,2680,2,0
0,2681,2,0
2,2685,2,3
5,2690,2,0
2,2694,1,3
3,2698,0,0
0,2699,10,1
3,2704,2,2
4,2704,17,1
1,2709,0,0
5,2709,12,1
1,2715,1,0
2,2717,1,0
3,2719,0,0
1,2726,2,1
0,2728,0,0
2,2728,2,0
5,2729,0,0
1,2731,2,3
3,2731,2,1
4,2736,0,0
3,2736,2,0
0,2738,2,1
1,2738,3,4
5,2740,1,0
4,2744,1,1
3,2746,1,1
2,2747,1,0
0,2749,4,1
1,2749,10,3
5,2749,2,0
4,2750,2,1
3,2755,1,0
2,2757,4,2
5,2758,1,1
3,2761,1,0
2,2762,5,1
0,2763,1,0
1,2763,16,2
1,2770,18,1
3,2774,2,0
4,2778,18,1
5,2778,2,0
0,2779,12,2
2,2779,2,0
3,2779,2,0
0,2789,15,1
3,2791,2,0
2,2793,2,0
1,2796,2,0
3,2798,3,2
2,2804,3,1
5,2804,15,4
3,2808,8,1
4,2809,2,0
1,2810,6,3
2,2815,0,0
5,2817,17,3
0,2818,0,0
1,2820,9,2
3,2822,0,0
2,2825,2,3
5,2826,18,1
0,2830,1,1
2,2834,2,0
1,2835,15,1
3,2836,2,0
4,2838,18,1
3,2840,2,1
0,2841,2,4
2,2841,2,0
3,2849,1,3
0,2850,5,7
5,2852,2,0
5,2863,1,1
0,2866,11,6
0,2871,12,4
3,2873,0,0
2,2877,0,0
0,2879,13,3
3,2883,2,1
0,2885,14,2
5,2888,0,0
2,2890,0,0
3,2893,2,1
0,2898,17,1
3,2898,2,2
2,2899,1,0
5,2900,2,1
3,2905,2,3
2,2913,9,1
3,2915,7,3
1,2917,0,0
4,2917,1,0
3,2920,8,2
5,2923,10,2
0,2925,0,0
1,2926,2,3
4,2927,2,1
2,2930,2,0
1,2934,2,3
5,2935,12,1
0,2937,2,1
3,2938,2,0
2,2940,1,3
0,2946,3,4
1,2948,6,4
3,2949,0,1
4,2949,12,1
0,2957,9,3
3,2958,1,0
2,2960,1,0
1,2961,10,2
3,2965,1,0
2,2967,1,0
1,2969,13,1
3,2971,1,0
0,2972,18,2
4,2972,1,0
5,2973,1,0
2,2975,2,0
0,2979,19,1
2,2982,2,3
5,2985,2,0
3,2987,2,0
4,2993,18,2
2,2994,1,3
3,2995,2,2
4,2999,19,1
2,2999,1,0
1,3000,2,0
3,3000,2,2
3,3005,2,2
2,3006,4,1
5,3006,19,1
0,3009,1,0
3,3013,3,2
2,3018,0,0
0,3019,2,0
1,3019,17,2
2,3025,2,1
4,3025,0,0
0,3027,4,3
3,3028,9,1
2,3030,2,0
5,3035,0,0
2,3036,1,1
0,3041,12,2
5,3041,2,1
2,3045,0,0
1,3047,2,0
1,3052,2,2
0,3053,17,1
4,3053,1,0
2,3054,1,2
1,3058,1,2
2,3059,2,3
3,3062,1,0
5,3062,12,2
4,3064,0,0
2,3069,5,1
3,3069,2,0
1,3072,2,0
4,3073,2,2
3,3074,1,1
5,3074,19,1
0,3081,0,0
4,3085,2,0
1,3086,2,0
3,3088,2,0
0,3090,1,1
4,3094,1,1
3,3095,2,0
0,3096,2,2
2,3096,1,0
1,3096,2,0
3,3105,4,1
2,3106,2,0
0,3108,5,3
4,3110,2,0
2,3116,3,1
0,3120,12,2
1,3121,17,2
5,3126,2,0
2,3130,2,0
1,3131,18,1
3,3132,2,0
4,3135,12,3
2,3138,4,2
0,3141,2,0
3,3142,0,0
2,3147,5,1
4,3148,18,2
5,3148,2,0
4,3153,19,1
3,3154,2,1
1,3158,2,0
0,3160,13,1
3,3165,1,0
1,3166,1,0
2,3171,1,0
5,3172,1,0
1,3178,2,2
3,3178,2,0
0,3181,1,0
4,3183,1,0
1,3190,6,7
3,3190,1,3
2,3191,2,0
4,3192,2,0
5,3196,1,0
2,3199,1,0
0,3203,17,1
5,3203,2,0
1,3204,13,5
4,3208,10,1
1,3210,14,4
3,3214,2,0
2,3217,9,1
1,3220,18,2
3,3221,2,1
5,3224,17,1
3,3226,1,2
4,3227,2,0
0,3229,2,0
1,3230,19,1
0,3235,2,0
3,3238,0,1
4,3244,2,2
3,3246,2,0
0,3248,5,2
2,3249,2,0
3,3256,2,1
2,3259,1,0
0,3260,9,1
3,3265,1,2
5,3266,1,0
1,3268,1,0
2,3269,6,1
4,3269,12,4
0,3275,1,0
3,3277,2,0
4,3281,15,2
3,3285,2,2
1,3285,2,0
0,3287,2,0
4,3287,16,1
5,3288,14,1
3,3292,1,2
2,3297,0,0
0,3298,9,3
1,3303,12,1
3,3304,2,0
2,3305,1,2
5,3308,0,0
3,3310,1,2
0,3311,14,2
4,3312,0,0
2,3313,2,3
2,3318,3,2
5,3318,2,0
0,3321,15,1
2,3329,7,1
5,3334,2,3
4,3341,1,0
3,3343,1,0
4,3350,2,1
5,3351,2,5
3,3353,5,1
2,3357,2,0
1,3363,2,0
0,3367,2,0
2,3369,7,1
0,3374,0,0
5,3374,12,5
3,3376,0,0
4,3378,0,0
0,3380,2,1
1,3385,16,1
3,3387,2,1
5,3387,14,4
0,3389,4,3
5,3397,15,3
3,3399,8,1
4,3401,2,0
0,3403,8,2
5,3405,17,2
2,3408,2,0
0,3417,16,1
2,3419,0,0
3,3419,0,0
1,3428,0,0
4,3428,19,1
2,3429,2,1
5,3429,0,0
3,3432,2,0
2,3435,2,0
1,3437,2,0
5,3439,2,0
3,3442,1,1
1,3454,10,4
2,3454,2,0
4,3455,2,0
3,3457,2,0
1,3460,12,2
5,3461,2,0
2,3465,5,1
4,3467,2,2
1,3468,14,1
3,3487,1,0
2,3492,1,0
4,3494,15,4
5,3494,1,0
3,3499,2,0
4,3501,17,3
1,3502,1,0
2,3504,2,0
0,3505,1,0
4,3507,19,1
1,3509,2,0
0,3511,2,0
3,3511,1,4
5,3513,10,2
1,3517,2,4
2,3521,2,0
5,3524,17,1
0,3525,11,1
3,3525,1,0
1,3529,6,5
2,3529,1,2
2,3536,0,1
3,3537,7,1
0,3542,1,0
4,3542,1,0
1,3543,11,4
5,3544,1,0
2,3548,1,1
0,3553,2,1
1,3553,12,3
3,3553,2,0
5,3553,2,0
2,3558,2,1
0,3563,4,3
1,3563,15,2
3,3564,1,1
4,3567,17,1
5,3569,2,0
1,3571,16,1
2,3571,2,0
0,3576,8,2
2,3584,4,1
5,3586,12,1
0,3588,10,1
3,3591,2,0
2,3596,2,0
3,3596,2,0
3,3600,2,0
2,3601,2,0
0,3605,2,0
5,3605,2,0
3,3606,1,1
4,3607,2,0
1,3608,2,0
3,3614,1,0
0,3617,5,2
2,3617,1,0
4,3617,2,0
1,3619,2,0
3,3625,5,1
4,3628,1,1
2,3628,2,0
0,3630,14,1
1,3630,2,0
4,3634,1,0
5,3637,2,0
2,3647,2,0
1,3652,19,1
2,3656,1,1
4,3658,15,2
5,3659,14,1
3,3660,2,0
0,3661,2,0
4,3666,18,1
0,3666,2,0
3,3677,2,0
2,3679,2,0
0,3682,10,4
2,3684,2,0
3,3686,2,0
0,3689,12,3
5,3692,2,0
3,3692,2,0
2,3696,0,1
4,3696,2,0
1,3697,2,0
0,3698,15,2
2,3705,2,0
3,3706,2,0
2,3710,2,2
1,3711,11,1
0,3712,19,1
2,3722,1,2
4,3725,15,3
3,3726,2,0
2,3727,0,1
3,3730,2,0
4,3737,19,1
3,3738,2,1
3,3744,2,1
3,3750,2,2
3,3754,2,2
3,3760,2,3
2,3764,1,0
5,3765,1,0
3,3770,2,3
1,3776,1,0
2,3776,1,0
3,3780,2,3
4,3782,1,0
5,3787,19,1
3,3791,2,3
4,3793,2,0
0,3794,1,0
3,3796,2,3
1,3797,15,1
2,3799,2,0
0,3800,2,0
4,3806,10,7
2,3807,2,1
3,3809,4,3
0,3811,1,1
4,3815,13,6
2,3817,1,1
3,3819,6,2
4,3820,14,5
0,3822,2,0
1,3824,2,0
5,3824,2,0
2,3825,2,0
4,3829,16,4
0,3830,5,5
3,3831,8,1
1,3833,2,0
0,3835,6,4
4,3835,18,2
1,3840,2,1
2,3842,9,1
4,3842,19,1
0,3846,8,2
3,3849,2,0
1,3850,1,1
5,3850,18,1
2,3855,2,0
0,3858,12,1
3,3860,5,1
2,3862,2,0
1,3863,2,0
4,3863,2,0
1,3868,2,1
2,3871,1,1
1,3873,1,1
3,3873,1,0
4,3877,2,1
5,3877,1,0
0,3882,1,0
5,3885,2,0
4,3887,2,2
3,3888,8,1
0,3894,2,0
1,3897,2,0
5,3902,2,0
2,3905,2,0
0,3908,5,3
5,3910,0,1
4,3913,12,3
2,3914,2,0
0,3916,8,2
3,3917,2,0
1,3920,14,1
3,3921,2,0
0,3923,9,1
2,3924,3,1
5,3924,2,0
4,3926,16,2
4,3933,19,1
3,3941,1,0
2,3942,2,0
3,3948,2,1
0,3949,1,0
5,3951,15,3
2,3954,7,2
1,3955,1,0
4,3956,2,0
0,3957,2,1
5,3960,18,2
3,3961,6,1
0,3965,4,1
5,3967,19,1
1,3970,6,1
0,3977,1,0
3,3978,1,0
2,3979,1,0
1,3980,1,0
0,3982,2,2
4,3984,16,2
2,3985,2,0
4,3991,17,1
5,3992,1,0
0,3993,4,5
2,3995,1,2
2,4000,1,0
3,4001,2,0
1,4002,1,0
0,4003,9,4
5,4006,12,1
1,4008,2,0
2,4010,2,1
3,4012,2,0
3,4016,2,0
0,4018,15,3
1,4018,2,1
5,4020,2,0
4,4021,2,0
0,4025,16,2
2,4025,9,1
1,4030,1,1
3,4035,2,0
1,4037,2,0
5,4043,10,7
5,4057,13,6
3,4063,2,0
1,4065,2,0
5,4065,14,5
3,4071,3,1
5,4076,16,4
1,4078,8,1
4,4081,2,0
5,4084,17,3
3,4086,2,0
2,4087,2,0
1,4091,2,0
4,4091,2,2
5,4091,19,2
2,4095,1,0
4,4099,1,2
0,4101,2,0
1,4101,1,0
3,4101,6,1
5,4116,1,0
1,4118,11,2
0,4119,2,0
2,4120,2,0
5,4121,2,1
1,4133,17,1
0,4139,16,3
4,4140,1,0
2,4143,1,0
5,4145,12,2
5,4153,16,1
2,4155,2,0
4,4158,10,1
3,4161,2,0
2,4164,2,0
2,4171,2,0
0,4172,2,0
3,4172,2,0
5,4173,2,0
1,4174,2,0
3,4176,2,0
4,4177,2,0
0,4183,4,6
3,4186,1,2
2,4188,2,0
2,4192,2,2
5,4196,10,1
0,4199,10,5
1,4199,17,1
3,4199,2,0
2,4203,1,2
4,4204,18,1
3,4209,6,2
2,4211,0,1
0,4212,15,4
3,4218,7,1
2,4220,2,0
5,4222,2,0
0,4223,17,3
2,4228,2,0
5,4230,2,1
3,4231,2,0
0,4236,19,1
2,4236,2,0
4,4237,2,0
5,4237,1,1
1,4238,2,0
3,4244,1,0
5,4244,1,0
2,4245,1,0
4,4252,2,2
3,4253,2,0
1,4254,12,1
2,4254,2,0
2,4259,2,1
5,4261,13,1
3,4262,1,1
4,4262,2,3
0,4264,2,0
2,4268,1,1
3,4268,1,0
4,4272,2,3
2,4273,1,0
0,4274,1,2
1,4278,1,0
5,4278,1,0
0,4281,2,0
3,4284,9,1
1,4286,1,1
4,4287,2,4
0,4289,3,5
1,4295,2,1
0,4296,5,4
5,4301,2,0
2,4304,2,0
0,4307,8,2
4,4307,11,4
5,4307,1,1
1,4309,11,3
2,4315,2,0
4,4315,12,2
1,4318,13,2
5,4318,2,0
0,4324,17,1
2,4324,3,1
3,4325,2,0
1,4330,17,1
4,4330,19,1
3,4333,2,0
3,4339,2,1
5,4345,17,1
2,4346,2,0
3,4350,1,2
2,4359,4,2
4,4360,2,0
0,4362,2,0
1,4363,2,0
3,4365,1,0
2,4368,9,1
1,4370,1,0
0,4372,1,0
3,4375,2,0
4,4375,2,0
5,4382,1,0
0,4382,2,0
3,4384,2,1
1,4385,10,1
3,4391,1,1
5,4392,2,0
4,4395,2,0
2,4399,2,0
0,4403,19,1
2,4410,4,1
3,4410,1,0
4,4419,1,0
3,4420,2,0
1,4422,1,0
2,4423,1,0
5,4423,19,1
4,4428,2,1
3,4428,2,0
0,4430,1,0
1,4435,2,0
1,4450,8,1
4,4455,13,2
4,4462,16,1
0,4479,2,0
2,4484,1,0
3,4486,1,0
2,4492,1,0
1,4493,1,0
0,4499,16,1
4,4501,1,0
5,4503,1,0
1,4507,10,1
2,4509,2,0
3,4510,2,0
5,4511,2,0
2,4522,1,0
4,4522,2,0
3,4523,1,0
0,4524,2,0
2,4530,2,1
5,4530,17,1
1,4533,1,0
2,4542,5,1
4,4542,19,1
1,4559,2,0
0,4561,2,0
3,4567,1,0
0,4572,1,0
2,4572,1,0
1,4574,7,1
3,4574,2,0
3,4580,2,1
0,4582,2,1
4,4584,1,0
5,4585,1,0
2,4589,2,0
4,4590,2,0
3,4591,2,1
1,4596,2,0
3,4600,5,1
0,4602,16,2
4,4607,14,1
2,4609,2,0
0,4610,19,1
1,4611,2,0
2,4615,3,1
5,4617,1,0
5,4623,1,1
5,4633,0,1
1,4635,1,0
1,4645,2,1
5,4647,2,0
1,4655,7,3
1,4668,10,2
5,4669,13,1
1,4687,18,1
2,4710,2,0
3,4713,2,0
5,4721,2,0
3,4722,1,0
4,4723,2,0
2,4724,8,1
3,4729,1,0
0,4731,1,0
1,4733,1,0
0,4749,15,1
1,4782,2,0
3,4788,2,0
1,4790,6,1
3,4793,2,0
2,4796,2,0
0,4797,2,0
4,4797,2,0
5,4798,2,0
1,4799,2,0
2,4804,1,0
3,4805,1,0
0,4808,3,2
1,4808,1,0
4,4810,1,0
2,4814,2,1
3,4817,2,0
2,4821,4,1
1,4823,12,1
4,4823,2,0
3,4823,2,0
0,4826,12,1
3,4833,2,0
2,4837,2,0
2,4841,2,0
3,4842,1,1
5,4842,2,0
4,4845,15,1
0,4846,2,0
1,4848,2,0
0,4864,13,1
5,4868,19,1
2,4897,1,0
1,4900,1,0
3,4900,1,0
2,4906,2,0
1,4907,2,1
4,4915,1,0
1,4918,9,2
2,4918,1,1
1,4931,17,1
2,4953,1,0
3,4955,1,0
2,4970,7,1
3,4978,2,0
2,4985,2,0
3,4985,1,1
4,4994,2,0
2,4996,2,0
2,5011,2,0
4,5011,12,1
3,5013,2,0
2,5021,3,2
2,5027,5,1
3,5033,2,0
2,5041,2,0
4,5043,2,0
3,5046,1,0
0,5047,2,0
5,5049,2,0
1,5052,2,0
3,5055,3,1
4,5075,19,1
0,5103,2,0
1,5104,2,0
2,5105,2,0
1,5120,2,0
2,5121,1,0
3,5124,1,0
1,5126,2,1
2,5126,1,0
0,5128,16,1
5,5128,1,0
3,5128,1,0
2,5134,2,0
3,5134,2,0
1,5136,0,1
4,5138,1,0
3,5139,2,0
2,5142,2,0
1,5145,2,0
5,5146,15,1
4,5147,2,0
0,5150,2,0
3,5152,1,0
2,5154,1,0
3,5158,1,0
2,5164,1,0
0,5166,12,1
3,5167,1,0
4,5168,1,0
5,5168,1,0
1,5172,19,1
4,5185,13,1
5,5189,12,1
2,5210,2,0
2,5219,4,1
0,5222,2,0
3,5324,1,0
0,5326,1,0
2,5329,1,0
3,5334,4,1
0,5366,2,0
0,5385,11,1
2,5412,2,0
3,5417,2,0
2,5422,2,0
0,5423,2,0
3,5424,1,0
5,5425,2,0
4,5427,2,0
2,5429,1,0
3,5432,1,0
1,5433,2,0
2,5435,1,0
3,5437,1,0
2,5440,1,0
1,5441,1,0
0,5442,10,1
5,5447,1,0
4,5450,1,0
1,5463,17,1
2,5599,2,0
3,5600,2,0
4,5601,2,0
0,5609,2,0
1,5617,2,0
4,5624,19,1
2,5633,2,0
0,5635,2,0
2,5645,3,1
3,5669,2,0
5,5670,2,0
0,5671,2,0
1,5672,2,0
0,5686,10,1
3,5687,2,0
1,5689,2,0
2,5691,2,0
5,5693,18,1
4,5705,2,0
1,5710,18,1
3,5724,2,0
2,5726,2,0
4,5733,2,0
0,5736,2,0
5,5744,2,0
1,5746,2,0
4,5755,15,1
3,5893,2,0
0,5895,2,0
3,5900,4,1
0,6024,2,0
1,6025,2,0
2,6026,2,0
0,6042,12,1
