0,1,0,0
1,2,0,0
2,3,0,0
3,6,0,0
0,8,1,19
4,8,0,0
1,9,2,8
5,9,0,0
2,14,1,14
0,16,2,18
1,16,5,7
3,16,3,3
4,22,11,8
5,24,10,8
2,25,3,10
3,25,5,2
0,26,3,16
4,28,12,7
1,29,11,6
0,32,4,15
2,32,4,9
3,35,9,1
4,36,13,5
0,37,5,13
1,37,12,5
5,37,14,7
2,43,5,7
0,47,7,12
5,47,15,6
1,48,13,3
2,50,6,6
4,50,17,3
3,53,0,0
1,55,14,2
2,55,7,5
5,57,16,4
0,61,11,10
4,62,18,2
3,64,1,20
5,64,17,3
1,65,16,1
2,68,9,3
4,71,19,1
3,73,2,15
0,74,14,9
5,74,19,2
3,78,3,14
2,82,0,0
0,85,16,8
3,86,4,12
0,91,17,5
1,91,0,0
2,91,1,20
4,95,0,0
3,97,5,10
0,101,18,3
5,101,0,0
2,102,2,18
3,106,6,7
1,108,9,20
2,108,3,17
5,108,1,20
4,109,10,20
5,113,2,19
4,115,11,19
1,117,10,19
2,118,4,16
3,118,7,4
1,123,11,17
4,123,12,17
0,125,0,0
3,127,9,2
1,130,12,13
2,130,5,11
4,133,13,16
0,135,3,20
5,135,10,18
1,137,13,11
2,140,6,8
0,142,4,17
1,142,14,9
4,143,14,14
5,143,11,17
3,146,0,0
2,149,7,6
5,149,12,15
4,150,15,12
1,151,15,8
3,151,1,20
0,152,5,16
5,156,13,13
3,157,2,14
4,158,16,8
2,159,8,4
0,161,9,15
1,161,16,6
4,163,17,5
5,165,14,10
1,168,17,3
2,168,9,3
0,169,10,10
3,169,3,12
4,172,18,3
1,173,18,2
3,175,4,10
5,176,15,9
0,181,11,8
1,181,19,1
4,182,19,1
5,182,16,8
3,184,5,9
2,186,0,0
5,188,17,6
0,191,12,7
2,191,1,20
3,191,6,7
5,194,19,3
2,196,2,17
3,197,7,6
3,203,8,5
2,204,3,14
0,205,16,6
4,209,0,0
0,212,17,3
1,212,0,0
2,215,4,13
3,215,9,1
2,221,5,11
5,221,0,0
0,223,19,2
1,225,4,20
4,225,10,20
5,229,2,20
2,230,6,8
3,231,0,0
4,232,11,19
4,237,12,17
2,239,7,6
1,241,9,19
3,243,1,20
1,246,10,18
4,246,13,15
2,247,8,5
5,249,10,17
0,250,0,0
1,251,11,17
3,252,2,16
0,255,1,20
4,256,14,12
1,258,12,16
2,259,9,4
5,260,11,16
3,263,3,14
1,264,13,14
4,267,15,10
0,270,7,19
5,271,12,14
2,274,0,0
1,275,15,12
3,275,4,11
0,277,9,16
4,277,16,7
2,280,1,20
3,281,5,8
1,282,16,9
4,282,17,4
5,284,14,9
2,285,2,19
0,286,10,14
4,287,18,3
3,290,6,5
5,290,15,7
1,291,17,7
4,292,19,1
0,294,11,13
2,294,4,17
5,298,16,5
1,299,18,4
0,301,12,10
2,301,5,15
3,302,8,4
1,305,19,3
5,307,17,4
0,309,13,7
3,309,9,1
2,311,6,14
5,313,19,2
2,317,7,7
0,321,15,6
4,321,0,0
3,326,0,0
0,329,17,3
2,329,8,5
4,330,2,20
1,334,0,0
3,336,1,20
0,338,18,2
2,340,9,2
5,342,0,0
3,345,2,19
1,346,5,20
4,349,10,19
5,350,1,20
3,352,3,17
1,354,6,19
2,357,0,0
4,360,12,18
0,361,0,0
3,361,4,15
2,363,1,20
1,364,10,18
4,365,13,16
3,366,5,11
0,369,3,20
5,370,11,18
2,371,2,19
3,371,6,8
4,372,14,14
1,375,11,16
3,376,7,7
0,379,9,19
4,380,15,11
5,381,12,17
3,382,8,4
2,383,4,15
1,385,12,15
0,387,10,18
4,391,16,7
2,393,5,14
5,394,14,15
3,396,0,0
0,397,11,17
1,397,13,13
4,398,17,4
2,400,6,9
1,402,14,12
0,403,13,15
5,404,15,14
2,405,7,8
3,407,1,20
1,409,15,8
4,410,18,3
5,410,16,10
0,412,14,13
1,415,16,7
3,415,2,14
5,415,17,6
2,416,8,5
4,417,19,2
0,420,15,10
3,422,3,12
1,424,17,5
5,425,18,3
0,427,16,8
3,431,4,9
1,432,18,3
5,433,19,2
2,436,0,0
3,436,5,6
0,437,17,5
4,440,0,0
1,442,19,2
2,443,1,20
3,444,7,5
0,448,19,2
3,451,8,4
2,454,2,18
4,458,10,20
3,459,9,1
2,460,3,15
5,462,0,0
4,465,11,18
2,466,4,12
1,472,0,0
2,472,5,8
5,476,10,20
0,477,0,0
4,477,12,17
2,480,7,7
3,480,0,0
1,481,1,20
5,482,11,19
0,487,3,20
5,487,12,18
4,488,13,12
3,489,1,20
2,492,8,3
0,493,4,18
3,495,2,17
4,496,14,11
5,497,14,14
1,500,10,18
0,502,9,17
2,504,9,2
3,504,4,14
4,506,15,8
5,508,15,11
0,509,10,16
1,511,11,17
4,512,16,5
3,514,5,12
5,518,16,6
0,519,14,13
2,519,0,0
3,520,6,11
4,522,17,4
1,523,12,15
2,525,1,20
3,525,7,10
0,527,15,12
5,529,17,3
4,533,19,2
2,534,2,17
0,535,17,6
1,535,13,12
5,535,19,1
3,537,8,5
2,539,3,11
2,544,4,10
0,545,18,4
1,545,14,10
3,546,9,3
0,550,19,2
1,552,15,7
2,555,5,8
1,557,16,6
5,558,0,0
4,563,0,0
3,564,0,0
2,565,6,7
1,567,17,3
2,570,7,5
5,572,11,20
3,573,1,20
4,575,1,20
1,577,19,1
2,577,8,3
5,577,12,18
0,578,0,0
3,582,2,17
4,582,2,19
5,585,13,10
2,592,0,0
5,592,14,8
3,593,3,16
0,598,9,20
2,601,1,20
3,601,4,15
5,601,15,6
1,602,0,0
4,604,11,18
0,606,11,19
3,608,5,10
5,608,16,4
2,610,3,15
4,611,12,15
0,612,12,18
1,613,1,20
3,613,6,5
5,615,17,2
2,618,4,13
4,621,14,13
5,622,18,1
2,623,5,10
0,624,13,17
3,624,7,4
1,628,11,19
0,631,14,14
4,631,15,12
2,633,6,8
3,633,8,2
0,636,15,12
4,637,16,10
1,638,12,17
2,640,7,7
3,642,9,1
0,644,16,11
4,646,17,8
5,646,0,0
2,648,8,6
1,650,13,16
0,652,17,7
2,655,9,3
1,656,14,15
4,656,18,3
3,661,0,0
1,662,15,12
5,662,10,20
0,663,18,4
1,667,16,8
0,669,19,1
5,670,11,18
3,672,1,13
2,675,0,0
1,677,17,5
3,680,2,10
5,680,13,17
2,680,0,0
4,684,0,0
1,686,18,1
2,689,0,0
5,690,14,16
3,691,3,9
0,693,0,0
2,697,0,0
4,698,11,20
5,700,15,12
3,701,4,8
3,706,5,7
4,706,12,16
5,709,16,10
0,710,10,16
4,711,13,15
5,715,17,7
0,716,12,15
1,716,0,0
3,718,6,6
4,721,14,13
5,723,18,3
0,725,13,13
4,726,15,11
3,729,7,5
5,731,19,1
4,732,16,10
0,735,14,11
3,736,8,3
4,738,17,5
4,744,18,4
0,745,15,8
3,745,9,2
4,751,19,2
0,755,16,7
0,763,17,4
0,774,18,2
