1076,4,14,0,2,1,9,10
1582,10,14,0,2,1,3,4
1363,0,20,0,13,3,17,20
31,9,20,0,3,1,10,11
785,15,21,0,1,1,5,6
285,13,24,0,8,1,10,11
1371,6,25,0,4,1,18,19
1263,0,25,0,4,3,22,25
1499,20,26,0,1,1,5,6
1150,14,29,0,12,1,14,15
1425,4,32,0,19,1,27,28
92,13,36,0,14,1,22,23
957,0,40,0,9,2,38,40
229,16,42,0,15,1,25,26
430,20,43,0,11,1,22,23
1099,29,45,0,1,6,10,16
416,35,45,0,1,1,9,10
1431,44,50,0,1,2,4,6
96,0,52,0,11,2,50,52
865,6,52,0,11,2,44,46
783,21,52,0,12,2,29,31
1406,26,53,0,2,9,18,27
1350,28,53,0,2,6,19,25
135,10,53,0,18,2,41,43
8,6,59,0,12,1,52,53
239,21,61,0,13,1,39,40
709,44,63,0,5,1,18,19
477,47,63,0,5,1,15,16
538,3,64,0,13,1,60,61
941,39,66,0,5,2,25,27
1585,31,66,0,5,5,30,35
942,37,66,0,5,1,28,29
1369,19,69,0,14,2,48,50
101,17,69,0,14,2,50,52
125,18,69,0,14,2,49,51
34,52,71,0,7,5,14,19
1009,43,73,0,9,1,29,30
1330,22,75,0,15,2,51,53
1605,6,76,0,16,3,67,70
104,31,78,0,6,3,44,47
554,25,78,0,6,9,44,53
287,19,78,0,6,15,44,59
1128,27,78,0,6,7,44,51
1259,34,81,0,10,24,23,47
88,0,83,0,18,2,81,83
1498,48,85,0,1,30,7,37
84,52,85,0,1,26,7,33
1301,23,85,0,8,11,51,62
224,20,86,0,16,2,64,66
1139,35,87,0,11,22,30,52
1611,28,87,0,11,29,30,59
663,32,87,0,11,25,30,55
1175,37,90,0,9,1,52,53
1462,39,90,0,9,1,50,51
1061,21,90,0,9,14,55,69
312,66,95,0,2,12,17,29
674,88,97,0,1,1,8,9
1062,85,97,0,1,4,8,12
939,39,97,0,12,18,40,58
342,72,103,0,2,17,14,31
35,80,103,0,2,9,14,23
1678,81,103,0,2,8,14,22
1580,23,106,0,13,34,49,83
1589,100,113,0,1,5,8,13
235,88,113,0,1,17,8,25
1266,36,114,0,14,21,57,78
1014,73,115,0,3,16,26,42
1311,55,115,0,3,34,26,60
233,69,118,0,11,9,40,49
1441,62,118,0,11,16,40,56
110,44,120,0,15,13,63,76
1510,54,120,0,15,3,63,66
1265,37,120,0,15,21,62,83
645,37,120,0,15,20,63,83
1208,49,120,0,15,8,63,71
168,101,124,0,6,12,11,23
1116,83,124,0,4,6,35,41
1641,69,124,0,4,20,35,55
1056,83,125,0,10,26,16,42
97,90,125,0,10,19,16,35
470,24,127,0,16,34,69,103
551,92,127,0,4,14,21,35
950,92,127,0,4,13,22,35
469,42,127,0,16,15,70,85
1057,97,127,0,4,9,21,30
384,91,127,0,4,14,22,36
1516,97,127,0,4,8,22,30
1149,59,129,0,12,19,51,70
1078,104,133,0,5,1,28,29
324,70,133,0,5,35,28,63
529,101,133,0,5,4,28,32
16,104,133,0,5,1,28,29
526,74,134,0,11,35,25,60
1276,65,134,0,11,44,25,69
1243,78,134,0,11,31,25,56
1079,65,135,0,13,13,57,70
15,62,135,0,5,27,46,73
1227,59,135,0,5,30,46,76
1579,38,135,0,13,40,57,97
478,77,135,0,5,12,46,58
167,66,135,0,13,12,57,69
671,89,136,0,10,24,23,47
81,49,139,0,17,8,82,90
563,103,143,0,6,2,38,40
861,42,143,0,11,71,30,101
1506,100,143,0,6,5,38,43
1372,85,145,0,12,24,36,60
127,51,145,0,12,58,36,94
1519,60,146,0,14,18,68,86
1187,43,146,0,14,35,68,103
1290,59,147,0,6,30,58,88
198,64,147,0,6,25,58,83
725,63,147,0,6,26,58,84
786,72,149,0,7,33,44,77
1534,101,149,0,7,4,44,48
495,71,151,0,15,7,73,80
570,48,151,0,18,9,94,103
1124,59,151,0,15,19,73,92
972,52,151,0,18,5,94,99
1257,56,151,0,18,1,94,95
596,50,151,0,18,7,94,101
636,63,152,0,14,46,43,89
585,82,153,0,7,7,64,71
1134,58,153,0,7,32,63,95
182,60,155,0,12,53,42,95
1408,85,155,0,12,28,42,70
1084,78,157,0,15,31,48,79
316,86,157,0,15,23,48,71
1618,83,157,0,8,22,52,74
395,94,157,0,8,11,52,63
661,102,160,0,13,11,47,58
1606,50,161,0,16,28,83,111
502,64,161,0,16,14,83,97
512,65,161,0,16,13,83,96
295,61,161,0,16,17,83,100
805,67,162,0,8,23,72,95
1662,63,162,0,8,27,72,99
1247,81,163,0,16,28,54,82
1603,87,163,0,16,22,54,76
24,60,167,0,17,18,89,107
1028,96,169,0,9,10,63,73
183,97,169,0,9,8,64,72
1552,85,169,0,9,20,64,84
1294,93,170,0,14,20,57,77
44,103,170,0,14,10,57,67
303,101,170,0,14,12,57,69
173,66,173,0,9,23,84,107
650,60,173,0,17,49,64,113
879,36,173,0,17,73,64,137
1112,84,173,0,17,25,64,89
1125,32,174,0,18,46,96,142
644,79,177,0,15,34,64,98
70,69,182,0,18,40,73,113
1354,67,183,0,19,11,105,116
1502,93,188,0,16,20,75,95
1033,107,188,0,5,67,14,81
1479,111,188,0,5,63,14,77
433,59,189,0,19,50,80,130
777,80,189,0,19,29,80,109
341,82,189,0,19,27,80,107
889,45,189,0,19,64,80,144
28,106,194,0,6,68,20,88
1129,108,194,0,6,66,20,86
1500,105,197,0,1,82,10,92
413,81,198,0,17,32,85,117
1448,67,198,0,17,46,85,131
1430,136,200,0,1,54,10,64
1632,112,200,0,1,78,10,88
515,127,200,0,1,63,10,73
604,107,203,0,2,80,16,96
1622,107,204,0,7,67,30,97
1691,104,204,0,7,70,30,100
1313,98,205,0,18,15,92,107
1252,78,205,0,18,35,92,127
599,84,205,0,18,29,92,121
380,100,205,0,18,13,92,105
675,96,205,0,18,17,92,109
159,133,210,0,2,57,20,77
1054,111,210,0,2,79,20,99
1075,139,210,0,2,51,20,71
121,126,210,0,2,64,20,84
1055,134,210,0,2,56,20,76
1036,125,214,0,3,62,27,89
590,121,214,0,3,66,27,93
641,119,214,0,3,68,27,95
317,108,214,0,3,79,27,106
1387,53,215,0,19,60,102,162
391,93,215,0,19,20,102,122
1237,107,217,0,3,83,27,110
1404,65,218,0,10,109,44,153
447,87,218,0,10,87,44,131
1549,109,218,0,10,65,44,109
1495,113,220,0,4,74,33,107
1331,92,220,0,4,95,33,128
620,126,220,0,4,61,33,94
293,143,223,0,4,47,33,80
80,110,223,0,11,64,49,113
656,118,223,0,4,72,33,105
1140,129,223,0,4,61,33,94
133,119,223,0,10,87,17,104
1386,80,223,0,10,126,17,143
406,118,229,0,5,69,42,111
925,109,229,0,5,78,42,120
1163,127,231,0,5,63,41,104
1418,123,233,0,12,83,27,110
1297,114,233,0,12,92,27,119
1403,97,234,0,10,119,18,137
1436,109,236,0,14,65,62,127
282,99,236,0,14,75,62,137
605,112,236,0,6,75,49,124
632,130,236,0,6,60,46,106
20,123,241,0,11,93,25,118
1451,120,241,0,11,96,25,121
562,107,244,0,13,99,38,137
1329,126,247,0,8,61,60,121
874,101,247,0,16,73,73,146
707,124,247,0,8,63,60,123
441,122,247,0,8,65,60,125
513,78,247,0,16,96,73,169
726,116,247,0,8,71,60,131
466,119,247,0,8,68,60,128
156,132,248,0,7,58,58,116
1019,136,249,0,12,80,33,113
376,129,249,0,12,87,33,120
1572,135,249,0,12,81,33,114
1151,136,249,0,12,80,33,113
812,93,254,0,17,81,80,161
556,127,254,0,14,79,48,127
1176,82,254,0,17,92,80,172
773,125,254,0,14,81,48,129
555,93,254,0,14,113,48,161
1246,125,255,0,8,65,65,130
85,114,255,0,8,76,65,141
396,137,255,0,8,53,65,118
608,139,256,0,6,107,10,117
197,141,256,0,6,105,10,115
1507,136,256,0,6,110,10,120
263,135,258,0,13,81,42,123
187,114,258,0,9,73,71,144
65,102,258,0,9,85,71,156
1429,127,258,0,9,60,71,131
938,132,261,0,9,58,71,129
3,141,261,0,9,49,71,120
393,103,262,0,18,71,88,159
1126,49,262,0,18,125,88,213
1623,133,263,0,7,113,17,130
688,123,265,0,15,83,59,142
331,100,265,0,15,106,59,165
808,117,265,0,15,89,59,148
999,118,265,0,15,88,59,147
107,71,269,0,14,145,53,198
997,60,270,0,16,146,64,210
1233,112,270,0,19,62,96,158
762,124,270,0,16,82,64,146
767,94,270,0,19,80,96,176
1248,116,270,0,16,90,64,154
514,122,270,0,16,84,64,148
914,111,270,0,16,95,64,159
1127,85,272,0,11,161,26,187
1211,144,272,0,11,102,26,128
268,114,274,0,15,102,58,160
929,119,274,0,15,97,58,155
899,123,279,0,16,93,63,156
946,113,282,0,18,93,76,169
419,120,282,0,18,86,76,162
1069,118,284,0,12,128,38,166
41,143,284,0,12,103,38,141
1409,139,284,0,12,107,38,145
840,153,284,0,1,123,8,131
703,112,284,0,12,134,38,172
687,124,284,0,12,122,38,160
1066,164,286,0,1,115,7,122
1470,161,286,0,1,118,7,125
283,172,286,0,1,107,7,114
970,156,286,0,1,123,7,130
102,128,289,0,13,118,43,161
103,128,289,0,17,88,73,161
684,109,289,0,17,107,73,180
45,122,289,0,19,84,83,167
775,156,290,0,2,120,14,134
1405,154,290,0,2,122,14,136
936,156,290,0,2,120,14,134
629,149,295,0,3,127,19,146
1171,145,295,0,3,131,19,150
592,131,295,0,3,145,19,164
1277,132,296,0,14,114,50,164
122,175,296,0,2,104,17,121
877,135,296,0,14,111,50,161
944,117,300,0,18,99,84,183
358,134,300,0,18,82,84,166
298,131,300,0,18,85,84,169
1117,148,302,0,4,128,26,154
654,160,302,0,4,116,26,142
800,145,302,0,4,131,26,157
1355,132,306,0,19,84,90,174
869,172,306,0,3,107,27,134
1024,126,306,0,19,90,90,180
59,174,306,0,3,105,27,132
536,165,306,0,3,114,27,141
389,122,306,0,15,124,60,184
589,127,306,0,19,89,90,179
601,162,308,0,5,114,32,146
1152,143,308,0,5,133,32,165
409,153,308,0,5,123,32,155
1073,149,310,0,4,146,15,161
383,165,313,0,4,114,34,148
748,167,313,0,4,112,34,146
763,143,313,0,16,103,67,170
1610,158,316,0,6,118,40,158
700,154,321,0,6,125,42,167
607,169,321,0,6,110,42,152
1285,169,321,0,6,110,42,152
943,140,324,0,18,106,78,184
614,150,324,0,10,145,29,174
980,140,324,0,18,106,78,184
1022,149,324,0,10,146,29,175
524,168,324,0,2,148,8,156
1635,155,328,0,7,121,52,173
987,150,328,0,7,126,52,178
1223,160,328,0,7,116,52,168
1352,161,328,0,7,115,52,167
403,155,331,0,7,124,52,176
254,130,334,0,19,116,88,204
1007,143,334,0,19,103,88,191
244,162,335,0,11,133,40,173
157,160,335,0,11,135,40,175
500,158,340,0,9,118,64,182
958,158,340,0,9,118,64,182
86,165,341,0,8,114,62,176
1621,158,341,0,8,121,62,183
920,163,341,0,8,116,62,178
42,150,342,0,12,145,47,192
1367,158,342,0,12,137,47,184
1368,135,342,0,12,160,47,207
22,128,343,0,11,188,27,215
494,169,343,0,11,147,27,174
1080,145,350,0,13,150,55,205
887,153,350,0,13,142,55,197
623,159,350,0,13,136,55,191
158,176,351,0,11,160,15,175
1346,141,352,0,12,175,36,211
166,163,352,0,12,153,36,189
279,168,353,0,9,111,74,185
140,173,353,0,9,106,74,180
372,148,353,0,9,131,74,205
838,139,359,0,15,156,64,220
1473,119,359,0,15,176,64,240
834,174,360,0,12,162,24,186
43,152,360,0,12,184,24,208
180,182,360,0,12,154,24,178
823,150,363,0,13,166,47,213
1307,162,363,0,13,154,47,201
6,167,363,0,13,149,47,196
257,170,363,0,13,146,47,193
497,116,363,0,13,200,47,247
1692,141,364,0,16,154,69,223
1145,160,368,0,14,176,32,208
825,139,368,0,14,197,32,229
1142,182,368,0,14,154,32,186
216,167,368,0,14,169,32,201
1672,143,369,0,17,152,74,226
916,200,371,0,1,161,10,171
345,192,371,0,1,169,10,179
1017,188,371,0,1,173,10,183
1513,192,371,0,1,169,10,179
1144,171,371,0,14,145,55,200
1141,144,371,0,14,172,55,227
670,172,371,0,14,144,55,199
1542,176,372,0,2,183,13,196
1558,175,372,0,2,184,13,197
111,175,375,0,15,161,39,200
147,183,375,0,15,153,39,192
1392,123,375,0,15,213,39,252
1402,169,375,0,15,167,39,206
392,127,376,0,18,168,81,249
253,154,376,0,18,141,81,222
1031,103,376,0,18,192,81,273
1012,165,377,0,3,196,16,212
1457,175,377,0,3,186,16,202
330,158,380,0,15,158,64,222
791,167,380,0,15,149,64,213
189,192,381,0,1,179,10,189
582,179,381,0,16,157,45,202
350,179,381,0,16,157,45,202
1564,178,383,0,3,181,24,205
1035,164,383,0,3,195,24,219
1025,140,384,0,19,155,89,244
1159,132,384,0,19,163,89,252
655,177,386,0,4,184,25,209
696,198,386,0,4,163,25,188
1154,192,386,0,4,169,25,194
1230,205,386,0,2,166,15,181
1538,211,386,0,2,160,15,175
1122,165,389,0,16,151,73,224
579,166,389,0,4,193,30,223
867,162,390,0,17,174,54,228
968,176,392,0,4,195,21,216
1597,182,392,0,4,189,21,210
1115,203,392,0,4,168,21,189
1420,213,392,0,4,158,21,179
845,190,397,0,5,171,36,207
1178,177,399,0,5,182,40,222
532,175,399,0,5,184,40,224
1226,186,399,0,5,173,40,213
963,180,401,0,18,156,65,221
905,177,401,0,18,159,65,224
848,149,401,0,17,167,85,252
119,146,401,0,18,190,65,255
1319,175,401,0,18,161,65,226
55,209,402,0,5,162,31,193
479,218,402,0,5,153,31,184
568,137,406,0,18,179,90,269
947,153,406,0,18,163,90,253
394,161,406,0,18,155,90,245
756,201,408,0,7,170,37,207
954,212,408,0,7,159,37,196
937,172,408,0,19,164,72,236
1224,198,408,0,7,173,37,210
475,167,408,0,7,204,37,241
1466,217,408,0,7,154,37,191
609,187,409,0,6,174,48,222
630,197,409,0,6,164,48,212
1236,181,412,0,8,178,53,231
1103,179,412,0,8,180,53,233
1625,182,420,0,7,179,59,238
455,187,420,0,7,174,59,233
1335,190,420,0,8,181,49,230
1008,187,423,0,9,172,64,236
1174,173,423,0,9,186,64,250
132,216,425,0,9,155,54,209
276,192,425,0,9,179,54,233
1640,206,425,0,9,165,54,219
1060,209,425,0,9,162,54,216
541,200,425,0,9,171,54,225
496,177,425,0,8,233,15,248
1302,184,426,0,8,177,65,242
1023,198,426,0,8,163,65,228
504,143,432,0,11,267,22,289
1483,191,432,0,11,219,22,241
450,169,434,0,11,190,75,265
1077,178,434,0,9,183,73,256
275,193,434,0,9,168,73,241
1219,199,434,0,9,162,73,235
1218,156,434,0,9,205,73,278
429,179,434,0,11,180,75,255
765,218,441,0,1,214,9,223
784,188,442,0,12,222,32,254
1251,202,443,0,2,230,11,241
779,182,444,0,15,177,85,262
1063,233,450,0,1,210,7,217
934,230,450,0,1,213,7,220
528,195,451,0,14,215,41,256
772,194,451,0,14,216,41,257
918,220,452,0,2,212,20,232
659,183,455,0,16,176,96,272
248,200,457,0,15,210,47,257
1676,231,457,0,2,212,14,226
422,239,459,0,1,210,10,220
1512,234,459,0,1,215,10,225
67,243,459,0,1,206,10,216
62,238,459,0,1,211,10,221
1617,210,460,0,10,222,28,250
1021,200,460,0,10,232,28,260
143,203,460,0,10,229,28,257
1447,194,460,0,10,238,28,266
1121,162,461,0,17,197,102,299
1390,134,461,0,17,225,102,327
1389,185,461,0,17,174,102,276
802,200,467,0,16,210,57,267
483,220,467,0,3,223,24,247
1162,221,467,0,3,222,24,246
381,187,467,0,16,223,57,280
371,235,467,0,3,208,24,232
640,234,467,0,3,209,24,233
873,191,467,0,16,219,57,276
591,238,467,0,3,205,24,229
1504,196,467,0,16,214,57,271
928,188,469,0,12,244,37,281
690,207,469,0,12,225,37,262
1015,244,470,0,3,205,21,226
1173,235,470,0,3,214,21,235
1381,209,470,0,3,240,21,261
517,196,474,0,10,236,42,278
1486,215,474,0,10,217,42,259
242,219,474,0,10,213,42,255
1107,221,474,0,10,211,42,253
1070,210,474,0,10,222,42,264
387,207,474,0,10,225,42,267
340,149,474,0,19,210,115,325
414,174,474,0,10,258,42,300
74,231,475,0,4,212,32,244
657,234,475,0,4,209,32,241
904,180,475,0,17,230,65,295
740,200,475,0,17,210,65,275
1454,222,475,0,4,221,32,253
880,170,475,0,17,240,65,305
1531,241,479,0,5,208,30,238
1261,244,479,0,5,205,30,235
323,242,479,0,5,207,30,237
134,200,479,0,5,249,30,279
900,194,480,0,18,216,70,286
19,192,480,0,18,218,70,288
744,195,481,0,13,237,49,286
824,202,481,0,13,230,49,279
1612,200,485,0,11,232,53,285
21,218,485,0,11,214,53,267
1130,245,485,0,6,204,36,240
967,217,485,0,6,232,36,268
1188,213,486,0,14,219,54,273
827,212,486,0,14,220,54,274
1525,206,487,0,5,237,44,281
322,235,487,0,5,208,44,252
54,209,487,0,5,234,44,278
1515,193,487,0,19,217,77,294
901,199,487,0,19,211,77,288
1674,194,487,0,19,216,77,293
858,197,487,0,19,213,77,290
1357,228,487,0,5,215,44,259
753,221,490,0,12,211,58,269
809,179,495,0,15,253,63,316
1394,240,496,0,7,209,47,256
1287,231,496,0,7,218,47,265
1286,212,499,0,6,231,56,287
1292,217,499,0,6,226,56,282
621,222,500,0,13,210,68,278
818,164,504,0,16,268,72,340
131,241,504,0,9,208,55,263
1164,191,504,0,16,241,72,313
1087,225,504,0,7,218,61,279
11,222,504,0,9,227,55,282
100,220,504,0,9,229,55,284
1637,210,504,0,16,222,72,294
78,230,504,0,9,219,55,274
155,237,504,0,7,206,61,267
76,237,504,0,9,212,55,267
1391,188,510,0,16,244,78,322
1104,217,510,0,16,215,78,293
995,212,510,0,16,220,78,298
1647,221,513,0,6,282,10,292
1411,213,514,0,17,219,82,301
1377,199,516,0,8,244,73,317
600,193,520,0,17,239,88,327
91,197,522,0,18,235,90,325
598,207,522,0,18,225,90,315
1190,242,522,0,2,270,10,280
114,194,524,0,10,309,21,330
1544,238,524,0,10,265,21,286
1304,205,525,0,18,227,93,320
379,215,525,0,18,217,93,310
1432,193,531,0,19,239,99,338
1186,199,531,0,19,233,99,332
862,254,532,0,1,268,10,278
935,256,532,0,1,266,10,276
1478,202,532,0,19,230,100,330
1651,234,532,0,1,288,10,298
990,224,535,0,11,279,32,311
735,231,535,0,11,272,32,304
493,208,535,0,11,295,32,327
1555,253,538,0,2,269,16,285
919,244,538,0,8,268,26,294
797,258,541,0,1,277,6,283
61,252,541,0,1,283,6,289
5,218,542,0,13,285,39,324
1280,228,542,0,13,275,39,314
1110,250,545,0,3,272,23,295
685,252,545,0,3,270,23,293
1563,239,545,0,3,283,23,306
723,253,545,0,3,269,23,292
60,255,545,0,3,267,23,290
1213,246,545,0,3,276,23,299
412,255,545,0,3,267,23,290
185,258,547,0,2,277,12,289
1577,221,547,0,14,282,44,326
1258,211,549,0,10,301,37,338
1109,238,549,0,10,274,37,311
829,213,554,0,15,290,51,341
615,186,554,0,15,317,51,368
1264,229,554,0,15,274,51,325
1362,241,556,0,11,271,44,315
508,241,556,0,11,271,44,315
160,243,556,0,11,269,44,313
1529,246,557,0,5,276,35,311
1554,260,557,0,3,275,22,297
1455,248,557,0,5,274,35,309
1609,250,557,0,5,272,35,307
272,216,563,0,16,287,60,347
38,235,563,0,16,268,60,328
1091,223,563,0,16,280,60,340
586,267,563,0,1,291,5,296
124,247,565,0,7,275,43,318
1638,251,565,0,7,271,43,314
308,262,568,0,4,273,33,306
1345,228,568,0,12,284,56,340
751,256,568,0,2,301,11,312
128,241,568,0,12,271,56,327
1074,263,568,0,4,272,33,305
1481,262,568,0,4,273,33,306
1595,256,568,0,4,279,33,312
68,253,568,0,4,282,33,315
1619,257,571,0,8,265,49,314
154,251,571,0,8,271,49,320
1328,247,571,0,8,275,49,324
25,234,572,0,17,269,69,338
1539,218,577,0,13,294,65,359
1649,241,577,0,9,281,55,336
240,236,577,0,13,276,65,341
1452,268,577,0,11,290,19,309
1309,261,580,0,5,274,45,319
611,261,580,0,5,274,45,319
1524,259,580,0,5,276,45,321
1456,264,580,0,5,271,45,316
993,237,582,0,18,266,79,345
151,227,582,0,18,276,79,355
288,250,585,0,6,285,50,335
83,240,586,0,14,272,74,346
814,239,586,0,14,273,74,347
468,237,587,0,19,266,84,350
1093,233,587,0,19,270,84,354
754,229,588,0,12,329,30,359
162,262,588,0,12,296,30,326
315,248,590,0,10,309,33,342
974,263,596,0,7,272,61,333
1624,264,596,0,7,271,61,332
575,230,596,0,15,282,84,366
1422,215,596,0,13,343,38,381
2,246,596,0,7,289,61,350
1551,258,596,0,13,300,38,338
13,258,600,0,11,299,43,342
209,218,600,0,11,339,43,382
1682,248,600,0,11,309,43,352
1048,250,600,0,11,307,43,350
1332,260,602,0,8,275,67,342
853,247,602,0,8,288,67,355
1098,274,603,0,1,322,7,329
1373,244,606,0,12,313,49,362
1467,254,606,0,12,303,49,352
428,261,608,0,14,297,50,347
511,243,608,0,16,269,96,365
349,221,608,0,16,291,96,387
281,248,608,0,14,310,50,360
1668,255,609,0,9,280,74,354
357,266,613,0,2,330,17,347
246,224,614,0,17,288,102,390
705,268,618,0,3,328,22,350
1146,232,618,0,13,325,61,386
73,273,618,0,3,323,22,345
388,243,618,0,15,315,60,375
1037,253,618,0,3,343,22,365
876,250,618,0,3,346,22,368
258,233,620,0,18,279,108,387
871,252,623,0,14,305,66,371
1238,271,625,0,3,341,13,354
1566,274,625,0,3,338,13,351
722,255,627,0,16,303,69,372
501,247,627,0,16,311,69,380
427,274,629,0,4,322,33,355
1155,192,630,0,19,320,118,438
1185,245,630,0,19,267,118,385
716,258,632,0,15,299,75,374
681,262,632,0,5,350,20,370
1608,263,632,0,5,349,20,369
1634,270,633,0,1,358,5,363
1336,268,633,0,17,290,75,365
1445,280,633,0,1,348,5,353
1427,271,635,0,5,325,39,364
1584,267,635,0,5,329,39,368
1407,282,638,0,2,346,10,356
1111,255,638,0,16,302,81,383
646,289,638,0,2,339,10,349
230,202,638,0,16,355,81,436
1615,287,638,0,2,341,10,351
1688,251,643,0,18,307,85,392
857,260,643,0,18,298,85,383
163,263,643,0,18,295,85,380
981,261,643,0,18,297,85,382
434,262,644,0,6,334,48,382
1050,270,644,0,6,326,48,374
1268,272,646,0,8,340,34,374
683,246,648,0,17,311,91,402
813,225,648,0,17,332,91,423
1239,266,649,0,19,292,91,383
1417,265,649,0,19,293,91,384
1382,282,649,0,3,346,21,367
1383,281,649,0,3,347,21,368
619,240,649,0,19,318,91,409
1439,264,649,0,19,294,91,385
1453,286,654,0,4,342,26,368
653,287,654,0,4,341,26,367
583,263,656,0,7,333,60,393
693,266,656,0,9,346,44,390
986,257,656,0,7,339,60,399
420,247,657,0,18,310,100,410
881,239,657,0,18,318,100,418
518,247,657,0,18,310,100,410
218,242,657,0,18,315,100,415
1225,286,663,0,5,342,35,377
1102,265,664,0,8,331,68,399
206,246,664,0,8,350,68,418
1203,282,666,0,4,376,8,384
1693,252,667,0,10,360,55,415
1177,242,667,0,10,370,55,425
332,261,667,0,10,351,55,406
1415,241,668,0,19,316,111,427
1270,254,670,0,6,374,42,416
574,275,670,0,6,353,42,395
1085,260,673,0,9,336,77,413
401,269,673,0,9,327,77,404
807,272,673,0,9,324,77,401
1206,270,673,0,9,326,77,403
666,276,673,0,9,320,77,397
1667,279,676,0,10,379,18,397
606,283,676,0,10,375,18,393
1327,286,678,0,7,342,50,392
1533,265,678,0,7,363,50,413
984,255,678,0,11,357,66,423
509,271,678,0,11,341,66,407
1133,286,678,0,7,342,50,392
883,285,684,0,8,343,56,399
921,284,684,0,8,344,56,400
1295,278,684,0,8,350,56,406
202,249,687,0,11,409,29,438
1095,282,687,0,11,376,29,405
860,260,687,0,11,398,29,427
1633,286,688,0,1,392,10,402
1205,277,689,0,9,351,61,412
844,279,689,0,9,349,61,410
377,270,690,0,12,342,78,420
356,287,695,0,2,391,17,408
123,289,695,0,2,389,17,406
545,268,695,0,13,344,83,427
327,289,695,0,2,389,17,406
40,281,696,0,1,410,5,415
32,263,698,0,12,395,40,435
1570,280,698,0,12,378,40,418
10,273,698,0,12,385,40,425
1046,300,699,0,2,393,6,399
1540,237,705,0,13,421,47,468
1546,285,705,0,2,406,14,420
1089,276,706,0,14,336,94,430
1665,258,706,0,4,435,13,448
878,278,710,0,14,380,52,432
1088,281,710,0,14,377,52,429
1260,300,711,0,5,393,18,411
531,301,711,0,5,392,18,410
488,295,711,0,5,398,18,416
926,291,711,0,5,402,18,420
1471,265,712,0,16,347,100,447
1100,307,714,0,1,396,11,407
1240,307,714,0,1,396,11,407
1255,288,715,0,11,390,37,427
1683,288,715,0,11,390,37,427
989,279,716,0,15,379,58,437
1493,295,716,0,6,398,23,421
435,291,716,0,6,402,23,425
738,293,716,0,6,400,23,423
930,281,716,0,15,377,58,435
343,302,719,0,2,401,16,417
195,301,719,0,2,402,16,418
1419,269,721,0,12,409,43,452
1627,282,721,0,12,396,43,439
138,270,721,0,17,342,109,451
996,283,724,0,16,375,66,441
1414,269,724,0,16,389,66,455
1166,267,724,0,16,391,66,457
992,269,726,0,18,343,114,457
1315,223,726,0,18,389,114,503
782,248,726,0,18,364,114,478
1349,259,726,0,18,353,114,467
1161,293,727,0,7,400,34,434
1616,286,727,0,10,405,36,441
1041,292,727,0,7,401,34,435
398,296,727,0,7,397,34,431
1443,298,727,0,7,395,34,429
1397,286,727,0,7,407,34,441
1288,289,727,0,7,404,34,438
370,291,729,0,3,412,26,438
1321,295,729,0,3,408,26,434
1172,292,729,0,3,411,26,437
1458,304,729,0,3,399,26,425
193,261,732,0,14,417,54,471
191,284,732,0,14,394,54,448
89,264,733,0,11,427,42,469
465,298,734,0,8,395,41,436
991,282,734,0,8,411,41,452
71,301,734,0,8,392,41,433
172,276,734,0,8,417,41,458
1671,277,735,0,17,381,77,458
837,279,737,0,15,399,59,458
1401,272,737,0,15,406,59,465
255,285,737,0,15,393,59,452
917,292,739,0,12,399,48,447
1643,287,741,0,4,416,38,454
1119,300,741,0,4,403,38,441
1428,299,742,0,9,394,49,443
109,289,744,0,16,389,66,455
1472,277,744,0,16,401,66,467
924,282,744,0,16,396,66,462
1636,283,744,0,16,395,66,461
1305,244,744,0,16,434,66,500
374,290,746,0,13,401,55,456
1475,271,747,0,19,387,89,476
1626,282,747,0,19,376,89,465
139,280,750,0,17,398,72,470
1527,302,752,0,5,401,49,450
1575,299,752,0,5,404,49,453
1526,308,752,0,5,395,49,444
37,287,755,0,14,404,64,468
979,294,755,0,14,397,64,461
856,285,756,0,18,393,78,471
329,304,760,0,6,399,57,456
1269,307,763,0,6,445,11,456
228,283,764,0,15,408,73,481
267,291,764,0,15,400,73,473
256,293,764,0,15,398,73,471
822,313,765,0,1,444,8,452
1518,311,771,0,7,392,68,460
1214,298,771,0,7,405,68,473
820,315,773,0,2,442,16,458
994,296,776,0,16,395,85,480
1359,301,777,0,10,451,25,476
897,297,777,0,10,455,25,480
672,295,777,0,10,457,25,482
1235,311,777,0,8,392,74,466
196,291,777,0,8,412,74,486
801,270,777,0,10,482,25,507
1170,311,783,0,3,446,26,472
1013,319,783,0,3,438,26,464
438,314,783,0,3,443,26,469
770,292,785,0,17,399,94,493
1490,293,785,0,17,398,94,492
1679,314,785,0,2,462,9,471
1271,293,785,0,17,398,94,492
933,318,786,0,1,460,8,468
557,319,786,0,1,459,8,467
578,312,786,0,1,466,8,474
1497,288,789,0,11,464,37,501
280,303,789,0,9,400,86,486
1030,308,789,0,9,395,86,481
1508,292,793,0,18,399,102,501
1306,291,793,0,18,400,102,502
217,295,793,0,18,396,102,498
1485,308,794,0,4,449,37,486
1484,318,794,0,4,439,37,476
647,319,795,0,2,459,17,476
165,293,796,0,12,459,44,503
366,296,796,0,12,456,44,500
1543,311,799,0,10,465,23,488
851,315,799,0,10,461,23,484
1476,278,800,0,19,413,109,522
893,288,800,0,19,403,109,512
734,300,804,0,11,476,28,504
1047,308,804,0,11,468,28,496
530,316,805,0,5,441,48,489
1685,309,805,0,5,448,48,496
351,304,805,0,13,448,53,501
56,317,805,0,5,440,48,488
17,308,805,0,5,449,48,497
487,303,805,0,5,454,48,502
1131,302,810,0,6,455,53,508
1492,318,810,0,6,439,53,492
752,292,810,0,12,484,34,518
1658,311,810,0,6,446,53,499
201,325,812,0,1,482,5,487
234,332,812,0,1,475,5,480
932,324,812,0,1,483,5,488
1108,324,815,0,10,454,37,491
1034,304,816,0,14,472,40,512
976,295,816,0,14,481,40,521
1289,303,818,0,15,449,66,515
810,304,818,0,15,448,66,514
1158,300,818,0,15,452,66,518
1273,311,819,0,3,496,12,508
710,330,819,0,3,477,12,489
307,299,820,0,7,458,63,521
768,312,820,0,7,445,63,508
1376,315,823,0,15,461,47,508
988,312,823,0,15,464,47,511
1157,297,823,0,15,479,47,526
1318,318,824,0,11,460,46,506
1591,285,824,0,11,493,46,539
733,313,824,0,11,465,46,511
1421,331,825,0,4,476,18,494
951,335,825,0,4,472,18,490
1480,334,825,0,4,473,18,491
1039,302,826,0,17,450,74,524
82,291,826,0,17,461,74,535
1646,299,826,0,17,453,74,527
171,314,829,0,8,443,72,515
1296,316,829,0,8,441,72,513
821,312,830,0,16,464,54,518
694,280,830,0,16,496,54,550
915,316,830,0,16,460,54,514
294,309,830,0,16,467,54,521
676,292,831,0,18,460,79,539
597,297,831,0,18,455,79,534
299,304,831,0,18,448,79,527
1179,329,834,0,5,478,27,505
764,329,834,0,1,495,10,505
405,321,834,0,5,486,27,513
367,322,834,0,12,456,56,512
1153,322,834,0,5,485,27,512
1228,314,834,0,5,493,27,520
344,332,834,0,1,492,10,502
1528,334,834,0,5,473,27,500
29,308,834,0,12,470,56,526
1120,314,835,0,17,462,59,521
692,312,839,0,9,445,82,527
243,311,840,0,18,465,64,529
238,320,840,0,13,458,62,520
87,289,840,0,18,487,64,551
1092,321,840,0,13,457,62,519
1083,299,841,0,19,453,89,542
432,284,841,0,19,468,89,557
525,334,842,0,2,490,18,508
1341,332,843,0,6,475,36,511
458,333,843,0,6,474,36,510
1323,327,843,0,6,480,36,516
190,315,847,0,14,463,69,532
635,317,847,0,14,461,69,530
36,299,847,0,14,479,69,548
1232,313,850,0,19,463,74,537
859,302,850,0,19,474,74,548
1156,338,853,0,7,469,46,515
306,329,853,0,7,478,46,524
30,322,858,0,8,485,51,536
1694,322,860,0,16,456,82,538
760,316,860,0,16,462,82,544
983,352,863,0,1,504,7,511
603,346,863,0,1,510,7,517
634,292,866,0,10,532,42,574
535,319,866,0,10,505,42,547
169,318,866,0,10,506,42,548
211,322,866,0,18,456,88,544
1011,330,869,0,9,477,62,539
1541,328,870,0,2,528,14,542
1581,353,870,0,2,503,14,517
311,342,870,0,2,514,14,528
57,346,870,0,2,510,14,524
94,340,870,0,2,516,14,530
1361,304,871,0,19,474,93,567
1433,294,871,0,19,484,93,577
558,339,875,0,1,530,6,536
866,310,877,0,11,514,53,567
527,327,877,0,11,497,53,550
485,311,877,0,4,545,21,566
98,325,885,0,12,499,61,560
1574,333,885,0,12,491,61,552
63,334,885,0,12,490,61,551
587,348,886,0,2,521,17,538
1005,340,887,0,1,536,11,547
602,347,889,0,5,509,33,542
1180,321,889,0,5,535,33,568
1565,345,892,0,3,524,23,547
424,356,895,0,1,533,6,539
318,353,895,0,1,536,6,542
1067,353,896,0,2,523,20,543
891,330,897,0,13,494,73,567
444,300,897,0,13,524,73,597
223,340,899,0,6,516,43,559
199,336,899,0,6,520,43,563
1613,345,899,0,6,511,43,554
949,341,899,0,6,515,43,558
289,349,899,0,6,507,43,550
457,331,899,0,6,525,43,568
186,360,902,0,2,529,13,542
649,362,902,0,2,527,13,540
1010,342,902,0,9,527,33,560
922,371,902,0,2,518,13,531
648,356,902,0,2,533,13,546
573,353,905,0,6,523,29,552
1604,324,906,0,16,500,82,582
1657,340,909,0,7,516,53,569
404,339,909,0,7,517,53,570
1040,347,909,0,7,509,53,562
686,368,913,0,3,521,24,545
664,317,913,0,17,507,89,596
662,346,913,0,11,523,44,567
1283,325,913,0,11,544,44,588
448,363,913,0,10,535,15,550
724,357,913,0,3,532,24,556
12,330,913,0,17,494,89,583
1193,340,913,0,11,529,44,573
846,355,913,0,3,534,24,558
95,338,913,0,11,531,44,575
481,315,913,0,11,554,44,598
14,334,913,0,11,535,44,579
1594,347,917,0,8,529,41,570
1463,330,920,0,9,526,64,590
1628,340,922,0,12,529,53,582
1571,333,922,0,12,536,53,589
1094,356,922,0,11,542,24,566
1592,364,922,0,11,534,24,558
1496,346,922,0,11,552,24,576
1254,353,922,0,11,545,24,569
998,359,923,0,4,530,34,564
141,355,923,0,9,521,47,568
75,373,923,0,4,516,34,550
569,320,923,0,18,504,99,603
953,337,929,0,10,539,53,592
1026,334,929,0,10,542,53,595
1358,305,929,0,10,571,53,624
33,318,930,0,12,580,32,612
940,332,930,0,12,566,32,598
1365,322,930,0,13,547,61,608
680,369,933,0,5,520,44,564
1167,349,933,0,5,540,44,584
52,322,935,0,19,502,111,613
758,313,935,0,19,511,111,622
730,358,935,0,13,540,37,577
375,365,935,0,13,533,37,570
467,331,935,0,19,493,111,604
622,359,935,0,13,539,37,576
633,320,936,0,11,556,60,616
192,359,940,0,14,539,42,581
359,330,941,0,12,546,65,611
576,331,942,0,15,538,73,611
200,366,943,0,6,523,54,577
328,370,943,0,6,519,54,573
516,369,944,0,1,566,9,575
1656,355,949,0,7,534,60,594
788,372,949,0,7,517,60,577
745,348,950,0,13,528,74,602
145,355,950,0,15,543,52,595
472,341,950,0,16,528,81,609
18,352,950,0,15,546,52,598
717,338,950,0,15,560,52,612
1045,383,953,0,2,552,18,570
418,382,953,0,2,553,18,571
565,352,957,0,14,524,81,605
442,367,957,0,8,522,68,590
1064,381,958,0,3,554,23,577
639,371,958,0,3,564,23,587
1105,365,960,0,16,533,62,595
833,347,961,0,17,522,92,614
1412,346,961,0,17,523,92,615
1511,341,964,0,15,535,88,623
1653,356,965,0,9,533,76,609
1450,371,965,0,9,518,76,594
776,380,966,0,4,555,31,586
486,386,966,0,4,549,31,580
1207,337,968,0,18,532,99,631
1253,297,968,0,18,572,99,671
1351,379,970,0,2,585,6,591
1449,342,972,0,17,556,74,630
456,366,972,0,17,532,74,606
39,353,975,0,16,523,99,622
335,363,976,0,5,572,41,613
1181,359,976,0,5,576,41,617
885,379,976,0,5,556,41,597
1426,348,978,0,18,550,80,630
150,360,978,0,18,538,80,618
305,318,980,0,19,551,111,662
534,342,983,0,17,534,107,641
1520,371,984,0,6,564,49,613
1660,367,984,0,6,568,49,617
564,360,984,0,6,575,49,624
1360,357,988,0,19,541,90,631
781,398,989,0,1,586,5,591
346,394,989,0,1,590,5,595
136,355,989,0,18,521,113,634
208,349,989,0,18,527,113,640
882,346,989,0,18,530,113,643
1016,401,989,0,1,583,5,588
90,352,989,0,18,524,113,637
742,389,989,0,1,595,5,600
549,349,989,0,18,527,113,640
982,388,989,0,1,596,5,601
1460,383,990,0,10,581,26,607
1385,356,990,0,10,608,26,634
1395,354,995,0,7,581,60,641
1215,386,995,0,7,549,60,609
973,393,997,0,2,591,13,604
482,367,1002,0,11,597,38,635
1275,373,1002,0,11,591,38,629
706,357,1003,0,8,578,68,646
72,383,1003,0,8,552,68,620
1043,388,1003,0,8,547,68,615
896,387,1009,0,3,597,25,622
247,392,1009,0,3,592,25,617
593,380,1009,0,3,604,25,629
1380,398,1009,0,3,586,25,611
1242,374,1011,0,12,590,47,637
1118,383,1014,0,4,601,30,631
292,400,1014,0,4,584,30,614
1182,375,1015,0,9,560,80,640
1648,384,1015,0,9,551,80,631
0,394,1017,0,2,612,11,623
1587,373,1021,0,5,611,37,648
1308,400,1021,0,5,584,37,621
561,360,1022,0,13,604,58,662
689,348,1022,0,13,616,58,674
250,364,1022,0,13,600,58,658
66,406,1025,0,3,610,9,619
325,384,1027,0,5,622,21,643
1530,389,1027,0,5,617,21,638
170,367,1030,0,10,645,18,663
142,391,1030,0,10,621,18,639
386,381,1030,0,10,631,18,649
1550,345,1030,0,10,667,18,685
668,400,1031,0,5,616,15,631
667,407,1031,0,5,609,15,624
1659,399,1032,0,6,585,48,633
1424,382,1032,0,14,582,68,650
50,399,1032,0,6,585,48,633
1489,408,1037,0,6,608,21,629
780,419,1037,0,1,613,5,618
1532,396,1040,0,7,588,56,644
449,399,1040,0,11,613,28,641
731,393,1040,0,10,613,34,647
1,391,1040,0,7,593,56,649
952,389,1040,0,10,617,34,651
440,358,1043,0,15,606,79,685
437,385,1046,0,8,599,62,661
1049,413,1048,0,4,619,16,635
446,405,1048,0,7,611,32,643
309,405,1048,0,4,627,16,643
1503,324,1048,0,16,640,84,724
695,340,1048,0,16,624,84,708
1695,367,1048,0,16,597,84,681
231,370,1048,0,16,594,84,678
1279,406,1048,0,7,610,32,642
552,420,1048,0,4,612,16,628
1666,401,1048,0,4,631,16,647
1494,418,1048,0,4,614,16,630
1138,335,1049,0,11,671,43,714
1200,374,1049,0,11,632,43,675
339,380,1049,0,11,626,43,669
338,366,1049,0,11,640,43,683
1201,386,1049,0,11,620,43,663
181,403,1049,0,12,609,37,646
1464,400,1056,0,9,584,72,656
1690,411,1057,0,6,621,25,646
27,414,1057,0,6,618,25,643
362,389,1057,0,6,643,25,668
99,368,1057,0,12,638,51,689
1322,417,1057,0,6,615,25,640
300,353,1058,0,17,611,94,705
368,374,1058,0,17,590,94,684
1198,381,1058,0,17,583,94,677
149,365,1058,0,17,599,94,693
1282,401,1060,0,9,615,44,659
260,399,1061,0,13,613,49,662
1364,391,1064,0,13,615,58,673
262,351,1064,0,13,655,58,713
443,362,1064,0,13,644,58,702
732,399,1065,0,10,617,49,666
1272,395,1066,0,14,617,54,671
265,387,1066,0,14,625,54,679
1370,401,1066,0,14,611,54,665
704,393,1066,0,14,619,54,673
1423,394,1066,0,14,618,54,672
205,368,1067,0,18,596,103,699
1593,416,1068,0,7,616,36,652
461,418,1068,0,7,614,36,650
736,390,1073,0,11,626,57,683
1440,395,1073,0,11,621,57,678
232,355,1073,0,11,661,57,718
436,423,1076,0,8,609,44,653
1474,407,1076,0,8,625,44,669
1514,358,1076,0,14,648,70,718
207,407,1076,0,8,625,44,669
108,397,1077,0,16,615,65,680
237,429,1077,0,1,641,7,648
803,400,1077,0,16,612,65,677
464,424,1077,0,1,646,7,653
741,423,1077,0,1,647,7,654
761,402,1077,0,16,610,65,675
581,359,1077,0,16,653,65,718
886,385,1080,0,13,631,64,695
1001,368,1080,0,13,648,64,712
47,395,1084,0,15,611,78,689
711,393,1084,0,15,613,78,691
284,387,1084,0,15,619,78,697
1673,416,1085,0,9,616,53,669
566,409,1085,0,14,607,69,676
665,415,1085,0,9,617,53,670
1216,411,1085,0,9,621,53,674
843,413,1085,0,9,619,53,672
77,422,1085,0,9,610,53,663
1576,373,1087,0,17,639,75,714
1320,415,1089,0,3,655,19,674
212,371,1092,0,18,635,86,721
213,391,1092,0,18,615,86,701
1027,405,1094,0,15,611,78,689
46,402,1094,0,15,614,78,692
1482,418,1098,0,4,652,28,680
697,426,1098,0,4,644,28,672
252,389,1098,0,18,623,86,709
1398,418,1098,0,4,652,28,680
678,413,1103,0,5,657,33,690
1325,432,1103,0,5,638,33,671
799,420,1103,0,5,650,33,683
544,403,1105,0,16,613,89,702
241,418,1107,0,10,673,16,689
643,401,1107,0,19,611,95,706
1461,398,1107,0,10,693,16,709
425,422,1107,0,10,669,16,685
642,402,1107,0,19,610,95,705
270,409,1114,0,6,661,44,705
1501,439,1114,0,1,665,10,675
269,411,1114,0,6,659,44,703
1293,432,1114,0,6,638,44,682
49,445,1114,0,1,659,10,669
1366,429,1114,0,6,641,44,685
971,407,1115,0,18,609,99,708
1051,393,1115,0,18,623,99,722
408,416,1119,0,11,675,28,703
1303,407,1119,0,11,684,28,712
291,425,1120,0,7,645,50,695
872,411,1124,0,12,680,33,713
588,449,1124,0,2,655,20,675
7,418,1124,0,12,673,33,706
794,401,1125,0,19,615,109,724
1000,413,1130,0,13,678,39,717
830,429,1132,0,8,641,62,703
1379,411,1132,0,8,659,62,721
792,424,1132,0,8,646,62,708
214,436,1133,0,3,668,29,697
278,437,1133,0,3,667,29,696
1065,430,1133,0,1,692,11,703
912,428,1137,0,9,642,67,709
1183,427,1137,0,9,643,67,710
977,393,1142,0,14,698,51,749
701,438,1145,0,4,666,41,707
1202,432,1145,0,4,672,41,713
1602,444,1145,0,4,660,41,701
385,420,1145,0,4,684,41,725
1598,427,1145,0,4,677,41,718
1044,441,1145,0,4,663,41,704
728,434,1148,0,10,699,15,714
507,365,1148,0,15,726,57,783
631,426,1151,0,6,678,47,725
1505,437,1151,0,6,667,47,714
1081,429,1151,0,6,675,47,722
1192,440,1153,0,11,682,31,713
1284,435,1153,0,11,687,31,718
948,412,1153,0,11,710,31,741
161,404,1153,0,11,718,31,749
1191,437,1153,0,11,685,31,716
1312,444,1154,0,11,689,21,710
1210,413,1154,0,11,720,21,741
1661,421,1154,0,11,712,21,733
864,424,1158,0,16,667,67,734
543,416,1158,0,16,675,67,742
476,441,1158,0,7,663,54,717
264,429,1158,0,7,675,54,729
743,421,1158,0,16,670,67,737
1468,449,1159,0,12,684,26,710
749,436,1161,0,2,717,8,725
1097,458,1162,0,1,696,8,704
1629,417,1163,0,12,705,41,746
302,406,1163,0,17,685,72,757
1654,433,1163,0,12,689,41,730
1068,409,1163,0,12,713,41,754
624,418,1163,0,12,704,41,745
669,403,1163,0,17,688,72,760
975,450,1166,0,14,683,33,716
1590,427,1166,0,14,706,33,739
1189,453,1167,0,2,701,13,714
1245,446,1168,0,8,658,64,722
682,417,1169,0,18,674,78,752
1314,415,1169,0,18,676,78,754
1400,423,1170,0,14,699,48,747
884,429,1174,0,5,724,21,745
53,452,1174,0,5,701,21,722
737,395,1175,0,15,738,42,780
766,409,1175,0,19,682,84,766
1160,400,1175,0,19,691,84,775
1209,443,1175,0,15,690,42,732
1477,420,1175,0,19,671,84,755
1029,442,1177,0,9,662,73,735
638,450,1177,0,3,704,23,727
1548,465,1177,0,3,689,23,712
176,448,1177,0,9,656,73,729
215,457,1177,0,3,697,23,720
847,472,1177,0,3,682,23,705
1339,374,1177,0,15,748,55,803
913,424,1177,0,9,680,73,753
1393,415,1177,0,15,707,55,762
1547,463,1177,0,3,691,23,714
523,465,1177,0,3,689,23,712
1090,451,1180,0,6,702,27,729
144,449,1180,0,6,704,27,731
274,448,1183,0,16,685,50,735
271,446,1183,0,16,687,50,737
1204,448,1183,0,16,685,50,735
927,441,1183,0,16,692,50,742
1136,427,1184,0,16,695,62,757
898,399,1184,0,16,723,62,785
1553,441,1188,0,9,712,35,747
426,460,1189,0,4,694,35,729
533,418,1193,0,17,715,60,775
1199,421,1193,0,17,701,71,772
945,438,1193,0,17,684,71,755
480,442,1193,0,17,691,60,751
868,427,1193,0,17,695,71,766
333,448,1197,0,10,705,44,749
1491,457,1199,0,6,697,45,742
51,459,1199,0,6,695,45,740
423,479,1201,0,1,714,8,722
236,474,1201,0,1,719,8,727
1135,478,1201,0,1,715,8,723
261,465,1201,0,1,728,8,736
473,424,1202,0,18,698,80,778
961,424,1202,0,18,698,80,778
964,439,1204,0,18,694,71,765
836,453,1207,0,12,700,54,754
572,482,1208,0,2,711,15,726
1396,442,1210,0,7,712,56,768
584,468,1210,0,7,686,56,742
769,451,1210,0,7,703,56,759
1675,445,1213,0,19,688,80,768
757,442,1213,0,19,691,80,771
796,406,1213,0,19,727,80,807
832,424,1213,0,19,709,80,789
1249,453,1214,0,2,751,10,761
651,455,1217,0,8,699,63,762
1114,432,1217,0,8,722,63,785
1344,455,1219,0,13,698,66,764
540,416,1219,0,13,737,66,803
353,455,1219,0,13,698,66,764
875,438,1220,0,3,755,27,782
1212,475,1220,0,3,718,27,745
1278,444,1226,0,14,709,73,782
1469,454,1226,0,14,699,73,772
870,442,1226,0,14,711,73,784
64,463,1228,0,9,691,74,765
594,474,1228,0,9,680,74,754
1567,458,1228,0,9,696,74,770
1059,454,1228,0,9,700,74,774
369,486,1229,0,4,707,36,743
1316,479,1229,0,4,714,36,750
415,426,1234,0,10,778,30,808
1343,453,1236,0,15,700,83,783
790,450,1236,0,15,703,83,786
577,476,1237,0,1,756,5,761
334,484,1239,0,5,709,46,755
129,473,1239,0,5,720,46,766
774,455,1239,0,5,738,46,784
923,401,1241,0,16,752,88,840
909,466,1243,0,11,738,39,777
746,484,1245,0,3,748,13,761
319,487,1247,0,1,753,7,760
188,490,1247,0,1,750,7,757
658,455,1251,0,17,698,98,796
849,424,1251,0,17,729,98,827
203,461,1251,0,6,732,58,790
69,457,1251,0,6,736,58,794
1670,445,1251,0,17,708,98,806
539,455,1256,0,13,749,52,801
1002,448,1256,0,13,756,52,808
361,479,1257,0,6,753,25,778
417,500,1258,0,1,749,9,758
1465,453,1258,0,7,740,65,805
850,455,1258,0,7,738,65,803
1101,503,1258,0,1,746,9,755
355,512,1258,0,1,737,9,746
673,501,1258,0,1,748,9,757
210,484,1258,0,7,709,65,774
841,489,1259,0,2,751,19,770
1557,496,1259,0,2,744,19,763
93,465,1265,0,14,739,61,800
1169,458,1268,0,8,735,75,810
153,482,1268,0,8,711,75,786
804,474,1268,0,8,758,36,794
1569,499,1270,0,2,750,21,771
174,460,1274,0,9,733,81,814
1342,411,1274,0,15,793,70,863
310,462,1274,0,15,742,70,812
1509,473,1274,0,15,731,70,801
1559,456,1277,0,10,784,37,821
522,499,1277,0,3,750,28,778
1459,507,1277,0,3,742,28,770
1274,457,1277,0,3,792,28,820
337,466,1280,0,11,766,48,814
354,501,1284,0,1,772,11,783
714,505,1284,0,1,768,11,779
721,464,1285,0,16,740,81,821
1600,470,1285,0,16,734,81,815
1123,463,1285,0,16,741,81,822
660,460,1285,0,16,744,81,825
1184,512,1286,0,4,737,37,774
1262,500,1286,0,4,749,37,786
1147,448,1287,0,12,784,55,839
249,455,1287,0,12,777,55,832
407,485,1289,0,11,755,49,804
23,460,1289,0,11,780,49,829
708,491,1292,0,5,758,43,801
137,458,1295,0,17,746,91,837
1072,444,1295,0,17,760,91,851
277,497,1296,0,3,776,23,799
1560,468,1297,0,13,764,65,829
390,476,1298,0,12,764,58,822
1442,492,1301,0,7,757,52,809
888,488,1302,0,1,805,9,814
259,457,1303,0,18,747,99,846
560,461,1303,0,18,743,99,842
266,457,1305,0,14,775,73,848
184,470,1305,0,14,762,73,835
679,491,1306,0,5,782,33,815
1677,529,1307,0,2,764,14,778
1143,529,1307,0,2,764,14,778
1250,515,1307,0,2,778,14,792
1229,525,1307,0,2,768,14,782
352,497,1308,0,13,743,68,811
1347,475,1308,0,13,765,68,833
1416,468,1309,0,19,736,105,841
892,473,1309,0,19,731,105,836
890,468,1309,0,19,736,105,841
1333,496,1310,0,8,753,61,814
1663,486,1310,0,8,763,61,824
227,464,1311,0,15,768,79,847
811,481,1311,0,15,751,79,830
537,535,1315,0,3,758,22,780
1082,493,1315,0,6,780,42,822
1586,514,1315,0,3,779,22,801
1004,505,1319,0,9,744,70,814
336,489,1319,0,9,760,70,830
1652,510,1319,0,9,739,70,809
1003,478,1319,0,9,771,70,841
1669,513,1319,0,9,736,70,806
571,512,1319,0,9,737,70,807
382,498,1320,0,14,742,80,822
854,494,1320,0,14,746,80,826
863,462,1322,0,16,770,90,860
1310,480,1322,0,7,793,49,842
1596,519,1324,0,4,774,31,805
1058,539,1324,0,4,754,31,785
1195,507,1329,0,8,766,56,822
677,473,1331,0,17,759,99,858
547,482,1331,0,17,750,99,849
718,418,1331,0,17,814,99,913
506,464,1332,0,15,776,92,868
1413,473,1332,0,15,767,92,859
1340,532,1335,0,6,761,42,803
1244,511,1337,0,11,762,64,826
164,474,1339,0,18,758,107,865
1338,478,1339,0,18,754,107,861
120,459,1339,0,18,773,107,880
1353,491,1341,0,16,749,101,850
712,498,1341,0,16,742,101,843
1399,542,1343,0,7,751,50,801
787,530,1343,0,7,763,50,813
360,451,1344,0,12,822,71,893
835,513,1344,0,12,760,71,831
1655,499,1344,0,12,774,71,845
902,476,1346,0,19,756,114,870
1038,491,1347,0,17,749,107,856
839,526,1348,0,1,810,12,822
1096,559,1348,0,1,777,12,789
817,524,1348,0,1,812,12,824
1578,485,1353,0,14,788,80,868
251,512,1353,0,14,761,80,841
1300,489,1353,0,14,784,80,864
1378,538,1355,0,8,755,62,817
105,524,1355,0,8,769,62,831
1042,534,1355,0,8,759,62,821
519,482,1356,0,18,758,116,874
204,443,1356,0,18,797,116,913
613,534,1356,0,10,802,20,822
48,529,1357,0,2,807,21,828
1388,519,1357,0,2,817,21,838
806,541,1361,0,9,752,68,820
459,511,1361,0,9,782,68,850
26,519,1361,0,9,774,68,842
595,537,1361,0,9,756,68,824
175,501,1361,0,9,792,68,860
1222,469,1362,0,19,771,122,893
146,500,1364,0,15,773,91,864
1148,523,1364,0,12,813,28,841
1020,521,1364,0,12,815,28,843
365,500,1364,0,12,836,28,864
378,498,1364,0,12,838,28,866
9,512,1364,0,12,824,28,852
625,544,1365,0,3,792,29,821
713,467,1369,0,16,806,96,902
1642,535,1370,0,4,801,34,835
113,476,1376,0,13,860,40,900
1281,520,1376,0,13,816,40,856
550,536,1376,0,13,800,40,840
729,533,1376,0,13,803,40,843
1521,512,1378,0,6,824,42,866
1488,555,1378,0,6,781,42,823
1568,474,1380,0,17,799,107,906
719,508,1380,0,17,765,107,872
826,530,1381,0,14,806,45,851
978,513,1381,0,14,823,45,868
842,545,1384,0,2,829,10,839
1444,598,1384,0,1,781,5,786
510,563,1385,0,7,773,49,822
969,563,1385,0,7,773,49,822
1132,498,1387,0,18,775,114,889
1614,563,1391,0,2,817,11,828
1545,600,1391,0,2,779,12,791
750,546,1391,0,2,833,12,845
505,517,1392,0,15,819,56,875
831,546,1393,0,8,790,57,847
1168,558,1393,0,8,778,57,835
1334,533,1393,0,8,803,57,860
1620,531,1393,0,8,805,57,862
652,551,1393,0,8,785,57,842
852,515,1393,0,8,821,57,878
720,538,1393,0,8,798,57,855
460,503,1394,0,19,770,121,891
1556,574,1395,0,2,815,6,821
471,527,1397,0,16,809,61,870
610,463,1397,0,16,873,61,934
747,596,1400,0,4,783,21,804
702,516,1400,0,4,863,21,884
484,566,1400,0,4,813,21,834
402,562,1401,0,9,774,65,839
542,547,1401,0,9,789,65,854
715,529,1401,0,9,845,27,872
194,563,1406,0,5,816,27,843
962,494,1406,0,18,842,70,912
421,505,1406,0,18,831,70,901
1324,594,1406,0,5,785,27,812
727,492,1408,0,10,882,34,916
463,576,1412,0,10,813,23,836
1446,555,1412,0,10,834,23,857
1487,483,1412,0,10,906,23,929
553,581,1414,0,6,798,35,833
1234,524,1414,0,19,812,78,890
828,528,1414,0,19,808,78,886
1664,490,1414,0,19,846,78,924
1194,549,1420,0,11,825,46,871
245,504,1421,0,11,885,32,917
985,570,1421,0,11,819,32,851
290,572,1425,0,7,807,46,853
474,570,1425,0,7,809,46,855
397,562,1425,0,7,817,46,863
1517,595,1425,0,7,784,46,830
1639,573,1425,0,7,806,46,852
1410,547,1426,0,12,827,52,879
755,522,1428,0,12,867,39,906
1601,597,1429,0,4,823,9,832
1588,582,1431,0,1,837,12,849
326,565,1436,0,8,814,57,871
798,591,1436,0,8,788,57,845
960,499,1438,0,13,875,64,939
1291,595,1439,0,6,824,20,844
112,559,1440,0,13,830,51,881
959,561,1440,0,13,828,51,879
1650,529,1440,0,13,860,51,911
1644,598,1445,0,4,821,26,847
373,569,1447,0,9,810,68,878
1086,519,1447,0,9,861,67,928
1217,572,1447,0,9,807,68,875
126,558,1450,0,14,831,61,892
1267,527,1450,0,14,847,76,923
855,572,1450,0,14,817,61,878
1384,547,1450,0,14,842,61,903
637,552,1450,0,14,822,76,898
567,594,1456,0,5,825,37,862
462,557,1457,0,10,883,17,900
148,517,1458,0,15,857,84,941
439,543,1458,0,15,831,84,915
225,575,1463,0,16,814,74,888
445,572,1466,0,7,847,47,894
431,583,1466,0,11,857,26,883
226,538,1469,0,16,836,95,931
79,588,1475,0,11,831,56,887
503,570,1475,0,11,849,56,905
1006,555,1475,0,11,864,56,920
908,544,1475,0,11,875,56,931
301,543,1475,0,17,846,86,932
1326,534,1475,0,17,855,86,941
58,537,1476,0,17,837,102,939
617,508,1476,0,17,866,102,968
739,543,1476,0,17,831,102,933
1071,534,1476,0,17,840,102,942
1645,520,1476,0,17,854,102,956
546,513,1476,0,17,861,102,963
1137,579,1478,0,12,861,38,899
691,600,1478,0,12,841,37,878
1573,588,1478,0,12,854,36,890
152,555,1481,0,18,834,92,926
106,568,1485,0,14,872,45,917
130,531,1485,0,14,909,45,954
618,570,1486,0,19,819,97,916
1241,575,1486,0,12,844,67,911
778,580,1486,0,12,839,67,906
789,513,1486,0,12,907,66,973
1106,539,1486,0,19,850,97,947
793,566,1486,0,19,823,97,920
1231,524,1489,0,19,850,115,965
795,473,1489,0,19,901,115,1016
304,539,1489,0,19,835,115,950
965,573,1493,0,16,867,53,920
273,559,1493,0,16,883,51,934
819,570,1493,0,16,871,52,923
1165,549,1493,0,16,892,52,944
1374,596,1496,0,15,823,77,900
1375,589,1496,0,15,830,77,907
616,580,1503,0,17,861,62,923
771,578,1507,0,17,841,88,929
1337,576,1512,0,18,867,69,936
1256,590,1512,0,18,850,72,922
1689,564,1516,0,18,855,97,952
559,542,1516,0,18,878,96,974
1032,497,1516,0,18,922,97,1019
580,537,1516,0,18,882,97,979
1317,558,1516,0,18,861,97,958
612,524,1526,0,19,895,107,1002
