482,4,11,0,1,1,6,7
76,5,11,0,1,1,5,6
1075,0,11,0,1,2,9,11
835,5,13,0,1,1,7,8
819,13,16,0,1,1,2,3
836,12,16,0,1,1,3,4
481,12,16,0,1,1,3,4
194,16,22,0,3,2,4,6
290,6,22,0,2,1,15,16
8,8,22,0,2,1,13,14
932,11,22,0,3,1,10,11
849,12,24,0,2,1,11,12
13,19,24,0,1,2,3,5
942,21,24,0,1,1,2,3
1093,19,24,0,1,1,4,5
148,16,28,0,4,1,11,12
720,16,28,0,4,1,11,12
721,16,28,0,4,1,11,12
674,14,30,0,10,1,15,16
164,8,30,0,3,1,21,22
963,10,35,0,4,1,24,25
97,8,36,0,5,1,27,28
1091,5,36,0,5,1,30,31
988,13,36,0,11,1,22,23
464,9,36,0,11,2,25,27
298,11,36,0,11,1,24,25
964,13,37,0,4,1,23,24
293,12,38,0,5,1,25,26
338,16,38,0,5,1,21,22
784,20,43,0,10,1,22,23
223,6,43,0,6,1,36,37
203,10,43,0,6,1,32,33
16,13,43,0,6,1,29,30
69,9,43,0,6,1,33,34
455,1,44,0,6,2,41,43
225,5,44,0,6,2,37,39
637,17,45,0,12,1,27,28
807,8,45,0,6,1,36,37
446,13,45,0,12,2,30,32
875,12,45,0,12,1,32,33
355,13,45,0,12,1,31,32
910,11,45,0,12,2,32,34
808,17,45,0,6,1,27,28
656,19,48,0,11,1,28,29
1056,13,48,0,11,1,34,35
763,13,50,0,13,1,36,37
470,13,51,0,9,1,37,38
521,16,51,0,7,1,34,35
872,11,51,0,9,1,39,40
1114,9,54,0,7,1,44,45
519,0,56,0,8,2,54,56
278,12,58,0,12,1,45,46
980,20,58,0,12,2,36,38
247,17,58,0,8,1,40,41
185,13,58,0,8,1,44,45
930,19,58,0,12,2,37,39
1081,16,60,0,14,1,43,44
571,11,60,0,14,1,48,49
192,14,65,0,15,2,49,51
171,15,65,0,15,1,49,50
261,3,67,0,11,1,63,64
590,21,68,0,13,1,46,47
881,15,68,0,13,1,52,53
1054,19,68,0,13,3,46,49
913,20,68,0,13,1,47,48
1086,8,68,0,9,1,59,60
126,8,68,0,9,1,59,60
498,20,68,0,13,1,47,48
294,20,73,0,14,2,51,53
188,13,75,0,17,1,61,62
1070,2,75,0,10,1,72,73
511,10,75,0,17,1,64,65
761,9,76,0,12,1,66,67
957,10,80,0,18,2,68,70
1110,16,80,0,18,1,63,64
1047,26,81,0,1,43,12,55
732,19,81,0,17,1,61,62
113,11,81,0,17,1,69,70
714,5,82,0,13,1,76,77
589,0,82,0,13,3,79,82
285,30,86,0,1,44,12,56
630,8,86,0,15,1,77,78
92,30,86,0,1,44,12,56
230,9,86,0,15,1,76,77
1157,16,88,0,19,1,71,72
746,17,88,0,19,1,70,71
632,13,90,0,18,1,76,77
58,22,91,0,2,47,22,69
1018,25,91,0,2,44,22,66
1039,7,93,0,14,1,85,86
929,8,93,0,14,1,84,85
705,29,95,0,3,45,21,66
691,27,95,0,3,47,21,68
702,18,95,0,3,56,21,77
1073,30,95,0,3,44,21,65
512,4,96,0,16,1,91,92
270,10,96,0,16,1,85,86
360,23,97,0,3,46,28,74
740,23,97,0,3,46,28,74
434,17,99,0,19,1,81,82
40,13,99,0,19,2,84,86
229,3,102,0,15,1,98,99
580,6,102,0,15,1,95,96
719,25,104,0,4,44,35,79
670,9,104,0,17,2,93,95
152,16,104,0,4,53,35,88
38,26,104,0,4,43,35,78
1041,21,104,0,4,48,35,83
939,27,105,0,4,47,31,78
856,21,105,0,4,53,31,84
1115,20,105,0,4,54,31,85
337,28,111,0,5,46,37,83
717,25,111,0,5,49,37,86
391,5,111,0,18,2,104,106
651,4,111,0,18,1,106,107
536,5,112,0,18,1,106,107
1092,20,117,0,6,49,48,97
452,25,117,0,6,44,48,92
207,21,117,0,6,48,48,96
190,22,117,0,6,47,48,95
305,20,117,0,6,49,48,97
353,5,118,0,19,1,112,113
718,29,121,0,6,45,47,92
729,10,122,0,19,1,111,112
354,7,122,0,19,1,114,115
1077,21,122,0,1,95,6,101
780,8,122,0,19,2,112,114
1098,21,126,0,8,48,57,105
309,21,126,0,8,48,57,105
890,18,126,0,8,51,57,108
546,29,133,0,7,45,59,104
1204,26,133,0,7,48,59,107
139,26,133,0,7,48,59,107
965,24,134,0,10,92,18,110
1143,26,134,0,9,43,65,108
804,26,134,0,9,43,65,108
175,23,134,0,9,46,65,111
631,31,139,0,10,95,13,108
1099,29,142,0,8,45,68,113
99,23,142,0,8,51,68,119
483,23,142,0,8,51,68,119
654,21,144,0,11,95,28,123
1144,22,148,0,9,52,74,126
1122,21,148,0,9,53,74,127
341,27,150,0,11,99,24,123
1057,21,150,0,11,105,24,129
450,28,150,0,11,98,24,122
602,31,153,0,3,113,9,122
934,27,156,0,12,89,40,129
1107,21,156,0,12,95,40,135
54,36,157,0,1,112,9,121
73,33,157,0,1,115,9,124
383,36,157,0,1,112,9,121
979,26,158,0,12,100,32,132
928,27,162,0,14,89,46,135
17,28,162,0,14,88,46,134
1090,34,163,0,5,119,10,129
234,32,165,0,4,112,21,133
557,30,165,0,4,114,21,135
143,18,165,0,4,126,21,147
893,33,166,0,2,115,18,133
616,35,166,0,2,113,18,131
141,36,166,0,2,112,18,130
474,32,166,0,2,116,18,134
326,29,170,0,13,97,44,141
968,29,170,0,13,97,44,141
1059,31,171,0,3,117,23,140
1087,25,173,0,15,91,57,148
313,21,173,0,15,95,57,152
379,31,174,0,5,113,30,143
878,32,175,0,6,121,22,143
183,38,177,0,1,131,8,139
1042,26,177,0,4,122,29,151
320,27,180,0,6,117,36,153
345,30,181,0,14,96,55,151
1192,28,181,0,14,98,55,153
329,25,181,0,14,101,55,156
1009,34,182,0,5,114,34,148
233,33,182,0,5,115,34,149
931,38,183,0,3,131,14,145
356,32,183,0,3,137,14,151
935,26,185,0,16,90,69,159
750,28,185,0,16,88,69,157
588,35,186,0,10,118,33,151
65,34,186,0,10,119,33,152
1137,35,186,0,10,118,33,151
798,39,188,0,4,130,19,149
938,38,188,0,4,131,19,150
1043,39,188,0,4,130,19,149
1199,38,188,0,4,131,19,150
222,36,188,0,4,133,19,152
208,31,189,0,6,117,41,158
291,21,189,0,15,105,63,168
1064,31,189,0,15,95,63,158
283,28,190,0,7,116,46,162
178,31,190,0,7,113,46,159
252,30,192,0,11,123,39,162
799,33,192,0,11,120,39,159
30,38,195,0,5,131,26,157
561,23,195,0,17,93,79,172
377,38,195,0,5,131,26,157
792,39,195,0,5,130,26,156
1203,29,197,0,7,119,49,168
60,25,200,0,9,119,56,175
370,30,201,0,16,96,75,171
778,29,201,0,16,97,75,172
909,35,201,0,12,118,48,166
769,35,201,0,12,118,48,166
594,40,204,0,6,129,35,164
15,39,204,0,6,130,35,165
812,37,204,0,6,132,35,167
880,38,204,0,6,131,35,166
597,37,204,0,6,132,35,167
162,20,206,0,18,96,90,186
163,26,206,0,18,90,90,180
514,22,206,0,18,94,90,184
771,23,206,0,18,93,90,183
755,24,206,0,18,92,90,182
1148,32,208,0,10,112,64,176
524,33,208,0,8,115,60,175
506,32,208,0,8,116,60,176
484,34,208,0,8,114,60,174
1044,36,208,0,8,112,60,172
907,29,213,0,17,97,87,184
189,29,213,0,17,97,87,184
852,32,213,0,13,121,60,181
962,31,213,0,11,113,69,182
41,37,216,0,7,132,47,179
137,37,216,0,7,132,47,179
1083,25,218,0,19,91,102,193
1156,27,218,0,19,89,102,191
155,25,218,0,19,91,102,193
1161,34,220,0,9,114,72,186
300,33,220,0,9,115,72,187
873,35,220,0,9,113,72,185
172,31,221,0,18,95,95,190
213,29,222,0,12,115,78,193
1104,23,222,0,12,121,78,199
1001,33,223,0,14,120,70,190
783,33,223,0,14,120,70,190
1127,31,226,0,8,138,57,195
23,22,227,0,19,104,101,205
803,23,227,0,19,103,101,204
644,24,227,0,19,102,101,203
1012,40,233,0,9,129,64,193
344,29,233,0,14,115,89,204
579,31,234,0,15,122,81,203
170,27,234,0,15,126,81,207
533,29,242,0,15,115,98,213
372,32,246,0,16,121,93,214
382,29,246,0,16,124,93,217
513,34,246,0,16,119,93,212
841,32,246,0,16,121,93,214
1142,44,250,0,2,197,9,206
1109,32,250,0,17,112,106,218
219,26,250,0,17,118,106,224
1013,42,250,0,2,199,9,208
57,44,253,0,2,203,6,209
1141,43,253,0,2,204,6,210
623,44,253,0,2,203,6,209
301,21,256,0,17,132,103,235
361,45,259,0,3,202,12,214
739,44,259,0,3,203,12,215
312,29,260,0,18,115,116,231
110,21,260,0,18,123,116,239
193,42,262,0,3,199,21,220
858,41,264,0,4,206,17,223
538,38,264,0,4,209,17,226
12,37,265,0,10,208,20,228
1136,32,265,0,10,213,20,233
789,32,267,0,19,112,123,235
394,42,268,0,4,199,27,226
886,41,268,0,4,200,27,227
663,24,268,0,18,129,115,244
971,37,270,0,10,217,16,233
70,44,274,0,6,197,33,230
1130,41,274,0,6,200,33,233
641,41,274,0,6,200,33,233
749,34,275,0,11,211,30,241
476,39,275,0,11,206,30,236
292,42,276,0,5,205,29,234
336,44,276,0,5,203,29,232
892,44,276,0,5,203,29,232
402,41,277,0,11,213,23,236
408,41,277,0,11,213,23,236
977,37,282,0,7,204,41,245
244,37,282,0,7,204,41,245
619,38,287,0,12,207,42,249
868,35,287,0,12,210,42,252
454,45,288,0,6,202,41,243
206,44,288,0,6,203,41,244
82,42,288,0,6,205,41,246
620,38,288,0,12,216,34,250
81,40,288,0,6,207,41,248
636,40,288,0,12,214,34,248
218,43,292,0,8,198,51,249
650,43,292,0,8,198,51,249
1052,42,292,0,8,199,51,250
489,38,292,0,8,203,51,254
507,40,292,0,8,201,51,252
210,36,294,0,13,218,40,258
138,45,294,0,7,202,47,249
93,35,294,0,13,219,40,259
487,44,294,0,7,203,47,250
135,38,294,0,13,216,40,256
846,42,294,0,13,212,40,252
87,22,294,0,13,223,49,272
706,37,297,0,9,204,56,260
871,43,297,0,9,198,56,254
975,39,297,0,9,202,56,258
299,40,297,0,9,201,56,257
186,42,297,0,9,199,56,255
1201,42,302,0,1,250,10,260
1191,38,302,0,14,207,57,264
469,33,302,0,14,212,57,269
994,45,302,0,8,202,55,257
1005,41,302,0,8,206,55,261
342,45,304,0,1,253,6,259
1038,42,304,0,14,212,50,262
1000,41,304,0,14,213,50,263
587,44,309,0,3,248,17,265
667,32,310,0,15,213,65,278
274,37,310,0,9,210,63,273
974,41,310,0,9,206,63,269
949,38,310,0,15,207,65,272
441,39,312,0,15,215,58,273
314,40,312,0,15,214,58,272
153,44,317,0,4,254,19,273
916,36,317,0,16,209,72,281
888,40,321,0,16,214,67,281
969,43,323,0,10,249,31,280
95,38,323,0,10,254,31,285
834,46,323,0,1,271,6,277
384,47,323,0,1,270,6,276
249,42,323,0,10,250,31,281
659,45,325,0,5,253,27,280
1185,45,325,0,5,253,27,280
562,38,329,0,17,207,84,291
1193,35,329,0,17,210,84,294
823,28,329,0,17,217,84,301
35,49,332,0,2,268,15,283
919,47,332,0,2,270,15,285
972,47,332,0,2,270,15,285
401,42,333,0,17,212,79,291
114,25,333,0,17,229,79,308
14,46,334,0,1,278,10,288
1050,51,334,0,1,273,10,283
348,29,335,0,11,263,43,306
180,46,336,0,7,252,38,290
537,36,336,0,18,209,91,300
1174,39,336,0,18,206,91,297
276,47,340,0,3,270,23,293
603,48,340,0,3,269,23,292
260,46,340,0,3,271,23,294
277,46,340,0,3,271,23,294
307,44,341,0,8,254,43,297
1134,39,342,0,19,206,97,303
640,50,342,0,2,274,18,292
615,49,342,0,2,275,18,293
1120,38,342,0,19,207,97,304
788,33,342,0,19,212,97,309
987,41,344,0,18,213,90,303
775,33,344,0,18,221,90,311
945,34,345,0,12,258,53,311
105,44,345,0,12,248,53,301
794,42,345,0,12,250,53,303
1105,43,345,0,12,249,53,302
981,47,347,0,3,277,23,300
67,50,347,0,3,274,23,297
586,50,347,0,3,274,23,297
741,50,347,0,3,274,23,297
1163,45,348,0,4,272,31,303
1184,48,348,0,4,269,31,300
599,48,348,0,4,269,31,300
764,36,350,0,13,256,58,314
167,32,353,0,19,222,99,321
815,41,353,0,19,213,99,312
1030,45,354,0,10,253,56,309
854,38,354,0,10,260,56,316
385,48,356,0,4,276,32,308
378,47,356,0,5,270,39,309
591,46,356,0,5,271,39,310
734,42,361,0,15,250,69,319
568,40,361,0,15,252,69,321
403,43,365,0,11,255,67,322
1074,51,365,0,6,273,41,314
1026,42,365,0,11,256,67,323
1123,45,365,0,6,279,41,320
596,49,365,0,6,275,41,316
280,48,367,0,6,269,50,319
614,49,367,0,6,268,50,318
1124,46,367,0,6,271,50,321
687,41,371,0,16,251,79,330
528,49,373,0,7,268,56,324
103,44,374,0,12,254,76,330
500,40,374,0,12,258,76,334
71,47,376,0,7,277,52,329
954,50,376,0,7,274,52,326
756,46,379,0,8,271,62,333
462,48,379,0,8,269,62,331
757,51,381,0,8,273,57,330
1048,50,381,0,8,274,57,331
333,46,381,0,8,278,57,335
264,48,381,0,8,276,57,333
996,39,382,0,17,253,90,343
491,46,383,0,1,325,12,337
209,43,385,0,13,255,87,342
242,43,389,0,18,249,97,346
284,41,389,0,18,251,97,348
275,46,389,0,9,278,65,343
176,49,389,0,9,275,65,340
747,50,393,0,1,333,10,343
820,49,393,0,1,334,10,344
743,41,394,0,14,257,96,353
226,44,395,0,19,248,103,351
467,43,395,0,19,249,103,352
790,43,395,0,19,249,103,352
787,48,396,0,10,323,25,348
748,53,400,0,1,340,7,347
627,33,401,0,15,265,103,368
951,45,401,0,11,326,30,356
119,46,407,0,10,337,24,361
502,54,410,0,2,339,17,356
256,41,412,0,12,330,41,371
772,35,412,0,12,336,41,377
94,48,412,0,12,323,41,364
869,46,412,0,12,325,41,366
1088,42,412,0,12,329,41,370
1170,44,412,0,12,327,41,368
933,46,412,0,12,325,41,366
915,42,412,0,16,256,114,370
1002,51,414,0,1,356,7,363
490,58,414,0,1,349,7,356
1078,52,414,0,1,355,7,362
463,43,416,0,11,340,33,373
991,48,416,0,11,335,33,368
1036,53,417,0,3,340,24,364
703,52,417,0,3,341,24,365
805,44,418,0,18,254,120,374
940,51,423,0,4,342,30,372
144,52,423,0,4,341,30,371
48,46,424,0,13,325,53,378
920,57,424,0,2,350,17,367
927,47,424,0,13,324,53,377
358,52,424,0,2,355,17,372
1089,46,427,0,12,337,44,381
768,44,427,0,12,339,44,383
1135,54,429,0,3,353,22,375
494,56,429,0,3,351,22,373
825,51,430,0,5,342,37,379
296,55,430,0,5,338,37,375
863,45,430,0,19,253,132,385
431,44,430,0,14,327,59,386
433,44,430,0,19,254,132,386
648,45,430,0,19,253,132,385
859,51,430,0,4,370,9,379
692,54,436,0,6,339,43,382
693,52,436,0,6,341,43,384
922,54,436,0,6,339,43,382
323,57,439,0,4,350,32,382
421,57,439,0,4,350,32,382
600,55,439,0,4,352,32,384
322,55,439,0,4,352,32,384
268,50,439,0,13,333,56,389
797,56,439,0,4,351,32,383
686,47,441,0,16,324,70,394
542,45,441,0,16,326,70,396
685,47,441,0,16,324,70,394
526,44,442,0,10,377,21,398
83,55,444,0,7,338,51,389
955,54,444,0,7,339,51,390
29,50,448,0,5,357,41,398
364,53,448,0,5,354,41,395
824,51,448,0,5,356,41,397
550,57,448,0,5,350,41,391
422,46,450,0,14,337,67,404
947,48,450,0,14,335,67,402
776,43,452,0,18,328,81,409
531,51,452,0,11,370,31,401
997,47,452,0,18,324,81,405
901,52,455,0,8,341,62,403
1032,50,455,0,8,343,62,405
891,53,455,0,8,340,62,402
516,51,455,0,8,342,62,404
1160,50,455,0,8,343,62,405
735,49,456,0,15,334,73,407
456,56,456,0,6,351,49,400
582,56,456,0,6,351,49,400
821,57,456,0,6,350,49,399
668,48,456,0,15,335,73,408
79,48,456,0,15,335,73,408
423,50,459,0,12,371,38,409
793,52,459,0,12,369,38,407
1131,45,463,0,19,326,92,418
791,48,463,0,19,323,92,415
106,56,464,0,3,400,8,408
646,49,464,0,16,334,81,415
371,47,464,0,16,336,81,417
427,49,464,0,16,334,81,415
707,53,465,0,9,340,72,412
438,51,465,0,9,342,72,414
1159,57,467,0,8,350,60,410
211,46,471,0,13,375,50,425
492,48,471,0,13,373,50,423
1015,50,472,0,17,333,89,422
304,51,476,0,14,370,55,425
184,55,478,0,11,401,22,423
645,54,478,0,11,402,22,424
251,52,478,0,11,404,22,426
952,48,478,0,11,408,22,430
950,48,483,0,15,373,62,435
896,49,483,0,15,372,62,434
255,56,483,0,12,400,27,427
5,50,483,0,12,406,27,433
532,55,483,0,12,401,27,428
56,39,484,0,18,344,101,445
1080,47,484,0,18,336,101,437
88,49,490,0,13,407,34,441
752,51,490,0,16,370,69,439
539,52,490,0,16,369,69,438
924,53,490,0,16,368,69,437
49,46,490,0,13,410,34,444
777,41,490,0,16,380,69,449
412,58,492,0,2,425,9,434
10,59,492,0,2,424,9,433
1076,61,494,0,1,424,9,433
161,45,495,0,19,338,112,450
510,53,495,0,17,368,74,442
2,47,495,0,17,374,74,448
220,53,495,0,17,368,74,442
132,53,499,0,14,403,43,446
1173,52,501,0,18,369,80,449
357,57,502,0,3,426,19,445
410,61,502,0,3,422,19,441
766,61,502,0,3,422,19,441
11,59,502,0,3,424,19,443
525,53,503,0,10,434,16,450
289,65,503,0,2,420,18,438
806,57,503,0,10,430,16,446
123,45,503,0,10,442,16,458
78,54,506,0,15,402,50,452
159,54,508,0,4,429,25,454
885,57,508,0,4,426,25,451
884,60,508,0,4,423,25,448
221,59,508,0,4,424,25,449
1095,48,509,0,19,373,88,461
156,50,509,0,19,371,88,459
1067,53,512,0,16,403,56,459
271,43,512,0,16,413,56,469
165,66,514,0,3,419,29,448
495,65,514,0,3,420,29,449
1004,65,514,0,3,420,29,449
545,63,514,0,3,422,29,451
1139,65,514,0,3,420,29,449
111,52,515,0,11,435,28,463
1197,58,515,0,11,429,28,457
1177,56,515,0,11,431,28,459
376,60,517,0,5,423,34,457
232,58,517,0,5,425,34,459
657,61,517,0,5,422,34,456
1119,53,524,0,17,403,68,471
151,51,524,0,17,405,68,473
1195,58,525,0,6,425,42,467
288,60,525,0,6,423,42,465
754,60,525,0,6,423,42,465
25,63,526,0,4,422,41,463
937,64,526,0,4,421,41,462
1028,59,526,0,4,426,41,467
1034,63,526,0,4,422,41,463
601,54,527,0,12,433,40,473
592,55,527,0,12,432,40,472
236,57,527,0,12,430,40,470
101,61,530,0,7,422,47,469
246,61,530,0,7,422,47,469
243,55,531,0,18,401,75,476
993,58,536,0,8,425,53,478
1022,48,537,0,13,439,50,489
0,65,538,0,5,420,53,473
468,54,541,0,19,402,85,487
633,51,541,0,19,405,85,490
1205,55,541,0,19,401,85,486
19,58,542,0,9,425,59,484
130,59,543,0,10,466,18,484
865,58,543,0,10,467,18,485
129,61,543,0,10,464,18,482
826,60,543,0,10,465,18,483
66,53,543,0,10,472,18,490
899,47,543,0,10,478,18,496
44,62,545,0,6,423,60,483
1129,63,545,0,6,422,60,482
405,58,545,0,6,427,60,487
598,60,545,0,6,425,60,485
201,64,545,0,6,421,60,481
328,56,546,0,14,431,59,490
626,51,546,0,14,436,59,495
265,58,546,0,14,429,59,488
480,56,546,0,14,431,59,490
998,64,552,0,7,421,67,488
1171,56,553,0,12,469,28,497
425,56,554,0,16,431,67,498
867,59,557,0,6,481,17,498
485,58,558,0,13,467,33,500
248,61,560,0,8,424,75,499
960,64,560,0,8,421,75,496
400,58,565,0,17,429,78,507
497,57,565,0,17,430,78,508
443,56,565,0,14,469,40,509
811,59,565,0,10,481,25,506
1180,63,565,0,10,477,25,502
970,54,565,0,10,486,25,511
250,49,565,0,10,491,25,516
837,66,569,0,1,495,8,503
440,55,571,0,15,470,46,516
948,59,571,0,15,466,46,512
844,51,571,0,15,474,46,520
33,54,571,0,18,433,84,517
1027,63,573,0,11,477,33,510
566,63,573,0,11,477,33,510
608,58,579,0,19,429,92,521
160,57,579,0,19,430,92,522
359,65,580,0,2,496,19,515
142,69,580,0,2,492,19,511
117,65,580,0,2,496,19,515
973,68,580,0,2,493,19,512
50,62,581,0,13,478,41,519
847,58,581,0,13,482,41,523
332,60,582,0,16,465,57,522
120,64,584,0,10,505,15,520
1058,65,584,0,10,504,15,519
782,61,584,0,10,508,15,523
966,64,584,0,10,505,15,520
612,63,584,0,10,506,15,521
1051,65,584,0,10,504,15,519
767,66,586,0,3,495,25,520
765,69,586,0,3,492,25,517
976,69,586,0,3,492,25,517
669,59,587,0,17,466,62,528
267,58,587,0,17,467,62,529
77,68,588,0,1,508,12,520
1147,70,588,0,1,506,12,518
946,60,591,0,14,480,51,531
442,57,591,0,14,483,51,534
479,60,591,0,14,480,51,531
850,71,593,0,2,505,17,522
501,68,593,0,2,508,17,525
118,70,593,0,2,506,17,523
215,69,593,0,2,507,17,524
214,71,593,0,2,505,17,522
80,57,595,0,18,468,70,538
55,60,595,0,18,465,70,535
652,57,595,0,18,468,70,538
3,57,596,0,11,512,27,539
347,59,596,0,11,510,27,537
760,68,598,0,4,493,37,530
231,66,598,0,4,495,37,532
941,62,601,0,16,478,61,539
704,69,602,0,3,507,26,533
424,52,603,0,12,517,34,551
796,63,603,0,12,506,34,540
607,60,604,0,19,465,79,544
733,59,604,0,19,466,79,545
96,67,608,0,5,494,47,541
1040,70,610,0,4,506,34,540
828,56,611,0,17,484,71,555
554,61,611,0,17,479,71,550
660,61,611,0,17,479,71,550
85,62,612,0,15,507,43,550
845,64,612,0,15,505,43,548
453,67,616,0,6,509,40,549
1062,71,616,0,6,505,40,545
753,66,616,0,6,510,40,550
1068,64,617,0,16,505,48,553
224,68,617,0,6,493,56,549
710,69,617,0,6,492,56,548
204,65,617,0,6,496,56,552
426,60,617,0,16,509,48,557
541,65,617,0,16,504,48,552
595,68,617,0,6,493,56,549
428,58,617,0,16,511,48,559
1097,59,623,0,18,481,83,564
457,62,623,0,10,542,19,561
331,72,625,0,7,504,49,553
523,65,625,0,7,511,49,560
547,68,625,0,7,508,49,557
395,70,625,0,7,506,49,555
953,68,626,0,7,493,65,558
42,66,626,0,7,495,65,560
181,65,626,0,7,496,65,561
157,67,626,0,7,494,65,559
731,63,627,0,17,506,58,564
661,64,627,0,17,505,58,563
959,63,628,0,19,477,88,565
958,63,628,0,19,477,88,565
168,62,628,0,19,478,88,566
475,68,631,0,11,536,27,563
429,65,631,0,11,539,27,566
1126,72,635,0,8,504,59,563
100,69,635,0,8,507,59,566
435,66,636,0,9,495,75,570
46,66,637,0,18,503,68,571
53,72,639,0,1,561,6,567
109,71,641,0,9,505,65,570
241,68,641,0,9,508,65,573
795,66,643,0,12,538,39,577
212,66,643,0,12,538,39,577
781,63,646,0,19,506,77,583
258,67,651,0,13,537,47,584
995,68,651,0,13,536,47,583
311,66,654,0,10,567,21,588
321,68,654,0,10,565,21,586
303,59,662,0,14,545,58,603
877,66,662,0,14,538,58,596
610,63,662,0,14,541,58,599
989,64,663,0,11,569,30,599
505,71,663,0,11,562,30,592
39,73,663,0,4,580,10,590
1019,77,665,0,2,575,13,588
628,67,671,0,15,537,67,604
701,69,671,0,12,564,38,602
447,67,671,0,12,566,38,604
572,78,672,0,3,583,11,594
1035,75,672,0,3,586,11,597
52,80,672,0,3,581,11,592
618,72,672,0,7,581,19,600
911,74,673,0,3,578,21,599
982,72,673,0,3,580,21,601
559,73,673,0,3,579,21,600
1055,69,673,0,3,583,21,604
560,74,673,0,3,578,21,599
295,68,676,0,16,536,72,608
923,69,676,0,16,535,72,607
324,63,676,0,16,541,72,613
681,55,676,0,16,549,72,621
499,61,679,0,13,572,46,618
381,81,680,0,4,580,19,599
556,73,680,0,4,588,19,607
709,66,681,0,10,587,28,615
1181,70,681,0,10,583,28,611
1118,61,683,0,17,543,79,622
887,73,684,0,4,579,32,611
1111,76,684,0,4,576,32,608
1029,73,684,0,4,579,32,611
857,68,684,0,4,584,32,616
563,71,686,0,14,562,53,615
906,77,689,0,11,593,19,612
918,75,689,0,11,595,19,614
530,75,689,0,11,595,19,614
961,75,689,0,11,595,19,614
684,64,690,0,18,540,86,626
146,69,690,0,18,535,86,621
406,71,691,0,11,582,38,620
449,73,691,0,11,580,38,618
200,70,691,0,15,563,58,621
315,69,691,0,15,564,58,622
1166,73,691,0,11,580,38,618
985,63,691,0,15,570,58,628
903,72,691,0,11,581,38,619
992,71,691,0,11,582,38,620
581,79,692,0,6,582,31,613
205,78,692,0,6,583,31,614
416,76,692,0,6,585,31,616
503,78,692,0,6,583,31,614
576,78,692,0,6,583,31,614
552,80,692,0,6,581,31,612
879,79,692,0,6,582,31,613
166,75,693,0,6,577,41,618
366,67,696,0,19,537,92,629
1096,64,696,0,19,540,92,632
158,74,698,0,7,578,46,624
128,71,698,0,7,581,46,627
883,60,698,0,12,593,45,638
140,73,698,0,7,579,46,625
396,75,698,0,7,577,46,623
72,77,698,0,7,575,46,621
486,76,698,0,7,576,46,622
544,76,698,0,7,576,46,622
34,67,699,0,18,566,66,632
830,79,701,0,7,582,40,622
770,77,701,0,7,584,40,624
398,75,702,0,14,595,32,627
625,66,702,0,14,604,32,636
150,58,706,0,19,575,73,648
779,71,706,0,19,562,73,635
862,72,706,0,19,561,73,634
21,71,706,0,19,562,73,635
351,66,706,0,19,567,73,640
368,70,706,0,19,563,73,636
1037,69,706,0,13,584,53,637
1082,70,706,0,19,563,73,636
18,72,707,0,9,580,55,635
108,70,707,0,9,582,55,637
727,72,711,0,14,581,58,639
876,67,711,0,14,586,58,644
1033,70,712,0,8,591,51,642
1031,80,712,0,8,581,51,632
926,77,712,0,8,584,51,635
649,80,712,0,8,581,51,632
263,79,712,0,8,582,51,633
534,72,712,0,15,598,42,640
386,81,717,0,9,580,56,636
569,73,718,0,15,580,65,645
870,74,723,0,16,596,53,649
688,76,723,0,16,594,53,647
936,73,723,0,16,597,53,650
380,75,723,0,16,595,53,648
895,74,723,0,16,596,53,649
738,76,723,0,16,594,53,647
1182,70,723,0,16,600,53,653
349,71,725,0,16,582,72,654
680,72,725,0,16,581,72,653
362,76,730,0,17,594,60,654
319,75,730,0,17,595,60,655
894,78,731,0,2,643,10,653
613,64,735,0,17,589,82,671
444,72,735,0,17,581,82,663
397,83,737,0,1,644,10,654
1146,84,737,0,1,643,10,653
287,82,737,0,1,645,10,655
182,84,737,0,1,643,10,653
833,82,737,0,1,645,10,655
677,88,739,0,1,644,7,651
1094,85,739,0,1,647,7,654
814,63,740,0,18,607,70,677
173,72,740,0,18,598,70,668
943,83,740,0,1,649,8,657
392,72,740,0,18,598,70,668
465,71,745,0,19,599,75,674
813,74,747,0,18,579,94,673
51,85,747,0,3,642,20,662
1003,79,747,0,3,648,20,668
762,77,747,0,3,650,20,670
62,80,749,0,10,641,28,669
121,76,749,0,10,645,28,673
115,87,751,0,2,645,19,664
724,85,751,0,2,647,19,666
838,89,751,0,2,643,19,662
1072,78,752,0,10,654,20,674
809,82,752,0,10,650,20,670
1150,80,753,0,4,647,26,673
840,81,757,0,11,651,25,676
367,74,757,0,19,579,104,683
848,75,760,0,13,646,39,685
1172,89,761,0,3,643,29,672
1060,86,761,0,3,646,29,675
281,85,761,0,3,647,29,676
690,86,761,0,3,646,29,675
339,82,764,0,5,645,37,682
543,83,764,0,5,644,37,681
334,81,764,0,5,646,37,683
254,81,765,0,12,651,33,684
279,76,765,0,12,656,33,689
585,78,765,0,12,654,33,687
4,81,765,0,12,651,33,684
1169,83,765,0,12,649,33,682
1021,71,769,0,14,650,48,698
1008,82,771,0,13,650,39,689
827,88,771,0,4,644,39,683
551,83,771,0,6,644,44,688
577,84,771,0,6,643,44,687
986,80,777,0,15,641,56,697
488,79,777,0,15,642,56,698
399,84,778,0,14,648,46,694
202,87,780,0,6,645,48,693
216,80,781,0,3,693,8,701
711,80,782,0,7,647,55,702
978,83,782,0,7,644,55,699
914,73,783,0,16,648,62,710
273,75,783,0,16,646,62,708
1066,75,783,0,16,646,62,708
245,85,786,0,7,647,54,701
629,68,786,0,15,664,54,718
179,80,786,0,7,652,54,706
606,75,786,0,15,657,54,711
522,81,786,0,7,651,54,705
413,76,789,0,17,645,68,713
436,80,789,0,9,647,62,709
853,78,789,0,9,649,62,711
956,81,789,0,9,646,62,708
1010,81,789,0,9,646,62,708
445,77,789,0,17,644,68,712
535,82,792,0,8,650,60,710
36,83,792,0,8,649,60,709
1165,89,792,0,8,643,60,703
253,84,792,0,8,648,60,708
448,82,794,0,16,650,62,712
912,72,794,0,16,660,62,722
527,82,795,0,7,691,22,713
617,86,795,0,7,687,22,709
773,90,796,0,1,697,9,706
107,83,797,0,9,649,65,714
437,88,797,0,9,644,65,709
662,78,798,0,18,643,77,720
75,90,803,0,4,697,16,713
898,79,803,0,17,653,71,724
864,81,806,0,10,692,33,725
708,78,806,0,10,695,33,728
1023,84,806,0,10,689,33,722
697,82,808,0,18,650,76,726
515,74,808,0,18,658,76,734
195,79,810,0,19,642,89,731
801,74,810,0,19,647,89,736
730,72,810,0,19,649,89,738
647,65,810,0,19,656,89,745
1158,78,810,0,19,643,89,732
818,77,810,0,19,644,89,733
1155,79,810,0,19,642,89,731
409,86,812,0,11,687,39,726
1167,72,812,0,11,701,39,740
905,75,812,0,11,698,39,737
917,81,812,0,11,692,39,731
286,91,813,0,1,716,6,722
1049,96,813,0,1,711,6,717
1164,90,815,0,8,697,28,725
802,82,817,0,19,650,85,735
228,81,817,0,19,651,85,736
1007,83,820,0,12,690,47,737
639,96,821,0,2,711,14,725
411,91,821,0,2,716,14,730
257,82,825,0,13,691,52,743
134,84,825,0,13,689,52,741
882,86,825,0,13,687,52,739
529,90,826,0,3,717,19,736
387,93,826,0,3,714,19,733
68,83,826,0,3,724,19,743
112,86,829,0,11,701,42,743
655,82,829,0,11,705,42,747
477,88,829,0,11,699,42,741
91,100,829,0,1,718,11,729
369,85,830,0,14,688,57,745
744,84,830,0,14,689,57,746
742,85,830,0,14,688,57,745
1112,92,831,0,4,715,24,739
1125,91,831,0,4,716,24,740
1102,81,834,0,12,706,47,753
593,78,834,0,12,709,47,756
1106,86,834,0,12,701,47,748
839,99,837,0,2,719,19,738
725,92,837,0,2,726,19,745
316,87,838,0,15,686,65,751
439,98,842,0,5,709,35,744
89,87,844,0,15,700,57,757
471,87,844,0,15,700,57,757
199,73,844,0,15,714,57,771
736,84,844,0,15,703,57,760
1020,82,844,0,15,705,57,762
496,90,846,0,3,728,28,756
683,98,846,0,3,720,28,748
388,101,846,0,3,717,28,745
689,91,846,0,3,727,28,755
59,98,848,0,6,709,41,750
578,90,848,0,6,717,41,758
829,77,848,0,17,696,75,771
417,92,848,0,6,715,41,756
327,96,852,0,4,722,34,756
147,98,852,0,4,720,34,754
20,94,852,0,4,724,34,758
1025,101,852,0,4,717,34,751
272,89,854,0,16,698,67,765
350,89,854,0,16,698,67,765
983,86,854,0,16,701,67,768
520,97,856,0,7,710,49,759
810,92,858,0,10,747,19,766
675,87,858,0,10,752,19,771
611,95,858,0,10,744,19,763
227,86,859,0,19,687,86,773
1071,99,859,0,10,743,17,760
1069,99,859,0,10,743,17,760
145,90,862,0,18,697,75,772
390,85,862,0,18,702,75,777
28,91,863,0,5,727,45,772
1,99,863,0,5,719,45,764
716,97,863,0,5,721,45,766
1053,96,863,0,8,711,56,767
262,87,863,0,8,720,56,776
335,102,863,0,5,716,45,761
548,89,863,0,8,718,56,774
990,99,866,0,11,743,24,767
800,87,866,0,11,755,24,779
407,88,869,0,11,751,30,781
678,97,869,0,9,710,62,772
866,95,869,0,11,744,30,774
127,97,869,0,9,710,62,772
1011,94,869,0,9,713,62,775
904,90,869,0,11,749,30,779
1178,81,869,0,11,758,30,788
713,89,869,0,11,750,30,780
822,101,871,0,6,717,53,770
1063,99,871,0,6,719,53,772
22,87,872,0,19,700,85,785
518,99,874,0,12,743,32,775
102,85,874,0,12,757,32,789
340,98,874,0,12,744,32,776
1168,93,874,0,12,749,32,781
104,93,880,0,12,746,41,787
24,98,881,0,7,720,63,783
133,95,882,0,13,747,40,787
86,91,887,0,13,748,48,796
308,102,887,0,8,716,69,785
136,93,887,0,13,746,48,794
374,90,889,0,15,752,47,799
1006,98,889,0,15,744,47,791
609,96,892,0,14,743,53,796
570,92,892,0,14,747,53,800
116,101,893,0,2,783,9,792
1140,106,893,0,2,778,9,787
375,101,894,0,9,717,76,793
759,98,896,0,16,744,54,798
540,94,896,0,16,748,54,802
774,104,896,0,1,785,7,792
27,97,896,0,16,745,54,799
984,79,896,0,16,763,54,817
1190,95,900,0,15,744,61,805
282,107,903,0,3,777,19,796
682,102,903,0,3,782,19,801
389,96,903,0,17,746,61,807
509,92,903,0,17,750,61,811
573,110,903,0,3,774,19,793
574,102,903,0,3,782,19,801
1194,91,903,0,17,751,61,812
751,94,908,0,16,745,69,814
737,86,908,0,16,753,69,822
1145,101,908,0,4,788,19,807
843,93,908,0,16,746,69,815
889,75,908,0,16,764,69,833
696,96,911,0,18,746,69,815
43,107,913,0,6,792,14,806
722,107,914,0,4,777,30,807
908,104,914,0,4,780,30,810
555,98,914,0,4,786,30,816
98,98,915,0,6,791,26,817
31,91,919,0,18,748,80,828
575,84,919,0,18,755,80,835
466,97,921,0,19,745,79,824
74,114,921,0,1,795,12,807
415,104,922,0,5,780,38,818
658,99,922,0,5,785,38,823
302,107,922,0,5,777,38,815
1149,108,923,0,10,791,24,815
122,86,923,0,10,813,24,837
673,110,923,0,10,789,24,813
1128,89,925,0,10,800,36,836
676,92,925,0,10,797,36,833
418,105,925,0,10,784,36,820
63,97,925,0,10,792,36,828
1014,115,927,0,2,794,18,812
7,117,927,0,2,792,18,810
925,112,927,0,2,797,18,815
624,116,927,0,2,793,18,811
638,111,927,0,2,799,17,816
9,119,927,0,2,790,18,808
197,109,928,0,6,775,44,819
306,103,928,0,6,781,44,825
451,104,928,0,6,780,44,824
816,106,929,0,11,793,30,823
1179,104,929,0,11,795,30,825
653,102,929,0,11,797,30,827
1198,93,929,0,11,806,30,836
712,108,929,0,11,791,30,821
330,107,935,0,7,777,51,828
191,100,935,0,11,789,46,835
154,113,939,0,3,796,30,826
259,113,939,0,3,796,30,826
1138,118,939,0,3,791,30,821
549,108,940,0,8,776,56,832
517,108,940,0,8,776,56,832
621,96,941,0,12,803,42,845
874,102,943,0,12,787,54,841
1196,101,943,0,12,788,54,842
679,90,947,0,9,794,63,857
393,115,947,0,4,794,38,832
235,118,947,0,4,791,38,829
1162,101,947,0,9,783,63,846
317,107,953,0,13,792,54,846
921,101,953,0,13,798,54,852
715,109,953,0,13,790,54,844
558,94,955,0,13,795,66,861
622,112,956,0,5,797,47,844
785,112,960,0,10,835,13,848
1024,114,960,0,10,833,13,846
855,95,960,0,10,852,13,865
64,118,960,0,10,829,13,842
196,111,961,0,6,798,52,850
786,109,962,0,10,835,18,853
900,97,962,0,10,847,18,865
432,101,962,0,14,788,73,861
169,106,962,0,15,793,63,856
567,108,965,0,11,840,17,857
831,119,967,0,7,790,58,848
758,107,969,0,16,792,70,862
473,104,969,0,15,785,80,865
84,95,969,0,15,794,80,874
90,96,969,0,15,793,80,873
240,117,970,0,3,847,6,853
493,118,970,0,3,845,7,852
504,108,972,0,11,836,28,864
297,112,972,0,11,832,28,860
131,106,973,0,12,841,26,867
1061,105,974,0,17,794,75,869
897,109,974,0,17,790,75,865
1108,99,974,0,17,800,75,875
217,104,978,0,8,806,68,874
310,107,978,0,8,802,69,871
700,112,978,0,8,797,69,866
1103,114,979,0,12,830,35,865
26,115,979,0,4,848,16,864
1183,99,981,0,16,790,92,882
460,103,981,0,16,786,92,878
269,98,984,0,13,850,36,886
174,112,984,0,13,835,37,872
318,114,984,0,13,833,37,870
1079,98,986,0,18,801,87,888
508,100,986,0,18,799,87,886
45,107,988,0,9,803,78,881
61,101,988,0,9,808,79,887
1206,113,990,0,8,850,27,877
6,82,991,0,17,807,102,909
967,112,991,0,13,832,47,879
325,116,991,0,13,828,47,875
430,119,995,0,14,828,48,876
478,115,995,0,14,832,48,880
745,114,995,0,14,834,47,881
1113,101,995,0,14,846,48,894
343,109,995,0,14,838,48,886
346,112,995,0,14,836,47,883
266,112,997,0,14,832,53,885
999,99,997,0,14,845,53,898
666,99,998,0,19,790,109,899
352,104,998,0,19,785,109,894
1065,114,1002,0,15,830,58,888
723,117,1004,0,15,830,57,887
842,116,1010,0,16,831,63,894
373,118,1010,0,16,829,63,892
461,91,1011,0,16,853,67,920
363,115,1019,0,17,829,75,904
817,118,1019,0,19,830,71,901
1121,110,1019,0,17,834,75,909
553,114,1019,0,17,830,75,905
832,119,1019,0,19,828,72,900
47,106,1030,0,18,838,86,924
851,114,1030,0,18,830,86,916
642,113,1034,0,14,899,22,921
726,119,1034,0,14,893,22,915
187,112,1040,0,19,832,96,928
1046,113,1040,0,19,831,96,927
728,115,1040,0,19,829,96,925
665,104,1040,0,19,840,96,936
472,118,1042,0,15,894,30,924
414,119,1053,0,17,894,40,934
32,106,1058,0,18,906,46,952
365,112,1067,0,19,901,54,955
149,115,1067,0,19,899,53,952
