859,7,10,0,1,1,2,3
1340,2,10,0,3,2,6,8
274,7,13,0,4,1,5,6
724,7,16,0,2,2,7,9
194,3,16,0,5,1,12,13
1119,6,16,0,2,1,9,10
1064,6,16,0,2,1,9,10
1487,12,21,0,2,1,8,9
800,13,21,0,2,1,7,8
963,8,21,0,10,1,12,13
227,6,22,0,5,1,15,16
761,6,23,0,4,1,16,17
207,0,23,0,6,2,21,23
837,8,24,0,3,1,15,16
41,10,24,0,3,2,12,14
1051,6,34,0,6,1,27,28
797,3,34,0,6,1,30,31
259,5,34,0,6,1,28,29
489,9,34,0,4,1,24,25
315,2,34,0,6,2,30,32
1619,10,34,0,12,1,23,24
825,4,34,0,7,1,29,30
712,7,34,0,12,1,26,27
1008,10,34,0,4,1,23,24
1163,3,34,0,7,1,30,31
414,5,35,0,8,1,29,30
970,8,39,0,5,2,29,31
1482,10,40,0,13,1,29,30
160,4,41,0,9,1,36,37
442,2,41,0,9,1,38,39
370,6,43,0,9,1,36,37
940,3,45,0,6,1,41,42
723,5,45,0,6,1,39,40
505,3,45,0,7,1,41,42
1227,12,45,0,11,1,32,33
206,5,45,0,6,1,39,40
452,5,47,0,14,1,41,42
1475,8,47,0,14,2,37,39
1650,0,51,0,10,3,48,51
550,1,51,0,10,3,47,50
1613,11,52,0,12,1,40,41
409,8,55,0,7,1,46,47
1254,7,55,0,7,1,47,48
182,6,55,0,7,1,48,49
1253,4,55,0,7,1,50,51
486,4,56,0,8,1,51,52
547,7,58,0,15,1,50,51
580,1,60,0,12,1,58,59
214,12,62,0,13,1,49,50
1131,15,65,0,2,43,7,50
638,7,65,0,8,1,57,58
65,9,65,0,8,1,55,56
1581,2,66,0,10,1,63,64
168,8,68,0,17,1,59,60
219,2,68,0,14,1,65,66
673,9,68,0,17,1,58,59
834,7,68,0,17,2,59,61
1168,8,71,0,14,1,62,63
2,12,71,0,14,2,57,59
1124,11,71,0,14,1,59,60
883,11,71,0,14,1,59,60
565,10,73,0,18,1,62,63
231,10,74,0,9,1,63,64
910,17,74,0,3,41,16,57
952,10,74,0,9,1,63,64
1028,9,74,0,9,2,63,65
629,5,76,0,11,1,70,71
323,10,78,0,15,1,67,68
972,1,78,0,15,2,75,77
165,7,81,0,19,1,73,74
670,9,81,0,19,2,70,72
1040,6,81,0,19,1,74,75
1230,3,84,0,16,1,80,81
747,0,84,0,16,2,82,84
576,3,84,0,16,2,79,81
1413,6,84,0,12,1,77,78
840,2,84,0,12,1,81,82
1055,13,85,0,4,45,27,72
109,16,85,0,4,42,27,69
434,10,85,0,4,48,27,75
356,13,89,0,16,1,75,76
862,12,89,0,16,1,76,77
430,4,91,0,13,2,85,87
1363,4,91,0,13,1,86,87
1544,13,94,0,5,45,36,81
986,13,94,0,5,45,36,81
658,12,94,0,5,46,36,82
998,14,94,0,5,44,36,80
1311,14,94,0,5,44,36,80
755,16,94,0,5,42,36,78
689,9,96,0,17,1,86,87
508,2,96,0,17,1,93,94
652,11,96,0,17,2,83,85
1443,13,96,0,17,1,82,83
1366,20,96,0,1,70,6,76
387,2,96,0,17,1,93,94
929,18,96,0,1,72,6,78
359,13,96,0,17,1,82,83
256,12,99,0,6,46,41,87
826,15,99,0,6,43,41,84
435,4,103,0,14,1,98,99
1153,6,103,0,14,1,96,97
1215,6,103,0,14,1,96,97
94,17,104,0,7,41,46,87
1275,15,105,0,2,75,15,90
324,2,105,0,18,1,102,103
1389,12,108,0,19,1,95,96
1016,12,108,0,19,1,95,96
1508,13,108,0,19,1,94,95
1098,13,108,0,19,1,94,95
577,5,109,0,16,1,103,104
234,6,109,0,16,1,102,103
838,17,111,0,3,73,21,94
821,3,113,0,19,1,109,110
920,1,113,0,19,1,111,112
1106,12,115,0,8,46,57,103
28,14,115,0,8,44,57,101
189,11,115,0,8,47,57,104
1350,15,115,0,8,43,57,100
215,1,119,0,19,2,116,118
263,10,119,0,4,80,29,109
278,14,124,0,9,44,66,110
1256,16,124,0,9,42,66,108
496,18,126,0,10,92,16,108
1312,18,126,0,5,72,36,108
740,14,126,0,5,76,36,112
326,19,126,0,5,71,36,107
8,12,126,0,5,78,36,114
1554,19,126,0,5,71,36,107
586,16,133,0,11,94,23,117
1396,16,134,0,6,74,44,118
155,20,134,0,6,70,44,114
1519,19,134,0,6,71,44,115
777,20,134,0,6,70,44,114
1054,20,134,0,6,70,44,114
5,18,139,0,7,72,49,121
1063,22,141,0,2,113,6,119
1612,19,142,0,12,91,32,123
1001,15,142,0,12,95,32,127
1657,19,142,0,12,91,32,123
791,20,147,0,3,119,8,127
792,19,147,0,3,120,8,128
1186,21,147,0,3,118,8,126
14,27,148,0,1,113,8,121
1352,25,148,0,1,115,8,123
599,13,148,0,8,77,58,135
773,18,148,0,8,72,58,130
545,21,148,0,1,119,8,127
480,16,149,0,13,94,39,133
1290,14,149,0,13,96,39,135
331,16,149,0,13,94,39,133
1393,17,149,0,13,93,39,132
796,16,149,0,13,94,39,133
1038,29,153,0,2,111,13,124
736,19,154,0,3,125,10,135
588,25,154,0,3,119,10,129
697,20,156,0,9,70,66,136
161,12,156,0,9,78,66,144
1091,21,157,0,4,118,18,136
1338,22,157,0,4,117,18,135
1021,21,157,0,4,118,18,136
1085,13,157,0,4,126,18,144
591,18,157,0,4,121,18,139
1302,15,159,0,14,95,49,144
1167,14,159,0,14,96,49,145
74,21,160,0,3,119,20,139
1187,28,160,0,3,112,20,132
1651,21,162,0,10,114,27,141
1220,16,162,0,10,119,27,146
312,14,164,0,15,96,54,150
769,16,164,0,15,94,54,148
174,27,165,0,4,113,25,138
204,12,165,0,5,127,26,153
851,29,165,0,4,111,25,136
996,28,165,0,4,112,25,137
488,27,165,0,4,113,25,138
1162,24,165,0,4,116,25,141
618,24,165,0,8,120,21,141
643,23,169,0,11,112,34,146
1094,16,169,0,11,119,34,153
904,19,169,0,11,116,34,150
1382,13,171,0,17,97,61,158
1589,21,171,0,7,118,32,150
1177,23,175,0,6,117,35,152
1111,26,175,0,6,114,35,149
320,12,175,0,6,128,35,163
941,24,175,0,6,116,35,151
386,28,176,0,10,116,32,148
1223,20,176,0,12,115,41,156
1046,20,179,0,8,119,40,159
211,18,183,0,18,92,73,165
621,14,183,0,18,96,73,169
1174,25,184,0,12,119,40,159
1502,14,184,0,12,130,40,170
1656,22,184,0,12,122,40,162
578,26,184,0,12,118,40,158
405,22,185,0,13,113,50,163
944,20,185,0,13,115,50,165
1444,24,186,0,7,116,46,162
707,18,186,0,7,122,46,168
1367,32,187,0,1,145,10,155
708,30,187,0,1,147,10,157
260,28,187,0,1,149,10,159
355,32,187,0,1,145,10,155
236,31,187,0,1,146,10,156
296,24,190,0,9,115,51,166
961,24,190,0,9,115,51,166
164,28,192,0,8,112,52,164
1412,26,192,0,8,114,52,166
1364,27,194,0,13,117,50,167
1483,25,194,0,13,119,50,169
1504,23,195,0,10,116,56,172
1409,14,195,0,19,96,85,181
82,19,195,0,19,91,85,176
947,17,195,0,19,93,85,178
230,14,197,0,14,121,62,183
419,21,197,0,14,114,62,176
158,31,198,0,2,146,21,167
345,31,198,0,2,146,21,167
799,25,202,0,9,115,62,177
950,15,203,0,11,124,64,188
1246,22,203,0,11,117,64,181
738,30,204,0,3,147,27,174
494,25,204,0,15,119,60,179
971,16,204,0,15,128,60,188
640,32,204,0,3,145,27,172
702,17,205,0,15,118,70,188
523,21,205,0,15,114,70,184
1272,17,205,0,15,118,70,188
625,27,212,0,4,150,35,185
1473,15,214,0,16,120,79,199
674,26,216,0,17,118,72,190
816,26,216,0,17,118,72,190
1110,23,217,0,14,116,78,194
1264,31,219,0,5,146,42,188
766,14,224,0,17,121,89,210
930,14,224,0,15,125,85,210
1346,34,224,0,1,183,7,190
918,16,224,0,15,123,85,208
282,27,225,0,18,117,81,198
699,25,225,0,18,119,81,200
830,21,225,0,18,123,81,204
1057,30,226,0,6,147,49,196
455,18,230,0,17,121,91,212
1023,24,233,0,19,120,89,209
861,31,233,0,2,186,16,202
462,26,233,0,19,118,89,207
1592,29,233,0,2,188,16,204
864,34,233,0,2,183,16,199
566,20,233,0,19,124,89,213
412,22,234,0,7,155,57,212
1252,32,234,0,7,145,57,202
1498,24,234,0,7,153,57,210
612,31,234,0,7,146,57,203
1406,30,234,0,7,147,57,204
1548,22,236,0,18,113,101,214
990,14,236,0,18,121,101,222
879,21,236,0,18,114,101,215
903,14,239,0,10,207,18,225
440,19,241,0,19,116,106,222
1555,33,242,0,3,184,25,209
1184,23,242,0,3,194,25,219
352,33,242,0,3,184,25,209
246,30,246,0,8,147,69,216
949,35,250,0,5,182,33,215
1534,30,250,0,11,191,29,220
1465,31,250,0,11,190,29,219
1068,32,250,0,5,185,33,218
664,31,250,0,11,190,29,219
1313,33,250,0,5,184,33,217
569,35,255,0,6,182,38,220
1308,32,255,0,6,185,38,223
726,30,255,0,6,187,38,225
549,34,255,0,6,183,38,221
350,28,255,0,12,193,34,227
454,29,255,0,12,192,34,226
935,30,258,0,9,147,81,228
1294,29,258,0,9,148,81,229
1257,30,264,0,7,187,47,234
396,34,264,0,7,183,47,230
1485,34,264,0,3,222,8,230
1625,32,264,0,7,185,47,232
1010,25,266,0,13,196,45,241
1288,19,266,0,13,202,45,247
1232,27,266,0,13,194,45,239
1655,35,270,0,8,182,53,235
191,31,270,0,8,186,53,239
1421,33,272,0,5,223,16,239
478,35,273,0,4,226,12,238
384,35,276,0,1,233,8,241
1282,25,278,0,14,196,57,253
1661,32,278,0,7,224,22,246
921,36,280,0,7,225,19,244
12,34,280,0,9,183,63,246
804,35,285,0,8,226,24,250
1271,25,286,0,15,196,65,261
541,26,286,0,15,195,65,260
1646,32,288,0,10,224,32,256
1097,37,288,0,1,239,12,251
1293,26,291,0,16,195,70,265
1521,30,291,0,16,191,70,261
1148,31,291,0,16,190,70,260
1146,35,293,0,9,226,32,258
1273,38,295,0,2,238,19,257
666,26,295,0,11,230,39,269
289,38,295,0,2,238,19,257
602,32,295,0,10,236,27,263
557,35,295,0,10,233,27,260
953,36,295,0,10,232,27,259
1375,38,295,0,2,238,19,257
1358,34,295,0,11,222,39,261
1381,37,295,0,2,239,19,258
1429,36,295,0,10,232,27,259
1628,38,295,0,2,238,19,257
321,32,298,0,17,189,77,266
1526,35,299,0,10,226,38,264
587,35,301,0,11,233,33,266
1562,30,301,0,11,238,33,271
1041,29,304,0,11,232,43,275
1328,34,304,0,11,227,43,270
1438,38,307,0,3,238,31,269
735,38,307,0,3,238,31,269
330,25,307,0,13,231,51,282
1441,29,308,0,18,192,87,279
1560,41,309,0,1,257,11,268
429,36,309,0,13,232,41,273
805,36,309,0,13,232,41,273
914,39,309,0,1,259,11,270
248,20,311,0,12,241,50,291
1277,37,316,0,4,239,40,279
128,37,316,0,4,239,40,279
1221,36,317,0,14,232,49,281
524,33,317,0,15,223,61,284
737,36,317,0,3,262,19,281
1214,37,317,0,14,231,49,280
1140,37,317,0,14,231,49,280
1448,28,318,0,19,193,97,290
216,30,318,0,19,191,97,288
1507,32,318,0,19,189,97,286
1403,35,319,0,13,226,58,284
1495,33,319,0,13,228,58,286
1191,35,319,0,13,226,58,284
1161,31,319,0,13,230,58,288
744,37,322,0,15,231,54,285
1422,37,323,0,5,239,47,286
25,31,325,0,16,225,69,294
235,31,325,0,16,225,69,294
285,36,328,0,16,232,60,292
1418,38,328,0,4,260,30,290
748,33,328,0,16,235,60,295
218,30,328,0,14,231,67,298
1176,35,330,0,6,241,54,295
1200,36,330,0,6,240,54,294
1660,36,330,0,6,240,54,294
185,38,330,0,6,238,54,292
96,31,330,0,6,245,54,299
181,36,335,0,5,262,37,299
1172,39,335,0,5,259,37,296
1135,37,335,0,5,261,37,298
687,17,335,0,17,239,79,318
833,30,335,0,17,226,79,305
1536,26,335,0,16,235,74,309
1553,39,335,0,5,259,37,296
1461,40,335,0,5,258,37,295
1400,38,335,0,5,260,37,297
1149,37,335,0,5,261,37,298
993,36,338,0,7,240,62,302
399,35,338,0,7,241,62,303
613,36,338,0,7,240,62,302
815,37,339,0,17,231,71,302
170,37,339,0,17,231,71,302
682,25,339,0,17,243,71,314
511,34,339,0,17,234,71,305
338,37,342,0,7,261,44,305
198,39,342,0,7,259,44,303
362,38,342,0,7,260,44,304
499,37,344,0,18,231,76,307
688,34,345,0,17,227,84,311
1305,35,345,0,18,221,89,310
939,36,345,0,17,225,84,309
141,35,345,0,17,226,84,310
1616,32,345,0,17,229,84,313
907,40,349,0,8,258,51,309
617,35,349,0,8,263,51,314
1207,39,349,0,8,259,51,310
526,37,350,0,9,239,74,313
443,34,350,0,19,222,94,316
754,34,350,0,19,222,94,316
267,28,350,0,19,228,94,322
1128,33,350,0,19,223,94,317
250,30,350,0,19,226,94,320
850,29,350,0,19,227,94,321
676,26,350,0,19,230,94,324
203,38,351,0,2,305,8,313
991,36,354,0,18,225,93,318
531,40,360,0,9,258,62,320
192,40,360,0,9,258,62,320
1166,36,360,0,9,262,62,324
1019,35,365,0,19,226,104,330
1080,38,373,0,10,305,30,335
785,39,373,0,10,304,30,334
1640,42,380,0,1,326,12,338
1304,42,380,0,1,326,12,338
270,45,383,0,1,333,5,338
546,45,383,0,1,333,5,338
1278,45,383,0,1,333,5,338
293,45,383,0,1,333,5,338
240,42,383,0,1,336,5,341
927,38,384,0,11,305,41,346
52,36,384,0,11,307,41,348
1464,37,384,0,11,306,41,347
1600,43,386,0,2,325,18,343
916,42,386,0,2,326,18,344
1031,43,386,0,2,325,18,343
1647,41,388,0,10,332,15,347
1372,43,389,0,5,337,9,346
829,39,390,0,12,304,47,351
1274,42,392,0,2,336,14,350
573,44,397,0,8,336,17,353
127,42,399,0,4,326,31,357
477,39,399,0,4,329,31,360
1467,42,399,0,4,326,31,357
1466,37,399,0,4,331,31,362
571,42,400,0,12,331,27,358
1427,42,400,0,12,331,27,358
538,40,400,0,12,333,27,360
680,45,401,0,3,333,23,356
1211,41,401,0,3,337,23,360
1154,38,401,0,14,305,58,363
208,41,403,0,9,339,23,362
1529,41,406,0,5,327,38,365
1451,39,406,0,5,329,38,367
1073,39,406,0,5,329,38,367
911,37,408,0,15,306,65,371
1133,46,408,0,4,332,30,362
1557,45,408,0,4,333,30,363
275,45,410,0,9,347,18,365
964,43,412,0,10,337,32,369
937,38,412,0,13,335,39,374
871,41,414,0,6,327,46,373
1535,40,415,0,16,303,72,375
678,34,415,0,16,309,72,381
793,38,415,0,16,305,72,377
1136,44,418,0,5,334,40,374
954,46,419,0,10,346,27,373
885,43,419,0,7,325,51,376
1075,42,419,0,7,326,51,377
17,45,419,0,10,347,27,374
469,42,419,0,7,326,51,377
498,42,419,0,7,326,51,377
173,41,419,0,7,327,51,378
651,28,422,0,17,315,79,394
521,41,422,0,14,332,49,381
983,38,422,0,14,335,49,384
1026,38,422,0,17,305,79,384
1383,37,422,0,17,306,79,385
1454,36,422,0,17,307,79,386
221,43,424,0,11,337,44,381
357,39,424,0,11,341,44,385
865,38,424,0,11,342,44,386
575,46,425,0,11,346,33,379
739,36,425,0,11,356,33,389
776,42,426,0,6,336,48,384
222,39,426,0,6,339,48,387
1002,40,429,0,12,340,49,389
775,43,431,0,8,325,63,388
655,36,432,0,15,337,59,396
1518,40,432,0,15,333,59,392
768,41,432,0,15,332,59,391
131,39,432,0,15,334,59,393
504,44,433,0,7,334,55,389
16,43,433,0,12,349,41,390
507,44,433,0,7,334,55,389
899,45,433,0,12,347,41,388
1182,39,434,0,19,304,91,395
150,39,434,0,19,304,91,395
151,35,434,0,19,308,91,399
348,39,434,0,19,304,91,395
1552,40,439,0,13,352,47,399
896,43,441,0,8,335,63,398
1563,38,441,0,16,335,68,403
1537,40,441,0,16,333,68,401
1551,40,441,0,13,340,61,401
558,43,441,0,8,335,63,398
300,40,443,0,9,328,75,403
509,33,449,0,17,340,76,416
814,44,449,0,15,336,69,405
931,37,449,0,15,343,69,412
242,41,449,0,17,332,76,408
169,37,449,0,17,336,76,412
251,42,449,0,15,338,69,407
969,42,450,0,14,350,58,408
1550,45,450,0,14,347,58,405
213,42,450,0,14,350,58,408
67,46,450,0,14,346,58,404
525,45,453,0,9,333,75,408
530,45,453,0,9,333,75,408
237,42,453,0,9,336,75,411
1626,43,459,0,16,349,67,416
1037,45,459,0,16,347,67,414
873,38,459,0,16,354,67,421
1216,44,459,0,16,348,67,415
1306,37,461,0,18,336,88,424
1103,43,461,0,16,337,81,418
97,40,461,0,18,333,88,421
144,42,461,0,16,338,81,419
120,39,461,0,18,334,88,422
119,40,461,0,18,333,88,421
177,41,466,0,17,351,74,425
1233,45,466,0,17,347,74,421
913,48,467,0,1,412,7,419
107,48,467,0,1,410,9,419
311,47,467,0,1,411,9,420
306,35,468,0,17,345,88,433
91,42,468,0,17,338,88,426
1300,48,475,0,2,410,17,427
101,47,475,0,2,411,17,428
956,48,475,0,2,410,17,427
909,43,476,0,18,337,96,433
441,45,477,0,19,347,85,432
1099,43,477,0,19,349,85,434
1568,49,478,0,1,421,8,429
1317,48,478,0,1,422,8,430
614,47,481,0,10,413,21,434
1334,46,481,0,10,414,21,435
1542,47,483,0,3,411,25,436
1564,42,483,0,19,338,103,441
681,48,483,0,3,410,25,435
1572,40,483,0,19,340,103,443
42,46,483,0,3,412,25,437
400,44,483,0,19,336,103,439
123,49,485,0,2,421,15,436
653,49,485,0,2,421,15,436
1618,48,490,0,12,412,30,442
1175,48,490,0,12,412,30,442
4,49,490,0,4,409,32,441
118,47,490,0,4,411,32,443
476,48,490,0,4,410,32,442
965,49,494,0,3,421,24,445
407,38,495,0,13,422,35,457
328,48,495,0,2,441,6,447
596,44,495,0,13,416,35,451
318,45,495,0,13,415,35,450
1492,40,495,0,13,420,35,455
1583,49,499,0,5,409,41,450
1635,46,499,0,5,412,41,453
1431,46,506,0,14,414,46,460
364,47,506,0,14,413,46,459
1032,50,506,0,4,420,36,456
884,46,506,0,14,414,46,460
1205,46,506,0,4,424,36,460
742,48,510,0,6,410,52,462
13,50,513,0,1,455,8,463
604,50,513,0,1,455,8,463
1528,48,515,0,5,422,45,467
1401,48,515,0,5,422,45,467
1065,50,515,0,5,420,45,465
365,49,516,0,10,440,27,467
839,48,516,0,10,441,27,468
445,48,518,0,15,412,58,470
519,47,518,0,7,411,60,471
1579,43,518,0,15,417,58,475
923,48,518,0,7,410,60,470
269,52,521,0,1,459,10,469
421,52,521,0,1,459,10,469
1150,49,523,0,5,456,18,474
1397,51,525,0,6,419,55,474
1476,51,525,0,6,419,55,474
1622,48,525,0,8,410,67,477
187,49,525,0,6,421,55,476
1617,42,525,0,17,418,65,483
817,48,525,0,17,412,65,477
427,50,525,0,6,420,55,475
853,45,525,0,17,415,65,480
852,47,525,0,17,413,65,478
39,48,525,0,8,410,67,477
1373,49,526,0,11,440,37,477
472,49,526,0,11,440,37,477
1228,47,526,0,11,442,37,479
416,53,527,0,2,458,16,474
1486,52,527,0,2,459,16,475
346,52,527,0,2,459,16,475
492,51,527,0,2,460,16,476
882,49,531,0,12,440,42,482
32,47,531,0,18,413,71,484
819,49,532,0,6,456,27,483
287,51,532,0,6,454,27,481
394,49,533,0,7,421,63,484
393,47,533,0,9,411,75,486
413,49,533,0,7,421,63,484
695,47,533,0,9,411,75,486
628,47,534,0,5,464,23,487
1310,49,534,0,5,462,23,485
1190,50,537,0,13,439,48,487
253,47,537,0,13,442,48,490
361,45,539,0,19,415,79,494
333,50,541,0,8,420,71,491
771,49,541,0,8,421,71,492
1102,52,542,0,7,459,31,490
385,46,546,0,10,459,41,500
1121,40,548,0,14,449,59,508
1478,52,549,0,8,459,38,497
780,51,550,0,9,419,80,499
1567,47,550,0,9,423,80,503
295,52,555,0,9,459,44,503
605,53,555,0,1,497,5,502
718,45,556,0,11,460,51,511
1532,48,556,0,11,457,51,508
1565,45,560,0,15,444,71,515
9,48,560,0,15,441,71,512
713,51,561,0,12,454,56,510
1192,55,565,0,2,495,15,510
1067,54,565,0,2,496,15,511
1368,54,565,0,2,496,15,511
806,48,566,0,13,463,55,518
1319,51,566,0,13,460,55,515
1285,51,568,0,13,454,63,517
648,51,568,0,13,454,63,517
1243,52,569,0,1,512,5,517
1279,52,569,0,1,512,5,517
1108,49,571,0,14,462,60,522
1130,50,571,0,14,461,60,521
810,45,572,0,16,444,83,527
1474,49,572,0,16,440,83,523
143,48,572,0,16,441,83,524
1188,52,574,0,3,498,24,522
1545,52,574,0,3,498,24,522
642,56,575,0,1,512,7,519
310,57,575,0,1,511,7,518
1123,51,576,0,14,454,71,525
148,50,579,0,15,461,68,529
1578,51,579,0,15,460,68,528
973,52,579,0,15,459,68,527
100,56,580,0,2,512,12,524
456,47,582,0,17,442,93,535
1197,49,582,0,17,440,93,533
746,49,582,0,17,440,93,533
171,54,583,0,4,496,33,529
125,53,583,0,4,497,33,530
444,52,587,0,19,459,76,535
223,43,587,0,19,468,76,544
1659,55,588,0,10,509,24,533
49,55,588,0,10,509,24,533
1157,47,588,0,15,458,83,541
397,54,588,0,10,510,24,534
1283,48,588,0,15,457,83,540
679,56,590,0,3,512,22,534
113,56,590,0,3,512,22,534
1641,55,590,0,3,513,22,535
1664,54,591,0,5,496,41,537
325,46,592,0,18,443,103,546
1374,53,598,0,11,511,34,545
358,53,598,0,11,511,34,545
1326,51,598,0,11,513,34,547
497,54,598,0,6,496,48,544
1009,54,599,0,4,514,31,545
510,51,599,0,17,454,94,548
115,56,599,0,4,512,31,543
432,53,604,0,5,515,36,551
1072,52,604,0,5,516,36,552
822,42,604,0,19,447,115,562
1593,50,606,0,18,455,101,556
889,54,606,0,13,510,42,552
1117,53,606,0,13,511,42,553
122,53,606,0,13,511,42,553
104,49,606,0,18,456,101,557
129,41,606,0,18,464,101,565
1118,54,606,0,13,510,42,552
1624,53,607,0,7,497,57,554
410,53,607,0,7,497,57,554
1588,54,607,0,7,496,57,553
1160,49,607,0,7,501,57,558
514,48,612,0,19,457,107,564
668,51,612,0,19,454,107,561
893,53,613,0,6,515,45,560
1020,54,614,0,15,510,50,560
1105,52,615,0,8,498,65,563
633,54,615,0,8,496,65,561
779,55,620,0,9,495,70,565
1255,54,620,0,9,496,70,566
58,52,620,0,9,498,70,568
721,47,620,0,9,503,70,573
87,55,621,0,4,557,9,566
202,56,624,0,7,512,56,568
299,56,624,0,7,512,56,568
706,55,624,0,7,513,56,569
922,55,624,0,7,513,56,569
1428,49,625,0,16,515,61,576
139,54,629,0,8,558,17,575
1180,55,629,0,8,557,17,574
1604,55,631,0,8,513,63,576
572,56,631,0,8,512,63,575
163,56,631,0,8,512,63,575
1062,57,631,0,8,511,63,574
138,56,636,0,10,556,24,580
901,54,636,0,10,558,24,582
1006,48,636,0,10,564,24,588
1458,51,637,0,17,513,73,586
124,57,637,0,2,572,8,580
1369,56,637,0,2,573,8,581
934,55,640,0,9,513,72,585
272,54,643,0,18,510,79,589
1423,53,643,0,11,559,31,590
292,53,643,0,18,511,79,590
1059,45,643,0,18,519,79,598
860,58,647,0,2,577,12,589
1321,59,647,0,2,576,12,588
1022,54,648,0,19,510,84,594
1127,53,648,0,19,511,84,595
892,59,649,0,2,578,12,590
733,55,652,0,13,557,40,597
1291,55,652,0,13,557,40,597
1355,53,652,0,13,559,40,599
984,56,657,0,14,556,45,601
377,59,657,0,3,576,22,598
1437,54,660,0,10,575,31,606
233,50,660,0,10,579,31,610
48,58,660,0,10,571,31,602
1569,56,660,0,10,573,31,604
1525,55,660,0,10,574,31,605
593,56,662,0,5,581,25,606
660,56,666,0,15,556,54,610
659,53,666,0,15,559,54,613
855,53,666,0,15,559,54,613
1284,51,666,0,15,561,54,615
446,55,666,0,15,557,54,611
843,54,666,0,15,558,54,612
1327,59,668,0,11,570,39,609
368,56,668,0,11,573,39,612
1295,58,668,0,11,571,39,610
1390,60,668,0,4,575,33,608
801,56,668,0,4,579,33,612
1329,53,668,0,11,576,39,615
464,62,669,0,1,597,10,607
309,61,669,0,1,598,10,608
482,59,671,0,6,578,34,612
327,61,674,0,2,598,15,613
1597,53,675,0,12,576,46,622
1654,56,675,0,12,573,46,619
938,55,676,0,17,557,64,621
1053,59,678,0,5,576,43,619
1450,58,678,0,5,577,43,620
363,59,680,0,7,578,43,621
95,58,680,0,7,579,43,622
704,61,681,0,3,598,22,620
1034,56,682,0,18,556,70,626
985,55,683,0,14,574,54,628
3,55,683,0,14,574,54,628
64,60,685,0,8,577,48,625
1479,58,685,0,8,579,48,627
1087,62,686,0,4,597,27,624
1071,62,686,0,4,597,27,624
624,61,686,0,4,598,27,625
1112,59,687,0,6,576,52,628
257,59,687,0,6,576,52,628
878,52,688,0,19,560,76,636
37,57,688,0,15,572,59,631
1649,54,694,0,10,583,57,640
179,62,694,0,10,612,20,632
1582,62,694,0,10,612,20,632
594,58,694,0,10,579,57,636
245,59,694,0,10,578,57,635
391,58,697,0,7,577,62,639
1497,59,697,0,7,576,62,638
342,62,698,0,5,597,39,636
1263,57,698,0,5,602,39,641
1445,60,698,0,5,599,39,638
1170,60,699,0,11,614,25,639
1296,55,699,0,11,619,25,644
808,58,700,0,16,571,71,642
589,57,700,0,16,572,71,643
641,51,700,0,12,586,63,649
340,60,704,0,8,575,69,644
1061,55,704,0,8,580,69,649
770,58,704,0,8,577,69,646
146,53,704,0,8,582,69,651
252,56,704,0,8,579,69,648
600,58,704,0,8,577,69,646
1638,62,706,0,7,597,47,644
20,62,706,0,7,597,47,644
6,58,706,0,7,601,47,648
544,62,708,0,12,612,34,646
59,59,709,0,9,576,74,650
880,57,709,0,13,580,72,652
388,58,709,0,17,571,80,651
784,55,709,0,13,582,72,654
790,58,709,0,9,577,74,651
339,57,709,0,9,578,74,652
1297,61,711,0,8,598,52,650
1603,57,711,0,8,602,52,654
788,61,715,0,13,613,41,654
1511,59,715,0,14,578,78,656
485,61,715,0,13,613,41,654
1004,53,715,0,13,621,41,662
466,60,715,0,13,614,41,655
1606,60,720,0,9,599,61,660
1402,62,720,0,9,597,61,658
1303,60,720,0,9,599,61,660
1571,57,720,0,19,572,91,663
369,62,720,0,9,597,61,658
982,60,720,0,9,599,61,660
376,63,721,0,3,651,7,658
1129,62,724,0,14,612,50,662
50,60,725,0,15,577,88,665
149,60,725,0,15,577,88,665
623,62,726,0,4,652,12,664
1036,56,731,0,16,581,94,675
343,59,731,0,16,578,94,672
1270,60,732,0,15,614,58,672
44,59,732,0,15,615,58,673
43,60,732,0,15,614,58,672
268,63,736,0,1,667,6,673
1484,62,736,0,1,668,6,674
228,62,737,0,5,652,23,675
24,58,738,0,17,579,101,680
1356,57,740,0,16,617,66,683
749,59,740,0,16,615,66,681
1463,65,745,0,1,673,7,680
1559,64,745,0,1,674,7,681
201,57,748,0,19,580,111,691
832,64,749,0,3,666,19,685
1183,65,749,0,3,665,19,684
1015,65,749,0,3,665,19,684
1029,58,750,0,17,616,76,692
686,61,750,0,17,613,76,689
147,63,751,0,8,651,37,688
616,61,751,0,8,653,37,690
1193,66,757,0,2,672,19,691
1332,61,759,0,18,613,85,698
762,64,761,0,4,666,31,697
126,60,761,0,4,670,31,701
193,58,761,0,9,656,47,703
1456,61,761,0,9,653,47,700
1419,67,762,0,3,671,24,695
610,67,762,0,3,671,24,695
353,65,762,0,3,673,24,697
254,61,763,0,10,687,15,702
502,62,764,0,19,612,90,702
677,59,764,0,19,615,90,705
1538,66,769,0,4,672,31,703
1515,67,769,0,4,671,31,702
1050,63,769,0,11,651,55,706
220,59,769,0,11,655,55,710
283,67,769,0,4,671,31,702
479,62,769,0,4,676,31,707
22,63,770,0,6,667,40,707
1520,64,770,0,6,666,40,706
1058,61,770,0,6,669,40,709
1665,64,775,0,7,666,45,711
506,65,775,0,7,665,45,710
1614,63,775,0,11,685,27,712
1171,62,775,0,11,686,27,713
304,64,775,0,11,684,27,711
1325,63,775,0,11,685,27,712
1404,64,775,0,7,666,45,711
516,66,777,0,6,672,39,711
84,67,777,0,6,671,39,710
827,63,777,0,6,675,39,714
1152,61,777,0,12,653,63,716
537,65,781,0,12,683,33,716
582,65,781,0,12,683,33,716
579,65,781,0,12,683,33,716
1234,61,783,0,8,669,53,722
1411,65,783,0,8,665,53,718
112,63,783,0,1,709,11,720
1351,63,783,0,8,667,53,720
1601,64,783,0,8,666,53,719
844,64,783,0,8,666,53,719
1258,66,783,0,7,672,45,717
1611,63,783,0,8,667,53,720
1449,64,783,0,8,666,53,719
1101,64,783,0,7,674,45,719
491,54,785,0,13,660,71,731
1083,64,792,0,13,684,44,728
1394,64,792,0,13,684,44,728
634,66,794,0,8,672,56,728
897,66,794,0,8,672,56,728
1648,66,795,0,7,706,23,729
551,62,797,0,14,652,83,735
229,62,798,0,14,686,50,736
1644,67,799,0,1,724,8,732
29,65,803,0,10,707,31,738
1605,67,804,0,9,671,66,737
392,62,804,0,9,676,66,742
288,68,804,0,2,723,13,736
603,64,804,0,9,674,66,740
463,66,804,0,2,725,13,738
1301,68,807,0,2,731,8,739
846,70,807,0,2,729,8,737
731,71,807,0,2,728,8,736
1298,70,807,0,2,729,8,737
1577,63,808,0,15,651,94,745
38,64,810,0,15,684,62,746
281,64,810,0,11,708,38,746
162,70,812,0,3,729,13,742
114,68,812,0,3,731,13,744
1357,60,813,0,16,654,99,753
1349,62,813,0,16,652,99,751
898,64,819,0,12,708,47,755
1000,67,819,0,12,705,47,752
18,63,819,0,12,709,47,756
286,65,821,0,16,683,73,756
874,56,821,0,16,692,73,765
351,67,821,0,4,732,22,754
590,64,821,0,16,684,73,757
644,69,821,0,4,730,22,752
1459,60,823,0,17,654,109,763
1580,69,826,0,10,722,35,757
77,67,826,0,10,724,35,759
900,67,826,0,10,724,35,759
297,59,826,0,17,689,78,767
70,59,828,0,14,713,56,769
1155,65,828,0,14,707,56,763
1173,71,831,0,5,728,32,760
210,63,831,0,18,651,117,768
895,70,831,0,5,729,32,761
1453,62,831,0,18,652,117,769
933,62,833,0,15,710,61,771
188,66,833,0,15,706,61,767
450,67,833,0,15,705,61,766
813,67,833,0,15,705,61,766
716,65,833,0,15,707,61,768
1607,66,833,0,15,706,61,767
180,63,835,0,11,728,44,772
279,68,837,0,6,731,38,769
751,67,837,0,6,732,38,770
1120,71,838,0,2,754,13,767
622,65,838,0,18,683,90,773
863,72,838,0,2,753,13,766
401,65,838,0,18,683,90,773
607,69,838,0,2,756,13,769
1452,65,838,0,18,683,90,773
347,70,838,0,2,755,13,768
1299,71,838,0,2,754,13,767
1594,63,838,0,18,685,90,775
876,62,839,0,19,652,125,777
727,60,839,0,19,654,125,779
685,66,841,0,16,706,69,775
1203,72,846,0,4,753,21,774
802,72,846,0,4,753,21,774
89,69,847,0,13,722,56,778
649,68,847,0,13,723,56,779
1348,64,847,0,13,727,56,783
1496,66,847,0,13,725,56,781
121,65,847,0,13,726,56,782
243,70,848,0,7,729,49,778
298,69,848,0,7,730,49,779
302,69,848,0,7,730,49,779
886,66,848,0,7,733,49,782
1151,65,851,0,18,707,79,786
1060,65,851,0,18,707,79,786
1247,66,857,0,19,706,85,791
265,66,857,0,19,706,85,791
552,66,858,0,14,725,67,792
1531,72,858,0,5,753,33,786
1584,69,858,0,5,756,33,789
782,72,858,0,5,753,33,786
869,68,859,0,8,731,60,791
1609,69,859,0,8,730,60,790
646,70,859,0,8,729,60,789
752,67,864,0,6,758,39,797
743,71,864,0,6,754,39,793
322,68,866,0,15,723,75,798
1457,69,868,0,9,730,69,799
1637,67,870,0,7,758,45,803
244,68,870,0,7,757,45,802
411,72,870,0,7,753,45,798
1395,70,870,0,7,755,45,800
1587,72,870,0,7,753,45,798
847,67,871,0,1,796,8,804
374,72,872,0,1,790,10,800
461,71,872,0,1,791,10,801
1307,65,875,0,17,726,84,810
672,68,875,0,17,723,84,807
683,68,875,0,17,723,84,807
960,72,880,0,8,753,55,808
40,71,880,0,8,754,55,809
1440,71,880,0,8,754,55,809
473,73,881,0,4,790,18,808
1342,60,883,0,18,731,92,823
823,68,888,0,19,723,97,820
1586,67,888,0,19,724,97,821
955,71,889,0,10,791,27,818
76,69,889,0,10,793,27,820
601,70,889,0,10,792,27,819
137,71,889,0,10,791,27,818
1178,66,889,0,10,796,27,823
828,73,893,0,9,790,30,820
277,72,893,0,9,791,30,821
1165,72,893,0,9,791,30,821
261,73,897,0,1,813,11,824
1238,70,898,0,11,792,36,828
26,69,898,0,11,793,36,829
720,68,898,0,11,794,36,830
757,74,900,0,1,815,11,826
709,74,900,0,1,815,11,826
19,64,907,0,12,799,44,843
1013,74,907,0,1,825,8,833
758,78,907,0,1,821,8,829
81,66,907,0,12,797,44,841
581,73,907,0,12,790,44,834
69,69,910,0,12,793,48,841
583,62,910,0,12,800,48,848
728,76,911,0,2,813,22,835
1337,74,911,0,4,812,25,837
415,74,911,0,2,815,22,837
807,72,917,0,13,791,54,845
329,72,917,0,13,791,54,845
332,69,917,0,13,794,54,848
517,68,918,0,6,818,32,850
373,79,919,0,2,820,20,840
563,77,919,0,2,822,20,842
1011,77,920,0,3,812,31,843
836,75,920,0,3,814,31,845
1090,74,920,0,3,815,31,846
795,71,921,0,13,791,59,850
93,70,924,0,14,793,61,854
1432,74,926,0,8,812,40,852
1185,79,927,0,3,820,28,848
1339,79,927,0,3,820,28,848
639,78,927,0,3,821,28,849
1139,65,928,0,14,797,66,863
995,76,931,0,10,842,13,855
1086,75,931,0,4,814,42,856
172,75,931,0,4,814,42,856
1189,74,931,0,4,815,42,857
1362,76,931,0,10,842,13,855
284,78,933,0,4,821,34,855
562,71,935,0,15,792,72,864
1663,72,935,0,15,791,72,863
56,74,938,0,9,812,52,864
894,76,939,0,5,813,50,863
1399,73,939,0,5,816,50,866
88,76,939,0,5,813,50,863
1634,76,939,0,5,813,50,863
1530,78,940,0,5,821,41,862
703,70,940,0,15,792,78,870
912,64,940,0,15,798,78,876
597,77,940,0,5,822,41,863
0,71,942,0,17,792,79,871
142,73,942,0,17,790,79,869
631,75,943,0,11,843,25,868
663,77,943,0,11,841,25,866
534,70,943,0,11,848,25,873
1539,76,943,0,11,842,25,867
495,69,945,0,10,817,59,876
255,73,945,0,10,813,59,872
548,76,948,0,6,823,49,872
366,69,948,0,18,794,85,879
86,70,948,0,18,793,85,878
458,70,948,0,16,792,86,878
977,73,948,0,18,790,85,875
186,78,948,0,6,821,49,870
820,72,948,0,6,827,49,876
1138,74,949,0,6,815,60,875
1398,76,949,0,6,813,60,873
543,67,952,0,12,851,34,885
512,68,954,0,19,795,91,886
1018,68,955,0,19,794,93,887
398,73,955,0,7,816,66,882
83,67,955,0,19,795,93,888
1316,76,955,0,7,813,66,879
671,69,955,0,19,793,93,886
408,78,957,0,7,821,58,879
533,72,957,0,11,814,71,885
175,75,957,0,7,824,58,882
1407,77,957,0,7,822,58,880
35,72,963,0,8,817,74,891
787,77,963,0,8,812,74,886
1007,75,964,0,13,843,46,889
789,73,964,0,13,845,46,891
1384,71,966,0,12,815,80,895
1144,78,967,0,9,821,68,889
694,74,967,0,9,825,68,893
290,74,967,0,9,825,68,893
10,76,967,0,9,823,68,891
418,74,970,0,14,844,52,896
437,73,970,0,14,845,52,897
890,73,975,0,13,813,89,902
481,73,975,0,13,813,89,902
1292,73,975,0,13,813,89,902
1202,71,977,0,15,847,59,906
1242,78,982,0,1,899,5,904
866,78,982,0,1,899,5,904
932,74,985,0,15,812,99,911
841,73,985,0,15,813,99,912
1447,76,988,0,16,842,70,912
620,80,988,0,3,897,11,908
835,75,988,0,16,843,70,913
31,77,988,0,3,900,11,911
1573,74,991,0,17,812,105,917
375,82,991,0,1,899,10,909
1442,72,991,0,17,814,105,919
1248,80,993,0,4,897,16,913
379,77,993,0,4,900,16,916
729,74,997,0,10,908,15,923
1417,81,997,0,10,901,15,916
615,79,997,0,10,903,15,918
467,73,998,0,17,845,80,925
68,85,998,0,2,896,17,913
915,76,998,0,17,842,80,922
1084,82,999,0,5,895,22,917
382,81,999,0,5,896,22,918
1039,72,999,0,19,814,113,927
756,81,999,0,5,896,22,918
661,73,999,0,19,813,113,926
266,70,999,0,19,816,113,929
1585,65,999,0,19,821,113,934
1426,81,999,0,5,896,22,918
1137,78,999,0,5,899,22,921
1436,77,1001,0,10,904,20,924
1078,81,1005,0,11,901,23,924
303,78,1005,0,11,904,23,927
1541,79,1005,0,11,903,23,926
291,74,1008,0,18,844,90,934
667,75,1008,0,18,843,90,933
1547,76,1008,0,18,842,90,932
1642,82,1009,0,3,899,28,927
1556,84,1009,0,3,897,28,925
722,81,1010,0,6,896,33,929
1333,77,1010,0,11,904,29,933
926,74,1010,0,11,907,29,936
1236,80,1010,0,6,897,33,930
798,82,1010,0,6,895,33,928
975,79,1010,0,11,902,29,931
471,76,1010,0,11,905,29,934
1269,85,1015,0,4,896,34,930
1240,80,1015,0,4,901,34,935
1107,82,1015,0,4,899,34,933
184,81,1016,0,12,901,34,935
1489,78,1016,0,12,904,34,938
249,80,1016,0,12,902,34,936
1405,74,1016,0,7,903,39,942
1359,80,1016,0,7,897,39,936
1385,69,1019,0,12,912,38,950
1488,77,1019,0,12,904,38,942
1472,74,1019,0,19,844,101,945
1003,80,1022,0,13,902,40,942
1491,77,1022,0,13,905,40,945
383,83,1024,0,5,898,43,941
341,76,1026,0,8,901,49,950
1433,73,1026,0,8,904,49,953
1235,79,1026,0,8,898,49,947
637,79,1026,0,8,898,49,947
1516,78,1030,0,13,903,49,952
1330,74,1030,0,13,907,49,956
1048,79,1032,0,14,903,50,953
1027,77,1032,0,14,905,50,955
958,75,1032,0,14,907,50,957
1281,76,1032,0,14,906,50,956
1222,70,1032,0,14,912,50,962
154,84,1034,0,6,897,53,950
1370,83,1034,0,6,898,53,951
732,82,1037,0,2,944,11,955
314,79,1039,0,14,902,58,960
71,79,1039,0,14,902,58,960
1512,78,1039,0,14,903,58,961
135,80,1041,0,15,902,59,961
1590,85,1045,0,7,896,64,960
1074,78,1045,0,7,903,64,967
111,78,1049,0,16,903,68,971
1506,81,1051,0,10,945,25,970
483,87,1052,0,1,959,6,965
1225,80,1052,0,17,902,70,972
1513,88,1052,0,1,958,6,964
1378,83,1055,0,8,898,74,972
431,84,1055,0,8,897,74,971
564,85,1055,0,8,896,74,970
1280,83,1055,0,8,898,74,972
152,82,1059,0,11,944,33,977
513,81,1059,0,18,901,77,978
1477,80,1059,0,11,946,33,979
1460,78,1059,0,17,903,78,981
381,85,1060,0,10,959,16,975
1599,84,1060,0,10,960,16,976
1627,86,1064,0,2,960,18,978
888,83,1064,0,2,963,18,981
946,86,1064,0,2,960,18,978
891,88,1064,0,2,958,18,976
1259,81,1065,0,12,945,39,984
132,81,1065,0,12,945,39,984
426,73,1065,0,18,908,84,992
584,78,1065,0,12,948,39,987
1341,77,1065,0,18,904,84,988
402,76,1065,0,18,905,84,989
238,84,1066,0,9,897,85,982
239,85,1066,0,9,896,85,981
974,82,1066,0,9,899,85,984
696,84,1066,0,9,897,85,982
1044,82,1068,0,11,962,24,986
1336,82,1068,0,11,962,24,986
824,81,1069,0,19,901,87,988
79,76,1072,0,19,905,91,996
1410,75,1072,0,19,906,91,997
1209,78,1072,0,19,903,91,994
468,82,1075,0,13,944,49,993
1210,85,1076,0,3,961,30,991
1558,83,1077,0,12,961,33,994
57,85,1085,0,14,959,41,1000
968,75,1085,0,14,969,41,1010
1199,84,1085,0,14,960,41,1001
380,88,1085,0,4,958,39,997
117,83,1087,0,14,943,61,1004
1047,76,1087,0,14,950,61,1011
451,83,1087,0,14,943,61,1004
436,77,1087,0,14,949,61,1010
1024,90,1091,0,1,993,8,1001
710,89,1091,0,1,994,8,1002
51,81,1093,0,15,963,49,1012
1052,86,1094,0,5,960,48,1008
656,73,1096,0,15,953,70,1023
818,87,1099,0,6,959,53,1012
428,85,1099,0,6,961,53,1014
474,85,1101,0,4,998,18,1016
317,85,1102,0,16,959,58,1017
1231,81,1102,0,16,963,58,1021
1446,82,1102,0,16,944,76,1020
459,83,1102,0,16,961,58,1019
872,82,1102,0,16,944,76,1020
197,88,1105,0,7,958,59,1017
73,85,1105,0,7,961,59,1020
887,86,1105,0,7,960,59,1019
1,83,1109,0,17,961,65,1026
176,85,1109,0,17,959,65,1024
23,80,1109,0,17,964,65,1029
1574,85,1109,0,17,959,65,1024
1455,77,1109,0,17,967,65,1032
845,84,1110,0,8,962,64,1026
36,88,1110,0,8,958,64,1022
1126,85,1110,0,8,961,64,1025
167,79,1111,0,17,947,85,1032
209,91,1113,0,5,992,30,1022
1371,88,1113,0,5,995,30,1025
1365,89,1113,0,5,994,30,1024
7,86,1113,0,5,997,30,1027
592,90,1113,0,5,993,30,1023
1265,89,1116,0,10,1011,16,1027
1499,88,1118,0,9,958,72,1030
1471,85,1118,0,9,961,72,1033
1145,86,1118,0,9,960,72,1032
1309,89,1119,0,6,994,36,1030
585,85,1119,0,10,1014,20,1034
367,85,1119,0,18,959,75,1034
98,84,1119,0,18,960,75,1035
1630,80,1122,0,18,946,96,1042
698,83,1122,0,18,943,96,1039
1324,88,1125,0,11,1011,26,1037
719,82,1125,0,11,1017,26,1043
1043,79,1125,0,19,965,81,1046
854,83,1125,0,11,1017,25,1042
349,83,1128,0,19,943,102,1045
1181,80,1128,0,19,946,102,1048
1114,84,1129,0,7,999,46,1045
15,91,1129,0,7,992,46,1038
1527,90,1129,0,7,993,46,1039
881,81,1130,0,12,1018,31,1049
212,88,1130,0,12,1011,31,1042
247,90,1134,0,8,993,51,1044
803,89,1134,0,8,994,51,1045
774,88,1134,0,8,995,51,1046
635,86,1134,0,8,997,51,1048
1610,88,1134,0,8,995,51,1046
487,89,1134,0,8,994,51,1045
632,88,1137,0,12,1012,37,1049
390,91,1141,0,9,992,58,1050
1289,86,1141,0,13,1013,42,1055
484,83,1141,0,13,1016,42,1058
529,88,1141,0,9,995,58,1053
465,92,1144,0,1,1043,9,1052
1561,94,1144,0,1,1041,9,1050
987,93,1144,0,1,1042,9,1051
1354,89,1149,0,13,1011,49,1060
1286,88,1149,0,13,1012,49,1061
560,77,1152,0,15,1022,53,1075
130,80,1152,0,15,1019,53,1072
1435,87,1152,0,15,1012,53,1065
493,85,1152,0,15,1014,53,1067
1156,84,1152,0,15,1015,53,1068
945,95,1153,0,2,1040,18,1058
1315,91,1158,0,14,1009,58,1067
460,93,1159,0,2,1055,11,1066
1546,91,1161,0,3,1044,26,1070
1012,93,1161,0,3,1042,26,1068
857,91,1163,0,1,1063,9,1072
156,88,1164,0,16,1011,65,1076
145,84,1164,0,16,1015,65,1080
420,89,1169,0,17,1010,70,1080
241,85,1169,0,17,1014,70,1084
389,88,1169,0,17,1011,70,1081
717,91,1170,0,15,1009,70,1079
1517,86,1170,0,15,1014,70,1084
1387,89,1170,0,15,1011,70,1081
654,92,1171,0,2,1062,17,1079
433,95,1171,0,4,1040,36,1076
848,99,1171,0,1,1061,11,1072
195,92,1171,0,4,1043,36,1079
1318,99,1171,0,1,1061,11,1072
626,92,1171,0,4,1043,36,1079
1244,87,1177,0,18,1012,78,1090
1033,85,1177,0,18,1014,78,1092
542,92,1179,0,5,1043,44,1087
948,89,1179,0,5,1046,44,1090
957,96,1180,0,2,1064,20,1084
1434,101,1180,0,2,1059,20,1079
102,98,1180,0,2,1062,20,1082
226,94,1180,0,5,1060,26,1086
675,89,1181,0,16,1011,81,1092
1070,85,1181,0,16,1015,81,1096
730,93,1183,0,10,1055,35,1090
178,91,1183,0,10,1057,35,1092
555,92,1185,0,3,1068,25,1093
611,97,1185,0,3,1063,25,1088
337,100,1185,0,3,1060,25,1085
1005,91,1186,0,6,1063,32,1095
1510,86,1187,0,19,1013,88,1101
1237,87,1188,0,11,1061,40,1101
630,89,1188,0,11,1059,40,1099
988,91,1188,0,11,1057,40,1097
1424,89,1188,0,11,1059,40,1099
1196,85,1189,0,17,1015,89,1104
1262,90,1189,0,17,1010,89,1099
99,85,1189,0,17,1015,89,1104
764,90,1190,0,6,1045,55,1100
905,98,1191,0,4,1062,31,1093
1056,98,1191,0,4,1062,31,1093
1260,91,1191,0,4,1069,31,1100
63,96,1191,0,4,1064,31,1095
1141,98,1191,0,4,1062,31,1093
425,89,1195,0,18,1011,95,1106
906,90,1195,0,18,1010,95,1105
1218,92,1196,0,7,1043,61,1104
1251,94,1196,0,7,1041,61,1102
1217,94,1196,0,7,1041,61,1102
1164,92,1196,0,7,1062,42,1104
1224,84,1197,0,12,1064,49,1113
72,82,1201,0,19,1018,101,1119
264,79,1201,0,19,1021,101,1122
1208,90,1201,0,19,1010,101,1111
919,87,1201,0,19,1013,101,1114
532,95,1202,0,5,1065,42,1107
406,96,1203,0,10,1058,49,1107
1344,94,1203,0,10,1060,49,1109
908,92,1206,0,8,1043,71,1114
61,91,1206,0,8,1044,71,1115
262,91,1206,0,13,1057,58,1115
1602,91,1206,0,8,1044,71,1115
763,99,1212,0,6,1061,52,1113
527,91,1213,0,9,1044,78,1122
11,93,1213,0,9,1042,78,1120
1386,93,1214,0,12,1061,60,1121
457,93,1216,0,14,1055,68,1123
92,91,1216,0,14,1057,68,1125
959,90,1216,0,14,1058,68,1126
783,89,1222,0,13,1065,68,1133
470,95,1224,0,7,1065,64,1129
1077,92,1228,0,1,1125,11,1136
1204,100,1229,0,8,1060,69,1129
794,91,1229,0,16,1057,81,1138
870,97,1229,0,8,1063,69,1132
997,90,1232,0,14,1064,78,1142
1025,93,1232,0,14,1061,78,1139
1543,86,1232,0,14,1068,78,1146
1343,95,1232,0,14,1059,78,1137
66,94,1232,0,14,1060,78,1138
1575,100,1234,0,2,1117,17,1134
1147,101,1234,0,9,1059,74,1133
1468,97,1234,0,9,1063,74,1137
856,102,1237,0,1,1129,6,1135
1014,107,1237,0,1,1124,6,1130
417,108,1237,0,1,1123,6,1129
1261,93,1237,0,17,1055,89,1144
1082,88,1237,0,17,1060,89,1149
1388,91,1238,0,15,1063,84,1147
1633,102,1240,0,5,1123,15,1138
305,105,1245,0,2,1126,14,1140
159,101,1245,0,2,1130,14,1144
1591,103,1245,0,2,1128,14,1142
1631,92,1247,0,18,1056,99,1155
1522,82,1248,0,16,1072,94,1166
778,101,1249,0,6,1124,24,1148
515,81,1252,0,19,1067,104,1171
875,92,1252,0,19,1056,104,1160
232,92,1252,0,19,1056,104,1160
280,85,1252,0,19,1063,104,1167
1030,95,1255,0,17,1059,101,1160
650,104,1255,0,3,1127,24,1151
34,97,1255,0,7,1128,30,1158
1503,96,1257,0,10,1121,40,1161
1570,98,1257,0,10,1119,40,1159
1645,102,1258,0,1,1150,6,1156
1639,109,1258,0,1,1143,6,1149
108,105,1258,0,1,1147,6,1153
1462,106,1258,0,1,1146,6,1152
962,92,1262,0,18,1062,108,1170
849,99,1265,0,9,1126,40,1166
691,98,1265,0,12,1119,48,1167
1501,97,1265,0,12,1120,48,1168
1623,105,1266,0,4,1126,35,1161
196,106,1266,0,4,1125,35,1160
1088,108,1266,0,4,1123,35,1158
1320,103,1270,0,2,1149,18,1167
103,104,1270,0,2,1148,18,1166
225,102,1272,0,5,1129,41,1170
1134,103,1272,0,5,1128,41,1169
1470,96,1273,0,19,1058,119,1177
753,95,1273,0,19,1059,119,1178
1598,97,1274,0,10,1128,49,1177
595,94,1274,0,10,1131,49,1180
1266,100,1274,0,10,1125,49,1174
902,100,1274,0,10,1125,49,1174
1142,97,1277,0,13,1120,60,1180
1420,103,1277,0,3,1149,25,1174
1287,95,1277,0,13,1122,60,1182
1533,110,1277,0,3,1142,25,1167
609,93,1277,0,13,1124,60,1184
205,96,1282,0,6,1135,51,1186
258,103,1282,0,6,1128,51,1179
1201,106,1282,0,6,1125,51,1176
319,107,1282,0,6,1124,51,1175
1620,111,1283,0,4,1141,31,1172
1132,109,1283,0,4,1143,31,1174
1249,105,1283,0,4,1147,31,1178
1092,108,1283,0,4,1144,31,1175
313,99,1287,0,14,1118,70,1188
570,98,1287,0,12,1127,62,1189
1276,100,1287,0,12,1125,62,1187
734,101,1287,0,12,1124,62,1186
786,91,1289,0,10,1185,13,1198
183,108,1291,0,7,1123,60,1183
21,97,1291,0,7,1134,60,1194
518,102,1291,0,7,1129,60,1189
627,104,1292,0,5,1148,40,1188
1066,98,1292,0,5,1154,40,1194
741,109,1292,0,5,1143,40,1183
608,97,1295,0,13,1128,70,1198
1595,96,1295,0,13,1129,70,1199
136,96,1297,0,15,1121,80,1201
812,97,1297,0,15,1120,80,1200
606,94,1297,0,15,1123,80,1203
1042,97,1298,0,11,1179,22,1201
928,102,1298,0,11,1174,22,1196
1093,102,1298,0,11,1174,22,1196
976,94,1298,0,11,1182,22,1204
1540,101,1298,0,11,1175,22,1197
1045,100,1298,0,11,1176,22,1198
1079,104,1298,0,11,1172,22,1194
449,104,1302,0,8,1127,71,1198
1662,109,1303,0,7,1143,51,1194
536,105,1303,0,12,1171,27,1198
924,108,1303,0,7,1144,51,1195
395,107,1303,0,7,1145,51,1196
110,97,1306,0,16,1120,89,1209
1109,100,1306,0,14,1125,81,1206
116,91,1306,0,14,1134,81,1215
271,103,1309,0,13,1173,33,1206
1331,99,1313,0,18,1118,96,1214
273,85,1313,0,18,1132,96,1228
1096,109,1313,0,1,1194,10,1204
500,97,1313,0,18,1120,96,1216
60,110,1313,0,8,1142,61,1203
1250,96,1313,0,18,1121,96,1217
520,102,1314,0,14,1174,38,1212
1576,88,1316,0,15,1137,91,1228
1643,110,1319,0,9,1142,67,1209
447,91,1319,0,19,1126,102,1228
157,89,1319,0,19,1128,102,1230
490,104,1324,0,16,1172,48,1220
522,95,1325,0,16,1130,100,1230
967,108,1326,0,3,1195,23,1218
294,107,1328,0,1,1213,8,1221
1345,117,1328,0,1,1203,8,1211
1353,113,1328,0,1,1207,8,1215
745,101,1332,0,17,1124,107,1231
767,106,1334,0,17,1170,58,1228
994,111,1339,0,7,1192,36,1228
553,110,1339,0,7,1193,36,1229
1439,106,1340,0,18,1170,64,1234
1113,99,1340,0,18,1177,64,1241
85,105,1340,0,18,1171,64,1235
33,100,1340,0,18,1176,64,1240
619,104,1340,0,18,1172,64,1236
1245,99,1340,0,18,1126,115,1241
75,117,1341,0,3,1203,21,1224
503,111,1342,0,1,1223,8,1231
936,118,1342,0,1,1216,8,1224
354,116,1342,0,1,1218,8,1226
858,114,1342,0,1,1220,8,1228
1514,113,1342,0,1,1221,8,1229
1179,106,1347,0,10,1197,44,1241
1069,105,1347,0,10,1198,44,1242
1621,113,1347,0,4,1207,27,1234
725,118,1348,0,2,1216,14,1230
917,120,1348,0,2,1214,14,1228
372,117,1348,0,2,1217,14,1231
877,101,1350,0,19,1124,125,1249
567,102,1352,0,19,1174,76,1250
1509,103,1352,0,19,1173,76,1249
53,110,1355,0,11,1193,52,1245
1615,103,1355,0,11,1200,52,1252
1229,102,1355,0,11,1201,52,1253
657,113,1358,0,5,1207,38,1245
1089,116,1358,0,3,1218,24,1242
1095,114,1358,0,5,1206,38,1244
1636,114,1358,0,5,1206,38,1244
966,120,1358,0,3,1214,24,1238
1658,114,1362,0,10,1230,18,1248
78,114,1362,0,10,1230,18,1248
1505,109,1362,0,10,1235,18,1253
316,116,1365,0,6,1204,45,1249
1415,115,1365,0,6,1205,45,1250
1416,117,1365,0,6,1203,45,1248
1239,93,1367,0,15,1210,64,1274
1219,107,1367,0,15,1196,64,1260
842,104,1367,0,15,1199,64,1263
1608,110,1367,0,15,1193,64,1257
1241,113,1368,0,4,1221,34,1255
475,120,1368,0,4,1214,34,1248
301,111,1373,0,7,1209,53,1262
540,116,1374,0,11,1228,30,1258
989,117,1374,0,11,1227,30,1257
344,106,1377,0,16,1197,74,1271
809,102,1377,0,16,1201,74,1275
750,100,1377,0,16,1203,74,1277
1104,108,1378,0,5,1226,44,1270
1632,112,1378,0,5,1222,44,1266
27,113,1380,0,8,1207,60,1267
636,116,1380,0,8,1204,60,1264
140,112,1380,0,8,1208,60,1268
647,113,1380,0,8,1207,60,1267
190,113,1380,0,8,1207,60,1267
106,111,1380,0,12,1233,36,1269
105,102,1380,0,12,1242,36,1278
62,111,1380,0,8,1209,60,1269
1076,110,1383,0,18,1193,80,1273
1314,108,1383,0,18,1195,80,1275
951,114,1388,0,9,1206,68,1274
1414,112,1388,0,9,1208,68,1276
765,120,1390,0,6,1214,56,1270
568,119,1390,0,6,1215,56,1271
1347,104,1390,0,13,1240,46,1286
665,113,1390,0,13,1231,46,1277
1017,98,1391,0,19,1205,88,1293
662,101,1391,0,19,1202,88,1290
598,120,1394,0,5,1263,11,1274
224,119,1394,0,5,1263,12,1275
556,103,1395,0,10,1273,19,1292
1549,117,1396,0,14,1227,52,1279
1049,112,1396,0,14,1232,52,1284
1213,117,1399,0,7,1217,65,1282
1629,115,1402,0,15,1229,58,1287
539,109,1406,0,11,1268,29,1297
831,110,1406,0,11,1266,30,1296
574,118,1406,0,11,1258,30,1288
1379,113,1406,0,8,1221,72,1293
1360,118,1406,0,7,1263,25,1288
811,101,1409,0,16,1243,65,1308
1391,110,1409,0,16,1234,65,1299
54,108,1409,0,16,1236,65,1301
55,115,1409,0,16,1229,65,1294
80,117,1412,0,12,1259,36,1295
999,100,1412,0,12,1276,36,1312
690,119,1412,0,12,1257,36,1293
1596,114,1412,0,12,1263,35,1298
371,113,1412,0,9,1222,77,1299
925,119,1412,0,9,1215,78,1293
559,118,1417,0,8,1263,36,1299
1081,114,1419,0,17,1230,75,1305
276,120,1422,0,9,1262,40,1302
1198,118,1424,0,14,1258,48,1306
1408,112,1427,0,18,1232,83,1315
978,96,1427,0,18,1248,83,1331
561,115,1431,0,15,1261,55,1316
1361,120,1431,0,10,1261,50,1311
422,115,1431,0,15,1261,55,1316
1566,106,1432,0,19,1238,88,1326
1323,115,1436,0,11,1268,53,1321
1523,112,1441,0,16,1264,65,1329
684,112,1441,0,16,1265,64,1329
1524,120,1441,0,16,1256,65,1321
448,117,1449,0,13,1264,68,1332
1392,114,1449,0,13,1267,68,1335
1335,119,1449,0,13,1262,68,1330
1226,120,1453,0,17,1256,77,1333
360,113,1453,0,17,1263,77,1340
711,102,1453,0,17,1275,76,1351
1122,105,1454,0,14,1276,73,1349
1169,110,1454,0,14,1272,72,1344
1430,114,1462,0,18,1262,86,1348
90,118,1462,0,17,1266,78,1344
453,117,1462,0,18,1259,86,1345
166,106,1470,0,19,1270,94,1364
669,117,1470,0,19,1265,88,1353
