915,9,15,2,0,1,5,6
212,0,26,2,0,5,21,26
827,5,26,2,0,1,20,21
195,1,26,1,0,9,16,25
638,18,26,1,0,1,7,8
962,3,26,1,0,7,16,23
77,23,26,1,0,1,2,3
1274,2,26,1,0,9,15,24
1248,11,37,6,0,7,19,26
647,5,37,6,0,11,21,32
28,22,37,5,0,1,14,15
369,13,37,4,0,15,9,24
62,11,37,7,0,1,25,26
899,2,37,6,0,14,21,35
849,15,37,4,0,13,9,22
1320,14,37,5,0,9,14,23
1249,22,37,5,0,4,11,15
766,10,37,4,0,18,9,27
1044,6,37,5,0,17,14,31
703,10,37,5,0,13,14,27
1000,4,37,7,0,6,27,33
1158,21,37,5,0,3,13,16
948,11,37,5,0,14,12,26
271,3,37,7,0,8,26,34
298,6,37,5,0,18,13,31
40,0,37,7,0,10,27,37
606,4,37,6,0,13,20,33
209,17,37,4,0,11,9,20
725,10,42,14,0,8,24,32
683,5,42,13,0,20,17,37
1056,1,42,14,0,16,25,41
587,10,42,14,0,7,25,32
943,9,42,14,0,8,25,33
976,19,42,13,0,6,17,23
1243,23,42,13,0,2,17,19
1352,6,42,13,0,20,16,36
59,19,42,14,0,2,21,23
624,21,42,13,0,5,16,21
1064,18,42,13,0,8,16,24
787,8,42,14,0,9,25,34
81,11,42,13,0,14,17,31
433,10,42,13,0,15,17,32
459,7,42,14,0,11,24,35
920,8,42,14,0,11,23,34
462,10,42,14,0,10,22,32
35,20,42,14,0,2,20,22
1029,12,42,14,0,5,25,30
529,18,42,13,0,7,17,24
826,16,44,2,0,20,8,28
393,24,44,2,0,11,9,20
1003,23,44,2,0,14,7,21
266,28,44,2,0,8,8,16
1188,2,44,3,0,6,36,42
1013,12,44,2,0,23,9,32
756,9,44,3,0,1,34,35
914,16,44,2,0,19,9,28
564,28,44,3,0,1,15,16
294,11,44,3,0,1,32,33
42,19,44,3,0,1,24,25
1262,30,44,3,0,1,13,14
392,28,44,2,0,7,9,16
1302,4,44,3,0,3,37,40
227,19,44,3,0,2,23,25
400,36,44,2,0,1,7,8
1068,20,44,3,0,2,22,24
99,13,44,3,0,1,30,31
562,13,44,3,0,2,29,31
894,1,44,3,0,6,37,43
181,17,55,4,0,23,15,38
26,25,55,6,0,1,29,30
589,29,55,6,0,1,25,26
608,21,55,6,0,1,33,34
516,28,55,4,0,12,15,27
739,36,55,5,0,1,18,19
475,31,55,5,0,2,22,24
171,34,55,5,0,1,20,21
325,11,55,4,0,29,15,44
340,13,55,4,0,28,14,42
850,33,55,4,0,7,15,22
1128,36,55,5,0,2,17,19
1231,28,55,5,0,4,23,27
309,16,55,7,0,1,38,39
440,23,55,6,0,1,31,32
337,8,55,7,0,3,44,47
824,22,55,4,0,18,15,33
885,22,55,6,0,1,32,33
178,35,55,5,0,1,19,20
605,26,55,6,0,1,28,29
769,47,57,1,0,6,4,10
225,47,57,1,0,5,5,10
635,43,57,1,0,11,3,14
617,31,57,1,0,21,5,26
546,44,57,1,0,8,5,13
111,45,57,1,0,7,5,12
0,35,57,1,0,18,4,22
132,46,57,1,0,6,5,11
355,41,57,1,0,11,5,16
1090,34,57,1,0,18,5,23
1150,37,57,1,0,15,5,20
1048,48,57,1,0,4,5,9
1279,51,57,1,0,2,4,6
1130,31,57,1,0,23,3,26
549,44,57,1,0,9,4,13
131,27,57,1,0,26,4,30
75,26,57,1,0,26,5,31
1131,42,57,1,0,11,4,15
74,42,57,1,0,10,5,15
634,51,57,1,0,1,5,6
7,29,64,16,0,11,24,35
737,39,64,16,0,1,24,25
539,38,64,16,0,3,23,26
359,21,64,16,0,18,25,43
736,14,64,16,0,25,25,50
652,8,64,16,0,31,25,56
959,31,64,16,0,8,25,33
387,11,64,16,0,29,24,53
226,15,64,16,0,24,25,49
1212,35,64,16,0,4,25,29
1295,16,64,16,0,24,24,48
1034,9,64,16,0,32,23,55
1223,36,64,16,0,4,24,28
1121,10,64,16,0,29,25,54
801,21,64,16,0,20,23,43
1096,26,64,16,0,13,25,38
361,14,64,16,0,28,22,50
908,6,64,16,0,33,25,58
1033,7,64,16,0,33,24,57
960,37,64,16,0,2,25,27
1299,35,67,12,0,10,22,32
779,40,67,12,0,5,22,27
668,3,67,12,0,42,22,64
1236,13,67,12,0,32,22,54
614,32,67,12,0,13,22,35
1078,15,67,12,0,30,22,52
778,15,67,12,0,31,21,52
14,22,67,12,0,23,22,45
697,11,67,12,0,34,22,56
477,36,67,12,0,9,22,31
1293,33,67,12,0,12,22,34
831,17,67,12,0,29,21,50
511,4,67,12,0,42,21,63
1204,15,67,12,0,30,22,52
1079,6,67,12,0,39,22,61
157,43,67,12,0,2,22,24
485,25,67,12,0,20,22,42
550,30,67,12,0,15,22,37
124,15,67,12,0,30,22,52
551,12,67,12,0,34,21,55
50,48,86,8,0,22,16,38
500,21,86,8,0,49,16,65
870,52,86,8,0,18,16,34
198,33,86,8,0,37,16,53
595,37,86,8,0,33,16,49
402,14,86,8,0,56,16,72
334,28,86,8,0,42,16,58
286,61,86,8,0,9,16,25
669,56,86,8,0,14,16,30
952,25,86,8,0,45,16,61
166,39,86,8,0,31,16,47
521,11,86,8,0,59,16,75
661,54,86,8,0,16,16,32
214,53,86,8,0,17,16,33
835,42,86,8,0,28,16,44
353,58,86,8,0,12,16,28
594,35,86,8,0,35,16,51
1305,23,86,8,0,47,16,63
565,4,86,8,0,66,16,82
102,28,86,8,0,42,16,58
319,67,87,8,0,7,13,20
354,58,87,17,0,5,24,29
279,52,87,17,0,11,24,35
352,25,87,8,0,49,13,62
243,13,87,17,0,50,24,74
775,10,87,17,0,53,24,77
545,9,87,17,0,54,24,78
765,36,87,8,0,39,12,51
1348,17,87,17,0,46,24,70
535,59,87,8,0,15,13,28
984,51,87,17,0,12,24,36
1304,56,87,8,0,18,13,31
357,8,87,17,0,56,23,79
1075,73,87,8,0,1,13,14
1018,38,87,17,0,25,24,49
234,28,87,8,0,46,13,59
556,30,87,17,0,33,24,57
700,32,87,17,0,31,24,55
1240,68,87,8,0,7,12,19
554,3,87,17,0,60,24,84
798,45,87,17,0,18,24,42
705,47,87,8,0,27,13,40
304,26,87,17,0,37,24,61
945,33,87,8,0,41,13,54
672,39,87,17,0,24,24,48
863,58,87,8,0,17,12,29
397,49,87,17,0,14,24,38
330,10,87,17,0,54,23,77
1176,42,87,17,0,21,24,45
829,6,87,8,0,68,13,81
401,26,87,8,0,49,12,61
165,49,87,8,0,26,12,38
871,13,87,8,0,62,12,74
1175,37,87,8,0,37,13,50
953,52,87,8,0,22,13,35
519,18,87,8,0,56,13,69
232,24,87,17,0,39,24,63
202,68,87,8,0,6,13,19
217,70,87,8,0,4,13,17
278,38,87,17,0,25,24,49
407,65,89,2,0,11,13,24
390,45,89,2,0,31,13,44
785,70,89,2,0,6,13,19
448,59,89,2,0,17,13,30
210,73,89,2,0,3,13,16
72,75,89,2,0,1,13,14
138,61,89,2,0,15,13,28
446,50,89,2,0,26,13,39
783,54,89,2,0,22,13,35
784,69,89,2,0,7,13,20
701,38,89,2,0,38,13,51
1052,57,89,2,0,19,13,32
918,59,89,2,0,17,13,30
786,72,89,2,0,4,13,17
1162,67,89,2,0,9,13,22
927,34,89,2,0,42,13,55
1148,62,89,2,0,14,13,27
882,71,89,2,0,5,13,18
139,54,89,2,0,22,13,35
919,47,89,2,0,29,13,42
987,52,96,19,0,17,27,44
203,45,96,19,0,24,27,51
44,20,96,19,0,49,27,76
734,38,96,19,0,31,27,58
832,35,96,19,0,34,27,61
1021,66,96,19,0,3,27,30
223,48,96,19,0,21,27,48
1020,29,96,19,0,40,27,67
845,13,96,19,0,56,27,83
812,2,96,19,0,67,27,94
21,50,96,19,0,19,27,46
973,5,96,19,0,64,27,91
659,59,96,19,0,10,27,37
403,52,96,19,0,17,27,44
762,27,96,19,0,42,27,69
518,42,96,19,0,27,27,54
708,32,96,19,0,37,27,64
934,33,96,19,0,36,27,63
573,60,96,19,0,9,27,36
368,39,96,19,0,30,27,57
966,71,104,10,0,11,22,33
1185,51,104,10,0,31,22,53
816,26,104,10,0,56,22,78
937,41,104,10,0,41,22,63
577,15,104,10,0,67,22,89
1317,78,104,10,0,4,22,26
574,21,104,10,0,61,22,83
704,7,104,10,0,75,22,97
646,47,104,10,0,35,22,57
1113,80,104,10,0,2,22,24
938,73,104,10,0,9,22,31
1094,52,104,10,0,30,22,52
1009,59,104,10,0,23,22,45
1095,27,104,10,0,55,22,77
1346,16,104,10,0,66,22,88
963,44,104,10,0,38,22,60
981,58,104,10,0,24,22,46
1283,67,104,10,0,15,22,37
1316,34,104,10,0,48,22,70
236,61,104,10,0,21,22,43
795,56,112,7,0,42,14,56
338,21,112,7,0,77,14,91
237,61,112,7,0,37,14,51
280,34,112,7,0,64,14,78
287,36,112,7,0,62,14,76
1315,48,112,7,0,50,14,64
1152,58,112,7,0,40,14,54
272,45,112,7,0,53,14,67
1225,54,112,7,0,44,14,58
1265,33,112,7,0,65,14,79
1001,29,112,7,0,69,14,83
794,37,112,7,0,61,14,75
796,44,112,7,0,54,14,68
1328,67,112,7,0,31,14,45
1227,66,112,7,0,32,14,46
493,31,112,7,0,67,14,81
580,38,112,7,0,60,14,74
311,64,112,7,0,34,14,48
310,71,112,7,0,27,14,41
277,50,112,7,0,48,14,62
41,37,115,7,0,63,15,78
804,45,115,7,0,54,16,70
159,77,115,7,0,22,16,38
281,82,115,7,0,17,16,33
63,47,115,7,0,53,15,68
911,85,115,7,0,14,16,30
492,54,115,7,0,45,16,61
1199,28,115,7,0,71,16,87
558,34,115,7,0,65,16,81
421,69,115,7,0,30,16,46
764,29,115,7,0,71,15,86
135,88,115,7,0,11,16,27
1002,66,115,7,0,33,16,49
39,90,115,7,0,9,16,25
308,59,115,7,0,40,16,56
1224,49,115,7,0,50,16,66
276,38,115,7,0,61,16,77
273,80,115,7,0,19,16,35
947,79,115,7,0,20,16,36
803,32,115,7,0,67,16,83
862,5,130,15,0,102,23,125
1323,20,130,15,0,87,23,110
932,31,130,15,0,76,23,99
49,48,130,15,0,59,23,82
414,56,130,15,0,51,23,74
931,35,130,15,0,72,23,95
525,50,130,15,0,57,23,80
471,58,130,15,0,49,23,72
792,38,130,15,0,69,23,92
983,29,130,15,0,78,23,101
971,11,130,15,0,96,23,119
1198,27,130,15,0,80,23,103
997,53,130,15,0,54,23,77
317,51,130,15,0,56,23,79
972,21,130,15,0,86,23,109
436,32,130,15,0,75,23,98
860,43,130,15,0,64,23,87
103,60,130,15,0,47,23,70
1336,52,130,15,0,55,23,78
986,56,130,15,0,51,23,74
881,39,131,11,0,74,18,92
451,69,131,3,0,54,8,62
185,23,131,11,0,90,18,108
904,67,131,3,0,56,8,64
148,38,131,3,0,85,8,93
735,34,131,11,0,79,18,97
1069,49,131,3,0,74,8,82
478,82,131,3,0,41,8,49
968,14,131,11,0,99,18,117
1271,60,131,3,0,63,8,71
994,24,131,11,0,89,18,107
143,36,131,11,0,77,18,95
2,56,131,11,0,57,18,75
1119,29,131,11,0,84,18,102
378,20,131,11,0,93,18,111
1114,98,131,3,0,25,8,33
231,52,131,3,0,71,8,79
1120,58,131,11,0,55,18,73
497,64,131,11,0,49,18,67
82,43,131,11,0,70,18,88
1053,83,131,3,0,40,8,48
204,49,131,11,0,64,18,82
970,47,131,11,0,66,18,84
969,10,131,11,0,103,18,121
174,35,131,3,0,88,8,96
1055,100,131,3,0,23,8,31
1292,45,131,11,0,68,18,86
423,51,131,11,0,62,18,80
677,33,131,3,0,90,8,98
1269,76,131,3,0,47,8,55
980,74,131,3,0,49,8,57
978,94,131,3,0,29,8,37
1189,58,131,3,0,65,8,73
100,75,131,3,0,48,8,56
979,46,131,3,0,77,8,85
109,63,131,3,0,60,8,68
715,40,131,11,0,73,18,91
71,71,131,3,0,52,8,60
83,30,131,11,0,83,18,101
745,26,131,11,0,87,18,105
1324,74,132,15,0,37,21,58
524,53,132,15,0,58,21,79
985,81,132,15,0,30,21,51
173,82,132,15,0,29,21,50
465,51,132,15,0,60,21,81
449,31,132,15,0,80,21,101
1263,87,132,15,0,24,21,45
1197,20,132,15,0,91,21,112
958,69,132,15,0,42,21,63
172,77,132,15,0,34,21,55
1092,44,132,15,0,67,21,88
1272,83,132,15,0,28,21,49
425,56,132,15,0,55,21,76
344,27,132,15,0,84,21,105
1322,67,132,15,0,44,21,65
523,35,132,15,0,76,21,97
347,5,132,15,0,106,21,127
996,77,132,15,0,34,21,55
1102,75,132,15,0,36,21,57
345,59,132,15,0,52,21,73
1183,74,137,4,0,50,13,63
1139,88,137,4,0,36,13,49
1140,85,137,4,0,39,13,52
900,60,137,4,0,64,13,77
66,68,137,4,0,56,13,69
444,19,137,4,0,105,13,118
67,40,137,4,0,84,13,97
1200,47,137,4,0,77,13,90
64,41,137,4,0,83,13,96
895,69,137,4,0,55,13,68
1104,48,137,4,0,76,13,89
851,60,137,4,0,64,13,77
65,81,137,4,0,43,13,56
618,57,137,4,0,67,13,80
1235,29,137,4,0,95,13,108
1061,49,137,4,0,75,13,88
767,52,137,4,0,72,13,85
1180,72,137,4,0,52,13,65
1103,48,137,4,0,76,13,89
384,50,137,4,0,74,13,87
989,76,153,18,0,55,22,77
898,64,153,18,0,67,22,89
1031,36,153,18,0,95,22,117
1117,30,153,18,0,101,22,123
246,38,153,18,0,93,22,115
896,49,153,18,0,82,22,104
1154,23,153,18,0,108,22,130
974,45,153,18,0,86,22,108
1066,62,153,18,0,69,22,91
1255,40,153,18,0,91,22,113
1072,54,153,18,0,77,22,99
1067,71,153,18,0,60,22,82
1155,17,153,18,0,114,22,136
532,34,153,18,0,97,22,119
665,69,153,18,0,62,22,84
1039,50,153,18,0,81,22,103
290,53,153,18,0,78,22,100
1184,26,153,18,0,105,22,127
1254,4,153,18,0,127,22,149
106,12,153,18,0,119,22,141
13,114,161,9,0,35,12,47
1037,47,161,9,0,101,13,114
1179,16,161,9,0,132,13,145
1321,95,161,9,0,54,12,66
740,85,161,9,0,64,12,76
318,25,161,9,0,124,12,136
825,58,161,9,0,90,13,103
905,112,161,9,0,36,13,49
1193,116,161,9,0,32,13,45
867,108,161,9,0,40,13,53
452,99,161,9,0,49,13,62
1132,94,161,9,0,54,13,67
301,107,161,9,0,42,12,54
499,51,161,9,0,98,12,110
302,36,161,9,0,112,13,125
866,119,161,9,0,29,13,42
673,88,161,9,0,60,13,73
695,102,161,9,0,46,13,59
653,74,161,9,0,74,13,87
1070,42,161,9,0,108,11,119
836,51,162,9,0,95,16,111
251,73,162,9,0,73,16,89
314,65,162,9,0,81,16,97
284,60,162,9,0,86,16,102
324,45,162,9,0,101,16,117
479,57,162,9,0,89,16,105
1129,35,162,9,0,111,16,127
1181,52,162,9,0,94,16,110
536,37,162,9,0,109,16,125
1177,3,162,9,0,143,16,159
1178,27,162,9,0,119,16,135
283,49,162,9,0,97,16,113
253,78,162,9,0,68,16,84
1112,16,162,9,0,130,16,146
1136,63,162,9,0,83,16,99
774,19,162,9,0,127,16,143
382,14,162,9,0,132,16,148
752,38,162,9,0,108,16,124
742,80,162,9,0,66,16,82
741,46,162,9,0,100,16,116
852,100,165,9,0,47,18,65
883,79,165,9,0,68,18,86
1134,54,165,9,0,93,18,111
1192,88,165,9,0,59,18,77
12,102,165,9,0,45,18,63
623,61,165,9,0,86,18,104
537,103,165,9,0,44,18,62
1038,91,165,9,0,56,18,74
480,38,165,9,0,109,18,127
1142,28,165,9,0,119,18,137
486,16,165,9,0,131,18,149
435,107,165,9,0,40,18,58
282,108,165,9,0,39,18,57
1111,49,165,9,0,98,18,116
596,66,165,9,0,81,18,99
1135,91,165,9,0,56,18,74
257,95,165,9,0,52,18,70
865,12,165,9,0,135,18,153
256,94,165,9,0,53,18,71
869,46,165,9,0,101,18,119
146,75,178,16,0,79,24,103
1049,64,178,16,0,90,24,114
1273,64,178,9,0,90,24,114
1277,73,178,8,0,93,12,105
732,66,178,16,0,88,24,112
901,77,178,16,0,77,24,101
474,79,178,16,0,75,24,99
790,93,178,8,0,73,12,85
79,61,178,16,0,93,24,117
1213,69,178,16,0,85,24,109
252,100,178,9,0,54,24,78
1122,55,178,16,0,99,24,123
54,21,178,8,0,145,12,157
1276,62,178,8,0,104,12,116
313,52,178,16,0,102,24,126
788,112,178,8,0,54,12,66
1251,87,178,8,0,79,12,91
868,111,178,9,0,45,22,67
167,118,178,9,0,36,24,60
509,41,178,8,0,125,12,137
655,94,178,8,0,72,12,84
670,81,178,8,0,85,12,97
216,102,178,8,0,64,12,76
380,53,178,16,0,101,24,125
495,62,178,16,0,92,24,116
239,49,178,16,0,105,24,129
909,45,178,16,0,109,24,133
789,76,178,8,0,90,12,102
358,44,178,16,0,110,24,134
828,91,178,8,0,75,12,87
238,31,178,16,0,123,24,147
1035,84,178,16,0,70,24,94
168,91,178,8,0,75,12,87
1133,91,178,9,0,64,23,87
520,107,178,8,0,59,12,71
335,98,178,8,0,68,12,80
388,67,178,16,0,87,24,111
773,42,178,16,0,112,24,136
316,46,178,16,0,108,24,132
426,56,178,16,0,98,24,122
721,88,182,1,0,85,9,94
398,55,182,1,0,118,9,127
547,39,182,1,0,134,9,143
526,75,182,1,0,98,9,107
768,86,182,1,0,87,9,96
854,65,182,1,0,108,9,117
639,78,182,1,0,95,9,104
1275,82,182,1,0,91,9,100
961,96,182,1,0,77,9,86
73,47,182,1,0,126,9,135
743,91,182,1,0,82,9,91
55,62,182,1,0,111,9,120
722,112,182,1,0,61,9,70
837,79,182,1,0,94,9,103
240,59,182,1,0,114,9,123
1165,84,182,1,0,89,9,98
1163,118,182,1,0,55,9,64
846,67,182,1,0,106,9,115
858,73,182,1,0,100,9,109
604,76,182,1,0,97,9,106
648,30,187,11,0,141,16,157
809,69,187,11,0,102,16,118
259,22,187,11,0,149,16,165
315,13,187,11,0,158,16,174
716,84,187,11,0,87,16,103
1291,78,187,11,0,93,16,109
1309,86,187,11,0,85,16,101
496,83,187,11,0,88,16,104
995,24,187,11,0,147,16,163
1310,76,187,11,0,95,16,111
1289,45,187,11,0,126,16,142
205,40,187,11,0,131,16,147
1307,67,187,11,0,104,16,120
409,35,187,11,0,136,16,152
750,59,187,11,0,112,16,128
992,89,187,11,0,82,16,98
260,71,187,11,0,100,16,116
590,55,187,11,0,116,16,132
675,48,187,11,0,123,16,139
1308,79,187,11,0,92,16,108
182,46,200,13,0,137,17,154
1063,33,200,13,0,150,17,167
806,51,200,13,0,132,17,149
889,61,200,13,0,122,17,139
833,52,200,13,0,131,17,148
1023,36,200,13,0,147,17,164
754,11,200,13,0,172,17,189
116,56,200,13,0,127,17,144
579,24,200,13,0,159,17,176
114,64,200,13,0,119,17,136
753,29,200,13,0,154,17,171
1167,55,200,13,0,128,17,145
1058,60,200,13,0,123,17,140
56,63,200,13,0,120,17,137
723,48,200,13,0,135,17,152
343,31,200,13,0,152,17,169
1,57,200,13,0,126,17,143
86,65,200,13,0,118,17,135
1246,25,200,13,0,158,17,175
1059,42,200,13,0,141,17,158
224,58,204,6,0,135,11,146
569,72,204,6,0,121,11,132
1325,75,204,6,0,118,11,129
1285,85,204,6,0,108,11,119
27,45,204,6,0,148,11,159
1196,34,204,6,0,159,11,170
405,68,204,6,0,125,11,136
1286,62,204,6,0,131,11,142
16,54,204,6,0,139,11,150
439,81,204,6,0,112,11,123
607,63,204,6,0,130,11,141
884,65,204,6,0,128,11,139
650,40,204,6,0,153,11,164
1247,50,204,6,0,143,11,154
1145,56,204,6,0,137,11,148
1146,78,204,6,0,115,11,126
1098,41,204,6,0,152,11,163
1288,68,204,6,0,125,11,136
727,64,204,6,0,129,11,140
454,36,204,6,0,157,11,168
1017,88,207,2,0,107,12,119
183,60,207,13,0,124,23,147
153,77,207,13,0,107,23,130
1245,84,207,13,0,100,23,123
1218,82,207,2,0,113,12,125
684,93,207,13,0,91,23,114
916,52,207,2,0,143,12,155
685,19,207,13,0,165,23,188
342,51,207,13,0,133,23,156
954,81,207,13,0,103,23,126
117,89,207,13,0,95,23,118
760,105,207,2,0,90,12,102
1006,73,207,2,0,122,12,134
611,95,207,2,0,100,12,112
533,37,207,13,0,147,23,170
977,27,207,13,0,157,23,180
422,72,207,13,0,112,23,135
1149,84,207,2,0,111,12,123
155,83,207,13,0,101,23,124
447,72,207,2,0,123,12,135
719,64,207,13,0,120,23,143
442,37,207,2,0,158,12,170
468,59,207,2,0,136,12,148
1045,55,207,13,0,129,23,152
467,98,207,2,0,97,12,109
956,61,207,13,0,123,23,146
924,55,207,2,0,140,12,152
955,97,207,13,0,87,23,110
1124,95,207,13,0,89,23,112
1016,82,207,2,0,113,12,125
902,99,207,2,0,96,12,108
724,87,207,13,0,97,23,120
923,65,207,2,0,130,12,142
1160,86,207,2,0,109,12,121
925,61,207,2,0,134,12,146
162,111,207,2,0,84,12,96
57,46,207,13,0,138,23,161
1203,31,207,13,0,153,23,176
430,69,207,2,0,126,12,138
408,46,207,2,0,149,12,161
144,64,220,14,0,136,20,156
712,31,220,14,0,169,20,189
822,32,220,14,0,168,20,188
1043,57,220,14,0,143,20,163
126,54,220,14,0,146,20,166
1141,41,220,14,0,159,20,179
840,30,220,14,0,170,20,190
621,44,220,14,0,156,20,176
461,55,220,14,0,145,20,165
137,66,220,14,0,134,20,154
726,26,220,14,0,174,20,194
1057,65,220,14,0,135,20,155
1042,54,220,14,0,146,20,166
713,51,220,14,0,149,20,169
619,39,220,14,0,161,20,181
229,23,220,14,0,177,20,197
125,46,220,14,0,154,20,174
921,25,220,14,0,175,20,195
625,71,220,14,0,129,20,149
591,52,220,14,0,148,20,168
160,56,228,5,0,159,13,172
367,62,228,5,0,153,13,166
886,89,228,5,0,126,13,139
177,66,228,5,0,149,13,162
29,76,228,5,0,139,13,152
998,53,228,5,0,162,13,175
170,47,228,5,0,168,13,181
320,57,228,5,0,158,13,171
641,80,228,5,0,135,13,148
887,68,228,5,0,147,13,160
702,37,228,5,0,178,13,191
265,101,228,5,0,114,13,127
1280,111,228,5,0,104,13,117
93,108,228,5,0,107,13,120
194,72,228,5,0,143,13,156
814,41,228,5,0,174,13,187
676,104,228,5,0,111,13,124
250,49,228,5,0,166,13,179
1159,39,228,5,0,176,13,189
30,46,228,5,0,169,13,182
61,32,231,14,0,177,22,199
149,27,231,14,0,182,22,204
48,107,231,14,0,102,22,124
104,25,231,14,0,184,22,206
458,87,231,14,0,122,22,144
263,84,231,14,0,125,22,147
460,64,231,14,0,145,22,167
36,86,231,14,0,123,22,145
714,94,231,14,0,115,22,137
490,55,231,14,0,154,22,176
746,67,231,14,0,142,22,164
1284,79,231,14,0,130,22,152
839,54,231,14,0,155,22,177
620,102,231,14,0,107,22,129
60,91,231,14,0,118,22,140
228,81,231,14,0,128,22,150
58,44,231,14,0,165,22,187
484,52,231,14,0,157,22,179
1030,40,231,14,0,169,22,191
819,113,231,14,0,96,22,118
949,117,239,6,0,105,17,122
1287,71,239,6,0,151,17,168
69,107,239,6,0,115,17,132
329,62,239,6,0,160,17,177
394,53,239,6,0,170,16,186
17,46,239,6,0,176,17,193
570,78,239,6,0,144,17,161
793,64,239,6,0,158,17,175
585,86,239,6,0,136,17,153
9,41,239,6,0,181,17,198
503,84,239,6,0,138,17,155
770,34,239,6,0,188,17,205
406,95,239,6,0,127,17,144
504,66,239,6,0,156,17,173
586,96,239,6,0,126,17,143
710,91,239,6,0,131,17,148
946,99,239,6,0,123,17,140
362,38,239,6,0,185,16,201
351,54,239,6,0,168,17,185
1326,88,239,6,0,134,17,151
296,73,250,17,0,151,26,177
466,87,250,17,0,137,26,163
356,50,250,17,0,174,26,200
649,39,250,17,0,185,26,211
1327,54,250,17,0,170,26,196
464,79,250,17,0,145,26,171
1032,9,250,17,0,215,26,241
597,80,250,17,0,144,26,170
305,93,250,17,0,131,26,157
494,91,250,17,0,133,26,159
32,66,250,17,0,158,26,184
856,83,250,17,0,141,26,167
598,28,250,17,0,196,26,222
1019,76,250,17,0,148,26,174
694,85,250,17,0,139,26,165
1028,65,250,17,0,159,26,185
331,95,250,17,0,129,26,155
1252,21,250,17,0,203,26,229
1260,44,250,17,0,180,26,206
269,32,250,17,0,192,26,218
295,76,251,17,0,153,22,175
31,46,251,17,0,184,21,205
800,99,251,17,0,130,22,152
1334,80,251,17,0,149,22,171
207,31,251,17,0,198,22,220
1259,85,251,17,0,144,22,166
303,41,251,17,0,188,22,210
1335,97,251,17,0,132,22,154
4,26,251,17,0,204,21,225
1186,68,251,17,0,162,21,183
206,51,251,17,0,178,22,200
1187,95,251,17,0,134,22,156
1257,13,251,17,0,216,22,238
602,112,251,17,0,117,22,139
208,65,251,17,0,164,22,186
411,81,251,17,0,149,21,170
1253,118,251,17,0,111,22,133
553,109,251,17,0,120,22,142
799,89,251,17,0,140,22,162
244,105,251,17,0,124,22,146
291,96,253,4,0,148,9,157
292,36,253,4,0,209,8,217
180,24,253,4,0,220,9,229
1267,105,253,4,0,139,9,148
327,40,253,4,0,204,9,213
339,52,253,4,0,192,9,201
445,115,253,4,0,129,9,138
1266,55,253,4,0,190,8,198
1182,72,253,4,0,172,9,181
1060,99,253,4,0,145,9,154
632,91,253,4,0,153,9,162
823,48,253,4,0,197,8,205
1138,65,253,4,0,179,9,188
95,78,253,4,0,166,9,175
1062,86,253,4,0,158,9,167
527,49,253,4,0,195,9,204
326,81,253,4,0,164,8,172
1234,68,253,4,0,177,8,185
219,47,253,4,0,197,9,206
515,57,253,4,0,187,9,196
457,92,270,17,0,149,29,178
699,69,270,16,0,179,22,201
651,99,270,17,0,145,26,171
1258,113,270,17,0,128,29,157
5,111,270,17,0,131,28,159
233,96,270,17,0,146,28,174
476,45,270,16,0,203,22,225
191,53,270,16,0,195,22,217
410,61,270,17,0,181,28,209
912,48,270,16,0,200,22,222
121,61,270,16,0,187,22,209
857,38,270,17,0,203,29,232
23,78,270,17,0,163,29,192
349,75,270,16,0,173,22,195
599,86,270,17,0,157,27,184
6,98,270,17,0,143,29,172
810,56,270,16,0,192,22,214
663,64,270,16,0,184,22,206
469,42,270,16,0,206,22,228
758,105,270,17,0,136,29,165
38,104,271,7,0,153,14,167
1314,112,271,7,0,145,14,159
248,63,271,7,0,193,15,208
196,113,271,7,0,143,15,158
1125,81,271,7,0,176,14,190
307,110,271,7,0,146,15,161
557,103,271,7,0,153,15,168
136,90,271,7,0,166,15,181
1153,116,271,7,0,140,15,155
107,80,271,7,0,176,15,191
1226,51,271,7,0,205,15,220
999,101,271,7,0,155,15,170
763,94,271,7,0,163,14,177
1041,120,271,7,0,137,14,151
37,39,271,7,0,218,14,232
501,76,271,7,0,180,15,195
951,105,271,7,0,151,15,166
531,82,271,7,0,174,15,189
581,66,271,7,0,191,14,205
158,33,271,7,0,223,15,238
96,119,278,3,0,145,14,159
19,65,278,3,0,199,14,213
147,53,278,3,0,212,13,225
680,117,278,3,0,147,14,161
1303,103,278,3,0,161,14,175
145,37,278,3,0,228,13,241
1087,59,278,3,0,205,14,219
20,70,278,3,0,194,14,208
1270,68,278,3,0,197,13,210
450,42,278,3,0,222,14,236
755,76,278,3,0,189,13,202
175,49,278,3,0,215,14,229
43,34,278,3,0,230,14,244
1172,93,278,3,0,171,14,185
563,74,278,3,0,190,14,204
97,103,278,3,0,162,13,175
70,98,278,3,0,166,14,180
1088,106,278,3,0,158,14,172
561,80,278,3,0,184,14,198
1261,96,278,3,0,169,13,182
508,85,286,19,0,175,26,201
571,58,286,19,0,202,26,228
935,38,286,19,0,222,26,248
505,29,286,19,0,231,26,257
127,78,286,19,0,182,26,208
1211,65,286,19,0,195,26,221
186,51,286,19,0,209,26,235
679,92,286,19,0,168,26,194
844,70,286,19,0,190,26,216
1232,41,286,19,0,219,26,245
119,15,286,19,0,245,26,271
1222,33,286,19,0,227,26,253
1026,78,286,19,0,182,26,208
187,82,286,19,0,178,26,204
128,87,286,19,0,173,26,199
776,47,286,19,0,213,26,239
118,89,286,19,0,171,26,197
658,2,286,19,0,258,26,284
1233,66,286,19,0,194,26,220
1027,67,286,19,0,193,26,219
156,64,288,12,0,208,16,224
1100,57,288,12,0,215,16,231
164,47,288,12,0,225,16,241
926,77,288,12,0,195,16,211
696,53,288,12,0,219,16,235
1205,65,288,12,0,207,16,223
1301,43,288,12,0,229,16,245
322,33,288,12,0,239,16,255
10,57,288,12,0,215,16,231
1300,30,288,12,0,242,16,258
613,10,288,12,0,262,16,278
129,15,288,12,0,257,16,273
235,35,288,12,0,237,16,253
151,76,288,12,0,196,16,212
582,54,288,12,0,218,16,234
1294,48,288,12,0,224,16,240
906,58,288,12,0,214,16,230
838,45,288,12,0,227,16,243
1217,72,288,12,0,200,16,216
1342,77,288,12,0,195,16,211
1190,47,297,5,0,238,12,250
1191,109,297,5,0,174,14,188
264,114,297,5,0,169,14,183
92,119,297,5,0,165,13,178
249,41,297,5,0,243,13,256
1194,78,297,5,0,206,13,219
738,67,297,5,0,216,14,230
258,73,297,5,0,210,14,224
640,70,297,5,0,215,12,227
1195,105,297,5,0,179,13,192
412,52,297,5,0,232,13,245
626,59,297,5,0,224,14,238
161,101,297,5,0,182,14,196
293,43,297,5,0,240,14,254
122,84,297,5,0,199,14,213
321,55,297,5,0,228,14,242
193,38,297,5,0,245,14,259
247,47,297,5,0,236,14,250
176,64,297,5,0,220,13,233
184,119,297,5,0,164,14,178
733,106,299,19,0,169,24,193
22,100,299,19,0,175,24,199
572,30,299,19,0,245,24,269
1071,86,299,19,0,189,24,213
781,75,299,19,0,200,24,224
777,67,299,19,0,208,24,232
437,92,299,19,0,183,24,207
306,43,299,19,0,233,23,256
761,66,299,19,0,210,23,233
473,78,299,19,0,198,23,221
813,89,299,19,0,187,23,210
134,103,299,19,0,173,23,196
644,105,299,19,0,170,24,194
933,23,299,19,0,253,23,276
782,60,299,19,0,215,24,239
855,5,299,19,0,270,24,294
707,112,299,19,0,163,24,187
507,39,299,19,0,236,24,260
498,48,299,19,0,227,24,251
1219,81,299,19,0,194,24,218
140,87,304,2,0,206,11,217
213,50,304,2,0,243,11,254
169,112,304,2,0,182,10,192
383,73,304,2,0,219,12,231
267,96,304,2,0,200,8,208
600,58,304,2,0,236,10,246
1161,103,304,2,0,190,11,201
615,63,304,2,0,230,11,241
391,109,304,2,0,183,12,195
1147,86,304,2,0,206,12,218
1005,70,304,2,0,225,9,234
928,68,304,2,0,224,12,236
1014,82,304,2,0,210,12,222
141,54,304,2,0,238,12,250
913,98,304,2,0,194,12,206
601,88,304,2,0,204,12,216
903,76,304,2,0,217,11,228
616,40,304,2,0,252,12,264
211,59,304,2,0,233,12,245
1051,83,304,2,0,211,10,221
687,99,307,12,0,192,16,208
772,84,307,12,0,207,16,223
692,116,307,12,0,175,16,191
1080,77,307,12,0,214,16,230
693,82,307,12,0,209,16,225
443,65,307,12,0,226,16,242
1341,13,307,12,0,278,16,294
241,89,307,12,0,202,16,218
1081,39,307,12,0,252,16,268
512,87,307,12,0,204,16,220
592,87,307,12,0,204,16,220
830,108,307,12,0,183,16,199
11,95,307,12,0,196,16,212
749,50,307,12,0,241,16,257
593,75,307,12,0,216,16,232
113,46,307,12,0,245,16,261
686,57,307,12,0,234,16,250
1237,31,307,12,0,260,16,276
163,54,307,12,0,237,16,253
1110,96,307,12,0,195,16,211
242,88,319,12,0,215,16,231
1089,64,319,1,0,244,11,255
371,83,319,1,0,225,11,236
1174,75,319,1,0,236,8,244
323,24,319,12,0,278,17,295
603,93,319,1,0,215,11,226
575,76,319,1,0,232,11,243
1214,47,319,12,0,257,15,272
583,72,319,12,0,233,14,247
201,53,319,12,0,249,17,266
1298,57,319,12,0,246,16,262
1099,117,319,12,0,187,15,202
1091,88,319,1,0,224,7,231
152,34,319,12,0,269,16,285
542,81,319,12,0,222,16,238
336,85,319,1,0,224,10,234
1215,97,319,12,0,205,17,222
399,80,319,1,0,230,9,239
548,118,319,1,0,190,11,201
1173,86,319,1,0,222,11,233
110,107,319,1,0,202,10,212
300,87,319,12,0,215,17,232
1164,73,319,1,0,235,11,246
771,45,319,1,0,263,11,274
434,78,319,1,0,230,11,241
706,53,319,1,0,256,10,266
612,115,319,12,0,187,17,204
112,118,319,12,0,184,17,201
1278,60,319,1,0,250,9,259
1206,82,319,12,0,220,17,237
688,106,319,12,0,197,16,213
76,66,319,1,0,243,10,253
415,44,319,12,0,258,17,275
1025,90,319,12,0,212,17,229
667,76,319,12,0,226,17,243
15,62,319,12,0,240,17,257
576,77,319,1,0,232,10,242
130,86,319,12,0,218,15,233
1306,57,319,1,0,251,11,262
482,116,340,18,0,202,22,224
1339,99,340,18,0,219,22,241
797,94,340,18,0,224,22,246
105,11,340,18,0,307,22,329
90,35,340,18,0,283,22,305
759,28,340,18,0,290,22,312
373,61,340,18,0,257,22,279
78,40,340,18,0,278,22,300
418,85,340,18,0,233,22,255
1238,18,340,18,0,300,22,322
897,52,340,18,0,266,22,288
372,45,340,18,0,273,22,295
689,91,340,18,0,227,22,249
1073,89,340,18,0,229,22,251
990,81,340,18,0,237,22,259
142,73,340,18,0,245,22,267
637,68,340,18,0,250,22,272
666,117,340,18,0,201,22,223
87,78,340,18,0,240,22,262
254,102,340,18,0,216,22,238
510,49,343,3,0,282,12,294
1105,74,343,3,0,257,12,269
1054,102,343,3,0,229,12,241
681,60,343,3,0,272,11,283
893,82,343,3,0,251,10,261
678,110,343,3,0,222,11,233
513,117,343,3,0,214,12,226
993,88,358,11,0,252,18,270
3,84,358,11,0,256,18,274
424,98,358,11,0,242,18,260
1228,105,358,11,0,235,18,253
843,42,358,11,0,299,17,316
1256,76,358,11,0,264,18,282
377,114,358,11,0,226,18,244
1290,103,358,11,0,237,18,255
842,37,358,11,0,303,18,321
332,99,358,11,0,241,18,259
841,15,358,11,0,325,18,343
46,23,358,11,0,318,17,335
45,27,358,11,0,313,18,331
922,46,358,11,0,294,18,312
631,56,358,11,0,284,18,302
376,119,358,11,0,221,18,239
1311,93,358,11,0,247,18,265
657,68,358,11,0,272,18,290
847,66,358,11,0,275,17,292
656,78,358,11,0,262,18,280
636,97,365,18,0,234,34,268
1118,16,365,18,0,311,38,349
481,37,365,18,0,292,36,328
1337,103,365,18,0,225,37,262
1340,82,365,18,0,247,36,283
297,116,365,18,0,211,38,249
1239,54,365,18,0,273,38,311
88,31,365,18,0,296,38,334
289,25,365,18,0,303,37,340
483,81,365,18,0,246,38,284
630,91,365,18,0,237,37,274
419,101,365,18,0,226,38,264
1115,49,365,18,0,279,37,316
89,86,365,18,0,241,38,279
190,92,365,18,0,235,38,273
1338,76,365,18,0,252,37,289
255,63,365,18,0,267,35,302
1116,41,365,18,0,286,38,324
664,42,365,16,0,298,25,323
245,70,365,18,0,257,38,295
455,91,366,6,0,228,47,275
1250,57,366,5,0,278,31,309
68,42,366,6,0,276,48,324
748,65,366,6,0,255,46,301
453,72,366,6,0,247,47,294
8,120,366,6,0,202,44,246
1210,68,366,6,0,250,48,298
728,57,366,6,0,262,47,309
179,113,366,5,0,222,31,253
1207,46,366,4,0,305,15,320
456,80,366,6,0,238,48,286
94,85,366,6,0,236,45,281
350,62,366,6,0,256,48,304
1097,97,366,6,0,221,48,269
711,92,366,6,0,226,48,274
123,91,366,5,0,245,30,275
25,86,366,6,0,232,48,280
395,116,366,6,0,202,48,250
588,106,366,6,0,213,47,260
950,95,366,6,0,225,46,271
1313,108,372,16,0,240,24,264
470,82,372,16,0,266,24,290
1106,86,372,16,0,262,24,286
374,101,372,16,0,248,23,271
429,50,372,16,0,299,23,322
1036,46,372,16,0,302,24,326
811,88,372,16,0,262,22,284
538,55,372,16,0,293,24,317
441,91,372,16,0,258,23,281
877,72,372,16,0,276,24,300
802,98,372,16,0,250,24,274
222,63,372,16,0,285,24,309
1107,118,372,16,0,230,24,254
360,66,372,16,0,283,23,306
698,107,372,16,0,241,24,265
375,108,372,16,0,241,23,264
662,84,372,16,0,265,23,288
1312,94,372,16,0,254,24,278
221,88,372,16,0,260,24,284
348,58,372,16,0,292,22,314
1151,74,389,8,0,293,22,315
420,58,389,7,0,318,13,331
1241,118,389,8,0,247,24,271
199,92,389,8,0,273,24,297
285,110,389,8,0,256,23,279
654,80,389,8,0,285,24,309
288,70,389,8,0,295,24,319
864,95,389,8,0,270,24,294
101,99,389,8,0,268,22,290
1329,79,389,7,0,298,12,310
1166,115,389,7,0,262,12,274
270,108,389,7,0,268,13,281
671,94,389,8,0,272,23,295
299,83,389,8,0,283,23,306
502,85,389,7,0,291,13,304
215,91,389,8,0,277,21,298
98,103,389,8,0,262,24,286
53,31,389,8,0,334,24,358
51,88,389,8,0,277,24,301
660,53,389,8,0,313,23,336
396,105,396,4,0,275,16,291
1137,92,396,4,0,288,16,304
633,60,396,4,0,321,15,336
328,73,396,4,0,307,16,323
341,97,396,4,0,284,15,299
220,89,396,4,0,293,14,307
1201,50,396,4,0,330,16,346
370,113,396,4,0,270,13,283
1343,72,398,10,0,304,22,326
1349,106,398,10,0,270,22,292
24,97,398,10,0,279,22,301
936,45,398,10,0,331,22,353
584,107,398,10,0,269,22,291
1101,99,398,10,0,277,22,299
815,10,398,10,0,366,22,388
709,59,398,10,0,317,22,339
192,93,398,10,0,283,22,305
559,52,398,10,0,324,22,346
1011,97,398,10,0,279,22,301
1345,64,398,10,0,312,22,334
818,38,398,10,0,338,22,360
965,16,398,10,0,361,21,382
817,79,398,10,0,297,22,319
364,20,398,10,0,356,22,378
1010,101,398,10,0,275,22,297
967,26,398,10,0,350,22,372
645,93,398,10,0,283,22,305
939,96,398,10,0,280,22,302
1264,102,400,7,0,283,15,298
929,98,413,10,0,291,24,315
578,76,413,10,0,315,22,337
1282,56,413,10,0,332,25,357
744,81,413,10,0,307,25,332
876,97,413,10,0,291,25,316
1319,111,413,10,0,278,24,302
1350,48,413,10,0,342,23,365
197,28,413,10,0,361,24,385
930,101,413,10,0,287,25,312
560,44,413,10,0,344,25,369
363,69,413,10,0,319,25,344
964,24,413,10,0,364,25,389
1347,60,413,10,0,329,24,353
1318,93,413,10,0,296,24,320
1012,95,413,10,0,293,25,318
52,104,413,10,0,288,21,309
982,106,413,10,0,282,25,307
1344,96,413,10,0,294,23,317
438,52,414,15,0,343,19,362
261,57,414,15,0,338,19,357
506,52,414,19,0,320,42,362
517,110,414,19,0,261,43,304
91,68,414,19,0,303,43,346
988,83,414,19,0,290,41,331
1156,15,414,15,0,380,19,399
427,77,414,16,0,311,26,337
1221,113,414,19,0,261,40,301
859,68,414,15,0,327,19,346
892,81,414,15,0,314,19,333
544,75,414,15,0,320,19,339
431,77,414,15,0,318,19,337
1157,30,414,15,0,365,19,384
907,95,414,16,0,294,25,319
807,43,414,15,0,352,19,371
1220,99,414,19,0,272,43,315
389,105,414,19,0,267,42,309
381,107,414,16,0,281,26,307
404,34,414,19,0,337,43,380
108,84,435,13,0,333,18,351
1123,72,435,13,0,345,18,363
534,55,435,13,0,362,18,380
1351,99,435,13,0,317,19,336
1143,36,435,13,0,380,19,399
682,103,435,13,0,313,19,332
1144,97,435,13,0,319,19,338
566,64,435,13,0,352,19,371
85,31,435,13,0,386,18,404
1202,90,435,13,0,326,19,345
567,57,435,13,0,359,19,378
805,95,435,13,0,322,18,340
1209,104,435,13,0,312,19,331
80,25,435,13,0,391,19,410
568,110,435,13,0,306,19,325
115,84,435,13,0,332,19,351
1127,119,435,13,0,297,19,316
432,82,435,13,0,334,19,353
975,74,435,13,0,342,19,361
530,49,435,13,0,367,19,386
834,45,449,13,0,374,30,404
1004,100,449,11,0,334,15,349
154,103,449,13,0,317,29,346
385,118,449,11,0,315,16,331
780,93,449,11,0,340,16,356
888,81,449,11,0,352,16,368
333,98,449,11,0,335,16,351
957,117,449,13,0,302,30,332
1022,107,449,13,0,315,27,342
808,49,449,11,0,385,15,400
1216,96,449,12,0,328,25,353
1281,103,449,13,0,316,30,346
84,98,449,13,0,321,30,351
720,88,449,13,0,333,28,361
751,103,449,11,0,330,16,346
880,85,449,11,0,349,15,364
1244,60,449,13,0,360,29,389
274,32,449,11,0,401,16,417
991,69,449,11,0,364,16,380
1126,77,449,13,0,342,30,372
1074,55,453,15,0,380,18,398
1093,102,453,15,0,331,20,351
791,77,453,15,0,356,20,376
1297,67,453,15,0,366,20,386
541,34,453,15,0,400,19,419
262,87,453,15,0,346,20,366
312,48,453,15,0,385,20,405
413,82,453,15,0,351,20,371
890,86,453,15,0,348,19,367
543,24,453,15,0,409,20,429
540,97,453,15,0,336,20,356
1065,92,453,15,0,343,18,361
1208,97,453,15,0,337,19,356
528,103,453,15,0,331,19,350
861,70,453,15,0,364,19,383
891,112,453,15,0,321,20,341
1050,109,453,15,0,326,18,344
346,107,453,15,0,326,20,346
1268,116,453,15,0,318,19,337
472,98,453,15,0,335,20,355
820,120,480,14,0,337,23,360
629,66,480,14,0,390,24,414
643,110,480,14,0,346,24,370
1040,55,480,14,0,401,24,425
150,78,480,14,0,379,23,402
33,53,480,14,0,404,23,427
821,95,480,14,0,361,24,385
522,79,480,15,0,357,44,401
18,106,480,14,0,351,23,374
1024,30,480,14,0,427,23,450
622,86,480,14,0,371,23,394
386,99,480,15,0,338,43,381
491,87,480,14,0,369,24,393
489,33,480,14,0,423,24,447
552,42,480,14,0,416,22,438
853,80,480,14,0,376,24,400
47,85,480,14,0,371,24,395
944,49,480,14,0,407,24,431
1086,25,480,14,0,431,24,455
34,117,480,14,0,339,24,363
1008,93,500,14,0,377,30,407
674,77,500,11,0,406,17,423
1007,82,500,14,0,389,29,418
428,63,500,14,0,407,30,437
848,112,500,11,0,371,17,388
275,94,500,11,0,390,16,406
642,116,500,14,0,356,28,384
