1661,0,14,3,0,6,8,14
707,7,14,3,0,1,6,7
302,1,14,3,0,6,7,13
177,5,14,3,0,1,8,9
1593,7,14,3,0,1,6,7
180,8,14,3,0,1,5,6
1583,8,18,2,0,1,9,10
801,3,18,2,0,3,12,15
66,13,18,2,0,1,4,5
301,0,18,2,0,5,13,18
1283,9,19,1,0,1,9,10
243,11,19,1,0,1,7,8
1058,0,19,1,0,4,15,19
729,1,19,1,0,4,14,18
511,10,20,3,0,1,9,10
292,13,20,3,0,1,6,7
1361,7,20,3,0,1,12,13
629,14,20,3,0,1,5,6
866,28,46,5,0,2,16,18
1704,6,46,5,0,24,16,40
24,14,46,5,0,17,15,32
537,8,46,5,0,23,15,38
792,24,46,5,0,6,16,22
71,30,46,5,0,1,15,16
791,11,46,5,0,19,16,35
1256,23,46,5,0,8,15,23
306,16,46,5,0,14,16,30
1722,27,46,5,0,3,16,19
635,14,46,5,0,16,16,32
681,11,46,5,0,20,15,35
524,8,46,5,0,22,16,38
1188,16,46,5,0,15,15,30
1495,10,46,5,0,22,14,36
314,17,46,5,0,13,16,29
606,27,46,5,0,4,15,19
999,11,46,5,0,19,16,35
333,12,46,5,0,18,16,34
1429,22,46,5,0,8,16,24
484,22,47,18,0,1,24,25
1679,9,47,17,0,16,22,38
1677,22,47,17,0,3,22,25
1607,20,47,17,0,8,19,27
1509,28,47,17,0,2,17,19
1306,0,47,18,0,20,27,47
1596,13,47,18,0,7,27,34
219,22,47,17,0,4,21,25
538,19,47,18,0,1,27,28
672,17,47,17,0,9,21,30
722,19,47,18,0,2,26,28
1381,7,47,17,0,19,21,40
1235,12,47,17,0,13,22,35
218,19,47,17,0,6,22,28
1318,0,47,18,0,21,26,47
1243,9,47,17,0,18,20,38
401,27,47,17,0,2,18,20
56,27,47,17,0,1,19,20
1245,2,47,17,0,23,22,45
1684,20,47,18,0,2,25,27
1073,34,48,7,0,2,12,14
83,16,48,7,0,18,14,32
649,5,48,7,0,29,14,43
39,23,48,7,0,13,12,25
1081,9,48,7,0,25,14,39
1333,14,48,7,0,20,14,34
411,11,48,7,0,23,14,37
1425,15,48,7,0,22,11,33
1100,10,48,7,0,26,12,38
906,36,48,7,0,1,11,12
1033,16,48,7,0,19,13,32
1074,18,48,7,0,16,14,30
737,31,48,7,0,4,13,17
469,6,48,7,0,29,13,42
505,28,48,7,0,6,14,20
1330,25,48,7,0,9,14,23
562,24,48,7,0,11,13,24
893,35,48,7,0,2,11,13
372,23,48,7,0,11,14,25
1715,11,48,7,0,24,13,37
1115,21,51,1,0,23,7,30
651,25,51,1,0,21,5,26
1284,47,51,1,0,1,3,4
1423,27,51,1,0,20,4,24
1723,40,51,1,0,5,6,11
145,25,51,1,0,19,7,26
1141,27,51,1,0,17,7,24
552,29,51,1,0,16,6,22
716,35,51,1,0,11,5,16
70,23,51,1,0,22,6,28
258,43,51,1,0,1,7,8
183,29,51,1,0,15,7,22
1139,36,51,1,0,8,7,15
1703,38,51,5,0,1,12,13
627,23,51,1,0,21,7,28
229,26,51,1,0,19,6,25
652,26,51,1,0,18,7,25
1400,26,51,5,0,7,18,25
982,33,51,5,0,1,17,18
257,47,51,1,0,1,3,4
1697,33,52,3,0,7,12,19
360,21,52,5,0,11,20,31
336,31,52,5,0,2,19,21
1189,34,52,5,0,1,17,18
682,15,52,5,0,18,19,37
1091,29,52,5,0,3,20,23
334,12,52,5,0,20,20,40
711,36,52,3,0,4,12,16
1617,35,52,3,0,5,12,17
1196,40,52,3,0,1,11,12
844,22,52,3,0,18,12,30
659,39,52,3,0,1,12,13
45,32,52,5,0,2,18,20
1352,31,52,3,0,10,11,21
178,30,52,3,0,10,12,22
194,38,52,3,0,2,12,14
1316,38,52,3,0,3,11,14
1013,26,52,3,0,15,11,26
693,35,52,3,0,6,11,17
1618,28,52,3,0,12,12,24
1676,33,58,17,0,1,24,25
1708,28,58,16,0,8,22,30
1067,7,58,16,0,29,22,51
1615,5,58,16,0,32,21,53
157,32,58,17,0,1,25,26
1291,24,58,16,0,12,22,34
908,6,58,16,0,30,22,52
342,12,58,16,0,24,22,46
728,28,58,18,0,1,29,30
871,21,58,16,0,15,22,37
739,15,58,16,0,21,22,43
221,33,58,16,0,3,22,25
909,23,58,16,0,13,22,35
1264,30,58,17,0,1,27,28
1597,22,58,18,0,1,35,36
1327,32,58,16,0,4,22,26
1303,2,58,16,0,34,22,56
1326,30,58,16,0,6,22,28
485,18,58,18,0,3,37,40
52,25,58,16,0,11,22,33
876,27,74,6,0,37,10,47
155,37,74,6,0,27,10,37
595,42,74,6,0,22,10,32
318,18,74,6,0,46,10,56
1212,52,74,6,0,12,10,22
862,33,74,6,0,31,10,41
1225,28,74,6,0,36,10,46
1161,47,74,6,0,17,10,27
1160,23,74,6,0,41,10,51
1520,17,74,6,0,47,10,57
950,4,74,6,0,60,10,70
250,34,74,6,0,30,10,40
576,40,74,6,0,24,10,34
1064,29,74,6,0,35,10,45
233,44,74,6,0,20,10,30
1521,10,74,6,0,54,10,64
413,45,74,6,0,19,10,29
153,37,74,6,0,27,10,37
135,45,74,6,0,19,10,29
1324,39,74,6,0,25,10,35
506,6,75,9,0,56,13,69
1148,40,75,9,0,22,13,35
794,14,75,9,0,48,13,61
766,18,75,9,0,44,13,57
824,51,75,9,0,11,13,24
375,44,75,9,0,18,13,31
1531,42,75,9,0,20,13,33
1105,33,75,9,0,29,13,42
636,41,75,9,0,21,13,34
560,2,75,9,0,60,13,73
836,39,75,9,0,23,13,36
641,46,75,9,0,16,13,29
1566,49,75,9,0,13,13,26
1585,37,75,9,0,25,13,38
167,27,75,9,0,35,13,48
765,26,75,9,0,36,13,49
1260,42,75,9,0,20,13,33
1209,47,75,9,0,15,13,28
783,15,75,9,0,47,13,60
446,24,75,9,0,38,13,51
554,19,79,12,0,45,15,60
1215,45,79,12,0,19,15,34
979,39,79,12,0,25,15,40
103,37,79,12,0,27,15,42
500,3,79,12,0,61,15,76
383,46,79,12,0,18,15,33
2,10,79,12,0,54,15,69
44,43,79,12,0,21,15,36
745,50,79,12,0,14,15,29
47,26,79,12,0,38,15,53
1483,31,79,12,0,33,15,48
1329,39,79,12,0,25,15,40
330,40,79,12,0,24,15,39
1134,14,79,12,0,50,15,65
921,46,79,12,0,18,15,33
206,27,79,12,0,37,15,52
1477,56,79,12,0,8,15,23
684,53,79,12,0,11,15,26
12,32,79,12,0,32,15,47
555,44,79,12,0,20,15,35
445,57,84,9,0,9,18,27
37,14,84,9,0,52,18,70
1351,12,84,9,0,55,17,72
640,47,84,9,0,19,18,37
1350,42,84,9,0,25,17,42
1552,21,84,9,0,45,18,63
822,27,84,9,0,39,18,57
1692,63,84,9,0,3,18,21
586,38,84,9,0,29,17,46
764,41,84,9,0,25,18,43
33,39,84,9,0,27,18,45
166,54,84,9,0,12,18,30
558,34,84,9,0,32,18,50
462,60,84,9,0,6,18,24
509,26,84,9,0,41,17,58
32,5,84,9,0,61,18,79
559,64,84,9,0,2,18,20
561,43,84,9,0,23,18,41
325,50,84,9,0,16,18,34
823,62,84,9,0,4,18,22
1084,82,98,4,0,7,9,16
671,35,98,4,0,54,9,63
596,76,98,4,0,13,9,22
1220,55,98,4,0,34,9,43
1219,57,98,4,0,32,9,41
227,69,98,4,0,20,9,29
355,22,98,4,0,67,9,76
363,70,98,4,0,19,9,28
87,76,98,4,0,13,9,22
584,60,98,4,0,29,9,38
1047,51,98,4,0,38,9,47
222,4,98,4,0,85,9,94
377,62,98,4,0,27,9,36
1542,45,98,4,0,44,9,53
128,10,98,4,0,79,9,88
481,58,98,4,0,31,9,40
344,66,98,4,0,23,9,32
376,26,98,4,0,63,9,72
1604,47,98,4,0,42,9,51
829,67,98,4,0,22,9,31
1660,68,99,14,0,11,20,31
1022,28,99,14,0,49,22,71
1433,41,99,14,0,36,22,58
398,54,99,14,0,23,22,45
1056,67,99,14,0,12,20,32
607,11,99,14,0,68,20,88
399,57,99,14,0,22,20,42
803,72,99,14,0,7,20,27
570,51,99,14,0,26,22,48
989,21,99,14,0,56,22,78
1384,11,99,14,0,66,22,88
645,36,99,14,0,41,22,63
317,47,99,14,0,30,22,52
1457,47,99,14,0,32,20,52
293,59,99,14,0,20,20,40
815,22,99,14,0,55,22,77
1612,52,99,14,0,27,20,47
350,59,99,14,0,20,20,40
1456,32,99,14,0,45,22,67
1517,52,99,14,0,25,22,47
894,53,99,14,0,24,22,46
400,61,99,14,0,18,20,38
733,29,99,14,0,48,22,70
1152,56,99,14,0,23,20,43
1654,54,99,14,0,25,20,45
1151,43,99,14,0,36,20,56
609,19,99,14,0,58,22,80
1434,32,99,14,0,47,20,67
1545,25,99,14,0,52,22,74
987,49,99,14,0,28,22,50
1023,68,99,14,0,11,20,31
11,23,99,14,0,56,20,76
608,19,99,14,0,60,20,80
1712,2,99,14,0,75,22,97
732,53,99,14,0,26,20,46
1435,28,99,14,0,49,22,71
23,28,99,14,0,51,20,71
580,27,99,14,0,52,20,72
10,24,99,14,0,53,22,75
1713,44,99,14,0,33,22,55
126,38,102,4,0,50,14,64
1061,52,102,4,0,36,14,50
305,34,102,4,0,54,14,68
702,11,102,4,0,77,14,91
226,58,102,4,0,30,14,44
1389,23,102,4,0,65,14,79
1165,46,102,4,0,42,14,56
591,51,102,4,0,37,14,51
1605,15,102,4,0,73,14,87
151,56,102,4,0,32,14,46
1603,7,102,4,0,81,14,95
1540,26,102,4,0,62,14,76
934,55,102,4,0,33,14,47
365,54,102,4,0,34,14,48
1021,3,102,4,0,85,14,99
1694,31,102,4,0,57,14,71
1522,10,102,4,0,78,14,92
88,47,102,4,0,41,14,55
364,37,102,4,0,51,14,65
345,48,102,4,0,40,14,54
65,24,128,8,0,88,16,104
1718,38,128,8,0,74,16,90
1107,41,128,8,0,71,16,87
899,32,128,8,0,80,16,96
991,21,128,8,0,91,16,107
1204,49,128,8,0,63,16,79
1057,16,128,8,0,96,16,112
1578,56,128,8,0,56,16,72
495,45,128,8,0,67,16,83
637,40,128,8,0,72,16,88
104,54,128,8,0,58,16,74
1130,55,128,8,0,57,16,73
519,44,128,8,0,68,16,84
638,53,128,8,0,59,16,75
1005,2,128,8,0,110,16,126
408,51,128,8,0,61,16,77
1066,59,128,8,0,53,16,69
407,56,128,8,0,56,16,72
205,57,128,8,0,55,16,71
1110,52,128,8,0,60,16,76
455,45,129,8,0,71,13,84
1608,76,129,8,0,40,13,53
1293,67,129,8,0,49,13,62
1187,64,129,8,0,52,13,65
1201,51,129,8,0,65,13,78
1502,62,129,8,0,54,13,67
1108,63,129,8,0,53,13,66
1051,53,129,8,0,63,13,76
35,6,129,8,0,110,13,123
644,70,129,8,0,46,13,59
1001,34,129,8,0,82,13,95
631,40,129,8,0,76,13,89
1000,68,129,8,0,48,13,61
310,23,129,8,0,93,13,106
1650,66,129,8,0,50,13,63
332,54,129,8,0,62,13,75
409,73,129,8,0,43,13,56
1668,56,129,8,0,60,13,73
107,58,129,8,0,58,13,71
105,68,129,8,0,48,13,61
1432,36,130,19,0,70,24,94
1403,42,130,19,0,64,24,88
653,56,130,19,0,50,24,74
1385,20,130,19,0,86,24,110
275,32,130,19,0,74,24,98
938,39,130,19,0,67,24,91
593,26,130,19,0,80,24,104
966,44,130,19,0,62,24,86
1404,48,130,19,0,58,24,82
120,8,130,19,0,98,24,122
1247,29,130,19,0,77,24,101
1451,55,130,19,0,51,24,75
805,52,130,19,0,54,24,78
1248,13,130,19,0,93,24,117
1320,53,130,19,0,53,24,77
90,26,130,19,0,80,24,104
26,20,130,19,0,86,24,110
1386,27,130,19,0,79,24,103
486,46,130,19,0,60,24,84
1166,42,130,19,0,64,24,88
1221,59,136,19,0,53,24,77
274,60,136,19,0,52,24,76
1377,62,136,19,0,50,24,74
756,68,136,19,0,44,24,68
565,48,136,19,0,64,24,88
89,29,136,19,0,83,24,107
1726,44,136,19,0,68,24,92
804,20,136,19,0,92,24,116
1656,12,136,19,0,100,24,124
341,70,136,19,0,42,24,66
195,72,136,19,0,40,24,64
1114,39,136,19,0,73,24,97
1431,26,136,19,0,86,24,110
851,67,136,19,0,45,24,69
27,55,136,19,0,57,24,81
603,52,136,19,0,60,24,84
602,35,136,19,0,77,24,101
489,70,136,19,0,42,24,66
1124,60,136,19,0,52,24,76
674,57,136,19,0,55,24,79
340,85,148,19,0,39,24,63
1485,17,148,19,0,107,24,131
683,89,148,19,0,35,24,59
1484,79,148,19,0,45,24,69
1113,71,148,19,0,53,24,77
780,37,148,19,0,87,24,111
1378,77,148,19,0,47,24,71
108,27,148,19,0,97,24,121
675,65,148,19,0,59,24,83
384,75,148,19,0,49,24,73
757,54,148,19,0,70,24,94
1595,88,148,19,0,36,24,60
995,86,148,19,0,38,24,62
937,92,148,19,0,32,24,56
1319,78,148,19,0,46,24,70
121,58,148,19,0,66,24,90
594,44,148,19,0,80,24,104
81,60,148,19,0,64,24,88
1362,80,148,19,0,44,24,68
232,68,148,19,0,56,24,80
577,70,150,3,0,73,7,80
1334,58,150,3,0,85,7,92
389,62,150,3,0,81,7,88
1287,46,150,3,0,97,7,104
619,72,150,3,0,71,7,78
1651,42,150,3,0,101,7,108
214,44,150,3,0,99,7,106
692,63,150,3,0,80,7,87
241,56,150,3,0,87,7,94
1657,68,150,3,0,75,7,82
616,50,150,3,0,93,7,100
1591,76,150,3,0,67,7,74
254,65,150,3,0,78,7,85
179,41,150,3,0,102,7,109
297,80,150,3,0,63,7,70
1696,36,150,3,0,107,7,114
480,53,150,3,0,90,7,97
1419,29,150,3,0,114,7,121
479,46,150,3,0,97,7,104
291,72,150,3,0,71,7,78
1467,61,151,2,0,81,9,90
513,87,151,2,0,55,9,64
800,36,151,2,0,103,12,115
102,56,151,2,0,86,9,95
691,48,151,2,0,91,12,103
1655,42,151,19,0,83,26,109
695,94,151,19,0,31,26,57
927,50,151,2,0,92,9,101
113,50,151,2,0,89,12,101
284,69,151,2,0,73,9,82
1388,87,151,19,0,38,26,64
1538,38,151,2,0,101,12,113
768,86,151,2,0,56,9,65
1644,57,151,2,0,82,12,94
755,101,151,19,0,24,26,50
1535,50,151,2,0,89,12,101
308,52,151,2,0,87,12,99
802,45,151,2,0,94,12,106
770,16,151,2,0,123,12,135
442,35,151,2,0,107,9,116
110,116,151,19,0,9,26,35
882,17,151,2,0,122,12,134
328,81,151,19,0,44,26,70
1379,57,151,19,0,68,26,94
1620,55,151,2,0,84,12,96
896,61,151,2,0,81,9,90
654,94,151,19,0,31,26,57
1112,43,151,2,0,96,12,108
667,19,151,2,0,123,9,132
1664,16,151,2,0,126,9,135
109,97,151,19,0,28,26,54
1468,34,151,2,0,105,12,117
112,18,151,2,0,121,12,133
1414,90,151,19,0,35,26,61
564,109,151,19,0,16,26,42
620,78,151,19,0,47,26,73
143,64,151,2,0,78,9,87
1387,105,151,19,0,20,26,46
1411,22,151,2,0,117,12,129
1125,70,151,19,0,55,26,81
1646,76,151,19,0,49,26,75
472,75,151,2,0,67,9,76
1302,66,151,2,0,76,9,85
928,51,151,2,0,91,9,100
1412,49,151,2,0,90,12,102
1182,40,151,2,0,99,12,111
488,98,151,19,0,27,26,53
1638,30,151,2,0,109,12,121
1452,102,151,19,0,23,26,49
665,46,151,2,0,96,9,105
926,41,151,2,0,101,9,110
74,77,151,2,0,65,9,74
1665,28,151,2,0,111,12,123
1621,74,151,2,0,68,9,77
512,36,151,2,0,103,12,115
666,36,151,2,0,106,9,115
67,28,151,2,0,114,9,123
1727,25,151,19,0,100,26,126
965,104,151,19,0,21,26,47
694,61,151,19,0,64,26,90
1157,36,181,7,0,133,12,145
1099,66,181,7,0,103,12,115
1285,45,181,7,0,124,12,136
917,52,181,7,0,117,12,129
1475,62,181,7,0,107,12,119
58,58,181,7,0,111,12,123
1174,67,181,7,0,102,12,114
1382,99,181,7,0,70,12,82
625,93,181,7,0,76,12,88
436,84,181,7,0,85,12,97
1009,88,181,7,0,81,12,93
1455,76,181,7,0,93,12,105
736,73,181,7,0,96,12,108
287,82,181,7,0,87,12,99
119,70,181,7,0,99,12,111
1173,71,181,7,0,98,12,110
146,39,181,7,0,130,12,142
1075,43,181,7,0,126,12,138
1602,54,181,7,0,115,12,127
997,56,181,7,0,113,12,125
353,27,182,7,0,139,16,155
371,55,182,7,0,111,16,127
846,49,182,7,0,117,16,133
358,56,182,7,0,110,16,126
624,44,182,7,0,122,16,138
444,43,182,7,0,123,16,139
130,60,182,7,0,106,16,122
354,45,182,7,0,121,16,137
916,57,182,7,0,109,16,125
1506,44,182,7,0,122,16,138
75,66,182,7,0,100,16,116
534,36,182,7,0,130,16,146
1246,39,182,7,0,127,16,143
76,59,182,7,0,107,16,123
1437,57,182,7,0,109,16,125
1195,54,182,7,0,112,16,128
1383,42,182,7,0,124,16,140
650,65,182,7,0,101,16,117
1232,62,182,7,0,104,16,120
1331,52,182,7,0,114,16,130
1040,52,183,15,0,108,23,131
1102,18,183,15,0,142,23,165
41,45,183,15,0,115,23,138
163,53,183,15,0,107,23,130
1266,43,183,15,0,117,23,140
160,48,183,15,0,112,23,135
1175,32,183,15,0,128,23,151
1459,3,183,15,0,157,23,180
1106,43,183,15,0,117,23,140
598,24,183,15,0,136,23,159
887,38,183,15,0,122,23,145
1028,54,183,15,0,106,23,129
158,35,183,15,0,125,23,148
566,56,183,15,0,104,23,127
568,11,183,15,0,149,23,172
918,29,183,15,0,131,23,154
186,46,183,15,0,114,23,137
1699,54,183,15,0,106,23,129
238,8,183,15,0,152,23,175
165,50,183,15,0,110,23,133
1493,66,193,15,0,105,22,127
1460,92,193,15,0,80,21,101
567,55,193,15,0,116,22,138
1192,82,193,15,0,90,21,111
1643,62,193,15,0,110,21,131
919,88,193,15,0,84,21,105
1396,91,193,15,0,81,21,102
1337,62,193,15,0,109,22,131
874,63,193,15,0,108,22,130
886,86,193,15,0,86,21,107
968,9,193,15,0,163,21,184
891,63,193,15,0,109,21,130
164,73,193,15,0,99,21,120
1027,14,193,15,0,157,22,179
283,69,193,15,0,103,21,124
1317,39,193,15,0,132,22,154
1041,78,193,15,0,94,21,115
393,71,193,15,0,100,22,122
162,43,193,15,0,129,21,150
1698,54,193,15,0,117,22,139
1464,43,193,15,0,128,22,150
434,3,193,15,0,168,22,190
585,60,193,15,0,111,22,133
890,47,193,15,0,124,22,146
1510,87,193,15,0,85,21,106
885,58,193,15,0,113,22,135
889,71,193,15,0,101,21,122
494,69,193,15,0,102,22,124
1356,85,193,15,0,87,21,108
787,59,193,15,0,112,22,134
1273,31,193,15,0,141,21,162
175,51,193,15,0,120,22,142
212,71,193,15,0,100,22,122
239,72,193,15,0,100,21,121
433,54,193,15,0,118,21,139
888,34,193,15,0,137,22,159
1426,58,193,15,0,114,21,135
1274,49,193,15,0,123,21,144
569,68,193,15,0,103,22,125
1176,24,193,15,0,147,22,169
406,44,196,10,0,128,24,152
532,22,196,10,0,150,24,174
630,52,196,10,0,120,24,144
1494,20,196,10,0,152,24,176
536,1,196,10,0,171,24,195
417,58,196,10,0,114,24,138
1447,19,196,10,0,153,24,177
1516,41,196,10,0,131,24,155
776,46,196,10,0,126,24,150
1069,36,196,10,0,136,24,160
437,40,196,10,0,132,24,156
639,57,196,10,0,115,24,139
405,32,196,10,0,140,24,164
1428,25,196,10,0,147,24,171
676,14,196,10,0,158,24,182
1259,4,196,10,0,168,24,192
827,27,196,10,0,145,24,169
482,44,196,10,0,128,24,152
1346,24,196,10,0,148,24,172
279,49,196,10,0,123,24,147
1577,96,209,8,0,99,14,113
456,102,209,8,0,93,14,107
313,57,209,8,0,138,14,152
1065,75,209,8,0,120,14,134
1705,97,209,8,0,98,14,112
1006,68,209,8,0,127,14,141
897,98,209,8,0,97,14,111
496,64,209,8,0,131,14,145
1186,80,209,8,0,115,14,129
1501,19,209,8,0,176,14,190
855,46,209,8,0,149,14,163
1420,93,209,8,0,102,14,116
522,90,209,8,0,105,14,119
1109,88,209,8,0,107,14,121
523,81,209,8,0,114,14,128
1132,38,209,8,0,157,14,171
453,87,209,8,0,108,14,122
1421,53,209,8,0,142,14,156
579,62,209,8,0,133,14,147
454,69,209,8,0,126,14,140
575,53,212,6,0,145,14,159
322,48,212,6,0,150,14,164
1529,55,212,6,0,143,14,157
1709,29,212,6,0,169,14,183
948,40,212,6,0,158,14,172
477,56,212,6,0,142,14,156
843,69,212,6,0,129,14,143
748,37,212,6,0,161,14,175
1063,18,212,6,0,180,14,194
884,42,212,6,0,156,14,170
1210,67,212,6,0,131,14,145
1710,58,212,6,0,140,14,154
154,24,212,6,0,174,14,188
249,65,212,6,0,133,14,147
321,5,212,6,0,193,14,207
1121,62,212,6,0,136,14,150
642,72,212,6,0,126,14,140
1086,45,212,6,0,153,14,167
441,33,212,6,0,165,14,179
59,57,212,6,0,141,14,155
168,30,219,13,0,171,18,189
605,32,219,13,0,169,18,187
544,23,219,13,0,178,18,196
1251,6,219,13,0,195,18,213
810,25,219,13,0,176,18,194
573,41,219,13,0,160,18,178
265,21,219,13,0,180,18,198
276,3,219,13,0,198,18,216
1720,16,219,13,0,185,18,203
697,33,219,13,0,168,18,186
572,60,219,13,0,141,18,159
546,39,219,13,0,162,18,180
207,52,219,13,0,149,18,167
1206,14,219,13,0,187,18,205
492,43,219,13,0,158,18,176
1469,58,219,13,0,143,18,161
818,30,219,13,0,171,18,189
200,27,219,13,0,174,18,192
1309,56,219,13,0,145,18,163
1268,37,219,13,0,164,18,182
1626,15,234,13,0,197,22,219
118,30,234,13,0,182,22,204
840,65,234,13,0,147,22,169
798,5,234,13,0,207,22,229
97,82,234,13,0,130,22,152
944,66,234,13,0,146,22,168
1267,39,234,13,0,173,22,195
1524,32,234,13,0,180,22,202
881,76,234,13,0,136,22,158
590,25,234,13,0,187,22,209
337,54,234,13,0,158,22,180
819,58,234,13,0,154,22,176
1250,70,234,13,0,142,22,164
976,68,234,13,0,144,22,166
201,62,234,13,0,150,22,172
1367,73,234,13,0,139,22,161
1310,67,234,13,0,145,22,167
117,41,234,13,0,171,22,193
1311,21,234,13,0,191,22,213
414,78,234,13,0,134,22,156
424,40,238,5,0,185,13,198
867,85,238,5,0,144,9,153
1402,56,238,5,0,173,9,182
57,78,238,5,0,151,9,160
1556,74,238,5,0,151,13,164
72,95,238,5,0,134,9,143
361,52,238,5,0,173,13,186
422,80,238,5,0,149,9,158
173,89,238,5,0,140,9,149
1554,70,238,5,0,155,13,168
423,108,238,5,0,121,9,130
634,73,238,5,0,156,9,165
913,90,238,5,0,139,9,148
1631,54,238,5,0,175,9,184
1648,41,238,5,0,184,13,197
1088,54,238,5,0,171,13,184
38,43,238,5,0,182,13,195
307,46,238,5,0,179,13,192
1444,47,238,5,0,178,13,191
940,40,238,5,0,189,9,198
525,42,238,5,0,187,9,196
315,49,238,5,0,176,13,189
820,68,238,5,0,157,13,170
685,59,238,5,0,166,13,179
1180,45,238,5,0,180,13,193
1630,62,238,5,0,167,9,176
790,98,238,5,0,131,9,140
326,82,238,5,0,147,9,156
531,69,238,5,0,160,9,169
1401,58,238,5,0,167,13,180
432,45,238,5,0,184,9,193
327,48,238,5,0,181,9,190
1466,61,238,5,0,164,13,177
1555,63,238,5,0,162,13,175
528,71,238,5,0,154,13,167
131,103,238,5,0,126,9,135
134,59,238,5,0,170,9,179
172,41,238,5,0,184,13,197
1089,59,238,5,0,166,13,179
793,55,238,5,0,170,13,183
1313,72,239,12,0,147,20,167
1480,46,239,12,0,173,20,193
208,65,239,12,0,154,20,174
289,62,239,12,0,157,20,177
1093,32,239,12,0,187,20,207
1314,58,239,12,0,161,20,181
870,40,239,12,0,179,20,199
710,64,239,12,0,155,20,175
760,68,239,12,0,151,20,171
1168,9,239,12,0,210,20,230
391,43,239,12,0,176,20,196
553,65,239,12,0,154,20,174
931,70,239,12,0,149,20,169
1594,37,239,12,0,182,20,202
1281,26,239,12,0,193,20,213
1280,55,239,12,0,164,20,184
1198,58,239,12,0,161,20,181
1476,65,239,12,0,154,20,174
498,46,239,12,0,173,20,193
1213,15,239,12,0,204,20,224
346,56,242,16,0,163,23,186
1576,51,242,16,0,168,23,191
50,22,242,16,0,197,23,220
910,14,242,16,0,205,23,228
1413,28,242,16,0,191,23,214
53,60,242,16,0,159,23,182
1408,45,242,16,0,174,23,197
1406,51,242,16,0,168,23,191
51,44,242,16,0,175,23,198
971,53,242,16,0,166,23,189
1299,24,242,16,0,195,23,218
832,48,242,16,0,171,23,194
1364,43,242,16,0,176,23,199
658,38,242,16,0,181,23,204
1409,58,242,16,0,161,23,184
452,53,242,16,0,166,23,189
700,45,242,16,0,174,23,197
715,6,242,16,0,213,23,236
220,51,242,16,0,168,23,191
1300,32,242,16,0,187,23,210
1199,65,262,1,0,186,11,197
717,49,262,1,0,202,11,213
656,52,262,1,0,199,11,210
490,51,262,1,0,200,11,211
1416,73,262,1,0,178,11,189
1156,67,262,1,0,184,11,195
1142,113,262,1,0,138,11,149
1228,57,262,1,0,194,11,205
471,80,262,1,0,171,11,182
15,70,262,1,0,181,11,192
347,97,262,1,0,154,11,165
349,85,262,1,0,166,11,177
352,100,262,1,0,151,11,162
626,90,262,1,0,161,11,172
1472,94,262,1,0,157,11,168
688,68,262,1,0,183,11,194
223,90,262,1,0,161,11,172
689,47,262,1,0,204,11,215
508,52,262,1,0,199,11,210
348,84,262,1,0,167,11,178
985,30,264,18,0,212,22,234
189,41,264,18,0,201,22,223
225,32,264,18,0,210,22,232
1640,49,264,18,0,193,22,215
1571,42,264,18,0,200,22,222
6,33,264,18,0,209,22,231
5,50,264,18,0,192,22,214
1488,39,264,18,0,203,22,225
986,38,264,18,0,204,22,226
188,63,264,18,0,179,22,201
657,61,264,18,0,181,22,203
1512,66,264,18,0,176,22,198
539,35,264,18,0,207,22,229
1129,49,264,18,0,193,22,215
750,51,264,18,0,191,22,213
1163,52,264,18,0,190,22,212
961,69,264,18,0,173,22,195
1487,63,264,18,0,179,22,201
1270,57,264,18,0,185,22,207
1486,67,264,18,0,175,22,197
1439,28,265,11,0,221,16,237
740,65,265,11,0,184,16,200
762,7,265,11,0,242,16,258
1158,15,265,11,0,234,16,250
808,65,265,11,0,184,16,200
1366,33,265,11,0,216,16,232
1015,49,265,11,0,200,16,216
1616,34,265,11,0,215,16,231
1369,60,265,11,0,189,16,205
1118,24,265,11,0,225,16,241
1706,51,265,11,0,198,16,214
828,58,265,11,0,191,16,207
30,8,265,11,0,241,16,257
1242,14,265,11,0,235,16,251
849,36,265,11,0,213,16,229
296,22,265,11,0,227,16,243
1036,19,265,11,0,230,16,246
1442,34,265,11,0,215,16,231
1137,45,265,11,0,204,16,220
807,15,265,11,0,234,16,250
210,57,269,6,0,199,13,212
847,13,269,6,0,243,13,256
1103,54,269,6,0,202,13,215
877,89,269,6,0,167,13,180
148,81,269,6,0,175,13,188
1096,81,269,6,0,175,13,188
1325,84,269,6,0,172,13,185
1354,74,269,6,0,182,13,195
49,77,269,6,0,179,13,192
149,90,269,6,0,166,13,179
269,36,269,6,0,220,13,233
749,87,269,6,0,169,13,182
759,78,269,6,0,178,13,191
1667,76,269,6,0,180,13,193
860,46,269,6,0,210,13,223
136,65,269,6,0,191,13,204
861,41,269,6,0,215,13,228
1122,60,269,6,0,196,13,209
1627,27,269,6,0,229,13,242
240,70,269,6,0,186,13,199
1599,78,271,11,0,179,14,193
1450,65,271,11,0,192,14,206
1037,16,271,11,0,241,14,255
574,39,271,11,0,218,14,232
1438,23,271,11,0,234,14,248
1185,79,271,11,0,178,14,192
1038,69,271,11,0,188,14,202
1184,34,271,11,0,223,14,237
763,74,271,11,0,183,14,197
1039,59,271,11,0,198,14,212
286,71,271,11,0,186,14,200
869,68,271,11,0,189,14,203
1370,7,271,11,0,250,14,264
1443,28,271,11,0,229,14,243
796,67,271,11,0,190,14,204
974,49,271,11,0,208,14,222
4,14,271,11,0,243,14,257
84,80,271,11,0,177,14,191
1016,83,271,11,0,174,14,188
1430,84,271,11,0,173,14,187
150,10,288,4,0,270,8,278
1390,56,288,4,0,224,8,232
1393,103,288,4,0,177,8,185
1539,86,288,4,0,194,8,202
713,81,288,4,0,199,8,207
1154,72,288,4,0,208,8,216
723,69,288,4,0,211,8,219
1153,95,288,4,0,185,8,193
304,107,288,4,0,173,8,181
366,83,288,4,0,197,8,205
1523,60,288,4,0,220,8,228
378,93,288,4,0,187,8,195
1394,91,288,4,0,189,8,197
670,50,288,4,0,230,8,238
1282,99,288,4,0,181,8,189
0,87,288,4,0,193,8,201
1240,25,288,4,0,255,8,263
1155,103,288,4,0,177,8,185
583,63,288,4,0,217,8,225
747,37,288,4,0,243,8,251
147,98,294,9,0,178,18,196
835,80,294,9,0,196,18,214
228,98,294,9,0,178,18,196
1690,40,294,9,0,236,18,254
781,74,294,9,0,202,18,220
1507,84,294,9,0,192,18,210
905,72,294,9,0,204,18,222
1670,77,294,9,0,199,18,217
1567,16,294,9,0,260,18,278
1150,67,294,9,0,209,18,227
784,100,294,9,0,176,18,194
31,54,294,9,0,222,18,240
1208,63,294,9,0,213,18,231
785,88,294,9,0,188,18,206
181,83,294,9,0,193,18,211
1672,69,294,9,0,207,18,225
1104,48,294,9,0,228,18,246
34,67,294,9,0,209,18,227
904,75,294,9,0,201,18,219
879,62,294,9,0,214,18,232
300,43,295,17,0,228,24,252
1236,35,295,17,0,236,24,260
1146,63,295,17,0,208,24,232
662,38,295,17,0,233,24,257
156,73,295,17,0,198,24,222
1145,37,295,17,0,234,24,258
1052,62,295,17,0,209,24,233
1678,66,295,17,0,205,24,229
420,71,295,17,0,200,24,224
323,59,295,17,0,212,24,236
1244,40,295,17,0,231,24,255
1622,68,295,17,0,203,24,227
1490,57,295,17,0,214,24,238
28,64,295,17,0,207,24,231
1702,45,295,17,0,226,24,250
402,33,295,17,0,238,24,262
272,54,295,17,0,217,24,241
380,50,295,17,0,221,24,245
1606,38,295,17,0,233,24,257
1497,66,295,17,0,205,24,229
772,30,305,10,0,255,20,275
533,80,305,10,0,205,20,225
923,64,305,10,0,221,20,241
1533,40,305,10,0,245,20,265
831,59,305,10,0,226,20,246
1014,79,305,10,0,206,20,226
1558,43,305,10,0,242,20,262
865,1,305,10,0,284,20,304
386,51,305,10,0,234,20,254
268,76,305,10,0,209,20,229
1561,67,305,10,0,218,20,238
1082,45,305,10,0,240,20,260
1230,25,305,10,0,260,20,280
1345,79,305,10,0,206,20,226
1559,75,305,10,0,210,20,230
771,71,305,10,0,214,20,234
677,15,305,10,0,270,20,290
902,21,305,10,0,264,20,284
1532,67,305,10,0,218,20,238
1024,57,305,10,0,228,20,248
548,96,309,17,0,190,23,213
1018,67,309,17,0,219,23,242
1462,51,309,17,0,235,23,258
1269,38,309,17,0,248,23,271
1380,77,309,17,0,209,23,232
816,74,309,17,0,212,23,235
1491,39,309,17,0,247,23,270
614,75,309,17,0,211,23,234
1492,62,309,17,0,224,23,247
1569,85,309,17,0,201,23,224
281,77,309,17,0,209,23,232
1019,58,309,17,0,228,23,251
421,84,309,17,0,202,23,225
1340,82,309,17,0,204,23,227
540,89,309,17,0,197,23,220
463,71,309,17,0,215,23,238
504,44,309,17,0,242,23,265
1570,65,309,17,0,221,23,244
1489,34,309,17,0,252,23,275
668,90,309,17,0,196,23,219
578,119,314,3,0,186,9,195
1373,95,314,3,0,207,12,219
660,118,314,3,0,185,11,196
617,77,314,3,0,225,12,237
1335,87,314,3,0,218,9,227
1286,84,314,3,0,218,12,230
1239,89,314,3,0,215,10,225
1079,103,314,3,0,199,12,211
1342,83,314,3,0,219,12,231
618,55,314,3,0,247,12,259
1315,92,314,3,0,211,11,222
215,83,314,3,0,220,11,231
253,89,314,3,0,213,12,225
1417,81,314,3,0,223,10,233
628,96,314,3,0,211,7,218
813,118,314,3,0,184,12,196
111,72,314,3,0,230,12,242
812,34,314,3,0,268,12,280
1527,46,314,3,0,257,11,268
1344,40,314,3,0,263,11,274
709,57,314,3,0,246,11,257
1011,62,314,3,0,242,10,252
1353,61,314,3,0,241,12,253
845,49,314,3,0,253,12,265
1012,75,314,3,0,228,11,239
964,64,314,3,0,238,12,250
1078,115,314,3,0,187,12,199
1010,45,314,3,0,257,12,269
963,66,314,3,0,237,11,248
1424,87,314,3,0,215,12,227
1343,51,314,3,0,254,9,263
708,98,314,3,0,204,12,216
1046,70,314,3,0,236,8,244
144,87,314,3,0,216,11,227
1658,88,314,3,0,214,12,226
1223,103,314,3,0,201,10,211
1275,41,314,3,0,261,12,273
1194,43,314,3,0,261,10,271
1418,100,314,3,0,203,11,214
1592,69,314,3,0,233,12,245
1496,74,316,17,0,216,26,242
669,106,316,17,0,183,27,210
1053,64,316,17,0,225,27,252
379,37,316,17,0,252,27,279
549,91,316,17,0,198,27,225
673,62,316,17,0,228,26,254
1503,69,316,17,0,220,27,247
1662,77,316,17,0,212,27,239
1265,90,316,17,0,200,26,226
339,83,316,17,0,206,27,233
547,57,316,17,0,232,27,259
1341,107,316,17,0,182,27,209
55,111,316,17,0,178,27,205
1218,102,316,17,0,187,27,214
1714,38,316,17,0,252,26,278
1085,114,316,17,0,175,27,202
960,81,316,17,0,209,26,235
1514,86,316,17,0,203,27,230
1519,42,316,17,0,247,27,274
1339,74,316,17,0,215,27,242
1543,88,340,2,0,239,13,252
309,74,340,2,0,253,13,266
101,96,340,2,0,231,13,244
236,89,340,2,0,238,13,251
69,54,340,2,0,273,13,286
1111,48,340,2,0,279,13,292
686,61,340,2,0,266,13,279
25,39,340,2,0,288,13,301
142,86,340,2,0,241,13,254
947,99,340,2,0,228,13,241
969,77,340,2,0,250,13,263
373,34,340,2,0,293,13,306
690,66,340,2,0,261,13,274
1536,114,340,2,0,213,13,226
1619,110,340,2,0,217,13,230
1534,27,340,2,0,301,12,313
664,117,340,2,0,210,13,223
22,101,340,2,0,226,13,239
942,90,340,2,0,237,13,250
1537,17,340,2,0,310,13,323
1068,56,341,16,0,262,23,285
1575,51,341,16,0,267,23,290
1298,48,341,16,0,270,23,293
911,59,341,16,0,259,23,282
1292,81,341,16,0,237,23,260
972,11,341,16,0,307,23,330
1262,87,341,16,0,231,23,254
929,82,341,16,0,236,23,259
115,65,341,16,0,253,23,276
251,31,341,16,0,287,23,310
94,70,341,16,0,248,23,271
450,52,341,16,0,266,23,289
449,84,341,16,0,234,23,257
612,71,341,16,0,247,23,270
1288,23,341,16,0,295,23,318
992,72,341,16,0,246,23,269
704,80,341,16,0,238,23,261
1634,44,341,16,0,274,23,297
17,68,341,16,0,250,23,273
343,42,341,16,0,276,23,299
1359,98,345,12,0,230,17,247
192,112,345,12,0,216,17,233
464,97,345,12,0,231,17,248
397,90,345,12,0,238,17,255
1226,105,345,12,0,223,17,240
46,110,345,12,0,218,17,235
1214,87,345,12,0,241,17,258
977,26,345,12,0,302,17,319
288,115,345,12,0,213,17,230
1197,35,345,12,0,294,16,310
367,82,345,12,0,246,17,263
1191,73,345,12,0,255,17,272
273,78,345,12,0,250,17,267
390,103,345,12,0,225,17,242
1360,84,345,12,0,244,17,261
744,92,345,12,0,236,17,253
209,42,345,12,0,286,17,303
735,64,345,12,0,264,17,281
331,57,345,12,0,271,17,288
465,68,345,12,0,260,17,277
901,12,346,12,0,314,20,334
499,45,346,12,0,281,20,301
1162,79,346,12,0,247,20,267
9,65,346,12,0,261,20,281
930,64,346,12,0,262,20,282
92,58,346,12,0,268,20,288
193,39,346,12,0,287,20,307
582,82,346,12,0,244,20,264
1133,50,346,12,0,276,20,296
1481,71,346,12,0,255,20,275
556,85,346,12,0,241,20,261
734,72,346,12,0,254,20,274
753,83,346,12,0,243,20,263
447,88,346,12,0,238,20,258
467,75,346,12,0,251,20,271
920,30,346,12,0,296,20,316
388,74,346,12,0,252,20,272
978,65,346,12,0,261,20,281
1675,81,346,12,0,245,20,265
1328,86,346,12,0,240,20,260
1234,114,350,7,0,218,18,236
357,43,350,7,0,290,17,307
1072,67,350,7,0,266,17,283
129,38,350,7,0,294,18,312
854,73,350,7,0,259,18,277
853,86,350,7,0,246,18,264
1461,54,350,7,0,278,18,296
320,101,350,7,0,231,18,249
892,100,350,7,0,232,18,250
1080,67,350,7,0,265,18,283
563,74,350,7,0,259,17,276
430,92,350,7,0,241,17,258
280,44,350,7,0,288,18,306
1304,94,350,7,0,238,18,256
998,77,350,7,0,255,18,273
1601,57,350,7,0,275,18,293
1231,108,350,7,0,224,18,242
852,110,350,7,0,222,18,240
1032,55,350,7,0,278,17,295
461,64,350,7,0,268,18,286
1224,93,368,6,0,262,13,275
878,78,368,6,0,277,13,290
502,102,368,6,0,253,13,266
93,80,368,6,0,276,12,288
701,90,368,6,0,265,13,278
951,21,368,6,0,334,13,347
758,58,368,6,0,297,13,310
1628,81,368,6,0,274,13,287
247,30,368,6,0,326,12,338
1355,109,368,6,0,246,13,259
248,116,368,6,0,239,13,252
1211,75,368,6,0,280,13,293
842,68,368,6,0,287,13,300
883,52,368,6,0,303,13,316
1120,55,368,6,0,301,12,313
1123,85,368,6,0,270,13,283
949,39,368,6,0,316,13,329
1458,100,368,6,0,256,12,268
1094,87,368,6,0,269,12,281
647,72,368,6,0,284,12,296
1551,80,371,1,0,280,11,291
1200,52,371,1,0,310,9,319
1639,57,371,18,0,286,28,314
1549,31,371,18,0,312,28,340
1276,55,371,1,0,305,11,316
191,51,371,18,0,292,28,320
1128,41,371,18,0,302,28,330
1372,39,371,18,0,304,28,332
259,104,371,1,0,256,11,267
1550,66,371,1,0,294,11,305
1587,65,371,18,0,278,28,306
1685,35,371,18,0,308,28,336
1140,62,371,1,0,299,10,309
256,117,371,1,0,243,11,254
21,120,371,1,0,240,11,251
857,94,371,18,0,249,28,277
278,96,371,1,0,264,11,275
698,119,371,1,0,242,10,252
470,80,371,1,0,282,9,291
1588,72,371,18,0,271,28,299
858,68,371,18,0,275,28,303
1632,81,371,18,0,262,28,290
16,69,371,1,0,291,11,302
1641,75,371,18,0,268,28,296
1562,85,371,18,0,258,28,286
1159,49,371,1,0,312,10,322
1724,87,371,1,0,274,10,284
1445,49,371,18,0,294,28,322
13,51,371,1,0,309,11,320
1363,62,371,18,0,281,28,309
1127,79,371,18,0,264,28,292
1323,71,371,18,0,272,28,300
1277,97,371,1,0,264,10,274
1004,90,371,1,0,270,11,281
507,48,371,1,0,312,11,323
503,86,371,18,0,257,28,285
1181,83,371,18,0,260,28,288
303,84,371,18,0,259,28,287
1043,70,371,1,0,291,10,301
1479,84,371,1,0,276,11,287
742,88,372,8,0,269,15,284
990,77,372,8,0,281,14,295
752,64,372,8,0,294,14,308
743,81,372,8,0,276,15,291
204,61,372,8,0,296,15,311
1375,91,372,8,0,266,15,281
746,109,372,8,0,248,15,263
955,113,372,8,0,244,15,259
551,72,372,8,0,285,15,300
1422,111,372,8,0,246,15,261
1167,111,372,8,0,246,15,261
312,96,372,8,0,261,15,276
60,52,372,8,0,305,15,320
171,29,372,8,0,328,15,343
954,42,372,8,0,316,14,330
1203,104,372,8,0,253,15,268
1050,103,372,8,0,254,15,269
73,100,372,8,0,257,15,272
956,109,372,8,0,248,15,263
924,66,372,8,0,291,15,306
124,81,383,10,0,284,18,302
311,76,383,10,0,291,16,307
646,49,383,10,0,317,17,334
1083,111,383,10,0,254,18,272
1301,67,383,10,0,298,18,316
216,26,383,10,0,339,18,357
1077,87,383,10,0,277,19,296
953,92,383,10,0,273,18,291
952,79,383,10,0,285,19,304
535,40,383,10,0,324,19,343
438,84,383,10,0,280,19,299
864,120,383,10,0,246,17,263
1560,19,383,10,0,345,19,364
706,100,383,10,0,264,19,283
838,86,383,10,0,280,17,297
903,102,383,10,0,266,15,281
95,58,383,10,0,306,19,325
1391,108,383,10,0,256,19,275
1003,69,383,10,0,295,19,314
597,117,383,10,0,247,19,266
1229,85,384,10,0,276,23,299
1076,80,384,10,0,281,23,304
837,52,384,10,0,309,23,332
1609,44,384,10,0,317,23,340
123,119,384,10,0,242,23,265
1610,82,384,10,0,279,23,302
1598,87,384,10,0,274,23,297
643,106,384,10,0,255,23,278
1392,74,384,10,0,287,23,310
922,116,384,10,0,245,23,268
1002,91,384,10,0,270,23,293
1031,110,384,10,0,251,23,274
404,102,384,10,0,259,23,282
1629,23,384,10,0,338,23,361
403,11,384,10,0,350,23,373
1446,76,384,10,0,285,23,308
777,35,384,10,0,326,23,349
1258,60,384,10,0,301,23,324
387,67,384,10,0,294,23,317
1117,97,384,10,0,264,23,287
786,98,398,9,0,286,14,300
374,67,398,9,0,317,14,331
782,53,398,9,0,330,15,345
738,46,398,9,0,338,14,352
1564,106,398,9,0,277,15,292
880,74,398,9,0,309,15,324
705,63,398,9,0,320,15,335
510,73,398,9,0,311,14,325
428,79,398,9,0,304,15,319
1669,100,398,9,0,283,15,298
604,97,398,9,0,286,15,301
806,113,398,9,0,270,15,285
767,28,398,9,0,355,15,370
1017,83,398,9,0,301,14,315
362,119,398,9,0,265,14,279
1261,67,398,9,0,316,15,331
1689,83,398,9,0,300,15,315
1693,113,398,9,0,270,15,285
1553,71,398,9,0,312,15,327
1149,109,398,9,0,275,14,289
1436,92,412,14,0,302,18,320
122,98,412,14,0,296,18,314
610,99,412,14,0,295,18,313
294,82,412,14,0,312,18,330
1581,78,412,14,0,316,18,334
1518,56,412,14,0,338,18,356
351,86,412,14,0,308,18,326
1700,30,412,14,0,364,18,382
821,79,412,14,0,315,18,333
988,25,412,14,0,369,18,387
20,19,412,14,0,375,18,393
1546,87,412,14,0,307,18,325
925,58,412,14,0,336,18,354
439,45,412,14,0,349,18,367
1717,88,412,14,0,306,18,324
19,59,412,14,0,335,18,353
1580,95,412,14,0,299,18,317
1397,52,412,14,0,342,18,360
473,70,412,14,0,324,18,342
623,67,412,14,0,327,18,345
975,97,414,13,0,296,21,317
1508,77,414,9,0,314,23,337
541,67,414,13,0,326,21,347
264,69,414,13,0,324,21,345
1172,111,414,8,0,286,17,303
36,103,414,9,0,288,23,311
199,90,414,13,0,303,21,324
542,57,414,13,0,336,21,357
435,7,414,13,0,386,21,407
797,81,414,13,0,312,21,333
1649,109,414,8,0,289,16,305
1131,111,414,8,0,288,15,303
1374,105,414,8,0,292,17,309
696,93,414,13,0,300,21,321
898,103,414,8,0,294,17,311
1202,114,414,8,0,284,16,300
839,74,414,13,0,319,21,340
1719,85,414,8,0,312,17,329
545,40,414,13,0,353,21,374
1691,60,414,9,0,331,23,354
1671,69,414,9,0,323,22,345
1294,97,414,8,0,301,16,317
338,31,414,13,0,362,21,383
242,88,414,8,0,311,15,326
550,68,414,8,0,330,16,346
543,83,414,13,0,310,21,331
1071,113,414,9,0,279,22,301
1257,85,414,13,0,308,21,329
588,94,414,8,0,303,17,320
277,113,414,13,0,280,21,301
324,87,414,9,0,306,21,327
834,64,414,13,0,329,21,350
900,24,414,13,0,369,21,390
811,88,414,13,0,305,21,326
1500,103,414,8,0,297,14,311
518,55,414,8,0,342,17,359
1526,114,414,13,0,279,21,300
169,103,414,13,0,290,21,311
106,111,414,8,0,286,17,303
96,90,414,13,0,303,21,324
1478,68,430,14,0,340,22,362
719,99,430,14,0,309,22,331
1505,54,430,14,0,354,22,376
850,108,430,14,0,300,22,322
1398,59,430,14,0,349,22,371
611,104,430,14,0,304,22,326
440,87,430,14,0,322,21,343
418,39,430,14,0,369,22,391
814,106,430,14,0,302,22,324
419,83,430,14,0,325,22,347
571,77,430,14,0,332,21,353
679,102,430,14,0,306,22,328
678,79,430,14,0,329,22,351
1504,93,430,14,0,315,22,337
1716,56,430,14,0,353,21,374
622,28,430,14,0,381,21,402
863,118,430,14,0,290,22,312
316,21,430,14,0,387,22,409
1515,87,430,14,0,321,22,343
1711,95,430,14,0,314,21,335
282,107,431,15,0,303,21,324
1336,103,431,15,0,307,21,328
1511,73,431,15,0,337,21,358
161,91,431,15,0,319,21,340
557,70,431,15,0,340,21,361
1217,96,431,15,0,314,21,335
1652,58,431,15,0,352,21,373
1338,46,431,15,0,364,21,385
159,99,431,15,0,311,21,332
632,92,431,15,0,318,21,339
751,114,431,15,0,296,21,317
1642,85,431,15,0,325,21,346
959,101,431,15,0,309,21,330
1087,79,431,15,0,331,21,352
1177,87,431,15,0,323,21,344
246,35,431,15,0,376,20,396
187,21,431,15,0,389,21,410
176,62,431,15,0,348,21,369
875,59,431,15,0,352,20,372
1101,107,431,15,0,303,21,324
235,87,437,2,0,322,28,350
1399,97,437,2,0,312,28,340
68,50,437,2,0,359,28,387
1645,83,437,2,0,329,25,354
799,88,437,2,0,322,27,349
1296,36,437,2,0,373,28,401
1295,60,437,2,0,351,26,377
431,103,437,2,0,306,28,334
1042,116,437,1,0,309,12,321
1688,68,437,1,0,357,12,369
687,67,437,2,0,343,27,370
769,115,437,2,0,294,28,322
1637,61,437,2,0,348,28,376
943,111,437,2,0,302,24,326
895,100,437,2,0,310,27,337
493,75,437,2,0,334,28,362
946,43,437,2,0,367,27,394
244,92,437,1,0,334,11,345
1544,95,437,2,0,316,26,342
1547,89,437,2,0,320,28,348
427,71,439,5,0,359,9,368
530,114,439,5,0,316,9,325
335,112,439,5,0,318,9,327
941,83,439,5,0,347,9,356
1238,103,439,5,0,328,8,336
914,81,439,5,0,351,7,358
1721,59,439,5,0,372,8,380
1090,77,439,5,0,354,8,362
527,112,439,5,0,319,8,327
712,55,439,5,0,375,9,384
1237,78,439,5,0,352,9,361
245,50,439,5,0,382,7,389
939,41,439,5,0,389,9,398
132,44,439,5,0,387,8,395
426,88,439,5,0,343,8,351
1116,60,439,5,0,370,9,379
529,89,439,5,0,341,9,350
1179,46,439,5,0,384,9,393
319,105,439,5,0,325,9,334
1586,95,439,5,0,335,9,344
731,75,450,11,0,359,16,375
211,84,450,11,0,350,16,366
1557,99,450,11,0,335,16,351
234,95,450,11,0,339,16,355
1347,22,450,11,0,412,16,428
973,68,450,11,0,366,16,382
475,70,450,11,0,364,16,380
1440,61,450,11,0,373,16,389
741,67,450,11,0,368,15,383
1449,105,450,11,0,329,16,345
774,12,450,11,0,422,16,438
290,35,450,11,0,400,15,415
730,111,450,11,0,323,16,339
1007,80,450,11,0,354,16,370
1371,116,450,11,0,318,16,334
1049,86,450,11,0,348,16,364
1348,15,450,11,0,420,15,435
1448,33,450,11,0,401,16,417
29,45,450,11,0,389,16,405
809,106,450,11,0,328,16,344
18,17,457,16,0,418,22,440
392,76,457,16,0,359,22,381
429,110,457,16,0,325,22,347
116,118,457,16,0,317,22,339
1635,58,457,16,0,377,22,399
451,93,457,16,0,342,22,364
252,89,457,16,0,346,22,368
699,60,457,16,0,376,21,397
703,45,457,16,0,390,22,412
1707,38,457,16,0,397,22,419
721,117,457,16,0,318,22,340
1410,66,457,16,0,369,22,391
833,81,457,16,0,354,22,376
981,48,457,16,0,388,21,409
872,86,457,16,0,349,22,371
1297,51,457,16,0,384,22,406
980,26,457,16,0,410,21,431
932,70,457,16,0,365,22,387
912,100,457,16,0,335,22,357
1365,104,457,16,0,331,22,353
933,47,461,4,0,406,8,414
125,34,461,4,0,420,7,427
1060,54,461,4,0,401,6,407
1395,76,461,4,0,377,8,385
1059,15,461,4,0,438,8,446
830,104,461,4,0,349,8,357
1659,86,461,4,0,369,6,375
841,100,461,4,0,353,8,361
356,67,461,4,0,386,8,394
1695,112,461,4,0,342,7,349
255,82,461,4,0,372,7,379
1020,103,461,4,0,351,7,358
412,58,461,4,0,395,8,403
152,92,461,4,0,362,7,369
724,61,461,4,0,393,7,400
1541,108,461,4,0,345,8,353
1138,87,461,4,0,366,8,374
957,94,461,4,0,359,8,367
43,107,461,4,0,348,6,354
42,84,461,4,0,369,8,377
133,64,467,5,0,387,16,403
1062,97,467,4,0,361,9,370
1584,110,467,5,0,341,16,357
127,69,467,4,0,388,10,398
425,94,467,5,0,358,15,373
526,114,467,5,0,339,14,353
1170,71,477,18,0,385,21,406
483,100,477,18,0,355,22,377
1147,67,477,18,0,388,22,410
1548,82,477,18,0,373,22,395
1241,97,477,18,0,358,22,380
1305,37,477,18,0,419,21,440
778,33,477,18,0,422,22,444
184,58,477,18,0,397,22,419
185,52,477,18,0,404,21,425
1687,85,477,18,0,370,22,392
82,108,477,18,0,347,22,369
1026,81,477,18,0,375,21,396
1572,86,477,18,0,370,21,391
1143,40,477,18,0,415,22,437
856,106,477,18,0,349,22,371
1126,77,477,18,0,378,22,400
962,116,477,18,0,339,22,361
478,49,477,18,0,406,22,428
1171,87,477,18,0,368,22,390
970,71,477,18,0,384,22,406
1663,106,494,17,0,360,28,388
1035,99,494,18,0,360,35,395
714,44,494,16,0,429,21,450
1034,119,494,18,0,340,35,375
1513,108,494,18,0,353,33,386
817,50,494,17,0,416,28,444
190,75,494,18,0,383,36,419
1686,84,494,18,0,376,34,410
1025,112,494,18,0,346,36,382
370,104,494,17,0,363,27,390
174,66,494,17,0,401,27,428
1623,108,494,17,0,361,25,386
1144,104,494,18,0,354,36,390
661,100,494,17,0,366,28,394
779,63,494,18,0,396,35,431
1164,46,494,18,0,412,36,448
1463,76,494,17,0,390,28,418
224,95,494,18,0,363,36,399
615,112,494,17,0,354,28,382
1568,84,494,17,0,384,26,410
1453,83,499,7,0,398,18,416
196,93,504,19,0,387,24,411
1405,95,504,19,0,386,23,409
329,105,504,19,0,374,25,399
983,110,504,19,0,369,25,394
99,80,504,19,0,399,25,424
592,52,504,19,0,428,24,452
231,101,504,19,0,378,25,403
1253,94,504,19,0,385,25,410
1415,108,504,19,0,372,24,396
385,118,504,19,0,363,23,386
621,86,504,19,0,396,22,418
98,77,504,19,0,403,24,427
487,74,504,19,0,405,25,430
140,29,504,19,0,450,25,475
1647,67,504,19,0,414,23,437
1222,59,504,19,0,420,25,445
1376,99,504,19,0,381,24,405
996,118,504,19,0,361,25,386
139,97,504,19,0,382,25,407
170,88,504,19,0,391,25,416
1454,112,512,7,0,368,32,400
680,45,512,6,0,450,17,467
48,77,512,6,0,418,17,435
443,116,512,7,0,365,31,396
1095,84,512,6,0,413,15,428
460,102,512,7,0,378,32,410
1332,47,512,7,0,433,32,465
468,101,512,7,0,380,31,411
476,64,512,6,0,432,16,448
907,100,512,7,0,380,32,412
359,91,512,6,0,404,17,421
1183,71,512,7,0,409,32,441
648,110,512,6,0,385,17,402
1233,59,512,7,0,422,31,453
1528,106,512,6,0,390,16,406
410,108,512,7,0,374,30,404
1008,69,529,11,0,441,19,460
848,26,529,11,0,484,19,503
795,72,529,11,0,440,17,457
1681,78,529,11,0,432,19,451
285,112,529,11,0,398,19,417
1119,83,529,11,0,428,18,446
1441,108,529,11,0,404,17,421
773,119,529,11,0,392,18,410
295,102,529,11,0,409,18,427
868,98,529,11,0,412,19,431
474,55,529,11,0,456,18,474
1600,105,529,11,0,405,19,424
1680,85,529,11,0,425,19,444
1048,88,529,11,0,425,16,441
54,98,531,16,0,404,29,433
1636,112,531,16,0,387,32,419
1070,69,531,16,0,431,31,462
754,103,531,19,0,384,44,428
967,105,531,15,0,407,19,426
1216,52,531,15,0,460,19,479
237,99,531,15,0,413,19,432
663,117,531,16,0,384,30,414
613,53,531,16,0,446,32,478
1178,72,531,15,0,440,19,459
1290,72,531,16,0,427,32,459
1530,90,531,16,0,409,32,441
915,102,531,16,0,397,32,429
91,93,531,15,0,419,19,438
1407,87,531,16,0,413,31,444
1289,107,531,16,0,393,31,424
633,90,531,15,0,422,19,441
720,82,531,16,0,417,32,449
1633,80,531,16,0,421,30,451
40,82,531,15,0,430,19,449
1193,103,557,15,0,419,35,454
1589,92,557,14,0,442,23,465
230,51,557,14,0,481,25,506
213,92,557,15,0,431,34,465
1590,115,557,14,0,417,25,442
958,68,557,15,0,453,36,489
1579,106,557,14,0,426,25,451
873,116,557,15,0,405,36,441
1427,112,557,15,0,412,33,445
1582,107,557,14,0,428,22,450
394,107,557,15,0,414,36,450
1611,102,557,14,0,431,24,455
1525,17,557,13,0,523,17,540
1653,86,557,15,0,435,36,471
1272,37,557,13,0,503,17,520
1563,101,557,14,0,431,25,456
718,65,557,14,0,468,24,492
1055,81,557,14,0,451,25,476
1357,96,557,15,0,425,36,461
599,77,557,15,0,445,35,480
1205,44,573,13,0,501,28,529
1271,85,573,13,0,459,29,488
1249,120,573,13,0,424,29,453
491,90,573,13,0,454,29,483
984,30,573,13,0,514,29,543
198,117,573,13,0,428,28,456
267,98,573,13,0,446,29,475
1482,46,573,12,0,509,18,527
1252,77,573,13,0,467,29,496
1368,68,573,13,0,476,29,505
859,82,573,13,0,465,26,491
1349,114,573,13,0,430,29,459
655,105,573,13,0,443,25,468
501,90,573,13,0,456,27,483
217,62,573,13,0,482,29,511
589,91,573,13,0,453,29,482
1207,93,573,13,0,452,28,480
945,65,573,13,0,481,27,508
1312,71,573,13,0,474,28,502
266,86,573,13,0,459,28,487
581,104,580,12,0,460,16,476
448,81,580,12,0,483,16,499
761,89,580,12,0,478,13,491
466,97,580,12,0,467,16,483
3,72,580,12,0,492,16,508
775,75,580,12,0,491,14,505
1465,112,580,12,0,456,12,468
1278,90,580,12,0,474,16,490
497,111,580,12,0,453,16,469
1190,96,580,12,0,469,15,484
1,102,580,12,0,464,14,478
587,86,580,12,0,478,16,494
1227,105,580,12,0,460,15,475
1092,65,580,12,0,500,15,515
1279,61,580,12,0,503,16,519
826,82,580,12,0,483,15,498
