1311,30,44,4,0,3,11,14
1166,19,44,4,0,14,11,25
1447,26,44,4,0,7,11,18
622,31,44,4,0,2,11,13
843,24,44,4,0,9,11,20
238,26,44,5,0,1,17,18
685,2,44,4,0,31,11,42
639,31,44,4,0,3,10,13
1243,9,44,4,0,25,10,35
1114,5,44,6,0,5,34,39
954,21,44,4,0,12,11,23
738,32,44,4,0,1,11,12
107,20,44,4,0,14,10,24
1427,27,44,4,0,6,11,17
529,20,44,6,0,1,23,24
936,0,44,6,0,9,35,44
998,24,44,4,0,10,10,20
962,13,44,4,0,20,11,31
229,29,44,4,0,5,10,15
650,13,44,6,0,1,30,31
1504,15,45,7,0,1,29,30
1299,13,45,5,0,6,26,32
158,2,45,5,0,17,26,43
177,26,45,5,0,1,18,19
899,7,45,4,0,26,12,38
73,0,45,7,0,10,35,45
134,1,45,4,0,32,12,44
798,15,45,5,0,5,25,30
1097,20,45,5,0,1,24,25
1351,12,45,5,0,9,24,33
1425,4,45,7,0,7,34,41
679,11,45,4,0,22,12,34
938,5,45,7,0,5,35,40
979,14,45,7,0,1,30,31
1018,24,45,5,0,1,20,21
799,29,45,5,0,1,15,16
1065,19,45,5,0,3,23,26
644,18,45,5,0,1,26,27
1222,4,45,5,0,16,25,41
294,9,45,5,0,10,26,36
1357,2,50,8,0,21,27,48
1016,19,50,8,0,4,27,31
1454,23,50,8,0,1,26,27
913,17,50,9,0,1,32,33
457,10,50,8,0,15,25,40
1473,26,50,7,0,8,16,24
856,13,50,9,0,2,35,37
563,17,50,8,0,6,27,33
487,17,50,8,0,7,26,33
742,19,50,8,0,7,24,31
697,26,50,8,0,1,23,24
461,29,50,8,0,1,20,21
804,8,50,8,0,15,27,42
1092,17,50,9,0,2,31,33
877,5,50,9,0,9,36,45
775,31,50,7,0,3,16,19
250,1,50,9,0,12,37,49
741,20,50,8,0,3,27,30
1482,23,50,8,0,2,25,27
110,5,50,8,0,19,26,45
743,26,56,16,0,1,29,30
1418,22,56,16,0,3,31,34
696,14,56,17,0,5,37,42
673,2,56,17,0,18,36,54
830,14,56,16,0,13,29,42
1435,12,56,16,0,13,31,44
845,24,56,16,0,1,31,32
1486,2,56,16,0,23,31,54
70,14,56,17,0,6,36,42
1270,24,56,16,0,2,30,32
415,20,56,16,0,5,31,36
730,3,56,17,0,16,37,53
661,22,56,16,0,6,28,34
447,30,56,16,0,1,25,26
971,0,56,17,0,19,37,56
485,17,56,17,0,2,37,39
1117,28,56,16,0,1,27,28
507,2,56,15,0,31,23,54
841,20,56,16,0,6,30,36
552,8,56,16,0,18,30,48
1116,37,59,6,0,9,13,22
310,37,59,7,0,3,19,22
1509,41,59,7,0,2,16,18
453,40,59,7,0,2,17,19
336,43,59,7,0,1,15,16
140,33,59,8,0,1,25,26
570,40,59,7,0,1,18,19
937,33,59,6,0,13,13,26
859,41,59,7,0,1,17,18
939,41,59,6,0,5,13,18
321,33,59,7,0,6,20,26
1121,26,59,8,0,1,32,33
261,24,59,6,0,22,13,35
1025,32,59,6,0,14,13,27
1269,39,59,7,0,2,18,20
614,29,59,7,0,9,21,30
213,34,59,7,0,4,21,25
132,37,59,7,0,1,21,22
553,41,59,7,0,3,15,18
1266,41,59,7,0,1,17,18
520,15,64,13,0,26,23,49
1363,19,64,13,0,22,23,45
1329,21,64,14,0,9,34,43
142,26,64,14,0,3,35,38
124,16,64,14,0,13,35,48
1328,17,64,14,0,10,37,47
341,1,64,13,0,40,23,63
1443,13,64,14,0,14,37,51
275,13,64,17,0,7,44,51
1342,24,64,14,0,4,36,40
1445,32,64,14,0,1,31,32
906,31,64,14,0,1,32,33
1125,19,64,14,0,8,37,45
499,11,64,14,0,17,36,53
883,18,64,14,0,10,36,46
1037,6,64,14,0,21,37,58
421,22,64,14,0,5,37,42
34,29,64,14,0,2,33,35
37,7,64,13,0,34,23,57
146,24,64,14,0,3,37,40
996,30,66,1,0,26,10,36
964,17,66,1,0,39,10,49
1310,38,66,1,0,18,10,28
766,46,66,1,0,10,10,20
911,27,66,1,0,29,10,39
951,20,66,1,0,36,10,46
1360,41,66,1,0,15,10,25
1235,15,66,1,0,41,10,51
701,10,66,1,0,46,10,56
1281,48,66,1,0,8,10,18
491,20,66,1,0,36,10,46
997,18,66,1,0,38,10,48
687,5,66,1,0,51,10,61
849,21,66,1,0,35,10,45
81,38,66,1,0,18,10,28
848,1,66,1,0,55,10,65
399,49,66,1,0,7,10,17
727,13,66,1,0,43,10,53
397,43,66,1,0,13,10,23
101,32,66,1,0,24,10,34
1104,35,71,4,0,25,11,36
1337,53,71,4,0,7,11,18
1200,14,71,4,0,46,11,57
1198,45,71,4,0,15,11,26
961,44,71,4,0,17,10,27
1163,39,71,4,0,21,11,32
533,42,71,4,0,18,11,29
311,33,71,4,0,27,11,38
423,23,71,4,0,38,10,48
1172,52,71,4,0,8,11,19
230,51,71,4,0,9,11,20
963,34,71,4,0,27,10,37
1102,27,71,4,0,33,11,44
654,49,71,4,0,11,11,22
534,40,71,4,0,20,11,31
788,39,71,4,0,22,10,32
1103,55,71,4,0,5,11,16
903,58,71,4,0,2,11,13
1140,45,71,4,0,15,11,26
1028,47,71,4,0,13,11,24
267,26,86,2,0,48,12,60
972,33,86,2,0,41,12,53
1367,39,86,2,0,35,12,47
973,12,86,2,0,62,12,74
601,4,86,2,0,70,12,82
377,20,86,2,0,54,12,66
1297,19,86,2,0,55,12,67
225,44,86,2,0,30,12,42
269,57,86,2,0,17,12,29
1390,49,86,2,0,25,12,37
378,54,86,2,0,20,12,32
319,23,86,2,0,51,12,63
897,14,86,2,0,60,12,72
112,51,86,2,0,23,12,35
82,27,86,2,0,47,12,59
1109,48,86,2,0,26,12,38
628,41,86,2,0,33,12,45
417,35,86,2,0,39,12,51
576,37,86,2,0,37,12,49
1248,39,86,2,0,35,12,47
1496,36,88,5,0,38,14,52
1213,54,88,5,0,20,14,34
835,65,88,5,0,9,14,23
1183,45,88,5,0,29,14,43
348,46,88,5,0,28,14,42
115,59,88,5,0,15,14,29
388,31,88,5,0,43,14,57
1094,66,88,5,0,8,14,22
1410,58,88,5,0,16,14,30
1298,33,88,5,0,41,14,55
1385,47,88,5,0,27,14,41
495,63,88,5,0,11,14,25
1122,42,88,5,0,32,14,46
1478,67,88,5,0,7,14,21
1099,32,88,5,0,42,14,56
1063,64,88,5,0,10,14,24
1098,48,88,5,0,26,14,40
349,59,88,5,0,15,14,29
295,52,88,5,0,22,14,36
496,37,88,5,0,37,14,51
297,26,90,12,0,42,22,64
975,40,90,12,0,28,22,50
914,41,90,12,0,27,22,49
305,18,90,12,0,50,22,72
1499,9,90,12,0,59,22,81
323,47,90,12,0,21,22,43
595,43,90,12,0,25,22,47
713,30,90,12,0,38,22,60
145,52,90,12,0,16,22,38
1498,38,90,12,0,30,22,52
875,50,90,12,0,18,22,40
17,48,90,12,0,20,22,42
874,32,90,12,0,36,22,58
915,16,90,12,0,52,22,74
251,31,90,12,0,37,22,59
1382,26,90,12,0,42,22,64
1414,22,90,12,0,46,22,68
1257,29,90,12,0,39,22,61
144,2,90,12,0,66,22,88
1481,45,90,12,0,23,22,45
184,18,92,12,0,54,20,74
921,7,92,12,0,65,20,85
56,58,92,12,0,14,20,34
62,64,92,12,0,8,20,28
330,63,92,12,0,9,20,29
10,65,92,12,0,7,20,27
1380,61,92,12,0,11,20,31
1009,59,92,12,0,13,20,33
863,56,92,12,0,16,20,36
306,40,92,12,0,32,20,52
1107,30,92,12,0,42,20,62
984,51,92,12,0,21,20,41
1258,64,92,12,0,8,20,28
183,34,92,12,0,38,20,58
1036,24,92,12,0,48,20,68
987,56,92,12,0,16,20,36
1060,29,92,12,0,43,20,63
1186,56,92,12,0,16,20,36
1185,47,92,12,0,25,20,45
670,45,92,12,0,27,20,47
910,50,94,2,0,32,12,44
1197,75,94,2,0,7,12,19
113,68,94,2,0,14,12,26
223,65,94,2,0,17,12,29
809,61,94,2,0,21,12,33
1224,33,94,2,0,49,12,61
23,15,94,2,0,67,12,79
1002,55,94,2,0,27,12,39
896,11,94,2,0,71,12,83
1254,59,94,2,0,23,12,35
1249,74,94,2,0,8,12,20
22,21,94,2,0,61,12,73
419,71,94,2,0,11,12,23
630,26,94,2,0,56,12,68
420,76,94,2,0,6,12,18
577,41,94,2,0,41,12,53
1461,45,94,2,0,37,12,49
1296,72,94,2,0,10,12,22
247,69,94,2,0,13,12,25
302,38,94,2,0,44,12,56
120,53,105,3,0,42,10,52
515,3,105,3,0,92,10,102
1344,67,105,3,0,28,10,38
1286,60,105,3,0,35,10,45
723,15,105,3,0,80,10,90
1479,27,105,3,0,68,10,78
1072,44,105,3,0,51,10,61
1508,28,105,3,0,67,10,77
724,50,105,3,0,45,10,55
648,63,105,3,0,32,10,42
866,37,105,3,0,58,10,68
884,6,105,3,0,89,10,99
490,64,105,3,0,31,10,41
188,34,105,3,0,61,10,71
1429,20,105,3,0,75,10,85
347,45,105,3,0,50,10,60
2,37,105,3,0,58,10,68
647,22,105,3,0,73,10,83
237,56,105,3,0,39,10,49
651,52,105,3,0,43,10,53
574,92,106,1,0,7,7,14
104,94,106,1,0,5,7,12
912,93,106,1,0,6,7,13
728,27,106,1,0,72,7,79
100,71,106,1,0,28,7,35
517,48,106,1,0,51,7,58
781,80,106,1,0,19,7,26
1438,18,106,1,0,81,7,88
180,89,106,1,0,10,7,17
767,62,106,1,0,37,7,44
1359,85,106,1,0,14,7,21
46,38,106,1,0,61,7,68
1439,10,106,1,0,89,7,96
1046,65,106,1,0,34,7,41
1336,77,106,1,0,22,7,29
47,52,106,1,0,47,7,54
227,93,106,1,0,6,7,13
48,81,106,1,0,18,7,25
218,80,106,1,0,19,7,26
928,89,106,1,0,10,7,17
358,50,107,1,0,47,10,57
1129,28,107,1,0,69,10,79
1081,78,107,1,0,19,10,29
694,35,107,1,0,62,10,72
19,57,107,1,0,40,10,50
689,70,107,1,0,27,10,37
995,3,107,1,0,94,10,104
778,41,107,1,0,56,10,66
871,75,107,1,0,22,10,32
851,68,107,1,0,29,10,39
1236,44,107,1,0,53,10,63
357,71,107,1,0,26,10,36
764,12,107,1,0,85,10,95
105,53,107,1,0,44,10,54
518,48,107,1,0,49,10,59
782,64,107,1,0,33,10,43
492,20,107,1,0,77,10,87
1398,18,107,1,0,79,10,89
80,62,107,1,0,35,10,45
969,15,107,1,0,82,10,92
1433,26,119,19,0,64,29,93
968,50,119,19,0,40,29,69
1201,62,119,19,0,28,29,57
151,36,119,19,0,54,29,83
192,61,119,19,0,29,29,58
332,46,119,19,0,44,29,73
1292,23,119,19,0,67,29,96
150,13,119,19,0,77,29,106
96,33,119,19,0,57,29,86
1432,39,119,19,0,51,29,80
662,28,119,19,0,62,29,91
1039,8,119,19,0,82,29,111
331,38,119,19,0,52,29,81
15,31,119,19,0,59,29,88
1305,30,119,19,0,60,29,89
708,12,119,19,0,78,29,107
733,6,119,19,0,84,29,113
1019,59,119,19,0,31,29,60
1202,20,119,19,0,70,29,99
205,56,119,19,0,34,29,63
1209,21,121,9,0,87,13,100
42,57,121,9,0,51,13,64
717,54,121,9,0,54,13,67
1145,62,121,9,0,46,13,59
796,63,121,9,0,45,13,58
793,44,121,9,0,64,13,77
1206,55,121,9,0,53,13,66
41,38,121,9,0,70,13,83
404,35,121,9,0,73,13,86
1148,29,121,9,0,79,13,92
1091,31,121,9,0,77,13,90
872,22,121,9,0,86,13,99
1208,41,121,9,0,67,13,80
285,72,121,9,0,36,13,49
1348,71,121,9,0,37,13,50
326,48,121,9,0,60,13,73
1491,76,121,9,0,32,13,45
314,49,121,9,0,59,13,72
1146,65,121,9,0,43,13,56
887,27,121,9,0,81,13,94
1335,53,126,10,0,54,19,73
161,42,126,10,0,65,19,84
255,54,126,10,0,53,19,72
208,16,126,10,0,91,19,110
1457,44,126,10,0,63,19,82
156,37,126,10,0,70,19,89
382,29,126,10,0,78,19,97
436,33,126,10,0,74,19,93
1042,37,126,10,0,70,19,89
320,5,126,10,0,102,19,121
335,49,126,10,0,58,19,77
384,42,126,10,0,65,19,84
103,27,126,10,0,80,19,99
795,1,126,10,0,106,19,125
1024,55,126,10,0,52,19,71
1316,59,126,10,0,48,19,67
1043,48,126,10,0,59,19,78
374,39,126,10,0,68,19,87
1515,18,126,10,0,89,19,108
1319,38,126,10,0,69,19,88
802,25,136,6,0,98,13,111
869,81,136,6,0,42,13,55
482,83,136,6,0,40,13,53
327,50,136,6,0,73,13,86
25,59,136,6,0,64,13,77
541,90,136,6,0,33,13,46
260,75,136,6,0,48,13,61
870,50,136,6,0,73,13,86
1026,94,136,6,0,29,13,42
1115,52,136,6,0,71,13,84
1195,35,136,6,0,88,13,101
719,56,136,6,0,67,13,80
624,86,136,6,0,37,13,50
288,78,136,6,0,45,13,58
1021,66,136,6,0,57,13,70
502,41,136,6,0,82,13,95
279,78,136,6,0,45,13,58
943,68,136,6,0,55,13,68
649,72,136,6,0,51,13,64
1053,62,136,6,0,61,13,74
564,70,141,3,0,62,9,71
514,69,141,3,0,63,9,72
1420,68,141,3,0,64,9,73
52,67,141,3,0,65,9,74
1071,29,141,3,0,103,9,112
51,45,141,3,0,87,9,96
646,19,141,3,0,113,9,122
1355,56,141,3,0,76,9,85
1507,96,141,3,0,36,9,45
121,82,141,3,0,50,9,59
946,62,141,3,0,70,9,79
1415,37,141,3,0,95,9,104
525,78,141,3,0,54,9,63
683,66,141,3,0,66,9,75
24,52,141,3,0,80,9,89
516,68,141,3,0,64,9,73
934,3,141,3,0,129,9,138
1354,77,141,3,0,55,9,64
565,22,141,3,0,110,9,119
380,90,141,3,0,42,9,51
710,75,149,16,0,53,21,74
1232,72,149,16,0,56,21,77
1233,80,149,16,0,48,21,69
118,34,149,16,0,94,21,115
916,61,149,16,0,67,21,88
1366,65,149,16,0,63,21,84
1083,82,149,16,0,46,21,67
1261,52,149,16,0,76,21,97
892,78,149,16,0,50,21,71
682,73,149,16,0,55,21,76
772,47,149,16,0,81,21,102
1485,63,149,16,0,65,21,86
1034,59,149,16,0,69,21,90
551,40,149,16,0,88,21,109
678,72,149,16,0,56,21,77
840,32,149,16,0,96,21,117
1289,56,149,16,0,72,21,93
278,42,149,16,0,86,21,107
1260,54,149,16,0,74,21,95
538,36,149,16,0,92,21,113
873,41,152,16,0,86,25,111
543,42,152,16,0,85,25,110
352,33,152,16,0,94,25,119
1512,34,152,16,0,93,25,118
27,34,152,16,0,93,25,118
836,60,152,16,0,67,25,92
1290,54,152,16,0,73,25,98
1082,32,152,16,0,95,25,120
658,40,152,16,0,87,25,112
1013,55,152,16,0,72,25,97
61,56,152,16,0,71,25,96
865,44,152,16,0,83,25,108
1346,36,152,16,0,91,25,116
989,38,152,16,0,89,25,114
837,45,152,16,0,82,25,107
1003,58,152,16,0,69,25,94
1157,51,152,16,0,76,25,101
428,48,152,16,0,79,25,104
1004,52,152,16,0,75,25,100
1511,56,152,16,0,71,25,96
1085,90,162,16,0,53,19,72
990,84,162,16,0,59,19,78
446,40,162,16,0,103,19,122
1338,70,162,4,0,83,9,92
1318,31,162,4,0,122,9,131
1227,93,162,16,0,50,19,69
920,83,162,16,0,60,19,79
74,54,162,16,0,89,19,108
642,69,162,4,0,84,9,93
612,96,162,16,0,47,19,66
1372,76,162,4,0,77,9,86
392,74,162,4,0,79,9,88
175,33,162,16,0,110,19,129
690,89,162,4,0,64,9,73
154,66,162,16,0,77,19,96
454,92,162,16,0,51,19,70
956,72,162,4,0,81,9,90
846,73,162,16,0,70,19,89
1242,65,162,4,0,88,9,97
1393,47,162,4,0,106,9,115
900,87,162,16,0,56,19,75
537,86,162,16,0,57,19,76
391,41,162,4,0,112,9,121
1392,81,162,4,0,72,9,81
1345,63,162,16,0,80,19,99
456,75,162,16,0,68,19,87
244,64,162,4,0,89,9,98
276,85,162,16,0,58,19,77
1033,45,162,16,0,98,19,117
1419,58,162,16,0,85,19,104
133,58,162,4,0,95,9,104
1199,52,162,4,0,101,9,110
422,49,162,4,0,104,9,113
455,94,162,16,0,49,19,68
1029,84,162,4,0,69,9,78
119,77,162,4,0,76,9,85
1134,62,162,4,0,91,9,100
820,68,162,4,0,85,9,94
657,80,162,16,0,63,19,82
1428,65,162,4,0,88,9,97
1407,78,168,7,0,75,15,90
469,81,168,7,0,72,15,87
1087,54,168,7,0,99,15,114
212,52,168,7,0,101,15,116
1394,83,168,7,0,70,15,85
211,53,168,7,0,100,15,115
1503,79,168,7,0,74,15,89
1086,88,168,7,0,65,15,80
512,66,168,7,0,87,15,102
607,72,168,7,0,81,15,96
450,43,168,7,0,110,15,125
472,73,168,7,0,80,15,95
408,85,168,7,0,68,15,83
489,93,168,7,0,60,15,75
296,68,168,7,0,85,15,100
452,63,168,7,0,90,15,105
1408,47,168,7,0,106,15,121
470,61,168,7,0,92,15,107
1268,60,168,7,0,93,15,108
844,67,168,7,0,86,15,101
1059,41,179,18,0,112,26,138
1007,56,179,18,0,97,26,123
1159,2,179,18,0,151,26,177
466,22,179,18,0,131,26,157
1126,51,179,18,0,102,26,128
736,27,179,18,0,126,26,152
853,41,179,18,0,112,26,138
196,68,179,18,0,85,26,111
611,34,179,18,0,119,26,145
801,31,179,18,0,122,26,148
763,58,179,18,0,95,26,121
1111,38,179,18,0,115,26,141
468,43,179,18,0,110,26,136
1008,20,179,18,0,133,26,159
1244,47,179,18,0,106,26,132
1489,6,179,18,0,147,26,173
442,61,179,18,0,92,26,118
1455,4,179,18,0,149,26,175
386,41,179,18,0,112,26,138
582,63,179,18,0,90,26,116
1352,48,188,5,0,131,9,140
584,91,188,5,0,88,9,97
792,84,188,5,0,95,9,104
1214,69,188,5,0,110,9,119
64,73,188,5,0,106,9,115
1353,74,188,5,0,105,9,114
127,87,188,5,0,92,9,101
1476,58,188,5,0,121,9,130
1167,61,188,5,0,118,9,127
587,81,188,5,0,98,9,107
176,79,188,5,0,100,9,109
1064,45,188,5,0,134,9,143
167,94,188,5,0,85,9,94
245,53,188,5,0,126,9,135
1378,66,188,5,0,113,9,122
1411,33,188,5,0,146,9,155
1221,31,188,5,0,148,9,157
617,38,188,5,0,141,9,150
1377,64,188,5,0,115,9,124
246,81,188,5,0,98,9,107
270,71,194,2,0,111,12,123
1272,97,194,2,0,85,12,97
709,44,194,2,0,138,12,150
1368,66,194,2,0,116,12,128
575,86,194,2,0,96,12,108
1303,78,194,2,0,104,12,116
226,60,194,2,0,122,12,134
1174,79,194,2,0,103,12,115
418,89,194,2,0,93,12,105
30,73,194,2,0,109,12,121
1462,85,194,2,0,97,12,109
578,77,194,2,0,105,12,117
122,88,194,2,0,94,12,106
773,13,194,2,0,169,12,181
268,37,194,2,0,145,12,157
1304,23,194,2,0,159,12,171
59,75,194,2,0,107,12,119
898,86,194,2,0,96,12,108
39,95,194,2,0,87,12,99
581,52,194,2,0,130,12,142
483,32,203,18,0,146,25,171
1490,17,203,18,0,161,25,186
1127,76,203,18,0,102,25,127
1057,75,203,18,0,103,25,128
594,73,203,18,0,105,25,130
619,41,203,18,0,137,25,162
854,77,203,18,0,101,25,126
76,59,203,18,0,119,25,144
1245,84,203,18,0,94,25,119
1153,78,203,18,0,100,25,125
1456,66,203,18,0,112,25,137
465,88,203,18,0,90,25,115
318,45,203,18,0,133,25,158
722,79,203,18,0,99,25,124
1154,3,203,18,0,175,25,200
387,52,203,18,0,126,25,151
12,81,203,18,0,97,25,122
590,23,203,18,0,155,25,180
1282,40,203,18,0,138,25,163
92,70,203,18,0,108,25,133
445,5,208,18,0,176,27,203
558,43,208,18,0,139,26,165
589,114,208,18,0,67,27,94
169,70,208,18,0,112,26,138
248,41,208,18,0,140,27,167
1234,92,208,18,0,89,27,116
893,27,208,18,0,154,27,181
1283,106,208,18,0,75,27,102
1356,71,208,18,0,110,27,137
249,75,208,18,0,106,27,133
959,99,208,18,0,82,27,109
755,77,208,18,0,104,27,131
443,100,208,18,0,81,27,108
800,20,208,18,0,162,26,188
1058,47,208,18,0,134,27,161
752,81,208,18,0,100,27,127
197,87,208,18,0,94,27,121
467,61,208,18,0,120,27,147
751,90,208,18,0,91,27,118
189,118,208,18,0,63,27,90
672,77,209,17,0,111,21,132
345,30,209,17,0,158,21,179
486,24,209,17,0,164,21,185
1449,69,209,17,0,119,21,140
366,53,209,17,0,135,21,156
235,68,209,17,0,120,21,141
1177,72,209,17,0,116,21,137
705,74,209,17,0,114,21,135
1441,59,209,17,0,129,21,150
1164,25,209,17,0,163,21,184
234,67,209,17,0,121,21,142
362,42,209,17,0,146,21,167
116,31,209,17,0,157,21,178
274,77,209,17,0,111,21,132
1450,65,209,17,0,123,21,144
882,30,209,17,0,158,21,179
414,44,209,17,0,144,21,165
1173,48,209,17,0,140,21,161
1440,72,209,17,0,116,21,137
68,75,209,17,0,113,21,134
539,40,215,11,0,155,20,175
1413,7,215,11,0,188,20,208
313,30,215,11,0,165,20,185
1074,50,215,11,0,145,20,165
1474,3,215,11,0,192,20,212
1231,44,215,11,0,151,20,171
1136,23,215,11,0,172,20,192
1079,46,215,11,0,149,20,169
1047,34,215,11,0,161,20,181
1446,56,215,11,0,139,20,159
473,2,215,11,0,193,20,213
1078,17,215,11,0,178,20,198
609,14,215,11,0,181,20,201
1452,41,215,11,0,154,20,174
256,33,215,11,0,162,20,182
815,31,215,11,0,164,20,184
1330,42,215,11,0,153,20,173
435,52,215,11,0,143,20,163
402,43,215,11,0,152,20,172
895,54,215,11,0,141,20,161
603,88,224,9,0,121,15,136
861,81,224,9,0,128,15,143
359,28,224,9,0,181,15,196
532,71,224,9,0,138,15,153
932,32,224,9,0,177,15,192
1180,91,224,9,0,118,15,133
1437,53,224,9,0,156,15,171
876,75,224,9,0,134,15,149
931,46,224,9,0,163,15,178
797,98,224,9,0,111,15,126
405,80,224,9,0,129,15,144
390,83,224,9,0,126,15,141
1147,62,224,9,0,147,15,162
325,85,224,9,0,124,15,139
1152,82,224,9,0,127,15,142
771,22,224,9,0,187,15,202
389,56,224,9,0,153,15,168
1151,98,224,9,0,111,15,126
360,88,224,9,0,121,15,136
947,40,224,9,0,169,15,184
29,81,229,9,0,133,15,148
407,60,229,9,0,154,15,169
315,102,229,9,0,112,15,127
284,83,229,9,0,131,15,146
1119,36,229,9,0,178,15,193
365,91,229,9,0,124,14,138
1492,72,229,9,0,142,15,157
364,98,229,9,0,116,15,131
599,89,229,9,0,125,15,140
855,54,229,9,0,161,14,175
888,85,229,9,0,129,15,144
406,112,229,9,0,103,14,117
1483,106,229,9,0,108,15,123
1207,27,229,9,0,187,15,202
839,102,229,9,0,113,14,127
531,29,229,9,0,186,14,200
1118,83,229,9,0,132,14,146
1193,49,229,9,0,165,15,180
527,77,229,9,0,138,14,152
716,110,229,9,0,104,15,119
983,32,245,15,0,193,20,213
785,53,245,15,0,172,20,192
535,29,245,15,0,196,20,216
280,61,245,15,0,164,20,184
163,27,245,15,0,198,20,218
1388,38,245,15,0,187,20,207
812,9,245,15,0,216,20,236
478,41,245,15,0,184,20,204
1279,60,245,15,0,165,20,185
1225,46,245,15,0,179,20,199
769,22,245,15,0,203,20,223
109,42,245,15,0,183,20,203
266,12,245,15,0,213,20,233
1293,60,245,15,0,165,20,185
1285,62,245,15,0,163,20,183
1210,3,245,15,0,222,20,242
216,47,245,15,0,178,20,198
1402,20,245,15,0,205,20,225
811,55,245,15,0,170,20,190
1471,38,245,15,0,187,20,207
1317,110,246,4,0,124,12,136
819,48,246,4,0,186,12,198
902,106,246,4,0,128,12,140
842,95,246,4,0,139,12,151
333,45,246,4,0,190,11,201
289,54,246,4,0,180,12,192
623,36,246,4,0,198,12,210
187,116,246,4,0,118,12,130
1371,90,246,4,0,144,12,156
568,63,246,4,0,171,12,183
1275,79,246,4,0,155,12,167
737,85,246,4,0,149,12,161
1276,104,246,4,0,130,12,142
1032,75,246,4,0,159,12,171
1373,111,246,4,0,123,12,135
243,68,246,4,0,166,12,178
567,71,246,4,0,163,12,175
960,58,246,4,0,177,11,188
758,65,246,4,0,169,12,181
684,90,246,4,0,144,12,156
1080,86,248,1,0,153,9,162
780,83,248,1,0,155,10,165
754,78,248,1,0,161,9,170
702,64,248,1,0,174,10,184
1131,15,248,1,0,223,10,233
1128,108,248,1,0,130,10,140
970,20,248,1,0,219,9,228
441,120,248,1,0,118,10,128
779,114,248,1,0,124,10,134
756,89,248,1,0,149,10,159
398,93,248,1,0,146,9,155
242,106,248,1,0,132,10,142
219,92,248,1,0,146,10,156
440,32,248,1,0,206,10,216
400,73,248,1,0,165,10,175
688,80,248,1,0,158,10,168
725,100,248,1,0,138,10,148
1130,49,248,1,0,189,10,199
1215,93,248,1,0,145,10,155
753,54,248,1,0,185,9,194
1401,54,250,15,0,174,22,196
363,81,250,15,0,147,22,169
632,20,250,15,0,208,22,230
1322,62,250,15,0,166,22,188
1324,99,250,15,0,129,22,151
1211,23,250,15,0,205,22,227
215,38,250,15,0,190,22,212
220,65,250,15,0,163,22,185
164,82,250,15,0,146,22,168
290,69,250,15,0,159,22,181
1284,60,250,15,0,168,22,190
1323,89,250,15,0,139,22,161
631,30,250,15,0,198,22,220
1448,67,250,15,0,161,22,183
762,92,250,15,0,136,22,158
923,8,250,15,0,220,22,242
480,47,250,15,0,181,22,203
1321,74,250,15,0,154,22,176
602,41,250,15,0,187,22,209
477,90,250,15,0,138,22,160
373,82,254,15,0,151,21,172
950,101,254,15,0,133,20,153
108,40,254,15,0,193,21,214
50,71,254,15,0,162,21,183
1067,100,254,15,0,133,21,154
291,64,254,15,0,170,20,190
221,10,254,15,0,223,21,244
949,90,254,15,0,143,21,164
924,92,254,15,0,142,20,162
1280,97,254,15,0,136,21,157
982,21,254,15,0,213,20,233
1212,42,254,15,0,192,20,212
1252,66,254,15,0,167,21,188
1226,105,254,15,0,128,21,149
659,110,254,15,0,123,21,144
768,52,254,15,0,181,21,202
506,79,254,15,0,155,20,175
633,27,254,15,0,206,21,227
1068,60,254,15,0,173,21,194
1472,107,254,15,0,126,21,147
1436,59,262,14,0,185,18,203
508,59,262,15,0,181,22,203
339,41,262,14,0,203,18,221
38,53,262,14,0,191,18,209
761,68,262,15,0,171,23,194
829,66,262,14,0,178,18,196
828,56,262,14,0,188,18,206
159,53,262,14,0,191,18,209
757,110,262,15,0,129,23,152
97,60,262,14,0,184,18,202
1332,45,262,14,0,199,18,217
94,83,262,15,0,158,21,179
692,50,262,14,0,194,18,212
513,58,262,14,0,186,18,204
1251,107,262,15,0,133,22,155
481,114,262,15,0,128,20,148
1431,68,262,14,0,176,18,194
281,99,262,15,0,140,23,163
784,33,262,15,0,206,23,229
123,48,262,14,0,196,18,214
90,83,273,8,0,176,14,190
825,89,273,8,0,170,14,184
744,44,273,8,0,215,14,229
638,47,273,8,0,212,14,226
745,50,273,8,0,209,14,223
49,94,273,8,0,165,14,179
459,104,273,8,0,155,14,169
1493,69,273,8,0,190,14,204
991,39,273,8,0,220,14,234
44,53,273,8,0,206,14,220
91,73,273,8,0,186,14,200
1273,61,273,8,0,198,14,212
458,71,273,8,0,188,14,202
770,75,273,8,0,184,14,198
562,85,273,8,0,174,14,188
826,67,273,8,0,192,14,206
986,55,273,8,0,204,14,218
1453,60,273,8,0,199,14,213
262,58,273,8,0,201,14,215
1000,78,273,8,0,181,14,195
351,49,278,8,0,217,12,229
474,60,278,8,0,206,12,218
139,80,278,8,0,186,12,198
1182,45,278,8,0,222,11,233
1120,73,278,8,0,195,10,205
1274,40,278,8,0,226,12,238
750,114,278,8,0,153,11,164
111,86,278,8,0,180,12,192
1178,97,278,8,0,169,12,181
135,74,278,8,0,192,12,204
1191,93,278,8,0,174,11,185
286,70,278,8,0,196,12,208
1017,78,278,8,0,189,11,200
460,50,278,8,0,218,10,228
287,118,278,8,0,148,12,160
1149,66,278,8,0,200,12,212
999,112,278,8,0,154,12,166
1189,54,278,8,0,212,12,224
263,67,278,8,0,200,11,211
136,57,278,8,0,210,11,221
57,74,282,12,0,192,16,208
976,11,282,12,0,255,16,271
643,77,282,12,0,189,16,205
200,43,282,12,0,223,16,239
620,69,282,12,0,197,16,213
36,70,282,12,0,196,16,212
1497,26,282,12,0,240,16,256
1369,59,282,12,0,207,16,223
206,56,282,12,0,210,16,226
676,72,282,12,0,194,16,210
493,77,282,12,0,189,16,205
1326,64,282,12,0,202,16,218
1108,66,282,12,0,200,16,216
864,73,282,12,0,193,16,209
1014,63,282,12,0,203,16,219
596,66,282,12,0,200,16,216
299,48,282,12,0,218,16,234
542,71,282,12,0,195,16,211
1035,31,282,12,0,235,16,251
1465,57,282,12,0,209,16,225
720,93,287,12,0,177,17,194
322,64,287,12,0,206,17,223
988,89,287,12,0,181,17,198
922,58,287,12,0,212,17,229
8,72,287,12,0,198,17,215
1386,104,287,12,0,166,17,183
621,96,287,12,0,174,17,191
1387,77,287,12,0,193,17,210
787,80,287,12,0,190,17,207
9,78,287,12,0,192,17,209
429,101,287,12,0,169,17,186
1426,66,287,12,0,204,17,221
712,39,287,12,0,231,17,248
329,22,287,12,0,248,17,265
1466,83,287,12,0,187,17,204
1325,69,287,12,0,201,17,218
677,91,287,12,0,179,17,196
1095,55,287,12,0,215,17,232
1015,96,287,12,0,174,17,191
703,73,287,12,0,197,17,214
202,3,300,11,0,280,17,297
258,11,300,11,0,272,17,289
1096,88,300,12,0,190,22,212
1370,116,300,12,0,162,22,184
985,105,300,12,0,174,21,195
1061,71,300,12,0,207,22,229
18,80,300,12,0,198,22,220
298,93,300,12,0,187,20,207
1412,105,300,12,0,173,22,195
1404,108,300,12,0,170,22,192
726,82,300,12,0,197,21,218
182,96,300,12,0,182,22,204
1171,65,300,12,0,213,22,235
786,56,300,12,0,222,22,244
1500,61,300,12,0,218,21,239
704,75,300,12,0,203,22,225
1403,29,300,12,0,249,22,271
222,92,300,12,0,186,22,208
1192,102,300,12,0,176,22,198
1139,17,300,11,0,266,17,283
63,101,301,5,0,187,13,200
33,119,301,5,0,169,13,182
671,118,301,5,0,170,13,183
253,108,301,5,0,180,13,193
880,69,301,5,0,219,13,232
1184,59,301,5,0,229,13,242
952,91,301,5,0,197,13,210
157,57,301,5,0,232,12,244
789,81,301,5,0,207,13,220
1010,96,301,5,0,192,13,205
239,32,301,5,0,256,13,269
791,98,301,5,0,190,13,203
228,86,301,5,0,202,13,215
1088,43,301,5,0,245,13,258
252,104,301,5,0,184,13,197
179,65,301,5,0,223,13,236
32,49,301,5,0,239,13,252
114,37,301,5,0,252,12,264
1350,67,301,5,0,222,12,234
1168,76,301,5,0,212,13,225
847,30,308,11,0,259,19,278
203,44,308,11,0,245,19,264
259,54,308,11,0,235,19,254
522,106,308,12,0,172,30,202
1238,63,308,11,0,226,19,245
1141,42,308,11,0,247,19,266
1075,3,308,11,0,286,19,305
185,78,308,12,0,200,30,230
1048,57,308,11,0,232,19,251
1383,46,308,12,0,232,30,262
1396,48,308,11,0,241,19,260
1255,97,308,12,0,181,30,211
1288,36,308,11,0,253,19,272
324,66,308,11,0,223,19,242
1256,67,308,12,0,211,30,241
1181,72,308,12,0,207,29,236
1161,58,308,11,0,231,19,250
669,91,308,12,0,187,30,217
207,110,308,12,0,169,29,198
494,32,308,11,0,257,19,276
282,98,311,5,0,194,19,213
60,66,311,4,0,234,11,245
1379,119,311,5,0,171,21,192
790,116,311,5,0,175,20,195
1312,100,311,5,0,189,22,211
1349,73,311,5,0,216,22,238
1358,80,311,5,0,211,20,231
1051,97,311,4,0,203,11,214
1027,82,311,5,0,207,22,229
1062,106,311,5,0,183,22,205
1093,118,311,5,0,171,22,193
523,72,311,4,0,228,11,239
106,51,311,4,0,249,11,260
879,95,311,5,0,194,22,216
178,46,311,5,0,243,22,265
955,81,311,4,0,219,11,230
1477,87,311,5,0,203,21,224
117,63,311,5,0,227,21,248
312,90,311,4,0,210,11,221
379,102,311,5,0,188,21,209
665,41,328,6,0,274,13,287
1170,92,328,6,0,222,14,236
328,57,328,6,0,257,14,271
471,50,328,6,0,264,14,278
503,52,328,6,0,262,14,276
1169,33,328,6,0,281,14,295
858,69,328,6,0,245,14,259
655,107,328,6,0,207,14,221
217,79,328,6,0,235,14,249
1070,67,328,6,0,248,13,261
666,86,328,6,0,228,14,242
530,100,328,6,0,214,14,228
942,64,328,6,0,250,14,264
1194,102,328,6,0,212,14,226
1011,96,328,6,0,218,14,232
1501,99,328,6,0,215,14,229
944,78,328,6,0,237,13,250
948,75,328,6,0,239,14,253
540,53,328,6,0,262,13,275
760,113,328,6,0,201,14,215
340,73,329,13,0,233,23,256
1155,62,329,13,0,244,23,267
940,59,329,13,0,247,23,270
1100,49,329,13,0,257,23,280
126,2,329,13,0,304,23,327
1362,26,329,13,0,280,23,303
1138,65,329,13,0,241,23,264
1229,44,329,13,0,262,23,285
87,17,329,13,0,289,23,312
99,36,329,13,0,270,23,293
556,29,329,13,0,277,23,300
1265,32,329,13,0,274,23,297
1506,30,329,13,0,276,23,299
1144,69,329,13,0,237,23,260
214,31,329,13,0,275,23,298
680,50,329,13,0,256,23,279
930,51,329,13,0,255,23,278
510,19,329,13,0,287,23,310
714,68,329,13,0,238,23,261
501,40,329,13,0,266,23,289
194,67,336,7,0,257,12,269
1084,61,336,7,0,264,11,275
128,94,336,7,0,230,12,242
337,104,336,7,0,220,12,232
409,62,336,7,0,262,12,274
860,72,336,7,0,252,12,264
195,92,336,7,0,232,12,244
451,84,336,7,0,240,12,252
613,45,336,7,0,279,12,291
615,78,336,7,0,247,11,258
131,100,336,7,0,224,12,236
1267,86,336,7,0,239,11,250
838,79,336,7,0,245,12,257
240,52,336,7,0,272,12,284
1510,119,336,7,0,205,12,217
993,110,336,7,0,214,12,226
554,58,336,7,0,266,12,278
1395,48,336,7,0,277,11,288
616,77,336,7,0,247,12,259
992,67,336,7,0,258,11,269
5,92,337,17,0,219,26,245
412,24,337,17,0,287,26,313
367,77,337,17,0,234,26,260
272,30,337,17,0,281,26,307
1112,84,337,17,0,227,26,253
273,101,337,17,0,210,26,236
7,47,337,17,0,264,26,290
586,54,337,17,0,257,26,283
695,66,337,17,0,245,26,271
236,78,337,17,0,233,26,259
361,74,337,17,0,237,26,263
1341,90,337,17,0,221,26,247
342,82,337,17,0,229,26,255
343,84,337,17,0,227,26,253
1179,94,337,17,0,217,26,243
1123,72,337,17,0,239,26,265
731,31,337,17,0,280,26,306
1381,68,337,17,0,243,26,269
585,85,337,17,0,226,26,252
1374,80,337,17,0,231,26,257
138,62,339,13,0,257,20,277
1219,12,339,13,0,307,20,327
1384,93,339,13,0,226,20,246
141,32,339,13,0,287,20,307
1101,98,339,13,0,221,20,241
699,66,339,13,0,253,20,273
210,30,339,13,0,289,20,309
425,37,339,13,0,282,20,302
941,85,339,13,0,234,20,254
125,75,339,13,0,244,20,264
579,113,339,13,0,206,20,226
653,83,339,13,0,236,20,256
432,79,339,13,0,240,20,260
137,72,339,13,0,247,20,267
857,95,339,13,0,224,20,244
929,51,339,13,0,268,20,288
232,88,339,13,0,231,20,251
818,20,339,13,0,299,20,319
1361,46,339,13,0,273,20,293
1156,111,339,13,0,208,20,228
833,37,348,10,0,286,25,311
889,73,348,10,0,250,25,275
583,56,348,10,0,267,25,292
475,74,348,10,0,249,25,274
394,44,348,10,0,279,25,304
686,41,348,10,0,282,25,307
83,49,348,10,0,274,25,299
748,17,348,10,0,306,25,331
1334,69,348,10,0,254,25,279
209,53,348,10,0,270,25,295
1460,67,348,10,0,256,25,281
476,61,348,10,0,262,25,287
1056,78,348,10,0,245,25,270
1484,84,348,10,0,239,25,264
254,38,348,10,0,285,25,310
393,77,348,10,0,246,25,271
1302,27,348,10,0,296,25,321
147,65,348,10,0,258,25,283
72,2,348,10,0,321,25,346
1044,62,348,10,0,261,25,286
309,113,363,6,0,228,22,250
524,65,363,4,0,286,12,298
718,82,363,6,0,261,20,281
640,105,363,4,0,247,11,258
935,101,363,6,0,240,22,262
528,61,363,6,0,281,21,302
656,50,363,6,0,291,22,313
1069,73,363,6,0,268,22,290
625,104,363,6,0,238,21,259
759,112,363,4,0,239,12,251
58,100,363,6,0,244,19,263
376,88,363,6,0,253,22,275
641,107,363,4,0,244,12,256
334,93,363,4,0,258,12,270
67,69,363,4,0,283,11,294
1052,95,363,6,0,247,21,268
26,96,363,6,0,245,22,267
1050,77,363,4,0,274,12,286
1162,118,363,4,0,234,11,245
526,116,363,6,0,227,20,247
608,94,364,7,0,259,11,270
555,101,364,7,0,252,11,263
1502,64,364,7,0,290,10,300
1005,109,364,7,0,247,8,255
1409,83,364,7,0,272,9,281
241,97,364,7,0,257,10,267
271,114,364,7,0,239,11,250
1150,72,364,7,0,281,11,292
1424,53,364,7,0,300,11,311
1020,26,382,19,0,331,25,356
823,13,382,19,0,344,25,369
1250,67,382,19,0,290,25,315
308,74,382,19,0,283,25,308
88,57,382,19,0,300,25,325
735,96,382,19,0,261,25,286
464,72,382,19,0,285,25,310
560,99,382,19,0,258,25,283
832,61,382,19,0,296,25,321
1263,21,382,19,0,336,25,361
149,35,382,19,0,322,25,347
966,86,382,19,0,271,25,296
1291,79,382,19,0,278,25,303
488,38,382,19,0,319,25,344
292,66,382,19,0,291,25,316
591,75,382,19,0,282,25,307
293,30,382,19,0,327,25,352
152,47,382,19,0,310,25,335
965,65,382,19,0,292,25,317
1365,7,382,19,0,350,25,375
945,64,385,3,0,310,11,321
1106,67,385,3,0,308,10,318
981,73,385,3,0,301,11,312
1217,114,385,3,0,260,11,271
346,83,385,3,0,292,10,302
1277,99,385,3,0,275,11,286
566,92,385,3,0,282,11,293
1023,69,385,3,0,306,10,316
381,28,385,3,0,346,11,357
917,110,385,3,0,264,11,275
1278,21,385,3,0,354,10,364
1022,67,385,3,0,307,11,318
645,9,385,3,0,365,11,376
1480,106,385,3,0,268,11,279
980,49,385,3,0,326,10,336
885,78,385,3,0,296,11,307
1239,42,385,3,0,332,11,343
1421,68,385,3,0,306,11,317
974,52,385,3,0,322,11,333
1105,111,385,3,0,263,11,274
1196,97,388,19,0,265,26,291
592,78,388,19,0,289,21,310
1142,100,388,19,0,266,22,288
410,111,388,19,0,255,22,277
1190,100,388,19,0,262,26,288
1041,37,388,19,0,326,25,351
635,101,388,19,0,261,26,287
734,104,388,19,0,258,26,284
967,33,388,19,0,329,26,355
707,25,388,19,0,337,26,363
634,64,388,19,0,299,25,324
1391,94,388,19,0,271,23,294
1204,103,388,19,0,265,20,285
463,29,388,19,0,336,23,359
1327,41,388,19,0,321,26,347
1040,118,388,19,0,244,26,270
1470,105,388,19,0,260,23,283
925,75,388,19,0,287,26,313
571,111,388,19,0,251,26,277
561,55,388,19,0,311,22,333
165,10,388,19,0,352,26,378
824,60,388,19,0,302,26,328
166,113,388,19,0,252,23,275
193,14,388,19,0,349,25,374
926,67,388,19,0,295,26,321
1143,73,388,19,0,290,25,315
1347,84,388,19,0,278,26,304
1203,100,388,19,0,265,23,288
0,110,388,19,0,252,26,278
307,66,388,19,0,296,26,322
1038,66,388,19,0,299,23,322
918,78,395,3,0,299,18,317
1287,107,395,3,0,268,20,288
1073,113,395,3,0,262,20,282
233,91,395,1,0,294,10,304
953,100,395,1,0,283,12,295
1,68,395,3,0,307,20,327
396,97,395,3,0,278,20,298
994,110,395,1,0,276,9,285
904,111,395,3,0,267,17,284
519,102,395,1,0,282,11,293
181,81,395,1,0,302,12,314
746,114,395,1,0,269,12,281
652,36,395,3,0,339,20,359
1216,57,395,3,0,319,19,338
28,114,395,3,0,262,19,281
905,99,395,3,0,277,19,296
1090,106,395,1,0,277,12,289
45,42,395,1,0,341,12,353
20,69,395,1,0,315,11,326
978,98,413,10,0,292,23,315
747,120,413,10,0,270,23,293
162,86,413,10,0,304,23,327
1423,55,413,10,0,335,23,358
1309,33,413,10,0,357,23,380
84,104,413,10,0,286,23,309
304,72,413,10,0,318,23,341
739,25,413,10,0,366,22,388
1416,66,413,10,0,324,23,347
1045,62,413,10,0,328,23,351
637,76,413,10,0,314,23,337
148,98,413,10,0,292,23,315
1315,7,413,10,0,383,23,406
155,86,413,10,0,304,23,327
1459,92,413,10,0,298,23,321
740,82,413,10,0,308,23,331
375,111,413,10,0,279,23,302
1417,107,413,10,0,283,23,306
1313,45,413,10,0,345,23,368
11,38,413,10,0,352,23,375
867,83,414,11,0,317,14,331
813,80,414,11,0,320,14,334
1331,64,414,11,0,336,14,350
868,31,414,11,0,370,13,383
199,102,414,11,0,298,14,312
171,93,414,11,0,307,14,321
1089,103,414,11,0,297,14,311
198,34,414,11,0,366,14,380
1076,83,414,11,0,317,14,331
204,46,414,11,0,355,13,368
1137,60,414,11,0,341,13,354
265,75,414,11,0,325,14,339
816,85,414,11,0,315,14,329
1294,58,414,11,0,342,14,356
434,43,414,11,0,357,14,371
1295,15,414,11,0,385,14,399
93,50,414,11,0,350,14,364
559,67,414,11,0,333,14,347
1230,85,414,11,0,315,14,329
401,96,414,11,0,304,14,318
1135,55,442,11,0,350,37,387
891,101,442,14,0,321,20,341
817,87,442,10,0,337,18,355
1397,41,442,11,0,363,38,401
264,86,442,11,0,319,37,356
430,55,442,14,0,368,19,387
53,67,442,14,0,355,20,375
170,67,442,11,0,337,38,375
927,82,442,11,0,323,37,360
667,109,442,14,0,313,20,333
403,110,442,11,0,295,37,332
257,85,442,11,0,322,35,357
1077,83,442,11,0,321,38,359
827,78,442,14,0,344,20,364
1475,37,442,10,0,387,18,405
850,53,442,14,0,369,20,389
317,65,442,10,0,359,18,377
143,76,442,14,0,346,20,366
1464,59,442,14,0,363,20,383
383,73,442,10,0,351,18,369
350,48,442,14,0,375,19,394
806,92,442,14,0,330,20,350
172,85,442,11,0,319,38,357
385,50,442,10,0,374,18,392
55,111,442,14,0,311,20,331
160,118,442,14,0,304,20,324
1430,88,442,14,0,334,20,354
1049,94,442,11,0,310,38,348
1343,42,442,14,0,380,20,400
316,97,442,14,0,325,20,345
1463,63,442,14,0,360,19,379
1054,85,442,10,0,339,18,357
168,76,442,11,0,328,38,366
98,57,442,14,0,365,20,385
1006,114,442,14,0,308,20,328
610,102,442,11,0,302,38,340
1237,98,442,11,0,308,36,344
548,49,442,14,0,373,20,393
35,72,442,14,0,350,20,370
814,69,442,11,0,337,36,373
224,58,453,2,0,386,9,395
1205,75,453,2,0,369,9,378
919,85,453,8,0,328,40,368
794,42,453,9,0,360,51,411
749,61,453,8,0,351,41,392
1031,90,453,4,0,340,23,363
65,110,453,4,0,321,22,343
598,108,453,9,0,295,50,345
600,86,453,2,0,358,9,367
1494,110,453,8,0,302,41,343
1516,69,453,2,0,375,9,384
765,88,453,9,0,316,49,365
1175,39,453,2,0,405,9,414
40,81,453,9,0,321,51,372
31,19,453,2,0,425,9,434
629,79,453,2,0,365,9,374
1223,98,453,9,0,304,51,355
1264,63,453,9,0,340,50,390
774,77,453,2,0,367,9,376
303,88,453,2,0,356,9,365
1110,68,459,17,0,368,23,391
881,79,459,17,0,356,24,380
484,117,459,17,0,318,24,342
344,110,459,17,0,325,24,349
85,85,459,17,0,350,24,374
86,31,459,17,0,405,23,428
1176,112,459,17,0,323,24,347
1124,116,459,17,0,319,24,343
411,97,459,17,0,338,24,362
1188,83,459,17,0,352,24,376
1340,62,459,17,0,373,24,397
1300,105,459,17,0,330,24,354
732,84,459,17,0,352,23,375
729,42,459,17,0,393,24,417
413,77,459,17,0,359,23,382
1339,91,459,17,0,344,24,368
69,26,459,17,0,409,24,433
1375,107,459,17,0,328,24,352
438,75,459,17,0,360,24,384
368,70,459,17,0,365,24,389
693,113,460,14,0,324,23,347
1444,110,460,14,0,325,25,350
907,108,460,14,0,328,24,352
338,51,460,14,0,384,25,409
1333,72,460,14,0,363,25,388
691,99,460,14,0,336,25,361
433,69,460,13,0,372,19,391
1364,83,460,13,0,358,19,377
1442,91,460,14,0,344,25,369
1253,80,460,14,0,356,24,380
500,92,460,14,0,346,22,368
668,19,460,13,0,422,19,441
498,78,460,13,0,363,19,382
54,75,460,14,0,362,23,385
715,43,460,13,0,398,19,417
1306,55,460,13,0,386,19,405
1320,30,460,13,0,411,19,430
43,115,460,14,0,320,25,345
431,58,460,14,0,378,24,402
805,76,460,14,0,359,25,384
21,119,474,2,0,347,8,355
878,71,474,2,0,395,8,403
808,105,474,2,0,362,7,369
580,101,474,2,0,365,8,373
424,100,475,2,0,365,10,375
627,87,475,2,0,380,8,388
89,79,475,2,0,387,9,396
1469,49,475,2,0,417,9,426
810,96,475,2,0,370,9,379
626,86,475,2,0,379,10,389
1405,103,475,2,0,363,9,372
1001,106,475,2,0,359,10,369
807,77,475,2,0,388,10,398
1495,29,475,2,0,436,10,446
16,92,475,2,0,373,10,383
1389,103,475,2,0,362,10,372
1308,62,475,2,0,403,10,413
803,116,475,2,0,349,10,359
1406,107,475,2,0,359,9,368
1307,101,475,2,0,364,10,374
416,97,489,16,0,368,24,392
1228,115,489,16,0,350,24,374
711,93,489,16,0,372,24,396
1012,108,489,16,0,357,24,381
1434,103,489,16,0,362,24,386
1132,87,489,16,0,379,23,402
1133,60,489,16,0,405,24,429
1514,98,489,16,0,367,24,391
1247,85,489,16,0,380,24,404
901,35,489,16,0,430,24,454
933,78,489,16,0,387,24,411
547,72,489,16,0,393,24,417
1513,83,489,16,0,382,24,406
427,103,489,16,0,362,24,386
75,64,489,16,0,402,23,425
353,95,489,16,0,370,24,394
1158,41,489,16,0,425,23,448
852,50,489,16,0,415,24,439
1271,82,489,16,0,384,23,407
283,87,489,16,0,378,24,402
660,104,500,16,0,365,31,396
1422,85,500,16,0,383,32,415
681,80,500,13,0,397,23,420
153,94,500,16,0,374,32,406
597,73,500,13,0,403,24,427
831,96,500,16,0,373,31,404
1220,29,500,13,0,447,24,471
886,74,500,16,0,395,31,426
1262,97,500,16,0,371,32,403
521,115,500,13,0,361,24,385
1246,112,500,16,0,356,32,388
174,103,500,16,0,365,32,397
277,55,500,16,0,413,32,445
300,50,500,13,0,426,24,450
66,100,500,16,0,371,29,400
395,34,500,13,0,443,23,466
497,94,500,13,0,382,24,406
511,86,500,13,0,390,24,414
1259,90,500,16,0,380,30,410
700,105,500,13,0,371,24,395
894,98,518,18,0,387,33,420
1165,117,518,17,0,379,22,401
606,115,518,18,0,370,33,403
191,112,518,18,0,375,31,406
721,102,518,18,0,383,33,416
95,89,518,18,0,396,33,429
1451,112,518,17,0,384,22,406
439,35,518,18,0,450,33,483
618,77,518,18,0,410,31,441
1488,100,518,18,0,386,32,418
593,57,518,18,0,429,32,461
1187,82,518,17,0,414,22,436
437,106,518,17,0,390,22,412
1301,105,518,17,0,392,21,413
1376,93,518,17,0,403,22,425
479,82,518,18,0,404,32,436
1113,52,518,17,0,444,22,466
4,72,518,17,0,425,21,446
1487,78,518,18,0,407,33,440
444,73,518,18,0,412,33,445
1314,61,557,10,0,472,24,496
1458,111,557,10,0,422,24,446
71,114,557,17,0,385,58,443
706,109,557,17,0,391,57,448
977,98,557,10,0,434,25,459
1160,42,557,10,0,490,25,515
6,89,557,17,0,410,58,468
190,91,557,18,0,397,69,466
201,118,557,17,0,383,56,439
890,94,557,10,0,439,24,463
1505,119,557,13,0,395,43,438
426,63,557,13,0,451,43,494
301,96,557,13,0,418,43,461
834,107,557,10,0,425,25,450
356,118,557,10,0,414,25,439
1055,68,557,10,0,464,25,489
636,86,557,10,0,446,25,471
1066,77,557,10,0,457,23,480
354,88,557,13,0,427,42,469
355,112,557,13,0,404,41,445
102,120,560,10,0,417,23,440
698,99,560,10,0,437,24,461
