272,8,17,0,2,1,8,9
790,8,17,0,2,2,7,9
1308,3,17,0,2,2,12,14
1143,19,73,7,2,6,48,54
947,48,73,3,2,15,10,25
372,35,75,4,2,14,26,40
129,63,75,4,2,1,11,12
861,62,75,4,2,1,12,13
330,22,78,1,0,37,19,56
1030,66,78,1,0,1,11,12
252,52,78,2,0,1,25,26
924,33,78,2,0,10,35,45
1066,13,78,3,0,14,51,65
173,79,83,2,0,1,3,4
834,1,83,9,0,12,70,82
1040,5,83,9,0,9,69,78
923,77,83,2,0,1,5,6
531,40,83,4,0,10,33,43
164,41,83,4,0,8,34,42
1317,35,89,0,2,43,11,54
1326,45,89,0,2,33,11,44
917,31,89,0,2,48,10,58
803,76,89,0,2,3,10,13
1242,51,89,0,2,28,10,38
646,41,89,0,2,39,9,48
755,53,89,0,2,25,11,36
65,59,89,0,2,22,8,30
100,22,89,0,2,56,11,67
880,60,89,0,2,18,11,29
339,31,91,10,0,14,46,60
64,26,91,11,0,5,60,65
156,5,91,14,0,16,70,86
177,17,91,10,0,27,47,74
586,14,91,14,0,7,70,77
416,10,91,14,0,12,69,81
328,85,91,1,0,1,5,6
66,25,91,11,0,5,61,66
813,84,93,0,2,1,8,9
1051,14,98,8,0,6,78,84
358,57,98,3,0,7,34,41
1011,65,98,2,0,8,25,33
125,19,98,5,0,18,61,79
33,73,98,2,0,1,24,25
255,94,100,0,2,1,5,6
405,94,100,0,2,2,4,6
955,91,100,0,2,1,8,9
803,97,101,2,4,1,3,4
484,12,109,17,2,19,78,97
371,72,109,6,2,18,19,37
175,95,109,4,2,7,7,14
875,100,109,0,2,1,8,9
1180,99,109,0,2,1,9,10
698,76,115,3,0,21,18,39
502,86,115,3,0,11,18,29
856,76,115,3,0,22,17,39
1301,100,115,1,0,3,12,15
420,114,124,0,2,1,9,10
1260,54,131,8,0,23,54,77
52,57,131,8,0,19,55,74
295,105,131,4,0,1,25,26
497,102,131,2,0,7,22,29
1095,51,131,8,0,25,55,80
1228,86,131,4,0,16,29,45
279,26,131,9,0,40,65,105
714,69,131,4,0,33,29,62
565,90,131,4,0,14,27,41
1219,80,131,5,0,16,35,51
1222,95,131,5,0,2,34,36
756,18,131,15,0,20,93,113
1116,44,131,14,0,3,84,87
572,56,131,12,0,4,71,75
1132,67,131,6,0,22,42,64
664,28,131,12,0,31,72,103
1270,81,131,8,0,1,49,50
1299,128,131,1,0,1,2,3
933,69,131,4,0,34,28,62
781,105,132,5,2,18,9,27
539,119,134,10,2,1,14,15
835,75,134,14,2,7,52,59
83,93,134,10,2,20,21,41
751,43,134,17,2,10,81,91
1317,128,138,2,1,5,5,10
409,64,146,15,0,10,72,82
456,55,146,16,0,9,82,91
1350,82,146,13,0,5,59,64
734,27,146,19,0,10,109,119
1034,79,146,14,0,2,65,67
348,74,146,14,0,6,66,72
843,74,146,13,0,12,60,72
688,32,146,18,0,12,102,114
25,57,146,15,0,16,73,89
1340,101,146,11,0,4,41,45
1054,92,146,11,0,14,40,54
115,89,146,10,0,23,34,57
386,90,146,11,0,15,41,56
919,75,146,14,0,5,66,71
1336,68,146,14,0,13,65,78
995,65,146,14,0,15,66,81
795,120,150,2,0,12,18,30
86,113,150,5,0,11,26,37
128,136,150,1,0,2,12,14
1144,144,150,1,0,1,5,6
416,147,153,0,2,1,5,6
1214,151,157,0,2,1,5,6
1128,151,157,0,2,2,4,6
1005,65,163,17,2,68,30,98
233,77,163,18,2,47,39,86
1236,80,163,18,2,45,38,83
3,90,163,18,2,36,37,73
388,123,163,16,2,22,18,40
142,127,163,18,2,1,35,36
1006,105,163,18,2,20,38,58
490,88,193,7,2,67,38,105
694,164,193,4,2,6,23,29
1167,160,193,6,2,6,27,33
117,131,193,3,2,49,13,62
676,164,193,3,2,16,13,29
340,126,193,6,2,41,26,67
405,161,194,2,0,3,30,33
427,141,194,17,0,1,52,53
97,80,194,16,0,66,48,114
307,84,194,16,0,61,49,110
28,95,194,16,0,50,49,99
140,78,194,17,0,56,60,116
1191,143,194,16,0,3,48,51
680,93,194,18,0,31,70,101
162,81,194,18,0,43,70,113
417,119,194,18,0,5,70,75
643,79,194,16,0,66,49,115
1280,111,194,16,0,35,48,83
423,164,194,1,0,14,16,30
794,148,194,2,0,15,31,46
1273,140,194,16,0,5,49,54
1294,129,194,17,0,4,61,65
329,171,194,1,0,8,15,23
841,128,199,9,0,10,61,71
1058,119,199,9,0,18,62,80
520,184,199,4,0,1,14,15
39,155,199,6,0,13,31,44
459,131,199,9,0,5,63,68
360,169,199,6,0,1,29,30
1267,152,199,6,0,14,33,47
1048,142,199,8,0,2,55,57
1061,122,199,9,0,14,63,77
1225,118,199,6,0,48,33,81
1220,147,199,5,0,28,24,52
260,152,199,5,0,24,23,47
808,137,199,9,0,2,60,62
1140,102,199,9,0,34,63,97
470,120,199,8,0,23,56,79
458,140,199,9,0,1,58,59
120,145,211,15,2,9,57,66
158,126,211,12,2,70,15,85
1343,107,211,14,2,57,47,104
784,111,211,14,2,53,47,100
581,63,211,19,2,78,70,148
603,195,212,0,2,1,16,17
811,167,212,0,2,28,17,45
1234,192,212,0,2,3,17,20
457,163,212,0,2,31,18,49
1347,177,212,0,2,19,16,35
775,179,212,0,2,15,18,33
734,175,212,0,2,19,18,37
1040,195,212,0,2,3,14,17
33,194,212,0,2,3,15,18
848,109,219,14,0,56,54,110
672,108,219,14,0,55,56,111
54,84,219,16,0,64,71,135
1359,126,219,19,0,16,77,93
889,181,219,13,0,1,37,38
141,102,219,15,0,52,65,117
387,125,219,16,0,24,70,94
183,105,219,14,0,58,56,114
189,189,219,13,0,1,29,30
1026,138,219,13,0,40,41,81
1275,153,219,14,0,10,56,66
5,129,219,13,0,48,42,90
554,135,219,15,0,20,64,84
686,110,219,14,0,53,56,109
109,109,219,12,0,87,23,110
683,121,223,11,2,52,50,102
566,141,225,4,0,30,54,84
34,193,225,2,0,1,31,32
962,164,225,4,0,9,52,61
269,134,225,4,0,36,55,91
916,196,225,1,0,12,17,29
297,154,225,4,0,16,55,71
221,157,225,3,0,25,43,68
1330,156,225,4,0,15,54,69
380,166,225,4,0,4,55,59
930,148,225,4,0,24,53,77
908,148,225,3,0,32,45,77
928,147,225,4,0,23,55,78
858,198,225,2,0,1,26,27
69,142,225,3,0,39,44,83
397,176,225,2,0,17,32,49
1194,181,225,3,0,2,42,44
242,215,228,0,2,5,8,13
315,217,228,0,2,2,9,11
65,210,228,2,11,2,16,18
1315,224,228,0,2,1,3,4
1219,220,228,0,2,1,7,8
1144,209,228,0,2,10,9,19
1019,146,232,17,2,33,53,86
891,191,232,14,2,13,28,41
349,174,232,17,2,6,52,58
1348,176,232,15,2,22,34,56
1363,168,232,15,2,29,35,64
558,224,234,0,2,1,9,10
795,226,234,0,2,1,7,8
145,199,235,5,2,13,23,36
1099,178,235,5,2,32,25,57
108,169,238,19,0,1,68,69
951,198,238,14,0,7,33,40
727,163,238,18,0,9,66,75
579,156,238,17,0,25,57,82
996,176,238,14,0,27,35,62
228,181,238,16,0,10,47,57
823,197,238,13,0,13,28,41
675,180,238,17,0,2,56,58
24,196,238,14,0,7,35,42
294,172,238,17,0,7,59,66
443,165,238,19,0,1,72,73
1324,153,238,17,0,26,59,85
463,176,238,15,0,21,41,62
972,155,238,16,0,35,48,83
997,147,238,17,0,33,58,91
77,153,246,10,0,36,57,93
1354,200,246,4,0,18,28,46
555,194,246,3,0,29,23,52
637,242,246,1,0,1,3,4
1081,226,246,1,0,5,15,20
926,151,246,10,0,37,58,95
576,184,246,11,0,1,61,62
203,212,246,10,0,1,33,34
903,185,246,11,0,1,60,61
1017,229,246,3,0,1,16,17
697,216,246,3,0,8,22,30
716,202,246,5,0,8,36,44
84,211,246,10,0,1,34,35
1037,123,246,11,0,49,74,123
628,111,246,11,0,61,74,135
1282,168,246,10,0,20,58,78
1042,197,246,5,0,13,36,49
452,186,246,10,0,2,58,60
780,187,246,5,0,24,35,59
853,178,246,10,0,12,56,68
538,146,246,11,0,28,72,100
1327,185,246,4,0,33,28,61
929,193,246,4,0,26,27,53
70,218,246,4,0,2,26,28
122,238,251,0,2,2,11,13
213,231,251,0,2,7,13,20
1237,232,251,0,2,7,12,19
753,243,251,0,2,1,7,8
221,234,251,0,2,4,13,17
904,248,252,0,2,1,3,4
74,218,261,11,2,31,12,43
433,213,261,11,2,35,13,48
571,209,261,12,2,31,21,52
610,150,261,12,2,92,19,111
775,219,265,2,13,9,37,46
1167,259,281,2,1,3,19,22
483,279,287,7,2,1,7,8
974,174,287,7,2,99,14,113
1101,227,287,7,2,45,15,60
1179,166,287,8,2,98,23,121
246,199,287,8,2,65,23,88
1177,239,291,4,2,31,21,52
236,185,291,6,2,61,45,106
802,228,291,4,2,41,22,63
828,271,293,8,0,1,21,22
900,155,295,12,0,86,54,140
367,249,295,2,0,12,34,46
356,151,295,12,0,89,55,144
75,188,295,11,0,61,46,107
1015,187,295,12,0,56,52,108
1038,234,295,11,0,17,44,61
1008,143,295,12,0,97,55,152
320,115,295,12,0,125,55,180
87,265,295,1,0,16,14,30
481,227,295,11,0,21,47,68
902,139,295,12,0,102,54,156
1183,274,295,1,0,8,13,21
135,242,295,11,0,7,46,53
212,187,295,11,0,61,47,108
94,238,295,12,0,3,54,57
95,167,295,12,0,73,55,128
1024,191,295,11,0,57,47,104
211,235,295,11,0,13,47,60
537,200,295,11,0,50,45,95
342,252,296,7,0,21,23,44
505,199,296,8,0,67,30,97
824,218,296,8,0,49,29,78
404,207,296,8,0,58,31,89
244,262,296,8,0,4,30,34
1031,233,296,8,0,31,32,63
846,167,296,7,0,105,24,129
106,236,296,7,0,36,24,60
651,261,296,7,0,14,21,35
278,238,296,8,0,27,31,58
1032,210,296,8,0,54,32,86
1056,255,296,7,0,17,24,41
556,242,296,8,0,22,32,54
1263,233,296,7,0,41,22,63
881,204,296,8,0,60,32,92
976,184,296,8,0,81,31,112
1044,210,304,18,2,61,33,94
1076,216,304,18,2,53,35,88
237,255,308,6,0,1,52,53
41,214,308,6,0,32,62,94
466,223,308,4,0,45,40,85
467,262,308,4,0,7,39,46
521,266,308,4,0,2,40,42
346,246,308,5,0,12,50,62
104,208,308,6,0,38,62,100
613,277,308,3,0,8,23,31
16,293,308,1,0,7,8,15
126,222,308,6,0,25,61,86
778,266,308,4,0,5,37,42
873,242,308,4,0,26,40,66
44,239,308,6,0,10,59,69
706,230,308,4,0,38,40,78
1012,212,308,6,0,36,60,96
522,250,308,3,0,35,23,58
161,304,308,1,0,1,3,4
1254,206,308,6,0,41,61,102
1108,234,308,6,0,12,62,74
1243,295,311,1,2,8,8,16
1365,257,311,1,2,45,9,54
956,252,311,0,2,41,18,59
992,286,311,0,2,7,18,25
308,258,311,0,2,35,18,53
804,252,311,0,2,42,17,59
1168,277,311,0,2,16,18,34
46,214,311,17,0,61,36,97
1207,201,311,16,0,86,24,110
865,209,311,17,0,66,36,102
113,202,311,18,0,68,41,109
533,199,311,18,0,70,42,112
293,275,311,17,0,1,35,36
805,231,311,18,0,41,39,80
517,226,311,18,0,43,42,85
140,286,311,0,2,8,17,25
321,300,311,2,0,4,7,11
327,233,311,17,0,42,36,78
1359,287,311,0,2,6,18,24
750,209,311,17,0,67,35,102
743,217,311,18,0,53,41,94
1017,284,311,0,2,11,16,27
922,299,311,2,0,5,7,12
1136,264,311,17,0,14,33,47
91,266,311,18,0,3,42,45
655,234,311,17,0,42,35,77
1126,232,311,17,0,45,34,79
146,271,311,0,2,24,17,41
554,252,311,0,2,41,18,59
995,299,311,0,2,1,11,12
4,207,311,18,0,62,42,104
1203,267,311,17,0,8,36,44
952,235,311,17,0,40,36,76
534,308,315,0,2,1,6,7
152,305,315,0,2,3,7,10
1311,294,318,0,2,2,22,24
957,305,318,0,2,1,12,13
1337,303,318,0,2,1,14,15
982,256,318,0,2,39,23,62
328,290,318,0,2,5,23,28
300,296,318,0,2,2,21,23
853,299,318,0,2,1,18,19
1130,278,320,19,2,5,37,42
165,271,320,19,2,10,39,49
1111,319,324,0,2,1,4,5
678,314,324,0,2,1,9,10
936,317,324,0,2,1,6,7
403,315,324,0,2,1,8,9
427,319,324,0,2,2,3,5
906,316,324,0,2,2,7,9
917,312,329,2,1,8,9,17
492,294,335,4,2,25,16,41
921,297,335,4,2,24,14,38
707,284,335,4,2,36,15,51
736,261,336,19,0,23,52,75
1357,269,336,19,0,12,55,67
218,256,336,19,0,25,55,80
827,236,336,19,0,47,53,100
528,194,336,19,0,88,54,142
1189,222,336,16,0,81,33,114
1184,313,336,1,0,16,7,23
216,273,336,18,0,18,45,63
306,258,336,16,0,45,33,78
668,289,336,17,0,8,39,47
1138,269,336,19,0,13,54,67
739,183,336,19,0,98,55,153
973,212,336,16,0,91,33,124
214,289,336,17,0,7,40,47
1110,299,336,2,0,21,16,37
1085,248,336,19,0,34,54,88
1274,228,336,16,0,75,33,108
43,209,336,19,0,72,55,127
732,288,336,17,0,8,40,48
107,240,336,19,0,41,55,96
390,336,344,0,2,1,7,8
999,336,344,0,2,4,4,8
642,326,344,0,2,10,8,18
446,335,344,0,2,3,6,9
524,337,344,0,2,1,6,7
851,320,344,0,2,16,8,24
173,324,344,0,2,12,8,20
566,326,344,0,2,13,5,18
156,331,344,0,2,6,7,13
177,337,344,0,2,2,5,7
1228,321,344,0,2,16,7,23
889,336,344,0,2,1,7,8
358,322,344,0,2,14,8,22
115,325,344,0,2,12,7,19
1220,332,344,0,2,4,8,12
929,322,344,0,2,16,6,22
1096,326,344,0,2,11,8,19
941,225,346,9,2,87,34,121
840,243,346,9,2,67,36,103
1022,307,346,9,2,3,36,39
1307,303,346,9,2,8,35,43
2,294,346,9,2,18,34,52
169,175,346,9,2,135,36,171
420,333,349,2,1,4,12,16
646,272,349,2,15,46,31,77
38,339,352,2,0,1,12,13
932,301,352,3,0,21,30,51
630,260,352,3,0,62,30,92
220,302,352,3,0,22,28,50
56,302,352,3,0,20,30,50
883,295,352,3,0,28,29,57
1291,288,359,9,0,22,49,71
1141,218,359,9,0,92,49,141
231,276,359,6,0,56,27,83
818,251,359,9,0,62,46,108
138,346,359,2,0,1,12,13
312,232,359,9,0,78,49,127
1106,234,359,9,0,77,48,125
1255,298,359,6,0,34,27,61
1164,304,359,6,0,28,27,55
1325,282,359,9,0,28,49,77
1302,297,359,9,0,13,49,62
355,313,359,7,0,9,37,46
983,197,359,9,0,114,48,162
172,285,359,8,0,30,44,74
740,287,359,9,0,24,48,72
213,286,360,2,17,33,41,74
910,310,365,2,0,25,30,55
265,283,365,4,0,36,46,82
635,330,365,2,0,5,30,35
965,315,365,2,0,21,29,50
648,344,365,1,0,5,16,21
195,302,365,4,0,17,46,63
352,285,371,15,2,67,19,86
464,322,371,15,2,31,18,49
913,348,371,15,2,5,18,23
1089,277,371,15,2,75,19,94
209,274,371,15,2,79,18,97
243,369,374,0,2,1,4,5
584,368,374,0,2,1,5,6
164,369,374,0,2,2,3,5
945,351,377,1,2,13,13,26
1160,357,377,0,2,1,19,20
114,351,377,0,2,4,22,26
684,348,377,0,2,5,24,29
585,343,377,0,2,11,23,34
660,344,377,0,2,8,25,33
996,342,377,0,2,10,25,35
1126,348,377,0,2,4,25,29
1324,358,377,0,2,1,18,19
930,342,377,0,2,11,24,35
1108,342,377,0,2,10,25,35
393,358,380,0,2,1,21,22
1086,365,380,0,2,1,14,15
12,363,380,0,2,1,16,17
128,367,380,0,2,1,12,13
572,361,380,0,2,1,18,19
1242,366,384,2,1,6,12,18
1093,267,386,10,2,98,21,119
347,341,386,10,2,24,21,45
535,279,386,10,2,87,20,107
1308,383,400,2,1,3,14,17
1147,371,400,1,0,14,15,29
168,340,400,15,0,12,48,60
198,302,400,15,0,51,47,98
513,206,400,15,0,146,48,194
276,332,400,15,0,20,48,68
731,288,400,15,0,64,48,112
121,209,400,15,0,144,47,191
953,348,400,15,0,4,48,52
1088,263,400,15,0,89,48,137
757,313,400,15,0,39,48,87
375,352,400,2,0,19,29,48
1231,287,400,15,0,66,47,113
379,364,400,1,0,20,16,36
351,293,400,15,0,59,48,107
836,307,400,15,0,45,48,93
569,257,400,15,0,97,46,143
1002,211,400,15,0,141,48,189
410,350,400,15,0,2,48,50
67,265,407,14,2,110,32,142
157,324,407,14,2,52,31,83
560,311,407,14,2,64,32,96
180,326,407,14,2,49,32,81
772,204,407,13,2,186,17,203
869,251,408,10,0,115,42,157
1029,401,408,1,0,1,6,7
394,296,408,10,0,71,41,112
615,359,408,10,0,6,43,49
746,270,408,10,0,95,43,138
63,230,408,10,0,135,43,178
925,249,408,10,0,116,43,159
563,227,408,10,0,139,42,181
436,362,408,10,0,4,42,46
616,304,408,10,0,62,42,104
564,292,408,10,0,73,43,116
1252,399,408,1,0,1,8,9
582,404,408,1,0,1,3,4
451,218,408,10,0,147,43,190
454,328,408,10,0,37,43,80
338,350,408,10,0,17,41,58
78,243,408,10,0,124,41,165
1229,307,408,10,0,58,43,101
800,296,408,10,0,69,43,112
447,331,408,10,0,35,42,77
515,385,409,0,2,16,8,24
1366,372,409,0,2,28,9,37
174,396,409,0,2,4,9,13
373,370,409,0,2,30,9,39
186,397,409,0,2,4,8,12
1187,397,409,0,2,3,9,12
659,371,409,0,2,30,8,38
1102,400,409,0,2,1,8,9
253,382,409,0,2,18,9,27
178,392,409,0,2,8,9,17
503,381,409,0,2,20,8,28
519,384,409,0,2,16,9,25
834,385,409,0,2,15,9,24
923,388,409,0,2,12,9,21
39,393,409,0,2,8,8,16
1136,399,409,0,2,1,9,10
1340,393,409,0,2,7,9,16
586,392,409,0,2,8,9,17
1048,375,409,0,2,25,9,34
1254,391,409,0,2,10,8,18
782,345,415,5,2,50,20,70
1265,367,415,6,2,20,28,48
715,336,415,4,2,67,12,79
21,346,415,6,2,41,28,69
472,332,416,14,0,43,41,84
656,279,416,14,0,96,41,137
817,349,416,14,0,30,37,67
892,345,416,14,0,30,41,71
918,381,416,14,0,1,34,35
473,241,416,14,0,135,40,175
687,267,416,14,0,110,39,149
849,301,416,14,0,75,40,115
600,224,416,14,0,151,41,192
685,322,416,14,0,53,41,94
368,326,416,14,0,51,39,90
182,337,416,14,0,39,40,79
76,354,416,14,0,21,41,62
592,410,416,2,0,1,5,6
562,312,416,14,0,66,38,104
1071,372,416,14,0,4,40,44
754,297,417,5,2,97,23,120
1169,397,417,5,2,1,19,20
710,337,417,4,2,68,12,80
144,301,417,5,2,94,22,116
737,410,417,0,2,1,6,7
326,412,417,0,2,1,4,5
1023,403,417,0,2,5,9,14
940,373,417,0,2,35,9,44
988,395,417,0,2,13,9,22
583,403,417,0,2,6,8,14
900,408,417,0,2,1,8,9
113,411,417,0,2,1,5,6
367,400,417,0,2,8,9,17
1015,400,417,0,2,11,6,17
203,383,417,0,2,26,8,34
417,410,417,0,2,3,4,7
697,403,417,0,2,5,9,14
565,392,417,0,2,18,7,25
531,412,417,0,2,1,4,5
628,409,417,0,2,3,5,8
1008,387,417,0,2,21,9,30
252,406,417,0,2,4,7,11
70,397,417,0,2,12,8,20
329,407,417,0,2,1,9,10
534,372,418,2,10,8,38,46
194,386,425,6,0,1,38,39
395,329,425,4,0,74,22,96
335,289,425,6,0,98,38,136
833,354,425,6,0,33,38,71
590,366,425,4,0,37,22,59
633,319,425,6,0,69,37,106
588,308,425,5,0,86,31,117
690,277,425,5,0,117,31,148
591,375,425,4,0,28,22,50
1161,375,425,6,0,13,37,50
258,376,425,5,0,18,31,49
920,370,425,4,0,33,22,55
695,388,425,4,0,15,22,37
1109,319,425,6,0,68,38,106
359,307,425,6,0,80,38,118
292,329,425,4,0,75,21,96
1337,358,427,2,14,22,47,69
915,384,427,5,0,10,33,43
88,369,427,5,0,25,33,58
1123,303,427,5,0,91,33,124
776,405,427,4,0,1,21,22
711,402,427,4,0,3,22,25
1162,366,427,6,0,22,39,61
1133,350,427,6,0,39,38,77
345,271,427,5,0,123,33,156
1278,320,427,5,0,74,33,107
131,387,427,4,0,20,20,40
61,303,427,6,0,85,39,124
1163,328,427,6,0,60,39,99
1174,370,427,4,0,35,22,57
1367,391,427,5,0,3,33,36
361,369,427,4,0,37,21,58
589,385,427,5,0,10,32,42
993,418,431,0,2,2,11,13
709,421,431,0,2,1,9,10
341,423,431,0,2,1,7,8
108,416,431,0,2,2,13,15
528,413,431,0,2,3,15,18
637,417,431,0,2,2,12,14
64,412,431,0,2,5,14,19
1330,411,431,0,2,5,15,20
56,416,431,0,2,1,14,15
25,429,434,0,2,1,4,5
457,367,437,2,16,14,56,70
660,417,446,2,3,14,15,29
956,403,452,2,4,28,21,49
1258,298,456,12,2,131,27,158
609,358,456,12,2,71,27,98
210,280,456,12,2,151,25,176
319,286,456,12,2,144,26,170
783,292,456,12,2,137,27,164
250,425,456,12,2,4,27,31
1235,402,456,12,2,28,26,54
150,399,457,7,2,40,18,58
47,396,457,6,2,51,10,61
22,438,457,6,2,9,10,19
793,397,457,7,2,41,19,60
1100,409,457,7,2,30,18,48
488,336,457,7,2,102,19,121
267,355,457,7,2,83,19,102
960,399,457,7,2,39,19,58
755,411,463,2,5,21,31,52
1237,418,471,2,12,1,52,53
1265,443,472,2,1,14,15,29
89,419,472,17,2,25,28,53
1018,435,472,17,2,9,28,37
545,425,472,17,2,21,26,47
185,369,472,17,2,75,28,103
175,462,472,2,1,1,9,10
184,349,472,17,2,97,26,123
1295,391,472,17,2,53,28,81
1236,428,474,2,1,28,18,46
628,441,475,2,11,1,33,34
733,379,478,17,0,68,31,99
82,431,478,17,0,14,33,47
763,222,478,16,0,231,25,256
864,309,478,17,0,135,34,169
1004,435,478,17,0,13,30,43
1010,360,478,17,0,85,33,118
1125,435,478,17,0,9,34,43
749,430,478,17,0,14,34,48
670,353,478,17,0,91,34,125
767,335,478,17,0,110,33,143
81,440,478,17,0,4,34,38
752,437,478,17,0,8,33,41
435,411,478,17,0,34,33,67
654,347,478,17,0,97,34,131
8,248,480,12,0,181,51,232
1150,352,480,12,0,78,50,128
316,258,480,11,0,182,40,222
27,257,480,12,0,173,50,223
29,446,480,2,0,11,23,34
1121,367,480,12,0,62,51,113
1009,285,480,12,0,144,51,195
1016,340,480,12,0,91,49,140
1171,445,480,2,0,11,24,35
594,334,480,12,0,95,51,146
155,274,480,12,0,155,51,206
251,318,480,12,0,112,50,162
290,350,480,12,0,79,51,130
461,452,480,2,0,4,24,28
959,366,480,12,0,67,47,114
494,297,480,12,0,135,48,183
514,376,483,8,2,74,33,107
1269,415,483,8,2,34,34,68
32,412,483,8,2,36,35,71
691,380,483,8,2,68,35,103
662,365,483,8,2,83,35,118
48,402,488,7,0,38,48,86
725,422,488,6,0,26,40,66
1181,396,488,7,0,45,47,92
712,339,488,7,0,100,49,149
225,393,488,7,0,46,49,95
541,395,488,6,0,51,42,93
649,456,488,1,0,16,16,32
847,403,488,7,0,35,50,85
426,357,488,7,0,83,48,131
495,395,488,7,0,43,50,93
274,373,488,7,0,65,50,115
477,407,488,6,0,39,42,81
40,427,488,6,0,19,42,61
530,477,490,0,2,4,9,13
807,466,490,0,2,14,10,24
890,452,490,0,2,28,10,38
179,459,490,0,2,21,10,31
1112,463,490,0,2,19,8,27
593,451,490,0,2,30,9,39
1205,437,490,0,2,43,10,53
204,473,490,0,2,11,6,17
689,474,490,0,2,6,10,16
505,460,490,0,2,21,9,30
1051,439,490,0,2,41,10,51
86,462,490,0,2,18,10,28
1222,471,490,0,2,9,10,19
756,481,490,0,2,1,8,9
76,437,490,0,2,44,9,53
1312,440,490,0,2,43,8,51
908,455,490,0,2,28,7,35
780,443,490,0,2,37,10,47
69,467,490,0,2,14,9,23
808,481,490,0,2,2,7,9
124,458,491,0,2,20,13,33
821,474,491,0,2,4,13,17
848,444,491,0,2,34,13,47
307,436,491,0,2,42,13,55
323,434,491,0,2,46,12,58
293,439,491,0,2,39,13,52
348,437,491,0,2,41,13,54
1095,451,491,0,2,27,13,40
680,452,491,0,2,26,13,39
843,441,491,0,2,37,13,50
16,472,491,0,2,6,13,19
846,440,491,0,2,38,13,51
635,462,491,0,2,16,13,29
182,468,491,0,2,10,13,23
698,459,491,0,2,19,13,32
1116,466,491,0,2,12,13,25
1225,460,491,0,2,18,13,31
1174,474,491,0,2,4,13,17
1024,432,491,0,2,46,13,59
1066,465,491,0,2,13,13,26
433,477,494,2,1,6,11,17
1157,443,503,13,2,40,20,60
424,255,503,13,2,230,18,248
747,462,503,13,2,22,19,41
1036,215,503,13,2,268,20,288
1146,486,507,1,2,9,12,21
422,454,507,1,2,41,12,53
1072,459,507,1,2,37,11,48
400,482,507,0,2,6,19,25
1309,485,507,0,2,4,18,22
1154,483,507,0,2,6,18,24
1041,490,507,0,2,3,15,18
1029,487,507,0,2,1,19,20
269,492,507,0,2,1,14,15
497,484,507,0,2,6,17,23
1215,488,507,0,2,3,17,20
739,484,507,0,2,4,19,23
387,483,507,0,2,5,19,24
351,487,507,0,2,2,18,20
1284,486,507,0,2,6,16,22
1132,485,507,0,2,3,19,22
977,459,509,15,2,34,16,50
93,279,509,15,2,212,18,230
1079,433,509,15,2,58,18,76
199,463,509,15,2,28,18,46
990,422,509,15,2,69,18,87
479,364,509,15,2,130,15,145
853,472,511,2,10,18,21,39
663,353,513,8,0,96,64,160
507,399,513,8,0,49,65,114
1049,438,513,8,0,11,64,75
994,398,513,8,0,51,64,115
1251,488,513,2,0,1,24,25
557,405,513,8,0,46,62,108
882,346,513,8,0,102,65,167
31,465,513,8,0,1,47,48
661,437,513,8,0,11,65,76
1117,427,513,8,0,21,65,86
291,488,513,1,0,6,19,25
1185,449,513,8,0,3,61,64
511,454,513,8,0,1,58,59
19,498,513,1,0,1,14,15
963,454,513,8,0,2,57,59
224,467,513,7,0,7,39,46
1259,454,513,8,0,1,58,59
36,482,513,2,0,2,29,31
1217,427,513,8,0,23,63,86
1006,493,515,2,1,10,12,22
100,493,518,2,8,1,24,25
462,350,519,15,0,141,28,169
440,440,519,15,0,52,27,79
912,312,519,15,0,179,28,207
1304,447,519,15,0,44,28,72
1320,413,519,15,0,78,28,106
647,293,519,15,0,199,27,226
439,390,519,15,0,102,27,129
460,375,519,15,0,116,28,144
1364,362,519,15,0,129,28,157
758,398,519,15,0,95,26,121
148,418,519,15,0,74,27,101
978,397,519,15,0,94,28,122
301,332,519,15,0,161,26,187
196,354,519,15,0,138,27,165
822,301,520,13,0,182,37,219
193,346,520,13,0,137,37,174
1084,226,520,13,0,257,37,294
577,450,520,13,0,33,37,70
773,341,520,13,0,142,37,179
896,397,520,13,0,86,37,123
671,225,520,13,0,259,36,295
1156,424,520,13,0,60,36,96
7,476,520,13,0,7,37,44
266,358,520,13,0,125,37,162
897,324,520,13,0,160,36,196
17,256,520,13,0,227,37,264
1027,356,520,13,0,128,36,164
899,284,520,13,0,199,37,236
1232,257,520,13,0,227,36,263
1158,464,520,13,0,19,37,56
324,498,524,0,2,16,10,26
235,513,524,0,2,1,10,11
516,509,524,0,2,4,11,15
296,511,524,0,2,3,10,13
418,504,524,0,2,9,11,20
1003,507,524,0,2,7,10,17
1310,505,524,0,2,11,8,19
1025,506,524,0,2,7,11,18
256,515,524,0,2,1,8,9
342,501,524,0,2,14,9,23
1223,514,524,0,2,2,9,11
688,516,524,0,2,1,7,8
922,500,524,0,2,13,11,24
91,509,524,0,2,6,9,15
1042,510,524,0,2,3,11,14
463,492,524,0,2,21,11,32
454,501,524,0,2,12,11,23
1012,502,524,0,2,12,10,22
592,511,524,0,2,2,11,13
1299,511,524,0,2,6,7,13
255,477,525,2,15,13,35,48
283,516,526,0,2,3,7,10
1302,520,526,0,2,1,5,6
43,521,526,0,2,1,4,5
221,512,530,2,3,1,17,18
926,524,533,0,2,1,8,9
664,528,533,0,2,1,4,5
1206,520,533,0,2,2,12,14
997,528,533,0,2,2,3,5
753,475,534,2,17,16,43,59
308,513,546,2,11,13,20,33
523,458,547,3,2,75,14,89
68,533,547,3,2,1,13,14
629,424,547,3,2,108,15,123
603,519,557,2,14,8,30,38
1136,539,558,2,17,1,18,19
475,313,559,19,2,227,19,246
546,497,559,19,2,41,21,62
1356,534,559,19,2,4,21,25
1358,475,559,19,2,63,21,84
969,384,559,19,2,155,20,175
167,379,559,19,2,159,21,180
1338,335,559,19,2,203,21,224
825,516,559,19,2,22,21,43
98,491,562,9,2,51,20,71
942,448,562,9,2,97,17,114
188,464,562,16,2,79,19,98
389,268,562,16,2,277,17,294
190,286,562,16,2,257,19,276
1261,508,562,16,2,36,18,54
1159,447,562,16,2,97,18,115
421,493,562,9,2,50,19,69
1060,490,562,9,2,54,18,72
1113,377,562,16,2,166,19,185
67,562,569,2,1,1,6,7
772,563,569,2,1,1,5,6
567,453,569,9,0,90,26,116
741,501,569,9,0,41,27,68
1064,500,569,8,0,49,20,69
247,521,569,8,0,27,21,48
23,328,569,9,0,214,27,241
559,363,569,9,0,179,27,206
1292,458,569,9,0,84,27,111
975,486,569,8,0,62,21,83
815,443,569,9,0,99,27,126
411,449,569,9,0,93,27,120
506,544,569,8,0,4,21,25
1107,343,569,9,0,200,26,226
1020,511,569,8,0,37,21,58
745,417,569,9,0,125,27,152
809,382,569,9,0,162,25,187
0,439,569,9,0,104,26,130
514,516,570,2,1,31,23,54
484,555,570,2,1,1,14,15
442,290,570,19,0,248,32,280
826,525,570,19,0,13,32,45
310,440,570,19,0,99,31,130
288,317,570,19,0,221,32,253
444,407,570,19,0,131,32,163
362,519,570,19,0,20,31,51
1149,431,570,19,0,107,32,139
1097,455,570,19,0,83,32,115
1098,290,570,19,0,249,31,280
580,488,570,19,0,51,31,82
638,302,570,19,0,236,32,268
262,331,570,19,0,208,31,239
931,353,578,3,0,180,45,225
699,463,578,3,0,69,46,115
855,532,578,3,0,1,45,46
677,353,578,3,0,179,46,225
948,493,578,3,0,43,42,85
587,390,578,3,0,143,45,188
612,405,578,3,0,127,46,173
501,338,578,3,0,194,46,240
605,432,578,3,0,101,45,146
796,527,578,2,0,21,30,51
357,419,578,3,0,116,43,159
614,362,578,3,0,172,44,216
598,432,578,3,0,100,46,146
325,555,578,2,0,2,21,23
621,437,578,3,0,97,44,141
954,442,578,3,0,90,46,136
946,363,578,3,0,169,46,215
383,539,581,0,2,32,10,42
1198,532,581,0,2,39,10,49
863,537,581,0,2,33,11,44
270,562,581,0,2,8,11,19
369,565,581,0,2,5,11,16
968,548,581,0,2,22,11,33
1350,567,581,0,2,4,10,14
865,569,581,0,2,1,11,12
395,555,581,0,2,16,10,26
295,569,581,0,2,2,10,12
557,567,581,0,2,3,11,14
671,553,581,0,2,17,11,28
590,542,581,0,2,28,11,39
1054,557,581,0,2,13,11,24
380,534,581,0,2,36,11,47
338,564,581,0,2,7,10,17
260,551,581,0,2,19,11,30
1027,550,581,0,2,21,10,31
211,566,581,0,2,4,11,15
410,531,581,0,2,39,11,50
526,553,582,0,2,16,13,29
241,529,582,0,2,40,13,53
1153,532,582,0,2,37,13,50
166,547,582,0,2,22,13,35
547,544,582,0,2,25,13,38
350,536,582,0,2,33,13,46
77,555,582,0,2,14,13,27
672,565,582,0,2,4,13,17
1150,549,582,0,2,20,13,33
1049,561,582,0,2,8,13,21
1191,536,582,0,2,33,13,46
661,553,582,0,2,16,13,29
600,551,582,0,2,18,13,31
965,564,582,0,2,5,13,18
767,532,582,0,2,37,13,50
919,564,582,0,2,5,13,18
161,537,582,0,2,32,13,45
569,539,582,0,2,30,13,43
686,555,582,0,2,14,13,27
109,558,582,0,2,11,13,24
1317,583,586,1,0,1,2,3
1084,572,586,0,2,7,7,14
1245,340,586,16,0,203,43,246
536,547,586,1,0,22,17,39
682,491,586,16,0,52,43,95
1073,558,586,1,0,12,16,28
1190,389,586,16,0,155,42,197
831,352,586,16,0,192,42,234
302,260,586,16,0,283,43,326
1114,469,586,16,0,76,41,117
1119,369,586,16,0,174,43,217
1285,222,586,16,0,321,43,364
887,290,586,16,0,254,42,296
639,576,586,0,2,3,8,11
1244,303,586,16,0,240,43,283
53,257,586,16,0,287,42,329
766,369,586,16,0,176,41,217
304,403,586,16,0,140,43,183
1032,546,586,0,2,32,8,40
192,429,586,16,0,114,43,157
1140,567,586,0,2,11,8,19
632,585,594,0,2,2,8,10
225,586,594,0,2,1,7,8
461,590,594,0,2,1,3,4
1222,564,601,2,5,19,18,37
437,557,607,3,2,45,5,50
872,421,607,4,2,174,12,186
620,570,607,3,2,31,6,37
333,556,607,3,2,44,7,51
801,416,607,4,2,179,12,191
967,438,607,4,2,158,11,169
20,551,607,3,2,50,6,56
937,410,607,4,2,185,12,197
73,581,607,4,2,14,12,26
1048,548,610,2,8,34,28,62
636,537,613,1,2,55,21,76
1268,541,613,1,2,52,20,72
374,575,613,0,2,3,35,38
1065,585,613,0,2,1,27,28
1227,586,613,0,2,1,26,27
1094,553,613,0,2,25,35,60
1248,572,613,0,2,6,35,41
1184,536,613,0,2,42,35,77
576,578,613,0,2,1,34,35
220,566,613,0,2,12,35,47
1252,577,613,0,2,1,35,36
1037,583,613,0,2,1,29,30
125,587,613,0,2,1,25,26
1231,559,613,0,2,20,34,54
506,589,613,0,2,1,23,24
458,582,613,0,2,1,30,31
1243,598,621,2,1,10,13,23
349,575,621,2,1,32,14,46
1345,589,621,2,1,21,12,33
709,569,627,2,13,12,46,58
788,370,628,18,2,239,19,258
744,397,628,18,2,212,19,231
1197,493,628,18,2,116,19,135
1043,569,628,18,2,40,19,59
989,515,628,18,2,93,20,113
1075,529,628,18,2,79,20,99
575,355,628,18,2,255,18,273
729,300,628,18,2,308,20,328
1104,404,628,18,2,204,20,224
1228,615,630,2,4,1,14,15
315,597,633,2,0,10,26,36
1309,576,633,2,0,32,25,57
491,413,633,4,0,183,37,220
696,498,633,4,0,97,38,135
1246,571,633,4,0,26,36,62
381,547,633,3,0,53,33,86
1172,457,633,4,0,138,38,176
1352,587,633,4,0,9,37,46
934,524,633,4,0,72,37,109
1329,530,633,4,0,65,38,103
72,497,633,4,0,101,35,136
438,558,633,3,0,42,33,75
71,419,633,4,0,178,36,214
215,588,633,2,0,19,26,45
945,632,636,2,1,1,3,4
642,587,638,2,16,1,50,51
332,595,640,0,2,34,11,45
1028,615,640,0,2,14,11,25
45,594,640,0,2,35,11,46
441,598,640,0,2,31,11,42
124,608,640,2,5,5,27,32
206,592,640,0,2,37,11,48
720,605,640,0,2,24,11,35
994,608,640,0,2,21,11,32
615,621,640,0,2,8,11,19
1010,624,640,0,2,5,11,16
104,617,640,0,2,12,11,23
1038,602,640,0,2,27,11,38
294,595,640,0,2,34,11,45
84,591,640,0,2,38,11,49
1280,628,640,0,2,1,11,12
651,617,640,0,2,12,11,23
649,612,640,0,2,17,11,28
78,624,640,0,2,5,11,16
983,615,640,0,2,14,11,25
640,625,640,0,2,5,11,16
1270,599,640,0,2,30,11,41
474,627,642,0,2,6,9,15
787,633,642,0,2,1,8,9
46,620,642,0,2,13,9,22
456,600,642,0,2,33,9,42
1058,608,642,0,2,25,9,34
962,631,642,0,2,2,9,11
444,614,642,0,2,19,9,28
279,632,642,0,2,1,9,10
849,599,642,0,2,35,8,43
1292,617,642,0,2,17,8,25
594,631,642,0,2,3,8,11
423,610,642,0,2,24,8,32
1061,591,642,0,2,42,9,51
1133,625,642,0,2,9,8,17
928,624,642,0,2,9,9,18
183,594,642,0,2,39,9,48
1183,631,642,0,2,2,9,11
1056,592,642,0,2,42,8,50
1336,597,642,0,2,36,9,45
695,615,642,0,2,18,9,27
1167,543,645,1,6,49,53,102
401,371,648,18,0,237,40,277
234,577,648,18,0,31,40,71
552,413,648,18,0,195,40,235
644,422,648,18,0,187,39,226
665,389,648,18,0,219,40,259
679,479,648,18,0,129,40,169
739,590,648,2,19,1,57,58
816,405,648,18,0,205,38,243
1090,331,648,18,0,277,40,317
730,357,648,18,0,251,40,291
573,319,648,18,0,290,39,329
771,424,648,18,0,184,40,224
659,609,654,2,7,5,40,45
171,641,660,0,2,7,12,19
430,640,660,1,2,14,6,20
602,631,660,0,2,17,12,29
289,648,660,0,2,1,11,12
1322,650,660,0,2,1,9,10
487,638,660,0,2,10,12,22
1313,640,660,0,2,9,11,20
885,595,660,0,2,53,12,65
1147,622,660,0,2,27,11,38
237,643,660,0,2,7,10,17
533,639,660,0,2,9,12,21
1009,647,660,0,2,1,12,13
297,642,660,0,2,6,12,18
1030,645,660,0,2,3,12,15
481,615,660,0,2,33,12,45
1071,639,660,0,2,9,12,21
1140,614,665,2,9,1,50,51
105,646,667,0,2,2,19,21
733,632,667,0,2,16,19,35
910,650,667,0,2,1,16,17
563,642,667,0,2,6,19,25
1364,639,667,0,2,9,19,28
355,638,667,0,2,11,18,29
858,603,667,0,2,45,19,64
1133,660,672,2,6,1,11,12
152,626,675,2,14,1,48,49
982,654,679,2,7,6,19,25
804,595,682,2,15,1,86,87
862,496,683,6,2,177,10,187
650,673,683,6,2,1,9,10
314,520,683,6,2,155,8,163
961,572,683,7,2,86,25,111
1266,534,683,6,2,142,7,149
273,526,683,7,2,132,25,157
866,524,683,6,2,149,10,159
806,610,685,18,2,49,26,75
596,488,685,17,2,181,16,197
738,510,685,19,2,140,35,175
701,562,685,17,2,105,18,123
705,469,685,19,2,179,37,216
311,533,685,19,2,115,37,152
80,619,685,17,2,48,18,66
400,611,689,2,18,2,76,78
1315,656,689,2,11,11,22,33
576,642,689,2,11,26,21,47
636,638,695,2,1,45,12,57
715,658,695,2,1,27,10,37
802,646,695,2,1,37,12,49
329,642,695,2,1,42,11,53
1339,335,697,19,0,313,49,362
468,479,697,18,0,179,39,218
674,458,697,17,0,209,30,239
998,479,697,17,0,188,30,218
1296,488,697,17,0,179,30,209
1139,417,697,19,0,232,48,280
415,582,697,19,0,66,49,115
702,475,697,17,0,193,29,222
895,504,697,17,0,164,29,193
217,521,697,18,0,136,40,176
1091,386,697,18,0,271,40,311
287,583,697,19,0,68,46,114
1148,564,697,19,0,85,48,133
772,645,702,1,13,11,46,57
271,690,703,0,2,2,11,13
49,676,703,0,2,16,11,27
391,654,703,0,2,38,11,49
1035,664,703,0,2,28,11,39
762,675,703,0,2,17,11,28
971,686,703,0,2,6,11,17
34,669,703,0,2,23,11,34
356,657,703,0,2,35,11,46
54,683,703,0,2,9,11,20
1121,686,703,0,2,6,11,17
436,674,703,0,2,18,11,29
903,661,703,0,2,32,10,42
1267,687,703,0,2,5,11,16
87,656,703,0,2,37,10,47
155,669,703,0,2,23,11,34
934,670,703,0,2,22,11,33
902,671,703,0,2,21,11,32
1278,684,703,0,2,8,11,19
556,688,703,0,2,4,11,15
447,657,703,0,2,35,11,46
1264,557,704,6,0,116,31,147
354,572,704,7,0,87,45,132
1344,502,704,7,0,158,44,202
478,461,704,6,0,212,31,243
618,525,704,6,0,149,30,179
878,528,704,6,0,145,31,176
867,474,704,6,0,200,30,230
1057,530,704,7,0,129,45,174
480,468,704,7,0,190,46,236
713,486,704,7,0,172,46,218
981,482,704,7,0,177,45,222
658,558,704,7,0,103,43,146
844,553,704,7,0,105,46,151
187,666,705,0,2,32,7,39
876,695,705,0,2,2,8,10
669,693,705,0,2,4,8,12
1142,689,705,0,2,8,8,16
577,686,705,0,2,13,6,19
302,696,705,0,2,1,8,9
138,669,705,0,2,28,8,36
63,684,705,0,2,14,7,21
1081,674,705,0,2,24,7,31
932,670,705,0,2,29,6,35
925,688,705,0,2,10,7,17
750,687,705,0,2,10,8,18
346,674,705,0,2,23,8,31
1106,685,705,0,2,12,8,20
1085,696,705,0,2,2,7,9
81,670,705,0,2,27,8,35
794,657,705,0,2,40,8,48
745,694,705,0,2,4,7,11
740,679,705,0,2,18,8,26
1301,697,705,0,2,1,7,8
516,639,711,2,18,28,44,72
1240,710,720,0,2,1,9,10
38,708,720,0,2,1,11,12
763,707,720,0,2,2,11,13
1034,707,720,0,2,1,12,13
824,701,720,0,2,4,15,19
731,699,720,0,2,7,14,21
478,706,720,0,2,1,13,14
588,706,720,0,2,2,12,14
630,707,720,0,2,3,10,13
541,705,720,0,2,1,14,15
24,709,720,0,2,2,9,11
66,698,720,0,2,7,15,22
1229,690,720,0,2,15,15,30
924,704,720,0,2,1,15,16
397,705,720,0,2,2,13,15
107,706,720,0,2,1,13,14
134,372,721,11,2,335,14,349
1335,281,721,11,2,425,15,440
1334,525,721,11,2,181,15,196
432,373,721,11,2,333,15,348
373,688,721,2,4,16,17,33
380,685,721,2,4,18,18,36
813,673,723,2,19,1,49,50
137,690,724,1,2,20,14,34
1047,676,724,0,2,28,20,48
1349,697,724,0,2,8,19,27
1260,706,724,0,2,1,17,18
330,699,724,0,2,5,20,25
339,705,724,0,2,1,18,19
665,699,724,0,2,5,20,25
847,695,724,0,2,9,20,29
411,698,724,0,2,6,20,26
522,701,724,0,2,3,20,23
1163,701,724,0,2,4,19,23
424,717,728,2,1,6,5,11
236,706,728,2,1,15,7,22
184,713,728,2,1,9,6,15
678,696,728,2,12,9,23,32
1347,714,728,2,1,7,7,14
936,698,732,2,7,5,29,34
1095,723,732,2,8,1,8,9
1035,707,738,2,13,1,30,31
1341,293,739,11,0,414,32,446
392,438,739,11,0,268,33,301
1321,404,739,11,0,303,32,335
1055,487,739,11,0,219,33,252
1211,308,739,11,0,401,30,431
1000,287,739,11,0,419,33,452
408,279,739,11,0,428,32,460
482,360,739,11,0,346,33,379
504,586,739,11,0,122,31,153
625,515,739,11,0,192,32,224
1046,286,739,11,0,422,31,453
149,402,739,11,0,304,33,337
57,391,739,11,0,317,31,348
102,264,739,11,0,442,33,475
1001,293,739,11,0,413,33,446
1253,467,739,11,0,243,29,272
1200,710,746,0,2,29,7,36
303,724,746,0,2,15,7,22
1127,722,746,0,2,17,7,24
465,710,746,0,2,30,6,36
726,711,746,0,2,28,7,35
231,724,746,0,2,15,7,22
951,726,746,0,2,13,7,20
467,719,746,0,2,20,7,27
521,733,746,0,2,6,7,13
915,711,746,0,2,28,7,35
586,724,746,2,14,1,21,22
1244,723,746,0,2,16,7,23
320,711,746,0,2,29,6,35
451,716,746,0,2,24,6,30
1164,736,746,0,2,3,7,10
251,717,746,0,2,22,7,29
1275,734,746,0,2,5,7,12
972,730,746,0,2,9,7,16
1263,718,746,0,2,21,7,28
933,715,746,0,2,24,7,31
292,712,746,0,2,27,7,34
1265,669,747,1,6,40,38,78
416,714,749,2,14,1,34,35
103,719,752,0,2,27,6,33
814,743,752,0,2,2,7,9
860,724,752,0,2,23,5,28
717,729,752,0,2,16,7,23
52,725,752,0,2,19,8,27
168,711,752,0,2,33,8,41
656,721,752,0,2,23,8,31
1119,742,752,0,2,2,8,10
327,715,752,0,2,30,7,37
459,718,752,0,2,26,8,34
633,722,752,0,2,23,7,30
1171,733,752,0,2,13,6,19
716,732,752,0,2,12,8,20
291,745,752,0,2,1,6,7
605,745,752,0,2,2,5,7
711,746,752,0,2,1,5,6
1329,739,752,0,2,5,8,13
131,736,752,0,2,9,7,16
1026,723,752,0,2,21,8,29
800,735,752,0,2,9,8,17
1326,727,757,2,9,1,29,30
1205,721,758,2,15,1,36,37
1234,706,761,2,18,1,54,55
164,729,764,2,4,17,18,35
254,613,765,15,2,131,21,152
14,714,765,17,2,16,35,51
1249,619,765,16,2,119,27,146
229,556,765,16,2,183,26,209
1078,535,765,15,2,209,21,230
280,705,765,15,2,39,21,60
1103,591,765,16,2,149,25,174
619,663,765,19,2,60,42,102
200,564,765,15,2,180,21,201
414,586,765,16,2,151,28,179
455,618,765,16,2,119,28,147
737,716,767,2,19,1,50,51
1086,698,767,2,19,8,61,69
1198,736,770,2,5,12,22,34
98,760,777,2,1,6,11,17
233,772,777,2,1,1,4,5
257,753,777,2,1,13,12,25
347,760,777,2,1,5,12,17
1129,723,777,2,1,43,12,55
2,743,777,2,1,22,12,34
1225,729,782,2,6,18,35,53
811,736,785,2,0,30,19,49
1310,751,785,2,0,16,18,34
1346,565,785,16,0,172,48,220
874,507,785,15,0,237,41,278
1080,427,785,15,0,317,41,358
1192,310,785,16,0,427,48,475
191,566,785,16,0,172,47,219
15,589,785,17,0,140,56,196
448,418,785,16,0,320,47,367
877,527,785,15,0,217,41,258
1052,546,785,16,0,191,48,239
1180,738,789,2,7,9,42,51
723,761,792,0,2,24,7,31
159,767,792,0,2,18,7,25
532,741,792,0,2,44,7,51
760,775,792,0,2,10,7,17
574,776,792,0,2,9,7,16
92,767,792,0,2,18,7,25
700,769,792,0,2,16,7,23
1339,756,792,0,2,29,7,36
1207,771,792,0,2,14,7,21
472,770,792,0,2,15,7,22
466,747,792,0,2,38,7,45
918,764,792,0,2,21,7,28
712,758,792,0,2,27,7,34
828,749,792,0,2,36,7,43
228,772,792,0,2,13,7,20
360,776,792,0,2,9,7,16
757,754,792,0,2,31,7,38
443,771,792,0,2,14,7,21
702,766,792,0,2,19,7,26
978,754,792,0,2,31,7,38
55,629,795,3,2,150,16,166
1199,460,795,5,2,302,33,335
259,557,795,5,2,207,31,238
759,644,795,5,2,117,34,151
940,757,800,2,9,2,41,43
561,549,801,14,2,218,34,252
425,474,801,13,2,305,22,327
9,542,801,14,2,227,32,259
785,541,801,14,2,226,34,260
724,653,801,14,2,118,30,148
317,409,801,14,2,360,32,392
1316,752,806,0,2,41,13,54
1276,775,806,0,2,18,13,31
943,787,806,0,2,6,13,19
748,767,806,0,2,26,13,39
1247,748,806,0,2,46,12,58
496,756,806,0,2,37,13,50
1141,776,806,0,2,17,13,30
310,781,806,0,2,12,13,25
1189,760,806,0,2,33,13,46
805,789,806,0,2,4,13,17
513,771,806,0,2,22,13,35
27,746,806,0,2,47,13,60
527,769,806,0,2,25,13,38
685,791,806,0,2,2,13,15
511,785,806,0,2,8,13,21
648,765,806,0,2,28,13,41
1110,780,806,0,2,13,13,26
495,777,806,0,2,16,13,29
1273,783,806,0,2,10,13,23
537,789,806,0,2,4,13,17
207,390,807,14,0,378,39,417
774,522,807,13,0,257,28,285
499,443,807,14,0,324,40,364
1351,289,807,13,0,490,28,518
1210,594,807,14,0,173,40,213
205,448,807,14,0,322,37,359
1069,436,807,14,0,332,39,371
208,477,807,14,0,290,40,330
1342,388,807,14,0,379,40,419
1033,495,807,14,0,273,39,312
1209,400,807,14,0,367,40,407
18,388,807,13,0,391,28,419
984,570,807,14,0,198,39,237
1070,420,807,14,0,347,40,387
84,747,808,2,10,1,60,61
1093,782,812,2,1,13,17,30
835,784,812,2,1,12,16,28
412,757,816,0,2,51,8,59
230,790,816,0,2,17,9,26
1003,752,816,2,11,1,63,64
950,796,816,0,2,11,9,20
914,787,816,0,2,21,8,29
334,787,816,0,2,20,9,29
599,794,816,0,2,14,8,22
409,797,816,0,2,11,8,19
1354,785,816,0,2,22,9,31
48,798,816,0,2,9,9,18
244,779,816,0,2,29,8,37
714,772,816,0,2,35,9,44
655,770,816,0,2,38,8,46
1282,754,816,0,2,53,9,62
195,768,816,0,2,39,9,48
345,802,816,0,2,5,9,14
386,794,816,0,2,13,9,22
1274,761,816,0,2,46,9,55
189,780,816,0,2,27,9,36
1002,802,816,0,2,6,8,14
856,776,816,0,2,31,9,40
99,463,822,5,0,298,61,359
1218,428,822,5,0,333,61,394
879,494,822,5,0,267,61,328
871,494,822,5,0,268,60,328
1134,490,822,5,0,273,59,332
1087,515,822,5,0,246,61,307
503,788,824,2,3,28,8,36
1050,671,825,8,2,105,49,154
313,718,825,9,2,41,66,107
792,692,825,7,2,101,32,133
13,661,825,8,2,116,48,164
935,730,825,7,2,64,31,95
101,676,825,8,2,103,46,149
508,615,825,8,2,161,49,210
964,584,825,8,2,192,49,241
1168,733,827,2,13,13,81,94
585,814,829,2,14,1,14,15
530,761,831,2,4,55,15,70
270,818,831,2,4,2,11,13
1028,773,832,2,13,19,40,59
50,818,835,0,2,4,13,17
366,813,835,0,2,9,13,22
1332,782,835,0,2,40,13,53
462,816,835,0,2,6,13,19
29,820,835,0,2,2,13,15
162,818,835,0,2,4,13,17
1181,818,835,0,2,5,12,17
381,817,835,0,2,6,12,18
616,802,835,0,2,21,12,33
1125,807,835,0,2,15,13,28
1031,810,835,0,2,12,13,25
953,811,835,0,2,11,13,24
679,808,835,0,2,14,13,27
675,818,835,0,2,4,13,17
1011,775,835,0,2,48,12,60
1097,822,835,0,2,1,12,13
135,808,835,0,2,15,12,27
1001,766,835,0,2,56,13,69
1294,811,835,0,2,12,12,24
713,795,835,0,2,27,13,40
880,766,836,2,5,51,19,70
634,812,838,2,1,14,13,27
263,826,838,2,1,2,11,13
993,833,838,2,1,1,4,5
1200,757,838,2,14,1,80,81
369,760,838,2,14,1,77,78
348,746,838,2,14,3,89,92
890,790,841,2,17,2,49,51
851,812,843,2,0,14,17,31
489,599,843,8,0,179,65,244
1,559,843,9,0,199,85,284
510,534,843,8,0,243,66,309
667,547,843,9,0,210,86,296
1186,515,843,8,0,261,67,328
666,592,843,9,0,165,86,251
875,756,847,2,15,1,90,91
734,800,853,2,19,1,52,53
443,800,853,2,19,2,51,53
1085,790,853,2,19,3,60,63
839,845,854,0,2,1,8,9
681,841,854,0,2,4,9,13
905,845,854,0,2,3,6,9
601,846,854,0,2,3,5,8
147,843,854,0,2,4,7,11
626,825,854,0,2,20,9,29
869,850,854,0,2,1,3,4
41,847,854,0,2,1,6,7
743,844,854,0,2,1,9,10
1138,846,854,0,2,1,7,8
126,845,854,0,2,1,8,9
559,835,854,0,2,11,8,19
670,845,854,0,2,2,7,9
1123,848,854,0,2,1,5,6
591,847,854,0,2,3,4,7
883,845,854,0,2,1,8,9
1158,848,854,0,2,3,3,6
1173,837,855,0,2,7,11,18
1208,841,855,0,2,2,12,14
486,811,855,0,2,32,12,44
1122,818,855,0,2,25,12,37
353,836,855,0,2,7,12,19
264,841,855,0,2,3,11,14
970,819,855,0,2,25,11,36
82,834,855,0,2,10,11,21
28,829,855,0,2,14,12,26
746,831,855,0,2,14,10,24
579,815,855,0,2,30,10,40
306,808,855,0,2,36,11,47
88,834,855,0,2,9,12,21
504,839,855,0,2,4,12,16
379,822,855,0,2,21,12,33
278,828,855,0,2,16,11,27
196,841,855,0,2,2,12,14
435,831,855,0,2,12,12,24
954,789,855,0,2,54,12,66
1194,827,855,0,2,16,12,28
178,737,857,2,18,9,111,120
689,740,857,2,18,6,111,117
474,818,860,2,19,1,41,42
565,849,867,2,4,5,13,18
863,863,870,2,6,1,6,7
607,481,875,12,2,360,34,394
1238,481,875,12,2,359,35,394
163,738,875,12,2,106,31,137
544,644,875,12,2,196,35,231
10,536,875,12,2,305,34,339
1257,525,875,12,2,315,35,350
987,466,875,12,2,376,33,409
11,582,875,12,2,258,35,293
779,497,875,12,2,346,32,378
493,585,875,12,2,256,34,290
341,841,875,2,6,13,21,34
558,857,882,2,9,1,24,25
1005,861,885,2,1,14,10,24
158,878,885,2,1,1,6,7
1258,860,885,2,1,17,8,25
707,859,885,2,1,16,10,26
317,856,885,2,1,20,9,29
16,847,885,2,1,28,10,38
59,268,891,10,0,585,38,623
979,466,891,12,0,374,51,425
543,457,891,12,0,384,50,434
268,462,891,12,0,378,51,429
568,553,891,12,0,287,51,338
608,438,891,12,0,402,51,453
854,415,891,10,0,438,38,476
285,462,891,10,0,391,38,429
595,559,891,12,0,283,49,332
286,371,891,10,0,482,38,520
768,862,893,0,2,19,12,31
551,887,893,0,2,3,3,6
240,885,893,0,2,1,7,8
1155,867,893,0,2,14,12,26
277,886,893,0,2,3,4,7
399,876,893,0,2,5,12,17
1059,879,893,0,2,2,12,14
223,855,893,0,2,26,12,38
606,873,893,0,2,15,5,20
617,868,893,0,2,13,12,25
136,863,893,0,2,18,12,30
852,886,893,0,2,1,6,7
1323,864,893,0,2,17,12,29
1357,888,893,0,2,1,4,5
1291,887,893,0,2,1,5,6
826,850,893,0,2,31,12,43
218,863,893,0,2,24,6,30
1190,861,893,0,2,20,12,32
841,886,893,0,2,2,5,7
520,882,893,0,2,5,6,11
1114,863,893,0,2,18,12,30
75,872,893,0,2,9,12,21
673,873,893,0,2,9,12,21
60,878,893,0,2,4,12,16
1067,851,893,0,2,31,12,43
690,866,893,0,2,15,12,27
452,859,893,0,2,27,7,34
172,865,893,0,2,16,12,28
15,879,893,0,2,7,7,14
1367,866,893,0,2,20,7,27
94,872,893,0,2,9,12,21
1232,859,893,0,2,22,12,34
654,857,893,0,2,24,12,36
281,853,897,0,2,33,11,44
550,884,897,0,2,1,12,13
894,882,897,0,2,4,11,15
1306,855,897,0,2,30,12,42
1300,860,897,0,2,25,12,37
985,863,897,0,2,22,12,34
153,880,897,0,2,5,12,17
827,882,897,0,2,3,12,15
555,865,897,0,2,21,11,32
864,863,897,0,2,22,12,34
725,875,897,0,2,10,12,22
789,861,897,0,2,26,11,37
132,851,897,0,2,35,12,47
796,884,897,0,2,2,11,13
266,872,897,0,2,13,12,25
766,870,897,0,2,16,11,27
638,876,897,0,2,10,11,21
445,878,897,0,2,8,12,20
5,867,897,0,2,18,12,30
952,865,897,0,2,20,12,32
955,899,904,2,3,1,4,5
694,891,909,2,1,12,6,18
1269,894,909,2,1,11,4,15
1159,884,909,2,1,19,6,25
311,897,909,2,1,6,6,12
343,749,910,1,2,153,8,161
384,728,910,1,2,173,9,182
127,736,910,1,2,164,10,174
1233,891,910,0,2,2,17,19
1285,894,910,0,2,1,15,16
1004,889,910,0,2,2,19,21
224,897,910,0,2,1,12,13
752,891,910,0,2,1,18,19
470,890,910,0,2,2,18,20
1083,903,915,0,2,1,11,12
90,899,915,0,2,1,15,16
949,897,915,0,2,1,17,18
37,901,915,0,2,2,12,14
193,900,915,0,2,1,14,15
491,896,915,0,2,1,18,19
699,901,915,0,2,1,13,14
1251,901,915,0,2,3,11,14
23,901,915,0,2,1,13,14
959,900,915,0,2,2,13,15
502,902,915,0,2,1,12,13
735,779,917,19,2,74,64,138
764,750,917,16,2,111,56,167
1289,734,917,13,2,151,32,183
1362,614,917,15,2,263,40,303
119,443,917,13,2,443,31,474
378,689,917,13,2,197,31,228
116,313,917,10,2,582,22,604
1230,711,917,15,2,165,41,206
1115,788,917,16,2,74,55,129
382,744,917,15,2,135,38,173
175,761,921,1,4,145,15,160
802,905,921,1,4,3,13,16
1316,884,921,2,0,20,17,37
391,904,921,2,0,2,15,17
834,898,921,2,9,1,22,23
754,909,922,2,1,8,5,13
539,917,922,2,1,2,3,5
371,914,922,2,1,4,4,8
969,917,922,2,1,1,4,5
1137,593,924,10,2,319,12,331
597,380,924,10,2,531,13,544
176,566,924,10,2,347,11,358
236,763,927,1,6,144,20,164
1271,914,928,0,2,8,6,14
728,911,928,0,2,10,7,17
799,903,928,0,2,18,7,25
986,904,928,0,2,18,6,24
344,919,928,0,2,2,7,9
518,917,928,0,2,5,6,11
812,913,928,0,2,8,7,15
8,915,928,0,2,6,7,13
741,908,928,0,2,14,6,20
892,906,928,0,2,15,7,22
916,916,928,0,2,5,7,12
912,914,928,0,2,7,7,14
1117,920,928,0,2,2,6,8
643,918,928,0,2,3,7,10
368,910,928,0,2,11,7,18
1185,910,928,0,2,12,6,18
1325,916,928,0,2,5,7,12
426,908,928,0,2,13,7,20
658,906,928,0,2,15,7,22
589,915,928,0,2,7,6,13
1308,922,931,1,0,1,8,9
1041,918,931,2,0,2,11,13
898,540,931,13,0,347,44,391
1305,531,931,15,0,345,55,400
1204,510,931,15,0,367,54,421
991,585,931,15,0,291,55,346
525,510,931,13,0,375,46,421
377,600,931,13,0,285,46,331
570,499,931,15,0,377,55,432
549,435,931,10,0,460,36,496
1288,342,931,13,0,543,46,589
553,539,931,15,0,339,53,392
1229,883,932,2,10,10,39,49
120,924,937,2,1,1,12,13
514,800,937,1,8,106,31,137
343,932,937,2,1,1,4,5
200,928,937,2,1,1,8,9
277,917,937,2,8,1,19,20
720,921,940,2,8,7,12,19
1111,888,941,2,11,5,48,53
51,913,943,0,2,18,12,30
30,915,943,0,2,18,10,28
26,924,943,0,2,7,12,19
1166,919,943,0,2,13,11,24
1063,921,943,0,2,10,12,22
761,926,943,0,2,6,11,17
365,929,943,0,2,2,12,14
238,923,943,0,2,9,11,20
449,930,943,0,2,3,10,13
567,909,943,0,2,23,11,34
354,929,943,0,2,3,11,14
507,925,943,0,2,6,12,18
216,927,943,0,2,4,12,16
727,930,943,0,2,1,12,13
833,906,943,0,2,25,12,37
618,916,943,0,2,15,12,27
247,922,943,0,2,9,12,21
106,931,943,0,2,1,11,12
95,929,943,0,2,2,12,14
1217,924,943,0,2,9,10,19
227,596,946,10,0,315,35,350
62,558,946,10,0,353,35,388
226,577,946,10,0,334,35,369
146,924,946,2,0,2,20,22
868,556,946,10,0,356,34,390
1206,926,946,2,0,1,19,20
524,844,954,2,13,49,61,110
487,875,954,2,13,20,59,79
723,868,964,2,14,25,71,96
393,845,964,2,14,50,69,119
684,895,964,2,14,1,68,69
540,937,967,0,2,11,19,30
624,951,967,0,2,1,15,16
1303,940,967,0,2,9,18,27
1262,950,967,0,2,1,16,17
623,944,967,0,2,3,20,23
498,937,967,0,2,9,21,30
318,934,967,0,2,12,21,33
222,939,967,0,2,8,20,28
97,942,967,0,2,4,21,25
663,921,967,0,2,25,21,46
394,927,967,0,2,20,20,40
973,939,967,0,2,7,21,28
816,952,967,0,2,1,14,15
582,948,967,0,2,2,17,19
44,952,967,0,2,2,13,15
1226,956,971,0,2,1,14,15
1182,966,971,0,2,2,3,5
1007,959,971,0,2,1,11,12
1314,963,971,0,2,1,7,8
852,904,971,2,10,7,60,67
1120,965,971,0,2,1,5,6
77,933,971,2,10,1,37,38
99,956,971,0,2,2,13,15
517,959,971,0,2,1,11,12
647,960,971,0,2,1,10,11
613,964,971,0,2,1,6,7
776,966,971,0,2,1,4,5
706,958,971,0,2,1,12,13
1091,965,971,0,2,2,4,6
258,958,971,0,2,1,12,13
538,960,971,0,2,1,10,11
4,967,971,0,2,1,3,4
187,883,974,2,16,11,80,91
1244,853,974,2,16,40,81,121
1273,875,974,2,16,18,81,99
433,760,977,1,11,140,77,217
1112,941,977,2,11,1,35,36
626,909,977,2,11,3,65,68
1066,938,978,2,3,29,11,40
90,932,984,2,12,2,50,52
427,887,985,2,17,10,88,98
174,970,990,2,4,1,19,20
934,938,990,2,4,30,22,52
211,963,992,2,11,1,28,29
235,868,993,2,18,26,99,125
114,826,993,2,18,67,100,167
988,867,993,2,18,26,100,126
1139,978,993,0,2,5,10,15
288,975,993,0,2,7,11,18
417,845,993,2,18,48,100,148
612,971,993,0,2,11,11,22
963,984,993,0,2,1,8,9
1025,902,994,2,13,8,84,92
334,953,996,2,6,16,27,43
12,935,996,2,6,32,29,61
512,974,998,0,2,7,17,24
1082,973,998,0,2,7,18,25
1045,972,998,0,2,8,18,26
708,976,998,0,2,5,17,22
1077,972,998,0,2,9,17,26
674,976,998,0,2,4,18,22
855,975,998,0,2,5,18,23
335,971,998,0,2,9,18,27
696,972,998,0,2,8,18,26
141,970,998,0,2,11,17,28
897,966,998,0,2,14,18,32
1152,978,998,0,2,3,18,21
1327,972,998,0,2,10,16,26
361,984,998,0,2,1,13,14
40,975,998,0,2,5,18,23
441,831,1000,2,19,63,106,169
584,853,1000,2,19,41,106,147
583,866,1000,2,19,30,104,134
356,956,1002,2,12,1,45,46
928,989,1002,2,4,4,9,13
67,728,1003,1,14,172,103,275
49,956,1003,2,7,11,36,47
601,907,1003,2,14,3,93,96
658,971,1003,2,7,1,31,32
914,985,1009,2,5,8,16,24
513,936,1014,2,15,1,77,78
54,961,1014,2,16,1,52,53
1114,948,1014,2,16,1,65,66
835,913,1017,1,14,45,59,104
622,995,1018,0,2,15,8,23
1176,988,1018,0,2,23,7,30
160,1005,1018,0,2,5,8,13
239,991,1018,0,2,20,7,27
1318,996,1018,0,2,14,8,22
939,1006,1018,0,2,6,6,12
322,991,1018,0,2,19,8,27
765,990,1018,0,2,22,6,28
312,1007,1018,0,2,3,8,11
631,990,1018,0,2,21,8,29
687,994,1018,0,2,17,7,24
823,989,1018,0,2,21,8,29
873,986,1018,0,2,24,8,32
758,1000,1018,0,2,10,8,18
749,999,1018,0,2,11,8,19
53,992,1018,0,2,21,5,26
212,996,1018,0,2,15,7,22
946,1000,1018,0,2,11,7,18
1203,992,1018,0,2,18,8,26
976,995,1018,0,2,17,6,23
136,964,1021,2,17,1,56,57
349,904,1022,1,17,1,117,118
669,932,1022,2,17,1,89,90
353,924,1022,2,17,1,97,98
702,919,1022,2,17,1,102,103
278,988,1023,2,8,6,29,35
622,1022,1027,2,3,1,4,5
700,1020,1027,2,3,1,6,7
233,959,1032,1,18,1,72,73
1236,851,1032,1,18,49,132,181
418,933,1032,2,18,2,97,99
295,1020,1032,2,4,2,10,12
688,966,1032,2,18,1,65,66
695,1020,1032,2,4,1,11,12
807,984,1033,2,9,9,40,49
968,922,1039,2,19,1,116,117
203,992,1041,2,10,33,16,49
1325,1015,1043,2,9,3,25,28
481,998,1049,2,11,27,24,51
992,1005,1056,2,13,20,31,51
748,998,1056,2,13,30,28,58
542,1043,1061,0,2,8,10,18
500,1040,1061,0,2,11,10,21
139,1037,1061,0,2,14,10,24
888,1000,1061,0,2,51,10,61
719,1044,1061,0,2,7,10,17
894,1004,1061,2,14,22,35,57
429,1045,1061,0,2,6,10,16
798,1031,1061,0,2,20,10,30
907,1024,1061,0,2,27,10,37
1178,1013,1061,0,2,39,9,48
1321,1050,1061,0,2,1,10,11
831,1014,1061,0,2,37,10,47
499,1036,1061,0,2,15,10,25
404,1015,1061,0,2,36,10,46
948,1014,1061,0,2,37,10,47
121,1039,1061,0,2,12,10,22
975,1026,1061,0,2,25,10,35
217,1029,1061,0,2,22,10,32
19,1041,1061,0,2,10,10,20
919,1015,1061,2,14,10,36,46
1213,1020,1061,0,2,32,10,42
899,1040,1061,0,2,11,10,21
1353,1058,1065,0,2,1,6,7
580,1060,1065,0,2,1,4,5
35,1063,1069,0,2,1,5,6
413,1055,1069,0,2,3,11,14
143,1035,1069,0,2,23,11,34
401,1029,1069,0,2,28,12,40
536,1015,1069,0,2,42,12,54
773,1064,1069,0,2,2,3,5
587,1063,1069,0,2,2,4,6
1342,1062,1069,0,2,1,6,7
501,1055,1069,0,2,2,12,14
149,1058,1069,0,2,1,10,11
1192,1063,1069,0,2,1,5,6
290,1038,1069,0,2,19,12,31
1212,1041,1069,0,2,17,12,29
732,1052,1069,0,2,5,12,17
215,1050,1069,0,2,7,12,19
1293,1040,1070,0,2,17,13,30
85,1055,1070,0,2,2,13,15
911,1025,1070,0,2,32,13,45
876,991,1070,2,15,34,45,79
364,1052,1070,0,2,6,12,18
742,1061,1070,0,2,1,8,9
736,1041,1070,0,2,16,13,29
198,1023,1070,0,2,35,12,47
316,1043,1070,0,2,14,13,27
882,1014,1070,0,2,43,13,56
1211,1053,1070,0,2,4,13,17
778,1044,1070,0,2,15,11,26
1,1060,1070,0,2,1,9,10
375,1058,1070,0,2,1,11,12
357,1051,1070,0,2,6,13,19
920,1052,1070,0,2,5,13,18
438,1045,1070,0,2,12,13,25
598,1040,1070,0,2,18,12,30
621,1017,1070,0,2,40,13,53
1186,1036,1070,0,2,21,13,34
1052,1029,1070,0,2,28,13,41
788,1009,1077,2,1,62,6,68
134,1031,1077,2,1,39,7,46
790,1063,1077,2,1,7,7,14
171,983,1077,2,1,87,7,94
544,1012,1077,2,1,58,7,65
1169,1013,1077,2,1,57,7,64
1261,1005,1077,2,1,65,7,72
1078,941,1077,2,1,130,6,136
1311,1042,1077,2,1,28,7,35
781,1014,1077,2,1,57,6,63
747,955,1077,2,1,115,7,122
1348,1059,1077,2,1,11,7,18
1100,939,1077,2,1,131,7,138
421,1024,1077,2,1,47,6,53
388,1065,1077,2,1,5,7,12
676,962,1077,2,1,108,7,115
246,1022,1077,2,1,48,7,55
1363,1016,1077,2,1,54,7,61
296,1071,1078,2,4,1,6,7
681,984,1081,2,16,41,56,97
1160,1011,1081,2,16,16,54,70
821,991,1081,2,16,36,54,90
860,1025,1084,2,0,45,14,59
60,980,1084,2,0,91,13,104
111,1066,1086,0,2,3,17,20
623,1039,1086,2,3,23,24,47
1297,1070,1086,0,2,1,15,16
194,1067,1086,0,2,3,16,19
552,1072,1086,0,2,1,13,14
668,1067,1086,0,2,2,17,19
148,1072,1086,0,2,2,12,14
350,994,1089,2,17,31,64,95
1126,992,1089,2,17,34,63,97
1227,1039,1091,2,4,22,30,52
519,1058,1091,2,4,4,29,33
1322,1081,1091,2,11,1,9,10
131,1039,1091,2,4,22,30,52
762,1038,1096,2,17,32,26,58
1220,1061,1096,2,5,1,34,35
1248,1062,1097,2,12,7,28,35
166,989,1099,2,19,37,73,110
347,1016,1105,1,10,60,29,89
1193,1075,1105,0,2,10,20,30
230,1059,1105,2,6,2,44,46
1039,1086,1105,0,2,1,18,19
822,1078,1105,0,2,6,21,27
207,1087,1105,0,2,2,16,18
489,1082,1105,0,2,2,21,23
818,1079,1105,0,2,6,20,26
39,1065,1105,2,6,1,39,40
321,1078,1105,0,2,9,18,27
473,1082,1105,0,2,4,19,23
925,1088,1105,2,10,1,16,17
887,1087,1105,0,2,1,17,18
408,1075,1105,0,2,9,21,30
360,1048,1105,2,6,13,44,57
214,1084,1105,0,2,1,20,21
543,1076,1105,0,2,10,19,29
1255,1077,1105,0,2,7,21,28
1149,1077,1105,0,2,8,20,28
133,1090,1105,0,2,2,14,16
1162,1085,1105,0,2,3,17,20
61,1073,1105,0,2,11,21,32
809,1078,1105,0,2,6,21,27
456,1053,1108,2,16,17,38,55
306,1032,1108,2,16,37,39,76
715,1037,1113,1,4,56,20,76
1023,1087,1114,2,11,1,26,27
1314,1091,1114,2,11,2,21,23
465,1042,1114,2,17,27,45,72
1049,1037,1116,2,8,24,55,79
1150,1089,1120,2,12,2,29,31
239,1104,1126,2,8,2,20,22
403,1109,1126,2,8,1,16,17
244,1103,1126,2,8,2,21,23
814,1059,1127,2,9,4,64,68
1106,1055,1127,2,9,6,66,72
1084,1090,1128,2,13,2,36,38
1019,1076,1133,2,1,46,11,57
437,1093,1133,2,1,30,10,40
372,1127,1133,2,1,1,5,6
210,1068,1133,2,1,55,10,65
378,1032,1133,2,1,91,10,101
319,1083,1133,2,1,41,9,50
1358,1095,1133,2,1,27,11,38
280,1126,1133,2,1,1,6,7
545,1030,1133,2,1,92,11,103
759,1061,1133,2,1,64,8,72
144,1112,1133,2,1,11,10,21
127,1091,1133,2,1,31,11,42
523,1000,1133,2,1,123,10,133
142,1057,1133,2,1,65,11,76
705,1098,1133,2,1,28,7,35
422,1018,1133,2,1,106,9,115
2,1065,1133,1,9,28,40,68
960,961,1133,2,1,161,11,172
1299,1012,1133,2,1,110,11,121
1159,969,1138,1,16,107,62,169
1240,1089,1138,2,16,1,48,49
385,1124,1139,0,2,4,11,15
219,1097,1139,0,2,32,10,42
376,1098,1139,0,2,30,11,41
249,1105,1139,0,2,24,10,34
819,1127,1139,0,2,1,11,12
1216,1113,1139,0,2,15,11,26
226,1119,1139,0,2,9,11,20
1304,1115,1139,0,2,13,11,24
1016,1094,1139,0,2,34,11,45
439,1098,1139,0,2,30,11,41
564,1111,1139,0,2,18,10,28
1088,1091,1139,0,2,37,11,48
878,1122,1139,0,2,6,11,17
815,1105,1139,0,2,23,11,34
895,1101,1139,0,2,28,10,38
192,1095,1139,0,2,33,11,44
836,1103,1139,0,2,25,11,36
477,1102,1139,0,2,26,11,37
1109,1109,1139,0,2,19,11,30
881,1093,1139,0,2,36,10,46
885,1104,1140,2,0,18,18,36
1215,1064,1140,2,0,58,18,76
1007,1085,1143,2,17,1,57,58
839,1110,1149,2,3,29,10,39
1193,1122,1149,2,3,17,10,27
1177,1130,1154,2,1,19,5,24
1199,1146,1154,2,1,3,5,8
1272,1137,1154,2,1,14,4,18
1006,970,1154,1,18,107,77,184
257,1100,1159,1,2,48,11,59
1345,1110,1159,1,2,38,11,49
693,1125,1159,0,2,14,20,34
407,1103,1159,0,2,36,20,56
657,1135,1159,0,2,4,20,24
884,1129,1159,0,2,11,19,30
331,1133,1159,0,2,6,20,26
980,1134,1159,0,2,6,19,25
1296,1114,1159,0,2,25,20,45
1320,1108,1159,0,2,32,19,51
644,1095,1159,0,2,44,20,64
7,1132,1159,0,2,7,20,27
706,1141,1159,2,4,1,17,18
510,1131,1159,0,2,8,20,28
191,1129,1159,0,2,10,20,30
1161,1128,1159,0,2,11,20,31
274,1131,1159,0,2,10,18,28
1148,1121,1159,0,2,18,20,38
1241,1150,1162,0,2,1,11,12
1129,1151,1163,1,2,1,11,12
721,1133,1163,0,2,7,23,30
938,1138,1163,0,2,2,23,25
1145,1098,1163,0,2,42,23,65
625,1143,1163,0,2,1,19,20
771,1116,1163,0,2,24,23,47
57,1127,1163,0,2,13,23,36
614,1123,1163,0,2,18,22,40
304,1145,1163,0,2,1,17,18
1020,1142,1163,0,2,1,20,21
562,1129,1163,0,2,11,23,34
588,1111,1165,2,5,30,24,54
437,1153,1172,1,3,1,18,19
578,1151,1175,0,2,11,13,24
529,1161,1175,0,2,3,11,14
1170,1163,1175,0,2,2,10,12
265,1154,1175,0,2,7,14,21
998,1161,1175,0,2,1,13,14
276,1150,1175,0,2,11,14,25
362,1163,1175,0,2,1,11,12
1352,1156,1175,0,2,6,13,19
1090,1165,1175,0,2,1,9,10
549,1159,1175,0,2,2,14,16
1259,1154,1175,0,2,9,12,21
36,1155,1175,0,2,6,14,20
322,1118,1177,2,6,22,37,59
1254,1141,1177,2,6,3,33,36
707,1058,1180,1,4,94,28,122
676,1167,1183,1,3,2,14,16
1047,1126,1183,2,7,13,44,57
985,1149,1183,2,7,13,21,34
246,1104,1188,1,8,49,35,84
446,1132,1188,2,8,11,45,56
238,1117,1188,2,8,22,49,71
134,1124,1190,1,11,25,41,66
1166,1154,1190,2,11,6,30,36
1053,1168,1193,0,2,11,14,25
692,1166,1193,0,2,13,14,27
453,1166,1193,0,2,14,13,27
485,1167,1193,0,2,14,12,26
611,1176,1193,0,2,4,13,17
151,1179,1193,0,2,4,10,14
1040,1174,1193,2,9,1,18,19
817,1168,1193,0,2,12,13,25
896,1180,1193,0,2,1,12,13
879,1179,1193,0,2,1,13,14
1172,1173,1193,0,2,6,14,20
460,1173,1193,0,2,7,13,20
1046,1172,1193,0,2,10,11,21
573,1175,1193,0,2,4,14,18
102,1174,1193,0,2,5,14,19
448,1166,1193,0,2,13,14,27
262,1170,1193,0,2,9,14,23
359,1174,1193,0,2,7,12,19
1169,1170,1194,1,5,1,23,24
616,1124,1198,2,10,16,58,74
600,1162,1198,2,14,1,35,36
892,1143,1199,2,14,16,40,56
98,1166,1203,1,9,2,35,37
1302,1177,1203,2,9,1,25,26
1306,1158,1207,2,15,1,48,49
168,1153,1207,2,15,6,48,54
731,1157,1207,2,15,4,46,50
1285,1166,1209,2,16,1,42,43
1340,1132,1209,2,11,8,69,77
1173,1118,1215,2,13,24,73,97
186,1144,1215,2,16,16,55,71
177,1195,1215,2,10,1,19,20
484,1129,1220,1,17,19,72,91
103,1201,1220,2,11,2,17,19
179,1163,1221,2,18,1,57,58
318,1121,1221,2,14,20,80,100
1118,1201,1223,0,2,17,5,22
268,1212,1223,0,2,5,6,11
570,1194,1223,0,2,23,6,29
829,1186,1225,0,2,26,13,39
1014,1186,1225,0,2,27,12,39
79,1195,1225,0,2,17,13,30
396,1207,1225,0,2,7,11,18
645,1209,1225,0,2,4,12,16
1245,1200,1225,0,2,13,12,25
1264,1196,1225,0,2,17,12,29
406,1203,1225,0,2,11,12,23
1069,1197,1225,0,2,15,13,28
1000,1191,1225,0,2,22,12,34
810,1199,1225,0,2,16,11,27
730,1190,1225,0,2,22,13,35
301,1200,1225,0,2,12,13,25
287,1204,1225,0,2,8,13,21
72,1208,1225,0,2,4,13,17
608,1201,1225,0,2,11,13,24
325,1188,1225,0,2,24,13,37
480,1199,1225,0,2,13,13,26
0,1192,1225,0,2,20,13,33
595,1189,1225,0,2,25,11,36
281,1118,1229,2,15,21,90,111
147,1132,1229,2,15,7,90,97
92,1155,1229,2,18,4,70,74
289,1192,1230,2,12,1,37,38
1015,1205,1230,2,12,1,24,25
606,1224,1235,2,3,1,10,11
831,1115,1236,2,16,24,97,121
1097,1146,1236,2,19,13,77,90
200,1163,1238,1,15,22,53,75
647,1189,1238,2,15,4,45,49
25,1205,1238,2,15,2,31,33
907,1210,1241,2,3,14,17,31
220,1218,1241,2,3,5,18,23
388,1181,1243,1,16,4,58,62
1366,1190,1243,2,16,4,49,53
768,1120,1243,2,17,19,104,123
307,1202,1243,2,16,2,39,41
864,1101,1243,2,17,39,103,142
986,1230,1247,2,7,1,16,17
395,1189,1247,2,4,35,23,58
467,1236,1247,2,4,1,10,11
1330,1234,1247,2,4,1,12,13
929,1181,1247,2,4,42,24,66
1044,1194,1254,2,1,53,7,60
1188,1202,1254,2,1,46,7,53
150,1185,1254,2,1,63,6,69
891,1234,1254,2,1,13,7,20
806,1196,1254,2,1,51,7,58
913,1195,1254,2,1,53,6,59
22,1162,1254,2,1,86,6,92
117,1174,1254,2,1,73,7,80
324,1202,1254,2,1,46,6,52
935,1230,1254,2,1,17,7,24
1230,1202,1254,2,1,45,7,52
515,1220,1254,2,1,28,6,34
571,1226,1254,2,1,21,7,28
1333,1183,1254,2,1,65,7,72
105,1243,1254,2,1,4,7,11
21,1231,1254,2,1,17,6,23
578,1201,1254,2,17,1,52,53
1184,1190,1254,2,1,57,7,64
87,1237,1254,2,1,10,7,17
999,1100,1255,2,18,39,116,155
139,1222,1258,2,5,1,35,36
1059,1198,1258,2,9,27,33,60
705,1180,1260,1,19,6,74,80
528,1204,1260,2,19,1,55,56
547,1116,1262,2,19,24,122,146
551,1161,1264,2,0,86,17,103
1284,1215,1264,2,0,32,17,49
1102,1209,1267,2,7,14,44,58
495,1195,1267,2,7,28,44,72
870,1262,1274,0,2,3,9,12
309,1244,1274,0,2,20,10,30
604,1252,1274,0,2,12,10,22
450,1253,1274,0,2,11,10,21
1175,1265,1274,0,2,1,8,9
96,1260,1274,0,2,4,10,14
442,1228,1274,0,2,36,10,46
931,1252,1274,0,2,13,9,22
468,1241,1274,0,2,23,10,33
1341,1236,1274,0,2,30,8,38
282,1243,1274,0,2,23,9,32
898,1220,1274,0,2,44,10,54
677,1220,1274,0,2,45,9,54
1246,1239,1274,0,2,26,9,35
1064,1237,1274,0,2,27,10,37
874,1262,1274,0,2,2,10,12
377,1231,1274,0,2,34,9,43
854,1220,1274,0,2,44,10,54
17,1233,1274,0,2,31,10,41
1253,1240,1274,0,2,24,10,34
1094,1215,1277,2,8,8,54,62
994,1220,1277,2,8,3,54,57
717,1239,1283,2,5,35,9,44
275,1241,1284,0,2,24,19,43
838,1271,1284,0,2,1,12,13
859,1271,1284,0,2,3,11,14
227,1226,1284,0,2,39,19,58
440,1251,1284,0,2,15,18,33
494,1258,1284,0,2,7,19,26
1279,1274,1287,0,2,1,12,13
867,1276,1287,0,2,1,10,11
523,1215,1293,1,3,67,11,78
204,1244,1293,2,10,31,18,49
394,1249,1293,2,10,25,19,44
563,1220,1293,2,10,55,18,73
56,1286,1293,2,3,1,6,7
1289,1181,1295,2,1,107,7,114
475,1250,1295,2,1,38,7,45
1022,1209,1295,2,1,81,5,86
1238,1274,1295,2,1,15,6,21
653,1192,1295,2,1,98,6,104
793,1247,1295,2,1,44,4,48
783,1229,1295,2,1,59,7,66
1146,1279,1295,2,1,9,7,16
1235,1288,1295,2,1,2,5,7
185,1260,1295,2,1,28,7,35
209,1201,1295,2,1,87,7,94
101,1261,1295,2,1,28,6,34
414,1256,1295,2,1,32,7,39
123,1288,1295,2,1,2,6,8
964,1259,1295,2,1,31,5,36
159,1272,1295,2,1,16,7,23
365,1237,1295,2,1,52,6,58
128,1251,1295,2,1,38,6,44
1144,1267,1295,2,1,21,7,28
1354,1275,1299,2,4,13,11,24
1093,1241,1301,1,10,35,25,60
1014,1260,1302,2,12,14,28,42
8,1220,1302,2,12,54,28,82
572,1240,1302,2,12,34,28,62
402,1281,1304,0,2,11,12,23
1256,1299,1304,0,2,1,4,5
1346,1286,1304,0,2,6,12,18
1156,1291,1304,0,2,2,11,13
943,1253,1307,2,13,22,32,54
5,1272,1307,2,13,3,32,35
1199,1224,1308,1,5,57,27,84
66,1276,1309,2,11,9,24,33
171,1285,1310,1,0,10,15,25
324,1278,1310,1,0,18,14,32
105,1268,1310,1,0,27,15,42
631,1240,1310,2,0,48,22,70
1247,1293,1313,2,4,11,9,20
269,1296,1313,2,4,9,8,17
156,1217,1315,2,14,57,41,98
995,1254,1315,2,14,20,41,61
371,1260,1317,1,6,21,36,57
1009,1292,1318,2,12,1,25,26
1092,1309,1319,0,2,1,9,10
1201,1295,1319,0,2,1,23,24
1062,1280,1319,0,2,12,27,39
1124,1287,1319,0,2,5,27,32
722,1311,1319,0,2,1,7,8
786,1313,1319,0,2,1,5,6
1290,1281,1319,0,2,11,27,38
398,1281,1319,0,2,12,26,38
428,1302,1319,0,2,2,15,17
1074,1281,1319,0,2,11,27,38
1250,1299,1319,0,2,1,19,20
62,1303,1319,0,2,2,14,16
234,1305,1319,0,2,2,12,14
31,1304,1319,0,2,2,13,15
208,1301,1319,0,2,1,17,18
1080,1301,1319,0,2,2,16,18
482,1303,1319,0,2,1,15,16
1098,1309,1319,0,2,1,9,10
666,1304,1319,0,2,1,14,15
844,1294,1319,0,2,1,24,25
181,1315,1320,0,2,1,4,5
18,1309,1320,0,2,1,10,11
1323,1304,1321,2,6,2,15,17
1364,1215,1322,2,15,60,47,107
554,1258,1322,2,15,16,48,64
424,1217,1323,1,13,60,46,106
486,1219,1323,2,13,65,39,104
266,1281,1323,2,13,3,39,42
1100,1284,1326,1,7,1,41,42
518,1277,1326,2,7,10,39,49
1172,1319,1326,2,4,1,6,7
283,1253,1328,2,16,21,54,75
1245,1235,1328,2,16,40,53,93
1190,1259,1328,2,16,16,53,69
663,1307,1331,2,8,1,23,24
996,1275,1332,2,14,9,48,57
1269,1184,1335,1,8,97,54,151
51,1266,1335,2,8,21,48,69
470,1278,1335,2,8,11,46,57
733,1226,1336,2,17,48,62,110
223,1313,1338,2,7,6,19,25
846,1310,1338,2,7,9,19,28
1230,1279,1341,1,15,1,61,62
1363,1256,1341,1,15,21,64,85
383,1225,1341,2,15,60,56,116
64,1325,1341,2,11,1,15,16
463,1252,1341,2,15,34,55,89
412,1211,1342,2,18,63,68,131
1349,1271,1342,2,18,3,68,71
421,1226,1343,1,9,57,60,117
819,1287,1343,2,9,1,55,56
312,1290,1343,2,9,1,52,53
95,1325,1347,2,12,1,21,22
799,1305,1348,2,10,14,29,43
564,1314,1348,2,10,7,27,34
826,1222,1350,2,19,52,76,128
1005,1216,1353,1,17,60,77,137
1019,1195,1353,1,17,82,76,158
184,1186,1353,1,17,90,77,167
787,1329,1355,2,14,1,25,26
1143,1333,1356,2,1,13,10,23
1076,1332,1356,2,1,17,7,24
93,1271,1356,2,1,75,10,85
691,1341,1356,2,1,7,8,15
180,1331,1356,2,1,16,9,25
921,1316,1356,2,1,30,10,40
11,1336,1356,2,1,11,9,20
479,1310,1356,2,1,38,8,46
161,1336,1356,2,1,10,10,20
1301,1331,1356,2,1,15,10,25
1091,1289,1360,2,18,1,70,71
50,1311,1362,2,16,9,42,51
28,1321,1362,2,16,1,40,41
1118,1328,1365,2,16,1,36,37
271,1352,1366,2,0,1,13,14
550,1299,1366,2,0,47,20,67
639,1291,1366,2,0,56,19,75
332,1347,1367,2,3,11,9,20
949,1350,1367,2,3,9,8,17
214,1307,1368,2,17,12,49,61
1358,1224,1370,1,19,52,94,146
1313,1257,1370,2,19,27,86,113
108,1240,1370,2,19,44,86,130
327,1308,1372,2,17,12,52,64
670,1319,1372,2,17,1,52,53
1355,1337,1373,0,2,29,7,36
42,1339,1373,0,2,29,5,34
770,1359,1373,0,2,7,7,14
399,1306,1373,2,18,14,53,67
532,1315,1373,2,18,4,54,58
58,1346,1373,0,2,21,6,27
1286,1350,1373,0,2,16,7,23
627,1366,1373,0,2,1,6,7
1277,1339,1373,0,2,27,7,34
363,1325,1373,0,2,42,6,48
112,1335,1373,0,2,32,6,38
845,1327,1373,0,2,39,7,46
1073,1364,1373,0,2,2,7,9
1055,1357,1373,0,2,10,6,16
415,1355,1373,0,2,11,7,18
1107,1338,1373,0,2,29,6,35
667,1320,1373,0,2,46,7,53
984,1338,1373,0,2,28,7,35
868,1328,1373,0,2,40,5,45
71,1337,1373,0,2,29,7,36
286,1332,1373,0,2,34,7,41
553,1361,1373,0,2,7,5,12
249,1374,1379,2,3,1,4,5
932,1375,1379,2,3,1,3,4
297,1331,1379,2,4,29,19,48
930,1334,1379,2,4,25,20,45
1142,1342,1387,2,5,17,28,45
1123,1333,1387,2,5,25,29,54
589,1341,1387,2,5,17,29,46
1226,1377,1388,2,6,1,10,11
726,1323,1392,2,6,35,34,69
725,1326,1392,2,6,32,34,66
618,1325,1392,2,6,34,33,67
1132,1352,1392,2,6,6,34,40
477,1365,1392,2,6,8,19,27
227,1380,1399,2,10,1,18,19
1031,1349,1400,2,8,9,42,51
172,1356,1400,2,8,2,42,44
634,1400,1403,1,2,1,2,3
263,1323,1405,1,2,73,9,82
950,1364,1406,2,11,11,31,42
1122,1348,1416,2,12,30,38,68
1145,1340,1416,2,12,35,41,76
703,1414,1419,0,2,1,4,5
1087,1412,1419,0,2,1,6,7
539,1392,1423,1,10,2,29,31
718,1383,1424,0,2,28,13,41
1361,1387,1424,0,2,22,15,37
130,1353,1424,0,2,56,15,71
471,1371,1424,0,2,39,14,53
944,1374,1424,0,2,34,16,50
248,1376,1424,0,2,33,15,48
245,1398,1424,0,2,11,15,26
791,1410,1424,0,2,1,13,14
682,1380,1424,0,2,28,16,44
1351,1398,1424,0,2,10,16,26
1218,1337,1424,0,2,71,16,87
1344,1390,1424,0,2,18,16,34
871,1392,1424,0,2,16,16,32
1134,1391,1424,0,2,19,14,33
1057,1403,1424,0,2,9,12,21
1288,1366,1424,0,2,42,16,58
981,1383,1424,0,2,25,16,41
1070,1409,1424,0,2,1,14,15
303,1338,1427,2,13,39,50,89
843,1351,1427,2,13,25,51,76
671,1376,1427,2,13,3,48,51
1208,1386,1429,2,3,32,11,43
1276,1414,1430,2,7,5,11,16
158,1331,1434,1,12,63,40,103
498,1381,1435,2,14,2,52,54
372,1397,1439,1,4,5,37,42
694,1341,1439,1,4,61,37,98
1176,1412,1439,2,4,5,22,27
1353,1402,1439,2,4,17,20,37
561,1383,1442,2,1,50,9,59
74,1386,1442,2,1,45,11,56
241,1438,1442,2,1,1,3,4
784,1378,1442,2,1,53,11,64
9,1381,1442,2,1,49,12,61
483,1435,1442,2,1,1,6,7
488,1355,1442,2,1,75,12,87
1101,1421,1442,2,1,11,10,21
1307,1371,1442,2,1,59,12,71
167,1367,1442,2,1,65,10,75
801,1400,1442,2,1,30,12,42
169,1356,1442,2,1,75,11,86
1065,1356,1442,2,1,74,12,86
344,1383,1442,2,1,47,12,59
540,1387,1443,2,10,16,40,56
338,1390,1443,2,10,14,39,53
78,1395,1443,2,10,9,39,48
317,1318,1444,1,14,76,50,126
912,1344,1445,2,15,31,70,101
1083,1409,1450,2,13,1,40,41
708,1410,1450,2,13,1,39,40
973,1336,1450,2,16,39,75,114
377,1403,1450,2,13,1,46,47
1192,1360,1450,2,16,15,75,90
972,1335,1450,2,16,41,74,115
754,1291,1451,1,5,111,49,160
759,1371,1451,1,5,33,47,80
144,1298,1451,1,5,105,48,153
613,1437,1452,2,3,10,5,15
545,1309,1456,1,17,86,61,147
471,1427,1458,2,14,1,30,31
206,1393,1458,2,14,10,55,65
1127,1353,1458,2,17,22,83,105
971,1356,1458,2,17,21,81,102
970,1340,1458,2,17,36,82,118
499,1385,1458,2,14,19,54,73
183,1396,1458,2,14,7,55,62
767,1380,1458,2,17,2,76,78
562,1402,1458,2,14,1,55,56
515,1392,1459,1,0,50,17,67
429,1423,1459,2,0,7,29,36
760,1431,1460,2,5,16,13,29
542,1425,1461,2,6,1,35,36
633,1407,1461,2,6,10,44,54
728,1349,1464,2,18,26,89,115
1077,1361,1464,2,18,15,88,103
788,1367,1466,1,18,28,71,99
806,1365,1466,1,18,29,72,101
142,1299,1466,1,18,95,72,167
1303,1413,1466,2,15,1,52,53
1262,1387,1466,2,7,30,49,79
335,1448,1467,2,6,1,18,19
118,1444,1470,0,2,15,11,26
370,1442,1470,0,2,19,9,28
469,1438,1470,0,2,21,11,32
777,1447,1470,0,2,15,8,23
261,1424,1470,0,2,35,11,46
837,1443,1470,0,2,17,10,27
6,1448,1470,0,2,11,11,22
893,1442,1470,0,2,17,11,28
205,1433,1470,0,2,27,10,37
979,1460,1470,0,2,1,9,10
449,1429,1472,2,16,1,42,43
1191,1387,1472,2,16,16,69,85
721,1386,1475,2,8,31,58,89
489,1411,1475,2,8,7,57,64
1139,1335,1475,2,19,40,100,140
847,1442,1476,2,7,6,28,34
883,1469,1476,2,3,1,6,7
761,1387,1477,2,17,17,73,90
752,1394,1477,2,17,9,74,83
1292,1417,1482,2,9,1,64,65
1042,1472,1482,2,5,1,9,10
125,1455,1482,2,5,15,12,27
1217,1441,1485,2,8,6,38,44
574,1382,1487,2,18,21,84,105
468,1412,1487,2,18,1,74,75
805,1427,1487,2,18,2,58,60
42,1455,1492,2,6,15,22,37
1149,1393,1494,2,19,12,89,101
1258,1407,1496,1,12,1,88,89
1235,1407,1496,1,12,2,87,89
845,1455,1499,2,7,16,28,44
85,1456,1509,2,10,36,17,53
58,1459,1509,2,10,34,16,50
454,1487,1509,2,10,5,17,22
604,1487,1510,2,3,13,10,23
908,1488,1510,2,3,15,7,22
1272,1476,1512,1,2,28,8,36
870,1496,1516,2,5,5,15,20
1063,1479,1516,2,5,23,14,37
798,1477,1516,2,5,24,15,39
716,1484,1516,2,5,16,16,32
1367,1477,1516,2,5,23,16,39
1211,1490,1519,2,11,2,27,29
612,1515,1519,2,3,1,3,4
829,1479,1525,2,12,13,33,46
594,1494,1525,2,12,1,30,31
959,1445,1525,2,12,47,33,80
48,1504,1526,2,7,1,21,22
1177,1500,1527,1,4,4,23,27
801,1503,1527,1,4,3,21,24
888,1492,1530,2,13,2,36,38
17,1457,1530,2,13,38,35,73
693,1520,1531,2,4,1,10,11
977,1497,1533,2,1,25,11,36
464,1454,1533,2,1,68,11,79
145,1508,1533,2,1,15,10,25
157,1475,1533,2,1,48,10,58
744,1461,1533,2,1,62,10,72
751,1498,1533,2,1,25,10,35
1266,1483,1533,2,1,40,10,50
738,1518,1533,2,1,4,11,15
575,1470,1533,2,1,52,11,63
610,1447,1533,2,1,76,10,86
1338,1479,1533,2,1,43,11,54
1113,1510,1533,2,1,12,11,23
160,1500,1533,2,1,22,11,33
331,1475,1533,2,1,47,11,58
364,1508,1533,2,1,14,11,25
536,1506,1533,2,1,16,11,27
330,1483,1533,2,1,39,11,50
824,1506,1535,2,8,1,28,29
556,1475,1535,2,8,25,35,60
1270,1501,1535,2,8,1,33,34
21,1502,1536,1,6,2,32,34
76,1497,1537,2,14,1,39,40
1039,1486,1544,2,9,15,43,58
983,1495,1544,2,9,5,44,49
793,1501,1545,1,7,4,40,44
960,1477,1545,1,7,28,40,68
901,1504,1546,0,2,25,17,42
202,1530,1546,0,2,3,13,16
1239,1533,1546,0,2,1,12,13
1281,1483,1546,0,2,49,14,63
1360,1498,1546,0,2,32,16,48
1021,1488,1546,0,2,41,17,58
1331,1478,1546,0,2,52,16,68
704,1504,1546,0,2,27,15,42
909,1468,1546,0,2,61,17,78
154,1481,1546,0,2,48,17,65
392,1472,1546,0,2,57,17,74
1210,1534,1546,0,2,1,11,12
1204,1515,1546,0,2,14,17,31
525,1518,1546,0,2,12,16,28
1033,1470,1546,0,2,61,15,76
568,1464,1546,0,2,65,17,82
285,1466,1546,0,2,64,16,80
451,1509,1547,2,10,13,25,38
181,1479,1548,2,15,13,56,69
617,1486,1548,2,15,6,56,62
953,1468,1548,2,15,24,56,80
978,1458,1548,2,15,34,56,90
790,1493,1552,1,0,40,19,59
1311,1497,1552,1,0,37,18,55
719,1468,1552,2,0,54,30,84
905,1453,1552,2,0,69,30,99
789,1441,1552,2,0,81,30,111
770,1508,1553,2,11,13,32,45
537,1506,1553,2,11,14,33,47
101,1471,1554,1,8,33,50,83
765,1454,1555,2,16,39,62,101
339,1506,1555,2,10,2,47,49
304,1432,1555,2,16,60,63,123
1238,1474,1563,1,12,39,50,89
544,1448,1563,1,12,64,51,115
210,1417,1563,1,12,96,50,146
472,1506,1564,2,14,1,57,58
140,1433,1565,2,17,60,72,132
668,1439,1565,2,17,55,71,126
378,1427,1568,1,13,87,54,141
747,1422,1568,1,13,90,56,146
927,1550,1572,0,2,4,18,22
298,1538,1572,0,2,14,20,34
1165,1543,1572,0,2,10,19,29
857,1550,1572,0,2,2,20,22
201,1552,1572,0,2,1,19,20
1202,1543,1572,0,2,9,20,29
1068,1556,1572,0,2,1,15,16
113,1491,1573,2,18,2,80,82
655,1504,1574,2,17,2,68,70
490,1519,1575,2,1,49,7,56
272,1547,1575,2,1,18,10,28
10,1534,1575,2,1,32,9,41
1089,1514,1575,2,1,51,10,61
1365,1506,1575,2,1,59,10,69
259,1479,1575,2,1,86,10,96
596,1546,1575,2,1,21,8,29
701,1470,1575,2,1,96,9,105
68,1523,1575,2,1,42,10,52
974,1541,1575,2,1,24,10,34
1099,1510,1575,2,1,56,9,65
1147,1572,1575,2,1,1,2,3
1029,1453,1575,2,1,112,10,122
1070,1517,1575,2,14,3,55,58
282,1494,1580,2,0,73,13,86
1339,1438,1581,2,19,54,89,143
746,1556,1581,2,10,1,24,25
599,1559,1584,2,3,13,12,25
587,1556,1584,2,3,16,12,28
120,1456,1585,1,15,59,70,129
1078,1512,1585,1,15,1,72,73
280,1416,1585,1,15,96,73,169
209,1442,1585,1,15,71,72,143
1355,1553,1589,2,4,22,14,36
531,1547,1589,2,4,26,16,42
1053,1558,1590,2,11,1,31,32
1045,1534,1590,2,11,12,44,56
75,1556,1590,2,11,2,32,34
1054,1529,1590,2,11,17,44,61
1261,1491,1594,1,16,23,80,103
900,1538,1595,2,12,8,49,57
231,1530,1595,2,6,42,23,65
94,1554,1595,2,12,1,40,41
935,1536,1602,1,7,26,40,66
1101,1530,1602,1,7,32,40,72
1277,1569,1602,2,7,3,30,33
742,1565,1602,2,7,8,29,37
865,1508,1602,2,17,12,82,94
355,1549,1602,2,7,23,30,53
1263,1535,1602,2,7,39,28,67
480,1567,1602,2,7,5,30,35
336,1593,1603,0,2,5,5,10
431,1598,1603,0,2,1,4,5
59,1588,1603,0,2,9,6,15
611,1522,1606,2,13,24,60,84
1044,1484,1607,1,18,28,95,123
964,1564,1613,1,8,1,48,49
245,1565,1613,2,8,7,41,48
882,1540,1613,2,8,32,41,73
661,1559,1613,2,8,14,40,54
975,1578,1613,2,8,1,34,35
1196,1560,1615,0,2,20,35,55
284,1567,1615,0,2,13,35,48
1013,1565,1615,0,2,17,33,50
337,1571,1615,0,2,9,35,44
1221,1580,1615,0,2,1,34,35
509,1580,1615,0,2,2,33,35
842,1563,1615,0,2,18,34,52
774,1572,1615,0,2,11,32,43
991,1581,1615,0,2,3,31,34
1209,1563,1615,0,2,17,35,52
877,1569,1615,0,2,12,34,46
621,1580,1615,2,3,24,11,35
475,1504,1616,1,19,8,104,112
969,1470,1616,1,19,42,104,146
311,1431,1616,1,19,81,104,185
561,1530,1618,1,14,9,79,88
180,1531,1618,1,14,8,79,87
786,1552,1618,2,14,1,65,66
117,1606,1622,1,3,1,15,16
26,1530,1623,2,15,17,76,93
409,1541,1623,2,15,5,77,82
757,1535,1623,2,15,11,77,88
1022,1533,1624,1,9,30,61,91
512,1522,1624,2,9,50,52,102
808,1526,1624,2,9,47,51,98
712,1593,1626,2,7,10,23,33
521,1617,1628,2,4,1,10,11
682,1525,1629,2,16,21,83,104
763,1558,1629,2,16,2,69,71
1189,1522,1629,2,16,25,82,107
1293,1535,1635,2,17,12,88,100
1092,1606,1635,2,10,10,19,29
485,1590,1635,2,8,13,32,45
413,1553,1641,2,18,1,87,88
730,1539,1641,2,18,8,94,102
1182,1613,1642,2,7,2,27,29
106,1593,1642,2,7,22,27,49
571,1574,1644,1,12,32,38,70
1256,1622,1644,2,12,1,21,22
226,1594,1646,2,10,10,42,52
1157,1629,1648,2,1,14,5,19
1214,1625,1648,2,1,18,5,23
782,1590,1648,2,1,53,5,58
129,1579,1648,2,1,65,4,69
89,1586,1648,2,1,59,3,62
32,1581,1648,2,1,62,5,67
250,1625,1648,2,1,19,4,23
990,1611,1648,2,1,32,5,37
508,1634,1648,2,1,11,3,14
861,1615,1648,2,1,29,4,33
779,1625,1648,2,1,18,5,23
493,1639,1648,2,1,5,4,9
1295,1638,1648,2,1,5,5,10
73,1633,1648,2,1,10,5,15
1082,1604,1648,2,1,39,5,44
1300,1595,1648,2,1,49,4,53
627,1559,1654,2,11,44,51,95
1037,1567,1654,2,11,36,51,87
1289,1579,1655,1,13,27,49,76
193,1621,1655,2,13,1,33,34
240,1619,1658,2,0,24,15,39
632,1624,1658,2,0,21,13,34
810,1575,1658,2,0,68,15,83
445,1630,1658,2,0,14,14,28
1188,1658,1663,1,2,1,4,5
653,1634,1663,1,2,22,7,29
641,1613,1663,0,2,34,16,50
548,1604,1663,0,2,42,17,59
1224,1633,1663,0,2,12,18,30
197,1603,1663,0,2,42,18,60
1298,1605,1663,0,2,40,18,58
434,1614,1663,0,2,31,18,49
110,1616,1663,0,2,30,17,47
1328,1646,1663,0,2,2,15,17
1131,1651,1663,0,2,1,11,12
268,1583,1663,2,12,22,58,80
1008,1578,1663,2,12,25,60,85
251,1563,1663,2,12,40,60,100
837,1606,1665,2,15,11,48,59
500,1621,1668,2,3,43,4,47
1124,1572,1668,2,13,31,65,96
1350,1565,1668,2,13,40,63,103
189,1573,1668,2,13,33,62,95
414,1577,1672,1,16,30,65,95
97,1623,1672,2,16,1,48,49
228,1624,1672,2,16,1,47,48
862,1663,1674,2,1,1,10,11
1195,1659,1674,2,1,3,13,16
47,1658,1674,2,1,2,14,16
961,1663,1674,2,1,2,9,11
1075,1663,1674,2,1,1,10,11
83,1645,1674,2,1,13,16,29
137,1670,1674,2,1,1,3,4
267,1656,1674,2,1,3,15,18
1036,1655,1674,2,1,1,18,19
1115,1609,1674,2,1,47,18,65
683,1658,1674,2,1,1,15,16
382,1628,1674,2,1,29,17,46
921,1629,1675,1,4,26,20,46
153,1595,1675,2,14,8,72,80
672,1568,1675,2,14,36,71,107
769,1666,1682,0,2,1,15,16
569,1592,1682,2,15,12,78,90
884,1649,1685,2,0,8,28,36
812,1648,1685,2,0,8,29,37
906,1643,1685,2,0,13,29,42
781,1633,1687,1,5,21,33,54
780,1645,1687,2,5,18,24,42
1202,1597,1688,2,17,8,83,91
750,1603,1688,2,17,1,84,85
352,1676,1689,2,1,7,6,13
340,1675,1689,2,1,7,7,14
886,1684,1695,0,2,2,9,11
832,1677,1695,0,2,8,10,18
850,1685,1695,0,2,2,8,10
1305,1685,1695,0,2,1,9,10
1233,1560,1698,2,18,44,94,138
143,1581,1698,2,18,22,95,117
1164,1624,1699,2,6,39,36,75
782,1690,1705,1,5,1,14,15
1062,1696,1705,2,5,1,8,9
218,1594,1706,2,19,9,103,112
354,1649,1708,2,7,14,45,59
225,1650,1708,2,7,14,44,58
624,1683,1710,2,3,1,26,27
657,1668,1710,2,3,14,28,42
247,1636,1715,2,8,28,51,79
123,1714,1717,1,2,1,2,3
299,1690,1717,0,2,6,21,27
1105,1695,1717,0,2,2,20,22
232,1701,1717,0,2,1,15,16
130,1679,1718,2,4,3,36,39
776,1682,1718,2,4,1,35,36
169,1639,1720,1,9,15,66,81
740,1620,1720,2,9,43,57,100
62,1693,1726,2,10,9,24,33
1279,1706,1730,2,5,1,23,24
385,1637,1732,2,11,26,69,95
902,1713,1732,2,12,1,18,19
494,1706,1732,2,12,1,25,26
615,1723,1735,2,10,1,11,12
126,1652,1735,2,6,32,51,83
1109,1685,1735,2,6,2,48,50
319,1657,1739,1,12,1,81,82
407,1652,1739,2,12,11,76,87
1120,1659,1739,2,12,4,76,80
188,1727,1740,2,1,1,12,13
390,1691,1740,2,1,30,19,49
333,1719,1740,2,1,1,20,21
1334,1716,1740,2,1,3,21,24
662,1697,1740,2,1,23,20,43
165,1687,1740,2,1,32,21,53
1103,1711,1740,2,1,11,18,29
967,1716,1740,2,1,5,19,24
937,1718,1740,2,1,1,21,22
1073,1693,1740,2,1,26,21,47
1252,1689,1740,2,1,30,21,51
11,1684,1741,1,12,22,35,57
897,1678,1742,2,13,25,39,64
1027,1689,1742,2,13,16,37,53
891,1658,1745,1,14,2,85,87
848,1634,1745,2,14,29,82,111
426,1683,1746,2,7,2,61,63
24,1718,1747,2,14,1,28,29
1201,1702,1748,2,14,2,44,46
692,1642,1752,2,8,41,69,110
1216,1626,1752,2,8,56,70,126
52,1646,1752,2,8,36,70,106
404,1685,1752,2,8,1,66,67
1348,1616,1755,1,15,38,101,139
351,1655,1755,2,15,8,92,100
69,1729,1756,2,3,18,9,27
1214,1715,1757,1,0,25,17,42
323,1711,1757,2,0,8,38,46
1223,1687,1757,2,0,33,37,70
1312,1714,1757,2,0,6,37,43
300,1698,1757,2,0,21,38,59
1074,1662,1758,2,9,20,76,96
701,1684,1759,1,17,21,54,75
276,1705,1759,2,15,1,53,54
756,1675,1759,2,15,27,57,84
141,1663,1759,2,15,40,56,96
566,1723,1765,2,4,23,19,42
533,1645,1767,2,18,19,103,122
376,1724,1770,2,18,1,45,46
450,1690,1771,2,16,12,69,81
939,1681,1771,2,16,21,69,90
43,1644,1772,2,19,19,109,128
22,1715,1777,1,6,19,43,62
1333,1750,1777,1,2,16,11,27
1283,1725,1777,0,2,34,18,52
652,1728,1777,0,2,29,20,49
1151,1731,1777,0,2,27,19,46
370,1740,1777,2,6,6,31,37
419,1710,1777,0,2,48,19,67
1287,1737,1777,0,2,20,20,40
305,1703,1777,0,2,54,20,74
476,1724,1777,0,2,33,20,53
703,1667,1781,2,17,37,77,114
79,1666,1781,2,17,36,79,115
81,1707,1781,2,17,1,73,74
954,1768,1784,2,3,10,6,16
150,1739,1789,1,7,1,49,50
483,1711,1789,1,7,24,54,78
1318,1716,1789,2,7,31,42,73
680,1658,1789,2,18,44,87,131
861,1774,1790,1,4,1,15,16
938,1755,1790,2,4,23,12,35
112,1738,1790,2,4,39,13,52
696,1763,1790,2,4,14,13,27
711,1767,1790,2,4,10,13,23
1174,1758,1790,2,4,19,13,32
361,1760,1790,2,4,19,11,30
933,1744,1790,2,4,33,13,46
492,1746,1791,2,1,31,14,45
942,1743,1791,2,1,33,15,48
163,1785,1791,2,1,1,5,6
389,1738,1791,2,1,37,16,53
1343,1750,1791,2,1,26,15,41
229,1746,1791,2,1,29,16,45
785,1745,1791,2,1,30,16,46
729,1788,1791,2,1,1,2,3
916,1760,1791,2,1,18,13,31
379,1772,1791,2,1,3,16,19
691,1701,1795,1,8,33,61,94
1185,1712,1795,2,8,34,49,83
511,1744,1795,2,8,2,49,51
107,1692,1797,2,19,11,94,105
879,1758,1798,2,5,20,20,40
718,1759,1801,2,0,16,26,42
1268,1792,1804,2,1,1,11,12
931,1785,1805,2,3,10,10,20
1161,1756,1805,2,6,21,28,49
1163,1768,1805,2,6,9,28,37
800,1734,1805,2,10,12,59,71
1319,1769,1813,0,2,33,11,44
170,1767,1813,0,2,34,12,46
797,1798,1813,0,2,3,12,15
830,1787,1813,0,2,16,10,26
1135,1770,1813,0,2,31,12,43
488,1758,1814,1,7,9,47,56
791,1727,1814,2,7,50,37,87
292,1782,1814,2,4,14,18,32
358,1815,1818,2,3,1,2,3
151,1736,1819,2,14,11,72,83
207,1737,1819,2,14,9,73,82
1116,1730,1819,2,14,16,73,89
1178,1768,1820,2,8,10,42,52
1051,1778,1820,2,8,1,41,42
713,1785,1824,2,7,11,28,39
927,1785,1826,2,4,28,13,41
1175,1799,1826,2,4,14,13,27
466,1800,1826,2,4,13,13,26
93,1719,1831,1,15,17,95,112
196,1741,1831,2,15,5,85,90
818,1755,1832,2,9,22,55,77
458,1769,1832,2,9,8,55,63
453,1780,1834,2,10,15,39,54
145,1803,1835,1,5,3,29,32
314,1806,1835,2,1,16,13,29
313,1825,1835,2,1,1,9,10
947,1824,1835,2,1,1,10,11
199,1829,1835,2,1,1,5,6
273,1826,1835,2,1,1,8,9
1072,1808,1835,2,1,13,14,27
944,1832,1835,2,1,1,2,3
345,1809,1835,2,5,5,21,26
309,1780,1840,2,11,39,21,60
1361,1824,1840,2,11,1,15,16
185,1739,1842,1,17,2,101,103
1241,1756,1842,2,11,41,45,86
909,1728,1842,2,17,18,96,114
903,1763,1842,2,11,33,46,79
435,1740,1842,2,17,7,95,102
104,1801,1845,2,6,13,31,44
1212,1819,1847,2,0,4,24,28
1096,1803,1847,2,0,18,26,44
96,1778,1848,2,13,18,52,70
773,1765,1848,2,13,30,53,83
744,1728,1849,1,18,6,115,121
783,1745,1852,1,12,63,44,107
980,1809,1852,2,12,9,34,43
109,1802,1852,2,12,16,34,50
893,1755,1854,2,14,40,59,99
1143,1777,1856,1,7,29,50,79
1319,1839,1859,2,3,9,11,20
1157,1792,1864,1,13,18,54,72
1360,1800,1864,2,13,18,46,64
248,1774,1865,2,15,22,69,91
836,1776,1865,2,15,21,68,89
507,1809,1866,2,8,4,53,57
784,1803,1870,1,14,6,61,67
9,1780,1870,1,14,28,62,90
591,1849,1871,2,4,1,21,22
111,1789,1875,2,16,6,80,86
402,1734,1875,2,16,61,80,141
1274,1776,1875,2,16,19,80,99
913,1793,1876,1,15,15,68,83
990,1774,1876,1,15,35,67,102
410,1796,1876,2,15,24,56,80
1061,1813,1877,2,9,1,63,64
1281,1866,1882,2,10,1,15,16
777,1862,1882,2,10,1,19,20
766,1826,1882,2,16,1,55,56
1052,1827,1882,2,16,1,54,55
99,1826,1883,2,5,22,35,57
1324,1777,1883,2,17,18,88,106
764,1856,1887,2,1,15,16,31
941,1859,1887,2,1,13,15,28
650,1883,1887,2,1,1,3,4
958,1835,1887,2,1,37,16,53
872,1841,1887,2,1,30,16,46
119,1842,1887,2,1,29,16,45
190,1840,1887,2,1,33,14,47
13,1876,1887,2,1,1,10,11
430,1835,1887,2,1,37,15,52
20,1841,1887,2,1,31,15,46
328,1842,1887,2,1,32,13,45
1267,1827,1890,2,6,22,41,63
293,1766,1892,2,17,52,74,126
132,1838,1893,2,0,33,22,55
645,1779,1894,2,18,16,99,115
1321,1857,1894,2,11,5,32,37
743,1783,1894,2,18,12,99,111
679,1768,1894,2,18,27,99,126
504,1842,1894,2,11,17,35,52
1056,1834,1897,2,7,14,49,63
1017,1897,1901,2,3,1,3,4
598,1892,1901,2,3,1,8,9
1121,1847,1902,2,12,11,44,55
543,1837,1902,2,12,21,44,65
575,1805,1903,1,18,3,95,98
1105,1791,1903,2,18,27,85,112
736,1743,1904,2,19,53,108,161
1138,1761,1904,2,19,34,109,143
505,1836,1906,2,8,13,57,70
510,1828,1906,2,8,20,58,78
529,1802,1909,2,19,17,90,107
287,1810,1909,2,19,9,90,99
638,1807,1909,2,19,14,88,102
118,1872,1910,2,13,1,37,38
1165,1884,1910,2,4,8,18,26
842,1866,1910,2,13,2,42,44
1246,1876,1910,2,4,17,17,34
889,1844,1910,2,13,17,49,66
1329,1894,1910,2,4,1,15,16
72,1896,1910,2,4,1,13,14
1026,1850,1910,2,13,9,51,60
899,1837,1910,2,13,23,50,73
1013,1885,1919,2,6,7,27,34
685,1846,1919,2,14,13,60,73
1012,1866,1919,2,6,26,27,53
686,1843,1919,2,14,15,61,76
129,1825,1920,1,4,82,13,95
73,1897,1920,1,4,11,12,23
651,1879,1924,2,7,14,31,45
991,1848,1928,2,15,10,70,80
710,1887,1929,2,1,31,11,42
989,1898,1929,2,1,22,9,31
1079,1901,1929,2,1,18,10,28
3,1896,1929,2,1,22,11,33
966,1909,1929,2,1,10,11,21
820,1888,1929,2,1,32,10,42
1030,1899,1929,2,1,19,11,30
291,1913,1929,2,1,5,11,16
1298,1878,1932,2,9,14,40,54
567,1875,1932,2,9,17,40,57
47,1840,1933,1,6,66,27,93
1266,1907,1933,1,6,3,23,26
490,1902,1938,1,7,4,32,36
724,1929,1938,2,1,1,8,9
886,1828,1939,2,16,30,81,111
1207,1831,1939,2,16,28,80,108
387,1854,1939,2,16,4,81,85
241,1918,1944,1,0,11,15,26
133,1912,1944,2,0,9,23,32
74,1840,1947,1,11,68,39,107
926,1888,1948,2,10,45,15,60
201,1846,1950,2,18,12,92,104
517,1840,1950,2,18,18,92,110
408,1895,1954,2,11,36,23,59
625,1920,1954,2,11,12,22,34
386,1897,1954,2,11,35,22,57
250,1879,1955,1,12,28,48,76
68,1930,1955,1,3,17,8,25
610,1898,1955,1,12,8,49,57
704,1848,1956,2,19,12,96,108
352,1863,1962,1,15,46,53,99
977,1821,1962,1,15,85,56,141
479,1869,1962,1,15,37,56,93
855,1903,1962,2,3,44,15,59
555,1912,1962,2,3,36,14,50
697,1905,1962,2,3,41,16,57
605,1943,1962,2,3,3,16,19
1194,1917,1962,2,3,29,16,45
290,1916,1964,2,12,16,32,48
32,1914,1965,1,8,34,17,51
609,1937,1969,2,1,18,14,32
620,1949,1969,2,1,8,12,20
987,1940,1969,2,1,16,13,29
195,1954,1971,2,4,1,16,17
53,1877,1971,2,16,36,58,94
941,1951,1975,1,9,1,23,24
1307,1919,1975,1,9,30,26,56
722,1873,1976,2,13,58,45,103
751,1843,1980,1,17,64,73,137
1297,1872,1980,2,17,41,67,108
952,1880,1980,2,17,33,67,100
1067,1946,1981,2,0,9,26,35
690,1938,1982,2,5,8,36,44
1210,1923,1983,2,14,9,51,60
1076,1848,1986,1,18,58,80,138
1075,1899,1986,1,18,8,79,87
1036,1912,1986,1,13,35,39,74
284,1884,1986,2,18,29,73,102
1162,1942,1987,2,6,4,41,45
61,1931,1987,2,6,15,41,56
275,1921,1988,2,15,10,57,67
154,1920,1993,2,16,11,62,73
1280,1922,1993,2,16,9,62,71
192,1877,1993,2,16,55,61,116
89,1935,1994,1,17,13,46,59
167,1835,1995,1,19,71,89,160
1338,1892,1995,1,19,14,89,103
838,1934,1998,2,7,12,52,64
1181,1938,1998,2,7,9,51,60
1057,1933,1998,2,7,16,49,65
428,1906,2001,2,17,25,70,95
998,1917,2001,2,17,14,70,84
948,1971,2002,2,3,22,9,31
135,1978,2004,2,11,3,23,26
738,1914,2007,1,19,33,60,93
298,1960,2010,2,4,33,17,50
1260,1921,2010,2,8,26,63,89
963,1902,2010,2,8,44,64,108
70,1970,2010,2,4,25,15,40
816,1883,2012,2,18,48,81,129
901,1950,2013,2,12,31,32,63
830,1950,2013,2,12,32,31,63
664,1972,2013,2,12,10,31,41
1135,1986,2016,2,5,7,23,30
1219,1976,2016,2,5,18,22,40
1290,1949,2018,2,13,34,35,69
18,1940,2018,2,13,41,37,78
1232,1977,2018,2,13,4,37,41
444,1913,2020,2,19,18,89,107
478,1965,2022,2,6,29,28,57
656,1978,2026,2,14,4,44,48
1071,1969,2026,2,14,12,45,57
1195,2012,2027,1,2,10,5,15
841,1968,2032,2,9,25,39,64
333,1958,2033,1,3,64,11,75
698,2024,2037,2,3,3,10,13
197,1958,2038,2,15,23,57,80
1304,1979,2038,2,15,4,55,59
1099,1983,2041,1,5,39,19,58
832,1991,2045,2,16,1,53,54
1239,1943,2045,2,16,39,63,102
336,1964,2045,2,16,17,64,81
63,2006,2045,2,10,25,14,39
549,2022,2045,2,10,10,13,23
448,1984,2045,2,16,1,60,61
862,1967,2047,1,6,56,24,80
340,2009,2047,1,6,14,24,38
1108,2012,2047,2,6,15,20,35
778,2000,2049,2,4,27,22,49
1046,2025,2050,2,11,6,19,25
974,2020,2055,1,7,2,33,35
1125,1959,2055,2,17,25,71,96
675,1944,2055,2,17,37,74,111
981,2003,2055,2,7,24,28,52
14,2017,2059,2,1,31,11,42
526,2024,2059,2,1,26,9,35
1153,1977,2059,2,1,73,9,82
1130,1977,2059,2,1,71,11,82
560,2041,2059,2,1,8,10,18
432,1986,2059,2,1,63,10,73
619,2044,2059,2,1,4,11,15
242,1967,2059,2,1,81,11,92
1179,2053,2059,2,1,1,5,6
1104,1996,2059,2,1,52,11,63
581,1971,2059,2,1,78,10,88
509,2021,2059,2,7,6,32,38
637,2023,2059,2,1,25,11,36
1183,1971,2059,2,1,77,11,88
1359,1972,2063,2,19,9,82,91
198,2030,2065,2,15,1,34,35
942,2018,2067,1,9,6,43,49
873,2056,2068,2,4,3,9,12
557,2026,2069,2,8,1,42,43
1032,2024,2069,2,8,4,41,45
1186,2015,2069,2,8,12,42,54
83,1982,2072,1,10,42,48,90
436,1998,2072,2,10,29,45,74
115,2017,2072,2,10,10,45,55
86,2055,2073,2,5,4,14,18
346,2059,2073,2,5,1,13,14
272,2045,2074,1,0,14,15,29
299,2014,2074,2,0,37,23,60
850,2022,2074,2,0,27,25,52
859,2025,2074,2,0,23,26,49
1119,1998,2074,2,16,33,43,76
191,2018,2074,2,16,13,43,56
724,1991,2083,1,14,31,61,92
654,2030,2084,2,17,2,52,54
431,2045,2087,2,9,14,28,42
771,2007,2094,2,18,26,61,87
1231,2001,2095,2,15,26,68,94
1131,2026,2100,2,19,8,66,74
288,2003,2100,2,19,29,68,97
188,1968,2102,1,16,54,80,134
1115,1984,2102,1,16,39,79,118
1113,1997,2102,1,16,28,77,105
202,2052,2102,2,10,31,19,50
1068,2072,2102,2,10,11,19,30
629,2098,2107,2,1,3,6,9
825,2081,2107,2,1,20,6,26
649,2083,2107,2,1,19,5,24
1295,2001,2108,1,17,21,86,107
46,1996,2108,2,17,31,81,112
1001,2041,2111,2,11,42,28,70
1024,2061,2111,2,11,22,28,50
1283,2060,2114,2,0,41,13,54
6,2093,2117,2,13,1,23,24
254,2101,2119,2,1,1,17,18
840,2063,2119,2,1,39,17,56
546,2064,2119,2,1,37,18,55
597,2060,2119,2,1,41,18,59
1249,2101,2119,2,1,2,16,18
535,2115,2119,2,1,1,3,4
232,2019,2119,2,18,8,92,100
476,2091,2119,2,1,10,18,28
665,2007,2119,2,18,20,92,112
648,2060,2119,2,1,41,18,59
423,2082,2119,2,1,19,18,37
1336,2040,2126,2,14,43,43,86
492,2116,2132,1,4,9,7,16
887,2082,2139,2,16,1,56,57
259,2109,2141,1,5,15,17,32
749,2043,2144,2,17,41,60,101
699,2121,2148,2,3,15,12,27
398,2120,2153,2,3,21,12,33
381,2083,2153,2,3,56,14,70
438,2138,2153,2,3,4,11,15
856,2149,2153,2,3,1,3,4
91,2055,2154,2,18,28,71,99
265,2136,2158,2,4,3,19,22
1328,2108,2159,2,4,28,23,51
962,2131,2159,2,4,5,23,28
1000,2093,2159,2,11,1,65,66
590,2065,2159,2,4,71,23,94
1038,2133,2159,2,11,1,25,26
254,2136,2161,1,15,7,18,25
1221,2141,2163,2,5,2,20,22
1278,2122,2163,2,5,17,24,41
260,2144,2163,2,5,1,18,19
1335,2142,2168,2,1,8,18,26
243,2163,2168,2,1,1,4,5
88,2083,2168,2,5,53,32,85
1087,2092,2168,2,5,44,32,76
110,2093,2170,2,12,1,76,77
155,2131,2170,2,12,1,38,39
867,2150,2170,2,6,1,19,20
898,2114,2177,2,13,1,62,63
823,2099,2177,2,13,1,77,78
267,2132,2178,1,7,1,45,46
1021,2146,2181,2,8,1,34,35
817,2140,2185,2,14,1,44,45
1034,2108,2185,2,14,1,76,77
687,2073,2185,2,14,11,101,112
984,2144,2185,2,14,1,40,41
630,2171,2186,2,3,4,11,15
614,2172,2186,2,3,4,10,14
662,2133,2188,1,8,1,54,55
828,2125,2188,2,8,11,52,63
1141,2126,2189,2,9,14,49,63
1058,2084,2189,2,9,56,49,105
666,2105,2189,2,9,34,50,84
874,2115,2192,2,15,1,76,77
769,2175,2193,2,11,1,17,18
797,2175,2194,2,5,2,17,19
258,2174,2194,2,5,1,19,20
10,2025,2200,1,12,104,71,175
987,2041,2200,1,12,88,71,159
779,2028,2200,1,12,102,70,172
493,2049,2200,1,12,81,70,151
1291,2191,2200,2,9,1,8,9
320,2161,2200,2,12,15,24,39
411,2183,2200,2,9,1,16,17
833,2152,2201,2,6,23,26,49
337,2135,2203,2,16,1,67,68
643,2052,2203,2,16,32,119,151
157,2036,2206,1,14,95,75,170
785,2084,2206,1,14,48,74,122
822,2172,2211,2,13,2,37,39
1158,2174,2211,2,13,1,36,37
459,2153,2212,2,9,23,36,59
23,2154,2212,2,9,21,37,58
674,2092,2213,2,17,1,120,121
1010,2096,2213,2,17,1,116,117
294,2102,2213,2,17,1,110,111
102,2189,2213,2,11,1,23,24
464,2102,2215,1,15,28,85,113
1089,2074,2215,1,15,55,86,141
1079,2130,2215,1,15,1,84,85
199,2091,2215,1,15,38,86,124
1342,2162,2216,2,14,12,42,54
1033,2159,2216,2,14,15,42,57
182,2182,2216,2,14,1,33,34
820,2155,2217,1,2,54,8,62
596,2029,2221,1,17,100,92,192
947,2187,2222,1,3,21,14,35
522,2211,2222,2,3,6,5,11
261,2057,2224,2,19,28,139,167
580,2041,2224,2,19,43,140,183
896,2186,2225,2,13,1,38,39
937,2147,2228,1,4,61,20,81
71,2213,2228,2,4,5,10,15
302,2158,2229,2,16,17,54,71
849,2182,2232,2,14,1,49,50
314,2181,2235,1,6,27,27,54
194,2216,2235,2,6,1,18,19
502,2223,2241,2,3,12,6,18
363,2155,2243,2,19,19,69,88
827,2164,2243,2,19,11,68,79
31,2196,2246,2,8,21,29,50
976,2223,2255,2,8,13,19,32
710,2235,2259,1,4,7,17,24
313,2226,2261,1,9,2,33,35
961,2233,2267,1,7,11,23,34
508,2236,2275,1,8,10,29,39
520,2261,2278,2,4,4,13,17
1352,2244,2278,2,4,21,13,34
607,2168,2279,2,1,93,18,111
1137,2205,2279,2,1,56,18,74
425,2242,2279,2,1,19,18,37
1018,2229,2279,2,1,35,15,50
1197,2192,2279,2,1,69,18,87
1043,2248,2279,2,1,14,17,31
792,2211,2279,2,1,51,17,68
1060,2254,2279,2,1,7,18,25
80,2227,2279,2,1,34,18,52
1081,2256,2279,2,1,7,16,23
946,2277,2280,2,3,1,2,3
597,2189,2285,1,10,54,42,96
650,2255,2287,1,6,2,30,32
541,2241,2287,2,6,25,21,46
44,2254,2287,2,6,11,22,33
920,2259,2288,2,4,10,19,29
390,2248,2293,1,0,31,14,45
170,2204,2293,2,0,59,30,89
1224,2171,2293,2,0,91,31,122
406,2271,2293,2,0,1,21,22
673,2259,2293,2,0,2,32,34
469,2250,2295,2,8,15,30,45
683,2193,2297,1,11,49,55,104
176,2277,2297,2,1,8,12,20
1,2249,2302,2,9,17,36,53
163,2187,2303,1,12,55,61,116
527,2284,2305,2,0,2,19,21
1282,2247,2307,2,10,18,42,60
854,2234,2307,2,10,31,42,73
119,2236,2311,1,13,7,68,75
1288,2199,2311,2,13,51,61,112
966,2307,2315,1,2,1,7,8
560,2163,2316,1,14,79,74,153
205,2219,2316,2,14,31,66,97
316,2203,2318,2,11,63,52,115
212,2198,2318,2,11,67,53,120
382,2161,2321,1,15,82,78,160
1088,2215,2321,2,15,35,71,106
764,2196,2327,1,16,49,82,131
389,2214,2327,1,16,29,84,113
1103,2172,2327,1,16,72,83,155
568,2259,2327,2,12,6,62,68
967,2303,2328,1,4,3,22,25
1334,2305,2329,1,11,1,23,24
1356,2302,2331,2,1,16,13,29
1287,2220,2332,2,13,47,65,112
774,2256,2332,2,13,10,66,76
607,2306,2335,1,12,1,28,29
729,2199,2336,1,18,43,94,137
234,2195,2336,2,18,55,86,141
915,2303,2337,2,5,13,21,34
548,2279,2338,2,10,3,56,59
447,2304,2338,2,10,1,33,34
1249,2299,2343,1,16,2,42,44
473,2233,2343,2,14,33,77,110
546,2221,2345,1,19,21,103,124
1130,2236,2345,1,19,6,103,109
165,2160,2345,1,19,82,103,185
958,2334,2347,1,2,7,6,13
273,2308,2348,1,7,2,38,40
342,2286,2348,2,7,29,33,62
149,2324,2350,2,11,1,25,26
1002,2244,2350,2,15,23,83,106
13,2308,2354,1,8,1,45,46
506,2316,2354,2,8,1,37,38
20,2331,2358,1,3,9,18,27
357,2347,2358,2,3,1,10,11
1151,2289,2359,2,12,1,69,70
815,2318,2360,2,9,1,41,42
1296,2229,2362,2,17,36,97,133
997,2262,2362,2,17,4,96,100
237,2325,2365,2,6,22,18,40
1275,2318,2365,2,14,1,46,47
644,2239,2372,2,18,26,107,133
652,2341,2376,2,7,6,29,35
224,2350,2376,2,7,1,25,26
434,2270,2377,2,15,13,94,107
758,2277,2377,2,15,4,96,100
570,2326,2377,2,15,1,50,51
310,2218,2381,2,19,47,116,163
279,2351,2383,2,9,1,31,32
745,2346,2383,2,9,1,36,37
872,2357,2385,1,4,14,14,28
190,2274,2386,1,16,1,111,112
305,2268,2386,2,16,13,105,118
878,2363,2392,2,6,14,15,29
359,2370,2392,2,6,6,16,22
1203,2236,2396,2,17,45,115,160
609,2340,2398,1,12,29,29,58
27,2386,2398,2,12,1,11,12
735,2383,2399,2,1,3,13,16
1257,2329,2399,2,1,57,13,70
1179,2345,2400,1,8,27,28,55
881,2381,2400,2,8,1,18,19
1343,2371,2405,1,14,1,33,34
1196,2291,2406,2,18,1,114,115
162,2250,2406,2,18,32,124,156
552,2321,2406,2,18,1,84,85
1055,2351,2410,2,11,25,34,59
482,2346,2410,2,11,31,33,64
1148,2316,2411,2,19,1,94,95
526,2364,2414,1,0,35,15,50
1153,2393,2414,1,0,6,15,21
242,2392,2414,1,0,8,14,22
640,2357,2414,2,0,30,27,57
989,2325,2415,1,18,45,45,90
3,2345,2415,1,18,24,46,70
1134,2398,2417,2,5,2,17,19
918,2355,2418,2,14,23,40,63
1209,2355,2418,2,14,21,42,63
741,2410,2424,2,9,1,13,14
825,2324,2427,1,19,45,58,103
553,2330,2427,2,15,46,51,97
844,2403,2427,2,7,1,23,24
14,2342,2433,1,17,29,62,91
1341,2407,2434,2,11,1,26,27
1117,2386,2435,2,8,14,35,49
620,2402,2439,1,3,19,18,37
4,2376,2442,2,18,3,63,66
491,2436,2445,2,4,1,8,9
1362,2409,2447,2,1,25,13,38
384,2415,2447,2,1,20,12,32
148,2400,2447,2,15,7,40,47
877,2397,2447,2,15,9,41,50
871,2439,2461,2,5,11,11,22
243,2445,2466,1,0,2,19,21
40,2447,2468,2,6,3,18,21
667,2441,2477,2,9,9,27,36
1137,2405,2481,1,10,49,27,76
869,2442,2481,2,10,19,20,39
452,2425,2481,2,10,37,19,56
559,2471,2482,2,9,1,10,11
866,2468,2483,2,1,5,10,15
1060,2452,2487,1,9,7,28,35
641,2438,2490,2,14,23,29,52
208,2448,2490,2,14,16,26,42
501,2486,2493,2,3,1,6,7
121,2464,2498,2,15,1,33,34
439,2422,2498,2,15,39,37,76
229,2379,2504,1,16,74,51,125
1346,2441,2504,2,16,22,41,63
82,2456,2510,2,17,6,48,54
1294,2443,2510,2,17,19,48,67
19,2508,2511,2,1,1,2,3
440,2482,2514,2,15,4,28,32
1362,2483,2515,1,15,10,22,32
116,2494,2515,2,1,10,11,21
216,2496,2516,2,18,1,19,20
573,2453,2521,2,18,8,60,68
1018,2463,2522,1,17,7,52,59
1152,2493,2522,2,0,10,19,29
1104,2480,2528,1,18,1,47,48
401,2489,2528,2,18,1,38,39
735,2418,2533,1,19,35,80,115
619,2457,2533,1,19,1,75,76
581,2438,2533,1,19,17,78,95
362,2447,2533,2,19,14,72,86
1357,2480,2537,2,19,5,52,57
274,2529,2540,2,7,1,10,11
55,2515,2545,2,1,18,12,30
1218,2540,2546,2,5,1,5,6
285,2506,2560,2,10,41,13,54
1335,2524,2563,1,11,25,14,39
840,2512,2568,1,9,44,12,56
538,2546,2569,2,11,1,22,23
1253,2504,2569,2,11,41,24,65
714,2561,2574,2,4,1,12,13
425,2544,2575,1,13,6,25,31
1050,2552,2578,2,1,14,12,26
455,2555,2578,2,1,10,13,23
419,2551,2578,2,1,14,13,27
577,2504,2580,2,13,42,34,76
1213,2560,2587,2,0,7,20,27
951,2514,2588,2,14,32,42,74
368,2570,2588,2,14,1,17,18
301,2555,2594,2,15,4,35,39
462,2513,2597,2,15,32,52,84
1080,2568,2600,2,15,1,31,32
727,2579,2604,2,18,1,24,25
535,2565,2605,1,10,26,14,40
1004,2524,2605,2,17,24,57,81
1090,2503,2613,2,18,42,68,110
1327,2605,2621,2,4,1,15,16
1043,2594,2622,1,18,1,27,28
415,2524,2625,2,19,21,80,101
582,2607,2626,2,1,4,15,19
41,2606,2632,2,6,1,25,26
1255,2599,2632,2,6,1,32,33
629,2619,2642,1,3,14,9,23
809,2607,2643,2,9,1,35,36
57,2597,2647,2,11,32,18,50
176,2614,2651,1,10,23,14,37
792,2628,2653,1,7,5,20,25
432,2625,2656,1,11,13,18,31
1016,2604,2659,2,12,23,32,55
595,2589,2659,2,12,38,32,70
442,2647,2669,2,19,1,21,22
1320,2608,2669,2,15,20,41,61
579,2616,2681,2,17,14,51,65
895,2596,2681,2,17,31,54,85
15,2591,2681,2,17,37,53,90
1356,2658,2684,1,19,4,22,26
1064,2674,2688,2,8,2,12,14
217,2612,2692,2,18,15,65,80
59,2688,2705,2,10,1,16,17
1204,2674,2717,2,15,13,30,43
1107,2741,2756,2,9,4,11,15
55,2750,2771,1,3,13,8,21
1020,2803,2820,2,8,2,15,17
866,2811,2826,1,6,4,11,15
0,2804,2826,2,9,2,20,22
979,2808,2834,2,12,1,25,26
1257,2821,2844,1,12,1,22,23
732,2812,2846,2,17,1,33,34
262,2823,2848,2,19,2,23,25
1156,2830,2851,2,13,1,20,21
1197,2829,2861,1,18,11,21,32
677,2851,2868,2,3,10,7,17
1050,2882,2895,1,8,1,12,13
608,2859,2898,2,12,22,17,39
1069,2880,2901,2,14,2,19,21
1264,2889,2905,2,6,4,12,16
80,2849,2911,1,17,22,40,62
868,2896,2918,2,10,1,21,22
1259,2906,2921,2,8,4,11,15
1351,2891,2932,2,13,3,38,41
286,2926,2943,2,10,1,16,17
7,2934,2954,2,13,1,19,20
460,2952,2977,2,15,4,21,25
1098,3002,3045,2,19,11,32,43
1344,3078,3092,2,7,4,10,14
116,3089,3109,1,10,5,15,20
455,3131,3162,1,16,6,25,31
392,3157,3174,2,11,2,15,17
1305,3181,3202,2,15,2,19,21
525,3213,3233,2,13,4,16,20
