1109,1,11,1,2,4,6,10
452,3,16,1,0,4,9,13
1065,4,16,1,0,4,8,12
605,2,26,0,2,2,22,24
404,2,26,0,2,3,21,24
699,16,46,13,2,9,21,30
714,26,46,11,2,6,14,20
25,13,57,13,0,11,33,44
927,0,57,15,0,17,40,57
627,31,61,7,2,17,13,30
31,30,61,7,2,17,14,31
591,24,61,9,2,12,25,37
790,12,66,4,2,21,33,54
173,21,66,6,2,1,44,45
128,49,66,3,2,2,15,17
1120,33,75,1,2,32,10,42
776,43,75,0,2,14,18,32
767,61,75,0,2,1,13,14
770,60,75,0,2,1,14,15
711,55,76,3,0,1,20,21
769,16,76,3,0,34,26,60
977,11,76,6,0,9,56,65
698,62,79,1,0,6,11,17
50,73,79,1,0,1,5,6
496,59,79,1,0,8,12,20
419,76,85,0,2,1,8,9
560,85,90,0,2,1,4,5
225,82,112,3,2,18,12,30
480,39,113,17,2,4,70,74
474,63,113,11,2,18,32,50
1040,88,113,10,2,4,21,25
746,44,113,14,2,16,53,69
1163,32,113,13,2,34,47,81
473,71,113,11,2,12,30,42
132,44,113,13,2,23,46,69
55,60,119,11,0,22,37,59
418,47,119,12,0,25,47,72
189,51,119,13,0,15,53,68
193,20,119,17,0,22,77,99
895,13,119,19,0,19,87,106
1030,57,119,11,0,24,38,62
832,39,119,14,0,22,58,80
1000,26,119,16,0,27,66,93
884,25,119,14,0,35,59,94
182,19,119,19,0,14,86,100
1111,54,119,13,0,14,51,65
1075,71,119,10,0,21,27,48
398,3,119,16,0,49,67,116
902,77,124,10,2,17,30,47
340,114,130,0,2,6,10,16
1125,97,130,0,2,23,11,34
255,125,132,3,2,1,6,7
59,84,140,6,0,16,40,56
701,103,140,4,0,12,25,37
348,115,140,4,0,1,24,25
641,62,140,4,0,52,26,78
849,60,140,5,0,45,35,80
403,78,140,7,0,17,45,62
804,87,140,7,0,9,44,53
798,103,141,1,0,15,23,38
773,106,141,3,0,1,34,35
71,65,141,3,0,34,42,76
728,114,141,2,0,1,26,27
177,92,141,1,0,26,23,49
1039,129,141,1,0,1,11,12
300,115,141,2,0,1,25,26
166,101,141,1,0,18,22,40
906,113,141,2,0,1,27,28
992,108,141,1,0,12,21,33
679,130,141,1,0,1,10,11
939,68,146,17,2,4,74,78
354,44,146,18,2,8,94,102
1062,65,146,18,2,1,80,81
531,81,146,15,2,6,59,65
302,79,146,16,2,1,66,67
492,33,146,18,2,19,94,113
195,139,147,0,2,2,6,8
908,127,153,0,2,13,13,26
21,146,153,0,2,1,6,7
1097,145,153,0,2,1,7,8
575,43,155,18,0,10,102,112
213,89,155,14,0,8,58,66
1020,92,155,8,0,44,19,63
758,65,155,17,0,8,82,90
326,149,155,2,0,1,5,6
125,95,155,9,0,33,27,60
488,127,155,9,0,1,27,28
914,61,155,16,0,16,78,94
1117,116,155,9,0,13,26,39
666,81,155,15,0,7,67,74
954,126,155,8,0,10,19,29
259,57,155,17,0,15,83,98
721,97,155,11,0,21,37,58
984,81,155,14,0,15,59,74
470,61,155,18,0,1,93,94
799,127,174,13,2,14,33,47
51,87,174,18,2,15,72,87
999,115,174,16,2,2,57,59
1099,104,174,16,2,10,60,70
739,177,187,4,2,1,9,10
1162,162,187,3,2,21,4,25
6,172,193,6,2,1,20,21
498,186,193,3,2,1,6,7
714,186,197,2,1,2,9,11
473,187,197,2,1,2,8,10
457,104,198,16,0,11,83,94
948,133,198,12,0,14,51,65
981,91,198,19,0,5,102,107
971,99,198,17,0,11,88,99
940,80,198,17,0,29,89,118
800,112,198,13,0,29,57,86
860,104,198,16,0,10,84,94
131,136,198,13,0,5,57,62
1014,62,198,19,0,33,103,136
219,128,198,13,0,15,55,70
735,121,198,13,0,21,56,77
544,177,198,2,0,1,20,21
968,112,198,16,0,4,82,86
520,138,198,13,0,4,56,60
871,136,198,11,0,22,40,62
549,163,198,11,0,1,34,35
178,179,198,1,0,4,15,19
229,110,198,15,0,9,79,88
937,199,205,3,2,1,5,6
114,166,205,5,0,1,38,39
309,155,205,4,0,21,29,50
888,123,205,5,0,35,47,82
1104,165,205,4,0,10,30,40
394,147,205,3,0,35,23,58
201,184,205,3,0,1,20,21
162,196,205,1,0,1,8,9
1073,181,205,2,0,6,18,24
495,133,205,5,0,26,46,72
644,130,205,4,0,45,30,75
768,173,205,4,0,4,28,32
1092,152,205,5,0,6,47,53
731,199,207,0,2,2,6,8
652,201,207,0,2,2,4,6
92,199,207,0,2,1,7,8
1081,174,207,0,2,24,9,33
903,189,207,0,2,11,7,18
199,160,207,0,2,38,9,47
8,168,207,0,2,31,8,39
711,203,207,0,2,1,3,4
177,200,207,0,2,2,5,7
429,159,211,13,2,37,15,52
557,172,211,16,2,5,34,39
869,192,211,13,2,4,15,19
210,154,211,18,2,6,51,57
778,148,211,17,2,21,42,63
843,116,212,7,0,63,33,96
621,177,212,6,0,8,27,35
702,190,212,6,0,1,21,22
990,179,212,7,0,2,31,33
127,196,212,3,0,3,13,16
405,166,212,7,0,13,33,46
578,119,212,7,0,59,34,93
441,116,212,7,0,62,34,96
406,118,212,7,0,62,32,94
1021,112,212,7,0,66,34,100
452,204,213,0,2,1,8,9
372,190,214,3,0,1,23,24
707,196,214,2,0,2,16,18
150,137,214,6,0,30,47,77
63,107,214,6,0,59,48,107
266,195,214,2,0,1,18,19
729,195,214,2,0,2,17,19
536,183,214,4,0,1,30,31
319,153,214,6,0,13,48,61
980,204,214,2,0,1,9,10
238,144,220,16,0,33,43,76
383,127,220,17,0,42,51,93
964,151,220,16,0,28,41,69
135,153,220,13,0,43,24,67
724,123,220,18,0,37,60,97
774,116,220,19,0,34,70,104
685,152,220,14,0,37,31,68
197,132,220,19,0,18,70,88
567,150,220,18,0,11,59,70
782,132,220,16,0,45,43,88
515,211,220,2,0,1,8,9
656,129,220,19,0,22,69,91
893,178,220,14,0,12,30,42
337,171,220,17,0,1,48,49
969,136,220,16,0,42,42,84
37,138,220,17,0,32,50,82
44,212,223,0,2,1,10,11
974,217,223,0,2,1,5,6
838,218,223,0,2,1,4,5
1111,211,223,0,2,1,11,12
582,138,248,10,2,87,23,110
23,202,248,11,2,15,31,46
1022,184,248,11,2,31,33,64
341,120,256,8,2,126,10,136
250,231,256,9,2,1,24,25
465,231,256,9,2,2,23,25
145,218,256,8,2,29,9,38
616,180,256,8,2,66,10,76
700,174,259,13,0,25,60,85
284,145,259,10,0,79,35,114
997,195,259,11,0,20,44,64
100,243,259,2,0,5,11,16
911,161,259,12,0,43,55,98
1138,218,259,10,0,6,35,41
833,195,259,14,0,1,63,64
243,211,259,12,0,1,47,48
0,182,259,12,0,22,55,77
1044,216,259,10,0,9,34,43
912,189,259,12,0,17,53,70
780,129,259,10,0,95,35,130
864,186,259,11,0,30,43,73
98,159,259,19,0,1,99,100
533,225,259,2,0,23,11,34
876,182,259,10,0,42,35,77
393,172,259,12,0,33,54,87
942,169,259,18,0,1,89,90
521,153,259,13,0,45,61,106
720,230,259,2,0,18,11,29
478,228,268,4,2,7,33,40
445,237,268,3,2,15,16,31
116,247,268,4,2,1,20,21
258,267,274,0,2,2,6,8
296,263,274,0,2,2,10,12
230,211,275,15,2,28,36,64
821,204,275,16,2,25,46,71
20,193,275,16,2,35,47,82
751,213,275,16,2,18,44,62
301,235,275,16,2,1,39,40
206,201,275,15,2,38,36,74
228,243,276,3,0,8,25,33
427,232,276,4,0,4,40,44
789,225,276,4,0,12,39,51
542,256,276,3,0,1,19,20
208,201,276,4,0,34,41,75
609,232,276,3,0,19,25,44
10,220,276,4,0,15,41,56
1042,201,276,4,0,35,40,75
548,248,277,0,2,12,17,29
252,252,277,0,2,8,17,25
176,259,277,0,2,2,16,18
446,239,277,0,2,20,18,38
338,223,277,0,2,36,18,54
813,248,277,0,2,11,18,29
950,251,277,0,2,8,18,26
1139,248,277,0,2,14,15,29
748,226,277,0,2,33,18,51
814,228,277,0,2,33,16,49
567,224,277,0,2,36,17,53
544,252,277,0,2,7,18,25
943,276,287,6,2,2,9,11
1087,250,287,9,2,6,31,37
217,224,287,7,2,49,14,63
277,249,287,6,2,28,10,38
921,232,287,6,2,45,10,55
613,210,287,7,2,63,14,77
898,258,287,7,2,17,12,29
385,281,291,0,2,1,9,10
497,281,291,1,2,5,5,10
753,278,291,0,2,1,12,13
274,281,291,0,2,2,8,10
933,239,291,8,0,7,45,52
358,241,291,9,0,1,49,50
183,198,291,9,0,30,63,93
718,236,291,2,0,21,34,55
590,147,291,9,0,82,62,144
834,180,291,9,0,50,61,111
663,273,291,2,0,1,17,18
1003,178,291,8,0,70,43,113
279,149,291,9,0,79,63,142
326,283,291,0,2,1,7,8
991,218,291,1,0,61,12,73
418,276,291,0,2,1,14,15
75,247,291,2,0,9,35,44
807,209,291,9,0,20,62,82
102,230,291,2,0,26,35,61
961,222,291,8,0,24,45,69
294,143,291,8,0,103,45,148
119,134,291,9,0,94,63,157
121,138,291,8,0,109,44,153
234,247,291,8,0,1,43,44
885,229,291,9,0,2,60,62
357,214,291,9,0,14,63,77
1078,285,297,0,2,6,6,12
909,290,297,0,2,3,4,7
1132,243,297,16,0,1,53,54
542,290,297,0,2,1,6,7
218,259,297,7,0,13,25,38
621,288,297,0,2,4,5,9
839,220,297,6,0,58,19,77
29,185,297,7,0,87,25,112
323,216,297,7,0,56,25,81
522,290,297,2,0,1,6,7
665,238,297,6,0,41,18,59
408,229,297,8,0,33,35,68
769,291,297,0,2,1,5,6
166,288,297,0,2,3,6,9
15,264,297,8,0,1,32,33
982,220,297,7,0,54,23,77
286,222,297,7,0,50,25,75
956,250,297,8,0,13,34,47
618,209,297,6,0,68,20,88
1059,236,297,7,0,36,25,61
271,261,303,1,0,25,17,42
111,199,303,16,0,29,75,104
574,215,303,16,0,13,75,88
392,199,303,16,0,31,73,104
750,195,303,16,0,34,74,108
682,206,303,15,0,35,62,97
262,224,303,14,0,29,50,79
570,238,303,15,0,2,63,65
139,230,303,14,0,22,51,73
563,191,303,15,0,48,64,112
952,200,303,16,0,28,75,103
907,239,303,15,0,3,61,64
688,211,303,14,0,41,51,92
1119,206,303,16,0,22,75,97
519,279,303,1,0,6,18,24
929,225,303,1,0,60,18,78
928,284,303,1,0,3,16,19
47,198,303,15,0,42,63,105
787,298,307,0,2,1,8,9
425,308,312,0,2,1,3,4
632,306,312,0,2,1,5,6
340,272,312,2,8,19,21,40
395,304,312,0,2,1,7,8
707,306,312,0,2,2,4,6
1030,306,312,0,2,1,5,6
195,299,323,2,13,1,23,24
252,281,323,2,13,1,41,42
118,295,338,4,2,24,19,43
1114,307,338,3,2,18,13,31
1057,277,338,4,2,43,18,61
579,271,338,4,2,48,19,67
503,311,340,11,2,1,28,29
615,307,340,11,2,1,32,33
566,231,340,12,2,69,40,109
881,314,340,10,2,3,23,26
370,157,340,10,2,160,23,183
53,300,340,10,2,17,23,40
671,263,340,12,2,37,40,77
203,271,347,9,2,51,25,76
585,286,347,9,2,37,24,61
1055,311,347,7,2,27,9,36
854,290,347,8,2,37,20,57
764,308,347,9,2,13,26,39
577,317,354,7,0,23,14,37
760,315,354,9,0,6,33,39
378,328,354,7,0,11,15,26
825,274,354,9,0,47,33,80
374,275,354,8,0,52,27,79
1067,282,354,7,0,56,16,72
588,313,354,9,0,9,32,41
955,313,354,8,0,16,25,41
1159,327,354,7,0,11,16,27
645,282,354,8,0,46,26,72
233,317,354,8,0,10,27,37
1006,305,354,7,0,34,15,49
806,324,354,8,0,4,26,30
828,331,354,8,0,1,22,23
1089,265,354,9,0,56,33,89
250,295,358,2,1,43,20,63
312,284,361,12,0,15,62,77
636,277,361,12,0,25,59,84
362,298,361,11,0,11,52,63
947,276,361,12,0,23,62,85
803,240,361,12,0,59,62,121
880,270,361,10,0,47,44,91
963,258,361,12,0,41,62,103
733,253,361,11,0,54,54,108
339,292,361,11,0,15,54,69
900,264,361,10,0,53,44,97
547,287,361,11,0,21,53,74
875,252,361,12,0,49,60,109
635,225,361,12,0,74,62,136
935,317,361,1,0,29,15,44
461,322,361,1,0,25,14,39
1096,281,363,4,0,37,45,82
396,300,363,3,0,24,39,63
200,331,363,3,0,1,31,32
923,346,363,2,0,1,16,17
1052,321,363,3,0,3,39,42
851,255,363,5,0,57,51,108
236,227,363,5,0,84,52,136
1103,271,363,5,0,39,53,92
141,218,363,5,0,92,53,145
899,290,363,5,0,21,52,73
386,232,363,5,0,78,53,131
1070,275,363,4,0,43,45,88
508,302,363,2,0,36,25,61
565,261,363,4,0,57,45,102
648,299,363,2,0,40,24,64
922,356,369,0,2,5,8,13
37,360,369,0,2,2,7,9
124,339,370,0,2,16,15,31
680,331,370,1,2,28,11,39
160,339,370,0,2,15,16,31
878,321,370,0,2,33,16,49
1146,339,370,0,2,17,14,31
143,327,370,0,2,27,16,43
416,336,370,0,2,19,15,34
268,337,370,0,2,20,13,33
271,321,370,0,2,34,15,49
574,333,370,0,2,21,16,37
849,350,370,0,2,4,16,20
914,338,370,0,2,16,16,32
609,336,370,0,2,18,16,34
178,330,370,0,2,26,14,40
472,323,374,16,2,24,27,51
475,314,374,15,2,41,19,60
951,331,374,16,2,17,26,43
391,289,374,15,2,68,17,85
913,349,383,12,2,1,33,34
184,326,383,9,2,44,13,57
1108,338,383,12,2,3,42,45
463,328,383,9,2,42,13,55
1049,322,383,12,2,18,43,61
594,315,384,11,2,24,45,69
660,333,384,11,2,7,44,51
610,318,384,10,2,35,31,66
404,363,386,2,7,7,16,23
776,347,394,2,8,24,23,47
632,324,394,2,8,46,24,70
81,386,394,1,0,1,7,8
158,257,394,16,0,91,46,137
103,361,394,2,0,14,19,33
1060,334,394,16,0,15,45,60
624,266,394,15,0,89,39,128
1127,331,394,16,0,16,47,63
112,282,394,16,0,65,47,112
202,315,394,16,0,35,44,79
226,285,394,15,0,70,39,109
837,291,394,16,0,58,45,103
604,354,394,15,0,4,36,40
706,293,394,16,0,54,47,101
819,346,394,15,0,9,39,48
797,362,394,1,0,22,10,32
227,317,394,15,0,39,38,77
957,312,394,16,0,35,47,82
1156,360,394,2,0,14,20,34
369,275,394,15,0,81,38,119
540,248,394,16,0,99,47,146
1133,306,394,16,0,42,46,88
1036,344,398,11,0,1,53,54
26,302,398,13,0,25,71,96
649,219,398,13,0,108,71,179
1128,266,398,10,0,87,45,132
33,315,398,10,0,37,46,83
388,260,398,13,0,68,70,138
600,287,398,10,0,65,46,111
552,237,398,13,0,90,71,161
727,311,398,10,0,43,44,87
454,319,398,10,0,33,46,79
1148,251,398,10,0,101,46,147
766,381,400,0,2,13,6,19
568,392,400,0,2,3,5,8
712,389,400,0,2,5,6,11
808,374,400,0,2,21,5,26
1131,373,400,0,2,23,4,27
983,390,400,0,2,5,5,10
1129,394,400,0,2,2,4,6
59,372,400,0,2,22,6,28
213,378,400,0,2,19,3,22
702,382,400,0,2,13,5,18
522,373,400,0,2,21,6,27
665,383,400,0,2,11,6,17
588,370,400,0,2,24,6,30
127,390,400,0,2,4,6,10
193,375,400,0,2,19,6,25
98,393,400,0,2,1,6,7
977,391,400,0,2,3,6,9
300,371,400,0,2,24,5,29
884,388,400,0,2,8,4,12
1092,394,400,0,2,1,5,6
484,301,404,13,0,26,77,103
1008,202,404,13,0,125,77,202
934,396,404,1,0,1,7,8
633,334,404,12,0,5,65,70
1161,327,404,9,0,44,33,77
870,320,404,13,0,8,76,84
650,318,404,13,0,9,77,86
381,243,404,13,0,84,77,161
487,351,404,9,0,19,34,53
120,362,404,9,0,9,33,42
43,228,404,13,0,100,76,176
772,324,404,13,0,3,77,80
1077,220,404,13,0,107,77,184
329,397,404,1,0,1,6,7
298,387,404,2,0,1,16,17
483,232,404,13,0,95,77,172
90,356,404,11,0,3,45,48
926,306,404,12,0,33,65,98
410,407,415,0,2,1,7,8
309,411,415,0,2,1,3,4
394,409,415,0,2,1,5,6
165,399,418,1,2,9,10,19
328,400,418,1,2,9,9,18
1010,402,418,0,2,1,15,16
1005,395,418,0,2,4,19,23
246,398,418,0,2,2,18,20
1116,398,418,0,2,1,19,20
451,401,418,0,2,1,16,17
339,398,418,0,2,3,17,20
728,391,418,0,2,7,20,27
262,397,418,0,2,1,20,21
279,403,418,0,2,1,14,15
1113,326,419,6,2,81,12,93
857,382,419,7,2,18,19,37
285,374,419,9,2,8,37,45
281,372,419,8,2,20,27,47
1024,407,421,0,2,1,13,14
16,409,421,0,2,1,11,12
3,411,421,0,2,1,9,10
201,402,421,0,2,2,17,19
844,404,421,0,2,2,16,18
512,209,429,18,2,198,22,220
431,319,429,19,2,80,30,110
97,258,429,19,2,140,31,171
662,297,429,19,2,104,28,132
20,410,430,2,1,10,10,20
671,395,430,2,1,24,11,35
918,385,433,3,2,37,11,48
256,386,433,3,2,39,8,47
669,342,433,3,2,80,11,91
12,351,433,3,2,72,10,82
608,404,436,19,0,1,31,32
1013,402,436,19,0,1,33,34
1090,210,436,19,0,188,38,226
159,347,436,19,0,51,38,89
861,396,436,19,0,6,34,40
430,357,436,19,0,41,38,79
561,229,436,19,0,170,37,207
1079,270,436,19,0,129,37,166
775,361,436,19,0,38,37,75
387,354,436,19,0,46,36,82
754,250,436,19,0,150,36,186
1172,236,436,19,0,162,38,200
657,299,436,19,0,99,38,137
327,275,436,18,0,132,29,161
307,368,436,19,0,30,38,68
433,277,436,19,0,121,38,159
473,403,437,1,11,5,29,34
988,389,441,3,0,33,19,52
490,430,441,3,0,1,10,11
589,384,441,9,0,1,56,57
265,427,441,2,0,1,13,14
765,383,441,8,0,8,50,58
169,392,441,3,0,31,18,49
509,436,441,2,0,1,4,5
1123,360,441,7,0,42,39,81
444,365,441,3,0,57,19,76
34,298,441,6,0,109,34,143
11,384,441,3,0,39,18,57
823,376,441,9,0,5,60,65
745,381,441,9,0,2,58,60
2,310,441,6,0,97,34,131
56,359,441,8,0,32,50,82
505,401,441,7,0,2,38,40
273,303,441,6,0,104,34,138
377,351,441,7,0,49,41,90
491,375,441,3,0,47,19,66
586,423,441,3,0,1,17,18
953,398,441,3,0,24,19,43
1121,418,441,1,0,12,11,23
85,414,441,2,0,5,22,27
4,342,441,9,0,39,60,99
703,350,441,6,0,57,34,91
1106,386,441,8,0,7,48,55
1054,344,441,7,0,56,41,97
153,368,441,3,0,56,17,73
1064,345,441,7,0,56,40,96
572,433,441,1,0,1,7,8
534,424,444,0,2,12,8,20
456,420,444,0,2,16,8,24
401,426,444,0,2,10,8,18
317,412,444,0,2,24,8,32
654,436,444,0,2,1,7,8
422,416,444,0,2,21,7,28
443,429,444,0,2,8,7,15
798,422,444,0,2,14,8,22
158,421,444,0,2,17,6,23
427,433,444,0,2,3,8,11
1104,425,444,0,2,14,5,19
561,438,444,0,2,2,4,6
1031,434,444,0,2,5,6,11
720,435,444,0,2,1,8,9
618,422,444,0,2,15,7,22
1003,445,450,0,2,1,4,5
403,443,450,0,2,1,6,7
1064,446,450,0,2,1,3,4
1075,448,452,0,2,1,3,4
744,349,469,17,2,94,26,120
479,392,469,17,2,49,28,77
147,246,469,17,2,195,28,223
973,268,469,17,2,173,28,201
31,470,477,2,1,1,6,7
753,392,482,2,16,8,82,90
606,352,483,17,0,90,41,131
637,356,483,16,0,93,34,127
244,317,483,17,0,125,41,166
192,349,483,17,0,92,42,134
350,326,483,17,0,115,42,157
426,460,483,2,0,9,14,23
831,187,483,17,0,254,42,296
743,307,483,17,0,137,39,176
879,199,483,17,0,243,41,284
40,425,483,17,0,17,41,58
303,391,483,17,0,54,38,92
481,246,483,17,0,196,41,237
261,309,483,17,0,132,42,174
941,199,483,17,0,242,42,284
175,443,483,17,0,1,39,40
573,440,483,1,0,37,6,43
972,382,483,17,0,59,42,101
275,237,483,17,0,206,40,246
576,406,484,18,2,49,29,78
932,443,484,18,2,12,29,41
756,404,484,16,2,59,21,80
438,302,484,18,2,153,29,182
458,451,484,16,2,11,22,33
587,468,488,3,2,14,6,20
1141,333,488,4,2,133,22,155
872,331,488,4,2,134,23,157
640,352,488,4,2,113,23,136
117,374,488,4,2,94,20,114
978,453,491,0,2,30,8,38
1088,469,491,0,2,14,8,22
220,453,491,0,2,31,7,38
486,483,491,0,2,1,7,8
130,470,491,0,2,13,8,21
310,472,491,0,2,11,8,19
183,477,491,0,2,6,8,14
200,457,491,0,2,26,8,34
750,479,491,0,2,4,8,12
701,473,491,0,2,10,8,18
940,478,491,0,2,6,7,13
1117,455,491,0,2,28,8,36
666,463,491,0,2,20,8,28
907,482,491,0,2,1,8,9
121,458,491,0,2,26,7,33
387,472,491,0,2,12,7,19
1006,461,491,0,2,22,8,30
1054,469,491,0,2,15,7,22
182,465,491,0,2,19,7,26
928,466,491,0,2,17,8,25
37,399,491,2,17,2,90,92
436,489,498,2,1,2,8,10
816,375,499,6,2,89,35,124
272,348,499,6,2,118,33,151
311,308,499,6,2,157,34,191
389,427,504,10,2,58,19,77
550,392,504,11,2,75,37,112
52,376,505,16,0,86,43,129
269,448,505,18,0,6,51,57
820,379,505,16,0,83,43,126
643,420,505,16,0,42,43,85
469,315,505,18,0,139,51,190
736,408,505,16,0,54,43,97
749,429,505,16,0,33,43,76
931,353,505,18,0,103,49,152
966,382,505,18,0,72,51,123
80,215,505,18,0,239,51,290
79,442,505,18,0,12,51,63
471,360,505,16,0,102,43,145
157,367,505,16,0,96,42,138
681,417,505,18,0,40,48,88
1063,407,505,18,0,47,51,98
343,457,510,4,0,10,43,53
129,431,510,3,0,51,28,79
668,443,510,3,0,39,28,67
530,492,510,2,0,1,17,18
791,474,510,4,0,1,35,36
1094,455,510,4,0,10,45,55
308,414,510,4,0,51,45,96
630,446,510,3,0,37,27,64
168,333,510,4,0,132,45,177
364,431,510,3,0,52,27,79
477,478,510,4,0,1,31,32
537,436,510,4,0,30,44,74
349,370,510,4,0,95,45,140
297,344,510,4,0,123,43,166
331,363,510,4,0,103,44,147
190,444,510,3,0,38,28,66
89,488,513,10,0,1,24,25
88,460,513,10,0,28,25,53
283,429,513,10,0,56,28,84
353,427,513,10,0,59,27,86
722,386,513,11,0,80,47,127
264,507,513,2,0,1,5,6
32,437,513,10,0,49,27,76
1152,462,513,11,0,4,47,51
713,394,513,11,0,71,48,119
723,428,513,11,0,37,48,85
593,390,513,11,0,75,48,123
1041,436,513,10,0,51,26,77
601,471,513,10,0,14,28,42
77,371,513,11,0,94,48,142
1035,431,513,11,0,37,45,82
413,447,513,10,0,38,28,66
502,432,513,11,0,33,48,81
1147,436,513,10,0,49,28,77
596,404,513,11,0,62,47,109
268,498,514,2,12,1,15,16
873,491,515,0,2,14,10,24
693,475,515,0,2,30,10,40
289,498,515,0,2,7,10,17
901,491,515,0,2,15,9,24
36,492,515,0,2,14,9,23
911,499,515,0,2,6,10,16
839,485,515,0,2,21,9,30
202,491,515,0,2,14,10,24
1052,468,515,0,2,37,10,47
243,462,515,0,2,44,9,53
837,492,515,0,2,13,10,23
189,481,515,0,2,25,9,34
332,504,515,0,2,2,10,12
644,486,515,0,2,19,10,29
85,484,515,0,2,21,10,31
90,499,515,0,2,6,10,16
806,455,515,0,2,50,10,60
47,498,515,0,2,8,9,17
398,483,515,0,2,22,10,32
275,491,515,0,2,14,10,24
345,311,516,6,0,153,52,205
603,446,516,6,0,18,52,70
235,347,516,5,0,131,38,169
140,358,516,5,0,119,39,158
1025,370,516,6,0,94,52,146
156,417,516,6,0,48,51,99
318,431,516,6,0,33,52,85
1068,481,516,4,0,12,23,35
737,343,516,5,0,134,39,173
64,372,516,6,0,93,51,144
459,510,516,1,0,1,5,6
678,302,516,6,0,162,52,214
852,392,516,5,0,85,39,124
675,381,516,5,0,98,37,135
35,397,516,6,0,70,49,119
1027,438,516,6,0,28,50,78
164,406,516,6,0,58,52,110
792,486,516,5,0,1,29,30
1076,517,530,0,2,1,12,13
926,513,530,0,2,1,16,17
930,516,531,1,2,5,10,15
1149,506,531,0,2,7,18,25
49,508,531,1,2,12,11,23
964,484,531,0,2,27,20,47
888,496,531,0,2,14,21,35
1128,500,531,0,2,10,21,31
870,471,531,0,2,39,21,60
0,491,531,0,2,21,19,40
33,507,531,0,2,3,21,24
895,489,531,0,2,21,21,42
688,499,531,0,2,12,20,32
1042,509,531,0,2,1,21,22
980,507,531,0,2,4,20,24
1097,517,536,2,4,13,6,19
1130,353,547,14,2,176,18,194
245,310,547,14,2,216,21,237
187,313,547,14,2,214,20,234
214,404,547,14,2,122,21,143
974,535,549,2,5,1,13,14
20,457,556,1,16,64,35,99
232,451,557,8,2,88,18,106
171,532,557,8,2,5,20,25
122,435,557,8,2,103,19,122
249,513,557,9,2,21,23,44
1045,482,557,8,2,56,19,75
282,537,557,8,2,3,17,20
447,475,557,9,2,57,25,82
359,460,557,9,2,71,26,97
420,448,557,8,2,89,20,109
999,553,559,2,1,1,5,6
918,519,559,2,1,29,11,40
498,559,563,2,1,1,3,4
1081,523,565,2,19,1,41,42
72,487,568,13,2,56,25,81
697,408,568,13,2,133,27,160
551,381,568,13,2,159,28,187
620,540,568,13,2,1,27,28
24,417,568,12,2,135,16,151
692,286,568,14,0,241,41,282
148,426,568,14,0,100,42,142
892,508,568,14,0,18,42,60
1,426,568,14,0,101,41,142
263,264,568,14,0,262,42,304
138,290,568,14,0,236,42,278
212,390,568,14,0,136,42,178
891,517,568,14,0,11,40,51
883,359,568,14,0,167,42,209
553,408,568,14,0,119,41,160
450,522,568,14,0,4,42,46
915,392,568,14,0,136,40,176
708,512,568,2,0,35,21,56
747,374,568,14,0,153,41,194
185,302,568,14,0,226,40,266
896,346,568,14,0,180,42,222
347,408,568,14,0,118,42,160
677,527,571,0,2,36,8,44
321,550,571,0,2,13,8,21
1157,538,571,0,2,25,8,33
161,546,571,0,2,17,8,25
840,410,571,9,0,121,40,161
239,407,571,7,0,137,27,164
257,526,571,0,2,38,8,46
698,545,571,0,2,18,8,26
392,549,571,0,2,14,8,22
584,428,571,9,0,103,40,143
592,451,571,9,0,82,38,120
826,524,571,9,0,7,40,47
57,458,571,8,0,79,34,113
904,525,571,0,2,39,8,47
1039,533,571,0,2,30,8,38
1126,535,571,0,2,29,8,37
150,551,571,0,2,12,8,20
842,456,571,7,0,88,27,115
952,523,571,0,2,40,8,48
1007,439,571,7,0,105,27,132
835,510,571,9,0,21,40,61
102,548,571,0,2,15,8,23
379,541,571,0,2,23,8,31
782,545,571,0,2,18,8,26
126,412,571,9,0,120,39,159
319,529,571,0,2,34,8,42
1172,543,571,0,2,20,8,28
286,528,571,0,2,35,8,43
694,422,571,8,0,115,34,149
689,540,571,0,2,24,8,32
679,521,571,0,2,42,8,50
146,549,576,0,2,19,8,27
134,544,576,0,2,24,8,32
45,523,576,0,2,45,8,53
142,564,576,0,2,4,8,12
987,550,576,0,2,18,8,26
1165,546,576,0,2,22,8,30
1023,528,576,0,2,40,8,48
334,558,576,0,2,10,8,18
238,533,576,0,2,35,8,43
575,529,576,0,2,40,7,47
948,524,576,0,2,45,7,52
111,541,576,0,2,27,8,35
847,540,576,0,2,30,7,37
137,556,576,0,2,14,7,21
348,545,576,0,2,24,7,31
851,549,576,0,2,20,7,27
1159,526,576,0,2,44,6,50
721,525,576,0,2,43,8,51
82,537,576,0,2,32,8,40
433,553,576,0,2,15,8,23
285,575,578,2,1,1,2,3
670,454,585,12,0,98,33,131
96,381,585,12,0,171,33,204
251,534,585,13,0,8,43,51
916,414,585,14,0,118,53,171
945,428,585,13,0,112,45,157
424,396,585,12,0,156,33,189
527,367,585,13,0,173,45,218
27,393,585,13,0,149,43,192
136,380,585,13,0,161,44,205
242,481,585,12,0,71,33,104
996,401,585,13,0,139,45,184
528,505,585,13,0,35,45,80
882,444,585,12,0,108,33,141
485,496,585,13,0,45,44,89
361,570,585,2,0,1,14,15
194,488,585,13,0,52,45,97
309,568,593,2,4,3,22,25
427,564,593,2,4,7,22,29
170,584,594,0,2,1,9,10
1098,589,594,0,2,1,4,5
715,581,594,0,2,3,10,13
741,583,594,0,2,1,10,11
493,585,594,0,2,1,8,9
1013,581,594,0,2,2,11,13
718,581,594,0,2,4,9,13
1014,580,594,0,2,3,11,14
266,581,594,0,2,2,11,13
645,586,594,0,2,1,7,8
1065,590,594,0,2,1,3,4
888,549,598,2,5,22,27,49
704,578,601,0,2,2,21,23
595,534,601,0,2,37,30,67
291,571,601,0,2,1,29,30
1086,577,601,0,2,2,22,24
9,548,601,0,2,23,30,53
998,552,601,0,2,21,28,49
114,576,601,0,2,1,24,25
843,577,601,0,2,1,23,24
603,576,601,0,2,2,23,25
284,579,601,0,2,1,21,22
760,578,601,0,2,1,22,23
75,571,601,0,2,2,28,30
1119,570,601,0,2,1,30,31
233,542,601,0,2,30,29,59
229,569,601,0,2,3,29,32
470,578,601,0,2,3,20,23
992,561,601,0,2,10,30,40
804,570,601,0,2,4,27,31
315,591,603,0,2,1,11,12
863,599,603,1,2,1,3,4
518,583,603,0,2,3,18,21
915,589,603,0,2,1,13,14
672,511,609,19,2,54,44,98
240,422,609,16,2,170,17,187
260,580,609,17,2,1,28,29
725,471,609,18,2,101,37,138
8,591,612,2,13,4,17,21
591,596,616,2,1,14,6,20
497,598,616,2,1,11,7,18
338,543,617,2,11,33,41,74
822,600,618,0,2,10,8,18
1136,605,618,0,2,6,7,13
994,592,618,0,2,18,8,26
1038,593,618,0,2,17,8,25
383,600,618,0,2,11,7,18
251,600,618,0,2,10,8,18
89,598,618,0,2,14,6,20
971,603,618,0,2,7,8,15
323,614,618,0,2,1,3,4
826,610,618,0,2,1,7,8
2,611,618,0,2,1,6,7
1094,592,618,0,2,19,7,26
533,596,618,0,2,14,8,22
515,613,618,0,2,1,4,5
510,596,618,0,2,16,7,23
792,597,618,0,2,13,8,21
307,607,618,0,2,3,8,11
1059,611,618,0,2,2,5,7
494,615,623,0,2,1,7,8
824,596,623,0,2,15,12,27
434,617,623,0,2,1,5,6
933,615,623,0,2,2,6,8
820,618,623,0,2,2,3,5
668,617,623,0,2,2,4,6
139,602,623,0,2,9,12,21
1070,617,623,0,2,1,5,6
828,609,623,0,2,3,11,14
969,615,623,0,2,1,7,8
21,599,625,2,16,1,25,26
909,610,625,2,0,1,14,15
306,480,625,19,0,85,60,145
19,477,625,16,0,115,33,148
705,378,625,16,0,214,33,247
755,431,625,19,0,135,59,194
726,487,625,19,0,81,57,138
525,459,625,19,0,106,60,166
1166,468,625,17,0,112,45,157
196,472,625,19,0,94,59,153
336,492,625,17,0,88,45,133
658,420,625,19,0,145,60,205
779,521,625,17,0,61,43,104
1137,465,625,19,0,102,58,160
661,471,625,19,0,94,60,154
180,478,625,17,0,103,44,147
612,577,625,18,0,1,47,48
976,456,625,16,0,136,33,169
1071,583,625,2,0,26,16,42
714,567,628,1,11,27,34,61
548,611,628,2,11,1,16,17
176,591,633,2,17,3,39,42
983,561,633,2,14,16,56,72
526,634,638,0,2,1,3,4
211,633,638,0,2,1,4,5
254,624,638,0,2,3,11,14
13,631,638,0,2,1,6,7
682,626,638,0,2,2,10,12
991,619,638,0,2,6,13,19
780,623,638,0,2,2,13,15
388,624,638,0,2,1,13,14
408,631,638,0,2,2,5,7
586,620,638,0,2,6,12,18
337,626,638,0,2,1,11,12
387,566,648,2,19,10,72,82
371,567,653,3,2,64,22,86
224,533,653,3,2,98,22,120
903,635,657,2,10,3,19,22
582,657,670,2,1,1,12,13
124,642,670,2,1,11,17,28
799,617,670,2,1,37,16,53
479,612,670,2,1,41,17,58
74,647,670,2,1,9,15,24
416,634,674,2,16,5,35,40
207,574,677,15,2,65,38,103
188,411,677,15,2,228,38,266
667,597,677,15,2,41,39,80
691,418,677,15,2,220,39,259
569,486,677,15,2,155,36,191
73,610,677,13,2,49,18,67
397,605,677,14,2,43,29,72
619,615,677,13,2,45,17,62
532,445,677,15,2,194,38,232
390,623,677,15,2,17,37,54
794,627,677,15,2,11,39,50
767,653,681,2,0,1,27,28
280,554,681,3,0,80,47,127
938,444,681,3,0,187,50,237
14,537,681,3,0,95,49,144
198,541,681,3,0,90,50,140
292,499,681,3,0,132,50,182
499,526,681,3,0,107,48,155
191,476,681,3,0,156,49,205
605,630,684,2,17,8,46,54
859,526,687,5,2,118,43,161
602,487,687,6,2,141,59,200
402,503,687,5,2,141,43,184
887,519,687,5,2,126,42,168
1102,581,687,5,2,65,41,106
276,509,687,6,2,120,58,178
455,636,687,0,2,45,6,51
305,666,687,0,2,15,6,21
589,650,687,0,2,31,6,37
358,674,687,0,2,7,6,13
803,661,687,0,2,20,6,26
1127,646,687,0,2,35,6,41
1020,643,687,0,2,38,6,44
374,664,687,0,2,17,6,23
842,644,687,0,2,37,6,43
197,638,687,0,2,43,6,49
495,669,687,0,2,12,6,18
308,679,687,0,2,2,6,8
601,636,687,0,2,46,5,51
1121,661,687,0,2,20,6,26
40,650,687,0,2,31,6,37
386,659,687,0,2,22,6,28
4,668,687,0,2,13,6,19
508,676,687,0,2,5,6,11
520,640,687,0,2,41,6,47
906,658,687,0,2,23,6,29
761,499,690,15,0,139,52,191
687,597,690,14,0,53,40,93
562,481,690,15,0,157,52,209
109,546,690,14,0,102,42,144
205,547,690,14,0,102,41,143
99,413,690,15,0,227,50,277
223,412,690,15,0,226,52,278
985,577,690,14,0,71,42,113
683,387,690,15,0,251,52,303
199,629,699,2,3,58,12,70
174,683,701,0,2,7,11,18
986,689,701,0,2,1,11,12
1037,663,701,0,2,27,11,38
60,660,701,0,2,30,11,41
1082,673,701,0,2,17,11,28
636,681,701,0,2,10,10,20
96,687,701,0,2,3,11,14
997,643,701,0,2,48,10,58
148,661,701,0,2,30,10,40
107,669,701,0,2,23,10,33
825,650,701,0,2,41,10,51
29,647,701,0,2,43,11,54
833,690,701,0,2,1,10,11
860,643,701,0,2,47,11,58
861,657,701,0,2,33,11,44
50,681,701,0,2,9,11,20
63,639,701,0,2,51,11,62
875,677,701,0,2,13,11,24
552,683,701,0,2,8,10,18
935,666,701,0,2,24,11,35
230,687,702,2,1,1,14,15
370,688,702,2,1,2,12,14
173,687,702,2,1,2,13,15
698,695,702,2,1,1,6,7
68,491,707,6,0,139,77,216
944,508,707,6,0,120,79,199
607,582,707,6,0,46,79,125
1069,496,707,4,0,169,42,211
599,481,707,6,0,148,78,226
155,511,707,6,0,117,79,196
61,479,707,6,0,149,79,228
580,549,707,4,0,115,43,158
62,538,707,6,0,93,76,169
248,485,707,4,0,179,43,222
1129,678,709,2,4,9,22,31
614,671,714,11,2,16,27,43
1001,465,714,16,2,177,72,249
1140,664,714,11,2,20,30,50
504,528,714,11,2,157,29,186
634,530,716,12,2,142,44,186
1011,598,716,12,2,73,45,118
889,578,716,12,2,92,46,138
94,595,716,12,2,74,47,121
414,558,716,10,2,140,18,158
288,608,716,19,2,40,68,108
1107,482,716,12,2,188,46,234
653,594,716,19,2,55,67,122
925,448,716,12,2,223,45,268
453,688,718,0,2,19,11,30
440,659,718,0,2,48,11,59
809,703,718,0,2,4,11,15
858,714,718,0,2,2,3,5
754,708,718,0,2,1,9,10
10,690,718,0,2,18,10,28
648,711,718,0,2,1,6,7
978,688,720,2,6,1,31,32
486,646,720,2,6,43,31,74
790,708,721,2,1,7,6,13
475,709,721,2,1,5,7,12
161,703,721,2,1,11,7,18
97,712,724,2,1,4,8,12
762,666,727,0,2,41,20,61
1105,695,727,0,2,12,20,32
862,714,727,0,2,1,12,13
283,704,727,0,2,4,19,23
1085,708,727,0,2,2,18,20
678,711,727,0,2,1,15,16
690,713,727,0,2,2,13,15
954,645,727,0,2,62,20,82
1159,678,727,2,7,10,39,49
899,682,727,0,2,25,20,45
483,675,727,0,2,33,19,52
185,705,727,0,2,2,20,22
871,703,727,0,2,4,20,24
393,690,727,0,2,17,20,37
86,492,731,10,0,206,33,239
583,587,731,10,0,111,33,144
910,437,731,12,0,232,62,294
877,528,731,10,0,170,33,203
962,584,731,18,0,75,72,147
801,386,731,12,0,283,62,345
642,513,731,12,0,156,62,218
638,462,731,12,0,207,62,269
639,408,731,12,0,262,61,323
812,578,731,19,0,70,83,153
802,564,731,12,0,105,62,167
305,713,732,2,0,1,18,19
54,554,732,10,0,147,31,178
817,528,732,10,0,172,32,204
237,513,732,16,0,129,90,219
1029,584,732,11,0,101,47,148
752,413,732,16,0,229,90,319
732,531,732,11,0,153,48,201
104,567,732,11,0,117,48,165
629,477,732,16,0,167,88,255
22,492,732,16,0,151,89,240
105,519,732,11,0,165,48,213
1170,529,732,16,0,113,90,203
597,566,732,11,0,120,46,166
412,572,732,10,0,128,32,160
152,491,732,16,0,151,90,241
1169,516,732,16,0,129,87,216
400,447,732,16,0,196,89,285
1088,635,736,2,9,53,48,101
1116,689,736,2,9,1,46,47
760,636,736,2,9,51,49,100
44,720,738,2,13,1,17,18
26,724,740,0,2,8,8,16
530,728,740,0,2,5,7,12
227,734,740,0,2,1,5,6
879,734,740,0,2,2,4,6
953,719,740,0,2,13,8,21
153,729,740,0,2,3,8,11
1051,725,741,0,2,6,10,16
516,729,741,0,2,2,10,12
1101,724,741,0,2,8,9,17
1034,724,741,0,2,7,10,17
959,727,741,0,2,5,9,14
722,717,741,0,2,14,10,24
222,722,741,0,2,10,10,20
11,733,741,0,2,1,7,8
736,721,741,0,2,11,9,20
758,728,741,0,2,3,10,13
125,730,741,0,2,1,10,11
676,719,741,0,2,14,9,23
219,719,741,0,2,12,10,22
775,728,741,0,2,4,9,13
578,732,741,0,2,1,8,9
768,727,741,0,2,4,10,14
441,723,741,0,2,8,10,18
976,720,741,0,2,11,10,21
1021,730,741,0,2,2,9,11
972,722,741,0,2,11,8,19
1038,720,744,2,4,7,17,24
901,730,747,2,10,1,16,17
1128,702,747,2,10,2,43,45
1010,724,750,2,14,1,25,26
92,682,752,2,11,21,49,70
618,719,752,2,6,9,24,33
731,727,759,2,8,2,30,32
36,718,759,2,17,1,40,41
1024,733,760,2,12,1,26,27
419,743,760,2,14,1,16,17
143,713,760,2,12,1,46,47
824,713,765,2,9,14,38,52
787,745,768,2,17,1,22,23
1005,650,770,2,13,51,69,120
838,703,779,2,16,2,74,76
1131,662,779,2,16,39,78,117
342,709,785,4,2,63,13,76
664,600,785,7,2,152,33,185
742,677,785,7,2,74,34,108
1019,732,785,8,2,15,38,53
448,645,785,9,2,91,49,140
407,471,785,7,2,280,34,314
759,599,785,9,2,138,48,186
409,564,785,8,2,180,41,221
442,720,785,6,2,40,25,65
1058,594,785,7,2,159,32,191
526,716,787,2,19,1,70,71
289,728,787,2,19,1,58,59
813,686,787,2,19,15,86,101
1146,692,787,2,19,10,85,95
561,650,787,2,19,52,85,137
995,765,790,0,2,14,11,25
1093,753,790,0,2,26,11,37
247,761,790,0,2,18,11,29
1112,742,790,0,2,37,11,48
52,741,790,0,2,38,11,49
880,748,790,0,2,31,11,42
25,762,790,0,2,17,11,28
396,745,790,0,2,34,11,45
705,759,790,0,2,20,11,31
724,747,790,0,2,32,11,43
264,755,790,0,2,24,11,35
32,743,790,0,2,36,11,47
737,761,790,0,2,18,11,29
487,750,790,0,2,29,11,40
629,765,790,0,2,14,11,25
406,759,790,0,2,20,11,31
477,738,790,0,2,41,11,52
528,743,790,0,2,36,11,47
549,757,790,0,2,22,11,33
496,749,790,0,2,30,11,41
274,745,791,2,17,1,45,46
23,764,794,2,1,21,9,30
943,760,794,2,1,25,9,34
328,737,794,2,1,48,9,57
821,727,794,2,1,58,9,67
739,762,794,2,1,23,9,32
908,731,794,2,1,55,8,63
557,732,794,2,1,53,9,62
240,776,794,2,1,9,9,18
116,763,794,2,1,23,8,31
679,751,794,2,1,35,8,43
644,774,796,2,4,16,6,22
386,790,801,2,5,1,10,11
293,585,802,8,0,159,58,217
811,452,802,7,0,300,50,350
894,592,802,9,0,144,66,210
507,565,802,8,0,180,57,237
1115,583,802,8,0,162,57,219
58,577,802,8,0,167,58,225
829,567,802,8,0,179,56,235
651,565,802,8,0,179,58,237
897,599,802,7,0,152,51,203
287,415,802,7,0,336,51,387
84,772,803,0,2,20,11,31
439,779,803,0,2,13,11,24
290,745,803,0,2,47,11,58
673,748,803,0,2,44,11,55
684,760,803,0,2,32,11,43
845,759,803,0,2,33,11,44
979,781,803,0,2,11,11,22
81,773,803,0,2,19,11,30
71,781,803,0,2,11,11,22
789,742,803,0,2,50,11,61
1150,750,803,0,2,43,11,54
706,774,803,0,2,18,11,29
198,765,803,0,2,27,11,38
83,769,803,0,2,24,11,35
876,766,803,0,2,26,11,37
22,739,803,0,2,53,11,64
747,761,803,0,2,31,11,42
703,776,803,0,2,16,11,27
956,777,803,0,2,15,11,26
1148,754,803,0,2,38,11,49
977,760,806,2,6,30,16,46
1164,796,812,0,2,6,10,16
382,778,812,0,2,24,10,34
975,784,812,0,2,18,10,28
28,746,812,0,2,56,10,66
345,781,812,0,2,21,10,31
947,794,812,0,2,8,10,18
265,799,812,0,2,3,10,13
318,764,812,0,2,38,10,48
774,752,812,0,2,50,10,60
55,797,812,0,2,5,10,15
131,768,812,0,2,34,10,44
1152,798,812,0,2,4,10,14
488,741,812,0,2,61,10,71
208,772,812,0,2,30,10,40
405,795,812,0,2,7,10,17
417,743,812,0,2,61,9,70
1103,791,812,0,2,11,10,21
535,759,812,0,2,44,10,54
298,788,812,0,2,14,10,24
565,774,812,0,2,28,10,38
959,786,818,2,7,4,28,32
843,765,818,2,7,26,27,53
748,798,821,2,3,5,18,23
560,811,821,2,3,1,9,10
542,799,821,2,3,5,17,22
1143,804,822,0,2,9,9,18
17,766,822,0,2,49,7,56
946,749,822,0,2,64,9,73
115,794,822,0,2,21,7,28
375,807,822,0,2,6,9,15
384,782,822,0,2,31,9,40
810,802,822,0,2,12,8,20
1090,777,822,0,2,36,9,45
140,761,822,0,2,52,9,61
570,770,822,0,2,43,9,52
745,794,822,0,2,19,9,28
723,798,822,0,2,15,9,24
61,790,822,0,2,23,9,32
630,787,822,0,2,27,8,35
961,809,822,0,2,5,8,13
1077,795,822,0,2,19,8,27
982,773,822,0,2,41,8,49
1000,813,822,0,2,1,8,9
1133,796,822,0,2,17,9,26
573,756,822,0,2,58,8,66
1037,809,826,2,4,1,16,17
1082,808,837,2,9,1,28,29
354,832,838,2,1,1,5,6
627,786,838,2,1,38,14,52
145,761,838,2,1,62,15,77
431,815,838,2,1,8,15,23
281,817,838,2,1,7,14,21
669,799,838,2,1,23,16,39
282,768,838,2,1,54,16,70
1049,833,838,2,1,1,4,5
288,806,838,2,1,19,13,32
854,806,838,2,1,16,16,32
311,816,838,2,1,6,16,22
719,798,838,2,1,25,16,41
928,734,838,2,1,88,16,104
890,819,839,0,2,1,19,20
506,780,839,0,2,40,19,59
1145,814,839,0,2,6,19,25
1012,805,839,0,2,15,19,34
320,815,839,0,2,6,18,24
356,823,839,0,2,1,15,16
151,824,839,0,2,2,13,15
773,824,839,0,2,1,14,15
934,813,839,0,2,9,17,26
135,819,839,0,2,2,18,20
1067,821,839,0,2,1,17,18
527,822,839,0,2,2,15,17
333,825,839,0,2,3,12,15
377,817,839,0,2,3,19,22
168,818,839,0,2,5,16,21
304,822,839,0,2,2,16,18
957,822,839,0,2,3,14,17
1106,822,839,0,2,1,16,17
454,797,839,0,2,24,18,42
856,730,841,3,2,100,11,111
543,754,841,3,2,76,11,87
65,733,841,3,2,98,10,108
693,824,846,2,10,1,21,22
844,798,847,2,0,25,24,49
1139,772,848,2,11,32,44,76
998,806,848,2,11,1,41,42
1057,840,850,2,1,1,9,10
395,839,850,2,3,1,10,11
711,832,850,2,3,8,10,18
741,837,852,2,11,1,14,15
501,720,856,17,2,60,76,136
253,741,856,18,2,30,85,115
352,751,856,10,2,81,24,105
437,675,856,18,2,96,85,181
133,700,856,18,2,72,84,156
186,666,856,14,2,139,51,190
476,792,856,15,2,1,63,64
154,684,856,15,2,108,64,172
42,729,856,11,2,91,36,127
571,674,856,15,2,117,65,182
425,751,856,2,12,52,53,105
919,841,857,0,2,6,10,16
686,847,857,0,2,1,9,10
815,846,857,0,2,1,10,11
228,838,857,0,2,9,10,19
938,832,857,0,2,15,10,25
509,847,857,0,2,1,9,10
467,829,857,0,2,19,10,29
649,838,857,0,2,11,8,19
923,844,857,0,2,3,10,13
1161,837,857,0,2,11,9,20
444,839,857,0,2,8,10,18
34,846,857,0,2,3,8,11
834,834,857,0,2,13,10,23
685,830,857,0,2,18,9,27
658,830,857,0,2,17,10,27
1084,839,857,0,2,10,9,19
729,835,857,0,2,12,10,22
1063,833,857,0,2,15,9,24
694,844,857,0,2,4,9,13
361,830,857,0,2,19,8,27
847,847,859,2,0,1,11,12
922,825,860,2,6,14,21,35
443,838,860,2,6,1,21,22
12,849,863,2,1,7,7,14
446,860,863,2,1,1,2,3
451,858,863,2,1,1,4,5
52,835,864,2,16,1,28,29
202,830,864,2,16,1,33,34
567,800,868,2,18,3,65,68
601,838,869,2,10,3,28,31
351,860,872,0,2,1,11,12
1080,855,872,0,2,4,13,17
1028,841,872,0,2,19,12,31
1142,862,872,0,2,1,9,10
489,850,872,0,2,9,13,22
559,847,872,0,2,12,13,25
355,855,872,0,2,6,11,17
817,853,872,0,2,7,12,19
916,848,872,0,2,11,13,24
990,848,872,0,2,12,12,24
641,850,872,0,2,12,10,22
1115,863,872,0,2,2,7,9
966,859,872,0,2,1,12,13
797,861,872,0,2,3,8,11
772,834,872,0,2,25,13,38
329,859,872,0,2,4,9,13
369,847,872,0,2,14,11,25
929,861,872,0,2,1,10,11
927,850,872,0,2,9,13,22
596,860,872,0,2,2,10,12
1078,833,873,2,19,1,39,40
160,781,876,2,19,24,71,95
1172,777,876,2,19,26,73,99
436,811,879,1,2,61,7,68
630,871,881,2,3,1,9,10
712,853,884,2,6,4,27,31
319,853,884,2,6,4,27,31
479,683,885,1,17,146,56,202
16,853,897,2,8,5,39,44
408,866,897,2,8,1,30,31
671,832,899,1,12,40,27,67
231,878,906,0,2,17,11,28
646,866,906,0,2,30,10,40
818,869,906,0,2,26,11,37
490,888,906,0,2,7,11,18
484,870,906,0,2,25,11,36
1096,886,906,0,2,9,11,20
218,865,906,0,2,30,11,41
57,882,906,0,2,13,11,24
314,866,906,0,2,30,11,41
891,879,906,0,2,16,11,27
955,875,906,0,2,20,11,31
77,868,906,0,2,27,11,38
743,875,906,0,2,20,11,31
885,878,906,0,2,17,11,28
259,872,906,0,2,23,11,34
536,894,906,0,2,1,11,12
1137,888,906,0,2,7,11,18
357,868,906,0,2,28,10,38
968,886,906,0,2,9,11,20
656,885,906,0,2,10,11,21
688,882,909,2,14,1,26,27
541,876,912,0,2,26,10,36
366,887,912,0,2,14,11,25
920,886,912,0,2,15,11,26
1018,870,912,0,2,32,10,42
981,897,912,0,2,4,11,15
372,900,912,0,2,1,11,12
244,898,912,0,2,3,11,14
1029,897,912,0,2,5,10,15
931,872,912,0,2,29,11,40
157,888,912,0,2,14,10,24
273,875,912,0,2,26,11,37
600,897,912,0,2,4,11,15
553,878,912,0,2,23,11,34
119,883,912,0,2,19,10,29
942,866,912,0,2,35,11,46
984,890,912,0,2,11,11,22
893,896,912,0,2,5,11,16
261,881,912,0,2,20,11,31
485,896,912,0,2,6,10,16
331,896,912,0,2,5,11,16
674,898,913,0,2,6,9,15
415,896,913,0,2,9,8,17
204,899,913,0,2,4,10,14
1060,897,913,0,2,6,10,16
269,873,913,0,2,30,10,40
633,906,913,0,2,1,6,7
1025,901,913,0,2,5,7,12
877,886,913,0,2,17,10,27
832,878,913,0,2,26,9,35
230,855,914,1,15,17,42,59
1095,770,915,8,2,133,12,145
74,883,919,1,2,30,6,36
557,850,919,1,16,23,46,69
78,910,919,0,2,1,8,9
643,908,919,0,2,1,10,11
353,905,919,0,2,2,12,14
478,863,921,2,1,52,6,58
616,874,921,2,1,41,6,47
476,897,921,2,1,20,4,24
260,907,921,2,1,9,5,14
935,864,921,2,1,52,5,57
739,804,925,1,4,111,10,121
654,884,927,2,4,22,21,43
878,865,931,2,17,15,51,66
337,849,931,2,17,30,52,82
124,894,934,1,0,27,13,40
845,905,934,2,0,10,19,29
1086,926,935,2,10,1,8,9
943,822,938,1,6,92,24,116
806,885,938,2,8,22,31,53
134,872,939,2,18,7,60,67
410,908,943,2,13,5,30,35
31,746,944,1,7,167,31,198
868,924,945,0,2,10,11,21
793,928,945,0,2,6,11,17
808,907,945,2,9,1,37,38
555,914,945,0,2,20,11,31
763,927,945,0,2,8,10,18
757,923,945,0,2,13,9,22
738,911,945,0,2,23,11,34
1168,924,945,0,2,11,10,21
1036,918,945,0,2,16,11,27
457,924,945,0,2,10,11,21
624,932,945,0,2,3,10,13
129,914,945,0,2,22,9,31
1044,926,945,0,2,8,11,19
430,933,945,0,2,1,11,12
735,911,945,0,2,24,10,34
223,914,945,0,2,20,11,31
295,931,945,0,2,4,11,15
15,916,945,0,2,19,10,29
996,920,945,0,2,14,11,25
657,919,945,0,2,16,10,26
882,918,945,0,2,16,11,27
2,916,949,2,6,1,32,33
854,899,956,1,8,17,40,57
849,945,957,2,5,1,11,12
403,926,961,2,7,2,33,35
250,817,966,1,9,96,53,149
285,762,966,1,9,152,52,204
591,782,966,1,9,131,53,184
1053,936,970,0,2,24,10,34
785,940,970,0,2,19,11,30
659,930,970,0,2,29,11,40
48,957,970,0,2,2,11,13
462,954,970,0,2,5,11,16
325,945,970,0,2,15,10,25
783,948,970,0,2,11,11,22
841,952,970,0,2,7,11,18
1132,957,970,0,2,2,11,13
733,947,970,0,2,12,11,23
1138,949,970,0,2,10,11,21
469,954,970,0,2,5,11,16
663,944,970,0,2,15,11,26
823,939,970,0,2,21,10,31
14,918,970,0,2,41,11,52
831,937,970,0,2,22,11,33
336,958,970,0,2,1,11,12
294,935,970,0,2,24,11,35
675,938,970,0,2,21,11,32
941,924,970,0,2,36,10,46
215,956,973,0,2,11,6,17
988,934,973,0,2,33,6,39
606,960,973,0,2,7,6,13
280,941,973,0,2,26,6,32
112,957,973,0,2,10,6,16
471,959,973,0,2,9,5,14
835,963,973,0,2,4,6,10
883,953,973,0,2,14,6,20
491,948,973,0,2,19,6,25
1061,963,973,0,2,7,4,11
521,947,973,0,2,21,5,26
896,963,973,0,2,4,6,10
356,925,974,2,9,2,47,49
588,926,974,2,9,1,47,48
270,781,975,18,2,168,26,194
846,957,980,0,2,12,12,24
235,966,980,0,2,2,12,14
910,954,980,0,2,15,11,26
525,968,980,0,2,1,11,12
912,960,980,0,2,8,12,20
162,969,980,0,2,1,10,11
519,949,980,0,2,19,12,31
681,937,980,0,2,31,12,43
999,909,981,1,16,4,68,72
130,960,981,2,3,11,10,21
856,957,982,2,1,18,7,25
72,958,982,2,1,18,6,24
465,926,982,2,1,49,7,56
203,975,982,2,1,1,6,7
551,970,982,2,1,5,7,12
771,924,982,2,1,52,7,59
585,941,982,2,1,36,5,41
447,924,982,2,1,52,6,58
453,915,982,2,10,1,66,67
456,923,982,2,10,1,58,59
701,972,990,2,4,1,17,18
434,938,991,2,11,1,52,53
281,964,992,1,8,9,19,28
82,972,993,2,0,6,15,21
220,947,996,2,12,26,23,49
278,972,1002,0,2,21,9,30
781,983,1002,0,2,12,7,19
554,993,1002,0,2,2,7,9
1048,977,1002,0,2,19,6,25
763,984,1002,2,9,1,17,18
853,987,1002,0,2,6,9,15
144,985,1002,0,2,8,9,17
293,985,1002,0,2,9,8,17
1008,974,1002,0,2,19,9,28
100,975,1002,0,2,19,8,27
800,974,1002,0,2,21,7,28
604,978,1002,0,2,16,8,24
1166,977,1002,0,2,16,9,25
580,994,1002,0,2,2,6,8
1073,973,1002,0,2,21,8,29
502,992,1002,0,2,2,8,10
499,974,1002,0,2,19,9,28
481,979,1002,0,2,14,9,23
635,987,1002,0,2,6,9,15
572,975,1002,0,2,18,9,27
194,992,1002,0,2,1,9,10
246,984,1003,2,14,1,18,19
291,911,1004,2,14,1,92,93
1157,970,1004,2,7,2,32,34
994,941,1004,2,14,1,62,63
740,997,1010,0,2,7,6,13
936,1006,1010,0,2,1,3,4
700,1002,1010,0,2,2,6,8
312,1003,1010,0,2,3,4,7
239,1001,1010,0,2,3,6,9
343,1004,1010,0,2,1,5,6
156,987,1010,0,2,17,6,23
138,1001,1010,0,2,6,3,9
212,1002,1010,0,2,3,5,8
593,1002,1010,0,2,2,6,8
1079,995,1010,0,2,10,5,15
546,1005,1010,0,2,2,4,6
852,996,1010,0,2,8,6,14
1170,1003,1010,0,2,1,6,7
364,1000,1010,0,2,5,5,10
461,996,1010,0,2,10,4,14
955,956,1011,2,8,14,41,55
121,972,1011,2,8,2,37,39
568,893,1014,2,15,20,101,121
238,953,1016,2,16,21,42,63
769,1008,1018,2,3,2,8,10
1080,978,1023,2,19,1,44,45
652,972,1023,2,19,1,50,51
715,1008,1025,2,10,1,16,17
782,898,1026,2,16,14,114,128
939,980,1028,2,1,37,11,48
1001,994,1028,2,1,24,10,34
101,989,1028,2,1,29,11,40
65,1008,1028,2,1,9,11,20
822,1024,1028,2,1,1,3,4
117,986,1028,2,1,31,11,42
128,1018,1028,2,1,2,8,10
420,984,1028,2,1,34,10,44
310,1011,1029,2,8,1,17,18
595,989,1030,2,11,13,28,41
722,993,1030,2,11,9,28,37
623,1021,1033,0,2,3,9,12
1135,1027,1033,0,2,2,4,6
960,1022,1033,0,2,3,8,11
1051,921,1033,2,18,1,111,112
784,1018,1033,0,2,8,7,15
482,1008,1033,0,2,18,7,25
254,889,1033,2,18,23,121,144
103,1009,1033,0,2,16,8,24
192,1008,1033,0,2,16,9,25
1123,1014,1033,0,2,11,8,19
159,1025,1033,0,2,1,7,8
590,1004,1033,0,2,20,9,29
749,1015,1033,0,2,9,9,18
791,1025,1033,0,2,2,6,8
381,1023,1033,0,2,1,9,10
79,1027,1033,0,2,1,5,6
505,1007,1033,0,2,17,9,26
638,1012,1033,0,2,12,9,21
236,1024,1033,0,2,4,5,9
727,1010,1033,0,2,14,9,23
1156,1006,1033,0,2,19,8,27
683,1011,1033,0,2,16,6,22
334,988,1035,2,0,31,16,47
676,1019,1035,2,0,2,14,16
814,925,1039,2,19,1,113,114
1168,1014,1039,2,9,1,24,25
873,1020,1041,2,4,13,8,21
624,1000,1041,2,15,2,39,41
313,1032,1048,0,2,4,12,16
38,1037,1048,0,2,1,10,11
631,1039,1048,0,2,2,7,9
1091,1037,1048,0,2,3,8,11
558,1035,1048,0,2,3,10,13
66,1042,1048,0,2,1,5,6
598,1040,1048,0,2,2,6,8
449,1031,1048,0,2,4,13,17
805,1041,1048,0,2,2,5,7
1122,1044,1048,0,2,1,3,4
114,1030,1048,2,5,3,15,18
362,1029,1048,0,2,8,11,19
944,1028,1048,0,2,8,12,20
962,1041,1048,0,2,1,6,7
56,1041,1048,0,2,3,4,7
864,1036,1048,0,2,1,11,12
1041,1027,1048,0,2,8,13,21
234,1034,1048,0,2,1,13,14
639,1036,1048,0,2,3,9,12
175,1039,1048,0,2,1,8,9
540,1028,1048,0,2,7,13,20
383,990,1050,2,17,13,47,60
702,1016,1056,2,6,17,23,40
318,1016,1056,2,6,18,22,40
665,1017,1056,2,6,16,23,39
10,1046,1057,2,4,2,9,11
559,998,1061,2,18,6,57,63
924,1050,1066,0,2,2,14,16
524,1052,1066,0,2,2,12,14
730,1051,1066,0,2,2,13,15
564,1047,1066,0,2,2,17,19
840,1053,1066,0,2,2,11,13
807,1046,1066,0,2,4,16,20
827,1048,1066,0,2,4,15,19
450,1053,1066,0,2,1,12,13
1027,1048,1066,0,2,1,17,18
412,1045,1066,0,2,4,17,21
537,1050,1066,0,2,1,15,16
498,1058,1069,1,3,1,10,11
63,1047,1069,2,6,2,20,22
656,1003,1072,2,19,2,67,69
108,1057,1077,0,2,13,7,20
360,1068,1077,0,2,1,8,9
788,1062,1077,0,2,8,7,15
67,1070,1077,0,2,3,4,7
617,1068,1077,0,2,2,7,9
41,1058,1077,0,2,11,8,19
655,1072,1077,0,2,2,3,5
411,1066,1077,0,2,6,5,11
1112,1060,1077,2,6,2,15,17
1,1064,1077,0,2,5,8,13
226,1060,1077,0,2,11,6,17
109,1054,1077,0,2,15,8,23
141,1068,1077,0,2,1,8,9
349,1068,1077,0,2,3,6,9
612,1061,1077,0,2,8,8,16
13,1073,1082,2,3,4,5,9
490,1077,1082,2,3,1,4,5
145,1046,1084,1,8,10,28,38
413,1074,1087,0,2,1,12,13
1089,1077,1087,0,2,1,9,10
342,1030,1089,2,1,49,10,59
249,1068,1089,2,1,11,10,21
1095,1080,1089,2,1,1,8,9
1136,1040,1089,2,1,38,11,49
995,1074,1091,2,14,1,16,17
668,1083,1093,2,3,4,6,10
582,1018,1094,1,10,38,38,76
494,1077,1094,2,5,2,15,17
677,1080,1098,2,0,2,16,18
846,1027,1098,2,0,51,20,71
1085,1045,1098,2,0,35,18,53
690,1059,1098,2,0,19,20,39
502,1052,1099,2,11,10,37,47
975,1085,1101,2,5,3,13,16
666,1072,1102,2,15,1,29,30
1028,1070,1104,2,6,8,26,34
1145,1067,1104,2,6,10,27,37
253,1090,1107,2,1,6,11,17
569,1098,1107,2,1,1,8,9
579,1104,1107,2,1,1,2,3
751,1094,1107,2,1,3,10,13
594,1097,1107,2,1,1,9,10
393,1062,1108,2,12,1,45,46
163,1093,1111,0,2,5,13,18
545,1081,1111,0,2,17,13,30
346,1089,1111,0,2,9,13,22
836,1096,1111,0,2,2,13,15
989,1095,1111,0,2,4,12,16
93,1079,1111,0,2,20,12,32
432,1093,1111,0,2,6,12,18
886,1091,1111,0,2,9,11,20
378,1094,1111,0,2,4,13,17
963,1090,1111,0,2,9,12,21
19,1082,1111,0,2,18,11,29
761,1097,1111,0,2,3,11,14
945,1084,1111,0,2,14,13,27
1068,1078,1111,0,2,20,13,33
263,1084,1111,0,2,15,12,27
563,1099,1111,0,2,2,10,12
205,1085,1111,0,2,13,13,26
819,1085,1111,0,2,16,10,26
43,1093,1111,0,2,5,13,18
897,1090,1111,0,2,8,13,21
189,1019,1120,2,13,43,58,101
528,1056,1120,2,13,5,59,64
704,1021,1130,2,14,42,67,109
321,1019,1130,2,14,42,69,111
185,1059,1130,2,14,2,69,71
1015,1094,1132,0,2,18,20,38
1050,1109,1132,0,2,3,20,23
517,1102,1132,0,2,10,20,30
577,1101,1132,0,2,12,19,31
306,1112,1132,0,2,3,17,20
507,1112,1132,0,2,1,19,20
120,1107,1132,0,2,6,19,25
1035,1103,1132,0,2,9,20,29
597,1102,1132,0,2,12,18,30
347,1113,1132,0,2,1,18,19
23,1100,1133,1,11,18,15,33
373,1121,1135,0,2,1,13,14
670,1130,1135,0,2,1,4,5
196,1129,1135,0,2,1,5,6
1007,1130,1135,0,2,2,3,5
829,1126,1135,0,2,1,8,9
918,1101,1138,1,3,20,17,37
669,1125,1138,1,3,1,12,13
914,1019,1139,2,16,42,78,120
609,1101,1140,2,3,10,29,39
786,1122,1142,0,2,1,19,20
216,1115,1142,0,2,1,26,27
344,1129,1142,0,2,1,12,13
637,1127,1142,0,2,1,14,15
592,1118,1142,0,2,1,23,24
900,1119,1142,0,2,1,22,23
650,1126,1142,0,2,1,15,16
80,1128,1142,0,2,1,13,14
708,1120,1142,0,2,2,20,22
303,1119,1142,0,2,2,21,23
1147,1120,1142,0,2,1,21,22
476,1077,1143,1,15,41,25,66
475,1093,1143,1,15,26,24,50
939,1033,1144,1,17,24,87,111
790,1098,1144,1,4,22,24,46
1165,1031,1144,2,17,30,83,113
1143,1125,1147,2,4,1,21,22
173,1126,1154,1,6,1,27,28
311,1103,1154,1,6,17,34,51
317,1058,1154,2,18,6,90,96
623,1110,1156,2,13,25,21,46
989,1146,1157,2,7,2,9,11
1059,1148,1157,2,7,2,7,9
1092,1137,1159,2,5,1,21,22
842,1136,1166,2,7,1,29,30
1098,1129,1168,2,16,7,32,39
344,1146,1169,2,8,1,22,23
1012,1143,1177,2,12,1,33,34
606,1089,1177,2,17,46,42,88
633,1149,1177,2,12,2,26,28
971,1093,1177,2,17,43,41,84
1166,1109,1177,2,17,28,40,68
587,1177,1181,2,1,1,3,4
1113,1168,1181,2,1,1,12,13
742,1136,1181,2,1,30,15,45
474,1124,1181,2,1,39,18,57
397,1133,1181,2,1,30,18,48
186,1144,1181,2,1,19,18,37
463,1109,1181,2,1,54,18,72
881,1125,1181,2,1,40,16,56
759,1119,1181,2,1,45,17,62
302,1143,1181,2,1,20,18,38
951,1159,1181,2,1,5,17,22
1058,1146,1181,2,1,17,18,35
925,1169,1181,2,1,1,11,12
206,1144,1181,2,1,21,16,37
1053,1167,1181,2,1,1,13,14
798,1163,1181,2,1,4,14,18
177,1132,1181,2,1,32,17,49
771,1149,1184,1,2,28,7,35
874,1135,1184,0,2,32,17,49
626,1140,1184,0,2,28,16,44
556,1131,1184,0,2,35,18,53
211,1102,1184,2,18,33,49,82
511,1154,1184,0,2,12,18,30
1046,1167,1184,0,2,1,16,17
958,1157,1184,0,2,10,17,27
692,1165,1184,0,2,2,17,19
608,1154,1184,0,2,15,15,30
54,1157,1184,0,2,9,18,27
584,1165,1184,0,2,1,18,19
424,1142,1184,0,2,24,18,42
547,1158,1184,0,2,8,18,26
136,1154,1184,0,2,12,18,30
35,1137,1184,0,2,29,18,47
242,1157,1184,0,2,11,16,27
812,1172,1184,0,2,1,11,12
942,1143,1184,2,18,1,40,41
327,1165,1184,0,2,5,14,19
297,1153,1184,0,2,14,17,31
915,1142,1187,2,14,1,44,45
384,1127,1192,2,0,36,29,65
1031,1143,1192,2,0,21,28,49
689,1175,1192,2,0,1,16,17
751,1138,1195,1,16,1,56,57
1047,1181,1195,0,2,1,13,14
464,1176,1195,0,2,3,16,19
64,1183,1195,0,2,1,11,12
642,1177,1195,0,2,2,16,18
99,1176,1195,0,2,4,15,19
128,1188,1200,1,3,1,11,12
375,1147,1200,2,17,2,51,53
1151,1185,1202,0,2,7,10,17
716,1186,1202,0,2,6,10,16
755,1193,1202,0,2,1,8,9
426,1184,1202,0,2,8,10,18
752,1187,1202,0,2,6,9,15
180,1188,1202,0,2,4,10,14
287,1184,1202,0,2,9,9,18
987,1155,1206,2,3,29,22,51
988,1162,1206,2,3,23,21,44
113,1186,1208,0,2,8,14,22
732,1198,1208,0,2,1,9,10
370,1187,1214,1,10,1,26,27
78,1179,1214,2,10,16,19,35
32,1178,1214,2,10,17,19,36
1041,1170,1214,2,10,28,16,44
343,1169,1217,2,4,16,32,48
1104,1180,1217,2,4,4,33,37
170,1215,1218,2,3,1,2,3
165,1191,1224,2,1,17,16,33
576,1180,1224,2,1,28,16,44
691,1206,1224,2,1,2,16,18
921,1181,1224,2,1,28,15,43
466,1185,1224,2,1,25,15,40
902,1197,1224,2,1,14,13,27
1045,1206,1224,2,1,3,15,18
224,1182,1224,2,1,26,16,42
573,1184,1224,2,1,24,16,40
793,1185,1226,2,5,1,40,41
1101,1203,1226,2,5,1,22,23
1023,1177,1226,2,11,19,30,49
1030,1161,1226,2,11,36,29,65
899,1176,1226,2,5,8,42,50
61,1208,1228,2,6,1,19,20
455,1220,1232,2,10,1,11,12
3,1169,1233,2,6,15,49,64
34,1164,1233,2,6,20,49,69
822,1195,1234,1,0,29,10,39
417,1184,1234,2,0,26,24,50
1034,1168,1236,2,12,28,40,68
963,1159,1236,2,12,36,41,77
616,1202,1238,1,8,1,35,36
1033,1200,1238,0,2,24,14,38
855,1222,1238,0,2,2,14,16
363,1229,1238,0,2,1,8,9
18,1200,1238,0,2,25,13,38
106,1218,1238,0,2,7,13,20
1160,1202,1238,0,2,22,14,36
330,1206,1238,0,2,19,13,32
39,1218,1238,0,2,6,14,20
970,1222,1238,0,2,3,13,16
1153,1206,1238,0,2,18,14,32
765,1214,1238,0,2,10,14,24
811,1205,1238,0,2,19,14,33
583,1223,1238,0,2,1,14,15
894,1209,1238,0,2,15,14,29
726,1213,1238,0,2,13,12,25
350,1211,1238,0,2,14,13,27
713,1203,1238,0,2,23,12,35
459,1218,1238,0,2,10,10,20
104,1211,1238,0,2,13,14,27
779,1206,1238,0,2,21,11,32
506,1184,1240,2,7,1,55,56
686,1212,1246,2,14,2,32,34
126,1234,1246,0,2,1,11,12
799,1149,1247,1,13,37,61,98
484,1154,1247,2,13,42,51,93
420,1145,1248,1,8,32,71,103
1105,1162,1248,2,8,22,64,86
920,1181,1248,2,8,3,64,67
694,1169,1248,2,8,15,64,79
205,1180,1252,2,14,16,56,72
919,1224,1256,2,3,14,18,32
146,1211,1258,2,15,1,46,47
853,1223,1258,2,15,1,34,35
563,1193,1260,2,15,2,65,67
47,1178,1260,2,15,19,63,82
564,1218,1263,2,4,21,24,45
789,1244,1263,2,4,1,18,19
401,1177,1265,2,16,18,70,88
471,1169,1265,2,16,26,70,96
540,1195,1265,2,16,1,69,70
398,1162,1265,2,16,33,70,103
45,1252,1268,2,5,1,15,16
482,1192,1269,2,17,10,67,77
382,1222,1269,2,17,1,46,47
551,1221,1270,1,13,20,29,49
136,1252,1270,2,13,1,17,18
118,1261,1271,2,1,1,9,10
1154,1224,1271,2,1,30,18,48
423,1256,1271,2,1,2,14,16
73,1234,1271,2,1,18,19,37
697,1232,1271,2,1,22,17,39
1102,1245,1271,2,1,10,16,26
255,1252,1271,2,1,1,18,19
766,1229,1271,2,1,23,19,42
1074,1242,1271,2,1,11,19,30
660,1223,1271,2,1,29,19,48
794,1255,1271,2,1,1,15,16
1018,1154,1275,2,17,41,80,121
569,1209,1276,1,15,31,36,67
206,1193,1276,1,15,47,36,83
218,1233,1277,2,7,8,36,44
766,1272,1278,1,0,1,5,6
1076,1238,1278,2,0,15,25,40
493,1221,1280,2,18,1,58,59
335,1242,1282,0,2,21,19,40
848,1247,1282,0,2,15,20,35
169,1238,1282,0,2,24,20,44
237,1266,1282,0,2,1,15,16
152,1267,1282,0,2,1,14,15
862,1211,1285,2,19,2,72,74
1014,1182,1285,2,19,13,90,103
645,1216,1285,2,8,22,47,69
240,1205,1288,1,16,36,47,83
768,1282,1294,2,4,1,11,12
354,1238,1295,1,18,2,55,57
993,1280,1296,0,2,2,14,16
313,1226,1296,2,12,12,58,70
468,1281,1296,0,2,2,13,15
69,1272,1296,0,2,8,16,24
365,1271,1296,0,2,8,17,25
1118,1270,1296,0,2,8,18,26
88,1274,1296,0,2,4,18,22
801,1279,1296,0,2,2,15,17
155,1275,1296,0,2,4,17,21
164,1271,1296,0,2,7,18,25
288,1216,1303,1,19,24,63,87
28,1240,1303,2,13,2,61,63
433,1255,1303,2,19,1,47,48
738,1282,1305,2,5,1,22,23
236,1275,1305,2,5,7,23,30
117,1281,1306,1,4,8,17,25
555,1277,1313,2,6,7,29,36
762,1230,1316,2,15,8,78,86
683,1228,1316,2,15,11,77,88
960,1296,1317,2,5,1,20,21
1006,1288,1319,2,7,1,30,31
6,1289,1324,2,1,25,10,35
566,1290,1324,2,1,23,11,34
1141,1317,1324,2,1,1,6,7
122,1287,1324,2,1,25,12,37
24,1311,1324,2,1,1,12,13
154,1315,1324,2,1,1,8,9
445,1289,1324,2,1,23,12,35
225,1272,1324,2,1,40,12,52
1151,1302,1324,2,1,10,12,22
461,1310,1324,2,1,5,9,14
574,1224,1325,2,16,16,85,101
282,1215,1326,1,8,56,55,111
730,1259,1326,2,8,23,44,67
374,1274,1326,2,8,9,43,52
463,1284,1329,1,9,6,39,45
516,1281,1330,2,0,32,17,49
628,1289,1330,0,2,23,18,41
1134,1314,1330,0,2,2,14,16
87,1315,1330,0,2,2,13,15
1167,1301,1330,0,2,12,17,29
1017,1287,1330,0,2,25,18,43
1072,1301,1330,0,2,11,18,29
830,1315,1330,0,2,1,14,15
376,1288,1330,0,2,25,17,42
892,1293,1330,0,2,21,16,37
599,1305,1330,0,2,8,17,25
105,1312,1330,0,2,2,16,18
191,1300,1330,0,2,12,18,30
190,1303,1330,0,2,12,15,27
400,1303,1330,0,2,9,18,27
203,1279,1336,1,9,1,56,57
447,1253,1336,1,9,19,64,83
358,1280,1336,2,9,2,54,56
826,1282,1336,2,9,2,52,54
487,1279,1336,2,9,3,54,57
1057,1323,1340,1,4,1,16,17
115,1334,1340,2,4,2,4,6
423,1334,1345,1,2,6,5,11
1100,1329,1345,0,2,1,15,16
181,1333,1345,0,2,1,11,12
710,1336,1345,0,2,1,8,9
538,1321,1345,0,2,9,15,24
179,1323,1345,0,2,8,14,22
1169,1334,1345,0,2,1,10,11
1071,1335,1345,0,2,1,9,10
818,1288,1350,2,10,41,21,62
284,1330,1350,2,10,1,19,20
439,1304,1351,2,5,27,20,47
65,1339,1358,1,3,9,10,19
12,1328,1358,1,3,19,11,30
783,1305,1359,2,11,23,31,54
77,1309,1359,2,11,19,31,50
703,1331,1362,2,6,2,29,31
947,1280,1365,2,12,48,37,85
911,1326,1365,2,12,2,37,39
958,1313,1369,2,7,19,37,56
378,1334,1369,2,7,1,34,35
441,1312,1369,2,7,18,39,57
478,1351,1371,1,4,1,19,20
740,1340,1371,2,4,23,8,31
1094,1352,1371,2,4,11,8,19
267,1345,1373,0,2,3,25,28
123,1342,1373,0,2,6,25,31
322,1355,1373,0,2,1,17,18
380,1354,1373,0,2,1,18,19
1032,1341,1373,0,2,8,24,32
46,1355,1373,0,2,2,16,18
562,1355,1373,0,2,1,17,18
651,1348,1373,0,2,1,24,25
292,1357,1373,0,2,1,15,16
62,1339,1373,0,2,9,25,34
802,1344,1373,0,2,6,23,29
946,1316,1375,2,13,12,47,59
881,1274,1379,1,10,46,59,105
859,1328,1380,2,1,37,15,52
1108,1352,1380,2,1,14,14,28
1114,1342,1380,2,1,25,13,38
949,1370,1380,2,1,2,9,11
1040,1372,1380,2,1,1,7,8
277,1367,1380,2,1,2,11,13
359,1343,1380,2,1,22,15,37
210,1358,1380,2,1,10,12,22
492,1377,1380,2,1,1,2,3
571,1369,1380,2,1,1,10,11
462,1341,1380,2,1,24,15,39
809,1346,1380,2,7,16,18,34
990,1336,1380,2,7,26,18,44
1065,1355,1380,2,1,10,15,25
60,1373,1381,2,6,1,7,8
163,1373,1383,2,10,1,9,10
583,1354,1383,2,10,1,28,29
290,1313,1384,2,14,15,56,71
320,1323,1384,2,14,5,56,61
553,1295,1384,2,14,34,55,89
1049,1321,1387,1,12,1,65,66
890,1334,1387,2,12,1,52,53
627,1361,1390,1,7,3,26,29
810,1369,1390,2,7,4,17,21
373,1348,1392,2,8,14,30,44
231,1347,1392,2,8,17,28,45
908,1328,1393,1,0,52,13,65
258,1329,1393,2,0,37,27,64
474,1331,1395,1,11,8,56,64
907,1288,1395,2,15,40,67,107
72,1287,1397,1,13,34,76,110
216,1325,1397,2,13,5,67,72
26,1334,1397,2,13,3,60,63
278,1370,1398,2,9,4,24,28
464,1370,1398,2,9,3,25,28
243,1368,1400,2,12,2,30,32
489,1280,1406,2,16,48,78,126
952,1301,1406,2,16,27,78,105
335,1330,1409,2,14,1,78,79
883,1284,1409,2,14,46,79,125
485,1362,1409,2,13,1,46,47
397,1344,1411,1,14,19,48,67
1074,1400,1411,1,2,1,10,11
316,1397,1411,0,2,2,12,14
734,1384,1411,0,2,9,18,27
172,1381,1411,0,2,12,18,30
367,1378,1411,0,2,16,17,33
917,1396,1411,0,2,1,14,15
867,1384,1411,0,2,10,17,27
500,1367,1411,0,2,28,16,44
68,1396,1411,0,2,2,13,15
607,1377,1411,0,2,16,18,34
1069,1366,1411,0,2,27,18,45
58,1382,1411,0,2,14,15,29
27,1362,1411,0,2,31,18,49
193,1288,1411,2,17,42,81,123
985,1364,1411,0,2,30,17,47
9,1357,1415,2,14,1,57,58
646,1345,1415,2,14,1,69,70
212,1337,1415,2,14,8,70,78
832,1343,1415,2,14,2,70,72
821,1369,1419,1,16,1,49,50
1015,1304,1419,2,19,24,91,115
815,1323,1419,2,19,6,90,96
142,1280,1419,2,19,49,90,139
430,1288,1419,2,19,40,91,131
98,1307,1419,2,19,22,90,112
895,1287,1419,2,19,41,91,132
253,1326,1420,1,18,1,93,94
681,1303,1420,2,18,27,90,117
445,1377,1421,1,3,25,19,44
247,1370,1423,2,15,1,52,53
541,1368,1429,2,16,1,60,61
18,1364,1429,2,16,1,64,65
342,1396,1431,1,4,6,29,35
116,1387,1431,1,4,14,30,44
208,1394,1431,2,4,17,20,37
97,1316,1432,1,19,4,112,116
235,1417,1436,2,5,1,18,19
792,1384,1436,2,5,27,25,52
470,1349,1436,2,18,1,86,87
207,1379,1437,2,1,28,30,58
913,1387,1437,2,1,22,28,50
501,1390,1437,2,1,17,30,47
184,1413,1437,2,1,1,23,24
51,1409,1437,2,1,2,26,28
512,1399,1437,2,1,8,30,38
1022,1383,1437,2,1,24,30,54
709,1405,1437,2,1,4,29,33
245,1417,1437,2,1,1,19,20
94,1395,1437,2,1,12,30,42
619,1396,1437,2,1,14,27,41
49,1420,1437,2,1,1,16,17
746,1394,1437,2,1,14,29,43
1163,1417,1437,2,1,2,18,20
1099,1428,1437,2,1,1,8,9
673,1358,1443,2,19,1,84,85
981,1363,1443,2,19,1,79,80
545,1380,1445,2,0,28,37,65
467,1426,1445,2,0,1,18,19
174,1397,1447,2,6,15,35,50
69,1384,1447,2,6,28,35,63
35,1378,1447,2,6,33,36,69
366,1434,1453,2,3,10,9,19
129,1434,1453,2,3,12,7,19
804,1383,1457,2,7,28,46,74
1042,1436,1462,2,4,8,18,26
1002,1422,1464,0,2,24,18,42
324,1449,1464,0,2,1,14,15
539,1426,1464,0,2,21,17,38
91,1418,1464,0,2,27,19,46
30,1452,1464,0,2,1,11,12
1110,1414,1464,0,2,32,18,50
70,1400,1464,0,2,46,18,64
696,1430,1464,0,2,16,18,34
149,1400,1464,0,2,45,19,64
850,1429,1464,0,2,16,19,35
1124,1415,1464,0,2,30,19,49
209,1412,1464,0,2,33,19,52
221,1430,1464,0,2,15,19,34
1144,1398,1464,0,2,47,19,66
687,1417,1464,0,2,31,16,47
661,1423,1464,0,2,22,19,41
248,1407,1464,0,2,40,17,57
108,1446,1465,2,10,1,18,19
151,1455,1465,2,6,1,9,10
876,1412,1465,2,10,31,22,53
805,1378,1467,2,8,34,55,89
1020,1377,1467,2,8,34,56,90
141,1420,1470,2,5,23,27,50
585,1374,1472,1,9,27,71,98
346,1404,1472,2,9,8,60,68
841,1411,1472,2,9,2,59,61
886,1408,1472,2,9,3,61,64
825,1398,1472,2,9,13,61,74
488,1401,1472,2,9,10,61,71
277,1421,1473,1,6,35,17,52
868,1445,1475,2,13,1,29,30
156,1428,1475,2,6,15,32,47
945,1438,1475,2,13,5,32,37
1058,1424,1480,1,7,32,24,56
239,1434,1483,2,7,9,40,49
897,1425,1483,2,7,18,40,58
38,1428,1484,2,15,15,41,56
719,1438,1485,1,2,38,9,47
625,1469,1485,0,2,1,15,16
513,1456,1485,0,2,10,19,29
1095,1428,1486,1,8,28,30,58
765,1438,1491,2,8,5,48,53
1119,1379,1495,2,16,64,52,116
1160,1425,1496,2,9,20,51,71
856,1463,1498,1,3,20,15,35
255,1444,1498,1,3,38,16,54
710,1489,1498,2,3,1,8,9
351,1449,1501,2,17,1,51,52
192,1390,1501,2,17,53,58,111
779,1449,1501,2,17,2,50,52
1130,1457,1503,2,1,34,12,46
667,1440,1503,2,1,53,10,63
602,1440,1503,2,1,51,12,63
341,1451,1503,2,1,40,12,52
402,1438,1503,2,1,53,12,65
1149,1492,1503,2,1,1,10,11
1019,1445,1503,2,1,47,11,58
147,1451,1503,2,1,43,9,52
1140,1497,1503,2,1,1,5,6
640,1489,1503,2,1,2,12,14
414,1475,1503,2,1,18,10,28
610,1484,1503,2,1,7,12,19
764,1469,1503,2,1,22,12,34
452,1485,1503,2,1,10,8,18
1039,1479,1503,2,1,12,12,24
33,1439,1503,2,10,4,60,64
1121,1481,1503,2,1,11,11,22
496,1439,1503,2,1,52,12,64
1040,1427,1504,1,10,48,29,77
902,1441,1504,1,10,34,29,63
877,1472,1504,2,10,13,19,32
1148,1470,1504,2,10,15,19,34
1142,1494,1507,2,4,1,12,13
598,1386,1510,2,11,58,66,124
339,1434,1510,2,11,9,67,76
55,1378,1510,2,11,65,67,132
1090,1440,1511,2,19,4,67,71
159,1394,1511,2,19,50,67,117
468,1468,1512,2,0,24,20,44
222,1491,1512,2,0,1,20,21
904,1438,1512,2,0,54,20,74
594,1467,1513,1,11,8,38,46
660,1470,1513,1,11,6,37,43
850,1472,1513,2,5,17,24,41
851,1482,1513,2,5,7,24,31
1164,1421,1519,2,13,23,75,98
996,1385,1519,2,13,58,76,134
921,1451,1520,1,6,30,39,69
925,1416,1523,1,12,61,46,107
1004,1501,1525,0,2,2,22,24
110,1492,1525,0,2,12,21,33
86,1482,1525,0,2,21,22,43
262,1444,1528,2,14,1,83,84
405,1480,1529,2,7,10,39,49
483,1477,1531,2,13,8,46,54
579,1508,1536,1,4,5,23,28
308,1515,1536,2,4,10,11,21
415,1399,1537,2,16,44,94,138
749,1386,1537,2,16,57,94,151
1045,1423,1539,1,8,58,58,116
794,1383,1539,1,15,93,63,156
1046,1476,1539,2,8,15,48,63
1141,1524,1540,1,4,1,15,16
113,1505,1542,2,5,20,17,37
440,1518,1542,2,5,7,17,24
970,1424,1545,2,17,19,102,121
621,1505,1550,2,6,21,24,45
599,1530,1550,2,6,1,19,20
1001,1373,1551,1,16,102,76,178
249,1480,1551,1,9,1,70,71
836,1487,1551,2,9,2,62,64
757,1460,1551,2,16,25,66,91
158,1461,1551,2,16,25,65,90
157,1480,1551,2,16,5,66,71
197,1393,1553,2,19,50,110,160
4,1535,1554,2,9,1,18,19
742,1501,1555,1,7,12,42,54
472,1521,1558,2,1,17,20,37
1120,1544,1558,2,1,2,12,14
437,1506,1558,2,1,31,21,52
232,1543,1558,2,1,1,14,15
887,1538,1558,2,1,1,19,20
857,1543,1558,2,1,2,13,15
672,1503,1558,2,1,33,22,55
973,1551,1558,2,1,1,6,7
531,1550,1558,2,1,1,7,8
162,1509,1558,2,1,27,22,49
40,1463,1558,2,17,22,73,95
572,1527,1558,2,1,9,22,31
119,1510,1561,2,9,15,36,51
986,1479,1564,2,14,10,75,85
449,1470,1564,2,14,20,74,94
517,1541,1564,2,0,1,22,23
138,1462,1564,2,14,27,75,102
83,1545,1564,2,0,2,17,19
333,1545,1564,2,0,1,18,19
951,1484,1570,1,16,1,85,86
558,1466,1570,2,18,19,85,104
1050,1462,1570,2,18,23,85,108
67,1473,1570,2,18,13,84,97
360,1485,1576,2,17,7,84,91
1154,1534,1577,1,2,39,4,43
101,1544,1577,1,2,28,5,33
1066,1534,1577,0,2,31,12,43
795,1544,1577,0,2,22,11,33
1056,1530,1577,0,2,34,13,47
421,1534,1577,0,2,30,13,43
200,1546,1577,2,3,21,10,31
127,1563,1577,2,3,4,10,14
431,1402,1582,1,19,73,107,180
655,1475,1582,2,19,10,97,107
658,1464,1582,2,19,22,96,118
70,1579,1585,2,3,1,5,6
861,1491,1585,2,19,2,92,94
1093,1550,1589,2,4,18,21,39
330,1574,1589,2,4,1,14,15
429,1574,1593,2,1,1,18,19
270,1566,1593,2,1,10,17,27
1109,1568,1593,2,1,7,18,25
50,1577,1593,2,1,2,14,16
166,1572,1593,2,1,5,16,21
87,1535,1594,2,10,42,17,59
54,1542,1594,2,10,35,17,52
283,1568,1594,2,10,9,17,26
106,1578,1598,2,0,2,18,20
1122,1565,1598,2,0,10,23,33
840,1578,1598,2,9,3,17,20
183,1576,1598,2,9,4,18,22
314,1576,1598,2,0,2,20,22
546,1576,1598,2,0,1,21,22
839,1565,1599,2,6,3,31,34
785,1557,1602,2,11,20,25,45
1035,1509,1602,2,11,68,25,93
617,1572,1605,2,10,8,25,33
353,1531,1605,2,10,49,25,74
24,1507,1607,1,12,65,35,100
926,1515,1607,2,12,62,30,92
322,1559,1609,2,7,8,42,50
982,1537,1609,2,7,30,42,72
1054,1542,1609,2,7,25,42,67
466,1579,1612,1,2,29,4,33
460,1576,1612,0,2,22,14,36
1009,1592,1612,0,2,9,11,20
428,1602,1612,0,2,1,9,10
76,1580,1612,0,2,19,13,32
967,1585,1612,0,2,13,14,27
695,1572,1612,0,2,26,14,40
523,1575,1612,0,2,25,12,37
581,1574,1612,0,2,24,14,38
865,1572,1612,0,2,27,13,40
73,1498,1613,1,13,75,40,115
684,1575,1613,2,11,6,32,38
830,1499,1613,2,13,78,36,114
411,1536,1613,2,13,41,36,77
723,1582,1613,2,11,1,30,31
219,1517,1613,2,13,60,36,96
186,1547,1620,1,14,25,48,73
215,1543,1620,2,14,38,39,77
1,1520,1620,2,14,57,43,100
587,1590,1627,1,3,16,21,37
48,1516,1629,2,15,66,47,113
759,1547,1630,1,9,61,22,83
1117,1615,1630,2,9,1,14,15
571,1537,1631,1,15,35,59,94
118,1559,1636,1,4,48,29,77
1096,1623,1636,2,4,1,12,13
348,1576,1636,2,4,36,24,60
17,1563,1639,2,16,19,57,76
781,1520,1639,2,16,60,59,119
1118,1512,1640,2,16,65,63,128
22,1521,1640,2,16,56,63,119
1022,1584,1643,1,11,24,35,59
784,1611,1643,2,11,5,27,32
41,1617,1643,2,11,1,25,26
997,1586,1643,2,11,30,27,57
144,1629,1644,2,12,1,14,15
312,1623,1644,2,12,1,20,21
670,1608,1644,2,12,10,26,36
859,1594,1645,1,5,13,38,51
402,1594,1645,1,5,12,39,51
534,1632,1645,2,1,1,12,13
1087,1638,1645,2,1,1,6,7
620,1640,1645,2,1,1,4,5
613,1616,1645,2,1,6,23,29
898,1610,1645,2,1,13,22,35
905,1602,1645,2,1,22,22,44
1107,1597,1645,2,1,25,23,48
438,1642,1645,2,1,1,2,3
937,1614,1645,2,1,11,20,31
272,1634,1645,2,1,1,10,11
725,1621,1645,2,1,2,22,24
848,1611,1645,2,1,11,23,34
1103,1583,1645,2,5,30,32,62
628,1577,1646,2,17,3,66,69
936,1536,1646,2,17,47,63,110
303,1545,1646,2,17,35,66,101
481,1539,1646,2,17,41,66,107
147,1507,1648,1,17,67,74,141
260,1499,1648,1,17,73,76,149
204,1545,1648,2,17,32,71,103
209,1584,1649,2,12,33,32,65
910,1621,1649,2,12,1,27,28
6,1539,1650,1,6,68,43,111
1091,1511,1653,2,18,70,72,142
66,1515,1653,2,18,65,73,138
179,1499,1653,2,18,81,73,154
576,1493,1655,1,18,79,83,162
511,1608,1655,2,0,14,33,47
696,1614,1655,2,13,3,38,41
518,1622,1655,2,0,2,31,33
388,1617,1655,2,13,2,36,38
1125,1606,1655,2,0,16,33,49
535,1606,1655,2,0,18,31,49
691,1614,1656,1,15,1,41,42
196,1521,1658,2,19,60,77,137
184,1573,1662,1,9,33,56,89
465,1537,1662,1,9,69,56,125
359,1549,1662,1,9,57,56,113
764,1544,1662,1,9,62,56,118
570,1620,1662,2,15,1,41,42
457,1633,1667,2,16,1,33,34
949,1619,1670,1,2,43,8,51
647,1604,1670,0,2,51,15,66
1158,1633,1670,0,2,22,15,37
1026,1633,1670,0,2,25,12,37
1171,1609,1670,0,2,47,14,61
1083,1617,1670,0,2,40,13,53
514,1642,1670,0,2,13,15,28
7,1617,1670,0,2,38,15,53
368,1652,1670,0,2,4,14,18
399,1610,1670,0,2,45,15,60
5,1632,1670,0,2,24,14,38
1134,1604,1673,2,16,12,57,69
629,1600,1673,2,16,17,56,73
79,1628,1675,2,18,1,46,47
224,1643,1680,1,3,19,18,37
631,1636,1680,2,3,34,10,44
228,1672,1680,2,3,2,6,8
499,1667,1680,2,3,3,10,13
501,1610,1684,1,17,1,73,74
172,1591,1684,2,17,25,68,93
709,1669,1687,1,2,13,5,18
168,1672,1688,2,4,1,15,16
492,1605,1694,1,18,4,85,89
355,1589,1694,2,18,29,76,105
852,1642,1694,2,5,29,23,52
435,1666,1696,2,1,11,20,31
744,1668,1696,2,1,8,20,28
932,1660,1696,2,1,16,20,36
133,1646,1696,2,1,31,19,50
699,1662,1696,2,1,17,17,34
1062,1690,1696,2,1,1,5,6
872,1666,1696,2,1,11,19,30
550,1649,1696,2,1,27,20,47
1033,1645,1696,2,1,31,20,51
1135,1646,1696,2,1,30,20,50
329,1687,1696,2,1,1,8,9
929,1656,1696,2,1,21,19,40
661,1583,1700,2,19,33,84,117
150,1653,1703,2,6,17,33,50
1149,1691,1711,1,0,5,15,20
414,1643,1711,1,10,40,28,68
363,1664,1711,2,10,24,23,47
554,1647,1711,2,0,31,33,64
413,1643,1711,2,10,45,23,68
225,1684,1713,1,3,1,28,29
29,1640,1715,2,7,30,45,75
622,1697,1721,0,2,7,17,24
1043,1682,1721,0,2,20,19,39
659,1665,1721,2,11,22,34,56
796,1667,1721,0,2,35,19,54
965,1703,1721,0,2,2,16,18
611,1669,1721,0,2,34,18,52
46,1653,1721,2,11,36,32,68
924,1681,1723,2,5,15,27,42
421,1672,1727,2,9,1,54,55
1048,1678,1730,2,12,9,43,52
1113,1672,1733,1,6,12,49,61
315,1701,1735,2,1,19,15,34
930,1705,1735,2,1,13,17,30
188,1710,1735,2,1,9,16,25
1155,1714,1735,2,1,8,14,22
256,1718,1735,2,1,1,16,17
1162,1699,1735,2,1,19,17,36
532,1697,1735,2,1,22,16,38
653,1718,1735,2,1,2,15,17
991,1711,1735,2,1,7,17,24
527,1655,1736,2,13,33,48,81
27,1661,1736,2,13,26,49,75
520,1651,1736,2,13,36,49,85
780,1723,1742,2,10,1,18,19
600,1717,1742,2,10,5,20,25
245,1634,1745,1,14,48,63,111
213,1636,1745,2,14,51,58,109
380,1694,1746,2,0,24,28,52
933,1691,1746,2,8,4,51,55
1003,1702,1746,2,8,1,43,44
1083,1726,1748,2,9,6,16,22
279,1723,1748,2,9,8,17,25
227,1671,1750,2,15,17,62,79
1029,1725,1751,2,11,1,25,26
524,1690,1755,2,9,5,60,65
5,1690,1755,2,9,7,58,65
1161,1690,1755,2,9,5,60,65
241,1722,1757,0,2,24,11,35
347,1737,1760,2,14,1,22,23
1127,1659,1761,2,16,31,71,102
736,1688,1761,2,16,1,72,73
1170,1656,1761,2,16,31,74,105
1008,1726,1763,2,13,1,36,37
566,1691,1765,1,12,1,73,74
396,1750,1766,2,3,8,8,16
940,1655,1766,2,17,32,79,111
201,1744,1766,2,3,13,9,22
190,1749,1766,2,3,8,9,17
870,1702,1770,2,13,2,66,68
855,1759,1771,2,4,1,11,12
513,1689,1771,2,18,1,81,82
575,1670,1771,2,18,19,82,101
962,1673,1771,2,18,14,84,98
207,1706,1772,1,15,3,63,66
272,1753,1777,1,6,1,23,24
786,1699,1777,2,14,1,77,78
149,1674,1777,2,14,21,82,103
944,1770,1777,2,6,2,5,7
155,1764,1777,2,6,5,8,13
984,1690,1777,2,14,6,81,87
754,1715,1781,2,19,6,60,66
307,1719,1781,2,19,2,60,62
369,1694,1782,2,15,1,87,88
341,1764,1783,1,8,1,18,19
306,1670,1783,2,19,17,96,113
626,1756,1784,2,7,1,27,28
1124,1742,1784,2,7,15,27,42
377,1751,1784,2,7,6,27,33
1115,1759,1789,2,8,2,28,30
399,1706,1790,2,16,1,83,84
1087,1729,1791,1,9,15,47,62
1167,1770,1791,2,9,1,20,21
198,1776,1792,2,3,8,8,16
269,1701,1802,2,18,1,100,101
89,1773,1806,2,10,11,22,33
817,1752,1806,2,10,32,22,54
1171,1694,1809,2,19,4,111,115
1013,1701,1809,2,19,2,106,108
90,1760,1814,2,11,24,30,54
948,1749,1823,2,12,36,38,74
191,1802,1823,2,3,11,10,21
94,1728,1826,1,12,77,21,98
135,1757,1832,2,13,29,46,75
385,1795,1834,2,1,21,18,39
664,1802,1834,2,1,11,21,32
863,1762,1834,2,1,51,21,72
680,1737,1834,2,1,76,21,97
390,1796,1834,2,1,17,21,38
167,1799,1834,2,1,16,20,36
1055,1818,1834,2,1,1,15,16
53,1789,1834,2,1,24,21,45
214,1737,1834,2,1,77,20,97
391,1774,1834,2,1,39,21,60
132,1818,1834,2,1,2,14,16
460,1813,1834,2,1,1,20,21
1056,1762,1834,2,1,53,19,72
64,1808,1834,2,6,5,21,26
178,1807,1834,2,1,8,19,27
697,1796,1836,1,13,9,31,40
716,1812,1838,2,10,6,20,26
1123,1789,1839,2,7,24,26,50
578,1804,1839,2,7,10,25,35
746,1766,1843,1,14,40,37,77
917,1827,1843,2,0,1,15,16
379,1814,1843,2,0,3,26,29
747,1767,1843,2,14,20,56,76
296,1774,1843,2,0,40,29,69
122,1773,1844,1,8,31,40,71
394,1835,1847,2,3,2,10,12
586,1844,1847,2,3,1,2,3
593,1798,1850,2,11,19,33,52
732,1821,1850,2,11,1,28,29
549,1828,1850,2,11,1,21,22
302,1741,1852,1,16,66,45,111
1099,1731,1852,1,16,75,46,121
39,1765,1853,2,15,20,68,88
99,1743,1853,2,15,41,69,110
913,1785,1857,1,12,23,49,72
93,1813,1857,2,12,6,38,44
345,1842,1857,2,6,1,14,15
803,1827,1857,2,12,1,29,30
418,1819,1857,2,12,2,36,38
965,1776,1860,2,16,9,75,84
51,1771,1861,1,18,34,56,90
512,1739,1861,1,18,66,56,122
1155,1852,1861,1,2,2,7,9
210,1753,1861,1,18,52,56,108
1016,1764,1861,0,2,80,17,97
95,1783,1861,0,2,62,16,78
717,1758,1861,0,2,85,18,103
866,1783,1861,0,2,60,18,78
777,1769,1861,0,2,74,18,92
316,1798,1867,2,13,20,49,69
961,1835,1867,2,8,1,31,32
1111,1806,1867,2,13,11,50,61
887,1832,1869,1,5,23,14,37
1102,1821,1869,1,5,33,15,48
1100,1860,1869,2,5,1,8,9
831,1783,1870,2,17,1,86,87
503,1847,1874,2,1,13,14,27
480,1842,1874,2,1,18,14,32
816,1870,1874,2,1,1,3,4
778,1844,1874,2,1,18,12,30
721,1839,1875,2,11,1,35,36
891,1797,1876,2,14,20,59,79
625,1766,1878,2,19,18,94,112
1110,1789,1878,2,19,1,88,89
432,1777,1878,2,19,9,92,101
137,1841,1880,2,0,20,19,39
332,1840,1880,2,0,20,20,40
827,1853,1880,2,0,8,19,27
381,1836,1881,2,13,2,43,45
194,1842,1881,2,13,2,37,39
323,1854,1882,2,7,7,21,28
964,1799,1883,2,16,21,63,84
1132,1794,1883,2,16,23,66,89
1000,1812,1883,2,16,5,66,71
976,1815,1883,2,16,3,65,68
57,1861,1888,2,8,1,26,27
1017,1791,1889,2,17,26,72,98
1066,1835,1893,2,17,1,57,58
180,1837,1893,2,17,2,54,56
275,1832,1893,2,17,3,58,61
1075,1850,1898,2,10,31,17,48
1047,1814,1900,2,18,3,83,86
966,1793,1900,2,18,25,82,107
1114,1867,1906,1,3,23,16,39
280,1869,1906,2,3,31,6,37
182,1794,1906,2,19,25,87,112
874,1845,1908,2,12,36,27,63
867,1854,1914,2,13,28,32,60
25,1877,1914,2,13,4,33,37
1077,1846,1914,2,13,36,32,68
477,1890,1915,2,4,9,16,25
109,1883,1926,2,14,1,42,43
450,1852,1926,2,14,31,43,74
368,1873,1927,2,5,26,28,54
889,1872,1931,2,1,32,27,59
407,1913,1931,2,1,1,17,18
442,1922,1931,2,1,1,8,9
869,1913,1931,2,1,2,16,18
662,1922,1931,2,1,2,7,9
271,1922,1931,2,1,1,8,9
372,1915,1932,2,3,11,6,17
11,1926,1932,2,3,1,5,6
223,1877,1932,2,15,5,50,55
229,1879,1932,2,15,2,51,53
602,1895,1939,1,6,1,43,44
53,1846,1939,1,10,75,18,93
610,1844,1939,1,10,75,20,95
993,1859,1939,2,16,25,55,80
59,1868,1939,2,6,31,40,71
820,1858,1939,2,16,23,58,81
257,1873,1940,2,0,32,35,67
510,1916,1940,2,0,1,23,24
1061,1927,1940,2,0,1,12,13
495,1924,1944,2,5,1,19,20
613,1890,1947,1,7,1,56,57
788,1854,1949,2,17,27,68,95
244,1884,1949,2,17,2,63,65
743,1865,1949,2,17,16,68,84
879,1883,1949,2,17,2,64,66
1140,1899,1950,1,11,20,31,51
91,1903,1950,2,11,24,23,47
1025,1927,1951,2,6,1,23,24
1108,1921,1955,1,12,2,32,34
1107,1909,1955,1,12,10,36,46
96,1901,1955,2,12,26,28,54
232,1889,1957,1,8,1,67,68
58,1880,1957,2,8,21,56,77
1019,1916,1958,1,8,1,41,42
1002,1929,1958,2,8,1,28,29
954,1914,1958,2,8,11,33,44
956,1905,1958,2,8,20,33,53
724,1887,1961,2,18,1,73,74
435,1940,1962,1,2,14,8,22
699,1913,1962,1,13,7,42,49
619,1917,1962,1,13,2,43,45
1163,1873,1962,1,13,46,43,89
251,1907,1962,2,13,20,35,55
1147,1953,1962,2,10,1,8,9
795,1902,1968,2,12,40,26,66
801,1914,1968,2,12,27,27,54
938,1962,1971,2,3,3,6,9
153,1937,1971,2,3,25,9,34
154,1874,1972,1,15,48,50,98
532,1859,1972,1,15,61,52,113
647,1951,1977,2,14,1,25,26
884,1900,1977,2,14,41,36,77
640,1931,1978,1,4,22,25,47
1070,1962,1978,2,4,1,15,16
472,1847,1979,1,16,72,60,132
667,1927,1984,1,15,8,49,57
973,1838,1984,1,17,82,64,146
500,1893,1984,2,17,34,57,91
448,1980,1985,2,1,1,4,5
276,1949,1985,2,1,26,10,36
458,1974,1985,2,1,1,10,11
678,1954,1990,2,6,8,28,36
392,1910,1991,2,16,33,48,81
171,1988,1994,2,1,1,5,6
389,1938,1994,2,1,36,20,56
1004,1959,1994,2,1,16,19,35
81,1956,1994,2,1,18,20,38
797,1983,1994,2,1,1,10,11
932,1905,1995,1,18,15,75,90
1062,1905,1995,1,18,14,76,90
438,1908,1995,1,18,13,74,87
315,1954,2001,1,0,31,16,47
556,1933,2001,2,17,9,59,68
972,1903,2001,2,17,38,60,98
857,1947,2002,1,7,6,49,55
1064,1955,2002,2,7,9,38,47
672,1836,2005,1,19,83,86,169
828,1948,2013,2,8,15,50,65
123,1989,2018,2,3,15,14,29
365,1989,2018,2,3,14,15,29
538,1957,2021,2,12,6,58,64
95,1963,2021,2,12,1,57,58
864,1990,2023,2,11,8,25,33
634,2016,2031,2,1,1,14,15
301,2028,2031,2,1,1,2,3
30,1982,2031,2,7,21,28,49
1032,2001,2031,2,1,13,17,30
376,1994,2031,2,7,9,28,37
221,1956,2033,2,13,6,71,77
552,1968,2033,2,13,1,64,65
642,2001,2034,2,12,1,32,33
638,1977,2034,2,12,22,35,57
635,2003,2034,2,12,1,30,31
584,1989,2037,2,9,16,32,48
1126,2000,2038,2,0,15,23,38
304,1994,2038,2,0,20,24,44
429,1981,2044,1,13,7,56,63
800,1978,2044,2,13,20,46,66
139,1965,2044,2,14,1,78,79
713,2018,2044,2,11,13,13,26
871,2030,2044,2,11,1,13,14
596,2029,2044,2,11,2,13,15
937,2029,2049,1,3,3,17,20
214,1966,2050,1,14,21,63,84
531,1952,2052,1,15,2,98,100
636,2024,2053,2,12,7,22,29
0,2016,2053,2,12,15,22,37
725,1987,2058,1,18,2,69,71
612,1971,2058,2,18,27,60,87
327,2010,2058,2,18,1,47,48
407,1962,2064,1,7,69,33,102
778,1948,2064,1,17,7,109,116
734,2030,2064,2,13,3,31,34
866,2045,2064,2,7,1,18,19
529,2055,2068,2,1,2,12,14
371,2032,2068,2,1,14,22,36
352,2058,2068,2,1,1,9,10
217,2057,2068,2,1,1,10,11
504,2047,2068,2,1,1,20,21
819,2019,2072,2,15,14,39,53
1021,2066,2073,2,7,1,6,7
15,2037,2075,2,8,5,33,38
270,1951,2076,1,18,2,123,125
858,2040,2077,2,0,7,30,37
750,2017,2078,2,16,15,46,61
823,2022,2083,2,9,19,42,61
758,2025,2083,2,17,7,51,58
1052,2078,2092,2,3,9,5,14
132,2022,2095,1,13,9,64,73
649,2040,2095,2,13,3,52,55
611,2093,2102,2,10,1,8,9
581,2050,2102,2,10,32,20,52
565,2087,2103,2,4,2,14,16
331,2084,2103,2,4,2,17,19
1130,2011,2107,1,14,22,74,96
615,2106,2109,2,1,1,2,3
992,2074,2109,2,1,14,21,35
905,2089,2112,1,2,18,5,23
362,2085,2114,2,11,1,28,29
390,1997,2115,1,15,34,84,118
761,2042,2115,2,15,2,71,73
865,2068,2116,2,7,17,31,48
505,2069,2116,2,7,17,30,47
882,2103,2120,2,12,2,15,17
777,2085,2121,2,8,3,33,36
350,2039,2124,2,17,2,83,85
682,2051,2125,2,15,32,42,74
385,2089,2128,1,0,20,19,39
534,2100,2128,1,0,10,18,28
437,1997,2129,1,18,35,97,132
125,2073,2129,2,9,12,44,56
835,2081,2129,2,9,4,44,48
967,2103,2133,2,16,1,29,30
1060,2102,2133,2,16,1,30,31
837,2068,2134,2,16,14,52,66
774,2080,2144,2,19,2,62,64
256,2111,2151,1,3,29,11,40
872,2056,2159,1,4,84,19,103
442,2127,2168,1,6,14,27,41
664,2109,2174,1,7,33,32,65
1011,2164,2174,2,1,6,4,10
217,2104,2174,1,7,36,34,70
898,2102,2174,1,7,39,33,72
389,2108,2174,1,10,1,65,66
454,2120,2174,2,10,1,53,54
773,2162,2177,2,3,1,14,15
14,2116,2177,2,3,41,20,61
504,2132,2178,1,11,26,20,46
107,2161,2180,2,0,8,11,19
634,2104,2185,1,12,2,79,81
1043,2127,2187,2,4,31,29,60
620,2082,2191,1,13,24,85,109
521,2141,2191,2,13,1,49,50
391,2157,2193,1,15,1,35,36
364,2184,2197,2,3,9,4,13
324,2112,2198,2,14,1,85,86
692,2128,2198,2,14,1,69,70
816,2147,2200,1,6,1,52,53
603,2141,2200,2,6,16,43,59
428,2185,2202,2,4,6,11,17
1144,2180,2202,2,4,12,10,22
700,2178,2202,2,13,1,23,24
791,2176,2202,2,4,15,11,26
133,2133,2203,1,18,26,44,70
577,2141,2207,2,7,18,48,66
188,2051,2208,1,15,55,102,157
562,2154,2208,2,15,1,53,54
653,2158,2209,1,19,2,49,51
543,2192,2210,2,1,4,14,18
756,2186,2210,2,1,9,15,24
705,2172,2210,2,16,7,31,38
1067,2187,2210,2,7,5,18,23
643,2153,2215,2,16,1,61,62
19,2116,2215,2,16,1,98,99
237,2142,2215,2,16,1,72,73
860,2137,2215,2,16,1,77,78
745,2158,2217,2,9,2,57,59
885,2132,2217,2,9,25,60,85
695,2183,2220,2,9,8,29,37
367,2201,2229,2,5,18,10,28
539,2193,2233,2,12,1,39,40
286,2222,2241,2,7,1,18,19
607,2226,2245,2,6,7,12,19
622,2238,2251,2,6,1,12,13
1152,2212,2254,2,11,21,21,42
590,2242,2264,2,9,1,21,22
650,2221,2264,2,13,14,29,43
735,2248,2264,2,13,1,15,16
687,2227,2269,2,14,7,35,42
896,2210,2269,2,14,24,35,59
187,2235,2273,2,1,26,12,38
519,2239,2273,2,1,23,11,34
1162,2193,2275,1,3,61,21,82
525,2250,2275,2,19,1,24,25
969,2244,2277,2,16,1,32,33
957,2226,2278,2,16,7,45,52
1133,2200,2278,2,16,33,45,78
7,2249,2283,2,6,16,18,34
1063,2241,2290,2,18,1,48,49
1055,2205,2292,1,7,49,38,87
536,2280,2302,2,4,9,13,22
1089,2257,2304,2,9,9,38,47
737,2277,2313,2,5,12,24,36
503,2257,2314,1,11,1,56,57
550,2233,2314,1,11,23,58,81
292,2311,2320,2,3,1,8,9
242,2269,2320,2,12,1,50,51
1158,2283,2321,2,7,8,30,38
543,2305,2325,1,3,11,9,20
42,2320,2327,2,1,2,5,7
869,2201,2327,1,13,54,72,126
56,2278,2332,2,8,12,42,54
167,2334,2337,1,2,1,2,3
744,2249,2338,1,17,5,84,89
589,2297,2340,2,9,1,42,43
834,2292,2340,2,9,1,47,48
727,2285,2347,2,10,22,40,62
299,2335,2353,2,1,6,13,19
912,2291,2355,2,12,17,47,64
802,2286,2355,2,12,23,46,69
662,2324,2363,1,19,6,33,39
1150,2348,2364,2,0,1,15,16
1084,2340,2364,2,0,1,23,24
110,2320,2367,2,13,1,46,47
131,2294,2367,2,13,13,60,73
148,2332,2375,2,14,1,42,43
276,2344,2378,1,6,11,23,34
811,2354,2383,2,7,13,16,29
927,2306,2385,2,15,1,78,79
120,2374,2394,2,9,2,18,20
293,2357,2395,2,8,9,29,38
424,2353,2395,2,12,6,36,42
875,2367,2395,2,12,1,27,28
233,2357,2395,2,8,11,27,38
301,2284,2396,1,16,18,94,112
916,2355,2403,2,14,3,45,48
263,2373,2403,2,14,1,29,30
547,2383,2406,2,11,1,22,23
807,2348,2407,2,9,18,41,59
126,2364,2407,2,9,2,41,43
480,2272,2408,1,17,29,107,136
336,2331,2408,2,17,1,76,77
259,2284,2408,2,17,24,100,124
261,2287,2408,2,17,20,101,121
111,2349,2411,2,16,9,53,62
752,2353,2411,2,16,5,53,58
675,2394,2412,2,5,5,13,18
80,2283,2413,2,18,24,106,130
1009,2381,2417,2,13,1,35,36
273,2393,2417,2,6,6,18,24
726,2295,2420,2,19,15,110,125
1137,2361,2423,2,19,1,61,62
1068,2413,2427,2,4,6,8,14
775,2379,2427,2,19,1,47,48
448,2387,2429,1,9,2,40,42
295,2405,2439,2,0,16,18,34
796,2401,2442,2,12,19,22,41
833,2415,2454,2,14,3,36,39
685,2390,2454,2,14,28,36,64
893,2393,2454,2,14,26,35,61
491,2447,2461,2,3,1,13,14
953,2425,2461,2,3,18,18,36
241,2407,2464,2,16,11,46,57
880,2461,2471,2,10,1,9,10
164,2438,2471,2,6,6,27,33
985,2424,2472,2,14,22,26,48
733,2462,2473,2,11,1,10,11
349,2464,2474,2,4,5,5,10
812,2398,2475,2,19,20,57,77
772,2449,2481,2,13,1,31,32
406,2462,2484,2,7,6,16,22
604,2456,2487,2,15,1,30,31
140,2485,2500,2,5,3,12,15
1027,2479,2508,2,6,8,21,29
62,2475,2508,2,6,11,22,33
71,2504,2510,2,3,1,5,6
169,2496,2510,2,3,6,8,14
1106,2482,2514,2,8,4,28,32
248,2510,2518,2,4,1,7,8
1007,2496,2521,2,7,4,21,25
299,2522,2525,1,2,1,2,3
614,2460,2525,2,1,51,14,65
352,2468,2526,1,10,23,35,58
171,2491,2529,1,8,10,28,38
104,2497,2529,2,11,4,28,32
615,2482,2536,1,11,11,43,54
597,2524,2540,2,11,2,14,16
968,2474,2541,2,16,26,41,67
889,2465,2543,1,12,27,51,78
444,2540,2551,2,3,5,6,11
706,2520,2552,2,16,5,27,32
1016,2493,2554,2,19,7,54,61
1079,2490,2554,2,19,11,53,64
458,2434,2556,1,16,57,65,122
580,2554,2562,2,4,1,7,8
894,2540,2563,2,9,4,19,23
1169,2531,2564,2,16,5,28,33
941,2509,2566,2,17,1,56,57
931,2545,2570,2,18,1,24,25
287,2554,2575,2,7,2,19,21
409,2560,2593,2,1,25,8,33
934,2590,2593,2,1,1,2,3
1036,2578,2600,2,11,7,15,22
1011,2544,2607,1,12,29,34,63
507,2603,2614,2,8,1,10,11
88,2604,2621,2,10,1,16,17
469,2557,2624,2,18,27,40,67
756,2588,2627,1,16,18,21,39
529,2618,2630,1,2,4,8,12
657,2596,2634,2,19,6,32,38
357,2632,2644,2,9,1,11,12
641,2638,2648,2,4,1,9,10
1138,2635,2666,2,10,8,23,31
1044,2628,2666,2,10,16,22,38
371,2645,2669,1,3,14,10,24
892,2628,2674,2,14,15,31,46
68,2667,2679,2,6,4,8,12
755,2661,2684,2,19,1,22,23
592,2666,2689,2,9,4,19,23
86,2683,2704,2,10,4,17,21
187,2686,2722,1,14,16,20,36
294,2715,2732,2,8,2,15,17
234,2715,2732,2,8,3,14,17
900,2728,2747,2,10,1,18,19
537,2739,2751,2,4,2,10,12
175,2735,2758,2,17,1,22,23
1069,2752,2761,2,4,1,8,9
43,2747,2780,2,13,3,30,33
112,2742,2793,2,16,7,44,51
409,2783,2800,1,8,4,13,17
608,2772,2815,2,19,11,32,43
42,2790,2816,1,11,10,16,26
297,2818,2832,2,4,2,12,14
412,2825,2841,2,10,1,15,16
829,2840,2859,2,8,6,13,19
639,2847,2878,2,12,7,24,31
226,2846,2888,2,15,7,35,42
637,2848,2899,2,16,5,46,51
459,2909,2920,2,1,4,7,11
400,2909,2936,2,16,4,23,27
651,2963,2979,2,8,4,12,16
152,3018,3047,2,16,4,25,29
105,3032,3048,2,11,1,15,16
614,3024,3057,1,11,19,14,33
