0,13,10,0
4,17,16,0
5,18,16,0
1,20,16,0
0,22,7,1
5,26,15,0
4,27,15,1
0,30,7,2
2,32,1,0
3,33,1,0
4,33,15,2
1,34,18,0
0,38,6,2
5,38,13,2
4,41,13,2
1,42,17,1
2,42,1,2
0,43,6,3
3,45,0,0
2,48,0,2
5,49,13,3
1,51,16,2
0,52,5,3
4,52,12,2
3,53,2,1
0,56,5,5
5,57,12,3
2,59,5,0
0,61,4,5
4,61,12,3
5,63,11,3
1,65,10,4
3,66,6,0
4,67,11,3
5,67,11,5
2,68,6,0
0,70,4,8
1,74,9,5
3,75,1,1
0,77,2,8
5,77,10,5
4,78,10,3
3,79,1,2
0,82,1,6
2,83,0,0
1,85,6,7
3,87,0,2
2,91,2,3
0,93,0,6
3,94,2,1
5,97,2,5
1,99,1,7
4,102,2,3
5,103,2,5
1,106,0,8
2,106,7,0
4,107,1,2
3,108,7,0
2,113,4,2
3,114,8,0
5,115,1,5
4,118,0,2
0,119,17,0
4,124,2,2
2,126,2,4
3,127,6,1
5,127,0,5
1,129,17,0
0,131,15,4
2,133,2,4
0,138,14,6
3,139,0,2
1,142,15,1
2,144,0,4
0,145,13,8
3,148,2,1
0,152,13,11
5,152,19,0
1,153,14,1
2,156,5,0
4,156,19,0
0,159,12,11
2,161,5,1
3,161,1,0
1,162,13,1
5,162,18,6
4,163,18,1
0,165,12,13
4,168,17,2
1,170,10,1
3,170,1,1
0,171,11,14
5,172,18,8
2,173,4,1
0,175,11,17
4,177,16,3
2,178,4,3
3,180,0,1
1,181,10,5
5,182,17,9
0,183,10,17
3,185,1,1
4,185,15,4
2,189,3,3
5,190,16,9
1,191,9,5
0,194,9,17
3,195,2,3
4,195,13,5
5,195,15,9
2,197,3,4
1,200,9,7
0,203,8,17
4,205,12,6
5,207,14,11
0,208,8,19
1,208,8,7
2,208,2,4
3,208,1,0
2,212,2,5
4,212,11,7
1,215,7,7
0,218,7,19
5,218,13,12
3,219,1,3
1,222,7,13
4,222,10,11
2,223,1,5
5,223,12,13
3,226,0,4
1,227,6,13
2,230,0,5
0,231,2,20
5,231,11,13
1,232,5,14
3,232,2,5
0,238,1,16
4,239,2,14
1,241,4,17
5,242,10,13
0,248,0,17
1,250,2,19
3,250,9,0
4,250,1,12
2,251,9,0
3,258,8,4
4,259,0,11
0,260,2,1
1,260,0,14
2,263,8,3
5,266,2,14
2,268,7,3
3,268,8,9
2,275,6,9
5,276,1,13
3,277,7,10
2,280,6,12
5,280,1,14
4,283,19,0
3,284,6,10
0,285,19,0
5,285,0,15
2,287,5,12
1,288,19,0
0,289,19,1
5,292,2,2
0,294,18,1
3,294,3,12
4,294,18,5
2,298,5,14
3,299,3,15
0,303,17,5
4,305,18,7
2,306,4,14
0,307,17,7
4,310,17,7
3,311,2,15
2,315,4,15
3,316,2,16
1,318,0,0
5,318,12,0
0,319,16,8
4,320,16,7
5,323,12,6
2,325,3,15
3,326,0,16
0,327,16,12
1,328,2,3
2,332,2,16
3,332,2,1
4,332,15,8
5,333,11,6
0,335,15,13
4,338,14,16
1,341,7,0
5,342,11,15
2,343,0,13
3,344,7,0
0,345,14,15
4,347,13,18
1,348,7,3
0,353,13,16
1,353,6,3
5,353,10,15
2,356,2,1
3,357,9,0
1,361,6,4
3,362,8,5
4,366,2,20
0,368,2,20
1,369,5,6
2,370,8,1
5,370,2,20
3,372,5,7
4,372,0,15
0,378,1,14
1,378,4,10
5,378,0,17
3,379,4,7
0,383,0,15
2,383,9,0
4,383,1,10
3,384,4,7
1,385,3,13
2,391,8,2
0,392,2,2
3,394,3,7
4,395,2,11
1,397,2,17
5,400,18,0
2,403,7,3
1,404,1,17
3,405,2,7
5,408,17,7
1,410,0,16
3,412,0,6
0,415,18,0
2,415,6,6
1,417,1,9
5,417,16,13
3,418,2,1
4,418,10,1
2,424,4,9
5,424,15,16
0,425,19,0
1,425,2,11
2,429,3,11
3,429,0,0
4,431,12,0
5,431,14,19
0,434,19,10
3,436,2,6
2,438,2,14
4,438,11,5
0,444,18,10
2,444,2,11
4,447,10,9
1,449,18,1
5,449,2,20
0,450,18,12
3,451,9,0
2,455,1,12
0,456,17,12
4,460,10,16
0,461,17,14
5,462,0,10
3,463,7,4
2,466,1,11
3,470,6,6
0,471,15,15
5,472,2,12
2,474,0,11
1,475,0,0
0,478,14,19
4,479,2,16
2,480,2,3
3,482,5,8
1,486,2,5
2,487,3,0
3,488,4,10
4,489,2,14
3,495,3,13
5,495,10,1
2,497,2,1
4,500,1,17
0,501,2,20
3,502,2,13
2,506,0,0
1,508,13,0
3,510,0,10
4,511,1,18
0,512,0,15
5,513,19,1
1,516,12,8
2,518,2,10
5,518,18,4
3,519,4,0
4,519,0,19
0,522,2,4
1,523,11,9
3,525,2,2
5,525,17,6
2,528,1,0
4,530,2,3
1,532,10,12
3,532,2,2
0,533,6,0
2,536,1,3
3,537,1,3
5,537,16,7
1,541,9,13
2,543,1,5
0,544,2,1
5,544,15,11
1,546,8,16
3,547,0,1
4,549,0,0
2,552,0,5
0,553,2,4
1,553,7,19
5,554,14,15
3,557,1,13
4,557,2,2
2,561,1,2
3,562,1,14
0,565,1,4
5,565,12,16
1,569,2,20
0,570,0,3
2,570,2,3
3,572,2,14
4,572,2,1
0,576,0,5
5,576,11,19
1,580,1,15
2,580,2,1
0,585,1,8
3,586,6,0
5,588,2,20
1,591,0,16
2,592,6,1
4,592,11,1
3,593,5,4
0,594,1,9
1,598,2,6
5,598,1,13
3,601,5,5
2,602,7,0
0,603,2,9
5,608,0,13
3,610,4,5
4,613,0,0
2,615,2,4
0,616,5,2
1,617,16,1
4,618,1,2
3,620,4,6
5,620,1,12
1,624,18,0
2,624,2,4
3,625,3,6
0,629,14,1
4,629,2,3
5,629,2,12
1,635,17,3
2,636,1,5
3,636,2,7
1,640,16,4
2,641,0,3
1,645,15,5
3,647,0,5
0,652,0,0
2,653,2,19
1,654,11,7
4,654,12,2
3,659,2,2
5,659,18,1
2,660,3,1
4,661,13,1
0,663,0,8
1,665,10,8
5,667,19,0
0,669,2,10
2,669,4,0
3,669,4,0
1,674,8,11
4,674,19,0
5,675,18,2
2,676,4,1
3,679,0,0
5,679,18,3
0,681,7,2
2,685,2,1
1,687,4,12
5,689,14,3
2,690,2,4
3,690,1,15
1,692,3,12
5,695,14,4
0,697,19,1
3,697,2,16
1,699,2,12
2,702,1,4
4,703,0,0
0,704,19,1
3,708,2,1
4,709,2,14
1,710,0,5
0,713,18,1
5,713,2,4
3,715,2,1
0,718,17,2
1,718,2,6
5,719,0,1
2,720,9,0
3,727,7,1
0,731,9,3
1,731,7,1
2,731,7,2
4,732,14,2
5,732,2,2
2,737,7,3
0,739,7,3
3,741,0,0
4,743,18,1
0,746,5,3
2,747,5,3
3,747,1,7
1,748,0,0
4,752,19,0
1,753,1,3
0,754,4,4
2,754,2,3
5,756,13,1
3,758,2,7
0,761,4,5
1,762,2,4
2,763,1,6
2,771,0,1
3,772,0,0
0,773,3,5
5,776,0,0
1,777,13,5
2,777,2,11
4,778,2,1
0,780,2,6
3,781,2,5
5,786,2,4
1,790,15,3
4,790,1,1
2,791,5,2
0,792,1,1
3,794,0,0
5,796,2,3
1,801,17,1
3,804,2,15
2,805,8,1
0,811,10,0
3,812,5,1
4,813,13,0
5,815,10,4
2,822,0,0
1,824,0,0
3,826,0,0
0,827,2,1
5,827,12,3
2,832,1,7
4,832,2,1
1,833,1,3
5,834,15,2
3,835,1,1
0,836,2,4
4,836,2,0
2,837,1,7
1,839,2,5
3,840,2,1
4,840,2,3
0,841,1,6
2,843,2,7
1,847,3,4
0,851,0,2
3,853,0,0
2,854,0,0
1,858,7,3
5,860,0,0
0,861,1,18
4,861,13,4
2,862,2,1
3,864,2,1
0,868,1,19
1,868,10,2
4,869,15,3
3,869,2,0
2,871,2,0
5,872,2,5
4,877,16,1
0,879,2,20
3,881,0,0
2,882,2,0
1,886,19,1
3,888,2,8
5,891,10,7
0,892,11,2
2,893,2,4
3,897,0,0
2,903,1,5
4,903,2,0
5,903,11,6
3,904,1,9
5,908,12,4
0,910,18,1
2,911,0,0
3,915,2,10
4,916,2,4
1,917,0,0
5,917,16,3
2,921,2,5
5,924,18,2
1,929,2,7
3,929,9,1
2,929,2,0
2,933,2,2
0,935,2,0
5,935,19,1
4,937,10,6
2,939,1,2
3,943,0,0
0,945,1,1
4,945,11,3
1,946,10,3
2,948,2,0
3,949,1,12
0,950,1,0
0,957,2,3
1,960,14,2
3,960,2,12
2,962,0,0
4,964,0,0
5,964,0,0
0,966,7,5
1,966,15,1
2,968,2,9
5,974,2,1
4,975,2,7
2,977,3,2
3,977,1,0
0,979,10,4
3,984,0,0
0,985,11,3
5,987,2,0
4,988,2,1
2,989,4,1
1,991,1,0
3,996,1,6
5,997,1,2
0,998,13,2
1,1001,3,2
2,1001,0,0
4,1003,2,1
3,1005,2,6
0,1007,17,1
5,1008,0,0
2,1011,2,8
4,1013,2,2
3,1014,2,3
5,1016,2,2
1,1020,18,1
2,1023,0,0
3,1026,3,3
2,1029,2,12
3,1033,4,2
4,1033,11,5
5,1034,10,2
0,1036,0,0
2,1042,9,1
1,1044,0,0
3,1044,5,1
4,1044,16,4
0,1047,1,10
4,1051,17,3
5,1051,19,1
1,1053,2,0
0,1054,2,12
3,1058,2,0
4,1060,18,2
0,1061,3,6
2,1061,2,0
1,1062,2,7
3,1067,0,0
0,1068,5,5
1,1069,1,7
2,1072,1,0
3,1072,1,11
5,1072,2,0
1,1077,0,0
3,1079,2,11
0,1080,9,4
2,1080,2,0
1,1085,1,7
2,1086,1,3
4,1087,0,0
1,1091,2,9
3,1091,2,0
0,1092,11,3
2,1094,0,1
5,1094,10,2
4,1100,2,1
3,1101,1,2
5,1101,11,1
2,1102,1,3
1,1103,4,5
0,1104,15,2
0,1110,17,1
3,1110,2,0
1,1114,7,4
2,1114,2,3
5,1115,2,0
3,1122,1,6
4,1122,11,2
1,1128,17,3
2,1128,7,1
5,1129,0,0
3,1131,0,0
4,1133,18,1
1,1134,18,2
5,1136,1,7
0,1138,0,0
3,1138,1,2
5,1145,2,10
1,1146,19,1
2,1146,2,0
0,1147,0,5
3,1150,2,2
0,1153,1,9
2,1155,2,2
3,1155,3,4
0,1159,2,11
2,1162,1,2
4,1164,0,0
3,1165,5,3
5,1167,11,9
2,1167,1,0
0,1170,2,8
1,1170,0,0
3,1171,7,2
4,1171,1,6
5,1174,13,8
0,1175,3,8
4,1176,2,7
1,1178,2,10
3,1178,8,1
2,1179,2,0
1,1184,3,2
2,1185,2,2
5,1185,15,6
0,1186,9,7
2,1190,1,2
3,1192,0,0
5,1196,17,5
0,1198,10,6
1,1199,13,1
2,1200,2,0
3,1205,2,8
4,1205,19,2
5,1206,18,3
0,1210,15,5
3,1210,2,0
5,1211,19,1
2,1212,8,1
1,1217,2,0
0,1223,17,3
2,1225,2,0
3,1225,9,1
1,1226,4,7
4,1230,2,0
2,1231,2,5
0,1232,19,2
1,1236,7,6
2,1241,1,5
5,1241,0,0
1,1243,10,5
3,1245,0,0
5,1246,1,9
4,1248,11,5
3,1252,1,2
5,1253,2,10
2,1254,2,0
0,1256,0,0
4,1257,13,4
1,1258,16,4
3,1260,2,3
2,1261,5,5
1,1264,18,3
0,1265,1,6
4,1266,14,2
1,1269,19,2
3,1269,7,1
2,1272,7,4
4,1274,15,1
5,1274,10,6
0,1275,2,7
3,1281,2,0
2,1284,9,2
0,1285,4,4
5,1286,11,5
3,1290,2,7
1,1292,2,0
4,1293,0,0
5,1296,16,4
1,1298,2,0
0,1299,8,3
3,1299,1,7
2,1303,0,0
4,1303,1,9
3,1306,0,1
4,1307,1,11
0,1309,11,2
1,1311,4,7
2,1313,2,6
3,1313,2,1
4,1318,1,11
3,1318,2,0
0,1324,15,1
2,1324,4,3
4,1324,2,12
3,1325,2,4
1,1327,10,6
5,1328,1,0
3,1330,1,4
1,1334,13,4
2,1338,8,2
4,1338,2,5
5,1342,11,2
3,1343,0,0
1,1345,14,3
0,1348,0,0
4,1348,2,7
5,1353,15,1
2,1354,2,0
3,1354,1,8
1,1358,19,2
0,1359,1,1
4,1359,2,7
3,1360,2,11
2,1363,2,4
0,1365,2,2
3,1369,3,11
5,1373,1,0
2,1374,2,7
4,1375,2,9
2,1380,1,7
3,1381,4,10
1,1384,0,0
5,1384,0,0
0,1387,16,2
3,1387,5,8
2,1389,0,2
0,1394,17,1
4,1394,11,10
5,1394,2,1
1,1396,2,5
2,1396,2,0
3,1399,7,6
4,1399,12,9
1,1403,5,5
2,1403,2,3
3,1405,8,3
4,1409,15,8
1,1413,6,4
2,1414,1,5
3,1414,9,2
5,1416,12,2
0,1419,0,0
2,1420,0,1
1,1421,8,2
4,1422,18,7
5,1427,15,1
0,1428,2,7
4,1428,19,4
2,1430,2,1
1,1433,9,1
3,1433,2,0
0,1435,4,8
2,1437,3,2
3,1442,2,3
2,1445,4,1
0,1446,7,7
5,1449,2,0
1,1451,2,0
4,1452,0,0
3,1453,1,6
0,1456,9,6
4,1460,1,3
3,1460,1,0
1,1461,4,6
5,1463,2,8
2,1465,1,0
0,1469,12,5
1,1470,6,5
4,1470,2,6
3,1473,7,1
5,1475,2,8
0,1476,15,4
2,1476,0,0
3,1485,2,0
1,1486,12,4
2,1486,2,2
4,1486,2,7
0,1489,18,2
3,1490,2,2
1,1493,15,3
5,1494,12,8
2,1498,3,5
1,1500,17,2
0,1501,19,1
3,1502,1,4
5,1502,13,6
4,1504,11,8
2,1507,6,3
3,1509,0,0
1,1512,18,1
5,1513,14,4
2,1515,8,2
3,1515,1,4
4,1516,14,6
3,1521,2,4
2,1522,9,1
4,1522,15,4
5,1524,15,3
0,1525,2,0
3,1527,4,2
4,1531,16,3
3,1533,6,1
5,1533,19,2
1,1534,1,0
0,1538,6,9
2,1541,2,0
1,1546,2,7
0,1550,8,8
3,1551,0,0
2,1552,1,6
4,1556,0,0
1,1557,6,14
5,1557,0,0
0,1560,11,7
3,1562,1,6
2,1563,0,1
4,1564,1,0
1,1567,7,13
0,1568,15,6
2,1570,2,1
3,1571,1,6
5,1571,2,0
0,1574,16,3
1,1574,8,12
2,1580,7,3
5,1580,1,2
3,1581,2,6
0,1583,17,2
3,1585,2,0
1,1586,10,11
2,1587,8,2
5,1587,0,1
4,1588,16,2
2,1594,9,1
3,1594,2,0
1,1595,11,10
5,1596,1,2
4,1598,17,1
1,1601,12,7
3,1602,2,0
0,1605,2,0
5,1605,2,5
1,1607,13,6
2,1608,1,0
3,1611,3,3
0,1614,2,4
1,1617,14,5
2,1617,2,3
4,1620,2,0
2,1624,3,5
3,1624,9,2
5,1624,10,11
0,1626,1,6
1,1627,17,4
5,1633,12,10
1,1635,18,2
2,1635,4,4
0,1637,2,0
4,1640,10,4
0,1641,2,2
3,1641,0,0
5,1641,13,7
2,1645,6,2
4,1645,11,3
3,1648,1,3
0,1649,1,2
5,1652,15,6
3,1653,2,3
4,1654,12,2
2,1655,7,1
5,1658,17,5
0,1659,2,0
1,1659,0,0
3,1662,3,4
4,1665,14,1
5,1666,19,4
1,1670,2,0
2,1670,2,0
3,1670,5,2
0,1672,6,10
1,1676,2,2
2,1677,1,1
3,1679,8,1
1,1682,1,2
0,1684,9,9
2,1688,2,0
4,1688,1,0
1,1689,2,0
2,1692,2,6
3,1692,2,0
0,1693,10,8
5,1694,2,0
1,1697,5,4
4,1698,2,3
2,1701,5,8
3,1701,0,0
0,1702,14,6
3,1707,1,5
5,1710,2,0
0,1711,17,5
1,1711,9,3
2,1712,6,6
5,1716,1,5
0,1717,18,4
3,1717,2,8
4,1719,11,3
1,1721,12,2
5,1722,1,0
2,1724,7,4
0,1725,19,3
3,1726,4,3
1,1729,15,1
4,1729,13,2
5,1731,2,6
2,1735,9,1
3,1741,9,2
4,1742,15,1
0,1751,2,0
2,1751,2,0
1,1754,2,0
5,1756,11,10
0,1758,2,5
3,1759,2,0
1,1760,3,7
2,1760,2,3
5,1761,12,9
4,1762,2,0
0,1768,1,5
1,1768,7,6
2,1768,1,3
5,1769,14,8
3,1771,1,0
1,1773,8,4
2,1774,1,1
5,1774,15,5
0,1776,0,2
1,1780,11,3
2,1783,0,1
5,1783,17,3
3,1786,8,1
4,1787,12,3
0,1788,1,2
1,1788,13,2
5,1788,18,1
0,1794,2,3
4,1796,14,2
1,1797,15,1
2,1797,2,0
2,1801,2,0
3,1803,2,0
0,1806,4,11
4,1807,19,1
2,1810,2,6
3,1815,1,0
0,1817,5,9
5,1817,0,0
2,1819,1,6
5,1822,1,1
1,1823,1,0
0,1827,6,8
3,1827,2,1
2,1828,1,1
5,1828,2,2
0,1832,7,7
3,1833,2,3
1,1836,2,0
4,1836,0,0
2,1839,0,1
0,1841,10,5
1,1842,2,4
4,1842,1,0
3,1846,6,4
0,1848,13,4
2,1849,2,0
1,1850,1,5
2,1853,2,2
5,1853,12,5
3,1854,9,1
1,1856,1,0
0,1859,17,3
2,1859,2,3
4,1859,15,1
5,1864,13,4
0,1865,18,2
1,1866,2,3
2,1868,2,4
3,1870,2,0
3,1874,2,3
5,1874,17,3
1,1878,4,13
3,1880,1,3
2,1882,5,4
5,1886,18,2
3,1888,0,1
4,1890,2,0
1,1891,9,12
2,1891,6,3
0,1895,1,0
1,1896,10,9
5,1896,19,1
2,1897,8,1
4,1901,2,6
0,1902,4,2
3,1902,2,0
1,1908,11,8
4,1912,2,6
3,1913,2,2
1,1915,14,5
2,1915,2,0
5,1917,2,0
2,1920,3,8
1,1921,15,4
0,1923,17,1
5,1923,1,0
3,1925,1,4
4,1928,2,11
2,1932,5,7
1,1933,18,2
3,1933,2,0
5,1937,11,2
1,1939,19,1
4,1941,2,13
3,1943,2,1
2,1945,7,5
5,1945,12,1
0,1948,1,0
3,1949,1,1
2,1953,8,4
0,1958,2,4
4,1958,2,14
3,1960,1,0
2,1963,9,2
1,1965,1,0
0,1967,4,9
4,1972,2,16
5,1972,1,0
3,1976,7,1
0,1977,6,8
2,1979,2,0
5,1983,2,2
1,1984,10,2
2,1984,2,4
0,1986,7,7
3,1987,1,0
2,1990,1,4
4,1990,10,16
3,1995,2,1
1,1996,18,1
2,1997,0,2
4,2000,11,12
0,2001,13,5
3,2004,2,2
5,2005,10,5
4,2006,12,10
2,2007,1,0
0,2009,14,4
3,2014,2,2
4,2015,15,9
2,2016,1,0
5,2017,14,4
0,2020,16,3
3,2022,2,2
2,2024,2,0
1,2025,1,0
4,2026,16,5
5,2026,15,3
0,2030,19,2
2,2030,1,3
3,2031,2,2
5,2033,16,2
2,2035,0,1
4,2038,18,4
3,2041,2,4
2,2045,2,0
5,2045,17,1
3,2046,2,5
4,2046,19,2
1,2050,19,2
2,2050,2,3
0,2053,2,0
3,2057,5,5
0,2057,2,0
2,2060,1,5
5,2065,2,0
0,2067,3,16
2,2069,0,1
3,2069,6,2
4,2072,2,0
0,2074,5,14
1,2074,1,0
5,2075,2,0
3,2082,9,1
5,2083,1,2
1,2084,2,5
0,2085,11,13
2,2086,2,0
1,2092,3,8
2,2092,2,2
4,2092,11,1
5,2092,1,0
0,2096,12,12
1,2098,4,7
2,2098,1,2
5,2102,2,1
0,2104,13,11
1,2105,6,5
2,2107,0,1
3,2110,2,0
4,2112,2,0
1,2114,8,4
2,2114,1,0
0,2116,16,7
3,2118,2,2
0,2121,17,5
4,2122,2,0
1,2123,9,3
2,2123,3,2
5,2126,11,4
3,2130,7,2
4,2131,2,3
0,2133,18,4
2,2134,6,1
5,2135,12,3
1,2136,11,2
4,2136,1,3
3,2137,9,1
0,2138,19,2
5,2142,14,2
1,2143,13,1
2,2143,2,0
4,2148,2,0
2,2148,2,0
5,2151,15,1
3,2153,2,0
2,2160,9,1
1,2163,1,0
0,2165,1,0
4,2165,10,6
3,2167,5,1
5,2174,1,0
0,2175,2,0
1,2175,2,4
4,2175,11,4
3,2179,2,0
0,2180,2,4
2,2181,2,0
1,2183,4,5
5,2186,2,0
3,2187,2,2
4,2188,17,3
0,2189,6,4
3,2193,1,2
4,2194,18,1
0,2196,9,3
2,2196,2,0
1,2197,10,4
3,2202,2,0
0,2203,10,2
5,2203,13,2
1,2204,13,3
2,2208,4,2
0,2209,11,1
3,2213,2,2
1,2214,17,2
5,2215,15,1
2,2216,8,1
4,2219,2,0
3,2220,1,3
1,2221,19,1
0,2223,2,0
3,2225,1,0
2,2230,1,0
0,2233,6,2
4,2234,2,3
5,2238,1,0
0,2239,8,1
3,2239,6,1
2,2246,7,1
1,2247,1,0
5,2254,10,3
1,2255,2,0
4,2256,12,3
4,2261,13,2
0,2263,2,0
1,2264,1,2
3,2264,2,0
5,2265,14,2
2,2266,2,0
3,2268,2,0
0,2269,2,0
2,2271,2,1
4,2274,15,1
1,2275,2,0
5,2276,17,1
3,2278,2,0
1,2279,2,2
2,2281,8,1
0,2284,13,4
3,2284,2,0
1,2287,1,2
3,2290,2,0
0,2291,15,2
2,2294,2,0
4,2294,2,0
1,2296,2,0
3,2299,1,0
5,2300,1,0
1,2302,2,1
1,2308,1,1
3,2311,2,0
2,2313,2,0
0,2315,1,0
4,2316,10,2
5,2319,10,1
1,2320,2,0
3,2320,4,1
2,2323,6,1
0,2327,1,0
1,2330,1,1
4,2330,19,1
0,2336,3,2
5,2336,1,0
1,2343,2,0
5,2346,2,1
0,2358,18,1
1,2362,16,1
3,2363,2,0
3,2368,2,1
3,2375,1,1
5,2376,17,2
2,2382,2,0
5,2384,19,1
3,2385,2,0
2,2386,2,0
3,2390,2,0
4,2393,2,0
1,2394,2,0
0,2397,2,0
2,2398,7,1
0,2407,3,1
5,2407,2,0
3,2413,2,0
4,2413,12,3
1,2419,17,1
2,2419,2,0
4,2424,15,2
0,2426,1,0
3,2428,7,1
5,2432,13,1
2,2434,9,1
4,2434,18,1
0,2436,2,1
3,2443,2,0
2,2451,1,0
3,2451,1,0
0,2452,7,5
1,2454,2,0
5,2455,1,0
4,2462,1,0
2,2463,2,1
0,2464,10,3
1,2469,9,1
2,2475,4,1
0,2478,18,2
3,2485,2,0
4,2489,2,0
2,2493,2,0
1,2494,2,0
3,2498,9,1
4,2499,1,2
2,2501,1,0
5,2502,2,0
1,2503,5,1
5,2506,2,0
2,2508,2,1
5,2517,2,1
2,2519,3,2
0,2520,1,0
0,2538,10,1
2,2541,2,0
4,2542,2,0
5,2545,17,2
1,2547,1,0
2,2548,1,0
3,2549,2,0
1,2557,2,1
5,2557,19,1
4,2572,17,2
2,2572,2,0
3,2577,2,0
1,2581,16,1
4,2581,19,1
0,2582,2,0
2,2582,1,1
3,2584,4,1
2,2591,2,0
5,2592,2,0
3,2593,1,0
0,2595,1,0
2,2602,8,1
1,2603,2,0
4,2609,2,0
5,2616,17,1
0,2622,18,1
1,2625,13,1
3,2627,2,0
2,2635,2,0
4,2636,2,0
3,2636,2,0
1,2645,2,0
5,2645,2,0
0,2648,2,0
4,2657,14,1
0,2673,16,1
3,2685,2,0
1,2687,2,0
3,2701,9,1
1,2711,1,0
2,2712,1,0
3,2719,1,0
5,2719,1,0
1,2724,5,1
2,2735,1,0
3,2736,1,0
5,2737,1,0
1,2742,1,0
2,2743,2,0
3,2746,2,0
2,2750,2,0
4,2751,1,0
3,2751,2,0
5,2752,10,1
1,2753,2,0
0,2769,2,0
1,2771,15,1
2,2779,1,0
3,2780,1,0
4,2781,1,0
2,2798,9,1
3,2801,2,0
4,2802,2,0
0,2803,2,0
1,2817,2,0
4,2822,13,1
3,2836,2,0
0,2838,2,0
3,2852,7,1
0,2872,2,0
1,2873,2,0
5,2881,2,0
0,2886,6,1
1,2914,2,0
1,2919,2,1
1,2925,1,1
1,2937,2,0
0,2938,2,0
5,2939,2,0
2,2941,2,0
3,2944,2,0
4,2945,2,0
1,2956,12,1
