754,5,19,0,2,2,12,14
657,6,40,9,0,12,22,34
819,12,40,6,0,16,12,28
535,11,40,9,0,8,21,29
800,16,43,0,2,14,13,27
569,23,52,11,0,5,24,29
275,3,52,12,0,14,35,49
595,56,63,0,2,1,6,7
768,55,63,2,0,1,7,8
89,49,63,2,0,5,9,14
253,44,68,3,0,8,16,24
240,56,68,3,0,1,11,12
683,65,74,0,2,1,8,9
221,61,74,0,2,2,11,13
248,57,82,5,2,14,11,25
236,8,89,13,0,25,56,81
268,5,89,16,0,19,65,84
243,66,89,6,0,1,22,23
37,53,89,7,0,3,33,36
60,33,89,13,0,1,55,56
307,81,95,0,2,8,6,14
195,5,105,17,0,20,80,100
735,69,105,1,0,19,17,36
608,72,105,3,0,1,32,33
764,82,105,1,0,7,16,23
658,39,105,9,0,2,64,66
86,36,105,4,0,16,53,69
671,31,105,9,0,9,65,74
489,62,105,4,0,1,42,43
642,93,117,1,2,16,8,24
331,56,122,10,2,45,21,66
621,47,122,12,2,28,47,75
730,96,122,10,2,5,21,26
589,50,122,16,2,7,65,72
466,105,127,0,2,1,21,22
810,96,127,0,2,9,22,31
742,115,135,0,2,9,11,20
43,123,135,0,2,1,11,12
124,130,135,0,2,1,4,5
682,115,135,0,2,10,10,20
737,111,135,2,0,11,13,24
378,63,135,14,0,22,50,72
758,87,135,12,0,4,44,48
256,69,135,14,0,17,49,66
769,80,141,12,0,1,60,61
562,44,141,18,0,5,92,97
325,58,141,11,0,27,56,83
653,55,141,13,0,9,77,86
410,134,143,0,2,1,8,9
365,123,144,3,2,11,10,21
532,105,144,5,2,15,24,39
217,110,144,4,2,16,18,34
67,112,144,5,2,7,25,32
824,80,156,8,0,4,72,76
58,96,156,6,0,17,43,60
266,136,156,3,0,1,19,20
66,85,156,5,0,34,37,71
639,129,156,4,0,1,26,27
144,93,156,4,0,32,31,63
789,114,156,5,0,7,35,42
704,86,156,7,0,8,62,70
447,72,156,8,0,12,72,84
422,74,156,8,0,11,71,82
208,153,162,0,2,3,6,9
797,156,162,0,2,1,5,6
43,152,176,2,8,10,14,24
681,108,195,18,2,30,57,87
449,49,195,19,2,75,71,146
271,111,195,17,2,37,47,84
803,76,195,17,2,72,47,119
777,170,204,11,0,1,33,34
622,151,207,11,2,10,46,56
320,141,207,11,2,21,45,66
749,96,207,18,0,41,70,111
788,109,207,18,0,27,71,98
696,154,207,15,0,1,52,53
618,168,207,2,0,27,12,39
18,109,207,14,0,64,34,98
373,128,207,19,0,1,78,79
570,76,207,17,0,73,58,131
603,138,207,17,0,11,58,69
388,97,207,14,0,75,35,110
476,90,207,19,0,35,82,117
596,102,207,19,0,24,81,105
746,95,207,19,0,29,83,112
802,81,207,17,0,67,59,126
184,98,207,18,0,38,71,109
490,104,207,17,0,46,57,103
104,144,207,15,0,10,53,63
497,57,207,18,0,79,71,150
113,184,214,0,2,22,8,30
170,192,214,0,2,12,10,22
105,160,214,0,2,44,10,54
586,171,214,0,2,34,9,43
795,124,214,11,0,37,53,90
694,154,214,10,0,17,43,60
801,114,214,10,0,56,44,100
256,182,214,0,2,22,10,32
620,213,218,0,2,1,4,5
713,209,218,0,2,1,8,9
563,148,221,7,2,6,67,73
85,164,221,4,2,39,18,57
738,215,221,3,2,1,5,6
338,161,229,4,0,41,27,68
573,184,229,4,0,20,25,45
171,146,229,6,0,22,61,83
36,156,229,7,0,1,72,73
68,143,229,5,0,39,47,86
280,154,229,5,0,29,46,75
168,167,229,5,0,15,47,62
225,131,229,7,0,22,76,98
637,174,229,4,0,28,27,55
366,171,229,3,0,39,19,58
771,146,229,3,0,63,20,83
513,144,229,7,0,8,77,85
426,145,229,6,0,22,62,84
226,121,229,7,0,31,77,108
536,225,229,2,0,1,3,4
334,119,235,8,0,66,50,116
818,199,235,6,0,1,35,36
126,162,235,8,0,24,49,73
813,207,235,5,0,3,25,28
420,165,235,8,0,20,50,70
317,193,235,8,0,1,41,42
125,191,235,6,0,7,37,44
800,183,237,2,10,31,23,54
295,162,241,16,2,48,31,79
370,218,241,16,2,1,22,23
494,192,241,17,2,1,48,49
167,165,241,18,2,7,69,76
13,199,241,17,2,1,41,42
400,199,241,15,2,25,17,42
174,168,241,16,2,43,30,73
609,219,241,15,2,3,19,22
197,221,242,0,2,8,13,21
711,231,242,0,2,1,10,11
120,224,265,10,2,17,24,41
41,188,265,11,2,43,34,77
64,169,271,16,0,43,59,102
222,243,271,2,0,1,27,28
186,195,271,17,0,1,75,76
492,168,271,16,0,42,61,103
428,206,271,16,0,5,60,65
190,175,271,15,0,47,49,96
342,171,271,17,0,17,83,100
668,235,271,1,0,14,22,36
721,180,271,15,0,43,48,91
404,236,271,2,0,5,30,35
643,246,271,1,0,4,21,25
687,175,271,17,0,14,82,96
453,191,271,15,0,31,49,80
587,169,271,18,0,4,98,102
82,193,271,16,0,17,61,78
751,147,271,19,0,16,108,124
329,212,279,6,2,38,29,67
139,227,279,13,2,20,32,52
251,208,279,7,2,36,35,71
29,128,279,13,2,121,30,151
498,138,279,12,2,121,20,141
543,226,279,6,2,24,29,53
344,232,279,12,2,30,17,47
503,235,280,11,0,1,44,45
474,205,280,11,0,28,47,75
784,229,280,10,0,13,38,51
781,211,280,11,0,20,49,69
2,199,280,11,0,32,49,81
602,198,280,11,0,34,48,82
819,271,281,0,2,2,8,10
111,251,286,4,0,15,20,35
787,244,286,6,0,8,34,42
775,201,286,8,0,32,53,85
134,244,286,3,0,31,11,42
132,251,286,5,0,8,27,35
505,218,286,6,0,33,35,68
169,247,286,5,0,13,26,39
423,225,286,4,0,40,21,61
719,235,286,5,0,24,27,51
722,233,286,3,0,41,12,53
161,214,286,7,0,31,41,72
106,256,286,4,0,9,21,30
679,246,286,6,0,4,36,40
333,197,286,8,0,35,54,89
576,261,286,3,0,13,12,25
650,272,286,2,0,7,7,14
776,223,286,8,0,9,54,63
182,263,289,0,2,8,18,26
724,267,289,0,2,5,17,22
136,246,289,0,2,26,17,43
338,266,289,0,2,5,18,23
818,265,289,0,2,8,16,24
378,245,289,0,2,26,18,44
243,273,289,0,2,1,15,16
274,242,293,12,0,17,34,51
343,179,293,12,0,81,33,114
665,286,293,2,0,1,6,7
686,127,293,12,0,133,33,166
215,180,293,13,0,70,43,113
94,89,293,13,0,158,46,204
594,168,293,13,0,80,45,125
593,186,293,13,0,61,46,107
350,116,293,13,0,132,45,177
193,162,293,12,0,97,34,131
766,123,293,13,0,124,46,170
177,205,293,12,0,54,34,88
151,106,293,12,0,153,34,187
53,195,293,13,0,53,45,98
446,176,293,13,0,71,46,117
160,144,293,12,0,117,32,149
138,150,293,13,0,97,46,143
711,291,309,2,11,1,17,18
707,282,328,5,2,9,37,46
660,191,328,9,2,61,76,137
381,103,328,9,2,149,76,225
44,267,328,8,2,1,60,61
348,288,328,3,2,30,10,40
655,250,328,8,2,8,70,78
539,316,341,2,1,14,12,26
77,306,355,7,2,8,41,49
194,287,355,9,2,8,60,68
75,300,355,7,2,13,42,55
472,350,355,3,2,1,4,5
346,336,355,3,2,7,12,19
239,277,356,17,2,38,41,79
319,325,356,1,2,26,5,31
357,297,356,0,2,45,14,59
230,299,356,15,2,39,18,57
384,301,356,18,2,5,50,55
137,290,356,17,2,25,41,66
180,332,356,1,2,20,4,24
406,321,356,0,2,24,11,35
374,326,356,0,2,17,13,30
680,301,356,0,2,42,13,55
209,328,356,0,2,16,12,28
147,327,356,0,2,15,14,29
129,321,356,0,2,21,14,35
58,343,356,0,2,3,10,13
171,302,356,0,2,40,14,54
716,332,356,0,2,12,13,25
665,303,356,0,2,41,12,53
784,343,356,0,2,1,12,13
643,320,356,0,2,22,14,36
777,319,356,0,2,24,13,37
317,313,356,0,2,29,14,43
704,330,356,0,2,12,14,26
478,129,358,9,0,124,105,229
548,319,358,1,0,23,16,39
249,301,358,5,0,1,56,57
656,300,358,4,0,8,50,58
590,286,358,5,0,6,66,72
339,309,358,4,0,1,48,49
399,257,358,7,0,16,85,101
464,305,358,4,0,4,49,53
116,269,358,8,0,1,88,89
644,256,358,8,0,3,99,102
92,329,358,1,0,12,17,29
753,306,358,4,0,2,50,52
304,304,358,1,0,37,17,54
649,304,358,2,0,24,30,54
480,228,358,9,0,26,104,130
392,289,365,14,2,59,17,76
204,295,365,19,2,24,46,70
708,235,365,19,2,85,45,130
814,299,365,16,2,32,34,66
698,324,365,16,2,7,34,41
309,301,365,18,0,6,58,64
355,215,365,18,0,92,58,150
804,260,365,17,0,56,49,105
578,195,365,18,0,111,59,170
465,255,365,18,0,52,58,110
577,295,365,18,0,14,56,70
398,212,365,17,0,103,50,153
612,237,365,15,0,100,28,128
387,229,365,18,0,77,59,136
203,289,365,17,0,28,48,76
383,245,365,18,0,63,57,120
699,269,365,16,0,63,33,96
709,266,365,18,0,40,59,99
63,316,365,15,0,21,28,49
386,249,365,18,0,57,59,116
793,316,365,17,0,2,47,49
120,354,366,2,1,1,11,12
375,355,366,0,2,3,8,11
343,355,366,0,2,4,7,11
735,356,366,0,2,2,8,10
388,360,366,0,2,1,5,6
447,358,366,0,2,2,6,8
705,324,368,11,2,1,43,44
684,265,368,11,2,55,48,103
135,313,368,9,2,39,16,55
522,290,368,11,2,30,48,78
485,298,377,16,0,34,45,79
632,239,377,14,0,110,28,138
647,264,377,16,0,68,45,113
192,343,377,15,0,1,33,34
70,277,377,19,0,44,56,100
401,323,377,15,0,16,38,54
330,289,377,16,0,42,46,88
435,269,377,16,0,62,46,108
23,314,377,14,0,34,29,63
450,232,377,19,0,87,58,145
407,253,377,16,0,78,46,124
173,320,377,16,0,13,44,57
636,245,377,19,0,74,58,132
24,280,377,14,0,68,29,97
390,188,377,14,0,160,29,189
376,334,379,10,0,3,42,45
773,349,379,10,0,1,29,30
234,288,379,11,0,31,60,91
335,297,379,10,0,40,42,82
475,302,379,11,0,17,60,77
502,309,379,11,0,11,59,70
785,302,379,10,0,36,41,77
206,300,379,10,0,36,43,79
73,266,379,11,0,53,60,113
623,328,379,11,0,1,50,51
528,261,379,11,0,58,60,118
235,286,379,11,0,35,58,93
100,374,379,2,0,1,4,5
156,296,379,11,0,23,60,83
394,314,379,10,0,22,43,65
110,299,379,11,0,23,57,80
692,268,379,10,0,68,43,111
131,283,386,9,0,10,93,103
541,285,386,8,0,17,84,101
397,319,386,5,0,10,57,67
431,357,386,2,0,1,28,29
492,382,386,0,2,1,3,4
316,298,386,8,0,5,83,88
211,369,386,1,0,1,16,17
210,375,386,1,0,1,10,11
303,358,386,1,0,8,20,28
143,262,386,9,0,31,93,124
146,317,386,7,0,1,68,69
310,280,386,9,0,14,92,106
674,380,386,1,0,1,5,6
396,372,387,0,2,1,14,15
549,371,387,0,2,1,15,16
461,363,387,0,2,2,22,24
309,370,387,0,2,1,16,17
366,366,387,0,2,1,20,21
602,366,387,0,2,2,19,21
595,302,394,2,14,54,38,92
510,387,397,0,2,1,9,10
584,388,397,0,2,1,8,9
33,388,397,0,2,2,7,9
262,390,397,0,2,2,5,7
478,389,397,0,2,2,6,8
21,393,397,0,2,2,3,5
821,335,419,6,2,65,19,84
15,351,419,7,2,45,23,68
114,398,419,6,2,5,16,21
542,340,419,8,2,46,33,79
45,332,421,12,2,73,16,89
352,290,421,13,2,107,24,131
30,284,421,13,2,111,26,137
121,307,421,13,2,89,25,114
245,372,431,4,2,32,27,59
411,353,439,6,0,47,39,86
241,407,439,6,0,1,31,32
626,332,439,7,0,63,44,107
817,347,439,6,0,54,38,92
761,406,439,6,0,1,32,33
87,373,439,6,0,29,37,66
820,374,439,6,0,26,39,65
198,354,439,5,0,56,29,85
526,349,439,9,0,31,59,90
792,329,439,9,0,51,59,110
806,410,439,1,0,15,14,29
445,393,439,6,0,7,39,46
38,369,439,5,0,41,29,70
755,376,439,7,0,19,44,63
425,381,439,6,0,20,38,58
393,421,439,1,0,4,14,18
273,311,439,8,0,74,54,128
629,332,439,9,0,49,58,107
318,415,439,1,0,11,13,24
725,365,443,12,0,40,38,78
298,360,443,12,0,45,38,83
93,352,443,13,0,45,46,91
770,274,443,12,0,131,38,169
677,349,443,13,0,46,48,94
592,346,443,13,0,50,47,97
678,276,443,13,0,120,47,167
825,330,443,13,0,68,45,113
481,314,443,12,0,91,38,129
315,262,443,13,0,133,48,181
294,356,443,13,0,39,48,87
31,292,443,13,0,103,48,151
402,361,443,12,0,44,38,82
283,342,443,13,0,53,48,101
613,307,443,13,0,88,48,136
676,399,443,13,0,1,43,44
96,422,446,0,2,19,5,24
752,402,446,0,2,39,5,44
80,407,446,0,2,33,6,39
468,404,446,0,2,35,7,42
305,429,446,0,2,10,7,17
222,422,446,0,2,17,7,24
186,398,446,0,2,42,6,48
431,416,446,0,2,26,4,30
3,412,446,3,0,8,26,34
569,417,446,0,2,22,7,29
335,417,446,0,2,23,6,29
257,390,446,4,0,15,41,56
731,413,446,4,0,1,32,33
94,415,446,0,2,24,7,31
401,441,446,0,2,1,4,5
658,436,446,0,2,3,7,10
84,377,446,4,0,29,40,69
813,417,446,0,2,22,7,29
252,393,446,3,0,27,26,53
340,365,446,4,0,40,41,81
267,395,446,3,0,26,25,51
79,349,446,4,0,55,42,97
596,439,446,0,2,1,6,7
679,423,446,0,2,17,6,23
535,439,446,0,2,2,5,7
728,387,446,4,0,17,42,59
653,440,446,0,2,2,4,6
751,395,446,0,2,44,7,51
776,398,446,0,2,41,7,48
702,401,457,1,2,50,6,56
459,441,457,0,2,3,13,16
240,448,457,0,2,1,8,9
404,446,457,0,2,1,10,11
789,447,457,0,2,1,9,10
394,431,457,0,2,12,14,26
497,443,457,0,2,2,12,14
301,420,458,13,2,11,27,38
530,430,458,13,2,2,26,28
517,403,458,14,2,7,48,55
165,332,458,14,2,77,49,126
582,451,462,0,2,1,10,11
795,453,462,0,2,1,8,9
285,454,463,10,2,1,8,9
555,448,463,10,2,1,14,15
538,367,463,16,2,44,52,96
27,378,463,17,2,26,59,85
141,365,463,17,2,41,57,98
196,361,463,17,2,44,58,102
69,383,463,15,2,34,46,80
441,375,463,17,2,30,58,88
231,356,463,15,2,61,46,107
331,452,464,2,1,7,5,12
498,466,470,2,1,1,3,4
353,415,472,13,0,15,42,57
624,308,472,14,0,102,62,164
483,361,472,12,0,81,30,111
484,319,472,12,0,122,31,153
648,449,472,2,0,9,14,23
757,366,472,12,0,75,31,106
666,293,472,12,0,147,32,179
424,371,472,12,0,69,32,101
391,364,472,14,0,45,63,108
460,364,472,12,0,76,32,108
625,287,472,14,0,122,63,185
123,437,472,13,0,1,34,35
462,355,472,12,0,85,32,117
379,417,472,14,0,1,54,55
72,422,472,14,0,1,49,50
598,349,472,14,0,62,61,123
519,423,472,13,0,7,42,49
754,433,473,2,4,13,27,40
336,364,479,17,0,40,75,115
571,365,479,17,0,39,75,114
154,360,479,15,0,58,61,119
191,383,479,10,0,59,37,96
312,400,479,17,0,4,75,79
774,449,479,10,0,1,29,30
5,390,479,17,0,17,72,89
91,338,479,17,0,66,75,141
26,397,479,15,0,22,60,82
433,350,479,16,0,60,69,129
197,403,480,2,5,43,34,77
410,445,486,2,6,1,40,41
243,430,486,2,6,17,39,56
560,443,489,14,2,3,43,46
367,429,489,11,2,33,27,60
690,410,489,17,2,17,62,79
783,391,489,11,2,71,27,98
661,394,489,18,2,22,73,95
717,448,489,14,2,1,40,41
760,422,489,18,2,1,66,67
303,484,489,0,2,1,4,5
585,474,496,1,2,15,7,22
601,482,496,0,2,1,13,14
471,474,496,0,2,2,20,22
111,461,496,0,2,11,24,35
397,473,496,0,2,2,21,23
342,463,496,0,2,10,23,33
761,471,496,0,2,2,23,25
721,468,496,0,2,6,22,28
593,484,496,0,2,1,11,12
644,466,496,0,2,6,24,30
60,468,496,0,2,4,24,28
156,477,496,0,2,1,18,19
275,478,496,0,2,1,17,18
218,446,497,4,2,32,19,51
145,468,497,4,2,11,18,29
347,458,497,3,2,25,14,39
282,405,497,5,2,67,25,92
466,465,497,2,7,1,31,32
208,476,510,2,5,20,14,34
51,471,511,4,0,7,33,40
533,397,511,5,0,77,37,114
469,441,511,5,0,32,38,70
701,469,511,4,0,8,34,42
744,462,511,4,0,15,34,49
633,383,511,5,0,89,39,128
429,354,511,5,0,118,39,157
600,445,511,4,0,32,34,66
108,470,511,5,0,2,39,41
812,372,511,5,0,101,38,139
586,435,513,2,11,22,56,78
683,487,517,2,17,2,28,30
797,478,520,2,0,12,30,42
7,437,520,12,0,19,64,83
321,442,520,11,0,19,59,78
368,422,520,11,0,39,59,98
667,493,520,1,0,8,19,27
416,355,520,18,0,61,104,165
529,350,520,11,0,111,59,170
693,455,520,10,0,14,51,65
314,465,520,10,0,4,51,55
610,424,520,15,0,11,85,96
403,469,520,2,0,20,31,51
673,487,520,1,0,13,20,33
504,399,520,11,0,62,59,121
641,510,520,1,0,1,9,10
233,405,520,11,0,58,57,115
652,381,520,18,0,37,102,139
651,372,520,18,0,45,103,148
292,374,520,18,0,42,104,146
103,504,521,0,2,8,9,17
358,503,521,0,2,10,8,18
790,501,521,0,2,10,10,20
205,493,521,0,2,20,8,28
153,509,521,0,2,2,10,12
632,487,521,0,2,24,10,34
817,499,521,0,2,12,10,22
505,509,521,0,2,6,6,12
66,499,521,0,2,13,9,22
526,489,521,0,2,22,10,32
280,494,521,0,2,17,10,27
226,503,521,0,2,8,10,18
325,497,521,0,2,14,10,24
173,488,521,0,2,24,9,33
184,497,521,0,2,17,7,24
480,495,521,0,2,17,9,26
823,425,529,8,2,81,23,104
565,432,529,9,2,67,30,97
669,424,529,6,2,95,10,105
448,490,529,6,2,31,8,39
35,413,529,7,2,101,15,116
39,524,530,0,2,1,5,6
212,524,530,0,2,2,4,6
824,525,530,0,2,2,3,5
488,523,530,0,2,2,6,8
570,520,530,0,2,1,9,10
5,525,530,0,2,1,4,5
459,497,534,2,13,1,36,37
129,527,534,2,6,1,6,7
305,451,539,2,18,7,81,88
596,466,546,2,19,1,79,80
153,527,549,2,12,3,19,22
216,502,552,6,0,17,33,50
630,475,552,9,0,23,54,77
224,390,552,9,0,108,54,162
809,475,552,7,0,39,38,77
188,420,552,6,0,99,33,132
545,491,552,9,0,9,52,61
756,486,552,7,0,30,36,66
501,471,552,9,0,26,55,81
19,390,552,9,0,107,55,162
443,491,552,8,0,16,45,61
456,529,552,1,0,12,11,23
659,480,552,9,0,17,55,72
467,422,552,7,0,93,37,130
163,423,552,6,0,97,32,129
99,529,552,2,0,1,22,23
56,389,552,9,0,108,55,163
544,523,552,6,0,1,28,29
582,531,557,2,13,1,25,26
237,535,558,0,2,17,6,23
511,554,569,0,2,1,14,15
723,537,569,0,2,13,19,32
539,539,569,1,2,18,12,30
566,543,569,1,2,15,11,26
628,538,569,0,2,14,17,31
101,543,569,0,2,7,19,26
567,528,569,0,2,22,19,41
131,541,569,0,2,9,19,28
376,547,569,0,2,3,19,22
428,532,569,0,2,19,18,37
169,529,569,0,2,23,17,40
215,528,569,0,2,23,18,41
465,542,569,0,2,9,18,27
577,533,569,0,2,17,19,36
612,545,569,0,2,8,16,24
89,547,569,0,2,4,18,22
100,536,569,0,2,15,18,33
310,535,569,0,2,15,19,34
462,528,569,0,2,22,19,41
160,531,569,0,2,19,19,38
364,507,577,13,2,36,34,70
201,477,577,12,2,79,21,100
185,465,577,18,2,73,39,112
675,539,577,12,2,18,20,38
616,354,577,19,2,173,50,223
293,514,577,13,2,30,33,63
175,507,577,11,2,57,13,70
733,496,577,12,2,60,21,81
712,564,580,0,2,6,10,16
380,562,580,0,2,9,9,18
575,564,580,0,2,9,7,16
313,561,580,0,2,9,10,19
816,569,580,0,2,1,10,11
372,560,580,0,2,10,10,20
541,560,580,0,2,12,8,20
725,573,580,0,2,2,5,7
18,566,580,0,2,4,10,14
330,574,580,0,2,2,4,6
144,557,580,0,2,13,10,23
420,572,580,0,2,2,6,8
267,567,580,0,2,4,9,13
225,573,580,0,2,1,6,7
294,557,580,0,2,14,9,23
490,570,580,0,2,2,8,10
104,572,580,0,2,1,7,8
557,501,581,4,2,64,16,80
739,526,581,3,2,45,10,55
705,544,588,2,1,33,11,44
114,563,588,2,1,15,10,25
803,539,588,2,1,38,11,49
740,571,590,3,0,1,18,19
213,514,590,3,0,58,18,76
34,551,590,4,0,16,23,39
228,511,590,3,0,60,19,79
473,542,590,3,0,31,17,48
732,522,590,4,0,44,24,68
572,522,590,4,0,43,25,68
112,560,590,4,0,5,25,30
251,540,592,2,1,37,15,52
105,566,593,2,4,3,24,27
32,531,594,13,0,15,48,63
434,526,594,13,0,17,51,68
181,485,594,11,0,80,29,109
46,477,594,12,0,80,37,117
61,494,594,13,0,51,49,100
607,489,594,13,0,54,51,105
452,518,594,11,0,46,30,76
47,491,594,13,0,52,51,103
229,513,594,11,0,53,28,81
822,481,594,12,0,77,36,113
599,479,594,12,0,77,38,115
506,469,594,11,0,95,30,125
179,570,594,2,0,7,17,24
579,533,594,13,0,10,51,61
520,490,594,13,0,54,50,104
265,584,596,0,2,7,5,12
634,585,596,0,2,8,3,11
98,586,596,0,2,4,6,10
81,589,596,0,2,1,6,7
604,582,596,0,2,10,4,14
109,577,596,0,2,13,6,19
737,584,596,0,2,6,6,12
773,583,596,0,2,7,6,13
253,581,596,0,2,9,6,15
481,592,596,0,2,1,3,4
2,580,596,0,2,11,5,16
692,587,596,0,2,4,5,9
710,457,598,18,0,81,60,141
745,512,598,17,0,40,46,86
308,462,598,18,0,77,59,136
546,546,598,18,0,1,51,52
322,465,598,18,0,75,58,133
440,466,598,17,0,85,47,132
97,448,598,19,0,79,71,150
477,493,598,19,0,33,72,105
9,553,598,17,0,1,44,45
688,532,598,17,0,18,48,66
207,557,598,17,0,1,40,41
413,350,598,19,0,176,72,248
614,435,598,19,0,91,72,163
794,503,598,17,0,47,48,95
415,523,598,18,0,15,60,75
290,378,598,19,0,148,72,220
4,423,598,19,0,105,70,175
14,443,598,17,0,107,48,155
801,598,604,0,2,1,5,6
170,593,606,2,6,1,12,13
265,599,613,2,7,1,13,14
703,611,624,1,2,6,7,13
496,599,624,0,2,1,24,25
798,604,624,0,2,2,18,20
811,603,624,0,2,1,20,21
787,614,624,0,2,1,9,10
775,608,624,0,2,1,15,16
316,607,624,0,2,1,16,17
618,610,624,0,2,1,13,14
424,598,624,0,2,1,25,26
731,592,624,0,2,2,30,32
686,596,624,0,2,1,27,28
671,603,624,0,2,2,19,21
460,601,624,0,2,1,22,23
792,611,624,0,2,1,12,13
699,604,624,0,2,1,19,20
659,605,624,0,2,2,17,19
746,597,624,0,2,1,26,27
138,595,624,0,2,1,28,29
307,544,625,2,13,36,45,81
78,591,626,10,2,17,18,35
568,571,626,11,2,28,27,55
276,462,626,10,2,144,20,164
558,489,626,14,2,76,61,137
430,503,630,5,2,96,31,127
244,605,630,4,2,6,19,25
378,606,630,2,14,2,22,24
721,589,631,2,15,2,40,42
255,505,634,14,0,59,70,129
685,499,634,14,0,67,68,135
574,485,634,14,0,79,70,149
561,495,634,14,0,69,70,139
152,581,634,12,0,6,47,53
444,490,634,10,0,117,27,144
300,571,634,11,0,29,34,63
581,560,634,13,0,20,54,74
277,552,634,10,0,54,28,82
200,586,634,12,0,2,46,48
406,578,639,2,16,2,59,61
281,489,639,5,0,111,39,150
133,486,639,5,0,113,40,153
455,518,639,5,0,83,38,121
348,601,641,2,1,20,20,40
205,606,642,2,19,1,35,36
337,622,642,0,2,14,6,20
289,615,642,0,2,20,8,28
36,632,642,0,2,4,6,10
696,634,642,0,2,1,7,8
656,627,642,0,2,7,8,15
516,624,642,0,2,12,7,19
668,631,642,0,2,3,8,11
820,630,642,0,2,5,7,12
198,620,642,0,2,14,8,22
168,632,642,0,2,2,8,10
771,627,642,0,2,10,5,15
386,616,642,0,2,19,7,26
636,622,642,0,2,12,8,20
613,629,642,0,2,5,8,13
237,590,646,2,17,2,54,56
682,570,646,2,17,11,65,76
68,639,646,0,2,1,6,7
489,641,646,0,2,1,4,5
742,609,649,2,6,15,25,40
712,604,649,2,6,21,24,45
328,589,649,6,0,20,40,60
107,585,649,6,0,25,39,64
149,550,649,6,0,59,40,99
680,589,654,2,18,1,64,65
147,603,654,2,7,21,30,51
127,647,656,0,2,4,5,9
627,649,656,0,2,1,6,7
87,645,656,0,2,5,6,11
764,643,656,0,2,6,7,13
693,645,656,0,2,4,7,11
304,647,656,0,2,2,7,9
323,667,676,0,2,2,7,9
16,654,676,0,2,11,11,22
523,654,676,0,2,12,10,22
726,669,676,0,2,2,5,7
195,671,676,0,2,2,3,5
639,662,676,0,2,3,11,14
350,659,676,0,2,8,9,17
825,659,676,0,2,6,11,17
236,668,676,0,2,2,6,8
151,657,676,0,2,8,11,19
283,670,676,0,2,2,4,6
629,665,676,0,2,3,8,11
519,660,676,0,2,6,10,16
422,671,676,0,2,1,4,5
81,624,680,2,16,2,54,56
765,693,701,1,2,1,7,8
470,673,701,0,2,13,15,28
353,685,701,0,2,2,14,16
484,679,701,0,2,7,15,22
211,675,701,0,2,12,14,26
423,680,701,0,2,5,16,21
38,677,701,0,2,8,16,24
641,674,701,0,2,11,16,27
143,686,701,0,2,3,12,15
407,686,701,0,2,1,14,15
37,679,701,0,2,6,16,22
53,679,701,0,2,9,13,22
649,672,701,0,2,13,16,29
536,680,701,0,2,6,15,21
650,685,701,0,2,1,15,16
366,685,712,2,3,17,10,27
39,685,720,2,5,16,19,35
458,661,721,11,2,13,47,60
606,635,721,12,2,27,59,86
214,632,721,10,2,59,30,89
371,712,724,1,2,1,11,12
778,703,724,0,2,2,19,21
341,702,724,0,2,3,19,22
389,693,724,0,2,14,17,31
714,698,724,0,2,8,19,27
647,691,724,0,2,15,18,33
399,700,724,0,2,6,18,24
487,689,724,0,2,17,19,36
47,705,724,0,2,1,18,19
722,692,724,0,2,13,19,32
766,697,724,0,2,11,16,27
268,702,724,0,2,5,17,22
125,694,724,0,2,12,18,30
277,695,724,0,2,10,19,29
24,693,724,0,2,12,19,31
810,688,729,2,7,13,28,41
225,707,729,2,7,1,21,22
414,710,733,2,1,13,11,24
248,718,733,2,1,3,12,15
494,689,733,2,1,32,12,44
80,726,737,2,4,1,10,11
500,619,739,9,2,40,80,120
514,577,739,7,2,113,49,162
591,714,739,5,2,7,18,25
88,692,739,6,2,16,31,47
382,564,739,9,2,95,80,175
272,575,739,8,2,103,61,164
326,641,739,6,2,66,32,98
76,673,739,7,2,16,50,66
55,639,745,14,2,45,61,106
360,721,745,11,2,1,23,24
183,701,745,11,2,14,30,44
223,715,745,9,2,13,17,30
521,641,745,14,2,42,62,104
438,636,745,16,2,29,80,109
493,450,745,16,2,215,80,295
142,729,745,9,2,1,15,16
584,728,745,2,5,1,16,17
534,727,750,0,2,14,9,23
296,712,750,0,2,29,9,38
631,731,750,0,2,10,9,19
241,723,750,0,2,18,9,27
368,718,750,0,2,23,9,32
657,729,750,0,2,12,9,21
51,735,750,0,2,6,9,15
768,717,750,0,2,24,9,33
774,728,750,0,2,13,9,22
533,732,750,0,2,9,9,18
453,718,750,0,2,24,8,32
23,715,750,0,2,26,9,35
314,711,750,0,2,31,8,39
610,731,750,0,2,10,9,19
625,737,750,0,2,4,9,13
673,718,750,0,2,23,9,32
393,724,750,0,2,17,9,26
587,709,750,0,2,32,9,41
652,707,750,0,2,34,9,43
676,721,750,0,2,20,9,29
580,729,752,0,2,16,7,23
48,716,752,0,2,27,9,36
359,732,752,0,2,10,10,20
349,594,752,14,0,89,69,158
274,735,752,0,2,9,8,17
749,743,752,0,2,3,6,9
740,731,752,0,2,12,9,21
630,720,752,0,2,22,10,32
626,722,752,0,2,22,8,30
355,708,752,0,2,34,10,44
190,744,752,0,2,1,7,8
266,728,752,0,2,14,10,24
133,726,752,0,2,17,9,26
781,741,752,0,2,1,10,11
678,717,752,0,2,25,10,35
86,739,752,0,2,4,9,13
203,730,752,0,2,12,10,22
554,745,752,0,2,2,6,8
445,723,752,0,2,19,10,29
611,484,752,15,0,192,76,268
476,714,752,0,2,28,10,38
63,736,752,0,2,6,10,16
15,743,754,2,1,1,10,11
400,741,754,2,1,1,12,13
566,737,754,2,1,2,15,17
697,571,755,16,2,93,91,184
695,607,755,15,2,69,79,148
527,528,755,16,2,137,90,227
155,728,755,11,2,1,26,27
122,658,755,13,2,43,54,97
117,554,755,18,2,99,102,201
436,662,755,16,2,2,91,93
83,649,755,19,2,1,105,106
114,718,756,1,6,1,37,38
747,575,764,19,0,68,121,189
42,572,764,19,0,70,122,192
427,477,764,16,0,187,100,287
405,445,764,16,0,219,100,319
260,503,764,15,0,172,89,261
128,558,764,18,0,96,110,206
25,458,764,15,0,217,89,306
457,534,765,8,0,143,88,231
807,551,765,7,0,138,76,214
40,566,765,9,0,94,105,199
331,687,767,1,10,24,56,80
120,683,767,1,10,27,57,84
471,744,769,2,5,9,16,25
672,727,770,1,2,32,11,43
71,755,770,0,2,1,14,15
50,751,770,0,2,2,17,19
287,756,770,0,2,2,13,15
756,744,770,0,2,8,18,26
9,746,770,0,2,6,18,24
528,749,770,0,2,5,16,21
456,753,770,0,2,2,15,17
300,749,770,0,2,3,18,21
426,753,770,0,2,1,16,17
433,745,770,0,2,8,17,25
795,755,771,2,11,1,15,16
796,764,775,0,2,2,10,12
804,763,775,0,2,1,11,12
56,761,775,0,2,3,11,14
531,763,776,0,2,2,11,13
8,772,776,0,2,1,3,4
469,766,776,0,2,1,9,10
116,768,776,0,2,1,7,8
508,765,776,0,2,2,10,12
601,683,777,2,11,42,52,94
569,695,777,2,11,31,51,82
627,745,779,2,7,7,27,34
33,775,780,2,4,1,4,5
424,736,780,2,12,14,30,44
724,657,783,2,12,67,59,126
138,742,787,2,13,9,36,45
775,736,788,2,8,16,36,52
620,765,794,2,9,5,24,29
375,688,794,2,14,36,70,106
256,700,794,2,14,24,70,94
790,747,795,2,16,3,45,48
160,782,798,2,12,1,15,16
622,772,800,2,1,12,16,28
365,767,800,2,1,16,17,33
282,768,800,2,1,14,18,32
96,763,800,2,1,19,18,37
372,758,805,2,19,1,46,47
306,795,815,0,2,10,10,20
564,803,815,0,2,3,9,12
259,795,815,0,2,12,8,20
750,782,815,0,2,25,8,33
786,795,815,0,2,10,10,20
437,796,815,0,2,10,9,19
64,774,815,0,2,32,9,41
418,804,815,0,2,2,10,12
411,791,815,0,2,17,7,24
126,778,815,0,2,27,10,37
578,800,815,0,2,5,10,15
73,772,815,0,2,33,10,43
413,793,815,0,2,13,9,22
31,783,815,0,2,22,10,32
513,798,815,0,2,11,6,17
651,784,815,0,2,22,9,31
544,786,815,0,2,19,10,29
598,797,815,0,2,8,10,18
390,791,815,0,2,14,10,24
759,815,825,0,2,1,9,10
254,812,825,0,2,1,12,13
249,812,825,0,2,2,11,13
339,814,825,0,2,1,10,11
464,810,825,0,2,1,14,15
414,828,833,1,2,1,4,5
74,818,833,0,2,1,14,15
667,816,833,0,2,1,16,17
637,819,833,0,2,1,13,14
429,814,833,0,2,1,18,19
196,831,834,2,1,1,2,3
87,828,836,2,6,1,7,8
634,796,839,2,5,14,29,43
66,791,839,2,5,19,29,48
449,801,842,2,1,25,16,41
555,831,842,2,1,1,10,11
370,808,842,2,1,17,17,34
814,822,842,2,1,5,15,20
139,837,842,2,1,1,4,5
717,835,842,2,1,1,6,7
41,800,842,2,1,25,17,42
739,826,842,2,1,2,14,16
628,803,844,2,6,8,33,41
58,823,844,2,6,1,20,21
705,811,850,1,11,7,32,39
300,805,850,2,11,21,24,45
478,811,852,2,9,1,40,41
227,840,853,0,2,2,11,13
351,844,853,0,2,1,8,9
808,826,853,0,2,18,9,27
356,825,853,0,2,17,11,28
202,835,853,0,2,9,9,18
22,830,853,0,2,15,8,23
573,832,853,0,2,11,10,21
321,826,853,0,2,16,11,27
769,828,853,0,2,14,11,25
548,824,853,0,2,19,10,29
785,840,853,0,2,6,7,13
70,826,853,0,2,17,10,27
252,835,853,0,2,7,11,18
235,838,853,0,2,5,10,15
603,823,853,0,2,19,11,30
402,849,853,0,2,1,3,4
674,833,853,0,2,9,11,20
600,841,853,0,2,1,11,12
200,830,853,0,2,12,11,23
540,847,859,0,2,1,11,12
748,849,859,0,2,1,9,10
3,850,859,0,2,1,8,9
191,851,859,0,2,1,7,8
623,854,859,0,2,1,4,5
373,848,859,0,2,1,10,11
26,852,859,0,2,2,5,7
286,851,859,0,2,3,6,9
816,793,864,2,15,32,39,71
696,826,864,2,15,1,37,38
11,692,868,17,2,113,63,176
157,792,868,8,2,66,10,76
537,798,868,14,2,25,45,70
302,689,868,17,2,115,64,179
525,765,868,9,2,76,27,103
412,749,868,14,2,73,46,119
10,707,868,17,2,97,64,161
240,852,868,2,3,9,7,16
503,873,879,0,2,1,5,6
483,872,879,0,2,1,6,7
635,861,880,0,2,7,12,19
615,870,880,0,2,1,9,10
485,861,880,0,2,8,11,19
334,869,880,0,2,2,9,11
590,863,880,0,2,5,12,17
694,865,880,0,2,3,12,15
608,865,880,0,2,4,11,15
312,876,880,0,2,1,3,4
719,869,880,0,2,1,10,11
572,864,880,0,2,6,10,16
504,869,880,0,2,3,8,11
822,872,880,0,2,1,7,8
358,835,881,2,5,24,22,46
703,845,882,2,1,23,14,37
165,867,882,2,1,2,13,15
673,878,882,2,1,1,3,4
212,839,885,2,10,1,45,46
713,840,885,2,10,1,44,45
774,851,885,2,10,1,33,34
136,855,888,2,6,4,29,33
125,846,888,2,6,13,29,42
486,878,892,0,2,6,8,14
6,884,892,0,2,3,5,8
772,879,892,0,2,6,7,13
95,885,892,0,2,1,6,7
234,879,892,0,2,5,8,13
308,886,892,0,2,1,5,6
210,882,892,0,2,4,6,10
391,882,892,0,2,2,8,10
687,887,892,0,2,2,3,5
709,883,892,0,2,2,7,9
91,885,892,0,2,3,4,7
60,854,895,2,13,1,40,41
493,882,900,2,1,8,10,18
323,890,900,2,11,1,9,10
209,895,900,2,5,1,4,5
819,886,900,2,6,1,13,14
526,846,901,2,9,14,41,55
374,848,903,2,14,1,54,55
283,885,912,2,13,1,26,27
647,874,914,2,16,1,39,40
261,890,923,0,2,21,12,33
439,913,923,0,2,2,8,10
495,912,923,0,2,2,9,11
645,891,923,0,2,21,11,32
788,901,923,0,2,9,13,22
475,901,923,0,2,11,11,22
677,891,923,0,2,19,13,32
224,902,923,0,2,8,13,21
132,905,923,0,2,5,13,18
607,908,923,0,2,4,11,15
398,891,923,0,2,20,12,32
473,902,923,0,2,9,12,21
264,896,923,0,2,18,10,28
701,897,923,0,2,13,13,26
633,889,923,0,2,21,13,34
177,890,923,0,2,20,13,33
758,904,923,0,2,9,10,19
415,904,923,0,2,6,13,19
599,893,923,0,2,17,13,30
99,903,923,0,2,7,13,20
333,908,923,0,2,2,13,15
112,898,923,0,2,13,12,25
14,904,923,0,2,7,12,19
8,835,924,2,17,1,88,89
380,889,927,2,17,1,37,38
79,925,929,0,2,1,3,4
306,880,932,2,18,1,51,52
617,919,936,0,2,1,16,17
324,925,936,0,2,1,10,11
146,924,936,0,2,1,11,12
318,917,936,0,2,1,18,19
292,925,936,0,2,1,10,11
124,913,939,2,6,10,16,26
335,931,942,2,10,1,10,11
636,885,943,2,19,2,56,58
739,916,945,1,3,14,15,29
708,925,949,2,1,15,9,24
530,943,949,2,1,1,5,6
730,934,949,2,1,4,11,15
167,904,949,2,1,34,11,45
44,904,949,2,1,35,10,45
436,912,949,2,1,26,11,37
248,913,952,1,5,16,23,39
127,927,953,2,13,1,25,26
301,953,956,2,1,1,2,3
750,895,962,2,16,28,39,67
418,950,963,2,0,1,12,13
238,929,966,0,2,24,13,37
741,952,966,0,2,1,13,14
409,929,966,0,2,25,12,37
745,954,966,0,2,1,11,12
562,941,966,0,2,12,13,25
502,951,966,0,2,2,13,15
770,929,966,0,2,24,13,37
474,951,966,0,2,3,12,15
501,947,966,0,2,9,10,19
529,930,966,0,2,25,11,36
443,945,966,0,2,8,13,21
444,954,966,0,2,2,10,12
92,952,966,0,2,3,11,14
82,944,966,0,2,10,12,22
777,942,967,2,11,1,24,25
348,941,971,1,3,17,13,30
656,968,977,2,4,1,8,9
164,966,978,0,2,1,11,12
247,959,978,0,2,6,13,19
150,954,978,0,2,9,15,24
571,957,978,0,2,7,14,21
257,966,978,0,2,2,10,12
685,960,978,0,2,3,15,18
440,965,978,0,2,1,12,13
340,967,978,0,2,2,9,11
403,958,978,0,2,5,15,20
161,969,978,0,2,1,8,9
446,960,978,0,2,4,14,18
576,966,978,0,2,1,11,12
573,954,982,2,4,3,25,28
396,970,992,2,5,1,21,22
176,984,992,0,2,2,6,8
470,957,992,2,5,1,34,35
397,956,992,2,5,1,35,36
450,986,992,0,2,1,5,6
149,988,992,0,2,1,3,4
130,972,996,0,2,1,23,24
12,982,996,0,2,1,13,14
328,976,996,0,2,1,19,20
298,979,996,0,2,1,16,17
455,978,996,0,2,1,17,18
290,979,996,0,2,2,15,17
624,985,997,0,2,1,11,12
134,992,997,0,2,1,4,5
426,955,998,2,6,3,40,43
141,970,999,2,1,13,16,29
276,984,999,2,1,1,14,15
543,980,999,2,1,2,17,19
549,959,999,2,1,23,17,40
818,986,1000,2,6,6,8,14
622,967,1003,1,11,6,30,36
254,944,1003,2,11,35,24,59
339,997,1006,2,4,1,8,9
659,956,1012,2,9,3,53,56
822,950,1012,2,12,28,34,62
275,943,1012,2,12,35,34,69
156,996,1015,2,11,1,18,19
113,1002,1016,2,5,1,13,14
139,970,1018,1,13,4,44,48
531,998,1021,2,6,1,22,23
498,978,1022,1,12,7,37,44
798,975,1027,2,16,3,49,52
330,985,1027,2,16,1,41,42
752,1004,1030,2,13,1,25,26
49,1011,1031,0,2,2,18,20
59,1022,1031,0,2,1,8,9
213,1015,1031,0,2,1,15,16
34,1014,1031,0,2,1,16,17
753,1021,1031,0,2,1,9,10
553,1020,1031,0,2,2,10,12
4,1019,1031,0,2,1,11,12
629,998,1032,2,9,1,33,34
720,1010,1033,0,2,1,22,23
181,996,1033,0,2,10,27,37
574,999,1033,0,2,6,28,34
61,1011,1033,0,2,1,21,22
592,997,1033,0,2,8,28,36
435,994,1033,0,2,11,28,39
19,1010,1033,0,2,2,21,23
802,998,1033,0,2,9,26,35
108,1003,1033,0,2,3,27,30
309,966,1035,2,18,14,55,69
389,999,1037,2,14,1,37,38
365,1021,1038,1,3,1,16,17
783,1028,1040,2,1,2,10,12
565,1016,1040,2,1,15,9,24
384,1002,1040,2,1,28,10,38
337,1006,1044,2,4,25,13,38
494,986,1049,1,17,1,62,63
567,1023,1054,2,9,9,22,31
814,1003,1055,1,16,13,39,52
262,998,1055,2,18,1,56,57
815,1040,1056,0,2,10,6,16
688,1023,1056,0,2,27,6,33
383,1032,1056,0,2,18,6,24
193,1031,1056,0,2,20,5,25
72,1049,1056,0,2,1,6,7
110,1030,1056,0,2,20,6,26
408,1030,1057,0,2,20,7,27
518,1042,1057,0,2,8,7,15
178,1029,1057,0,2,21,7,28
54,1029,1057,0,2,22,6,28
62,1050,1057,0,2,1,6,7
255,1048,1057,0,2,4,5,9
648,1048,1057,0,2,2,7,9
46,1039,1057,0,2,12,6,18
809,1031,1057,0,2,19,7,26
206,1036,1057,0,2,14,7,21
594,1022,1057,0,2,28,7,35
228,1039,1057,0,2,11,7,18
84,1053,1057,0,2,1,3,4
123,1031,1057,0,2,19,7,26
784,1025,1066,2,10,6,35,41
588,1058,1071,0,2,2,11,13
799,1066,1071,0,2,1,4,5
757,1067,1071,0,2,1,3,4
666,1063,1071,0,2,1,7,8
154,1055,1071,0,2,5,11,16
128,1057,1071,0,2,4,10,14
452,1060,1071,0,2,2,9,11
182,1034,1073,2,11,1,38,39
109,1020,1073,2,11,11,42,53
310,1057,1074,2,9,1,16,17
429,1069,1078,2,5,1,8,9
725,1008,1085,2,12,24,53,77
241,1052,1085,2,6,4,29,33
320,1077,1090,2,1,1,12,13
239,1043,1090,2,1,36,11,47
381,1075,1090,2,1,5,10,15
293,1083,1090,2,1,1,6,7
609,1080,1090,2,1,2,8,10
733,1038,1090,2,1,40,12,52
74,1061,1090,2,11,10,19,29
468,1079,1090,2,1,2,9,11
65,1068,1093,0,2,20,5,25
1,1076,1093,0,2,11,6,17
767,1077,1093,0,2,13,3,16
706,1068,1093,0,2,19,6,25
762,1071,1093,0,2,18,4,22
657,1066,1093,2,9,1,26,27
192,1084,1093,0,2,3,6,9
106,1072,1093,0,2,15,6,21
755,1067,1093,0,2,20,6,26
425,1086,1093,0,2,2,5,7
812,1072,1093,0,2,16,5,21
48,1040,1094,2,13,1,53,54
825,1071,1100,2,13,2,27,29
53,1055,1100,2,13,16,29,45
534,1020,1102,2,16,13,69,82
341,1084,1102,2,4,10,8,18
96,1058,1103,1,0,32,13,45
554,1064,1103,2,0,14,25,39
779,1095,1108,0,2,1,12,13
405,1095,1108,0,2,2,11,13
718,1104,1109,0,2,2,3,5
416,1103,1109,0,2,2,4,6
546,1101,1109,0,2,3,5,8
342,1011,1109,2,17,20,78,98
545,1098,1109,0,2,5,6,11
387,1105,1109,0,2,1,3,4
604,1073,1110,2,17,1,36,37
14,1060,1110,2,17,12,38,50
748,1033,1117,2,18,1,83,84
461,1088,1118,2,12,7,23,30
543,1098,1123,1,6,2,23,25
767,1096,1123,2,13,1,26,27
194,1088,1128,2,1,20,20,40
621,1112,1128,2,1,1,15,16
568,1112,1128,2,1,2,14,16
698,1095,1128,2,1,14,19,33
137,1116,1128,2,1,1,11,12
259,1087,1130,2,15,6,37,43
2,1116,1131,2,11,1,14,15
15,1092,1132,1,7,7,33,40
37,1103,1132,2,7,5,24,29
612,1099,1144,2,15,10,35,45
497,1083,1144,2,18,10,51,61
631,1112,1145,2,9,1,32,33
658,1107,1145,2,9,2,36,38
385,1110,1153,0,2,26,17,43
17,1128,1153,0,2,10,15,25
258,1121,1153,0,2,15,17,32
482,1133,1153,0,2,4,16,20
327,1135,1153,0,2,1,17,18
377,1126,1153,0,2,10,17,27
219,1106,1153,0,2,31,16,47
216,1135,1153,0,2,2,16,18
7,1105,1153,0,2,31,17,48
93,1133,1153,0,2,3,17,20
281,1129,1153,0,2,8,16,24
315,1121,1153,0,2,16,16,32
40,1138,1153,0,2,1,14,15
233,1128,1153,0,2,8,17,25
794,1129,1153,0,2,7,17,24
793,1135,1153,0,2,1,17,18
379,1132,1153,0,2,4,17,21
729,1143,1154,0,2,1,10,11
432,1137,1154,0,2,1,16,17
336,1114,1154,0,2,24,16,40
581,1134,1154,0,2,5,15,20
273,1131,1154,0,2,7,16,23
28,1146,1162,0,2,1,15,16
171,1136,1162,2,6,18,8,26
761,1143,1162,2,6,11,8,19
103,1163,1170,2,3,2,5,7
423,1171,1177,2,4,1,5,6
500,1153,1178,2,1,10,15,25
660,1172,1178,2,1,1,5,6
695,1128,1178,2,1,36,14,50
285,1129,1178,2,1,34,15,49
244,1150,1178,2,1,16,12,28
738,1168,1178,2,1,1,9,10
438,1144,1178,2,1,20,14,34
272,1139,1178,2,1,24,15,39
69,1155,1178,2,1,9,14,23
669,1169,1178,2,1,1,8,9
702,1127,1178,2,1,36,15,51
346,1134,1178,2,1,31,13,44
359,1162,1181,2,5,1,18,19
251,1165,1186,1,7,1,20,21
626,1162,1188,2,7,2,24,26
226,1166,1188,2,7,1,21,22
289,1149,1190,2,0,14,27,41
619,1159,1192,0,2,14,19,33
734,1177,1192,0,2,1,14,15
700,1164,1192,0,2,12,16,28
187,1156,1192,0,2,17,19,36
512,1167,1192,0,2,7,18,25
640,1158,1192,0,2,16,18,34
791,1178,1192,0,2,1,13,14
551,1169,1192,0,2,6,17,23
395,1154,1192,0,2,20,18,38
345,1167,1192,0,2,6,19,25
451,1172,1192,0,2,1,19,20
322,1165,1192,0,2,8,19,27
806,1156,1192,0,2,19,17,36
467,1151,1192,0,2,22,19,41
163,1157,1192,0,2,16,19,35
361,1183,1194,0,2,1,10,11
691,1175,1194,0,2,1,18,19
731,1177,1201,2,4,15,9,24
293,1149,1204,1,13,5,50,55
505,1186,1208,2,6,8,14,22
436,1143,1212,1,16,10,59,69
55,1180,1213,2,1,19,14,33
472,1208,1213,2,1,1,4,5
245,1183,1213,2,1,17,13,30
29,1186,1213,2,1,13,14,27
344,1200,1213,2,1,2,11,13
83,1188,1213,2,1,13,12,25
421,1186,1213,0,2,5,22,27
743,1192,1213,0,2,1,20,21
515,1183,1213,0,2,7,23,30
747,1195,1213,0,2,1,17,18
809,1182,1218,2,7,11,25,36
590,1212,1219,2,5,1,6,7
533,1204,1219,2,5,4,11,15
276,1116,1223,1,10,30,77,107
644,1182,1229,2,8,10,37,47
706,1202,1232,2,11,1,29,30
73,1185,1232,2,11,1,46,47
730,1176,1237,1,10,25,36,61
364,1234,1238,2,1,1,3,4
218,1228,1238,2,1,3,7,10
527,1226,1238,2,1,6,6,12
45,1235,1238,2,1,1,2,3
318,1228,1238,2,1,5,5,10
519,1122,1238,2,13,31,85,116
555,1177,1240,1,10,8,55,63
499,1219,1240,0,2,6,15,21
102,1214,1240,0,2,8,18,26
780,1212,1240,0,2,10,18,28
278,1209,1240,0,2,13,18,31
199,1218,1240,0,2,4,18,22
782,1217,1240,0,2,6,17,23
0,1220,1240,0,2,2,18,20
376,1196,1240,2,10,1,43,44
42,1212,1240,0,2,12,16,28
97,1224,1240,0,2,2,14,16
561,1210,1240,0,2,13,17,30
388,1140,1243,2,14,15,88,103
22,1218,1244,2,0,13,13,26
608,1232,1246,2,3,8,6,14
301,1160,1251,1,13,25,66,91
698,1202,1254,1,16,1,51,52
493,1120,1256,1,16,27,109,136
313,1175,1256,2,16,1,80,81
564,1194,1256,2,16,1,61,62
437,1140,1256,2,16,13,103,116
381,1219,1257,1,9,10,28,38
400,1185,1259,1,15,1,73,74
172,1248,1260,0,2,1,11,12
419,1242,1260,0,2,1,17,18
710,1231,1260,0,2,7,22,29
732,1248,1260,0,2,1,11,12
728,1236,1260,0,2,3,21,24
803,1124,1264,1,17,22,118,140
6,1189,1264,2,17,1,74,75
384,1210,1265,1,18,1,54,55
196,1171,1268,1,17,15,82,97
496,1138,1269,2,18,15,116,131
708,1199,1270,1,19,3,68,71
617,1215,1270,2,19,1,54,55
227,1268,1272,2,3,2,2,4
385,1191,1273,2,18,1,81,82
759,1194,1273,2,18,1,78,79
71,1146,1275,2,19,7,122,129
523,1138,1275,2,19,16,121,137
524,1269,1278,0,2,2,7,9
715,1248,1278,0,2,23,7,30
297,1250,1278,0,2,21,7,28
107,1251,1278,0,2,21,6,27
434,1260,1278,0,2,11,7,18
506,1257,1278,0,2,14,7,21
449,1173,1279,1,19,12,94,106
164,1251,1281,2,6,9,21,30
689,1274,1288,0,2,1,13,14
736,1263,1288,0,2,10,15,25
311,1273,1288,0,2,1,14,15
90,1250,1288,0,2,22,16,38
457,1259,1288,0,2,13,16,29
188,1278,1288,0,2,1,9,10
65,1268,1292,2,9,1,23,24
792,1244,1292,2,9,16,32,48
783,1224,1302,1,11,25,53,78
282,1274,1302,1,5,7,21,28
169,1291,1302,2,5,1,10,11
408,1281,1303,2,4,1,21,22
34,1270,1303,2,4,8,25,33
77,1244,1308,2,1,49,15,64
85,1266,1308,2,1,28,14,42
157,1305,1308,2,1,1,2,3
723,1299,1308,2,1,1,8,9
230,1240,1308,2,1,53,15,68
122,1282,1308,2,1,14,12,26
117,1261,1308,2,1,32,15,47
231,1303,1308,2,1,1,4,5
303,1286,1308,2,1,7,15,22
456,1241,1308,2,1,53,14,67
565,1282,1311,1,9,1,28,29
769,1233,1314,2,12,28,53,81
786,1308,1315,2,6,2,5,7
544,1303,1315,2,6,3,9,12
580,1257,1319,2,13,6,56,62
619,1280,1319,2,9,1,38,39
176,1292,1319,2,0,2,25,27
488,1249,1319,2,0,46,24,70
21,1272,1319,2,0,21,26,47
363,1311,1327,0,2,8,8,16
550,1317,1327,0,2,4,6,10
166,1306,1327,0,2,16,5,21
662,1308,1327,0,2,11,8,19
362,1301,1327,0,2,18,8,26
32,1285,1327,0,2,34,8,42
152,1285,1327,0,2,35,7,42
25,1302,1327,0,2,18,7,25
744,1310,1327,0,2,10,7,17
179,1293,1327,0,2,28,6,34
579,1285,1327,0,2,34,8,42
520,1303,1327,0,2,16,8,24
778,1283,1329,2,11,25,21,46
718,1242,1330,2,14,20,68,88
95,1229,1330,2,14,31,70,101
475,1320,1330,2,11,1,9,10
530,1295,1337,1,13,6,36,42
294,1317,1337,2,13,1,19,20
695,1246,1338,1,15,4,88,92
26,1239,1338,2,15,21,78,99
594,1283,1339,2,13,23,33,56
123,1308,1339,2,13,1,30,31
189,1329,1344,0,2,1,14,15
332,1324,1344,0,2,3,17,20
284,1324,1344,0,2,4,16,20
479,1329,1344,0,2,2,13,15
269,1326,1344,0,2,1,17,18
697,1343,1346,2,1,1,2,3
78,1319,1346,2,1,15,12,27
382,1315,1346,2,1,20,11,31
448,1342,1346,2,1,1,3,4
522,1340,1346,2,1,1,5,6
643,1306,1346,2,1,28,12,40
599,1328,1346,2,12,1,17,18
239,1248,1347,1,17,1,98,99
575,1306,1347,2,14,2,39,41
688,1263,1347,2,17,1,83,84
167,1270,1349,1,18,30,49,79
172,1346,1352,2,4,1,5,6
111,1315,1352,2,4,29,8,37
415,1244,1354,2,18,17,93,110
486,1275,1357,2,16,31,51,82
297,1329,1357,2,16,1,27,28
361,1321,1359,2,6,24,14,38
278,1332,1359,2,6,14,13,27
188,1337,1359,2,6,8,14,22
373,1259,1363,2,19,1,103,104
238,1294,1365,2,17,12,59,71
808,1276,1365,2,17,31,58,89
726,1295,1365,2,17,11,59,70
570,1288,1365,2,17,19,58,77
161,1330,1368,2,7,14,24,38
763,1365,1369,2,1,2,3,5
735,1349,1369,2,1,4,16,20
304,1343,1369,2,1,9,17,26
261,1294,1374,2,18,15,65,80
714,1364,1380,2,0,1,15,16
116,1348,1380,2,8,1,31,32
615,1277,1386,2,19,29,80,109
16,1297,1386,2,19,10,79,89
224,1332,1388,2,9,12,44,56
369,1374,1395,0,2,6,15,21
148,1333,1395,0,2,47,15,62
638,1354,1395,0,2,26,15,41
115,1370,1395,0,2,10,15,25
220,1386,1395,0,2,1,8,9
417,1359,1395,0,2,23,13,36
288,1381,1395,0,2,1,13,14
427,1363,1395,0,2,17,15,32
807,1351,1395,0,2,30,14,44
207,1372,1395,0,2,11,12,23
614,1363,1395,0,2,18,14,32
253,1397,1404,2,3,1,6,7
669,1372,1410,1,6,18,20,38
84,1373,1410,2,4,14,23,37
44,1350,1418,1,8,40,28,68
633,1367,1420,2,5,21,32,53
108,1400,1420,2,5,1,19,20
394,1340,1421,2,10,32,49,81
692,1352,1421,2,10,20,49,69
201,1397,1423,2,1,12,14,26
525,1389,1423,2,1,18,16,34
589,1377,1423,2,1,30,16,46
439,1397,1423,2,1,10,16,26
92,1388,1423,2,1,20,15,35
479,1404,1424,2,9,1,19,20
119,1406,1426,0,2,9,11,20
552,1416,1426,0,2,1,9,10
477,1393,1426,0,2,23,10,33
229,1390,1426,0,2,25,11,36
602,1408,1427,2,11,1,18,19
817,1391,1429,2,6,1,37,38
314,1422,1432,2,10,1,9,10
199,1409,1434,2,12,1,24,25
770,1399,1434,2,12,1,34,35
85,1416,1436,1,4,5,15,20
723,1395,1439,1,0,28,16,44
512,1379,1439,2,7,10,50,60
288,1420,1439,2,0,1,18,19
41,1357,1440,1,11,41,42,83
324,1420,1440,2,11,1,19,20
782,1418,1440,2,11,1,21,22
49,1402,1444,2,13,1,41,42
811,1419,1444,2,5,8,17,25
54,1404,1444,2,13,1,39,40
62,1384,1444,2,13,1,59,60
353,1351,1444,2,13,22,71,93
350,1406,1444,2,13,2,36,38
717,1331,1447,1,14,66,50,116
18,1416,1447,2,14,2,29,31
561,1367,1450,2,14,7,76,83
625,1356,1450,2,14,18,76,94
24,1359,1450,2,14,13,78,91
630,1358,1452,2,9,29,65,94
787,1408,1454,2,6,18,28,46
296,1376,1456,2,16,1,79,80
246,1439,1458,0,2,2,17,19
118,1423,1458,0,2,17,18,35
507,1419,1458,0,2,20,19,39
670,1433,1458,0,2,6,19,25
185,1422,1459,2,1,31,6,37
532,1455,1459,2,1,1,3,4
10,1455,1459,2,1,2,2,4
175,1454,1459,2,1,1,4,5
231,1365,1459,1,15,34,60,94
121,1434,1459,2,1,20,5,25
5,1363,1461,2,17,10,88,98
150,1399,1463,2,12,1,63,64
738,1448,1464,1,3,1,15,16
771,1457,1464,2,3,1,6,7
773,1425,1467,2,10,1,41,42
749,1404,1468,2,18,2,62,64
546,1405,1468,2,18,2,61,63
184,1363,1468,2,18,9,96,105
370,1362,1470,1,16,35,73,108
369,1419,1470,2,16,1,50,51
268,1414,1470,2,16,1,55,56
247,1437,1472,2,4,22,13,35
409,1435,1472,2,4,23,14,37
186,1387,1475,2,17,1,87,88
578,1416,1479,2,18,1,62,63
133,1450,1479,2,5,10,19,29
68,1448,1479,2,5,10,21,31
168,1447,1479,2,5,11,21,32
165,1415,1480,1,14,7,58,65
541,1464,1483,2,8,8,11,19
69,1412,1487,1,15,9,66,75
495,1455,1491,2,6,3,33,36
362,1443,1491,2,6,15,33,48
328,1448,1491,2,6,11,32,43
19,1465,1493,2,9,7,21,28
1,1446,1511,2,10,43,22,65
277,1478,1511,2,10,11,22,33
572,1497,1512,2,4,6,9,15
354,1512,1518,0,2,1,5,6
132,1505,1520,2,5,1,14,15
779,1447,1523,2,11,41,35,76
234,1487,1523,2,11,1,35,36
509,1475,1526,0,2,34,17,51
547,1482,1526,0,2,26,18,44
583,1494,1526,0,2,13,19,32
270,1502,1526,0,2,8,16,24
158,1466,1526,0,2,41,19,60
463,1481,1526,0,2,26,19,45
349,1458,1526,0,2,50,18,68
260,1505,1526,0,2,2,19,21
611,1454,1526,0,2,53,19,72
445,1500,1528,2,6,2,26,28
363,1518,1530,2,13,1,11,12
576,1524,1530,2,3,1,5,6
635,1491,1531,2,12,1,39,40
472,1458,1540,1,3,52,30,82
356,1456,1541,2,13,34,51,85
94,1482,1541,2,13,8,51,59
671,1485,1541,2,9,17,39,56
613,1471,1541,2,13,20,50,70
653,1459,1541,2,13,30,52,82
684,1501,1542,2,1,31,10,41
430,1486,1542,2,1,49,7,56
563,1510,1542,2,1,22,10,32
271,1477,1542,2,1,55,10,65
517,1496,1542,2,1,37,9,46
371,1478,1542,2,1,55,9,64
542,1514,1542,2,1,19,9,28
67,1507,1542,2,1,27,8,35
142,1483,1542,2,1,49,10,59
174,1460,1542,2,1,72,10,82
35,1466,1542,2,1,66,10,76
50,1525,1542,2,4,1,16,17
258,1518,1542,2,4,1,23,24
641,1536,1542,2,1,1,5,6
393,1469,1542,2,1,65,8,73
515,1530,1549,2,0,2,17,19
32,1504,1549,2,13,1,44,45
716,1465,1549,2,0,68,16,84
508,1490,1549,2,0,42,17,59
420,1535,1551,2,8,1,15,16
789,1523,1551,2,5,1,27,28
815,1465,1552,2,16,23,64,87
405,1458,1552,2,16,30,64,94
12,1499,1557,2,17,1,57,58
804,1481,1557,2,17,7,69,76
799,1506,1558,2,16,1,51,52
421,1511,1561,2,8,7,43,50
651,1503,1564,2,18,1,60,61
588,1472,1569,2,18,16,81,97
308,1434,1569,2,18,54,81,135
159,1541,1570,0,2,8,21,29
597,1556,1570,0,2,1,13,14
332,1547,1583,2,10,13,23,36
204,1568,1584,2,1,1,15,16
441,1580,1584,2,1,1,3,4
558,1548,1584,2,1,21,15,36
760,1576,1584,2,1,1,7,8
346,1579,1585,1,3,1,5,6
320,1466,1593,1,11,86,41,127
175,1502,1593,1,11,48,43,91
522,1531,1593,1,11,19,43,62
772,1555,1594,2,3,17,22,39
272,1578,1596,1,8,1,17,18
158,1567,1596,2,0,3,26,29
753,1590,1597,2,4,1,6,7
344,1424,1600,1,12,126,50,176
733,1525,1600,1,12,25,50,75
343,1542,1600,2,12,18,40,58
218,1533,1603,1,4,26,44,70
187,1586,1603,2,4,1,16,17
28,1583,1603,2,4,1,19,20
338,1558,1603,2,4,12,33,45
51,1566,1603,2,4,7,30,37
701,1547,1603,2,4,24,32,56
29,1437,1608,1,13,114,57,171
122,1479,1608,1,13,71,58,129
78,1566,1609,1,10,8,35,43
801,1580,1609,2,10,7,22,29
813,1552,1611,2,5,18,41,59
454,1588,1613,0,2,8,17,25
140,1600,1613,0,2,1,12,13
148,1561,1617,2,6,10,46,56
605,1595,1617,0,2,1,21,22
442,1579,1617,0,2,15,23,38
654,1568,1617,0,2,26,23,49
250,1568,1617,0,2,27,22,49
230,1499,1619,1,15,52,68,120
609,1463,1619,1,15,87,69,156
345,1605,1619,2,3,8,6,14
235,1581,1621,2,11,8,32,40
438,1572,1622,1,16,1,49,50
399,1571,1624,2,7,1,52,53
173,1547,1627,2,16,13,67,80
244,1590,1628,1,4,16,22,38
402,1592,1630,2,12,2,36,38
758,1592,1630,2,12,1,37,38
137,1577,1631,1,17,1,53,54
317,1564,1631,2,8,6,61,67
17,1581,1636,2,14,7,48,55
689,1588,1636,2,14,2,46,48
632,1581,1636,2,14,6,49,55
501,1577,1636,2,9,1,58,59
56,1542,1636,2,9,28,66,94
141,1529,1637,1,17,22,86,108
117,1563,1640,1,18,10,67,77
504,1618,1640,2,11,2,20,22
645,1592,1644,2,15,1,51,52
83,1510,1645,1,19,43,92,135
220,1563,1645,2,19,1,81,82
517,1588,1650,1,14,12,50,62
23,1623,1650,2,14,1,26,27
700,1591,1651,2,16,1,59,60
791,1584,1651,2,16,3,64,67
821,1604,1662,2,1,39,19,58
360,1587,1662,2,1,57,18,75
538,1649,1662,2,1,1,12,13
27,1653,1662,2,1,1,8,9
616,1611,1662,2,1,31,20,51
135,1614,1662,2,1,31,17,48
319,1601,1662,2,1,41,20,61
217,1644,1662,2,1,2,16,18
585,1584,1662,2,1,59,19,78
211,1586,1662,2,1,56,20,76
245,1635,1663,1,4,15,13,28
699,1612,1663,2,16,7,44,51
407,1621,1663,2,16,1,41,42
430,1646,1669,1,5,6,17,23
469,1645,1669,2,5,12,12,24
377,1615,1672,2,0,27,30,57
516,1582,1672,2,0,60,30,90
499,1604,1675,2,17,14,57,71
202,1625,1675,2,17,1,49,50
91,1619,1675,2,17,2,54,56
551,1673,1679,2,3,1,5,6
448,1637,1680,1,6,14,29,43
279,1642,1682,0,2,31,9,40
663,1650,1682,0,2,22,10,32
263,1672,1682,0,2,2,8,10
20,1618,1682,0,2,54,10,64
351,1601,1684,2,18,16,67,83
355,1627,1684,2,18,1,56,57
422,1627,1687,2,8,30,30,60
36,1679,1689,2,7,1,9,10
729,1641,1690,2,10,27,22,49
741,1660,1691,2,6,12,19,31
163,1666,1691,2,6,6,19,25
500,1645,1693,1,9,5,43,48
660,1611,1693,1,9,39,43,82
219,1617,1696,2,19,1,78,79
70,1610,1696,2,19,7,79,86
284,1646,1698,2,13,20,32,52
215,1634,1698,2,13,32,32,64
47,1671,1698,2,13,1,26,27
31,1659,1698,2,13,9,30,39
676,1637,1698,2,13,29,32,61
513,1675,1699,2,7,1,23,24
525,1665,1701,1,9,4,32,36
765,1667,1703,2,1,22,14,36
329,1691,1703,2,1,1,11,12
347,1689,1703,2,1,2,12,14
357,1694,1703,2,1,1,8,9
214,1663,1703,2,1,25,15,40
30,1684,1703,2,1,4,15,19
354,1685,1703,2,1,5,13,18
334,1663,1704,2,8,10,31,41
624,1653,1707,2,14,14,40,54
390,1642,1707,2,14,24,41,65
285,1618,1710,1,10,51,41,92
454,1665,1715,2,15,2,48,50
720,1637,1715,2,15,30,48,78
763,1695,1718,1,2,13,10,23
621,1657,1722,1,12,12,53,65
432,1650,1723,2,16,19,54,73
86,1702,1726,2,4,17,7,24
79,1694,1726,2,4,24,8,32
55,1660,1730,1,14,10,60,70
568,1699,1733,1,11,20,14,34
440,1644,1733,2,17,23,66,89
207,1650,1733,2,17,16,67,83
794,1663,1733,2,17,3,67,70
527,1622,1738,1,16,48,68,116
35,1682,1738,1,7,27,29,56
747,1657,1739,2,19,9,73,82
558,1687,1740,1,14,31,22,53
271,1653,1745,1,17,18,74,92
216,1728,1745,2,6,2,15,17
157,1679,1746,1,8,29,38,67
419,1722,1746,2,8,1,23,24
491,1709,1747,0,2,18,20,38
291,1691,1747,0,2,35,21,56
299,1680,1747,0,2,45,22,67
559,1691,1747,0,2,34,22,56
162,1726,1747,0,2,2,19,21
727,1722,1747,0,2,3,22,25
57,1718,1747,0,2,7,22,29
232,1721,1747,0,2,5,21,26
185,1629,1750,1,18,40,81,121
10,1704,1750,1,17,14,32,46
776,1725,1752,2,8,6,21,27
194,1701,1756,1,9,7,48,55
382,1698,1756,1,9,11,47,58
246,1742,1758,2,4,5,11,16
781,1719,1764,2,11,14,31,45
201,1727,1769,1,12,1,41,42
178,1692,1769,2,12,38,39,77
605,1725,1769,2,12,5,39,44
460,1714,1769,2,12,16,39,55
77,1729,1770,1,7,6,35,41
364,1707,1778,1,13,13,58,71
267,1758,1780,2,3,12,10,22
642,1709,1781,2,1,59,13,72
734,1734,1781,2,1,35,12,47
640,1704,1781,2,1,63,14,77
764,1710,1781,2,1,57,14,71
189,1703,1783,2,14,27,53,80
518,1706,1783,2,14,26,51,77
638,1768,1786,2,4,1,17,18
600,1773,1786,2,4,1,12,13
360,1766,1789,1,11,6,17,23
264,1739,1790,2,0,28,23,51
691,1741,1792,2,10,28,23,51
571,1730,1792,2,17,2,60,62
687,1717,1792,2,17,13,62,75
45,1745,1795,1,12,27,23,50
198,1758,1795,2,5,11,26,37
291,1783,1799,2,11,1,15,16
325,1764,1799,2,11,6,29,35
451,1715,1800,2,19,16,69,85
614,1702,1800,2,19,29,69,98
121,1728,1801,1,13,44,29,73
130,1759,1805,2,6,12,34,46
151,1752,1807,2,12,17,38,55
805,1735,1808,0,2,50,23,73
242,1740,1808,0,2,46,22,68
664,1765,1808,0,2,20,23,43
646,1776,1808,0,2,11,21,32
52,1792,1808,0,2,1,15,16
524,1772,1813,2,9,1,40,41
547,1759,1813,2,9,10,44,54
166,1745,1814,2,14,25,44,69
560,1783,1815,2,1,17,15,32
183,1810,1815,2,1,1,4,5
589,1737,1815,1,16,36,42,78
563,1778,1822,1,7,18,26,44
704,1815,1822,2,7,1,6,7
27,1753,1824,1,17,21,50,71
796,1802,1824,2,0,1,21,22
587,1759,1827,2,18,10,58,68
556,1796,1830,0,2,28,6,34
316,1793,1832,2,8,15,24,39
4,1781,1836,2,19,1,54,55
532,1814,1845,1,5,11,20,31
327,1836,1851,2,6,1,14,15
395,1823,1854,2,10,7,24,31
597,1793,1854,2,10,39,22,61
295,1835,1855,2,1,4,16,20
557,1814,1855,2,1,23,18,41
75,1838,1855,2,1,2,15,17
145,1825,1855,2,1,12,18,30
326,1839,1855,2,1,2,14,16
806,1821,1855,2,1,17,17,34
715,1847,1859,2,0,1,11,12
214,1788,1860,1,10,36,36,72
507,1822,1860,2,11,11,27,38
528,1803,1860,2,11,27,30,57
59,1828,1871,2,13,3,40,43
446,1786,1871,2,13,44,41,85
203,1840,1874,2,17,1,33,34
391,1813,1879,2,14,18,48,66
744,1851,1882,2,4,6,25,31
106,1856,1882,2,4,2,24,26
728,1871,1882,2,4,1,10,11
684,1860,1885,1,11,9,16,25
191,1867,1887,2,10,2,18,20
401,1830,1887,2,15,2,55,57
780,1864,1894,2,11,2,28,30
662,1833,1894,2,16,2,59,61
503,1850,1894,2,11,16,28,44
492,1833,1894,2,16,1,60,61
529,1848,1894,2,11,19,27,46
447,1855,1897,2,8,2,40,42
333,1875,1897,2,8,1,21,22
142,1875,1900,1,9,1,24,25
805,1843,1900,2,17,1,56,57
336,1831,1900,2,17,3,66,69
545,1889,1900,2,9,1,10,11
298,1847,1902,2,12,19,36,55
193,1855,1902,2,12,12,35,47
311,1852,1903,2,9,6,45,51
607,1851,1907,2,13,17,39,56
681,1873,1912,2,1,25,14,39
392,1870,1912,2,1,27,15,42
823,1871,1912,2,1,25,16,41
537,1880,1912,2,1,16,16,32
13,1873,1912,2,1,23,16,39
76,1868,1912,2,1,28,16,44
180,1884,1912,2,1,15,13,28
672,1877,1912,2,1,20,15,35
710,1791,1912,2,18,39,82,121
457,1897,1914,2,8,4,13,17
450,1817,1917,2,19,13,87,100
746,1787,1917,2,19,44,86,130
788,1875,1920,2,18,1,44,45
322,1852,1920,2,18,14,54,68
0,1905,1922,2,10,2,15,17
266,1924,1929,2,3,1,4,5
232,1905,1931,2,11,1,25,26
217,1900,1941,1,4,14,27,41
367,1917,1942,2,1,6,19,25
606,1918,1942,2,1,4,20,24
668,1938,1942,2,1,1,3,4
674,1912,1942,2,1,10,20,30
159,1905,1943,2,12,1,37,38
482,1888,1943,2,12,13,42,55
462,1897,1943,2,12,7,39,46
200,1890,1943,2,12,12,41,53
213,1937,1945,2,3,2,6,8
255,1886,1949,2,14,15,48,63
553,1930,1954,2,0,1,23,24
679,1927,1957,2,6,10,20,30
140,1888,1961,2,17,15,58,73
577,1884,1967,2,18,18,65,83
652,1879,1967,2,18,22,66,88
743,1944,1969,2,0,6,19,25
162,1941,1969,2,7,1,27,28
119,1923,1976,2,10,32,21,53
250,1954,1976,2,7,13,9,22
273,1933,1978,2,8,5,40,45
502,1963,1985,2,11,1,21,22
598,1941,1990,2,14,14,35,49
686,1957,1992,2,12,1,34,35
697,1923,1996,1,16,19,54,73
537,1947,1998,1,14,1,50,51
552,1992,1998,2,1,1,5,6
379,1965,1998,2,14,1,32,33
639,1975,2002,2,4,16,11,27
489,1998,2002,2,4,1,3,4
441,1878,2006,1,17,65,63,128
286,1974,2006,2,0,7,25,32
280,1978,2010,2,5,13,19,32
128,1915,2013,2,18,39,59,98
465,1974,2013,2,18,1,38,39
292,1939,2013,2,18,15,59,74
181,1999,2014,2,11,2,13,15
204,1875,2019,1,19,67,77,144
820,1978,2019,2,6,14,27,41
154,1999,2027,2,15,3,25,28
637,2013,2027,2,4,3,11,14
82,1999,2034,2,16,2,33,35
126,2022,2035,2,8,1,12,13
463,2029,2036,2,4,1,6,7
144,2027,2036,2,4,1,8,9
616,1990,2039,1,19,27,22,49
610,1986,2039,2,15,7,46,53
143,2004,2043,2,9,12,27,39
329,1941,2044,1,6,61,42,103
751,2003,2044,2,19,1,40,41
442,1989,2048,2,17,2,57,59
802,1992,2048,2,17,2,54,56
135,1982,2051,1,9,21,48,69
678,2045,2070,2,13,1,24,25
766,2018,2070,2,13,26,26,52
464,2051,2072,2,4,13,8,21
574,2036,2077,2,14,7,34,41
72,2029,2077,2,14,16,32,48
579,2064,2081,2,13,1,16,17
67,2034,2082,1,5,26,22,48
583,2033,2082,2,5,31,18,49
299,2075,2086,2,3,2,9,11
670,2038,2088,2,15,5,45,50
104,2037,2088,2,15,7,44,51
491,2067,2090,2,17,1,22,23
75,2050,2094,1,7,9,35,44
76,2030,2094,1,7,29,35,64
483,2084,2096,2,12,1,11,12
480,2083,2096,2,9,1,12,13
458,2055,2098,2,1,20,23,43
11,2018,2098,2,1,58,22,80
88,2073,2098,2,1,5,20,25
675,2047,2098,2,1,28,23,51
302,2051,2098,2,1,25,22,47
661,2084,2098,2,1,1,13,14
510,2040,2098,2,1,37,21,58
655,2029,2098,2,1,46,23,69
793,2052,2101,2,17,1,48,49
290,2063,2103,2,19,1,39,40
824,2036,2104,2,8,29,39,68
287,2007,2104,2,0,68,29,97
444,2071,2104,2,10,5,28,33
174,2027,2108,1,16,44,37,81
118,2022,2111,2,18,21,68,89
383,2030,2111,2,18,13,68,81
30,2025,2115,1,13,46,44,90
131,2068,2115,2,9,1,46,47
535,2063,2115,2,9,1,51,52
102,2009,2123,2,19,34,80,114
646,2076,2125,2,15,2,47,49
550,2126,2134,2,3,1,7,8
707,2110,2144,2,1,18,16,34
210,2141,2144,2,1,1,2,3
509,2128,2149,2,0,1,20,21
823,2085,2152,1,8,50,17,67
542,2112,2152,1,8,22,18,40
693,2089,2160,2,10,52,19,71
347,2148,2161,1,3,2,11,13
145,2157,2167,1,4,1,9,10
295,2152,2170,1,16,1,17,18
663,2139,2171,2,11,2,30,32
623,2118,2171,2,11,23,30,53
229,2091,2171,2,11,49,31,80
591,2156,2173,2,1,4,13,17
155,2169,2173,2,1,1,3,4
352,2162,2173,2,1,1,10,11
760,2138,2180,1,18,12,30,42
560,2154,2182,1,14,7,21,28
7,2121,2182,2,12,19,42,61
757,2089,2182,2,12,51,42,93
727,2161,2188,2,4,21,6,27
593,2121,2191,2,13,22,48,70
236,2093,2191,2,13,49,49,98
514,2172,2197,2,1,6,19,25
690,2190,2197,2,1,1,6,7
279,2184,2197,2,6,1,12,13
411,2175,2197,2,6,7,15,22
474,2154,2200,2,11,2,44,46
538,2079,2205,1,16,55,71,126
269,2125,2205,2,16,15,65,80
485,2097,2205,2,16,43,65,108
443,2167,2208,2,8,16,25,41
357,2195,2209,1,0,2,12,14
484,2154,2209,2,12,1,54,55
434,2145,2214,2,13,1,68,69
740,2212,2217,2,3,1,4,5
473,2184,2217,2,3,23,10,33
453,2180,2223,2,15,1,42,43
694,2201,2225,2,10,5,19,24
281,2204,2225,2,5,3,18,21
206,2215,2225,2,10,1,9,10
433,2152,2229,2,16,1,76,77
511,2216,2234,2,1,9,9,18
452,2212,2234,2,11,1,21,22
654,2190,2235,2,8,18,27,45
745,2168,2235,2,17,1,66,67
387,2161,2243,2,18,1,81,82
315,2213,2245,2,13,1,31,32
677,2204,2246,2,13,1,41,42
183,2226,2255,1,11,12,17,29
476,2148,2255,2,19,1,106,107
435,2192,2257,2,16,13,52,65
38,2221,2260,2,5,10,29,39
412,2245,2262,2,1,3,14,17
667,2239,2262,2,1,8,15,23
606,2207,2263,1,12,29,27,56
603,2215,2266,2,17,2,49,51
88,2174,2269,1,6,45,50,95
352,2218,2275,1,13,19,38,57
756,2228,2279,2,7,3,48,51
467,2234,2279,2,7,1,44,45
146,2260,2281,2,7,7,14,21
392,2224,2284,1,14,12,48,60
321,2248,2290,2,11,19,23,42
368,2234,2290,2,11,33,23,56
3,2275,2295,2,3,15,5,20
581,2253,2297,2,13,15,29,44
64,2226,2304,2,16,42,36,78
249,2291,2306,2,5,1,14,15
481,2278,2306,2,12,5,23,28
9,2224,2313,2,17,43,46,89
821,2259,2314,1,6,19,36,55
270,2282,2318,2,17,2,34,36
655,2292,2321,1,8,17,12,29
755,2287,2323,2,7,3,33,36
562,2240,2325,2,18,29,56,85
707,2313,2330,1,5,5,12,17
386,2276,2330,2,18,7,47,54
57,2278,2332,2,9,13,41,54
42,2285,2335,2,19,1,49,50
192,2319,2350,2,15,3,28,31
557,2329,2352,1,4,7,16,23
367,2328,2356,1,11,1,27,28
112,2352,2357,2,4,1,4,5
455,2341,2358,2,5,2,15,17
428,2323,2361,2,16,1,37,38
425,2334,2365,2,6,8,23,31
681,2310,2368,1,18,7,51,58
63,2342,2368,2,15,1,25,26
556,2348,2372,2,10,9,15,24
514,2325,2373,1,7,10,38,48
263,2329,2373,2,7,12,32,44
490,2333,2374,2,17,3,38,41
661,2351,2384,1,18,1,32,33
223,2363,2387,2,1,5,19,24
548,2349,2387,2,1,18,20,38
252,2377,2394,2,3,11,6,17
664,2379,2397,2,16,1,17,18
510,2346,2402,1,0,41,15,56
52,2381,2405,2,4,6,18,24
274,2389,2413,2,12,4,20,24
719,2364,2417,2,5,23,30,53
326,2362,2423,1,6,46,15,61
195,2387,2424,2,17,5,32,37
155,2413,2425,1,11,1,11,12
785,2407,2425,2,10,1,17,18
690,2408,2440,1,17,4,28,32
302,2392,2440,1,17,19,29,48
413,2408,2444,2,19,1,35,36
11,2426,2447,1,17,1,20,21
521,2412,2447,2,1,16,19,35
511,2416,2462,1,0,31,15,46
242,2436,2467,2,6,8,23,31
177,2440,2473,2,12,16,17,33
20,2449,2480,2,9,1,30,31
722,2486,2489,2,3,1,2,3
458,2458,2507,1,11,19,30,49
487,2491,2507,2,0,5,11,16
233,2478,2507,2,11,9,20,29
506,2463,2507,2,11,25,19,44
228,2502,2508,2,3,1,5,6
591,2479,2516,1,5,10,27,37
61,2463,2517,2,13,24,30,54
559,2490,2524,2,7,9,25,34
685,2478,2524,2,14,11,35,46
13,2462,2532,1,17,16,54,70
398,2465,2532,2,17,22,45,67
675,2508,2535,1,12,5,22,27
190,2504,2536,2,15,1,31,32
709,2485,2542,2,18,3,54,57
149,2540,2554,2,6,2,12,14
134,2556,2562,2,3,1,5,6
592,2551,2581,2,13,6,24,30
477,2555,2594,2,19,3,36,39
521,2573,2600,1,14,5,22,27
312,2590,2614,2,17,3,21,24
152,2605,2635,2,12,9,21,30
340,2592,2635,2,4,1,42,43
412,2602,2645,1,14,21,22,43
520,2603,2645,2,13,10,32,42
107,2651,2658,2,6,1,6,7
223,2650,2669,1,9,7,12,19
40,2646,2670,2,9,2,22,24
732,2662,2676,2,4,2,12,14
97,2645,2689,2,19,2,42,44
46,2676,2697,2,12,2,19,21
427,2705,2730,2,16,2,23,25
25,2729,2747,2,15,2,16,18
257,2752,2756,2,4,1,3,4
666,2735,2773,2,12,13,25,38
110,2760,2774,2,11,1,13,14
416,2755,2775,2,18,1,19,20
812,2806,2817,2,5,4,7,11
807,2824,2842,2,7,4,14,18
93,2860,2895,2,13,11,24,35
349,2865,2904,2,14,7,32,39
260,2967,2995,2,15,4,24,28
611,3107,3135,2,15,4,24,28
