390,31,50,1,0,4,15,19
451,30,50,1,0,4,16,20
5,38,55,0,2,9,8,17
585,30,79,5,2,25,24,49
377,63,79,4,2,2,14,16
208,37,79,6,2,3,39,42
475,48,89,1,0,29,12,41
436,59,89,6,0,9,21,30
381,78,93,0,2,7,8,15
553,76,93,0,2,10,7,17
451,71,93,0,2,14,8,22
454,51,95,4,0,13,31,44
255,43,95,4,0,20,32,52
58,75,95,2,0,4,16,20
82,15,95,7,0,9,71,80
372,2,95,10,0,13,80,93
495,23,95,5,0,31,41,72
214,90,96,0,2,1,5,6
233,6,99,11,2,59,34,93
219,11,99,11,2,55,33,88
468,1,104,16,2,18,85,103
316,34,108,17,0,10,64,74
516,47,108,9,0,29,32,61
586,40,108,16,0,13,55,68
453,39,108,10,0,28,41,69
529,70,108,9,0,7,31,38
616,95,108,1,0,6,7,13
304,43,108,16,0,11,54,65
75,29,108,18,0,7,72,79
105,36,120,12,0,18,66,84
565,13,120,15,0,16,91,107
586,115,126,0,2,5,6,11
304,115,126,0,2,6,5,11
137,90,128,7,2,18,20,38
327,23,129,13,0,17,89,106
549,20,129,15,0,8,101,109
348,87,129,2,0,12,30,42
602,10,129,15,0,18,101,119
576,94,129,2,0,6,29,35
209,117,141,6,0,12,12,24
314,103,141,8,0,13,25,38
96,123,146,2,0,5,18,23
446,95,146,7,0,14,37,51
210,103,146,4,0,12,31,43
85,121,146,4,0,1,24,25
58,142,150,0,2,1,7,8
473,144,182,1,0,19,19,38
343,152,197,1,2,35,10,45
554,161,197,1,2,27,9,36
82,161,197,0,2,21,15,36
15,206,228,1,0,5,17,22
433,202,228,1,0,8,18,26
457,217,228,1,0,1,10,11
61,220,228,1,0,1,7,8
426,140,232,4,0,35,57,92
494,174,232,3,0,17,41,58
575,140,232,5,0,18,74,92
65,167,232,4,0,9,56,65
101,193,232,2,0,17,22,39
563,175,233,11,2,1,57,58
361,104,233,11,2,69,60,129
612,73,233,17,2,49,111,160
253,113,233,14,2,27,93,120
461,100,233,13,2,47,86,133
448,211,234,0,2,17,6,23
498,210,234,0,2,19,5,24
148,213,234,0,2,17,4,21
115,227,234,0,2,1,6,7
150,185,234,0,2,44,6,50
269,91,241,18,2,74,76,150
502,169,241,13,2,28,44,72
29,157,241,19,2,1,83,84
247,68,250,12,0,93,89,182
30,88,250,17,0,33,129,162
175,114,250,12,0,48,88,136
57,137,250,13,0,10,103,113
603,116,250,15,0,17,117,134
431,55,250,17,0,66,129,195
408,167,250,8,0,38,45,83
315,206,250,8,0,1,43,44
614,94,250,17,0,29,127,156
192,128,250,15,0,6,116,122
402,114,250,14,0,27,109,136
250,136,250,13,0,12,102,114
342,234,250,1,0,6,10,16
123,168,250,12,0,1,81,82
577,237,250,2,0,1,12,13
619,219,250,7,0,1,30,31
227,128,250,11,0,46,76,122
364,200,252,4,2,43,9,52
519,140,252,17,2,1,111,112
352,213,252,7,2,4,35,39
112,152,252,7,2,66,34,100
511,134,252,10,2,39,79,118
498,239,252,2,1,2,11,13
560,183,261,11,0,31,47,78
487,192,261,11,0,23,46,69
505,167,261,17,0,3,91,94
652,153,261,15,0,34,74,108
215,214,261,10,0,10,37,47
324,172,261,16,0,7,82,89
340,203,261,12,0,4,54,58
427,212,261,10,0,13,36,49
562,196,261,11,0,18,47,65
360,204,261,11,0,12,45,57
514,201,261,10,0,23,37,60
437,257,262,0,2,1,4,5
149,218,262,7,0,1,43,44
254,222,262,7,0,1,39,40
293,232,262,4,0,12,18,30
298,183,262,5,0,51,28,79
584,201,262,5,0,34,27,61
43,130,262,7,0,87,45,132
430,170,262,10,0,2,90,92
443,170,262,6,0,59,33,92
262,206,262,5,0,28,28,56
216,173,262,10,0,1,88,89
401,220,262,7,0,1,41,42
306,154,262,9,0,40,68,108
625,96,262,10,0,76,90,166
627,153,262,9,0,40,69,109
478,87,268,19,2,67,114,181
217,151,268,19,2,3,114,117
318,93,268,19,2,62,113,175
143,275,287,2,0,1,11,12
130,272,287,2,0,1,14,15
199,178,287,18,0,1,108,109
291,283,287,1,0,1,3,4
346,79,287,18,0,85,123,208
128,108,287,19,0,46,133,179
515,258,287,10,0,1,28,29
605,203,287,14,0,6,78,84
538,154,287,19,0,1,132,133
472,266,287,1,0,12,9,21
651,206,287,15,0,1,80,81
99,135,287,19,0,21,131,152
606,194,287,15,0,3,90,93
205,208,287,13,0,12,67,79
350,113,287,18,0,51,123,174
509,271,294,0,2,16,7,23
549,287,294,0,2,1,6,7
415,289,313,6,2,1,23,24
47,219,313,8,2,41,53,94
302,291,313,3,2,5,17,22
145,219,313,9,2,33,61,94
95,283,328,2,0,30,15,45
92,289,328,2,0,26,13,39
490,240,328,9,0,13,75,88
7,243,328,9,0,9,76,85
542,279,328,2,0,34,15,49
84,279,328,3,0,18,31,49
157,233,328,9,0,19,76,95
406,240,328,8,0,22,66,88
48,259,328,8,0,1,68,69
418,289,328,6,0,2,37,39
23,275,328,8,0,1,52,53
313,234,328,8,0,27,67,94
124,313,328,2,0,1,14,15
635,279,328,2,0,35,14,49
138,260,328,3,0,36,32,68
238,238,328,8,0,22,68,90
268,293,330,0,2,27,10,37
475,304,330,0,2,16,10,26
314,303,330,0,2,18,9,27
114,243,334,6,2,35,56,91
294,222,334,9,2,31,81,112
201,251,334,7,2,19,64,83
584,329,334,0,2,1,4,5
649,229,345,7,0,41,75,116
628,248,345,9,0,5,92,97
489,285,345,5,0,5,55,60
434,270,345,5,0,19,56,75
111,248,345,7,0,24,73,97
530,265,345,4,0,43,37,80
200,238,345,7,0,32,75,107
535,311,345,3,0,16,18,34
623,270,345,6,0,7,68,75
456,259,345,9,0,1,85,86
425,237,345,7,0,34,74,108
246,269,345,7,0,2,74,76
54,233,345,6,0,44,68,112
133,336,358,0,2,10,13,23
279,320,368,15,2,14,34,48
125,272,368,19,2,14,82,96
646,258,368,15,2,77,33,110
488,254,368,14,2,87,27,114
589,291,368,15,2,45,32,77
126,220,370,16,2,101,49,150
382,235,370,18,2,61,74,135
610,263,370,17,2,43,64,107
31,349,370,14,2,1,20,21
392,306,370,13,2,49,15,64
251,262,370,13,2,93,15,108
2,275,370,18,2,21,74,95
189,255,372,11,2,80,37,117
129,338,372,10,2,19,15,34
359,334,372,11,2,1,37,38
5,357,372,2,8,1,14,15
521,221,374,18,0,75,78,153
597,298,374,15,0,36,40,76
479,183,374,19,0,102,89,191
385,304,374,15,0,31,39,70
640,227,374,19,0,58,89,147
94,224,374,19,0,62,88,150
503,229,374,13,0,120,25,145
183,333,374,15,0,1,40,41
107,227,374,14,0,113,34,147
540,248,374,19,0,37,89,126
353,209,374,15,0,125,40,165
424,267,374,16,0,55,52,107
504,263,374,13,0,86,25,111
17,276,374,15,0,58,40,98
62,286,374,18,0,10,78,88
502,369,380,2,1,1,10,11
12,310,380,12,0,11,59,70
341,282,380,12,0,38,60,98
354,260,380,10,0,95,25,120
169,317,380,11,0,19,44,63
362,324,380,11,0,11,45,56
287,275,380,11,0,61,44,105
39,288,380,12,0,34,58,92
600,300,380,12,0,20,60,80
122,251,380,12,0,69,60,129
571,307,380,11,0,28,45,73
220,287,380,11,0,50,43,93
621,349,380,10,0,6,25,31
622,326,380,10,0,30,24,54
44,329,380,10,0,26,25,51
106,259,380,12,0,62,59,121
221,281,380,11,0,54,45,99
338,327,380,11,0,11,42,53
109,207,385,16,0,114,64,178
185,382,385,1,0,1,2,3
645,339,385,15,0,1,45,46
650,320,385,15,0,17,48,65
322,227,385,17,0,78,80,158
176,318,385,13,0,37,30,67
88,371,385,1,0,9,5,14
467,277,385,16,0,44,64,108
50,208,385,16,0,114,63,177
235,247,385,19,0,40,98,138
462,191,385,18,0,105,89,194
289,310,385,17,0,1,74,75
450,244,385,18,0,53,88,141
155,329,385,16,0,1,55,56
501,272,385,13,0,84,29,113
275,388,394,0,2,1,5,6
482,390,394,0,2,2,3,5
212,379,397,0,2,1,17,18
187,385,397,1,2,1,11,12
191,380,397,0,2,1,16,17
459,359,397,0,2,15,23,38
595,364,397,0,2,10,23,33
28,367,397,0,2,9,21,30
530,363,397,0,2,12,22,34
562,367,397,0,2,7,23,30
123,376,397,0,2,1,20,21
379,381,397,0,2,2,15,17
101,373,397,0,2,2,22,24
41,374,399,3,2,13,12,25
201,385,406,2,1,14,7,21
630,322,407,9,2,37,48,85
405,370,412,4,0,10,32,42
356,345,412,5,0,26,41,67
299,366,412,6,0,1,45,46
618,329,412,7,0,14,69,83
607,344,412,3,0,43,25,68
55,377,412,3,0,12,23,35
334,349,412,6,0,6,57,63
548,376,412,5,0,1,35,36
301,311,412,7,0,33,68,101
274,367,412,6,0,1,44,45
643,377,412,5,0,1,34,35
83,366,412,3,0,22,24,46
297,370,412,5,0,2,40,42
256,352,412,4,0,28,32,60
42,304,412,7,0,39,69,108
211,367,412,4,0,14,31,45
53,297,414,8,0,68,49,117
413,355,414,9,0,4,55,59
204,285,414,8,0,79,50,129
528,336,414,9,0,25,53,78
10,293,414,9,0,67,54,121
329,288,414,9,0,71,55,126
214,401,420,2,10,1,18,19
430,406,420,0,2,8,6,14
524,416,427,1,2,4,7,11
520,401,427,0,2,11,15,26
272,404,427,1,2,15,8,23
375,411,427,0,2,2,14,16
582,392,427,0,2,20,15,35
348,394,427,0,2,19,14,33
43,399,427,0,2,14,14,28
436,398,427,0,2,14,15,29
446,395,427,0,2,17,15,32
424,409,427,0,2,3,15,18
495,395,427,0,2,19,13,32
608,417,438,0,2,14,7,21
564,423,438,0,2,10,5,15
604,420,438,0,2,11,7,18
312,418,438,0,2,15,6,21
515,429,438,0,2,2,7,9
472,433,438,0,2,1,4,5
286,432,440,3,2,1,7,8
135,411,440,7,2,1,28,29
455,401,440,4,2,25,14,39
416,379,440,6,2,39,22,61
154,411,451,16,2,9,31,40
634,342,451,18,2,60,49,109
305,382,451,16,2,37,32,69
518,383,451,17,2,27,41,68
458,315,451,18,2,87,49,136
3,365,451,18,2,39,47,86
536,397,451,17,2,13,41,54
347,428,451,14,2,5,18,23
387,320,451,18,2,83,48,131
374,430,451,15,2,1,20,21
509,414,451,2,18,13,24,37
554,427,457,2,1,13,17,30
251,447,457,2,1,1,9,10
49,415,464,16,0,4,45,49
307,399,464,17,0,12,53,65
290,362,464,17,0,49,53,102
76,375,464,18,0,28,61,89
633,378,464,15,0,49,37,86
182,361,464,15,0,65,38,103
419,381,464,18,0,21,62,83
421,371,464,18,0,31,62,93
37,385,464,17,0,27,52,79
296,325,464,17,0,85,54,139
188,445,474,0,2,20,9,29
35,438,474,0,2,26,10,36
309,469,474,0,2,1,4,5
394,456,474,0,2,8,10,18
570,448,474,0,2,17,9,26
139,468,474,0,2,1,5,6
240,446,474,0,2,18,10,28
299,465,474,0,2,1,8,9
151,453,474,0,2,15,7,22
322,447,474,0,2,17,10,27
408,446,474,0,2,20,8,28
372,451,474,0,2,13,10,23
163,375,476,9,0,11,90,101
232,422,476,3,0,10,44,54
79,413,476,3,0,18,45,63
391,436,476,1,0,21,19,40
407,408,476,6,0,9,59,68
380,367,476,9,0,18,91,109
648,402,476,7,0,3,71,74
351,403,476,7,0,3,70,73
566,409,476,4,0,18,49,67
172,376,476,6,0,41,59,100
239,383,476,8,0,10,83,93
355,383,481,10,2,66,32,98
168,425,481,11,2,15,41,56
532,442,481,10,2,7,32,39
46,455,481,10,2,1,25,26
256,474,482,0,2,2,6,8
85,476,482,0,2,1,5,6
227,472,482,0,2,4,6,10
551,481,488,0,2,1,6,7
337,483,488,0,2,1,4,5
316,481,488,0,2,2,5,7
548,477,488,0,2,1,10,11
23,473,488,0,2,4,11,15
285,444,499,3,2,45,10,55
2,472,502,2,1,9,21,30
264,457,503,17,2,2,44,46
181,465,503,17,2,1,37,38
231,304,503,19,2,123,76,199
160,433,503,18,2,13,57,70
403,434,503,18,2,13,56,69
103,419,504,9,2,34,51,85
365,446,504,7,2,20,38,58
179,476,504,4,2,14,14,28
592,397,512,9,0,56,59,115
580,458,512,4,0,33,21,54
470,430,512,7,0,35,47,82
624,481,512,6,0,1,30,31
357,450,512,5,0,35,27,62
171,459,512,6,0,13,40,53
26,448,512,4,0,42,22,64
491,412,512,9,0,42,58,100
9,428,512,9,0,27,57,84
513,432,512,5,0,52,28,80
319,386,514,19,0,42,86,128
641,430,514,19,0,1,83,84
588,442,514,15,0,32,40,72
162,459,514,15,0,16,39,55
579,332,514,19,0,96,86,182
557,487,514,14,0,1,26,27
249,453,514,17,0,5,56,61
283,403,514,19,0,24,87,111
653,443,514,15,0,30,41,71
77,351,514,19,0,78,85,163
20,339,514,19,0,88,87,175
371,411,514,19,0,19,84,103
260,434,514,19,0,1,79,80
481,380,514,19,0,47,87,134
278,431,514,15,0,42,41,83
268,441,515,2,19,33,41,74
78,506,520,0,2,5,9,14
647,486,520,0,2,23,11,34
560,489,520,0,2,19,12,31
521,505,520,0,2,3,12,15
628,498,520,0,2,11,11,22
255,515,520,0,2,1,4,5
603,512,520,0,2,1,7,8
324,492,520,0,2,18,10,28
342,485,520,0,2,23,12,35
635,492,520,0,2,16,12,28
66,431,521,12,0,2,88,90
22,410,521,12,0,25,86,111
229,383,521,11,0,57,81,138
167,444,521,11,0,1,76,77
578,342,521,12,0,91,88,179
74,510,521,1,0,1,10,11
373,386,521,10,0,64,71,135
32,481,521,2,0,1,39,40
184,492,521,1,0,10,19,29
429,449,521,10,0,1,71,72
512,400,521,10,0,49,72,121
486,383,521,11,0,58,80,138
543,496,521,2,0,1,24,25
131,408,521,10,0,43,70,113
599,364,521,12,0,69,88,157
358,517,521,1,0,1,3,4
507,350,521,12,0,84,87,171
133,492,521,2,0,1,28,29
460,497,521,2,0,1,23,24
410,520,524,0,2,1,3,4
592,515,524,0,2,1,8,9
640,519,524,0,2,1,4,5
315,518,524,0,2,1,5,6
581,512,527,4,2,10,5,15
389,526,532,0,2,2,5,7
220,526,532,0,2,2,4,6
378,526,532,0,2,2,5,7
478,535,539,2,1,1,3,4
145,512,539,2,1,15,12,27
531,511,549,4,0,10,28,38
60,532,554,1,0,1,21,22
223,537,554,1,0,1,16,17
276,525,554,1,0,6,23,29
281,520,554,1,0,10,24,34
321,537,554,1,0,2,15,17
399,552,559,0,2,1,6,7
106,536,559,0,2,15,8,23
585,540,567,2,1,6,21,27
517,524,571,9,2,20,27,47
225,409,571,13,2,101,61,162
190,490,571,11,2,36,45,81
234,499,571,11,2,26,46,72
263,523,571,8,2,25,23,48
474,569,572,1,2,1,2,3
68,551,572,2,0,1,20,21
242,547,572,2,0,1,24,25
494,554,572,0,2,1,17,18
453,558,572,0,2,1,13,14
104,520,572,6,0,15,37,52
555,550,574,1,2,9,15,24
572,547,574,0,2,2,25,27
573,552,574,0,2,1,21,22
523,531,574,0,2,19,24,43
632,541,574,0,2,8,25,33
12,536,574,0,2,13,25,38
232,546,574,0,2,5,23,28
454,530,574,0,2,19,25,44
479,535,574,0,2,16,23,39
287,541,574,0,2,9,24,33
476,535,574,0,2,15,25,40
262,531,574,0,2,18,25,43
368,543,574,0,2,7,25,32
75,535,574,0,2,15,24,39
463,465,590,18,2,55,70,125
590,546,590,11,2,32,12,44
465,528,590,16,2,11,51,62
98,490,590,19,2,26,74,100
508,551,590,12,2,16,23,39
539,487,590,19,2,28,75,103
108,541,590,14,2,15,34,49
206,314,593,13,0,196,83,279
440,479,593,13,0,31,83,114
591,509,593,9,0,34,50,84
483,320,593,13,0,191,82,273
569,362,593,13,0,150,81,231
441,357,593,13,0,153,83,236
447,505,593,13,0,8,80,88
11,467,593,12,0,51,75,126
1,500,593,8,0,49,44,93
292,575,593,1,0,7,11,18
525,536,593,9,0,7,50,57
0,493,593,8,0,55,45,100
257,476,593,11,0,49,68,117
345,491,593,7,0,64,38,102
631,515,593,10,0,19,59,78
393,456,593,13,0,55,82,137
553,530,594,2,6,42,22,64
562,559,594,2,11,1,34,35
142,590,600,0,2,4,6,10
652,593,600,0,2,1,6,7
503,591,600,0,2,2,7,9
346,596,600,0,2,1,3,4
250,586,600,0,2,7,7,14
296,592,600,0,2,3,5,8
499,574,605,1,2,13,18,31
485,566,605,0,2,6,33,39
177,561,605,0,2,11,33,44
602,584,605,0,2,1,20,21
418,568,605,0,2,6,31,37
192,577,605,0,2,1,27,28
128,569,605,0,2,3,33,36
313,562,605,0,2,11,32,43
205,582,605,0,2,1,22,23
25,472,610,16,0,67,71,138
497,571,610,12,0,1,38,39
266,541,610,16,0,1,68,69
400,573,610,12,0,1,36,37
280,519,610,15,0,29,62,91
601,501,610,15,0,45,64,109
63,479,610,18,0,42,89,131
261,490,610,19,0,25,95,120
277,491,610,15,0,56,63,119
180,506,610,17,0,21,83,104
596,486,610,15,0,60,64,124
544,495,610,16,0,45,70,115
97,501,610,19,0,16,93,109
110,530,617,7,2,75,12,87
570,607,618,2,5,1,10,11
304,599,619,2,16,1,19,20
73,604,631,1,2,16,11,27
14,604,631,0,2,6,21,27
132,618,631,0,2,1,12,13
564,606,631,2,14,1,24,25
649,613,631,0,2,1,17,18
327,599,631,0,2,11,21,32
162,598,631,0,2,13,20,33
441,601,631,0,2,11,19,30
650,609,631,0,2,1,21,22
122,612,631,0,2,1,18,19
390,613,631,0,2,2,16,18
514,605,631,0,2,6,20,26
425,597,631,0,2,13,21,34
625,619,631,0,2,1,11,12
211,618,631,0,2,2,11,13
350,615,631,0,2,1,15,16
392,635,638,2,1,1,2,3
363,589,638,4,2,23,26,49
56,615,638,3,2,12,11,23
359,600,638,2,1,17,21,38
469,586,643,7,0,20,37,57
567,576,643,7,0,28,39,67
202,493,643,7,0,111,39,150
311,572,649,6,0,17,60,77
81,551,649,5,0,44,54,98
335,574,649,6,0,14,61,75
397,576,649,6,0,14,59,73
300,546,649,6,0,42,61,103
442,651,655,0,2,1,3,4
4,646,655,0,2,2,7,9
320,623,655,0,2,20,12,32
86,622,655,0,2,22,11,33
547,619,655,0,2,24,12,36
332,626,655,0,2,18,11,29
197,626,655,0,2,17,12,29
164,638,655,0,2,5,12,17
247,646,655,0,2,1,8,9
405,637,655,0,2,7,11,18
487,640,655,0,2,5,10,15
354,636,655,0,2,7,12,19
209,648,655,0,2,1,6,7
167,644,655,0,2,3,8,11
96,649,655,0,2,1,5,6
200,623,655,0,2,22,10,32
419,643,655,0,2,1,11,12
44,630,655,0,2,16,9,25
62,625,655,0,2,18,12,30
12,636,656,2,12,1,19,20
381,628,661,2,18,3,30,33
117,652,661,0,2,1,8,9
432,651,661,0,2,1,9,10
573,655,662,2,3,1,6,7
448,621,663,2,13,10,32,42
438,663,671,0,2,1,7,8
7,661,671,0,2,1,9,10
565,654,671,0,2,1,16,17
274,665,671,0,2,1,5,6
486,661,671,0,2,2,8,10
99,661,671,0,2,1,9,10
239,657,671,0,2,1,13,14
627,663,671,0,2,2,6,8
606,659,671,0,2,1,11,12
616,659,671,0,2,2,10,12
425,668,683,2,7,3,12,15
404,628,687,4,2,43,16,59
442,674,699,2,19,1,24,25
196,685,699,0,2,2,12,14
66,679,699,0,2,2,18,20
293,668,699,0,2,13,18,31
505,679,699,0,2,3,17,20
580,683,699,0,2,1,15,16
618,684,699,0,2,1,14,15
542,674,699,0,2,9,16,25
483,689,699,0,2,1,9,10
362,687,699,0,2,1,11,12
199,687,699,0,2,2,10,12
576,680,699,0,2,1,18,19
622,671,699,0,2,10,18,28
222,687,699,0,2,2,11,13
651,670,699,0,2,12,17,29
507,684,699,0,2,2,13,15
636,549,701,11,2,107,45,152
384,588,701,15,2,59,54,113
295,669,701,10,2,1,31,32
386,543,701,18,2,84,74,158
594,600,701,15,2,48,53,101
45,584,701,10,2,83,34,117
248,610,701,17,2,27,64,91
343,670,704,2,1,18,16,34
355,686,704,2,1,1,17,18
519,661,704,2,1,26,17,43
137,690,704,2,1,1,13,14
194,704,711,0,2,1,6,7
516,695,711,0,2,13,3,16
229,702,711,0,2,5,4,9
426,694,711,0,2,11,6,17
340,689,711,0,2,16,6,22
105,706,711,0,2,1,4,5
575,695,711,0,2,10,6,16
443,693,711,0,2,14,4,18
183,696,711,0,2,10,5,15
107,693,711,0,2,12,6,18
281,699,711,0,2,6,6,12
457,691,711,0,2,14,6,20
450,690,711,0,2,16,5,21
10,693,711,0,2,13,5,18
533,587,712,10,0,81,44,125
545,599,712,16,0,43,70,113
422,590,712,18,0,36,86,122
546,579,712,8,0,97,36,133
270,539,712,18,0,87,86,173
153,651,715,14,2,40,24,64
165,635,715,18,2,42,38,80
236,610,715,19,2,60,45,105
412,706,720,0,2,6,8,14
89,713,720,0,2,1,6,7
77,712,720,0,2,1,7,8
260,714,720,0,2,2,4,6
306,713,720,0,2,2,5,7
338,714,720,0,2,1,5,6
284,531,721,19,0,138,52,190
201,684,729,1,7,8,37,45
148,726,733,2,7,1,6,7
115,706,734,2,14,6,22,28
84,729,734,0,2,1,4,5
434,726,734,0,2,1,7,8
346,688,745,2,18,23,34,57
121,685,756,7,2,48,23,71
33,725,756,9,2,1,30,31
414,693,756,9,2,29,34,63
394,733,758,2,13,1,24,25
341,735,760,0,2,10,15,25
185,742,760,0,2,1,17,18
607,732,760,0,2,11,17,28
57,738,760,0,2,5,17,22
431,733,760,0,2,11,16,27
614,733,760,0,2,10,17,27
124,739,760,0,2,5,16,21
593,748,764,0,2,2,14,16
351,750,764,0,2,1,13,14
460,752,764,0,2,1,11,12
285,723,765,2,1,33,9,42
610,748,765,2,1,10,7,17
160,724,765,2,1,33,8,41
455,725,765,2,1,31,9,40
294,760,765,2,1,1,4,5
378,758,773,2,0,1,14,15
502,733,779,1,13,22,24,46
317,767,779,0,2,6,6,12
288,769,779,0,2,4,6,10
16,756,779,0,2,18,5,23
30,761,779,0,2,12,6,18
597,766,779,0,2,9,4,13
528,775,779,0,2,1,3,4
360,755,779,0,2,18,6,24
250,762,779,2,13,4,13,17
433,765,779,0,2,9,5,14
371,757,779,0,2,16,6,22
369,765,779,0,2,9,6,15
61,768,779,0,2,6,5,11
444,742,780,19,2,12,26,38
477,770,782,3,2,5,7,12
336,691,782,5,2,57,34,91
527,747,782,4,2,9,26,35
102,709,782,17,2,11,62,73
510,689,782,18,2,26,67,93
237,689,782,19,2,10,83,93
493,759,783,0,2,15,9,24
91,774,783,0,2,1,8,9
600,775,783,0,2,1,7,8
32,778,783,0,2,1,4,5
621,770,783,0,2,4,9,13
24,782,788,0,2,1,5,6
95,783,788,0,2,1,4,5
557,783,788,0,2,2,3,5
50,783,788,0,2,1,4,5
236,770,792,2,1,10,12,22
86,756,792,2,15,8,28,36
191,757,792,2,15,8,27,35
337,776,793,2,5,3,14,17
374,787,794,2,1,1,6,7
322,761,803,2,17,3,39,42
492,802,806,0,2,1,3,4
561,790,806,0,2,6,10,16
175,785,806,0,2,11,10,21
130,791,806,0,2,6,9,15
111,797,806,0,2,1,8,9
385,788,806,0,2,8,10,18
292,792,806,0,2,4,10,14
182,800,806,0,2,2,4,6
529,786,806,0,2,11,9,20
596,794,806,0,2,2,10,12
210,795,806,0,2,2,9,11
216,798,806,0,2,2,6,8
577,792,806,0,2,7,7,14
504,789,806,0,2,9,8,17
246,799,806,0,2,2,5,7
239,785,807,2,8,1,21,22
434,803,814,2,5,3,8,11
453,792,817,2,10,2,23,25
626,795,829,10,2,18,16,34
507,804,829,2,12,1,24,25
195,771,834,13,2,44,19,63
647,780,836,2,15,8,48,56
595,792,836,2,15,1,43,44
471,811,841,0,2,15,15,30
391,826,841,0,2,1,14,15
440,831,841,0,2,1,9,10
489,834,842,0,2,1,7,8
563,838,843,2,1,1,4,5
361,806,843,2,1,23,14,37
129,828,843,2,1,2,13,15
318,828,843,2,1,1,14,15
298,802,845,0,2,22,21,43
645,804,845,0,2,21,20,41
235,817,845,0,2,8,20,28
26,823,845,0,2,1,21,22
301,809,845,0,2,15,21,36
605,823,845,0,2,3,19,22
401,816,845,0,2,8,21,29
493,846,849,2,3,1,2,3
389,840,853,2,0,1,12,13
150,831,853,2,0,1,21,22
200,821,860,2,7,20,19,39
437,820,863,2,13,18,25,43
513,860,864,0,2,1,3,4
92,844,866,0,2,11,11,22
355,810,870,1,10,25,35,60
375,847,871,2,15,1,23,24
309,838,871,2,15,1,32,33
583,867,874,0,2,1,6,7
427,869,874,0,2,1,4,5
48,863,874,0,2,1,10,11
300,864,874,0,2,1,9,10
297,870,874,0,2,1,3,4
188,828,879,2,16,10,41,51
226,838,881,0,2,15,28,43
213,839,881,0,2,15,27,42
613,839,881,0,2,14,28,42
526,839,881,0,2,16,26,42
449,845,881,0,2,9,27,36
52,859,881,0,2,1,21,22
506,843,881,0,2,10,28,38
290,844,881,0,2,9,28,37
55,852,881,0,2,1,28,29
157,848,881,0,2,7,26,33
39,849,881,0,2,5,27,32
357,848,881,0,2,5,28,33
402,839,881,0,2,14,28,42
643,860,881,0,2,1,20,21
512,840,881,0,2,14,27,41
462,847,881,0,2,6,28,34
20,852,881,0,2,4,25,29
155,852,881,0,2,1,28,29
478,825,888,1,19,11,52,63
326,885,890,0,2,1,4,5
367,886,890,0,2,1,3,4
149,873,890,0,2,11,6,17
473,875,890,0,2,10,5,15
447,873,890,0,2,10,7,17
380,871,890,0,2,12,7,19
289,882,890,0,2,2,6,8
540,878,890,0,2,5,7,12
430,875,893,2,10,2,16,18
359,847,894,1,11,16,31,47
269,875,905,2,1,10,20,30
135,876,905,2,1,8,21,29
377,860,905,2,1,24,21,45
403,897,905,2,1,1,7,8
572,884,905,2,11,1,20,21
275,880,905,2,1,6,19,25
362,855,905,2,11,19,31,50
240,863,910,2,12,11,36,47
2,878,912,1,18,1,33,34
435,889,917,0,2,11,17,28
423,891,917,0,2,8,18,26
215,901,917,0,2,2,14,16
633,903,917,0,2,1,13,14
242,894,917,0,2,7,16,23
456,897,917,0,2,3,17,20
491,895,917,0,2,4,18,22
9,888,917,0,2,11,18,29
619,899,917,0,2,3,15,18
117,876,919,2,16,2,41,43
330,912,923,0,2,2,9,11
144,919,923,0,2,1,3,4
169,907,923,0,2,6,10,16
545,912,923,0,2,1,10,11
406,915,923,0,2,1,7,8
91,859,926,2,18,16,51,67
145,898,931,1,9,8,25,33
395,927,931,0,2,1,3,4
207,925,931,0,2,1,5,6
303,919,931,0,2,1,11,12
134,921,931,0,2,2,9,11
22,926,931,0,2,1,4,5
413,922,931,0,2,1,8,9
131,918,931,0,2,1,12,13
28,872,937,2,19,4,61,65
132,920,939,2,10,1,18,19
197,912,939,2,10,2,25,27
427,888,939,2,10,17,34,51
458,910,941,2,1,21,10,31
432,912,941,2,1,20,9,29
485,912,947,2,11,1,34,35
35,911,947,2,11,1,35,36
410,925,947,2,11,1,21,22
616,937,947,2,1,1,9,10
131,935,948,2,10,2,11,13
642,933,962,0,2,12,17,29
80,943,962,0,2,4,15,19
604,930,962,2,14,1,31,32
178,935,962,0,2,11,16,27
230,934,962,0,2,13,15,28
615,928,962,0,2,17,17,34
334,935,962,0,2,10,17,27
291,929,962,0,2,17,16,33
88,934,962,0,2,11,17,28
345,940,962,0,2,5,17,22
566,940,962,0,2,6,16,22
543,939,962,0,2,9,14,23
54,940,962,0,2,5,17,22
137,953,968,1,7,1,14,15
602,935,968,2,15,1,32,33
638,958,970,0,2,6,6,12
579,964,970,0,2,1,5,6
490,954,970,0,2,11,5,16
53,956,970,0,2,10,4,14
0,964,970,0,2,2,4,6
535,962,970,0,2,2,6,8
283,961,970,0,2,4,5,9
184,955,970,0,2,9,6,15
65,952,970,0,2,12,6,18
270,968,976,0,2,1,7,8
609,971,977,0,2,1,5,6
147,972,977,0,2,1,4,5
49,968,977,0,2,1,8,9
143,967,977,0,2,1,9,10
569,970,977,0,2,1,6,7
358,968,977,0,2,1,8,9
329,962,977,0,2,4,11,15
139,976,979,2,3,1,2,3
515,954,981,2,10,6,21,27
412,941,987,2,11,18,28,46
16,970,991,2,4,1,20,21
112,985,999,2,1,4,10,14
89,985,999,2,1,5,9,14
251,948,1000,1,13,4,48,52
285,985,1003,1,3,9,9,18
541,991,1007,0,2,1,15,16
558,988,1007,0,2,1,18,19
206,981,1007,0,2,6,20,26
15,975,1007,0,2,11,21,32
623,990,1007,0,2,1,16,17
83,993,1007,0,2,1,13,14
519,949,1009,1,17,4,56,60
411,1005,1013,0,2,1,7,8
522,998,1013,0,2,6,9,15
307,1007,1013,0,2,2,4,6
1,1009,1013,0,2,1,3,4
257,1006,1013,0,2,2,5,7
421,1005,1013,0,2,2,6,8
538,996,1013,0,2,7,10,17
599,1002,1013,0,2,1,10,11
617,1014,1018,0,2,1,3,4
266,1014,1018,0,2,1,3,4
269,974,1022,1,18,19,29,48
78,987,1028,2,3,20,21,41
333,1016,1031,0,2,9,6,15
556,1020,1031,0,2,5,6,11
445,1020,1031,0,2,6,5,11
271,1027,1031,0,2,1,3,4
36,1014,1031,0,2,11,6,17
254,1021,1031,0,2,7,3,10
578,1025,1031,0,2,1,5,6
422,1015,1031,0,2,11,5,16
158,1016,1031,0,2,12,4,16
335,1026,1031,0,2,1,4,5
501,1022,1031,0,2,3,6,9
17,1020,1031,0,2,5,6,11
486,1004,1035,2,11,1,30,31
211,988,1035,2,4,20,27,47
632,1027,1036,2,10,1,8,9
306,1030,1044,2,9,1,13,14
49,1014,1046,2,16,1,31,32
297,999,1046,2,5,8,39,47
640,1026,1053,2,19,1,26,27
614,988,1053,2,17,1,64,65
611,1033,1056,0,2,5,18,23
308,1027,1056,0,2,11,18,29
466,1039,1056,0,2,2,15,17
559,1037,1056,0,2,1,18,19
174,1029,1056,0,2,10,17,27
244,1040,1056,0,2,2,14,16
356,1036,1056,0,2,4,16,20
407,1040,1056,0,2,1,15,16
429,1045,1056,0,2,1,10,11
138,1037,1056,0,2,2,17,19
492,1016,1062,2,18,1,45,46
164,1021,1062,2,18,1,40,41
523,1042,1063,2,3,16,5,21
585,1040,1070,1,5,9,21,30
365,1047,1071,2,1,9,15,24
279,1054,1071,2,1,1,16,17
612,1026,1071,2,1,31,14,45
463,1009,1071,2,1,46,16,62
302,1010,1071,2,1,46,15,61
465,1043,1071,2,1,12,16,28
347,1023,1071,2,1,32,16,48
376,1069,1081,0,2,1,11,12
70,1064,1081,0,2,7,10,17
484,1066,1081,0,2,4,11,15
79,1068,1081,0,2,1,12,13
68,1067,1081,0,2,5,9,14
180,1069,1081,0,2,2,10,12
393,1065,1081,0,2,4,12,16
544,1062,1081,0,2,7,12,19
353,1055,1081,0,2,14,12,26
481,1056,1081,0,2,14,11,25
238,1066,1081,0,2,3,12,15
294,1041,1082,1,9,9,32,41
154,1081,1088,2,1,1,6,7
646,1075,1088,2,1,7,6,13
156,1073,1093,0,2,7,13,20
19,1075,1093,0,2,4,14,18
71,1077,1093,0,2,4,12,16
163,1077,1093,0,2,2,14,16
373,1082,1093,0,2,1,10,11
261,1070,1093,0,2,9,14,23
221,1082,1093,0,2,2,9,11
561,1037,1094,2,11,19,38,57
151,1077,1096,2,0,6,13,19
372,1081,1096,2,10,1,14,15
94,1094,1102,0,2,1,7,8
233,1089,1103,2,1,4,10,14
527,1091,1103,2,1,3,9,12
257,1085,1103,2,11,1,17,18
526,1090,1105,2,4,3,12,15
645,1039,1106,2,15,18,49,67
551,1040,1112,2,17,16,56,72
637,1097,1116,0,2,1,18,19
60,1096,1116,0,2,1,19,20
397,1095,1116,0,2,1,20,21
619,1097,1116,2,7,1,18,19
126,1108,1124,2,1,4,12,16
47,1110,1124,2,1,4,10,14
518,1118,1124,2,1,1,5,6
461,1104,1124,2,1,8,12,20
14,1107,1124,2,1,6,11,17
320,1111,1124,2,1,1,12,13
167,1109,1124,2,11,1,14,15
505,1096,1130,2,17,1,33,34
618,1116,1130,2,7,1,13,14
75,1114,1135,2,18,1,20,21
160,1065,1136,1,18,23,48,71
480,1106,1147,0,2,25,16,41
409,1120,1147,0,2,11,16,27
241,1132,1147,0,2,1,14,15
284,1120,1147,0,2,12,15,27
280,1121,1147,0,2,10,16,26
74,1118,1147,0,2,13,16,29
76,1115,1147,0,2,17,15,32
318,1055,1148,1,19,32,61,93
370,1137,1152,0,2,1,14,15
546,1119,1152,0,2,14,19,33
303,1130,1157,2,3,22,5,27
120,1145,1161,0,2,2,14,16
159,1150,1161,0,2,1,10,11
109,1144,1161,0,2,1,16,17
223,1149,1161,0,2,1,11,12
531,1138,1161,0,2,2,21,23
571,1152,1161,0,2,1,8,9
176,1150,1161,0,2,2,9,11
467,1142,1161,0,2,1,18,19
277,1144,1161,0,2,2,15,17
212,1143,1164,2,1,6,15,21
73,1139,1164,2,1,9,16,25
317,1151,1167,2,5,3,13,16
220,1153,1169,2,11,1,15,16
43,1126,1173,2,7,26,21,47
392,1123,1176,1,13,16,37,53
608,1154,1176,2,13,1,21,22
494,1168,1177,2,3,1,8,9
568,1161,1178,0,2,7,10,17
388,1169,1178,0,2,1,8,9
497,1156,1178,0,2,11,11,22
567,1167,1178,0,2,2,9,11
202,1158,1178,0,2,8,12,20
37,1153,1178,0,2,13,12,25
38,1173,1180,0,2,3,4,7
203,1172,1180,0,2,1,7,8
87,1172,1180,0,2,2,6,8
4,1129,1180,2,8,24,27,51
198,1172,1180,0,2,1,7,8
21,1172,1180,0,2,3,5,8
119,1173,1180,0,2,1,6,7
641,1172,1180,0,2,1,7,8
591,1171,1180,0,2,1,8,9
648,1172,1180,0,2,2,6,8
278,1173,1180,0,2,2,5,7
138,1179,1186,2,3,1,6,7
194,1138,1187,2,15,10,39,49
516,1163,1188,2,9,1,24,25
264,1167,1192,2,1,15,10,25
93,1162,1192,2,1,20,11,31
610,1096,1198,1,17,42,60,102
559,1132,1198,2,17,15,51,66
129,1150,1200,1,10,6,44,50
177,1183,1201,2,13,1,17,18
236,1162,1207,1,19,11,34,45
366,1180,1207,0,2,14,13,27
620,1184,1207,0,2,11,12,23
40,1187,1207,0,2,7,13,20
470,1190,1207,0,2,5,12,17
204,1199,1207,0,2,1,7,8
171,1184,1207,0,2,10,13,23
631,1184,1207,0,2,12,11,23
20,1189,1207,2,19,1,17,18
97,1200,1207,0,2,1,6,7
403,1141,1208,1,18,1,66,67
638,1128,1208,2,18,19,61,80
279,1147,1212,1,15,8,57,65
593,1164,1212,2,15,1,47,48
371,1146,1213,2,19,1,66,67
583,1197,1214,2,8,5,12,17
609,1165,1225,2,17,2,58,60
163,1214,1227,2,9,1,12,13
580,1221,1228,2,4,1,6,7
637,1164,1234,2,19,2,68,70
284,1169,1234,2,19,1,64,65
401,1223,1238,2,7,1,14,15
630,1229,1243,2,1,1,13,14
363,1210,1243,2,1,17,16,33
33,1221,1243,2,1,8,14,22
165,1201,1243,2,1,27,15,42
474,1199,1243,2,1,28,16,44
399,1213,1245,2,10,6,26,32
560,1230,1250,2,11,2,18,20
500,1221,1255,0,2,24,10,34
218,1204,1255,0,2,39,12,51
11,1222,1255,0,2,21,12,33
311,1237,1255,0,2,9,9,18
63,1239,1255,0,2,4,12,16
172,1235,1255,0,2,8,12,20
104,1204,1255,0,2,40,11,51
42,1212,1255,0,2,31,12,43
321,1229,1255,0,2,15,11,26
226,1238,1259,2,13,1,20,21
196,1226,1259,2,13,6,27,33
586,1209,1260,2,16,12,39,51
310,1249,1262,0,2,1,12,13
624,1249,1262,0,2,2,11,13
435,1253,1263,2,5,3,7,10
521,1205,1266,2,18,15,46,61
605,1227,1268,2,14,6,35,41
365,1224,1271,1,7,30,17,47
332,1193,1271,2,19,26,52,78
260,1207,1271,2,19,12,52,64
142,1252,1274,2,7,4,18,22
388,1241,1274,2,7,15,18,33
174,1238,1276,2,15,2,36,38
625,1261,1276,2,10,1,14,15
428,1258,1277,0,2,2,17,19
282,1262,1277,0,2,1,14,15
588,1257,1277,0,2,2,18,20
400,1264,1277,0,2,1,12,13
653,1257,1277,0,2,1,19,20
276,1255,1277,0,2,3,19,22
156,1252,1286,2,9,6,28,34
491,1241,1286,2,9,16,29,45
455,1264,1287,1,4,3,20,23
484,1244,1288,2,11,11,33,44
154,1238,1298,1,16,10,50,60
423,1258,1298,2,16,1,39,40
24,1246,1298,2,16,10,42,52
50,1256,1298,2,16,1,41,42
231,1252,1301,2,1,31,18,49
31,1281,1301,2,1,3,17,20
168,1265,1301,2,1,20,16,36
195,1258,1301,2,1,25,18,43
146,1270,1301,2,1,14,18,32
409,1271,1301,2,8,7,23,30
292,1254,1301,2,1,30,17,47
369,1287,1308,2,0,1,20,21
287,1270,1311,2,11,7,34,41
531,1299,1313,2,4,2,12,14
398,1305,1315,0,2,1,9,10
644,1309,1315,0,2,1,5,6
344,1306,1315,0,2,1,8,9
319,1308,1315,0,2,1,6,7
25,1307,1315,0,2,1,7,8
533,1304,1315,0,2,1,10,11
249,1307,1315,0,2,1,7,8
93,1297,1326,1,2,9,20,29
259,1270,1326,0,2,25,31,56
166,1292,1326,0,2,6,28,34
51,1296,1326,0,2,1,29,30
224,1271,1326,0,2,25,30,55
243,1289,1326,0,2,7,30,37
69,1289,1326,0,2,6,31,37
601,1288,1326,0,2,7,31,38
81,1274,1326,0,2,23,29,52
587,1271,1326,0,2,25,31,56
651,1276,1326,2,15,1,49,50
85,1321,1326,2,4,1,4,5
428,1293,1329,2,10,7,29,36
512,1308,1329,2,10,1,20,21
189,1317,1332,2,1,3,12,15
594,1317,1332,2,1,4,11,15
387,1319,1332,2,1,3,10,13
451,1318,1332,2,1,2,12,14
288,1286,1336,2,13,14,36,50
547,1319,1340,2,8,1,20,21
314,1320,1340,2,8,1,19,20
361,1329,1344,1,11,1,14,15
449,1296,1347,2,14,6,45,51
374,1332,1355,1,15,1,22,23
19,1297,1360,2,19,3,60,63
235,1290,1360,2,19,11,59,70
629,1313,1362,0,2,32,17,49
13,1313,1362,0,2,33,16,49
464,1327,1362,0,2,20,15,35
100,1342,1362,0,2,6,14,20
383,1335,1362,0,2,11,16,27
67,1336,1362,0,2,9,17,26
72,1331,1362,0,2,14,17,31
525,1317,1362,0,2,28,17,45
252,1358,1367,0,2,1,8,9
232,1338,1371,2,3,24,9,33
384,1347,1382,2,1,10,25,35
488,1368,1382,2,1,1,13,14
511,1356,1382,2,1,2,24,26
248,1359,1382,2,1,1,22,23
15,1368,1382,2,1,2,12,14
377,1321,1383,1,4,36,26,62
210,1362,1383,2,4,1,20,21
298,1333,1389,2,5,30,26,56
262,1356,1389,2,5,8,25,33
155,1366,1389,2,16,1,22,23
159,1344,1391,2,0,12,35,47
379,1373,1391,2,0,1,17,18
563,1321,1396,1,11,1,74,75
518,1358,1396,1,17,3,35,38
267,1373,1396,0,2,13,10,23
34,1394,1398,0,2,1,3,4
396,1390,1398,0,2,1,7,8
325,1380,1398,0,2,7,11,18
152,1364,1398,0,2,22,12,34
598,1379,1398,0,2,7,12,19
135,1324,1401,1,7,32,45,77
617,1358,1401,2,7,4,39,43
111,1364,1401,2,7,2,35,37
122,1310,1401,2,12,16,75,91
80,1386,1405,2,5,12,7,19
47,1298,1407,1,8,58,51,109
650,1382,1411,2,15,1,28,29
207,1392,1415,2,6,8,15,23
274,1375,1415,2,6,23,17,40
444,1399,1416,2,1,1,16,17
219,1412,1416,2,1,1,3,4
263,1397,1416,2,1,2,17,19
120,1363,1416,2,9,2,51,53
271,1390,1416,2,1,8,18,26
628,1330,1416,2,9,32,54,86
175,1394,1418,2,12,2,22,24
368,1409,1422,2,0,1,12,13
406,1399,1423,2,8,2,22,24
458,1287,1424,1,18,18,119,137
199,1335,1424,2,18,1,88,89
450,1347,1424,2,18,1,76,77
549,1396,1429,2,15,1,32,33
186,1412,1430,0,2,10,8,18
333,1374,1430,2,19,1,55,56
6,1421,1430,0,2,2,7,9
420,1397,1430,0,2,24,9,33
228,1395,1430,0,2,27,8,35
161,1405,1430,0,2,16,9,25
27,1425,1430,0,2,1,4,5
469,1394,1430,0,2,27,9,36
479,1324,1430,2,19,3,103,106
540,1361,1430,2,19,1,68,69
97,1348,1430,2,19,1,81,82
258,1403,1432,0,2,19,10,29
592,1382,1435,2,9,17,36,53
405,1430,1437,2,4,1,6,7
67,1436,1439,2,3,1,2,3
255,1424,1447,2,4,8,15,23
82,1423,1448,2,7,7,18,25
153,1429,1455,2,1,7,19,26
382,1421,1455,2,1,14,20,34
520,1451,1455,2,1,1,3,4
272,1435,1455,2,1,2,18,20
613,1446,1455,2,1,1,8,9
473,1450,1455,2,1,1,4,5
627,1408,1458,2,9,22,28,50
178,1439,1463,2,4,15,9,24
578,1411,1471,2,12,20,40,60
64,1457,1472,0,2,1,14,15
323,1433,1472,0,2,21,18,39
537,1439,1472,0,2,16,17,33
624,1459,1472,2,6,1,12,13
112,1462,1475,1,7,1,12,13
603,1418,1478,2,15,12,48,60
606,1411,1478,2,15,19,48,67
8,1466,1488,0,2,13,9,22
339,1464,1488,0,2,14,10,24
39,1448,1488,2,12,5,35,40
270,1422,1491,2,18,9,60,69
653,1438,1495,2,15,15,42,57
22,1439,1496,2,12,12,45,57
105,1440,1496,2,12,12,44,56
522,1484,1500,2,3,5,11,16
40,1488,1500,2,3,2,10,12
506,1454,1502,2,17,1,47,48
330,1417,1503,2,19,15,71,86
305,1498,1504,2,1,1,5,6
636,1494,1504,2,1,1,9,10
121,1473,1504,2,1,14,17,31
190,1479,1504,2,1,9,16,25
205,1436,1504,2,13,16,52,68
501,1461,1504,2,13,1,42,43
233,1453,1506,1,11,9,44,53
189,1440,1506,1,11,23,43,66
300,1494,1509,2,6,2,13,15
422,1455,1514,2,18,1,58,59
308,1439,1515,2,14,12,64,76
471,1462,1517,2,8,26,29,55
36,1495,1518,2,14,1,22,23
557,1474,1518,2,14,1,43,44
90,1485,1523,0,2,26,12,38
452,1492,1523,0,2,19,12,31
136,1506,1523,0,2,7,10,17
417,1485,1523,0,2,27,11,38
383,1494,1524,2,9,1,29,30
385,1483,1524,2,15,1,40,41
596,1435,1526,2,15,16,75,91
293,1518,1529,2,4,5,6,11
126,1434,1533,1,16,28,71,99
545,1484,1533,2,16,1,48,49
324,1472,1533,2,16,1,60,61
230,1442,1535,2,19,9,84,93
407,1523,1535,2,6,1,11,12
538,1437,1535,2,19,14,84,98
443,1530,1540,2,6,1,9,10
203,1527,1552,2,8,3,22,25
517,1518,1554,2,1,25,11,36
234,1540,1554,2,1,4,10,14
208,1508,1554,2,1,35,11,46
472,1514,1554,2,1,30,10,40
61,1524,1554,2,1,21,9,30
436,1546,1559,2,6,2,11,13
411,1526,1562,2,11,1,35,36
222,1539,1565,2,0,4,22,26
470,1538,1569,2,7,11,20,31
588,1501,1570,2,15,26,43,69
280,1518,1570,2,15,11,41,52
183,1519,1570,2,15,9,42,51
552,1566,1572,0,2,1,5,6
544,1513,1576,2,16,14,49,63
313,1551,1576,2,8,1,24,25
352,1552,1582,2,1,21,9,30
254,1556,1582,2,7,17,9,26
331,1521,1583,0,2,33,29,62
496,1516,1583,0,2,37,30,67
170,1527,1583,0,2,26,30,56
265,1548,1583,0,2,5,30,35
140,1559,1583,0,2,1,23,24
439,1533,1583,0,2,22,28,50
252,1512,1585,2,17,16,57,73
307,1519,1585,2,17,8,58,66
511,1491,1588,1,10,45,52,97
52,1560,1589,2,8,12,17,29
370,1569,1589,2,0,5,15,20
465,1553,1590,1,16,14,23,37
8,1554,1596,2,9,18,24,42
168,1544,1597,1,11,1,52,53
219,1544,1597,1,11,2,51,53
227,1547,1597,2,11,2,48,50
248,1547,1600,1,17,19,34,53
123,1547,1603,2,12,1,55,56
59,1595,1607,0,2,1,11,12
550,1588,1607,0,2,1,18,19
395,1547,1609,2,13,3,59,62
323,1604,1613,2,3,1,8,9
347,1522,1619,1,14,14,83,97
302,1596,1626,1,3,14,16,30
198,1614,1626,2,10,1,11,12
398,1606,1626,2,9,1,19,20
119,1610,1626,2,9,1,15,16
125,1604,1628,2,1,3,21,24
532,1619,1628,2,1,1,8,9
187,1610,1628,2,1,1,17,18
536,1617,1628,2,1,1,10,11
98,1588,1628,2,1,19,21,40
508,1602,1628,2,1,6,20,26
612,1536,1629,1,17,2,91,93
611,1535,1629,2,17,13,81,94
241,1591,1635,2,12,16,28,44
66,1570,1635,2,12,37,28,65
106,1595,1635,2,12,14,26,40
363,1599,1637,1,4,12,26,38
463,1538,1637,1,18,1,98,99
387,1513,1637,1,18,24,100,124
426,1615,1637,2,4,4,18,22
620,1629,1642,2,10,1,12,13
195,1578,1643,1,13,20,45,65
208,1610,1647,1,6,2,35,37
338,1621,1647,2,11,2,24,26
590,1635,1651,2,1,5,11,16
349,1631,1651,2,1,9,12,21
500,1586,1654,2,15,22,46,68
193,1618,1655,0,2,26,11,37
141,1617,1655,0,2,26,12,38
127,1641,1655,0,2,2,12,14
367,1621,1656,2,12,1,34,35
246,1620,1657,2,7,1,36,37
161,1614,1660,2,17,2,44,46
607,1658,1664,2,3,1,5,6
84,1654,1664,2,3,1,9,10
642,1633,1667,2,14,1,33,34
444,1598,1668,1,19,1,69,70
231,1600,1668,1,19,1,67,68
480,1611,1668,2,19,1,56,57
261,1610,1668,2,19,1,57,58
357,1643,1672,2,5,12,17,29
209,1662,1674,2,6,1,11,12
390,1654,1679,2,1,18,7,25
48,1660,1681,2,8,1,20,21
468,1660,1684,2,1,12,12,24
217,1650,1684,2,1,22,12,34
72,1661,1686,2,9,1,24,25
466,1643,1695,2,10,18,34,52
216,1652,1695,2,10,9,34,43
548,1673,1699,2,5,18,8,26
326,1681,1703,2,5,9,13,22
495,1676,1703,2,5,14,13,27
107,1667,1704,2,14,2,35,37
550,1667,1713,2,17,1,45,46
456,1686,1713,2,9,5,22,27
335,1696,1714,2,6,1,17,18
54,1678,1714,2,6,13,23,36
364,1700,1718,2,1,12,6,18
499,1706,1718,2,1,6,6,12
245,1702,1718,2,1,13,4,17
386,1691,1718,2,1,22,5,27
237,1685,1718,2,1,27,6,33
534,1684,1719,0,2,19,16,35
173,1688,1719,0,2,17,14,31
118,1678,1719,0,2,26,15,41
639,1673,1719,0,2,30,16,46
328,1696,1719,0,2,7,16,23
76,1655,1719,2,18,8,56,64
234,1693,1721,1,11,1,27,28
497,1679,1723,2,12,12,32,44
344,1684,1726,2,7,6,36,42
345,1670,1726,2,7,20,36,56
42,1698,1726,2,7,1,27,28
21,1650,1727,2,19,12,65,77
641,1661,1727,2,19,3,63,66
77,1659,1727,2,19,2,66,68
527,1657,1728,1,4,52,19,71
461,1672,1731,1,13,18,41,59
162,1682,1731,2,15,10,39,49
157,1690,1737,2,9,1,46,47
630,1697,1743,1,9,13,33,46
33,1706,1743,1,9,3,34,37
646,1618,1744,1,15,72,54,126
590,1705,1758,1,11,19,34,53
55,1738,1762,2,3,18,6,24
247,1737,1763,2,12,1,25,26
524,1726,1770,2,1,27,17,44
253,1735,1770,2,1,18,17,35
102,1737,1770,2,1,16,17,33
41,1725,1770,2,1,28,17,45
539,1750,1770,2,1,3,17,20
46,1723,1770,2,1,30,17,47
166,1737,1770,2,7,20,13,33
446,1745,1770,2,7,13,12,25
153,1725,1771,1,14,2,44,46
31,1698,1771,1,14,26,47,73
488,1723,1771,1,14,1,47,48
546,1730,1775,2,8,26,19,45
384,1702,1776,1,15,23,51,74
192,1714,1776,2,15,19,43,62
212,1758,1778,1,0,12,8,20
312,1734,1778,2,0,20,24,44
229,1759,1782,2,11,1,22,23
264,1720,1785,1,17,6,59,65
615,1723,1785,2,17,11,51,62
587,1753,1785,2,0,1,31,32
263,1776,1788,1,8,1,11,12
38,1775,1789,2,12,1,13,14
51,1730,1790,2,18,3,57,60
57,1756,1790,2,13,1,33,34
273,1774,1796,0,2,4,18,22
113,1784,1796,0,2,1,11,12
556,1773,1798,2,14,1,24,25
87,1750,1799,2,15,6,43,49
27,1798,1808,2,4,1,9,10
256,1791,1808,2,4,7,10,17
445,1778,1809,2,19,1,30,31
356,1800,1819,2,5,1,18,19
225,1805,1821,2,1,1,15,16
286,1809,1821,2,1,1,11,12
18,1801,1821,2,1,3,18,21
589,1802,1821,2,1,3,16,19
45,1792,1821,2,1,12,17,29
184,1777,1821,2,1,26,18,44
146,1816,1829,1,2,1,12,13
310,1784,1829,2,6,12,33,45
116,1795,1830,0,2,24,11,35
376,1793,1834,2,7,3,38,41
136,1790,1834,2,7,6,38,44
520,1802,1841,1,0,19,20,39
631,1798,1843,2,10,2,43,45
396,1827,1848,2,6,2,19,21
311,1819,1848,2,6,10,19,29
334,1831,1848,2,6,1,16,17
327,1787,1850,2,13,10,53,63
181,1823,1852,2,1,15,14,29
114,1834,1852,2,1,4,14,18
414,1829,1852,2,1,10,13,23
552,1842,1852,2,1,1,9,10
433,1847,1852,2,1,1,4,5
341,1843,1855,2,12,1,11,12
10,1842,1856,2,9,1,13,14
594,1840,1861,1,15,4,17,21
431,1801,1861,2,17,1,59,60
503,1815,1866,2,13,15,36,51
382,1753,1867,1,18,37,77,114
462,1798,1867,2,18,1,68,69
349,1858,1868,1,2,2,8,10
316,1844,1876,2,17,1,31,32
530,1876,1880,2,4,1,3,4
475,1865,1882,2,1,8,9,17
342,1870,1882,2,1,2,10,12
643,1853,1884,2,5,1,30,31
165,1801,1888,1,18,23,64,87
134,1850,1890,2,0,22,18,40
517,1855,1893,1,9,4,34,38
299,1859,1893,2,6,1,33,34
413,1871,1893,2,9,1,21,22
528,1875,1893,2,9,1,17,18
397,1847,1893,2,6,4,42,46
319,1822,1898,2,19,9,67,76
622,1872,1898,2,10,1,25,26
408,1864,1899,2,8,1,34,35
364,1876,1904,1,4,21,7,28
190,1849,1910,1,11,9,52,61
228,1849,1910,2,11,20,41,61
218,1858,1910,2,11,10,42,52
6,1847,1917,2,14,21,49,70
90,1917,1922,2,3,3,2,5
597,1858,1923,2,15,11,54,65
652,1850,1923,2,15,18,55,73
536,1884,1925,1,17,14,27,41
415,1918,1927,2,1,1,8,9
110,1922,1927,2,1,1,4,5
416,1889,1927,2,1,15,23,38
224,1910,1927,2,1,1,16,17
496,1908,1934,2,5,11,15,26
575,1884,1934,2,5,33,17,50
421,1876,1935,2,18,1,58,59
636,1906,1939,1,11,19,14,33
481,1855,1941,2,19,15,71,86
508,1926,1947,1,12,1,20,21
351,1899,1947,2,7,19,29,48
29,1931,1951,2,1,4,16,20
1,1909,1955,2,8,8,38,46
315,1917,1955,2,8,1,37,38
7,1914,1965,2,9,4,47,51
529,1901,1965,2,9,16,48,64
26,1963,1969,2,4,1,5,6
121,1959,1978,1,7,3,16,19
417,1954,1979,2,6,7,18,25
532,1958,1986,1,10,9,19,28
352,1927,1988,1,7,23,38,61
567,1926,1988,2,7,34,28,62
581,1963,1992,2,1,19,10,29
258,1972,1992,2,10,1,19,20
354,1880,1992,2,10,13,99,112
429,1876,1992,2,10,16,100,116
457,1979,1992,2,1,4,9,13
44,1925,1992,2,10,1,66,67
245,1990,1997,1,2,1,6,7
386,1962,1998,1,18,6,30,36
482,1960,1999,2,0,21,18,39
476,1979,1999,2,0,2,18,20
34,1970,2002,2,11,1,31,32
360,1896,2002,2,11,1,105,106
568,1961,2003,2,13,1,41,42
373,1985,2007,2,10,2,20,22
600,1919,2008,2,12,1,88,89
402,1959,2011,2,14,1,51,52
598,1937,2017,2,15,1,79,80
353,1880,2017,2,15,12,125,137
278,1923,2017,2,15,1,93,94
17,1900,2017,2,15,1,116,117
253,1980,2019,1,14,2,37,39
305,1946,2022,1,16,6,70,76
193,1992,2028,2,15,1,35,36
267,1930,2028,2,16,1,97,98
404,2021,2032,2,1,6,5,11
98,1940,2032,1,19,10,82,92
237,1934,2032,1,19,17,81,98
13,2024,2032,2,1,2,6,8
468,1980,2035,1,16,1,54,55
64,2018,2037,2,0,8,11,19
419,1886,2040,2,18,6,148,154
350,1949,2040,2,18,1,90,91
537,1985,2047,2,17,1,61,62
100,1916,2048,2,19,1,131,132
99,1919,2048,2,19,2,127,129
125,2021,2052,1,19,7,24,31
217,2004,2052,1,19,23,25,48
644,2036,2059,2,5,1,22,23
325,1976,2059,2,5,21,62,83
584,2043,2059,2,5,1,15,16
108,2052,2062,2,1,1,9,10
88,2044,2062,2,1,3,15,18
276,2053,2062,2,1,1,8,9
281,2037,2062,2,1,11,14,25
273,2055,2069,2,3,4,10,14
79,2059,2069,2,3,1,9,10
158,2033,2071,2,0,14,24,38
623,1985,2071,2,6,13,73,86
81,2065,2076,2,5,1,10,11
328,2035,2084,2,9,1,48,49
477,2078,2085,2,1,1,6,7
282,2071,2085,2,1,6,8,14
339,2015,2087,2,11,46,26,72
41,2058,2094,1,3,18,18,36
571,2081,2094,2,11,1,12,13
366,1999,2098,2,12,60,39,99
634,2084,2100,2,1,4,12,16
581,2047,2100,1,4,30,23,53
566,2085,2100,2,4,2,13,15
141,2063,2106,2,13,1,42,43
441,2016,2106,2,13,43,47,90
176,2017,2106,2,13,43,46,89
504,2032,2106,2,13,27,47,74
416,2062,2107,1,6,16,29,45
152,2088,2109,2,0,1,20,21
0,2081,2116,2,8,5,30,35
25,2056,2118,2,16,5,57,62
424,2012,2118,2,16,48,58,106
30,2060,2123,2,17,3,60,63
477,2107,2125,1,3,9,9,18
414,2081,2125,1,9,1,43,44
487,2100,2128,2,11,4,24,28
649,2098,2132,2,7,14,20,34
127,2043,2135,2,18,19,73,92
62,2014,2135,2,18,45,76,121
415,2120,2136,1,6,1,15,16
400,2103,2137,2,12,2,32,34
626,2113,2138,2,1,11,14,25
179,2113,2138,2,1,12,13,25
186,2114,2138,2,1,10,14,24
113,2090,2138,2,11,1,47,48
629,2107,2139,2,9,6,26,32
331,2045,2140,2,19,15,80,95
128,2044,2140,2,19,15,81,96
464,2108,2144,2,14,1,35,36
225,2033,2145,1,13,43,69,112
589,2088,2153,1,15,6,59,65
9,2151,2162,2,9,1,10,11
534,2151,2167,2,10,2,14,16
621,2123,2167,2,10,27,17,44
489,2162,2169,2,5,1,6,7
18,2174,2177,1,2,1,2,3
221,2128,2177,2,11,22,27,49
404,2147,2185,1,4,18,20,38
290,2133,2190,2,17,19,38,57
37,2128,2190,2,17,23,39,62
172,2172,2191,2,6,5,14,19
574,2152,2195,2,1,31,13,44
358,2140,2195,2,1,41,14,55
420,2138,2196,2,18,12,46,58
329,2170,2198,2,9,7,21,28
170,2177,2199,2,10,1,21,22
140,2191,2205,2,13,1,13,14
514,2162,2205,2,10,15,28,43
483,2166,2206,2,13,11,29,40
454,2201,2210,2,4,1,8,9
169,2172,2211,2,11,6,33,39
102,2140,2216,1,17,26,50,76
601,2186,2217,2,15,2,29,31
23,2194,2218,2,8,4,20,24
103,2206,2222,2,1,1,15,16
295,2199,2222,2,1,5,18,23
3,2219,2222,2,1,1,2,3
29,2139,2223,1,19,26,58,84
104,2228,2235,2,6,1,6,7
114,2206,2241,1,6,21,14,35
238,2209,2241,2,8,16,16,32
110,2240,2248,1,7,1,7,8
45,2196,2256,1,10,44,16,60
340,2215,2258,2,12,6,37,43
447,2232,2263,2,13,1,30,31
56,2261,2266,2,1,1,4,5
291,2255,2266,2,1,2,9,11
108,2225,2267,1,14,16,26,42
633,2200,2276,2,15,21,55,76
181,2245,2278,1,17,1,32,33
53,2269,2283,2,8,1,13,14
440,2260,2286,2,13,12,14,26
569,2273,2286,2,13,1,12,13
510,2273,2289,2,1,4,12,16
185,2277,2289,2,1,1,11,12
182,2264,2293,2,15,7,22,29
565,2258,2293,2,15,13,22,35
555,2292,2310,2,1,6,12,18
533,2275,2318,2,10,21,22,43
46,2266,2321,1,10,36,19,55
452,2310,2322,2,4,3,9,12
418,2318,2325,2,6,1,6,7
579,2282,2332,2,19,15,35,50
321,2316,2332,2,1,6,10,16
286,2325,2338,1,3,4,9,13
510,2330,2360,1,18,1,29,30
467,2339,2364,2,16,6,19,25
74,2359,2377,2,1,6,12,18
296,2351,2378,2,17,1,26,27
539,2340,2386,1,19,1,45,46
149,2391,2400,2,7,1,8,9
83,2398,2409,2,3,1,10,11
599,2376,2415,2,12,19,20,39
265,2380,2421,2,17,16,25,41
173,2391,2426,2,15,5,30,35
469,2411,2430,2,7,4,15,19
118,2416,2434,2,13,1,17,18
639,2390,2436,2,18,5,41,46
591,2423,2436,2,9,1,12,13
648,2429,2454,2,7,9,16,25
301,2445,2454,2,7,1,8,9
215,2426,2466,2,10,13,27,40
525,2451,2471,2,9,5,15,20
179,2442,2477,1,4,11,24,35
634,2422,2480,1,18,6,52,58
63,2425,2480,2,18,13,42,55
490,2485,2500,2,9,2,13,15
60,2489,2501,2,1,2,10,12
391,2492,2501,2,1,1,8,9
513,2500,2505,2,5,1,4,5
56,2501,2521,1,3,2,18,20
535,2502,2521,2,3,8,11,19
626,2526,2540,1,10,1,13,14
249,2529,2547,2,17,1,17,18
574,2539,2559,1,2,10,10,20
94,2510,2559,2,19,1,48,49
289,2542,2574,2,17,3,29,32
109,2560,2583,2,16,1,22,23
283,2535,2583,2,19,9,39,48
336,2572,2584,2,1,2,10,12
65,2575,2586,2,4,4,7,11
204,2584,2604,2,8,9,11,20
180,2588,2618,2,17,6,24,30
3,2589,2624,1,18,8,27,35
393,2604,2627,2,13,1,22,23
116,2627,2659,2,14,11,21,32
266,2659,2675,2,16,1,15,16
380,2685,2703,2,9,2,16,18
336,2708,2726,1,5,5,13,18
295,2733,2754,1,10,6,15,21
277,2743,2773,2,15,12,18,30
103,2777,2800,1,9,4,19,23
206,2801,2824,2,13,3,20,23
202,2836,2854,2,7,2,16,18
171,2870,2888,2,6,4,14,18
223,2912,2927,2,1,4,11,15
11,2931,2958,2,12,8,19,27
