553,2,23,4,0,7,14,21
861,11,25,1,2,3,11,14
1049,2,25,0,2,2,21,23
586,17,32,0,2,6,9,15
9,36,48,3,2,7,5,12
765,28,50,1,0,7,15,22
706,32,50,1,0,4,14,18
28,0,52,13,2,15,37,52
238,46,56,0,2,4,6,10
400,38,56,0,2,12,6,18
266,45,56,0,2,6,5,11
1068,22,70,11,0,4,44,48
2,12,70,11,0,13,45,58
556,44,76,2,0,4,28,32
434,21,76,6,0,1,54,55
161,31,76,4,0,6,39,45
752,15,76,6,0,6,55,61
513,15,76,5,0,11,50,61
1050,25,76,4,0,11,40,51
262,51,76,2,0,1,24,25
766,52,76,1,0,4,20,24
712,30,87,16,2,5,52,57
226,7,87,16,2,27,53,80
887,7,87,18,2,19,61,80
332,57,87,11,2,2,28,30
498,36,87,14,2,5,46,51
363,51,95,11,0,7,37,44
922,50,95,11,0,7,38,45
224,61,95,10,0,4,30,34
938,29,95,13,0,16,50,66
685,22,95,14,0,18,55,73
947,75,95,10,0,1,19,20
28,63,96,2,1,18,15,33
515,85,98,3,0,5,8,13
309,85,98,3,0,6,7,13
598,5,100,10,0,22,73,95
776,35,100,5,0,21,44,65
1058,71,100,4,0,2,27,29
651,6,100,10,0,22,72,94
579,83,100,3,0,1,16,17
521,54,100,4,0,17,29,46
367,17,100,9,0,24,59,83
345,62,100,4,0,10,28,38
1048,42,100,5,0,15,43,58
583,33,100,9,0,9,58,67
179,86,100,2,0,1,13,14
553,87,103,0,2,8,8,16
775,101,106,0,2,1,4,5
924,99,106,0,2,1,6,7
614,53,106,3,0,15,38,53
360,69,106,3,0,1,36,37
259,55,106,3,0,14,37,51
586,57,112,2,13,21,34,55
909,107,112,0,2,1,4,5
926,109,136,3,2,14,13,27
547,117,136,4,2,1,18,19
355,103,145,8,2,18,24,42
688,60,145,8,2,59,26,85
539,64,145,7,2,72,9,81
810,93,145,12,2,1,51,52
394,85,145,12,2,3,57,60
773,117,145,9,2,10,18,28
861,119,148,2,1,17,12,29
744,144,163,1,0,4,15,19
177,126,163,3,0,1,36,37
329,126,163,2,0,11,26,37
93,107,163,4,0,6,50,56
232,54,164,14,0,17,93,110
632,104,164,11,0,1,59,60
728,121,164,8,0,1,42,43
280,36,164,17,0,18,110,128
979,98,164,8,0,21,45,66
122,74,164,13,0,8,82,90
403,73,164,13,0,8,83,91
166,46,164,17,0,9,109,118
880,79,164,10,0,29,56,85
448,51,164,16,0,13,100,113
549,88,164,11,0,10,66,76
774,63,164,9,0,50,51,101
607,84,164,12,0,5,75,80
687,92,164,8,0,28,44,72
1059,78,164,12,0,10,76,86
1042,113,168,1,2,47,8,55
972,153,168,1,2,8,7,15
354,134,168,0,2,19,15,34
423,120,168,0,2,33,15,48
1060,142,168,0,2,11,15,26
474,129,168,0,2,24,15,39
425,124,168,0,2,30,14,44
470,147,168,0,2,10,12,22
161,135,168,0,2,19,14,33
752,132,168,0,2,23,13,36
521,154,168,0,2,1,13,14
369,161,173,0,2,3,9,12
651,168,173,0,2,1,4,5
774,166,173,0,2,1,6,7
471,160,176,0,2,3,13,16
809,166,176,0,2,2,9,11
391,149,199,6,2,19,31,50
928,138,199,7,2,24,37,61
323,123,199,6,2,45,31,76
1006,128,199,6,2,41,30,71
307,143,199,5,2,33,23,56
1016,157,199,5,2,20,22,42
133,150,200,10,2,27,23,50
918,134,200,15,2,4,62,66
245,155,200,10,2,23,22,45
1066,139,200,11,2,31,30,61
1014,76,200,17,2,47,77,124
436,134,206,11,2,36,36,72
282,108,206,12,2,51,47,98
995,91,206,16,2,34,81,115
955,116,206,13,2,31,59,90
57,137,206,14,2,1,68,69
919,116,206,14,2,18,72,90
884,115,208,6,0,53,40,93
627,149,208,7,0,12,47,59
335,130,208,7,0,31,47,78
430,162,208,6,0,9,37,46
790,127,208,4,0,60,21,81
639,99,208,6,0,69,40,109
272,136,208,7,0,25,47,72
46,131,208,7,0,32,45,77
26,119,208,6,0,51,38,89
751,171,208,6,0,1,36,37
392,107,208,6,0,62,39,101
497,113,208,7,0,49,46,95
334,97,208,7,0,64,47,111
258,163,208,5,0,13,32,45
225,131,213,10,0,46,36,82
976,173,213,10,0,4,36,40
446,162,213,11,0,7,44,51
849,108,213,17,0,16,89,105
785,141,213,10,0,37,35,72
552,116,213,17,0,7,90,97
804,111,213,11,0,58,44,102
523,158,213,10,0,19,36,55
741,148,213,14,0,1,64,65
143,140,213,11,0,29,44,73
213,154,213,10,0,23,36,59
388,136,213,11,0,33,44,77
927,170,213,10,0,9,34,43
299,161,215,2,0,25,29,54
312,165,215,2,0,20,30,50
959,158,215,2,0,27,30,57
591,204,215,1,0,1,10,11
645,184,215,1,0,13,18,31
827,193,215,2,0,1,21,22
802,162,216,11,0,8,46,54
212,101,216,14,0,34,81,115
684,130,216,14,0,6,80,86
404,187,216,8,0,8,21,29
625,76,216,16,0,49,91,140
1031,144,216,14,0,1,71,72
27,128,216,13,0,20,68,88
87,145,216,8,0,50,21,71
229,81,216,16,0,45,90,135
421,151,216,10,0,28,37,65
103,87,216,14,0,47,82,129
826,139,216,12,0,19,58,77
524,107,216,12,0,51,58,109
740,175,216,8,0,20,21,41
697,210,220,0,2,2,8,10
306,188,220,0,2,20,12,32
72,176,220,0,2,33,11,44
316,186,220,0,2,24,10,34
205,210,220,0,2,1,9,10
100,203,220,0,2,5,12,17
757,183,220,0,2,25,12,37
667,201,220,0,2,8,11,19
232,174,220,0,2,34,12,46
1048,209,220,0,2,2,9,11
765,210,220,0,2,3,7,10
1067,219,223,0,2,1,3,4
438,219,227,0,2,1,7,8
556,220,227,0,2,1,6,7
481,160,248,17,2,44,44,88
1011,164,248,16,2,52,32,84
351,150,248,17,2,54,44,98
1013,166,248,14,2,66,16,82
920,199,248,14,2,33,16,49
342,242,262,0,2,11,9,20
654,231,262,0,2,22,9,31
744,236,262,0,2,18,8,26
827,248,262,0,2,7,7,14
557,231,263,2,1,19,14,33
810,226,263,2,1,22,15,37
25,203,267,10,2,28,36,64
876,195,267,10,2,36,36,72
1057,157,272,19,2,40,75,115
110,132,272,19,2,66,74,140
450,219,272,16,2,7,46,53
190,237,272,15,2,1,34,35
934,123,272,19,2,74,75,149
948,257,282,10,0,1,24,25
13,270,282,2,0,1,11,12
541,216,282,10,0,15,51,66
95,196,282,10,0,36,50,86
10,205,282,10,0,28,49,77
263,268,282,2,0,1,13,14
124,172,284,19,0,25,87,112
750,207,284,14,0,35,42,77
949,175,284,13,0,77,32,109
489,208,284,18,0,1,75,76
237,196,284,14,0,45,43,88
1009,131,284,18,0,74,79,153
721,225,284,13,0,27,32,59
184,201,284,19,0,1,82,83
197,131,284,18,0,76,77,153
620,78,284,18,0,127,79,206
610,87,284,18,0,119,78,197
797,184,284,19,0,14,86,100
185,201,284,13,0,51,32,83
816,214,284,17,0,1,69,70
480,213,284,17,0,1,70,71
533,183,285,7,2,67,35,102
426,215,285,7,2,37,33,70
603,249,285,7,2,2,34,36
431,259,285,6,2,1,25,26
175,268,285,5,2,1,16,17
855,193,285,6,2,65,27,92
417,190,286,15,0,31,65,96
729,166,286,16,0,49,71,120
578,184,286,15,0,38,64,102
153,156,286,16,0,59,71,130
1012,228,286,14,0,4,54,58
594,253,286,1,0,12,21,33
577,214,286,15,0,8,64,72
650,167,286,19,0,31,88,119
902,210,286,17,0,1,75,76
1024,231,286,1,0,32,23,55
818,239,286,1,0,24,23,47
117,201,286,17,0,3,82,85
115,206,286,17,0,1,79,80
930,207,286,15,0,14,65,79
956,153,286,17,0,52,81,133
679,194,286,15,0,29,63,92
897,151,286,15,0,70,65,135
705,233,286,1,0,31,22,53
823,184,286,17,0,22,80,102
985,269,292,0,2,13,10,23
372,275,292,0,2,8,9,17
81,274,292,0,2,8,10,18
796,279,292,0,2,5,8,13
817,260,292,0,2,22,10,32
272,275,292,0,2,7,10,17
166,266,292,0,2,17,9,26
741,282,292,0,2,1,9,10
630,222,296,8,2,12,62,74
35,226,296,4,2,51,19,70
555,179,296,4,2,98,19,117
589,146,296,8,2,87,63,150
59,196,296,8,2,39,61,100
270,223,296,8,2,10,63,73
17,209,296,4,2,69,18,87
330,267,296,6,2,1,28,29
891,173,297,7,0,77,47,124
963,268,297,5,0,2,27,29
1040,174,297,4,0,99,24,123
138,219,297,5,0,49,29,78
708,188,297,5,0,79,30,109
214,240,297,8,0,1,56,57
390,174,297,6,0,83,40,123
457,218,297,6,0,41,38,79
129,190,297,4,0,83,24,107
886,205,297,6,0,52,40,92
726,229,297,6,0,28,40,68
420,241,297,7,0,9,47,56
692,182,297,7,0,69,46,115
0,241,297,6,0,17,39,56
703,289,299,1,2,5,5,10
60,289,299,0,2,1,9,10
36,272,299,0,2,12,15,27
533,299,305,2,1,1,5,6
786,303,308,0,2,1,4,5
22,300,308,0,2,1,7,8
88,295,310,0,2,1,14,15
903,293,310,0,2,1,16,17
598,292,310,0,2,1,17,18
400,231,319,2,14,61,27,88
657,257,323,4,0,21,45,66
576,300,323,1,0,5,18,23
978,282,323,4,0,1,40,41
989,194,323,3,0,93,36,129
305,226,323,4,0,53,44,97
373,193,323,8,0,40,90,130
1023,305,323,1,0,1,17,18
997,250,323,4,0,27,46,73
719,262,323,7,0,1,60,61
452,271,323,4,0,6,46,52
251,224,323,8,0,12,87,99
1046,208,323,8,0,25,90,115
686,186,323,8,0,48,89,137
250,167,323,3,0,120,36,156
1049,279,327,2,4,20,28,48
455,296,331,6,2,13,22,35
379,287,331,8,2,2,42,44
468,298,331,5,2,15,18,33
318,270,331,7,2,30,31,61
84,310,331,5,2,3,18,21
238,316,331,2,14,1,14,15
853,322,335,0,2,2,11,13
838,317,335,0,2,8,10,18
111,317,335,0,2,6,12,18
546,308,335,0,2,16,11,27
798,323,335,0,2,3,9,12
994,306,335,0,2,17,12,29
730,328,335,0,2,1,6,7
795,327,335,0,2,1,7,8
230,316,335,0,2,8,12,20
927,324,335,0,2,1,10,11
1011,333,340,2,1,1,6,7
988,310,353,3,2,26,17,43
66,254,353,3,2,82,17,99
315,320,355,4,0,5,30,35
641,305,355,5,0,10,40,50
737,285,355,5,0,29,41,70
769,277,355,9,0,1,77,78
181,318,355,2,0,14,23,37
128,316,355,4,0,9,30,39
575,194,355,9,0,84,77,161
1039,310,355,5,0,4,41,45
135,321,355,1,0,19,15,34
923,268,355,9,0,11,76,87
828,316,355,4,0,10,29,39
890,282,355,7,0,19,54,73
500,277,355,9,0,3,75,78
845,309,355,2,0,22,24,46
173,319,355,5,0,1,35,36
248,279,355,5,0,34,42,76
53,282,355,6,0,26,47,73
739,279,355,8,0,9,67,76
71,301,363,19,2,33,29,62
794,275,363,19,2,57,31,88
612,267,363,18,2,75,21,96
830,320,363,3,0,17,26,43
55,320,363,3,0,16,27,43
710,320,363,3,0,20,23,43
665,218,363,3,0,119,26,145
1053,336,363,3,0,1,26,27
806,299,363,3,0,39,25,64
605,225,363,3,0,111,27,138
492,284,363,3,0,53,26,79
916,283,363,3,0,53,27,80
1004,337,363,3,0,1,25,26
105,180,363,3,0,156,27,183
310,253,363,3,0,84,26,110
879,257,363,3,0,82,24,106
458,298,363,3,0,38,27,65
1003,240,363,3,0,96,27,123
771,235,363,3,0,103,25,128
835,354,363,2,0,1,8,9
971,349,369,1,2,15,5,20
837,333,369,0,2,22,14,36
503,334,369,0,2,22,13,35
680,350,369,0,2,8,11,19
657,343,369,0,2,12,14,26
1012,346,369,0,2,9,14,23
312,344,369,0,2,12,13,25
880,357,369,0,2,2,10,12
911,358,369,0,2,3,9,12
804,336,369,0,2,19,14,33
886,352,369,0,2,3,14,17
524,342,369,0,2,15,12,27
949,365,371,0,2,1,5,6
69,287,373,12,2,68,18,86
352,347,373,13,2,1,25,26
206,229,373,12,2,126,18,144
264,330,373,12,2,25,18,43
96,341,374,7,2,21,12,33
24,298,374,9,2,51,25,76
278,293,374,9,2,54,27,81
273,315,374,7,2,47,12,59
964,364,381,0,2,1,16,17
285,365,381,0,2,1,15,16
10,367,381,0,2,1,13,14
318,381,384,2,1,1,2,3
90,299,386,8,0,59,28,87
286,320,386,7,0,43,23,66
933,356,386,8,0,4,26,30
660,289,386,9,0,58,39,97
504,307,386,8,0,52,27,79
219,311,386,8,0,46,29,75
518,331,386,8,0,27,28,55
601,326,386,7,0,36,24,60
635,302,386,8,0,55,29,84
414,291,386,9,0,57,38,95
336,353,386,7,0,10,23,33
18,320,386,9,0,27,39,66
74,298,386,8,0,59,29,88
689,338,386,8,0,19,29,48
832,329,386,9,0,19,38,57
242,346,386,9,0,1,39,40
939,349,390,13,0,1,40,41
475,248,390,13,0,98,44,142
996,249,390,13,0,96,45,141
545,337,390,13,0,8,45,53
343,221,390,12,0,135,34,169
756,334,390,13,0,10,46,56
70,249,390,12,0,106,35,141
218,352,390,13,0,1,37,38
123,177,390,13,0,167,46,213
78,276,390,12,0,80,34,114
537,194,390,12,0,161,35,196
350,209,390,13,0,136,45,181
148,247,390,13,0,97,46,143
815,325,390,13,0,22,43,65
150,294,390,13,0,50,46,96
328,373,390,2,0,1,16,17
672,248,390,13,0,96,46,142
60,356,394,2,10,15,23,38
451,337,394,18,0,5,52,57
118,311,394,18,0,31,52,83
822,372,394,1,0,1,21,22
866,255,394,19,0,77,62,139
126,333,394,19,0,3,58,61
779,300,394,19,0,32,62,94
198,219,394,18,0,123,52,175
501,234,394,18,0,108,52,160
543,292,394,18,0,50,52,102
144,226,394,19,0,107,61,168
780,260,394,19,0,72,62,134
80,274,394,19,0,61,59,120
528,290,394,19,0,43,61,104
483,366,394,1,0,6,22,28
899,236,394,19,0,96,62,158
860,258,394,19,0,75,61,136
1020,225,394,19,0,107,62,169
878,250,394,19,0,84,60,144
942,226,394,18,0,116,52,168
851,384,399,0,2,3,12,15
922,380,399,0,2,9,10,19
979,376,399,0,2,12,11,23
403,378,399,0,2,9,12,21
614,373,399,0,2,13,13,26
26,376,399,0,2,10,13,23
334,383,399,0,2,3,13,16
2,371,399,0,2,16,12,28
947,378,399,0,2,8,13,21
740,369,399,0,2,17,13,30
622,390,407,0,2,1,16,17
923,392,407,0,2,1,14,15
541,395,407,0,2,1,11,12
251,394,407,0,2,1,12,13
212,398,410,0,2,1,11,12
197,397,410,0,2,1,12,13
752,408,416,2,6,1,7,8
267,329,419,4,2,73,17,90
882,351,419,6,2,33,35,68
925,409,419,3,2,1,9,10
782,405,419,4,2,1,13,14
865,373,419,4,2,29,17,46
322,375,419,6,2,9,35,44
533,389,422,1,7,10,23,33
2,423,433,2,11,1,9,10
136,381,437,18,2,27,29,56
297,301,437,18,2,106,30,136
432,405,437,17,2,10,22,32
676,238,437,18,2,169,30,199
568,411,437,18,2,1,25,26
612,429,438,2,1,1,8,9
395,402,448,0,2,34,12,46
840,406,448,0,2,32,10,42
554,436,448,0,2,2,10,12
714,399,448,0,2,37,12,49
678,406,448,0,2,30,12,42
974,426,448,0,2,10,12,22
701,430,448,0,2,7,11,18
377,421,448,0,2,15,12,27
224,411,448,0,2,25,12,37
501,411,448,0,2,28,9,37
231,421,448,0,2,18,10,28
309,421,448,0,2,15,12,27
1068,414,448,0,2,22,12,34
579,399,448,0,2,38,11,49
523,436,448,0,2,1,11,12
367,427,448,0,2,9,12,21
1046,423,448,0,2,14,11,25
771,406,448,0,2,31,11,42
262,430,448,0,2,6,12,18
420,414,448,0,2,23,11,34
155,398,454,4,0,6,50,56
260,425,454,2,0,1,28,29
569,393,454,2,0,27,34,61
180,389,454,2,0,30,35,65
519,431,454,2,0,1,22,23
208,399,454,4,0,3,52,55
121,397,454,5,0,1,56,57
399,431,454,1,0,7,16,23
538,385,454,5,0,10,59,69
21,361,454,4,0,42,51,93
393,370,454,6,0,16,68,84
456,313,454,6,0,71,70,141
1033,417,454,2,0,2,35,37
584,352,454,5,0,44,58,102
783,440,454,1,0,1,13,14
560,364,454,3,0,44,46,90
77,336,454,5,0,59,59,118
647,339,454,6,0,46,69,115
628,406,458,7,2,35,17,52
724,364,458,7,2,78,16,94
195,312,459,18,0,96,51,147
509,373,459,17,0,42,44,86
196,226,459,18,0,181,52,233
82,227,459,18,0,181,51,232
163,235,459,17,0,180,44,224
824,297,459,17,0,119,43,162
907,444,459,2,0,1,14,15
643,327,459,17,0,88,44,132
888,384,459,18,0,23,52,75
544,348,459,18,0,59,52,111
158,400,459,18,0,7,52,59
621,273,459,18,0,136,50,186
296,360,459,18,0,50,49,99
183,385,459,18,0,24,50,74
1027,363,459,18,0,44,52,96
464,352,459,17,0,63,44,107
206,456,466,2,1,2,8,10
347,456,466,0,2,2,8,10
88,459,466,2,1,1,6,7
79,451,466,0,2,6,9,15
293,450,466,0,2,5,11,16
932,454,466,0,2,1,11,12
825,462,466,0,2,1,3,4
62,441,466,0,2,13,12,25
572,444,466,0,2,12,10,22
894,438,466,0,2,17,11,28
681,448,466,0,2,7,12,19
268,459,466,0,2,2,6,8
575,455,466,0,2,1,10,11
1058,426,466,0,2,28,12,40
93,461,466,0,2,1,4,5
115,458,466,0,2,1,7,8
380,450,466,0,2,5,12,17
626,327,468,16,2,112,29,141
223,330,468,16,2,106,32,138
615,371,468,16,2,67,30,97
761,368,468,16,2,68,32,100
871,435,468,16,2,1,32,33
804,437,469,2,11,11,21,32
5,323,474,11,2,116,35,151
759,328,474,11,2,112,34,146
42,443,474,11,2,1,30,31
921,236,474,11,2,205,33,238
369,468,475,2,4,1,6,7
317,437,476,7,0,4,35,39
439,391,476,9,0,28,57,85
856,426,476,8,0,7,43,50
661,391,476,9,0,26,59,85
291,428,476,7,0,14,34,48
141,360,476,8,0,73,43,116
526,373,476,9,0,45,58,103
649,401,476,8,0,33,42,75
337,382,476,7,0,59,35,94
646,418,476,6,0,30,28,58
881,430,476,9,0,1,45,46
467,363,476,9,0,54,59,113
170,442,476,7,0,2,32,34
114,415,476,9,0,2,59,61
353,326,476,7,0,115,35,150
913,377,476,9,0,40,59,99
1044,396,476,7,0,47,33,80
617,395,476,9,0,23,58,81
413,342,480,11,0,97,41,138
981,260,480,15,0,191,29,220
303,249,480,16,0,188,43,231
381,446,480,16,0,1,33,34
767,440,480,11,0,1,39,40
58,268,480,16,0,170,42,212
803,425,480,11,0,14,41,55
895,300,480,15,0,151,29,180
389,265,480,11,0,177,38,215
768,407,480,11,0,33,40,73
616,274,480,16,0,162,44,206
460,255,480,16,0,181,44,225
850,435,480,11,0,8,37,45
34,287,480,16,0,150,43,193
112,178,480,11,0,261,41,302
970,354,480,16,0,83,43,126
608,301,480,15,0,150,29,179
534,310,480,16,0,126,44,170
94,299,480,10,0,152,29,181
762,395,480,16,0,41,44,85
188,196,480,11,0,243,41,284
300,400,480,11,0,39,41,80
550,195,480,11,0,245,40,285
338,401,480,16,0,36,43,79
4,262,480,11,0,177,41,218
581,365,480,11,0,76,39,115
1069,253,480,11,0,186,41,227
772,271,480,10,0,180,29,209
412,261,480,11,0,179,40,219
63,336,480,15,0,115,29,144
459,247,480,16,0,189,44,233
324,487,491,0,2,1,3,4
518,486,491,0,2,1,4,5
792,482,492,0,2,2,9,11
457,480,492,0,2,1,11,12
592,465,495,1,2,19,11,30
16,467,495,0,2,10,18,28
531,473,495,0,2,3,19,22
346,472,495,0,2,4,19,23
146,474,495,0,2,3,18,21
820,467,495,0,2,9,19,28
410,465,495,0,2,11,19,30
198,472,495,0,2,7,16,23
329,468,495,0,2,10,17,27
785,471,495,0,2,5,19,24
250,471,495,0,2,6,18,24
897,477,495,0,2,1,17,18
1032,478,498,14,2,1,19,20
366,438,498,14,2,40,20,60
365,455,498,14,2,25,18,43
1021,333,498,14,2,146,19,165
104,438,498,14,2,41,19,60
429,317,498,14,2,163,18,181
697,495,500,2,5,1,4,5
285,456,509,2,4,10,43,53
521,482,509,2,4,1,26,27
438,494,510,2,9,1,15,16
251,470,510,2,8,1,39,40
1046,459,510,2,8,7,44,51
882,505,514,2,1,1,8,9
66,477,514,2,1,21,16,37
795,473,518,2,19,18,27,45
924,446,521,2,9,20,55,75
805,453,525,3,2,66,6,72
169,471,534,14,0,7,56,63
235,271,534,14,0,208,55,263
511,440,534,14,0,38,56,94
384,488,534,2,0,11,35,46
915,488,534,1,0,27,19,46
234,393,534,14,0,87,54,141
946,422,534,14,0,57,55,112
945,426,534,14,0,52,56,108
134,487,534,1,0,27,20,47
843,374,534,14,0,105,55,160
233,277,534,14,0,201,56,257
872,254,534,14,0,224,56,280
440,326,534,14,0,152,56,208
535,346,534,14,0,132,56,188
364,402,534,14,0,76,56,132
168,378,534,14,0,100,56,156
1018,498,534,1,0,16,20,36
201,366,534,14,0,112,56,168
453,494,536,4,0,8,34,42
249,489,536,3,0,30,17,47
130,408,536,4,0,95,33,128
357,444,536,4,0,58,34,92
669,470,536,4,0,32,34,66
530,412,536,4,0,92,32,124
791,413,536,4,0,89,34,123
241,457,536,4,0,46,33,79
48,446,536,4,0,59,31,90
736,453,536,4,0,49,34,83
977,411,536,4,0,91,34,125
574,407,536,4,0,95,34,129
370,501,536,4,0,2,33,35
670,474,536,4,0,30,32,62
295,441,536,3,0,78,17,95
1061,424,536,4,0,79,33,112
210,443,536,3,0,77,16,93
809,518,536,2,0,7,11,18
160,504,536,4,0,2,30,32
331,496,536,3,0,24,16,40
397,521,537,0,2,5,11,16
359,506,537,0,2,19,12,31
758,492,537,0,2,33,12,45
807,488,537,0,2,37,12,49
488,494,537,0,2,31,12,43
542,523,537,0,2,2,12,14
677,508,537,0,2,17,12,29
314,522,537,0,2,3,12,15
965,494,537,0,2,32,11,43
137,497,537,0,2,29,11,40
968,489,537,0,2,36,12,48
1000,495,537,0,2,30,12,42
682,495,537,0,2,31,12,43
54,507,537,0,2,21,10,31
430,502,537,0,2,23,12,35
489,514,537,0,2,11,12,23
996,516,537,0,2,9,12,21
895,518,537,0,2,7,12,19
122,487,537,0,2,38,12,50
343,510,537,0,2,16,11,27
1031,512,537,0,2,13,12,25
46,504,537,0,2,21,12,33
605,508,537,0,2,17,12,29
608,525,537,0,2,2,10,12
393,491,537,0,2,34,12,46
345,531,537,0,2,1,5,6
259,495,537,0,2,30,12,42
350,508,537,0,2,17,12,29
860,489,537,0,2,37,11,48
621,530,537,0,2,1,6,7
584,518,537,0,2,7,12,19
150,520,537,0,2,5,12,17
986,517,537,0,2,10,11,21
938,536,540,0,2,1,3,4
7,484,549,5,2,47,18,65
252,501,549,5,2,30,18,48
444,492,549,5,2,41,16,57
65,459,549,3,2,82,8,90
1047,412,549,5,2,121,16,137
698,483,549,5,2,49,17,66
277,534,549,5,2,1,14,15
1030,447,550,19,2,73,30,103
165,334,550,17,2,198,18,216
490,369,550,17,2,164,17,181
339,495,550,19,2,26,29,55
898,504,550,19,2,14,32,46
935,448,550,19,2,70,32,102
109,446,550,19,2,72,32,104
557,508,552,1,2,35,9,44
742,536,552,0,2,1,15,16
716,522,552,1,2,21,9,30
654,552,555,2,3,1,2,3
757,547,555,2,3,1,7,8
1056,481,556,19,0,37,38,75
202,429,556,18,0,94,33,127
465,432,556,17,0,100,24,124
279,496,556,17,0,36,24,60
38,445,556,18,0,78,33,111
164,442,556,17,0,90,24,114
867,348,556,19,0,170,38,208
466,433,556,17,0,100,23,123
142,432,556,18,0,92,32,124
125,373,556,19,0,146,37,183
990,391,556,17,0,141,24,165
1037,452,556,19,0,67,37,104
472,530,556,17,0,2,24,26
603,547,559,2,1,2,10,12
667,543,566,2,19,1,22,23
266,517,567,2,4,20,30,50
877,552,571,0,2,4,15,19
75,553,571,0,2,6,12,18
11,558,571,0,2,2,11,13
893,542,571,0,2,14,15,29
629,553,571,0,2,3,15,18
315,560,571,0,2,1,10,11
124,558,571,0,2,1,12,13
448,550,571,0,2,8,13,21
751,553,571,0,2,4,14,18
549,550,571,0,2,6,15,21
607,542,571,0,2,15,14,29
686,544,571,0,2,12,15,27
942,551,571,0,2,6,14,20
14,471,574,6,2,94,9,103
405,494,574,8,2,56,24,80
97,542,574,7,2,14,18,32
253,448,574,8,2,102,24,126
171,466,574,7,2,91,17,108
1005,521,574,6,2,44,9,53
378,447,574,8,2,102,25,127
354,550,576,2,7,1,25,26
83,511,580,5,0,21,48,69
308,402,580,5,0,129,49,178
829,534,580,3,0,8,38,46
862,536,580,1,0,23,21,44
558,423,580,5,0,109,48,157
140,465,580,5,0,66,49,115
1036,519,580,5,0,12,49,61
461,414,580,5,0,117,49,166
512,430,580,5,0,101,49,150
139,404,580,5,0,128,48,176
445,440,580,5,0,94,46,140
1035,409,580,5,0,122,49,171
165,577,582,2,1,1,4,5
72,543,588,2,10,1,44,45
396,584,589,0,2,2,3,5
362,566,589,0,2,15,8,23
174,572,589,0,2,9,8,17
833,571,589,0,2,12,6,18
666,581,589,0,2,3,5,8
493,571,589,0,2,9,9,18
655,583,589,0,2,2,4,6
215,566,589,0,2,14,9,23
246,569,589,0,2,11,9,20
225,572,589,0,2,8,9,17
469,577,589,0,2,4,9,13
776,581,589,0,2,1,7,8
177,566,589,0,2,16,7,23
1023,583,589,0,2,1,5,6
274,572,589,0,2,11,7,18
736,568,589,0,2,13,8,21
832,573,589,0,2,7,9,16
772,564,589,0,2,16,9,25
679,567,589,0,2,13,9,22
263,574,589,0,2,7,8,15
28,509,591,1,13,58,24,82
88,583,593,1,0,1,9,10
745,584,593,1,0,1,8,9
602,513,593,7,0,42,38,80
883,558,593,6,0,7,28,35
99,461,593,7,0,94,38,132
727,512,593,8,0,37,44,81
634,471,593,8,0,78,44,122
221,470,593,8,0,81,42,123
967,555,593,7,0,3,35,38
98,463,593,7,0,92,38,130
725,476,593,6,0,89,28,117
715,462,593,7,0,94,37,131
91,449,593,8,0,100,44,144
374,524,593,8,0,28,41,69
908,526,593,6,0,39,28,67
1000,586,596,2,3,3,7,10
232,534,596,2,14,3,59,62
306,573,601,2,4,16,12,28
1060,585,601,2,4,5,11,16
974,570,602,2,17,1,31,32
631,595,603,0,2,2,6,8
611,594,603,0,2,2,7,9
578,595,603,0,2,1,7,8
130,597,603,0,2,1,5,6
748,590,603,0,2,4,10,14
134,586,603,0,2,8,9,17
685,589,603,0,2,4,10,14
1059,589,603,0,2,6,8,14
331,585,603,0,2,8,10,18
637,574,607,6,2,7,26,33
870,569,607,6,2,12,26,38
735,548,607,4,2,45,14,59
817,523,610,2,17,15,72,87
764,491,613,16,2,95,27,122
859,557,613,19,2,9,47,56
44,544,613,16,2,44,25,69
612,492,614,1,18,74,48,122
205,575,614,2,18,1,38,39
919,606,618,2,1,1,11,12
851,601,618,2,1,6,11,17
716,596,620,2,1,17,7,24
394,604,620,2,1,10,6,16
104,616,620,2,1,1,3,4
714,603,624,2,5,1,20,21
377,581,624,2,0,26,17,43
869,476,624,6,0,105,43,148
276,570,624,5,0,17,37,54
638,573,624,6,0,9,42,51
914,459,624,9,0,111,54,165
1007,544,624,6,0,39,41,80
56,572,624,3,0,30,22,52
912,464,624,9,0,107,53,160
52,526,624,6,0,55,43,98
691,489,624,9,0,83,52,135
113,537,624,9,0,34,53,87
172,586,624,5,0,2,36,38
844,593,624,3,0,9,22,31
580,491,624,6,0,91,42,133
770,493,624,9,0,77,54,131
371,560,624,4,0,34,30,64
671,565,624,4,0,28,31,59
320,485,624,9,0,85,54,139
991,458,628,17,0,120,50,170
40,521,628,17,0,56,51,107
449,565,628,16,0,20,43,63
41,466,628,16,0,121,41,162
551,536,628,17,0,43,49,92
116,540,628,17,0,37,51,88
957,429,628,17,0,148,51,199
624,578,628,16,0,8,42,50
857,457,628,16,0,129,42,171
901,556,628,17,0,21,51,72
361,457,628,16,0,128,43,171
587,294,628,15,0,300,34,334
900,543,628,17,0,35,50,85
495,487,628,16,0,98,43,141
86,309,628,15,0,285,34,319
398,491,628,16,0,94,43,137
227,452,628,16,0,133,43,176
326,625,634,0,2,2,7,9
718,622,634,0,2,3,9,12
151,611,634,0,2,13,10,23
235,612,634,0,2,15,7,22
363,620,634,0,2,4,10,14
286,616,634,0,2,8,10,18
767,610,634,0,2,15,9,24
822,609,634,0,2,15,10,25
260,613,634,0,2,11,10,21
862,622,634,0,2,2,10,12
434,601,634,0,2,24,9,33
669,623,634,0,2,3,8,11
538,616,634,0,2,10,8,18
241,615,634,0,2,10,9,19
899,602,634,0,2,24,8,32
826,617,634,0,2,7,10,17
513,618,634,0,2,7,9,16
640,621,634,0,2,4,10,14
179,601,634,0,2,23,10,33
706,600,634,0,2,24,10,34
494,635,650,0,2,3,12,15
276,642,650,0,2,1,7,8
649,635,650,0,2,2,13,15
103,633,650,0,2,4,13,17
854,635,650,0,2,3,13,16
162,533,652,14,2,102,17,119
982,527,652,15,2,91,34,125
64,351,652,15,2,268,33,301
348,516,652,14,2,120,16,136
909,630,656,2,6,4,22,26
958,619,657,2,1,34,5,39
71,647,657,2,1,5,5,10
9,622,657,2,1,31,4,35
47,646,657,0,2,1,10,11
107,648,657,0,2,1,8,9
1064,645,657,0,2,1,11,12
257,644,657,0,2,1,12,13
750,642,657,0,2,1,14,15
558,647,657,0,2,1,9,10
793,642,657,0,2,2,14,16
591,635,657,0,2,4,18,22
766,641,657,0,2,1,15,16
447,628,663,0,2,1,34,35
408,626,663,0,2,3,34,37
561,629,663,0,2,1,33,34
627,628,663,0,2,3,32,35
55,627,663,0,2,3,33,36
769,630,663,0,2,1,32,33
421,628,663,0,2,1,34,35
467,629,663,0,2,3,31,34
916,620,663,0,2,8,35,43
544,629,663,0,2,1,33,34
300,632,663,0,2,2,29,31
583,631,663,0,2,1,31,32
715,630,663,0,2,3,30,33
53,626,663,0,2,2,35,37
758,659,665,2,3,1,5,6
20,576,667,15,0,42,49,91
19,550,667,15,0,68,49,117
929,507,667,15,0,114,46,160
192,406,667,15,0,212,49,261
506,493,667,14,0,142,32,174
588,449,667,15,0,170,48,218
203,403,667,15,0,217,47,264
287,480,667,15,0,138,49,187
609,545,667,15,0,74,48,122
700,436,667,14,0,200,31,231
325,575,667,15,0,45,47,92
191,300,667,15,0,318,49,367
424,402,667,15,0,216,49,265
510,570,667,14,0,65,32,97
211,361,667,14,0,274,32,306
731,511,667,14,0,124,32,156
542,656,673,2,15,1,16,17
318,609,674,1,7,42,23,65
321,669,678,0,2,1,8,9
487,664,678,0,2,3,11,14
220,656,678,0,2,14,8,22
520,658,678,0,2,10,10,20
51,666,678,0,2,1,11,12
694,668,678,0,2,1,9,10
668,648,678,0,2,19,11,30
856,655,678,0,2,12,11,23
577,673,678,0,2,1,4,5
389,655,678,0,2,13,10,23
601,665,678,0,2,3,10,13
665,655,678,0,2,12,11,23
1009,670,678,0,2,2,6,8
791,658,678,0,2,9,11,20
56,662,678,0,2,7,9,16
360,650,678,0,2,18,10,28
552,657,678,0,2,10,11,21
483,652,678,0,2,15,11,26
95,667,678,0,2,4,7,11
1003,654,678,0,2,15,9,24
923,643,682,2,9,14,25,39
493,603,684,2,16,48,33,81
108,674,685,0,2,1,10,11
482,677,685,0,2,2,6,8
194,677,685,0,2,1,7,8
659,674,685,0,2,2,9,11
515,678,685,0,2,2,5,7
802,674,685,0,2,1,10,11
58,680,685,0,2,1,4,5
82,675,685,0,2,1,9,10
526,681,685,0,2,1,3,4
797,680,685,0,2,2,3,5
129,680,685,0,2,1,4,5
201,674,685,0,2,3,8,11
0,676,685,0,2,2,7,9
798,674,689,2,4,5,10,15
254,647,692,8,2,1,44,45
15,616,692,9,2,24,52,76
1001,612,692,3,2,70,10,80
368,638,692,9,2,2,52,54
559,632,692,5,2,44,16,60
298,652,692,6,2,16,24,40
595,597,692,3,2,86,9,95
831,627,692,9,2,14,51,65
359,691,697,2,3,1,5,6
677,601,697,2,18,49,47,96
137,632,697,2,18,18,47,65
833,691,697,2,3,2,4,6
100,679,698,2,7,1,18,19
46,681,698,2,7,2,15,17
860,661,703,2,19,1,41,42
994,670,705,2,8,8,27,35
355,697,708,2,1,1,10,11
25,699,708,2,1,1,8,9
926,672,708,2,1,20,16,36
348,701,708,2,1,1,6,7
293,688,708,2,4,1,19,20
744,692,708,2,1,1,15,16
786,687,715,2,7,1,27,28
570,596,716,7,0,61,59,120
648,595,716,8,0,52,69,121
604,595,716,7,0,61,60,121
517,589,716,8,0,57,70,127
67,587,716,3,0,95,34,129
51,682,717,2,13,2,33,35
425,681,724,2,15,1,42,43
1011,655,726,1,16,1,70,71
507,702,726,0,2,14,10,24
256,707,726,0,2,9,10,19
789,682,726,0,2,34,10,44
943,714,726,0,2,2,10,12
156,686,726,0,2,31,9,40
417,700,726,0,2,16,10,26
884,681,726,0,2,35,10,45
632,712,726,0,2,4,10,14
40,683,726,0,2,33,10,43
660,683,726,0,2,34,9,43
747,695,726,0,2,22,10,32
684,706,726,0,2,10,10,20
229,698,726,0,2,18,10,28
452,689,726,0,2,27,10,37
78,685,726,0,2,31,10,41
1035,684,726,0,2,32,10,42
310,681,726,0,2,36,9,45
242,686,726,0,2,30,10,40
125,703,726,0,2,13,10,23
954,693,726,0,2,24,10,34
664,716,736,0,2,7,13,20
1028,722,736,0,2,3,11,14
50,720,736,0,2,3,13,16
301,723,736,0,2,1,12,13
195,697,736,0,2,27,12,39
335,688,736,0,2,35,13,48
181,682,736,0,2,41,13,54
280,713,736,0,2,10,13,23
824,708,736,0,2,17,11,28
399,706,736,0,2,17,13,30
414,699,736,0,2,24,13,37
18,703,736,0,2,20,13,33
902,694,736,0,2,29,13,42
74,718,736,0,2,6,12,18
170,685,736,0,2,39,12,51
843,692,736,0,2,33,11,44
213,717,736,0,2,6,13,19
879,701,736,0,2,25,10,35
458,705,736,0,2,19,12,31
275,715,736,0,2,10,12,22
666,676,740,2,19,1,63,64
585,725,741,0,2,4,12,16
416,723,741,0,2,8,11,19
475,729,741,0,2,2,10,12
594,716,741,0,2,13,12,25
373,730,741,0,2,2,9,11
218,730,741,0,2,1,10,11
257,711,752,2,5,15,26,41
882,710,754,1,6,24,20,44
1067,723,757,2,11,14,20,34
151,740,764,2,13,1,23,24
467,745,768,2,9,1,22,23
952,363,772,13,2,372,37,409
1052,686,772,13,2,49,37,86
402,590,772,13,2,145,37,182
573,370,772,13,2,366,36,402
753,712,772,13,2,27,33,60
723,425,772,13,2,310,37,347
777,384,772,12,2,369,19,388
754,412,772,13,2,323,37,360
565,617,772,13,2,119,36,155
984,736,773,0,2,29,8,37
663,734,773,0,2,32,7,39
222,740,773,0,2,26,7,33
411,759,773,0,2,6,8,14
987,745,773,0,2,20,8,28
944,754,773,0,2,11,8,19
153,759,773,0,2,7,7,14
576,765,773,0,2,2,6,8
404,738,773,0,2,27,8,35
959,732,773,0,2,33,8,41
208,765,773,0,2,1,7,8
135,752,773,0,2,15,6,21
543,748,773,0,2,18,7,25
445,756,773,0,2,10,7,17
39,760,773,0,2,6,8,14
4,747,773,0,2,18,8,26
580,756,773,0,2,9,8,17
1033,737,773,0,2,30,6,36
878,765,773,0,2,1,7,8
726,751,773,0,2,14,8,22
730,735,774,2,16,1,38,39
283,753,776,0,2,11,12,23
247,732,776,0,2,32,12,44
30,744,776,0,2,20,12,32
413,757,776,0,2,7,12,19
439,748,776,0,2,16,12,28
90,759,776,0,2,5,12,17
639,735,776,0,2,29,12,41
915,756,776,0,2,8,12,20
138,752,776,0,2,12,12,24
1039,732,776,0,2,32,12,44
756,763,776,0,2,1,12,13
624,737,776,0,2,27,12,39
214,758,776,0,2,6,12,18
392,747,776,0,2,17,12,29
604,759,776,0,2,5,12,17
517,756,776,0,2,8,12,20
672,737,776,0,2,27,12,39
211,745,776,0,2,19,12,31
671,749,776,0,2,15,12,27
705,739,776,0,2,25,12,37
471,690,782,2,17,46,46,92
712,751,783,2,1,24,8,32
14,736,783,2,1,36,11,47
628,719,783,2,1,53,11,64
742,709,783,2,1,63,11,74
568,735,783,2,1,38,10,48
1014,718,783,2,1,55,10,65
444,768,783,2,1,4,11,15
520,774,785,2,4,1,10,11
531,768,785,2,4,5,12,17
965,725,792,2,0,47,20,67
644,773,792,0,2,12,7,19
127,768,792,0,2,18,6,24
1008,773,792,0,2,13,6,19
841,784,792,0,2,1,7,8
145,776,792,0,2,10,6,16
327,247,792,12,0,506,39,545
681,723,792,2,0,51,18,69
937,426,792,13,0,312,54,366
437,391,792,13,0,344,57,401
940,471,792,13,0,265,56,321
299,758,792,0,2,28,6,34
727,780,792,0,2,6,6,12
673,516,792,13,0,219,57,276
674,418,792,13,0,318,56,374
563,460,792,13,0,275,57,332
112,768,792,0,2,17,7,24
806,784,792,0,2,1,7,8
48,767,792,0,2,18,7,25
500,765,792,0,2,20,7,27
94,769,792,0,2,16,7,23
1051,396,792,13,0,341,55,396
361,773,792,0,2,12,7,19
203,784,792,0,2,2,6,8
852,772,792,0,2,14,7,21
564,575,792,13,0,162,55,217
233,746,792,0,2,39,7,46
143,775,792,0,2,10,7,17
258,769,792,0,2,17,6,23
930,777,792,0,2,8,7,15
778,426,792,12,0,327,39,366
227,776,792,0,2,9,7,16
1070,332,792,12,0,421,39,460
372,776,793,2,8,1,16,17
903,779,793,2,10,1,13,14
894,768,793,2,10,8,17,25
875,497,801,14,2,265,39,304
228,594,801,16,2,141,66,207
813,589,801,18,2,125,87,212
896,696,801,15,2,54,51,105
207,484,801,12,2,292,25,317
1019,607,801,19,2,96,98,194
834,298,801,12,2,478,25,503
61,643,801,16,2,92,66,158
443,635,801,14,2,127,39,166
696,481,801,12,2,296,24,320
1010,713,801,16,2,24,64,88
572,776,801,2,13,1,24,25
958,795,808,1,2,5,8,13
821,746,808,1,2,52,10,62
289,773,808,0,2,19,16,35
814,793,808,0,2,1,14,15
271,791,808,0,2,1,16,17
690,794,808,0,2,1,13,14
62,759,808,2,16,18,31,49
571,792,808,0,2,2,14,16
966,784,808,0,2,9,15,24
641,769,808,0,2,24,15,39
303,789,808,0,2,3,16,19
728,792,808,0,2,1,15,16
849,789,808,0,2,4,15,19
638,767,808,0,2,25,16,41
461,785,808,0,2,7,16,23
353,787,808,0,2,8,13,21
725,792,808,0,2,4,12,16
398,773,808,0,2,21,14,35
739,776,808,0,2,16,16,32
683,803,813,2,1,2,9,11
397,778,813,2,1,23,12,35
81,780,819,2,18,1,38,39
622,752,819,2,18,24,43,67
863,799,821,0,2,10,12,22
710,812,821,0,2,1,8,9
27,812,821,0,2,2,7,9
610,812,821,0,2,1,8,9
851,816,822,1,0,1,5,6
33,596,822,16,0,140,86,226
1029,355,822,12,0,422,45,467
43,474,822,11,0,311,37,348
217,461,822,12,0,315,46,361
409,457,822,11,0,328,37,365
281,415,822,12,0,361,46,407
536,555,822,14,0,208,59,267
662,513,822,11,0,272,37,309
284,428,822,12,0,350,44,394
316,783,824,2,4,9,32,41
554,799,824,2,4,1,24,25
79,776,829,2,19,2,51,53
111,777,829,2,19,2,50,52
585,811,829,2,5,1,17,18
286,823,834,2,7,1,10,11
738,796,836,0,2,12,28,40
1041,805,836,0,2,4,27,31
419,801,836,0,2,8,28,36
828,806,836,0,2,2,28,30
492,797,836,0,2,10,29,39
780,800,836,0,2,7,29,36
415,803,836,0,2,5,29,34
188,805,836,0,2,2,29,31
1050,795,836,0,2,12,29,41
832,811,837,2,9,1,25,26
484,817,844,0,2,6,21,27
11,802,844,2,10,6,36,42
733,815,844,0,2,8,21,29
265,826,844,0,2,1,17,18
427,819,844,0,2,6,19,25
294,833,844,0,2,1,10,11
598,800,844,2,10,9,35,44
729,819,844,0,2,3,22,25
291,834,844,0,2,1,9,10
196,828,844,0,2,1,15,16
305,828,844,0,2,2,14,16
1040,816,844,0,2,8,20,28
486,819,844,0,2,5,21,26
839,816,844,0,2,7,22,29
635,818,844,0,2,4,22,26
1036,814,844,0,2,8,22,30
421,797,844,2,10,11,36,47
214,826,844,2,8,1,17,18
537,830,844,0,2,1,13,14
390,833,844,0,2,2,9,11
142,822,844,0,2,2,20,22
185,821,844,0,2,1,22,23
908,824,844,0,2,2,18,20
823,815,844,0,2,7,22,29
771,835,854,2,3,9,10,19
810,685,858,1,12,113,60,173
394,729,858,1,12,70,59,129
206,801,859,1,12,13,45,58
236,840,862,0,2,13,9,22
290,851,862,0,2,4,7,11
951,856,862,0,2,1,5,6
463,842,862,0,2,10,10,20
582,834,862,0,2,17,11,28
442,856,862,0,2,2,4,6
169,852,862,0,2,1,9,10
504,849,862,0,2,2,11,13
978,849,862,0,2,3,10,13
989,844,862,0,2,7,11,18
460,844,862,0,2,10,8,18
13,844,862,0,2,7,11,18
650,857,862,0,2,2,3,5
643,841,862,0,2,10,11,21
528,857,862,0,2,1,4,5
113,836,862,0,2,16,10,26
117,838,862,0,2,13,11,24
535,844,862,0,2,8,10,18
168,844,862,0,2,7,11,18
990,844,862,0,2,9,9,18
522,471,866,10,2,372,23,395
889,423,866,10,2,421,22,443
1065,424,866,10,2,419,23,442
340,284,866,10,2,559,23,582
423,814,871,2,15,1,56,57
701,837,871,2,14,1,33,34
276,859,872,2,5,4,9,13
517,848,875,2,8,1,26,27
341,863,878,0,2,2,13,15
1017,858,878,0,2,3,17,20
31,858,878,0,2,5,16,21
948,863,878,0,2,1,14,15
945,861,878,0,2,2,15,17
123,859,878,0,2,2,17,19
983,865,878,0,2,2,12,14
581,862,878,0,2,2,14,16
420,852,882,2,7,10,20,30
988,852,883,2,1,15,16,31
365,826,883,2,1,40,17,57
1013,830,883,2,1,36,17,53
264,875,883,2,1,1,7,8
65,819,883,2,1,48,16,64
855,811,883,2,1,55,17,72
576,870,883,2,1,1,12,13
591,857,883,2,1,9,17,26
215,871,887,2,3,7,9,16
360,882,887,2,3,1,4,5
230,877,889,2,0,1,11,12
652,340,889,10,0,505,44,549
200,547,889,10,0,296,46,342
274,828,889,2,0,40,21,61
6,301,889,10,0,543,45,588
975,342,889,10,0,501,46,547
244,527,889,10,0,317,45,362
599,434,889,10,0,412,43,455
383,317,889,10,0,526,46,572
968,849,899,2,16,1,49,50
808,890,901,0,2,1,10,11
1025,871,901,0,2,18,12,30
713,876,901,0,2,16,9,25
451,868,901,0,2,23,10,33
511,882,901,0,2,7,12,19
141,885,901,0,2,4,12,16
446,866,901,0,2,23,12,35
237,878,901,0,2,11,12,23
779,876,901,0,2,13,12,25
287,886,901,0,2,4,11,15
456,868,901,0,2,21,12,33
574,877,901,0,2,12,12,24
105,877,901,0,2,14,10,24
148,867,901,0,2,22,12,34
560,887,901,0,2,2,12,14
687,880,901,0,2,10,11,21
1037,876,901,0,2,14,11,25
77,866,901,0,2,24,11,35
647,869,901,0,2,21,11,32
160,884,901,0,2,9,8,17
388,897,902,0,2,1,4,5
16,883,904,2,9,1,20,21
89,900,915,0,2,1,14,15
249,892,915,0,2,3,20,23
569,901,915,0,2,2,12,14
121,897,915,0,2,1,17,18
620,895,915,0,2,1,19,20
536,900,915,0,2,2,13,15
73,892,919,0,2,2,25,27
158,894,919,0,2,1,24,25
783,892,919,0,2,2,25,27
561,901,925,2,13,1,23,24
756,906,925,2,13,1,18,19
668,919,926,2,4,1,6,7
579,898,926,2,3,17,11,28
331,892,926,2,3,24,10,34
235,871,933,2,14,31,31,62
282,898,934,2,1,20,16,36
223,910,934,2,1,9,15,24
1032,902,934,2,1,14,18,32
323,890,934,2,1,27,17,44
887,886,934,2,1,30,18,48
592,904,934,2,1,13,17,30
22,906,934,2,1,10,18,28
355,902,937,1,8,1,34,35
964,888,938,2,5,27,23,50
324,867,942,2,15,34,41,75
577,884,942,2,15,18,40,58
470,893,944,2,0,23,28,51
932,922,948,2,8,1,25,26
501,894,949,2,18,7,48,55
544,882,949,2,18,19,48,67
653,929,956,0,2,15,12,27
992,918,956,0,2,26,12,38
288,912,956,0,2,32,12,44
159,934,956,0,2,10,12,22
745,922,956,0,2,22,12,34
737,916,956,0,2,28,12,40
866,904,956,0,2,40,12,52
279,938,956,0,2,6,12,18
163,926,956,0,2,18,12,30
721,928,956,0,2,16,12,28
21,927,956,0,2,17,12,29
1024,911,956,0,2,33,12,45
901,923,956,0,2,21,12,33
762,907,956,0,2,37,12,49
1004,931,956,0,2,13,12,25
497,910,956,0,2,34,12,46
670,914,956,0,2,30,12,42
746,929,956,0,2,16,12,28
464,906,956,0,2,38,12,50
459,937,956,0,2,7,12,19
717,941,959,0,2,10,8,18
999,912,959,0,2,39,8,47
961,914,959,0,2,38,7,45
422,936,959,0,2,16,7,23
317,910,959,0,2,41,8,49
453,907,959,0,2,45,7,52
939,929,959,0,2,22,8,30
790,922,959,0,2,30,7,37
384,938,959,0,2,13,8,21
768,947,959,0,2,4,8,12
519,939,959,0,2,12,8,20
184,949,959,0,2,2,8,10
997,928,959,0,2,24,7,31
337,933,959,0,2,18,8,26
845,906,959,0,2,45,8,53
818,925,959,0,2,26,8,34
691,943,959,0,2,8,8,16
749,920,959,0,2,32,8,40
1027,915,959,0,2,36,8,44
320,927,959,0,2,24,8,32
104,896,962,1,14,10,56,66
92,760,964,4,2,193,11,204
993,706,964,8,2,223,35,258
8,765,964,5,2,175,24,199
176,693,964,5,2,246,25,271
842,793,964,4,2,161,10,171
693,917,969,0,2,37,15,52
333,953,969,0,2,1,15,16
45,939,969,0,2,14,16,30
106,955,969,0,2,2,12,14
155,953,969,0,2,2,14,16
602,942,969,0,2,11,16,27
126,911,969,0,2,42,16,58
625,960,969,0,2,1,8,9
588,945,969,0,2,11,13,24
87,957,969,0,2,1,11,12
587,953,969,0,2,1,15,16
173,959,969,0,2,1,9,10
191,947,969,0,2,6,16,22
550,926,969,0,2,27,16,43
900,940,969,0,2,14,15,29
731,929,969,0,2,26,14,40
165,841,972,1,17,64,67,131
987,944,977,2,3,13,20,33
603,959,979,1,7,4,16,20
918,939,981,2,1,26,16,42
175,975,981,2,1,1,5,6
724,973,981,2,1,1,7,8
307,937,981,2,1,27,17,44
920,969,981,2,1,1,11,12
109,952,981,2,1,12,17,29
36,948,983,2,4,8,27,35
161,951,983,2,4,6,26,32
487,934,984,2,11,25,25,50
796,919,984,2,19,1,64,65
319,964,989,0,2,11,14,25
102,970,989,0,2,3,16,19
357,972,989,0,2,1,16,17
180,971,989,0,2,3,15,18
708,965,989,0,2,8,16,24
132,961,989,0,2,13,16,29
645,975,989,0,2,2,12,14
32,973,989,0,2,2,15,17
867,961,989,0,2,13,15,28
700,966,989,0,2,8,15,23
872,968,989,0,2,8,13,21
91,972,989,0,2,3,14,17
295,966,989,0,2,7,16,23
412,963,989,0,2,10,16,26
1039,957,990,2,5,2,31,33
397,952,991,1,0,29,10,39
346,952,991,2,0,14,25,39
189,505,991,11,0,408,78,486
1002,469,991,11,0,443,79,522
342,948,996,2,12,13,35,48
751,942,1000,2,6,14,44,58
647,936,1000,2,6,20,44,64
597,986,1001,0,2,7,8,15
502,983,1001,0,2,8,10,18
661,980,1001,0,2,12,9,21
907,979,1001,0,2,12,10,22
1007,986,1001,0,2,5,10,15
570,988,1001,0,2,3,10,13
281,986,1001,0,2,6,9,15
816,992,1001,0,2,1,8,9
328,992,1001,0,2,2,7,9
474,948,1004,2,13,11,45,56
454,999,1010,0,2,1,10,11
788,992,1010,0,2,1,17,18
1025,980,1010,2,5,21,9,30
381,995,1010,0,2,1,14,15
172,1001,1010,0,2,1,8,9
835,999,1010,0,2,2,9,11
25,954,1011,1,10,25,32,57
680,968,1011,2,15,1,42,43
1064,984,1011,2,10,5,22,27
334,938,1011,2,7,19,54,73
503,979,1018,2,8,23,16,39
463,962,1018,2,17,1,55,56
655,978,1018,2,8,23,17,40
740,1001,1018,2,8,2,15,17
90,956,1019,2,8,2,61,63
939,995,1025,2,13,1,29,30
943,964,1027,2,18,1,62,63
1009,944,1027,2,18,15,68,83
321,1003,1028,2,9,1,24,25
508,1014,1030,0,2,2,14,16
722,1019,1030,0,2,1,10,11
960,1006,1030,0,2,7,17,24
516,1015,1030,0,2,1,14,15
858,1004,1030,0,2,9,17,26
933,1014,1030,0,2,1,15,16
976,1004,1030,0,2,8,18,26
803,1014,1030,0,2,3,13,16
38,1013,1030,0,2,1,16,17
52,1012,1030,0,2,3,15,18
221,1004,1030,0,2,10,16,26
648,1004,1030,0,2,8,18,26
114,1015,1030,0,2,3,12,15
913,1014,1030,0,2,1,15,16
1044,1012,1030,0,2,1,17,18
374,1002,1030,0,2,10,18,28
365,920,1033,1,14,59,54,113
348,928,1033,1,14,52,53,105
108,939,1033,2,19,21,73,94
750,979,1033,2,14,10,44,54
919,990,1039,1,14,6,43,49
375,1013,1041,2,1,18,11,29
226,1021,1041,2,1,9,11,20
955,1026,1041,2,1,5,10,15
267,984,1041,2,1,46,11,57
450,997,1041,2,1,34,10,44
278,1028,1041,2,1,2,11,13
314,1017,1041,2,1,15,9,24
66,1012,1042,1,3,10,20,30
553,1028,1043,2,4,1,14,15
462,1025,1057,0,2,26,6,32
514,1023,1057,0,2,28,6,34
174,1017,1057,2,8,1,39,40
743,1031,1057,0,2,21,5,26
633,1022,1057,0,2,30,5,35
969,1030,1057,0,2,21,6,27
37,1032,1057,0,2,19,6,25
891,1050,1057,0,2,1,6,7
991,1039,1057,0,2,12,6,18
192,1027,1057,0,2,25,5,30
616,1022,1057,0,2,29,6,35
946,1040,1057,0,2,12,5,17
530,1021,1057,0,2,30,6,36
970,1046,1057,0,2,5,6,11
881,1022,1057,0,2,31,4,35
977,1047,1057,0,2,5,5,10
888,1041,1057,0,2,10,6,16
466,1027,1057,0,2,24,6,30
370,1024,1057,0,2,28,5,33
956,1047,1057,0,2,4,6,10
692,1026,1057,0,2,25,6,31
246,1032,1058,2,10,2,24,26
422,1058,1063,2,3,1,4,5
362,1022,1066,2,11,10,34,44
410,1027,1066,2,11,3,36,39
112,1034,1066,2,11,2,30,32
300,1027,1066,2,11,4,35,39
546,1032,1074,2,13,1,41,42
301,1053,1075,2,4,4,18,22
784,1028,1076,0,2,29,19,48
702,1062,1076,0,2,1,13,14
619,1060,1076,0,2,1,15,16
491,1061,1076,0,2,1,14,15
20,1063,1076,0,2,1,12,13
41,1053,1076,0,2,4,19,23
634,1059,1076,0,2,1,16,17
336,1055,1076,0,2,3,18,21
338,1056,1076,0,2,1,19,20
525,1048,1078,0,2,8,22,30
963,1026,1078,0,2,30,22,52
144,1037,1078,0,2,19,22,41
139,1045,1078,0,2,12,21,33
210,1053,1078,0,2,3,22,25
472,1059,1078,0,2,1,18,19
893,1042,1079,2,10,20,17,37
541,1069,1079,2,10,1,9,10
944,1020,1082,2,14,10,52,62
481,1047,1083,2,1,23,13,36
432,1073,1083,2,1,1,9,10
859,1061,1083,2,1,9,13,22
270,1053,1083,2,1,18,12,30
190,1064,1083,2,1,8,11,19
17,1066,1083,2,1,4,13,17
717,1072,1083,2,1,1,10,11
629,1044,1086,2,11,19,23,42
73,1056,1086,2,8,2,28,30
373,1041,1086,2,8,16,29,45
507,1011,1091,2,16,19,61,80
494,1033,1091,2,16,2,56,58
123,1064,1092,2,13,1,27,28
247,1079,1093,2,10,1,13,14
718,1017,1099,2,19,14,68,82
76,1067,1101,0,2,28,6,34
600,1068,1101,0,2,27,6,33
596,1072,1101,0,2,23,6,29
401,1089,1101,0,2,6,6,12
1062,1078,1101,0,2,17,6,23
760,1094,1101,0,2,1,6,7
327,1080,1101,0,2,15,6,21
830,1068,1101,0,2,27,6,33
509,1081,1101,0,2,14,6,20
128,1068,1101,0,2,28,5,33
234,1072,1101,0,2,24,5,29
890,1067,1101,0,2,29,5,34
70,1070,1101,0,2,25,6,31
495,1076,1101,0,2,19,6,25
844,1091,1101,0,2,4,6,10
1020,1080,1101,0,2,16,5,21
510,1076,1101,0,2,20,5,25
815,1089,1101,0,2,6,6,12
778,1083,1101,0,2,12,6,18
480,1072,1101,0,2,23,6,29
731,1048,1102,2,14,14,40,54
265,1077,1105,2,12,1,27,28
930,1087,1105,2,15,1,17,18
191,1060,1108,2,15,2,46,48
1041,1091,1114,2,4,10,13,23
338,1089,1114,2,16,1,24,25
243,1095,1116,0,2,6,15,21
356,1083,1116,0,2,17,16,33
358,1068,1116,0,2,32,16,48
240,1093,1116,0,2,7,16,23
829,1096,1116,0,2,4,16,20
465,1097,1116,0,2,5,14,19
506,1079,1116,0,2,23,14,37
140,1074,1116,0,2,26,16,42
34,1088,1116,0,2,13,15,28
719,1071,1116,0,2,30,15,45
512,1091,1116,0,2,12,13,25
248,1089,1116,0,2,11,16,27
568,1068,1117,1,18,1,48,49
543,1080,1117,2,18,1,36,37
145,1060,1119,2,19,4,55,59
430,1098,1122,2,6,3,21,24
71,1030,1124,1,19,36,58,94
146,1083,1124,2,19,1,40,41
444,1056,1125,1,5,54,15,69
14,1086,1130,1,6,23,21,44
323,1091,1130,1,6,18,21,39
627,1071,1132,2,7,31,30,61
254,1126,1140,2,1,2,12,14
162,1119,1140,2,1,6,15,21
5,1086,1140,2,1,39,15,54
928,1127,1140,2,1,2,11,13
539,1095,1140,2,1,30,15,45
395,1105,1140,2,1,22,13,35
253,1129,1140,2,1,1,10,11
368,1107,1140,2,1,18,15,33
498,1092,1140,2,1,34,14,48
695,1133,1140,2,1,2,6,8
820,1103,1140,2,8,1,36,37
628,1029,1141,1,7,80,32,112
157,1141,1146,0,2,2,3,5
479,1139,1146,0,2,1,6,7
642,1119,1146,0,2,21,6,27
593,1122,1146,0,2,15,9,24
904,1124,1146,0,2,13,9,22
936,1138,1146,0,2,3,5,8
801,1116,1146,0,2,23,7,30
658,1140,1146,0,2,2,4,6
406,1122,1146,0,2,16,8,24
869,1117,1146,0,2,21,8,29
83,1127,1146,0,2,10,9,19
449,1109,1146,0,2,28,9,37
219,1117,1146,0,2,20,9,29
118,1128,1146,0,2,10,8,18
929,1124,1146,0,2,15,7,22
545,1110,1146,0,2,28,8,36
953,1129,1146,0,2,9,9,18
1053,1112,1146,0,2,25,9,34
440,1116,1146,0,2,21,9,30
599,1140,1146,0,2,1,5,6
484,1109,1147,2,0,17,21,38
380,1132,1147,2,0,1,14,15
774,1070,1151,2,9,31,50,81
271,1112,1153,2,8,4,37,41
68,1151,1156,0,2,1,4,5
787,1152,1156,0,2,1,3,4
527,1154,1159,0,2,1,4,5
711,1143,1172,0,2,2,27,29
973,1145,1172,0,2,2,25,27
732,1142,1172,0,2,3,27,30
200,1148,1172,0,2,1,23,24
309,1156,1172,2,3,3,13,16
1051,1142,1172,0,2,4,26,30
63,1147,1172,0,2,1,24,25
812,1159,1176,0,2,11,6,17
755,1170,1176,0,2,1,5,6
1045,1165,1176,0,2,7,4,11
674,1157,1176,0,2,13,6,19
850,1172,1176,0,2,1,3,4
652,1158,1176,0,2,13,5,18
646,1171,1176,0,2,2,3,5
1061,1171,1176,0,2,1,4,5
9,1142,1180,1,3,11,27,38
35,1152,1181,2,1,15,14,29
1001,1158,1181,2,1,8,15,23
59,1166,1181,2,1,1,14,15
12,1144,1181,2,1,23,15,38
429,1156,1181,2,1,12,13,25
702,1173,1181,2,1,1,7,8
657,1144,1184,2,4,13,27,40
48,1127,1184,2,4,30,27,57
290,1134,1185,2,10,13,38,51
807,1092,1185,2,10,54,39,93
961,1106,1185,2,10,40,39,79
785,1102,1185,2,10,46,37,83
631,1179,1187,2,8,1,7,8
131,1172,1187,0,2,5,11,16
19,1179,1187,0,2,1,7,8
883,1173,1187,0,2,4,10,14
689,1180,1187,0,2,1,6,7
1018,1176,1187,0,2,2,9,11
371,1175,1187,0,2,1,11,12
268,1153,1189,2,0,13,23,36
513,1127,1190,2,5,29,34,63
1059,1136,1192,2,12,12,44,56
918,1089,1197,1,15,64,44,108
53,1137,1199,2,6,21,41,62
122,1132,1201,2,13,14,55,69
712,1098,1203,1,16,56,49,105
199,1187,1204,0,2,2,15,17
873,1192,1204,0,2,2,10,12
912,1191,1204,0,2,1,12,13
80,1191,1204,0,2,2,11,13
788,1158,1205,2,7,2,45,47
291,1124,1205,2,7,32,49,81
212,1144,1207,2,14,2,61,63
89,1151,1213,2,8,5,57,62
664,1202,1215,2,3,3,10,13
1053,1212,1215,2,3,1,2,3
896,1181,1218,2,1,25,12,37
366,1198,1218,2,1,7,13,20
57,1180,1218,2,1,25,13,38
1006,1215,1218,2,1,1,2,3
468,1186,1218,2,1,19,13,32
825,1098,1219,2,17,48,73,121
113,1141,1220,2,9,15,64,79
267,1186,1224,1,4,12,26,38
17,1185,1224,1,4,12,27,39
663,1161,1226,2,11,1,64,65
632,1157,1226,2,11,1,68,69
611,1122,1231,2,18,24,85,109
621,1134,1231,2,18,12,85,97
742,1188,1233,1,0,30,15,45
983,1191,1233,2,0,16,26,42
289,1203,1235,2,10,1,31,32
106,1166,1236,2,12,1,69,70
571,1187,1237,2,7,17,33,50
891,1207,1237,2,7,1,29,30
877,1114,1239,2,19,33,92,125
50,1095,1239,2,19,52,92,144
12,1224,1242,1,2,15,3,18
29,1208,1242,0,2,24,10,34
763,1209,1242,0,2,21,12,33
304,1222,1242,0,2,8,12,20
800,1200,1242,0,2,31,11,42
193,1234,1242,0,2,1,7,8
1056,1228,1242,0,2,2,12,14
850,1187,1242,2,11,1,54,55
957,1224,1242,0,2,6,12,18
485,1199,1242,0,2,32,12,44
164,1226,1242,0,2,5,11,16
617,1213,1242,0,2,18,11,29
86,1222,1242,0,2,11,9,20
296,1228,1242,0,2,4,10,14
1070,1203,1242,0,2,27,12,39
333,1224,1248,2,12,1,23,24
166,1167,1248,2,17,1,80,81
537,1222,1248,2,12,1,25,26
999,1231,1253,2,3,11,11,22
308,1236,1254,0,2,1,17,18
364,1237,1254,0,2,1,16,17
24,1226,1256,2,1,26,4,30
589,1219,1256,2,1,32,5,37
754,1238,1256,2,1,15,3,18
1021,1231,1256,2,1,20,5,25
773,1241,1256,2,1,11,4,15
863,1239,1256,2,1,12,5,17
992,1207,1258,2,13,1,50,51
789,1221,1258,2,4,21,16,37
755,1178,1258,2,13,9,71,80
156,1250,1258,2,4,1,7,8
996,1182,1258,2,13,7,69,76
938,1201,1258,2,13,1,56,57
926,1247,1261,1,3,1,13,14
326,1204,1268,2,14,1,63,64
741,1187,1268,2,14,2,79,81
685,1181,1268,2,14,6,81,87
75,1242,1270,2,5,3,25,28
678,1196,1276,2,15,1,79,80
895,1215,1276,2,15,1,60,61
724,1233,1283,1,7,4,46,50
272,1213,1283,2,7,29,41,70
905,1260,1287,0,2,9,18,27
3,1248,1287,0,2,21,18,39
255,1248,1287,0,2,19,20,39
418,1269,1287,0,2,1,17,18
488,1179,1287,2,18,9,99,108
1022,1261,1287,0,2,7,19,26
499,1260,1287,0,2,7,20,27
847,1270,1287,0,2,1,16,17
167,1243,1287,0,2,24,20,44
720,1252,1287,0,2,18,17,35
656,1243,1287,0,2,25,19,44
675,1249,1287,0,2,19,19,38
202,1277,1287,0,2,1,9,10
33,1247,1287,0,2,20,20,40
914,1255,1287,0,2,13,19,32
217,1251,1287,0,2,16,20,36
1069,1257,1287,0,2,10,20,30
183,1252,1287,0,2,15,20,35
254,1209,1290,1,8,28,53,81
220,1221,1290,2,8,22,47,69
979,1249,1290,2,8,1,40,41
74,1237,1290,2,8,6,47,53
687,1245,1290,2,8,1,44,45
204,1270,1294,0,2,1,23,24
116,1267,1294,0,2,3,24,27
534,1279,1294,0,2,1,14,15
526,1229,1295,2,9,15,51,66
1001,1256,1298,1,3,23,19,42
175,1269,1298,1,5,11,18,29
65,1274,1298,1,3,5,19,24
711,1292,1298,2,5,1,5,6
5,1239,1302,1,11,1,62,63
710,1268,1306,2,3,3,35,38
492,1272,1306,2,3,1,33,34
264,1195,1309,1,12,43,71,114
138,1296,1312,2,5,1,15,16
283,1272,1316,2,12,16,28,44
107,1268,1316,2,12,22,26,48
78,1288,1316,2,12,3,25,28
722,1299,1319,2,13,1,19,20
805,1282,1322,2,1,26,14,40
555,1273,1322,2,1,34,15,49
1052,1319,1322,2,1,1,2,3
339,1285,1322,2,1,24,13,37
921,1296,1322,2,1,11,15,26
45,1296,1322,2,1,12,14,26
644,1284,1322,2,1,23,15,38
427,1270,1322,2,7,2,50,52
715,1266,1322,2,7,5,51,56
1014,1184,1323,1,17,53,86,139
951,1261,1323,2,13,27,35,62
403,1259,1323,2,13,30,34,64
185,1258,1323,2,13,29,36,65
990,1241,1323,2,17,1,81,82
548,1315,1327,0,2,1,11,12
149,1282,1327,0,2,29,16,45
613,1289,1327,0,2,23,15,38
387,1309,1327,0,2,1,17,18
239,1291,1327,0,2,20,16,36
931,1299,1327,0,2,14,14,28
1038,1290,1327,0,2,20,17,37
590,1296,1327,0,2,14,17,31
981,1281,1327,0,2,29,17,46
551,1306,1327,0,2,4,17,21
673,1308,1327,0,2,4,15,19
1029,1317,1327,0,2,1,9,10
857,1312,1327,0,2,2,13,15
967,1303,1327,0,2,7,17,24
189,1305,1327,0,2,6,16,22
609,1310,1327,0,2,1,16,17
975,1286,1327,0,2,24,17,41
1013,1251,1328,1,14,30,47,77
442,1254,1328,2,14,34,40,74
440,1293,1328,2,14,1,34,35
127,1246,1329,2,19,1,82,83
222,1284,1332,2,8,1,47,48
856,1269,1332,2,8,2,61,63
608,1260,1335,2,15,27,48,75
294,1330,1336,2,3,1,5,6
582,1285,1340,2,9,1,54,55
575,1274,1340,2,9,1,65,66
315,1322,1343,2,4,5,16,21
226,1240,1344,1,16,40,64,104
450,1278,1344,1,16,2,64,66
447,1269,1344,2,16,18,57,75
1008,1313,1350,2,6,14,23,37
10,1308,1351,2,10,24,19,43
187,1336,1356,0,2,7,13,20
85,1345,1356,0,2,2,9,11
178,1342,1356,0,2,1,13,14
147,1334,1356,0,2,10,12,22
435,1344,1356,0,2,1,11,12
529,1324,1356,0,2,20,12,32
102,1288,1356,2,17,1,67,68
99,1332,1356,0,2,11,13,24
563,1324,1356,0,2,19,13,32
337,1313,1356,2,7,15,28,43
564,1325,1356,0,2,20,11,31
98,1322,1356,0,2,21,13,34
325,1343,1356,0,2,1,12,13
244,1337,1356,0,2,9,10,19
472,1252,1356,2,17,35,69,104
350,1336,1362,2,13,2,24,26
887,1273,1366,1,18,9,84,93
408,1265,1366,2,18,22,79,101
101,1349,1367,0,2,7,11,18
950,1357,1367,0,2,1,9,10
23,1353,1367,0,2,4,10,14
770,1354,1367,0,2,2,11,13
431,1349,1368,2,1,4,15,19
340,1361,1368,2,1,1,6,7
876,1336,1368,2,1,18,14,32
843,1336,1373,2,14,1,36,37
32,1323,1375,2,0,30,22,52
988,1352,1376,1,3,10,14,24
920,1309,1383,1,14,40,34,74
659,1325,1384,2,15,7,52,59
288,1337,1384,2,15,2,45,47
20,1315,1384,2,15,17,52,69
841,1349,1385,2,4,18,18,36
736,1359,1385,2,4,8,18,26
683,1377,1387,1,2,4,6,10
477,1369,1387,0,2,6,12,18
1,1378,1387,0,2,1,8,9
618,1376,1387,0,2,1,10,11
1015,1374,1387,0,2,2,11,13
6,1365,1387,0,2,10,12,22
190,1314,1388,1,15,36,38,74
86,1349,1388,2,15,7,32,39
897,1349,1388,2,15,8,31,39
496,1381,1391,0,2,1,9,10
383,1366,1391,0,2,9,16,25
729,1363,1393,2,16,1,29,30
381,1345,1393,2,16,11,37,48
814,1339,1394,2,5,30,25,55
398,1324,1394,2,16,10,60,70
584,1361,1394,2,5,7,26,33
849,1326,1399,2,17,7,66,73
307,1387,1405,1,5,1,17,18
606,1391,1405,0,2,1,13,14
382,1383,1405,0,2,6,16,22
643,1363,1405,2,17,2,40,42
434,1341,1406,2,6,26,39,65
886,1334,1406,2,6,33,39,72
936,1315,1407,2,19,18,74,92
195,1353,1412,2,18,3,56,59
319,1336,1413,2,7,32,45,77
602,1365,1413,2,7,4,44,48
445,1409,1414,2,5,1,4,5
30,1338,1418,2,8,29,51,80
87,1370,1418,2,8,1,47,48
648,1364,1418,2,8,3,51,54
580,1390,1418,2,6,1,27,28
738,1407,1420,2,7,1,12,13
297,1398,1426,2,1,16,12,28
69,1386,1426,2,1,29,11,40
630,1370,1426,2,1,43,13,56
759,1405,1426,2,1,10,11,21
853,1423,1426,2,1,1,2,3
1042,1387,1426,2,1,27,12,39
278,1336,1426,1,9,25,65,90
865,1370,1426,2,1,44,12,56
696,1397,1426,2,1,16,13,29
595,1422,1426,2,1,1,3,4
831,1412,1426,2,1,1,13,14
330,1418,1426,2,1,1,7,8
84,1389,1426,2,1,24,13,37
693,1396,1426,2,7,1,29,30
769,1346,1426,2,9,22,58,80
881,1350,1426,2,9,20,56,76
651,1397,1433,2,10,9,27,36
47,1384,1435,2,0,29,22,51
231,1395,1435,2,0,21,19,40
911,1386,1435,2,0,27,22,49
986,1402,1435,2,0,11,22,33
282,1364,1436,1,12,1,71,72
618,1394,1438,2,9,1,43,44
921,1364,1441,1,11,33,44,77
607,1378,1447,2,12,28,41,69
623,1418,1450,0,2,17,15,32
1054,1437,1450,0,2,1,12,13
949,1391,1452,2,13,14,47,61
563,1395,1452,2,13,10,47,57
35,1425,1457,1,4,17,15,32
157,1416,1457,2,4,34,7,41
356,1421,1457,2,4,30,6,36
21,1436,1457,2,4,14,7,21
162,1398,1458,1,14,1,59,60
234,1377,1458,2,14,28,53,81
375,1438,1460,1,2,2,20,22
1055,1433,1460,0,2,1,26,27
532,1417,1460,0,2,16,27,43
120,1424,1460,0,2,10,26,36
998,1411,1460,0,2,23,26,49
980,1430,1460,0,2,5,25,30
704,1396,1460,0,2,37,27,64
937,1422,1460,0,2,11,27,38
424,1427,1460,0,2,6,27,33
436,1424,1467,2,1,27,16,43
455,1441,1467,2,1,12,14,26
245,1448,1467,2,1,3,16,19
1047,1460,1467,2,1,1,6,7
870,1445,1467,2,1,7,15,22
765,1424,1467,2,1,28,15,43
518,1448,1468,2,8,2,18,20
223,1400,1470,1,16,1,69,70
916,1454,1472,2,3,9,9,18
808,1439,1474,2,0,12,23,35
469,1442,1474,2,0,9,23,32
368,1421,1478,1,9,20,37,57
357,1459,1478,2,4,4,15,19
927,1461,1478,2,10,1,16,17
320,1446,1478,2,9,6,26,32
779,1392,1480,2,19,15,73,88
597,1424,1487,2,10,12,51,63
524,1463,1487,2,12,1,23,24
349,1472,1488,0,2,3,13,16
917,1469,1488,0,2,5,14,19
216,1448,1488,0,2,26,14,40
848,1473,1488,0,2,1,14,15
437,1452,1488,0,2,23,13,36
409,1462,1488,0,2,12,14,26
1002,1468,1488,0,2,8,12,20
284,1474,1488,0,2,3,11,14
639,1456,1491,2,6,8,27,35
491,1477,1494,2,3,11,6,17
4,1412,1495,2,11,24,59,83
1032,1430,1500,1,14,9,61,70
498,1406,1500,1,14,33,61,94
674,1414,1502,2,13,22,66,88
791,1482,1504,2,4,6,16,22
527,1467,1505,2,9,1,37,38
237,1440,1507,2,14,1,66,67
136,1496,1509,2,1,1,12,13
402,1487,1509,2,1,13,9,22
376,1482,1509,2,1,17,11,28
799,1476,1509,2,1,22,12,34
252,1504,1509,2,1,1,4,5
840,1470,1509,2,1,28,11,39
761,1481,1509,2,1,16,12,28
1016,1500,1509,2,1,1,8,9
703,1483,1509,2,1,14,12,26
411,1480,1509,2,1,19,10,29
109,1420,1512,1,19,20,72,92
184,1460,1512,2,19,1,51,52
418,1472,1513,2,15,1,40,41
929,1454,1513,2,15,1,58,59
482,1466,1514,2,0,31,17,48
713,1478,1515,2,5,12,25,37
708,1485,1515,2,5,4,26,30
502,1466,1519,2,18,1,52,53
855,1461,1524,1,6,22,41,63
562,1513,1524,0,2,1,10,11
428,1501,1524,0,2,7,16,23
49,1482,1524,0,2,26,16,42
478,1480,1524,0,2,27,17,44
910,1488,1524,0,2,20,16,36
186,1490,1524,0,2,17,17,34
868,1489,1524,0,2,21,14,35
516,1472,1524,2,16,2,50,52
940,1488,1524,0,2,19,17,36
43,1482,1524,0,2,25,17,42
448,1435,1524,2,16,1,88,89
227,1448,1524,2,16,1,75,76
662,1484,1524,0,2,25,15,40
67,1487,1524,0,2,20,17,37
801,1465,1529,2,19,1,63,64
55,1518,1534,2,3,6,10,16
280,1438,1535,2,17,1,96,97
901,1440,1535,2,17,2,93,95
466,1450,1535,2,17,1,84,85
928,1460,1536,1,7,22,54,76
336,1485,1536,2,7,3,48,51
462,1522,1542,2,5,2,18,20
173,1517,1542,2,5,8,17,25
59,1480,1543,1,8,2,61,63
504,1491,1543,2,8,1,51,52
96,1511,1544,2,1,15,18,33
753,1515,1544,2,1,11,18,29
261,1540,1544,2,1,2,3,5
993,1523,1544,2,1,3,18,21
97,1532,1544,2,1,1,11,12
351,1521,1544,2,1,6,17,23
171,1535,1544,2,1,1,8,9
615,1512,1544,2,1,15,17,32
846,1529,1544,2,1,2,14,16
985,1517,1544,2,1,11,16,27
766,1517,1544,2,1,9,18,27
1028,1426,1547,2,18,11,110,121
197,1470,1547,2,18,1,76,77
690,1489,1551,2,9,1,61,62
966,1478,1551,2,9,10,63,73
500,1475,1551,2,9,13,63,76
242,1475,1551,2,9,14,62,76
908,1511,1552,2,6,15,26,41
167,1413,1557,2,19,24,120,144
194,1429,1557,2,19,7,121,128
126,1429,1557,2,19,9,119,128
80,1444,1557,2,19,1,112,113
720,1504,1561,2,7,20,37,57
270,1505,1567,1,8,15,47,62
186,1548,1567,2,4,10,9,19
656,1520,1567,2,4,38,9,47
658,1504,1567,2,4,53,10,63
159,1560,1567,2,4,2,5,7
649,1492,1567,2,8,32,43,75
660,1496,1574,2,9,30,48,78
864,1573,1577,0,2,1,3,4
344,1561,1577,0,2,5,11,16
709,1558,1577,0,2,7,12,19
739,1525,1578,2,8,32,21,53
876,1508,1583,1,10,11,64,75
880,1487,1583,2,10,38,58,96
613,1579,1585,2,3,1,5,6
259,1572,1585,2,3,6,7,13
879,1576,1585,2,3,1,8,9
152,1524,1586,0,2,30,32,62
505,1523,1586,0,2,31,32,63
313,1551,1586,0,2,3,32,35
781,1552,1586,0,2,3,31,34
154,1523,1586,0,2,32,31,63
119,1536,1586,0,2,19,31,50
885,1547,1586,0,2,10,29,39
407,1539,1586,0,2,15,32,47
269,1535,1586,0,2,19,32,51
819,1525,1586,0,2,31,30,61
414,1543,1586,2,9,14,29,43
18,1551,1586,2,9,6,29,35
583,1540,1586,2,9,19,27,46
770,1555,1586,2,9,5,26,31
760,1508,1589,2,11,17,64,81
581,1509,1589,2,11,15,65,80
805,1583,1592,1,3,1,8,9
236,1562,1595,2,14,1,32,33
733,1560,1595,2,14,1,34,35
240,1571,1596,2,7,6,19,25
343,1496,1599,2,12,28,75,103
281,1514,1599,2,12,10,75,85
624,1558,1601,2,16,1,42,43
468,1558,1604,1,5,1,45,46
960,1568,1604,2,10,1,35,36
976,1561,1604,2,10,1,42,43
94,1586,1604,2,10,1,17,18
213,1539,1604,2,10,4,61,65
1068,1595,1608,2,11,1,12,13
489,1561,1609,2,18,1,47,48
57,1494,1612,1,14,25,93,118
431,1522,1612,1,6,37,53,90
1021,1518,1612,1,14,3,91,94
1052,1571,1614,1,13,9,34,43
955,1540,1614,1,13,40,34,74
633,1534,1615,2,11,10,71,81
389,1548,1615,2,11,1,66,67
768,1576,1615,2,11,2,37,39
188,1551,1615,2,11,1,63,64
549,1532,1615,2,11,10,73,83
539,1546,1617,1,7,13,58,71
325,1499,1618,2,15,26,93,119
675,1526,1623,2,13,16,81,97
564,1590,1623,2,13,1,32,33
1030,1586,1625,2,1,25,14,39
1034,1555,1625,2,1,57,14,71
207,1601,1625,2,1,10,14,24
1019,1562,1625,2,1,51,12,63
547,1583,1625,2,1,29,13,42
567,1609,1625,2,1,3,14,17
794,1553,1625,2,1,59,13,72
836,1564,1625,2,1,48,14,62
972,1602,1625,2,1,11,12,23
565,1610,1625,2,1,2,13,15
1005,1549,1625,2,1,62,14,76
386,1594,1625,2,1,19,13,32
871,1622,1625,2,1,1,2,3
298,1616,1625,2,1,1,8,9
594,1588,1625,2,1,26,11,37
862,1617,1625,2,1,1,7,8
1018,1590,1625,2,1,21,14,35
481,1550,1626,1,17,31,45,76
847,1596,1626,2,17,1,29,30
358,1584,1627,2,9,2,41,43
465,1505,1627,2,17,19,103,122
428,1540,1631,2,14,2,89,91
642,1535,1631,2,14,7,89,96
1012,1582,1631,2,14,1,48,49
243,1482,1637,2,18,42,113,155
508,1575,1638,2,16,1,62,63
153,1532,1638,2,16,11,95,106
459,1573,1638,2,16,1,64,65
973,1590,1640,2,4,41,9,50
370,1633,1640,2,4,1,6,7
261,1619,1641,1,2,16,6,22
799,1598,1641,1,2,39,4,43
695,1592,1641,1,2,42,7,49
859,1521,1646,1,19,1,124,125
619,1576,1646,2,18,1,69,70
296,1589,1646,2,18,1,56,57
555,1588,1647,1,4,48,11,59
669,1638,1647,2,4,3,6,9
558,1635,1649,2,5,1,13,14
248,1604,1649,2,5,28,17,45
699,1577,1655,0,2,70,8,78
1026,1605,1655,0,2,42,8,50
962,1649,1655,0,2,2,4,6
433,1635,1655,0,2,12,8,20
540,1648,1655,0,2,1,6,7
1063,1629,1655,0,2,21,5,26
1043,1577,1655,0,2,71,7,78
811,1579,1655,0,2,68,8,76
892,1620,1655,0,2,28,7,35
707,1584,1655,0,2,65,6,71
636,1622,1655,0,2,25,8,33
638,1618,1655,2,6,13,24,37
646,1590,1655,2,6,42,23,65
650,1592,1658,2,19,1,65,66
455,1593,1660,1,6,42,25,67
1006,1629,1660,1,6,7,24,31
330,1583,1660,1,6,51,26,77
653,1648,1660,2,3,7,5,12
170,1603,1667,2,7,28,36,64
353,1619,1667,2,7,13,35,48
97,1593,1668,1,7,41,34,75
344,1654,1668,2,4,2,12,14
253,1630,1674,1,8,4,40,44
477,1638,1674,2,8,4,32,36
435,1642,1679,2,6,14,23,37
392,1653,1679,2,6,2,24,26
69,1647,1684,1,12,1,36,37
24,1585,1684,1,9,50,49,99
831,1620,1684,1,9,14,50,64
304,1651,1684,2,12,7,26,33
995,1643,1686,2,1,34,9,43
133,1640,1686,2,1,35,11,46
228,1672,1686,2,1,4,10,14
906,1653,1686,2,1,24,10,34
64,1623,1686,2,1,52,11,63
1066,1665,1686,2,1,10,11,21
61,1650,1686,2,1,25,11,36
934,1654,1686,2,1,21,11,32
23,1654,1686,2,1,24,8,32
335,1655,1688,2,7,2,31,33
7,1685,1691,2,1,1,5,6
1062,1637,1692,2,10,4,51,55
225,1600,1692,2,10,41,51,92
872,1666,1696,2,14,1,29,30
510,1611,1696,2,14,47,38,85
1045,1640,1697,2,8,15,42,57
548,1605,1699,2,11,37,57,94
767,1605,1699,2,11,36,58,94
1034,1691,1705,1,2,3,11,14
395,1663,1705,1,0,24,18,42
840,1645,1705,1,0,41,19,60
734,1659,1705,0,2,26,20,46
302,1669,1705,0,2,15,21,36
743,1638,1705,2,0,38,29,67
473,1655,1705,0,2,29,21,50
54,1675,1705,2,0,2,28,30
792,1679,1705,2,0,1,25,26
479,1643,1706,2,17,15,48,63
754,1610,1709,1,13,24,75,99
407,1657,1713,2,18,4,52,56
198,1661,1713,2,18,1,51,52
158,1646,1713,2,18,12,55,67
183,1643,1713,2,18,17,53,70
476,1697,1715,0,2,9,9,18
292,1696,1715,0,2,9,10,19
347,1695,1719,2,1,14,10,24
182,1693,1719,2,1,17,10,27
443,1693,1719,2,1,17,9,26
696,1692,1719,1,12,10,17,27
732,1630,1719,2,14,11,78,89
37,1630,1721,2,19,29,62,91
144,1650,1721,2,19,9,62,71
514,1708,1723,2,3,1,14,15
614,1701,1723,2,3,4,18,22
458,1715,1723,2,3,1,7,8
844,1705,1723,2,3,1,17,18
393,1718,1726,2,6,1,7,8
790,1711,1729,2,4,1,17,18
93,1712,1729,2,4,1,16,17
429,1692,1730,1,14,8,30,38
679,1616,1730,2,15,25,89,114
84,1698,1734,1,5,1,35,36
77,1683,1734,2,5,23,28,51
432,1663,1740,1,17,37,40,77
784,1709,1741,2,10,6,26,32
339,1586,1744,1,19,48,110,158
193,1628,1744,2,19,14,102,116
130,1731,1744,2,4,1,12,13
828,1740,1744,2,4,1,3,4
797,1641,1744,2,19,1,102,103
129,1730,1744,2,4,3,11,14
298,1697,1746,1,6,1,48,49
454,1707,1746,2,6,1,38,39
885,1706,1746,2,6,1,39,40
297,1666,1747,1,18,35,46,81
529,1658,1751,2,7,47,46,93
76,1725,1752,2,5,7,20,27
709,1721,1752,2,5,11,20,31
406,1701,1752,2,11,15,36,51
802,1715,1752,2,11,1,36,37
1048,1726,1752,2,5,6,20,26
676,1752,1755,2,1,1,2,3
332,1726,1755,2,1,17,12,29
273,1722,1755,2,1,21,12,33
26,1728,1761,2,6,4,29,33
630,1688,1763,1,8,7,68,75
634,1720,1763,2,8,1,42,43
63,1718,1763,2,15,3,42,45
985,1748,1767,1,0,7,12,19
596,1739,1767,2,0,4,24,28
590,1741,1767,2,0,3,23,26
269,1722,1767,2,0,22,23,45
839,1738,1767,2,0,7,22,29
852,1747,1767,2,0,1,19,20
39,1743,1767,2,0,3,21,24
773,1687,1769,1,9,7,75,82
969,1718,1770,2,16,2,50,52
433,1718,1776,2,17,1,57,58
40,1685,1776,2,17,30,61,91
68,1747,1780,2,3,21,12,33
249,1767,1780,2,3,1,12,13
812,1708,1785,2,18,9,68,77
1027,1707,1785,2,18,8,70,78
836,1780,1786,1,2,1,5,6
441,1730,1786,0,2,37,19,56
209,1713,1786,0,2,54,19,73
874,1732,1786,0,2,37,17,54
941,1719,1786,0,2,49,18,67
574,1770,1791,2,4,2,19,21
595,1734,1796,1,3,49,13,62
1035,1747,1801,2,5,21,33,54
352,1760,1803,2,1,23,20,43
764,1757,1803,2,1,27,19,46
782,1786,1803,2,1,1,16,17
935,1770,1803,2,1,13,20,33
838,1799,1803,2,1,1,3,4
566,1778,1803,2,1,9,17,26
915,1776,1803,2,1,8,19,27
0,1761,1806,2,6,7,38,45
1047,1730,1808,1,5,54,24,78
245,1715,1809,1,10,64,30,94
340,1775,1809,1,10,4,30,34
910,1777,1810,2,0,6,27,33
132,1753,1810,2,0,30,27,57
854,1769,1810,2,0,16,25,41
954,1780,1810,2,0,3,27,30
600,1752,1811,2,7,17,42,59
497,1769,1811,2,7,1,41,42
759,1741,1814,1,11,38,35,73
870,1756,1814,1,6,29,29,58
499,1755,1819,2,9,16,48,64
171,1780,1821,1,7,3,38,41
366,1732,1824,1,14,47,45,92
806,1777,1828,2,3,46,5,51
56,1776,1828,2,3,45,7,52
605,1784,1828,2,3,37,7,44
199,1759,1830,2,10,10,61,71
523,1723,1830,2,10,45,62,107
95,1736,1830,2,10,33,61,94
993,1725,1831,1,8,58,48,106
252,1811,1834,1,5,1,22,23
120,1795,1834,2,5,26,13,39
858,1793,1834,2,5,31,10,41
896,1756,1835,1,15,23,56,79
3,1751,1835,2,11,18,66,84
952,1808,1836,2,1,12,16,28
391,1826,1836,2,1,1,9,10
777,1807,1836,2,1,14,15,29
44,1804,1836,2,1,16,16,32
998,1813,1836,2,1,9,14,23
550,1751,1840,2,11,17,72,89
615,1748,1842,1,16,32,62,94
1,1789,1843,2,6,33,21,54
401,1734,1843,2,13,35,74,109
883,1772,1843,2,6,49,22,71
725,1806,1843,2,6,15,22,37
150,1801,1843,2,13,1,41,42
70,1750,1847,2,12,19,78,97
1031,1823,1852,2,14,1,28,29
946,1784,1852,2,14,2,66,68
103,1764,1852,2,14,5,83,88
1019,1719,1854,1,19,61,74,135
1051,1725,1854,2,13,44,85,129
218,1750,1854,2,13,18,86,104
601,1805,1855,2,7,17,33,50
1050,1847,1855,2,4,1,7,8
1061,1849,1855,2,4,1,5,6
85,1795,1857,2,15,1,61,62
589,1796,1860,1,8,15,49,64
980,1775,1860,2,8,47,38,85
981,1728,1862,2,15,40,94,134
989,1836,1862,2,3,7,19,26
763,1797,1863,2,16,1,65,66
912,1792,1866,2,9,29,45,74
1026,1827,1871,2,5,16,28,44
58,1754,1871,2,16,14,103,117
460,1747,1871,2,16,23,101,124
229,1758,1871,2,16,10,103,113
552,1794,1873,2,17,1,78,79
823,1771,1873,2,17,1,101,102
436,1790,1878,1,11,21,67,88
800,1788,1880,2,19,1,91,92
124,1784,1880,2,19,1,95,96
728,1852,1880,2,8,1,27,28
404,1858,1880,2,8,1,21,22
610,1736,1883,2,18,32,115,147
821,1864,1886,2,1,5,17,22
490,1841,1886,2,1,30,15,45
688,1838,1886,2,1,32,16,48
1057,1864,1886,2,1,6,16,22
925,1876,1886,2,1,1,9,10
775,1869,1886,2,1,1,16,17
42,1868,1886,2,1,1,17,18
311,1867,1886,2,1,3,17,20
864,1858,1886,2,1,14,14,28
478,1867,1886,2,1,4,15,19
593,1844,1886,2,1,25,17,42
745,1836,1886,2,1,33,17,50
399,1847,1886,2,1,23,16,39
207,1794,1887,1,12,18,75,93
402,1807,1892,1,13,6,79,85
565,1813,1892,1,13,1,78,79
416,1852,1894,2,0,17,25,42
747,1883,1894,2,0,1,10,11
486,1840,1894,2,0,29,25,54
947,1845,1897,2,10,34,18,52
495,1823,1902,2,16,1,78,79
413,1888,1904,2,11,1,15,16
942,1823,1913,2,18,2,88,90
376,1870,1915,1,2,25,20,45
178,1884,1915,2,3,20,11,31
349,1850,1915,2,13,28,37,65
210,1910,1915,2,3,1,4,5
133,1869,1922,1,10,40,13,53
853,1892,1922,1,0,11,19,30
154,1869,1922,2,4,35,18,53
1040,1897,1922,2,4,8,17,25
670,1876,1922,2,4,29,17,46
935,1818,1923,1,19,1,104,105
873,1863,1923,2,14,16,44,60
506,1850,1923,2,14,31,42,73
700,1830,1923,2,14,49,44,93
364,1831,1923,2,14,47,45,92
211,1835,1923,2,14,45,43,88
869,1898,1928,2,6,9,21,30
332,1864,1933,1,11,43,26,69
917,1870,1933,2,15,8,55,63
604,1898,1937,2,7,6,33,39
573,1909,1940,2,1,21,10,31
379,1884,1940,2,1,45,11,56
396,1931,1940,2,1,2,7,9
110,1909,1940,2,1,20,11,31
898,1895,1940,2,1,36,9,45
559,1892,1940,2,1,37,11,48
704,1890,1940,2,1,40,10,50
1003,1930,1940,2,3,1,9,10
783,1922,1940,2,1,10,8,18
706,1899,1940,2,1,30,11,41
848,1857,1943,2,17,21,65,86
816,1828,1943,2,17,50,65,115
480,1840,1943,2,17,38,65,103
753,1900,1944,1,13,10,34,44
1016,1866,1948,1,5,29,53,82
776,1935,1948,2,5,1,12,13
727,1897,1949,2,8,7,45,52
1015,1923,1950,2,0,6,21,27
275,1925,1950,2,0,5,20,25
761,1837,1951,1,16,70,44,114
204,1870,1954,2,18,9,75,84
830,1947,1955,2,3,3,5,8
661,1906,1957,2,9,2,49,51
351,1871,1958,1,17,36,51,87
1005,1852,1958,1,6,43,63,106
140,1939,1963,2,5,13,11,24
906,1948,1966,1,2,12,6,18
182,1961,1966,1,2,1,4,5
327,1905,1966,2,12,1,60,61
136,1841,1967,1,18,67,59,126
96,1861,1968,1,7,35,72,107
367,1952,1971,2,9,1,18,19
1030,1883,1975,1,19,25,67,92
934,1890,1975,1,19,17,68,85
287,1911,1976,2,15,1,64,65
962,1918,1977,2,10,32,27,59
1054,1954,1977,2,3,12,11,23
772,1934,1977,2,10,16,27,43
1043,1931,1981,2,9,1,49,50
143,1918,1983,2,11,31,34,65
187,1967,1985,2,4,1,17,18
625,1896,1986,2,16,8,82,90
970,1890,1986,2,16,16,80,96
391,1922,1992,1,6,38,32,70
149,1925,1995,2,13,26,44,70
116,1912,1996,2,17,1,83,84
379,1963,1998,1,8,1,34,35
374,1957,1998,2,8,9,32,41
813,1965,2001,2,1,16,20,36
405,1955,2001,2,1,27,19,46
637,1956,2001,2,1,25,20,45
842,1989,2001,2,1,1,11,12
735,1988,2001,2,1,1,12,13
313,1962,2001,2,1,21,18,39
822,1948,2001,2,1,33,20,53
780,1900,2003,2,19,5,98,103
699,1936,2004,2,15,13,55,68
931,1933,2004,2,15,16,55,71
155,1975,2006,2,4,23,8,31
160,1979,2006,2,4,19,8,27
396,1999,2014,1,0,2,13,15
117,1941,2016,2,17,8,67,75
562,2001,2018,2,7,1,16,17
317,2000,2018,2,7,1,17,18
567,2006,2019,1,2,7,6,13
846,1974,2019,1,2,38,7,45
1063,1956,2021,2,10,48,17,65
224,1957,2021,2,10,48,16,64
200,1970,2021,2,10,34,17,51
118,1916,2026,2,18,33,77,110
295,2025,2028,2,3,1,2,3
363,1969,2030,2,11,34,27,61
803,1956,2030,2,11,47,27,74
412,1999,2030,2,11,8,23,31
721,1990,2036,2,13,13,33,46
27,1986,2036,2,13,19,31,50
672,1976,2036,2,13,27,33,60
865,2005,2039,1,4,7,27,34
1038,2005,2044,2,5,14,25,39
172,2015,2044,2,5,5,24,29
578,1967,2047,2,15,36,44,80
606,2036,2049,2,3,7,6,13
457,2024,2049,2,6,1,24,25
522,2019,2050,2,1,13,18,31
426,2007,2050,2,1,26,17,43
834,2006,2050,2,1,26,18,44
971,2016,2050,2,1,18,16,34
1023,2030,2050,2,1,2,18,20
782,2021,2056,1,4,7,28,35
476,2028,2057,2,13,4,25,29
473,2029,2057,2,13,2,26,28
31,2032,2057,2,0,3,22,25
617,2023,2057,2,9,1,33,34
640,2024,2057,2,0,9,24,33
746,2011,2057,2,0,21,25,46
303,1955,2059,2,16,48,56,104
534,1960,2059,2,16,43,56,99
762,1967,2059,2,16,39,53,92
443,1965,2065,1,14,61,39,100
1022,2016,2065,2,14,15,34,49
98,2037,2065,2,7,7,21,28
163,1995,2067,2,17,8,64,72
177,2057,2070,2,3,4,9,13
665,2051,2070,2,3,10,9,19
310,2066,2070,2,3,1,3,4
250,2067,2074,2,3,1,6,7
196,1966,2075,2,18,38,71,109
995,1951,2076,1,16,73,52,125
228,1967,2076,1,16,57,52,109
764,1985,2076,1,16,39,52,91
871,1923,2076,1,16,101,52,153
382,2035,2076,2,16,1,40,41
41,2019,2076,2,16,12,45,57
826,2042,2077,2,12,1,34,35
1055,2057,2079,2,4,5,17,22
147,1992,2081,2,19,12,77,89
121,2063,2085,2,5,1,21,22
676,1925,2086,1,18,100,61,161
29,2017,2086,2,18,15,54,69
239,2020,2086,2,18,13,53,66
192,2045,2086,2,15,1,40,41
142,2039,2086,2,18,1,46,47
913,2048,2088,2,9,14,26,40
61,1994,2091,1,16,33,64,97
1057,1968,2093,1,19,57,68,125
898,2022,2093,1,19,2,69,71
1056,2022,2093,2,19,9,62,71
875,2055,2095,2,1,20,20,40
982,2068,2095,2,1,8,19,27
698,2064,2095,2,1,10,21,31
1010,2050,2095,2,1,24,21,45
922,2067,2100,2,11,1,32,33
446,2048,2100,2,11,13,39,52
347,2098,2101,1,0,1,2,3
119,2044,2101,2,18,1,56,57
682,2068,2101,2,0,6,27,33
793,2080,2101,2,0,1,20,21
749,2086,2101,2,0,1,14,15
950,2049,2109,2,13,12,48,60
515,2112,2115,2,3,1,2,3
560,2083,2115,2,3,15,17,32
386,2090,2118,1,2,20,8,28
169,2049,2119,2,14,14,56,70
128,2091,2121,2,4,7,23,30
978,2107,2121,2,4,1,13,14
388,2114,2125,2,11,1,10,11
707,2062,2126,2,17,2,62,64
737,2093,2126,2,5,6,27,33
559,2079,2130,1,5,30,21,51
101,2075,2130,2,12,30,25,55
811,2069,2130,2,12,35,26,61
719,2120,2138,2,7,1,17,18
1004,2127,2139,2,3,7,5,12
125,2065,2139,2,19,1,73,74
322,2098,2140,2,1,22,20,42
684,2103,2142,2,14,2,37,39
945,2081,2142,2,14,23,38,61
405,2105,2148,1,8,4,39,43
417,2110,2149,2,15,1,38,39
838,2122,2152,1,0,18,12,30
415,2110,2152,2,0,11,31,42
636,2132,2153,2,6,4,17,21
241,2140,2153,2,4,2,11,13
33,2088,2158,2,16,18,52,70
538,2146,2158,2,5,1,11,12
496,2142,2165,2,7,1,22,23
967,2135,2165,2,7,2,28,30
902,2093,2170,2,17,11,66,77
777,2069,2176,1,12,58,49,107
219,2139,2176,2,8,2,35,37
948,2167,2182,2,10,1,14,15
723,2143,2183,2,1,21,19,40
15,2144,2183,2,1,21,18,39
64,2113,2188,1,15,16,59,75
475,2144,2191,2,13,20,27,47
44,2106,2194,1,16,22,66,88
925,2145,2198,1,3,26,27,53
441,2142,2201,2,14,21,38,59
1065,2183,2207,2,1,8,16,24
378,2186,2207,2,1,6,15,21
941,2127,2207,2,18,8,72,80
451,2124,2207,2,18,10,73,83
135,2199,2207,2,1,1,7,8
547,2132,2210,1,4,39,39,78
49,2192,2210,2,4,1,17,18
781,2161,2210,2,4,22,27,49
292,2154,2210,2,4,28,28,56
453,2180,2210,2,4,1,29,30
530,2156,2210,2,4,25,29,54
977,2193,2210,2,4,1,16,17
532,2159,2211,2,15,4,48,52
424,2164,2211,2,15,1,46,47
7,2180,2215,1,5,23,12,35
152,2168,2216,2,16,1,47,48
794,2112,2217,1,19,15,90,105
698,2154,2221,1,5,17,50,67
139,2153,2221,2,5,28,40,68
216,2219,2223,2,3,2,2,4
637,2147,2231,1,6,26,58,84
892,2184,2231,2,10,16,31,47
67,2223,2232,2,3,1,8,9
1058,2216,2235,2,4,4,15,19
452,2214,2235,2,4,4,17,21
345,2200,2235,2,4,18,17,35
273,2177,2240,1,7,1,62,63
540,2182,2240,2,7,1,57,58
937,2210,2240,2,13,1,29,30
545,2214,2240,2,13,1,25,26
99,2225,2245,2,7,1,19,20
890,2224,2245,2,7,1,20,21
1036,2219,2246,2,5,1,26,27
688,2140,2247,1,8,32,75,107
734,2199,2248,2,14,2,47,49
233,2219,2248,2,14,1,28,29
566,2241,2254,1,2,3,10,13
302,2174,2254,2,16,24,56,80
884,2211,2255,2,6,8,36,44
626,2238,2258,2,1,3,17,20
176,2243,2258,2,1,1,14,15
984,2237,2258,2,1,5,16,21
819,2253,2258,2,1,1,4,5
134,2224,2258,2,1,17,17,34
691,2163,2259,2,9,18,78,96
900,2178,2261,2,17,21,62,83
956,2210,2261,2,17,2,49,51
735,2230,2262,1,4,15,17,32
1066,2203,2266,1,11,9,54,63
888,2181,2269,2,18,17,71,88
775,2231,2270,1,0,27,12,39
419,2252,2270,2,0,1,17,18
748,2248,2270,2,0,1,21,22
437,2217,2272,2,13,1,54,55
963,2255,2272,2,5,2,15,17
209,2268,2277,2,3,4,5,9
570,2256,2284,2,7,2,26,28
490,2194,2285,1,17,17,74,91
1024,2279,2291,2,1,3,9,12
645,2272,2291,2,1,9,10,19
818,2282,2291,2,1,1,8,9
686,2246,2292,2,8,10,36,46
726,2280,2295,2,6,6,9,15
6,2256,2304,2,10,1,47,48
505,2293,2306,2,14,1,12,13
168,2274,2306,2,14,9,23,32
689,2277,2307,2,8,8,22,30
141,2302,2311,2,8,1,8,9
164,2283,2315,2,17,1,31,32
352,2247,2317,1,13,1,69,70
599,2296,2321,2,10,6,19,25
875,2224,2324,1,14,20,80,100
201,2232,2324,2,14,23,69,92
461,2312,2326,2,5,2,12,14
311,2309,2333,1,2,14,10,24
115,2242,2333,2,17,12,79,91
535,2295,2334,2,14,6,33,39
208,2323,2339,2,4,10,6,16
813,2244,2342,1,18,2,96,98
587,2303,2343,2,15,1,39,40
277,2301,2345,2,1,33,11,44
868,2225,2349,2,19,29,95,124
83,2334,2350,2,5,1,15,16
878,2297,2351,2,19,4,50,54
1044,2345,2353,2,7,1,7,8
439,2329,2361,2,9,4,28,32
409,2346,2362,2,11,1,15,16
671,2349,2365,2,4,6,10,16
952,2301,2372,1,13,34,37,71
573,2334,2372,1,13,2,36,38
217,2325,2373,2,12,13,35,48
38,2358,2382,2,18,1,23,24
105,2373,2382,2,3,5,4,9
899,2341,2387,2,19,1,45,46
52,2366,2392,2,6,11,15,26
203,2381,2395,2,15,1,13,14
91,2389,2401,2,8,1,11,12
371,2392,2402,2,4,1,9,10
512,2398,2410,2,5,1,11,12
829,2416,2420,2,3,1,3,4
322,2381,2421,1,6,3,37,40
1007,2397,2421,2,6,1,23,24
92,2411,2422,2,1,1,10,11
385,2354,2422,2,1,54,15,69
889,2416,2422,2,1,1,5,6
483,2390,2422,2,1,18,14,32
705,2401,2422,2,1,6,15,21
426,2364,2428,1,7,20,44,64
984,2422,2429,1,0,1,6,7
485,2410,2429,2,0,1,18,19
15,2382,2437,1,9,4,51,55
1069,2429,2439,2,11,1,9,10
1002,2383,2449,2,11,8,58,66
42,2432,2451,1,11,2,17,19
509,2401,2455,2,17,17,37,54
19,2385,2463,2,15,5,73,78
588,2383,2463,2,15,7,73,80
620,2428,2465,2,18,1,36,37
82,2437,2467,2,18,6,24,30
110,2370,2472,1,19,15,87,102
692,2452,2472,2,7,4,16,20
1037,2415,2473,2,19,4,54,58
456,2473,2482,2,6,1,8,9
652,2465,2487,2,10,7,15,22
778,2458,2493,2,12,13,22,35
114,2475,2494,2,9,1,18,19
997,2477,2495,2,4,10,8,18
641,2481,2502,2,5,7,14,21
258,2494,2503,2,5,1,8,9
824,2475,2504,2,17,1,28,29
957,2458,2504,2,17,12,34,46
867,2463,2515,2,19,7,45,52
361,2484,2523,2,16,5,34,39
723,2483,2524,1,13,20,21,41
991,2499,2526,2,17,1,26,27
982,2460,2532,1,15,42,30,72
464,2490,2532,2,17,1,41,42
202,2500,2533,2,18,1,32,33
866,2496,2543,2,19,1,46,47
221,2534,2546,2,8,1,11,12
842,2527,2564,1,4,23,14,37
1070,2539,2568,2,12,3,26,29
673,2516,2574,2,13,27,31,58
148,2517,2574,2,13,25,32,57
277,2552,2575,1,5,1,22,23
834,2544,2578,1,12,14,20,34
378,2565,2578,1,8,1,12,13
874,2534,2586,2,14,10,42,52
511,2511,2586,2,14,31,44,75
635,2576,2590,2,8,4,10,14
34,2548,2593,2,16,1,44,45
279,2549,2602,2,17,1,52,53
305,2593,2610,2,4,7,10,17
914,2601,2612,2,9,1,10,11
522,2586,2619,1,10,6,27,33
390,2608,2622,2,6,1,13,14
8,2614,2633,2,1,7,12,19
616,2602,2635,2,16,1,32,33
815,2610,2638,2,13,4,24,28
189,2632,2648,2,11,1,15,16
528,2606,2650,2,19,7,37,44
1010,2666,2695,1,16,7,22,29
176,2692,2709,1,5,8,9,17
940,2681,2711,2,13,11,19,30
536,2699,2721,2,14,1,21,22
857,2712,2735,2,16,3,20,23
1065,2719,2736,1,10,1,16,17
308,2736,2751,2,5,2,13,15
889,2749,2774,1,10,5,20,25
953,2767,2779,2,0,2,10,12
1029,2752,2783,2,12,8,23,31
933,2784,2803,2,8,4,15,19
662,2793,2812,2,11,1,18,19
8,2821,2843,1,5,7,15,22
626,2823,2847,1,16,2,22,24
385,2845,2848,1,2,1,2,3
609,2830,2855,2,15,2,23,25
131,2851,2864,2,0,2,11,13
43,2867,2896,2,11,4,25,29
284,2867,2908,2,12,5,36,41
449,2887,2915,2,16,4,24,28
1020,2900,2944,2,19,18,26,44
92,2933,2947,1,4,4,10,14
244,2939,2967,2,10,11,17,28
975,2980,3002,2,10,4,18,22
551,2984,3016,2,17,1,31,32
383,3119,3144,2,10,12,13,25
