300,9,18,0,2,2,7,9
352,4,26,1,0,4,18,22
275,3,28,6,0,9,16,25
99,39,53,3,0,3,11,14
482,33,53,8,0,1,19,20
284,26,53,8,0,6,21,27
79,56,74,1,0,4,14,18
155,56,74,1,0,5,13,18
43,45,80,13,2,20,15,35
129,30,80,15,2,28,22,50
492,74,87,0,2,1,12,13
464,57,87,0,2,17,13,30
37,25,87,19,0,23,39,62
36,44,87,13,0,20,23,43
46,85,89,0,2,1,3,4
413,81,89,0,2,1,7,8
303,76,96,5,2,2,18,20
173,62,98,7,2,17,19,36
85,34,106,11,0,16,56,72
375,45,106,6,0,12,49,61
132,92,106,6,0,1,13,14
438,89,106,5,0,1,16,17
141,75,106,5,0,4,27,31
305,53,106,6,0,5,48,53
193,36,106,13,0,1,69,70
354,58,106,5,0,20,28,48
472,27,107,10,0,37,43,80
314,33,107,12,0,1,73,74
13,20,107,12,0,12,75,87
179,35,107,12,0,1,71,72
106,10,107,13,0,16,81,97
40,96,141,5,0,13,32,45
401,115,141,4,0,5,21,26
214,86,141,8,0,14,41,55
383,102,141,3,0,23,16,39
349,100,141,8,0,1,40,41
470,138,150,0,2,5,7,12
23,124,150,0,2,17,9,26
273,132,150,0,2,9,9,18
215,127,150,0,2,15,8,23
99,141,150,0,2,1,8,9
352,143,150,0,2,1,6,7
54,150,179,1,0,16,13,29
290,150,179,2,0,5,24,29
98,157,190,0,2,23,10,33
132,151,190,0,2,28,11,39
354,182,190,0,2,1,7,8
386,167,199,15,2,1,31,32
257,146,202,12,2,5,51,56
89,94,202,16,2,14,94,108
277,137,202,8,2,22,43,65
254,100,202,12,2,50,52,102
29,172,202,6,2,6,24,30
203,159,209,6,0,18,32,50
286,163,209,8,0,1,45,46
84,146,212,14,0,12,54,66
126,140,212,15,0,11,61,72
397,157,212,13,0,12,43,55
432,106,212,19,0,30,76,106
445,133,212,19,0,4,75,79
296,139,212,14,0,18,55,73
206,169,212,11,0,12,31,43
444,133,212,15,0,17,62,79
357,117,212,17,0,25,70,95
279,196,218,1,0,7,15,22
48,180,218,1,0,22,16,38
483,141,218,19,0,1,76,77
361,172,218,14,0,1,45,46
42,93,219,13,0,38,88,126
140,96,219,14,0,29,94,123
65,176,219,10,0,1,42,43
211,88,219,15,0,27,104,131
11,159,219,12,0,1,59,60
64,194,219,10,0,1,24,25
451,165,219,10,0,7,47,54
190,182,219,10,0,1,36,37
437,126,219,13,0,6,87,93
391,78,219,16,0,29,112,141
332,220,225,0,2,1,4,5
301,221,225,0,2,1,3,4
297,161,229,5,0,1,67,68
262,117,229,7,0,9,103,112
50,169,229,3,0,26,34,60
53,176,229,3,0,20,33,53
144,106,229,7,0,19,104,123
393,127,229,4,0,46,56,102
407,128,229,6,0,12,89,101
157,150,229,5,0,3,76,79
486,143,229,4,0,31,55,86
275,231,235,0,2,1,3,4
470,210,243,2,14,15,18,33
282,269,278,0,2,3,6,9
176,232,278,0,2,39,7,46
200,261,278,0,2,10,7,17
141,232,278,0,2,40,6,46
13,246,278,0,2,27,5,32
361,234,278,0,2,37,7,44
280,276,282,0,2,1,5,6
391,276,282,0,2,2,4,6
222,240,296,6,2,22,34,56
60,225,296,6,2,37,34,71
56,226,298,4,0,20,52,72
341,233,298,3,0,26,39,65
151,238,298,3,0,20,40,60
103,258,298,1,0,19,21,40
394,287,298,1,0,1,10,11
458,230,298,4,0,15,53,68
225,231,298,3,0,27,40,67
47,291,298,1,0,1,6,7
331,247,298,4,0,1,50,51
218,218,298,4,0,27,53,80
459,250,298,4,0,1,47,48
448,195,306,8,0,52,59,111
58,253,306,5,0,21,32,53
453,275,306,3,0,14,17,31
406,237,306,6,0,27,42,69
243,235,306,8,0,13,58,71
220,263,306,4,0,17,26,43
425,206,306,5,0,66,34,100
416,214,306,6,0,48,44,92
272,258,306,7,0,1,47,48
367,222,306,7,0,30,54,84
34,209,306,9,0,27,70,97
419,245,306,5,0,27,34,61
209,215,306,9,0,20,71,91
469,263,306,5,0,9,34,43
374,221,306,6,0,42,43,85
124,207,306,5,0,66,33,99
6,291,306,2,0,5,10,15
368,191,306,9,0,44,71,115
246,280,316,1,2,24,12,36
230,279,316,0,2,19,18,37
397,287,316,0,2,12,17,29
44,257,330,13,2,39,34,73
478,213,330,12,2,100,17,117
403,186,330,15,2,85,59,144
216,289,330,12,2,23,18,41
266,221,330,13,2,75,34,109
23,242,333,2,9,74,17,91
182,309,337,10,2,2,26,28
462,238,337,11,2,60,39,99
191,240,345,10,0,70,35,105
75,251,345,11,0,46,48,94
252,224,345,11,0,73,48,121
410,278,354,12,0,34,42,76
18,338,354,1,0,2,14,16
212,183,354,16,0,74,97,171
118,252,354,12,0,60,42,102
351,332,354,1,0,7,15,22
311,254,354,12,0,60,40,100
175,194,354,16,0,65,95,160
411,184,354,12,0,128,42,170
293,235,354,15,0,36,83,119
456,241,354,15,0,32,81,113
167,284,354,12,0,29,41,70
347,177,354,16,0,81,96,177
496,208,354,14,0,75,71,146
163,242,354,13,0,55,57,112
88,173,354,16,0,84,97,181
348,266,354,15,0,5,83,88
208,196,354,15,0,76,82,158
325,313,355,3,2,28,14,42
57,291,355,4,2,37,27,64
323,320,355,0,2,27,8,35
450,315,355,0,2,30,10,40
17,341,355,0,2,4,10,14
400,343,355,0,2,3,9,12
390,347,355,0,2,2,6,8
342,327,355,0,2,19,9,28
454,327,355,0,2,18,10,28
80,319,355,0,2,26,10,36
124,321,355,0,2,24,10,34
401,327,355,0,2,21,7,28
155,317,355,0,2,29,9,38
120,357,362,0,2,1,4,5
468,312,366,5,0,8,46,54
355,341,366,3,0,1,24,25
317,301,366,3,0,39,26,65
169,363,372,0,2,3,6,9
187,365,372,0,2,1,6,7
448,363,372,0,2,4,5,9
398,320,380,13,2,43,17,60
271,316,380,17,2,14,50,64
15,317,380,19,2,1,62,63
242,312,380,18,2,12,56,68
82,357,380,14,2,1,22,23
81,339,380,14,2,17,24,41
495,381,385,4,2,1,3,4
102,272,385,8,2,72,41,113
116,339,385,8,2,3,43,46
210,331,385,9,2,2,52,54
346,343,385,7,2,6,36,42
421,162,399,18,2,100,137,237
385,188,399,17,2,90,121,211
364,356,399,7,2,21,22,43
188,215,399,19,2,25,159,184
484,284,405,19,0,30,91,121
149,302,405,18,0,21,82,103
69,326,405,14,0,29,50,79
8,372,405,2,0,8,25,33
90,316,405,18,0,7,82,89
343,291,405,16,0,49,65,114
93,341,405,16,0,1,63,64
251,297,405,17,0,32,76,108
25,288,405,19,0,27,90,117
161,378,405,2,0,3,24,27
319,301,405,19,0,13,91,104
113,318,405,18,0,7,80,87
493,338,405,15,0,12,55,67
500,308,405,16,0,33,64,97
372,318,405,19,0,1,86,87
377,309,405,19,0,7,89,96
487,273,407,7,0,74,60,134
153,326,407,6,0,32,49,81
353,366,407,5,0,3,38,41
27,306,407,7,0,42,59,101
234,256,407,8,0,86,65,151
283,252,407,8,0,90,65,155
491,254,407,8,0,89,64,153
240,306,407,8,0,37,64,101
219,348,407,7,0,2,57,59
142,369,407,5,0,1,37,38
334,281,407,6,0,77,49,126
259,326,407,7,0,21,60,81
337,374,407,1,0,20,13,33
117,284,407,8,0,58,65,123
479,349,407,4,0,30,28,58
150,316,407,6,0,43,48,91
200,402,408,2,0,1,5,6
409,184,408,17,0,93,131,224
366,374,408,7,0,5,29,34
21,204,408,18,0,57,147,204
67,370,408,7,0,8,30,38
174,372,408,7,0,5,31,36
270,255,408,17,0,22,131,153
315,310,408,12,0,10,88,98
156,216,408,19,0,26,166,192
130,368,408,6,0,21,19,40
135,205,408,19,0,36,167,203
112,149,408,18,0,112,147,259
412,337,408,10,0,9,62,71
231,373,408,8,0,1,34,35
137,299,408,14,0,3,106,109
171,373,408,6,0,17,18,35
134,198,408,19,0,42,168,210
3,412,416,0,2,1,3,4
144,407,416,0,2,1,8,9
369,404,417,0,2,1,12,13
422,369,417,0,2,36,12,48
180,387,417,0,2,20,10,30
32,391,417,0,2,15,11,26
375,383,417,0,2,22,12,34
298,389,417,0,2,17,12,29
438,382,417,0,2,24,11,35
296,393,417,0,2,12,12,24
284,400,417,0,2,7,10,17
281,379,436,3,2,44,13,57
452,354,436,3,2,69,13,82
434,423,436,0,2,3,10,13
287,421,436,0,2,7,8,15
307,420,436,0,2,6,10,16
279,417,436,0,2,10,9,19
151,414,436,0,2,12,10,22
286,429,436,0,2,1,6,7
437,432,436,0,2,1,3,4
172,412,440,6,2,1,27,28
221,398,440,4,2,27,15,42
173,430,450,2,1,6,14,20
460,416,450,4,0,9,25,34
244,376,450,8,0,14,60,74
485,409,450,4,0,17,24,41
196,406,450,6,0,3,41,44
278,377,450,8,0,14,59,73
145,390,450,7,0,11,49,60
350,383,450,8,0,7,60,67
333,404,450,6,0,4,42,46
439,402,450,5,0,15,33,48
296,428,452,2,14,8,16,24
158,433,468,1,2,27,8,35
166,452,468,0,2,1,15,16
97,457,468,0,2,1,10,11
45,439,468,0,2,11,18,29
406,451,468,0,2,1,16,17
336,427,468,1,0,23,18,41
48,439,468,0,2,12,17,29
202,377,468,3,0,47,44,91
179,456,468,0,2,1,11,12
193,441,468,0,2,9,18,27
206,455,468,0,2,1,12,13
204,438,468,1,0,13,17,30
29,448,475,2,1,22,5,27
299,457,479,0,2,11,11,22
156,463,479,0,2,5,11,16
135,466,479,0,2,4,9,13
36,473,479,0,2,1,5,6
175,466,479,0,2,2,11,13
367,458,479,0,2,11,10,21
372,470,479,0,2,1,8,9
407,471,479,0,2,1,7,8
31,348,484,18,0,37,99,136
499,347,484,17,0,49,88,137
10,387,484,13,0,28,69,97
250,367,484,13,0,49,68,117
249,330,484,13,0,85,69,154
111,357,484,18,0,29,98,127
51,459,486,3,2,15,12,27
340,464,486,3,2,12,10,22
215,481,491,2,8,1,9,10
30,481,495,0,2,3,11,14
358,489,495,0,2,1,5,6
212,489,495,0,2,2,4,6
90,491,495,0,2,1,3,4
251,486,495,0,2,1,8,9
363,456,499,3,0,19,24,43
430,445,499,3,0,29,25,54
415,494,511,0,2,5,12,17
126,499,511,0,2,2,10,12
142,494,511,0,2,6,11,17
411,495,511,0,2,4,12,16
53,500,511,0,2,2,9,11
402,423,512,19,2,24,65,89
489,441,512,17,2,22,49,71
46,456,513,2,10,39,18,57
490,375,515,10,2,74,66,140
164,394,515,18,2,1,120,121
497,387,515,11,2,52,76,128
35,459,515,9,2,13,43,56
64,513,518,0,2,1,4,5
40,510,518,0,2,1,7,8
344,426,519,16,0,46,47,93
247,419,519,18,0,36,64,100
147,417,519,18,0,37,65,102
154,450,519,19,0,1,68,69
423,420,519,17,0,42,57,99
16,451,519,19,0,1,67,68
133,383,519,19,0,63,73,136
246,516,524,2,1,1,7,8
391,471,527,2,16,25,31,56
56,524,528,0,2,1,3,4
225,519,528,0,2,1,8,9
381,511,530,3,2,10,9,19
326,495,530,3,2,25,10,35
413,495,537,2,19,2,40,42
339,518,541,3,0,2,21,23
455,528,543,0,2,6,9,15
313,539,543,0,2,1,3,4
58,533,543,0,2,2,8,10
233,419,543,8,0,67,57,124
376,444,543,6,0,62,37,99
131,430,543,6,0,76,37,113
255,428,543,12,0,1,114,115
108,379,543,14,0,28,136,164
320,376,543,11,0,62,105,167
122,435,543,10,0,15,93,108
288,433,543,8,0,53,57,110
380,462,543,8,0,26,55,81
236,430,543,8,0,57,56,113
152,469,543,6,0,37,37,74
238,347,543,12,0,79,117,196
154,525,543,0,2,7,11,18
440,527,543,0,2,6,11,17
389,380,543,9,0,91,72,163
466,364,543,14,0,42,137,179
78,521,543,1,0,3,19,22
49,432,543,12,0,1,110,111
383,526,543,0,2,7,10,17
357,535,543,0,2,1,7,8
356,389,543,18,0,1,153,154
338,431,546,4,2,106,9,115
198,462,546,12,2,33,51,84
205,509,546,11,2,1,36,37
329,482,546,4,2,55,9,64
127,461,546,15,2,4,81,85
289,525,546,4,2,13,8,21
138,525,546,4,2,12,9,21
476,441,546,5,2,86,19,105
83,451,546,14,2,31,64,95
217,524,546,4,2,13,9,22
6,539,548,0,2,2,7,9
492,549,554,2,3,1,4,5
282,545,554,2,3,1,8,9
327,549,554,0,2,1,4,5
319,549,554,0,2,2,3,5
464,522,557,2,17,6,29,35
292,457,558,15,0,9,92,101
427,483,558,14,0,1,74,75
62,456,558,4,0,82,20,102
302,550,558,1,0,2,6,8
276,441,558,6,0,75,42,117
125,506,558,5,0,20,32,52
139,486,558,14,0,1,71,72
170,457,558,6,0,60,41,101
41,434,558,5,0,92,32,124
55,550,558,1,0,1,7,8
109,541,558,1,0,10,7,17
395,456,558,15,0,9,93,102
86,472,558,11,0,32,54,86
40,550,565,2,5,1,14,15
95,542,569,4,2,17,10,27
424,527,569,4,2,31,11,42
119,540,569,4,2,17,12,29
431,534,569,3,2,28,7,35
495,563,585,2,1,6,16,22
321,527,589,6,2,49,13,62
304,571,589,6,2,5,13,18
373,573,589,6,2,5,11,16
309,564,594,1,2,9,21,30
70,555,594,0,2,4,35,39
480,556,594,0,2,2,36,38
384,561,594,0,2,1,32,33
409,560,594,0,2,1,33,34
69,558,594,0,2,2,34,36
54,558,594,0,2,1,35,36
380,562,594,0,2,1,31,32
482,570,594,0,2,1,23,24
47,550,594,0,2,8,36,44
362,540,597,3,0,23,34,57
96,519,597,4,0,38,40,78
104,544,598,6,0,33,21,54
132,553,598,2,6,2,43,45
110,461,604,18,2,87,56,143
387,536,604,15,2,25,43,68
38,536,604,18,2,12,56,68
371,461,604,19,2,76,67,143
14,541,604,19,2,1,62,63
72,572,605,0,2,26,7,33
195,582,605,0,2,17,6,23
52,587,605,0,2,10,8,18
223,582,605,0,2,15,8,23
103,574,605,0,2,23,8,31
283,580,605,0,2,18,7,25
259,601,605,0,2,1,3,4
314,578,605,0,2,19,8,27
113,581,605,0,2,16,8,24
73,571,605,0,2,27,8,35
466,595,605,0,2,3,7,10
218,585,605,0,2,13,7,20
486,576,605,0,2,22,7,29
27,604,612,0,2,2,6,8
219,603,612,0,2,1,8,9
349,603,612,0,2,2,7,9
106,605,612,0,2,2,5,7
230,598,618,2,8,7,13,20
434,605,618,2,8,1,12,13
176,560,619,2,16,1,58,59
342,563,619,2,16,1,55,56
26,538,621,19,0,1,82,83
2,499,621,19,0,39,83,122
328,580,621,13,0,1,40,41
265,560,621,13,0,18,43,61
105,526,621,13,0,51,44,95
433,564,621,14,0,6,51,57
12,575,621,12,0,12,34,46
165,597,621,2,0,7,17,24
404,513,621,18,0,36,72,108
335,498,621,17,0,57,66,123
295,524,621,14,0,45,52,97
3,552,626,2,17,2,72,74
148,617,628,0,2,4,7,11
306,618,628,0,2,5,5,10
468,622,628,0,2,2,4,6
243,623,628,0,2,2,3,5
432,623,628,0,2,1,4,5
374,613,628,0,2,9,6,15
134,610,628,0,2,11,7,18
214,621,628,0,2,1,6,7
330,644,649,0,2,1,4,5
285,630,649,0,2,13,6,19
498,643,649,0,2,1,5,6
425,625,649,0,2,16,8,24
412,629,649,0,2,12,8,20
10,627,649,0,2,15,7,22
199,603,661,7,2,16,42,58
224,600,661,3,2,48,13,61
33,569,661,7,2,50,42,92
268,603,664,11,2,35,26,61
169,642,669,2,12,7,20,27
477,636,671,5,2,15,20,35
379,631,671,8,2,1,39,40
185,594,671,10,0,50,27,77
269,598,671,11,0,39,34,73
43,650,676,2,1,12,14,26
340,610,676,2,1,51,15,66
289,665,676,2,1,1,10,11
462,655,676,2,1,6,15,21
442,531,682,8,0,95,56,151
228,599,682,6,0,36,47,83
24,647,686,0,2,25,14,39
4,674,686,0,2,2,10,12
136,673,686,0,2,1,12,13
191,648,686,0,2,25,13,38
85,654,686,0,2,17,15,32
18,655,686,0,2,17,14,31
472,668,686,0,2,3,15,18
118,647,686,0,2,24,15,39
339,658,686,0,2,16,12,28
262,672,686,0,2,1,13,14
34,664,686,0,2,8,14,22
209,669,686,0,2,3,14,17
337,646,686,0,2,25,15,40
55,662,686,0,2,9,15,24
190,671,686,0,2,4,11,15
459,666,686,0,2,7,13,20
163,655,686,0,2,16,15,31
88,665,686,0,2,6,15,21
365,619,688,16,2,14,55,69
471,614,688,14,2,33,41,74
92,602,688,16,2,32,54,86
428,631,688,14,2,17,40,57
207,595,688,7,0,25,68,93
405,684,694,0,2,2,8,10
308,677,694,0,2,5,12,17
87,685,694,0,2,1,8,9
322,681,694,0,2,1,12,13
255,681,694,0,2,3,10,13
320,683,694,0,2,2,9,11
112,679,694,0,2,4,11,15
312,598,694,16,0,35,61,96
404,684,694,0,2,1,9,10
68,691,701,0,2,3,7,10
252,696,701,0,2,1,4,5
290,692,701,0,2,3,6,9
249,693,701,0,2,1,7,8
294,685,705,0,2,3,17,20
341,690,705,0,2,1,14,15
52,705,709,2,3,1,3,4
62,702,709,0,2,2,5,7
458,698,709,0,2,5,6,11
117,702,709,0,2,1,6,7
49,705,709,0,2,1,3,4
333,702,709,0,2,3,4,7
327,632,711,2,3,62,17,79
332,676,716,2,4,18,22,40
459,697,716,2,4,1,18,19
120,664,718,2,10,22,32,54
426,597,722,19,2,21,104,125
408,574,722,17,2,65,83,148
446,569,722,19,2,48,105,153
463,711,725,0,2,6,8,14
42,713,725,0,2,4,8,12
414,714,725,0,2,4,8,12
161,711,725,0,2,7,7,14
415,708,726,2,6,1,17,18
70,674,726,2,6,21,31,52
205,719,727,2,1,3,5,8
128,725,731,0,2,1,5,6
247,713,731,0,2,6,12,18
50,727,731,0,2,1,3,4
451,726,731,0,2,1,4,5
423,723,731,0,2,1,7,8
291,593,734,18,0,40,101,141
173,662,738,1,7,26,50,76
286,723,738,2,8,2,13,15
144,730,740,2,7,1,9,10
28,735,745,0,2,1,9,10
108,740,745,0,2,2,3,5
137,739,745,0,2,1,5,6
479,728,745,0,2,6,11,17
439,739,745,0,2,2,4,6
178,700,751,16,2,31,20,51
32,741,754,2,7,4,9,13
409,733,756,2,17,1,22,23
444,745,765,0,2,11,9,20
370,749,767,0,2,7,11,18
494,757,767,0,2,1,9,10
149,752,767,0,2,5,10,15
302,754,767,0,2,2,11,13
130,763,767,0,2,1,3,4
355,762,767,0,2,1,4,5
261,758,767,0,2,2,8,10
485,760,767,0,2,1,6,7
105,761,767,0,2,1,5,6
11,744,767,0,2,12,11,23
283,771,781,2,8,1,9,10
310,767,783,0,2,4,12,16
441,771,783,0,2,3,10,13
37,768,783,0,2,4,11,15
419,769,783,0,2,2,12,14
157,777,784,0,2,1,6,7
349,775,784,2,8,1,8,9
195,791,796,2,4,1,4,5
249,750,799,2,13,15,34,49
429,796,801,0,2,1,4,5
360,793,801,0,2,1,7,8
316,794,801,0,2,2,5,7
297,793,801,0,2,2,6,8
220,784,801,0,2,5,12,17
202,797,801,0,2,1,3,4
109,790,801,0,2,1,10,11
435,793,801,0,2,2,7,9
488,787,802,7,2,4,11,15
187,771,804,2,19,1,32,33
273,783,805,2,14,1,21,22
113,783,813,2,18,1,29,30
61,809,816,0,2,1,6,7
363,808,816,0,2,3,5,8
211,807,816,0,2,3,6,9
86,798,816,0,2,12,6,18
72,795,821,2,1,8,18,26
138,797,821,2,1,5,19,24
476,777,821,2,1,25,19,44
47,798,821,2,1,6,17,23
301,809,830,2,0,1,20,21
140,820,830,0,2,5,5,10
293,817,830,0,2,7,6,13
500,823,830,0,2,1,6,7
96,822,830,0,2,4,4,8
368,821,830,0,2,3,6,9
239,806,832,0,2,3,23,26
245,804,832,0,2,6,22,28
475,813,832,0,2,1,18,19
396,816,832,0,2,1,15,16
21,816,832,0,2,2,14,16
131,803,832,0,2,6,23,29
78,797,832,0,2,12,23,35
150,807,832,0,2,2,23,25
323,807,838,2,15,9,22,31
394,835,840,0,2,1,4,5
244,836,840,0,2,1,3,4
445,832,840,0,2,1,7,8
228,830,840,0,2,1,9,10
495,825,842,1,4,1,16,17
29,815,849,1,6,5,29,34
186,840,849,0,2,1,8,9
449,844,849,0,2,1,4,5
376,843,849,0,2,1,5,6
305,839,849,0,2,1,9,10
167,837,849,0,2,1,11,12
432,807,850,2,19,10,33,43
300,825,853,2,1,15,13,28
364,848,853,2,1,1,4,5
128,831,854,2,15,1,22,23
455,840,861,2,15,1,20,21
406,855,873,2,6,8,10,18
214,879,887,2,8,1,7,8
359,862,888,0,2,5,21,26
410,863,888,0,2,3,22,25
31,868,888,0,2,1,19,20
238,856,888,0,2,10,22,32
79,867,888,0,2,1,20,21
164,875,890,2,1,3,12,15
431,864,890,2,1,14,12,26
280,874,890,2,1,5,11,16
205,858,894,1,11,22,14,36
186,876,896,2,10,1,19,20
340,875,902,1,3,1,26,27
480,877,904,2,11,1,26,27
63,891,905,0,2,3,11,14
101,890,905,0,2,4,11,15
270,880,905,0,2,14,11,25
427,889,905,0,2,5,11,16
183,896,905,0,2,3,7,10
336,886,905,0,2,8,11,19
311,889,905,0,2,6,10,16
334,890,905,0,2,7,8,15
196,885,905,0,2,10,10,20
25,887,905,0,2,9,9,18
331,895,905,0,2,1,9,10
348,900,905,0,2,1,4,5
400,902,912,2,4,3,7,10
316,893,917,2,7,1,23,24
45,869,919,2,13,3,47,50
258,907,919,0,2,1,11,12
378,903,919,0,2,1,15,16
393,908,919,0,2,1,10,11
380,884,924,2,8,4,36,40
88,887,930,2,16,1,42,43
235,923,933,0,2,1,9,10
237,922,933,0,2,4,7,11
189,923,933,0,2,2,8,10
75,921,933,0,2,3,9,12
125,928,933,0,2,1,4,5
416,920,933,0,2,5,8,13
93,909,933,0,2,15,9,24
12,928,933,0,2,2,3,5
335,923,933,0,2,1,9,10
450,920,940,2,10,1,19,20
30,918,941,2,6,6,17,23
476,904,942,1,5,18,20,38
65,940,952,0,2,4,8,12
351,935,952,0,2,9,8,17
469,930,952,0,2,14,8,22
493,936,952,0,2,9,7,16
84,949,955,0,2,1,5,6
153,941,955,0,2,3,11,14
233,935,955,0,2,9,11,20
491,944,955,0,2,1,10,11
260,949,955,0,2,3,4,7
180,931,956,2,9,1,24,25
19,961,965,0,2,1,3,4
422,929,970,2,18,1,40,41
300,957,974,1,0,7,10,17
104,973,980,0,2,1,6,7
483,976,980,0,2,1,3,4
199,945,982,2,1,16,21,37
98,938,982,2,1,22,22,44
303,955,982,2,1,5,22,27
59,969,983,0,2,4,10,14
234,967,983,0,2,6,10,16
240,977,983,0,2,1,5,6
259,986,994,2,7,1,7,8
33,991,1001,2,1,4,6,10
352,997,1001,2,1,1,3,4
457,983,1003,0,2,7,13,20
442,991,1003,0,2,1,11,12
269,987,1007,0,2,3,17,20
139,993,1007,0,2,1,13,14
392,1003,1018,0,2,3,12,15
213,999,1018,0,2,7,12,19
203,1003,1018,0,2,5,10,15
265,999,1018,0,2,8,11,19
145,1003,1018,0,2,3,12,15
496,1004,1018,0,2,3,11,14
43,987,1020,1,13,13,20,33
461,1009,1021,0,2,1,11,12
174,1014,1021,0,2,1,6,7
347,1017,1021,0,2,1,3,4
89,1012,1025,2,1,2,11,13
266,1015,1025,2,1,1,9,10
17,1021,1025,2,1,1,3,4
307,1001,1025,2,1,12,12,24
262,996,1034,2,7,7,31,38
239,1022,1041,2,14,1,18,19
258,1034,1042,2,7,1,7,8
160,1023,1050,0,2,12,15,27
146,1042,1050,0,2,1,7,8
460,1039,1050,0,2,1,10,11
453,1024,1050,0,2,13,13,26
272,1027,1050,0,2,8,15,23
147,1040,1050,0,2,1,9,10
456,1021,1050,0,2,14,15,29
207,1022,1050,0,2,14,14,28
16,1027,1050,0,2,9,14,23
295,1028,1050,0,2,7,15,22
28,1013,1055,2,10,5,37,42
223,1038,1055,2,3,12,5,17
317,1045,1058,0,2,1,12,13
474,1056,1066,0,2,4,6,10
473,1050,1066,0,2,9,7,16
66,1047,1066,0,2,11,8,19
463,1008,1066,2,11,11,47,58
26,1059,1066,0,2,2,5,7
122,1050,1066,0,2,8,8,16
433,1061,1066,0,2,1,4,5
462,1021,1068,1,11,24,23,47
166,1063,1071,2,1,1,7,8
221,1054,1071,2,1,9,8,17
188,1049,1071,2,1,13,9,22
294,1004,1074,2,15,14,56,70
454,1069,1074,2,4,1,4,5
276,1067,1075,0,2,2,6,8
11,1039,1075,2,12,11,25,36
231,1063,1075,0,2,4,8,12
171,1071,1075,0,2,1,3,4
208,1063,1075,0,2,5,7,12
347,1035,1081,2,16,1,45,46
67,1074,1083,0,2,1,8,9
353,1075,1083,0,2,1,7,8
395,1079,1083,0,2,1,3,4
44,1069,1087,2,1,10,8,18
497,1073,1087,2,1,7,7,14
62,1086,1095,2,4,3,6,9
468,1086,1099,2,5,4,9,13
482,1084,1103,2,8,5,14,19
275,1092,1104,2,6,1,11,12
274,1093,1107,0,2,6,8,14
71,1094,1107,0,2,7,6,13
39,1094,1107,0,2,5,8,13
291,1101,1107,0,2,2,4,6
343,1100,1107,0,2,2,5,7
152,1091,1107,0,2,9,7,16
133,1088,1107,0,2,11,8,19
390,1090,1109,2,16,1,18,19
0,1116,1125,0,2,1,8,9
177,1112,1125,0,2,3,10,13
148,1101,1125,2,18,1,23,24
253,1120,1125,0,2,1,4,5
162,1107,1125,0,2,6,12,18
344,1112,1125,0,2,1,12,13
315,1114,1125,0,2,1,10,11
236,1107,1125,0,2,7,11,18
278,1113,1125,0,2,3,9,12
430,1109,1125,0,2,4,12,16
377,1112,1125,0,2,2,11,13
384,1108,1129,2,17,1,20,21
374,1125,1139,2,6,1,13,14
107,1125,1140,0,2,1,14,15
325,1129,1144,2,1,5,10,15
272,1127,1145,2,7,1,17,18
285,1124,1153,2,8,1,28,29
97,1158,1162,2,1,1,3,4
424,1154,1162,2,1,1,7,8
78,1144,1162,2,1,10,8,18
497,1124,1165,1,11,21,20,41
1,1141,1168,0,2,11,16,27
229,1136,1168,0,2,15,17,32
382,1143,1168,0,2,7,18,25
366,1158,1168,0,2,1,9,10
484,1136,1168,0,2,14,18,32
292,1152,1168,0,2,1,15,16
8,1131,1168,0,2,19,18,37
288,1143,1168,0,2,8,17,25
431,1147,1178,1,3,5,26,31
277,1173,1179,2,1,1,5,6
151,1154,1180,2,3,1,25,26
494,1160,1181,2,1,9,12,21
244,1171,1187,2,8,1,15,16
312,1179,1187,0,2,2,6,8
256,1177,1188,0,2,4,7,11
201,1179,1188,0,2,1,8,9
74,1161,1188,0,2,18,9,27
143,1177,1188,0,2,2,9,11
232,1176,1188,0,2,3,9,12
111,1174,1188,0,2,6,8,14
56,1163,1190,2,4,1,26,27
419,1153,1195,2,5,1,41,42
146,1136,1201,2,11,36,29,65
407,1163,1204,2,6,2,39,41
220,1194,1206,2,4,1,11,12
403,1180,1207,2,1,10,17,27
397,1164,1208,2,13,10,34,44
10,1174,1208,2,13,1,33,34
39,1140,1215,2,7,1,74,75
465,1196,1216,0,2,3,17,20
115,1194,1216,0,2,5,17,22
358,1169,1216,2,17,4,43,47
487,1199,1216,0,2,2,15,17
328,1199,1216,0,2,1,16,17
204,1195,1216,0,2,5,16,21
189,1137,1224,2,19,36,51,87
445,1168,1224,2,19,4,52,56
154,1148,1224,2,19,24,52,76
424,1196,1230,1,4,16,18,34
472,1207,1237,2,10,1,29,30
65,1211,1237,2,10,1,25,26
412,1209,1237,2,10,1,27,28
451,1179,1237,2,10,8,50,58
322,1213,1238,2,6,5,20,25
398,1218,1239,2,1,3,18,21
127,1215,1239,2,1,5,19,24
118,1196,1243,2,12,2,45,47
100,1219,1246,0,2,14,13,27
194,1230,1246,0,2,2,14,16
219,1215,1246,2,7,4,27,31
350,1215,1246,0,2,17,14,31
163,1193,1252,2,13,1,58,59
24,1222,1257,2,9,1,34,35
313,1213,1259,2,16,1,45,46
130,1257,1263,2,6,1,5,6
250,1244,1267,0,2,8,15,23
443,1252,1268,0,2,1,15,16
41,1238,1268,0,2,14,16,30
4,1196,1269,2,17,1,72,73
199,1228,1271,1,7,12,31,43
364,1235,1271,1,7,6,30,36
212,1226,1273,2,16,1,46,47
303,1246,1275,1,5,11,18,29
237,1255,1275,2,13,1,19,20
354,1258,1275,2,5,9,8,17
277,1242,1276,1,8,1,33,34
449,1228,1276,2,8,18,30,48
31,1190,1276,2,18,1,85,86
404,1180,1276,2,18,8,88,96
236,1260,1282,2,8,8,14,22
429,1235,1283,2,14,1,47,48
385,1283,1296,2,1,6,7,13
68,1260,1297,2,18,1,36,37
478,1277,1302,2,1,11,14,25
15,1269,1302,2,1,20,13,33
373,1299,1302,2,1,1,2,3
7,1273,1302,2,1,15,15,30
82,1250,1302,2,1,38,14,52
310,1277,1302,2,1,10,15,25
136,1290,1302,2,1,1,11,12
370,1265,1312,2,0,22,25,47
298,1246,1312,2,0,41,25,66
289,1268,1313,1,4,33,12,45
355,1300,1315,2,3,1,14,15
339,1272,1315,2,3,27,16,43
334,1288,1324,2,6,12,24,36
192,1317,1325,0,2,1,7,8
91,1314,1325,0,2,1,10,11
89,1287,1328,1,16,21,20,41
324,1289,1328,0,2,9,30,39
114,1312,1328,0,2,1,15,16
184,1263,1328,0,2,36,29,65
241,1304,1328,0,2,1,23,24
185,1257,1328,0,2,41,30,71
499,1279,1328,0,2,19,30,49
362,1266,1328,0,2,32,30,62
170,1282,1328,0,2,17,29,46
389,1266,1328,0,2,34,28,62
85,1301,1334,2,11,2,31,33
306,1331,1339,2,3,1,7,8
268,1327,1343,2,1,2,14,16
271,1326,1343,2,1,1,16,17
281,1313,1343,2,1,15,15,30
346,1308,1343,2,1,19,16,35
55,1339,1343,2,1,1,3,4
42,1292,1345,2,13,7,46,53
106,1287,1345,2,13,12,46,58
138,1321,1346,1,4,1,24,25
61,1336,1346,2,4,1,9,10
481,1326,1350,0,2,8,16,24
267,1335,1350,0,2,1,14,15
356,1325,1350,0,2,8,17,25
72,1329,1353,1,0,7,17,24
360,1306,1354,2,14,1,47,48
117,1329,1358,2,8,1,28,29
168,1352,1359,0,2,1,6,7
493,1294,1362,2,15,8,60,68
245,1347,1369,2,3,3,19,22
383,1340,1369,2,3,10,19,29
177,1273,1373,2,16,27,73,100
93,1297,1373,2,16,2,74,76
474,1316,1374,2,13,12,46,58
105,1334,1374,2,13,1,39,40
498,1283,1379,2,17,16,80,96
252,1343,1379,2,11,18,18,36
251,1304,1379,2,17,1,74,75
418,1375,1381,0,2,1,5,6
20,1364,1381,0,2,5,12,17
2,1367,1381,0,2,3,11,14
41,1348,1381,2,5,3,30,33
386,1379,1386,2,1,1,6,7
95,1360,1386,2,1,3,23,26
428,1362,1386,2,1,3,21,24
488,1383,1386,2,1,1,2,3
5,1357,1386,2,1,8,22,30
308,1354,1386,2,1,9,23,32
147,1312,1386,2,18,1,73,74
478,1336,1390,1,12,12,42,54
167,1355,1390,2,12,7,28,35
243,1363,1395,2,8,1,31,32
319,1287,1395,2,19,14,94,108
13,1389,1401,2,12,1,11,12
82,1346,1403,1,14,3,54,57
382,1389,1404,2,3,7,8,15
330,1382,1411,2,4,12,17,29
218,1368,1411,2,4,26,17,43
87,1344,1416,2,16,16,56,72
247,1380,1416,2,18,1,35,36
90,1390,1416,2,18,1,25,26
333,1378,1417,2,6,17,22,39
385,1349,1427,1,17,1,77,78
378,1393,1427,2,10,1,33,34
92,1400,1428,2,1,23,5,28
14,1412,1428,2,1,12,4,16
302,1415,1428,2,1,8,5,13
98,1417,1433,1,0,11,5,16
134,1342,1433,2,19,18,73,91
399,1426,1437,0,2,1,10,11
9,1420,1437,0,2,5,12,17
405,1394,1443,2,18,1,48,49
53,1436,1444,2,3,2,6,8
123,1434,1447,0,2,1,12,13
436,1401,1450,0,2,11,38,49
264,1406,1450,0,2,5,39,44
420,1386,1450,0,2,25,39,64
165,1413,1450,0,2,1,36,37
392,1413,1453,2,4,25,15,40
297,1420,1459,2,5,20,19,39
141,1429,1459,2,5,8,22,30
221,1421,1460,1,4,1,38,39
97,1439,1466,1,0,7,20,27
171,1451,1467,2,6,1,15,16
101,1434,1469,2,6,3,32,35
178,1456,1472,2,1,3,13,16
408,1446,1472,2,1,14,12,26
60,1450,1472,2,1,8,14,22
371,1428,1472,2,1,30,14,44
446,1433,1472,2,1,26,13,39
35,1443,1472,2,1,15,14,29
73,1462,1477,2,0,1,14,15
325,1462,1480,1,3,4,14,18
475,1418,1482,2,8,19,45,64
121,1458,1486,0,2,9,19,28
345,1448,1486,0,2,18,20,38
368,1412,1487,2,9,25,50,75
381,1484,1492,2,1,2,6,8
473,1403,1493,2,10,34,56,90
253,1411,1498,2,11,28,59,87
337,1478,1498,2,1,8,12,20
86,1406,1498,2,11,32,60,92
64,1493,1502,2,10,1,8,9
256,1423,1504,2,12,14,67,81
314,1429,1504,2,12,10,65,75
44,1479,1509,1,13,1,29,30
268,1379,1514,1,11,80,55,135
396,1427,1518,2,15,11,80,91
76,1486,1520,0,2,11,23,34
263,1483,1520,0,2,13,24,37
361,1479,1523,2,14,1,43,44
357,1408,1526,2,17,29,89,118
403,1435,1530,1,15,24,71,95
126,1460,1530,2,15,12,58,70
341,1494,1532,2,3,26,12,38
115,1516,1534,2,5,4,14,18
402,1526,1535,2,1,1,8,9
116,1513,1535,2,1,7,15,22
19,1439,1537,2,18,2,96,98
142,1512,1538,2,5,8,18,26
440,1525,1541,2,0,1,15,16
164,1461,1544,1,18,1,82,83
373,1504,1544,1,6,5,35,40
91,1456,1544,2,18,15,73,88
20,1466,1544,2,18,5,73,78
356,1488,1544,2,18,1,55,56
346,1498,1545,1,7,10,37,47
197,1519,1548,0,2,18,11,29
188,1404,1550,1,19,56,90,146
235,1525,1554,2,8,1,28,29
7,1547,1556,1,2,4,5,9
22,1542,1556,0,2,1,13,14
350,1508,1556,2,8,12,36,48
437,1514,1564,2,13,6,44,50
241,1554,1567,2,4,4,9,13
433,1512,1572,2,14,9,51,60
104,1544,1573,2,6,12,17,29
444,1559,1574,2,15,1,14,15
175,1522,1579,2,16,1,56,57
367,1538,1580,2,7,19,23,42
182,1546,1583,2,1,19,18,37
257,1540,1583,2,1,24,19,43
198,1550,1583,2,1,14,19,33
0,1552,1583,2,19,1,30,31
135,1550,1583,2,19,1,32,33
443,1534,1588,2,8,22,32,54
166,1572,1596,1,0,11,13,24
401,1576,1600,2,4,3,21,24
398,1556,1610,1,13,22,32,54
266,1562,1610,1,13,17,31,48
194,1592,1610,2,13,1,17,18
59,1568,1611,2,5,11,32,43
353,1580,1611,2,5,1,30,31
181,1567,1613,0,2,29,17,46
159,1549,1613,0,2,47,17,64
77,1583,1613,0,2,15,15,30
417,1564,1613,0,2,33,16,49
207,1594,1617,2,7,1,22,23
213,1598,1621,2,16,1,22,23
500,1572,1621,2,16,14,35,49
143,1583,1625,2,8,1,41,42
284,1596,1625,2,8,1,28,29
321,1615,1627,2,1,1,11,12
172,1587,1627,2,1,25,15,40
387,1606,1627,2,1,6,15,21
381,1584,1627,1,3,17,26,43
326,1600,1627,2,1,13,14,27
324,1617,1627,2,3,1,9,10
291,1562,1628,2,18,23,43,66
156,1594,1635,2,19,1,40,41
201,1605,1637,2,5,9,23,32
461,1625,1642,2,4,4,13,17
33,1595,1645,1,7,7,43,50
359,1616,1651,2,9,1,34,35
318,1643,1652,0,2,2,7,9
226,1646,1652,0,2,1,5,6
227,1648,1652,0,2,1,3,4
27,1636,1654,2,7,1,17,18
320,1603,1660,2,11,10,47,57
12,1631,1664,2,12,1,32,33
388,1649,1668,0,2,6,13,19
63,1646,1671,2,4,6,19,25
399,1644,1680,2,17,10,26,36
202,1669,1680,2,3,1,10,11
124,1660,1682,2,5,2,20,22
209,1660,1692,2,9,1,31,32
99,1678,1694,2,3,4,12,16
317,1686,1694,2,3,1,7,8
222,1651,1697,2,1,39,7,46
224,1647,1697,2,1,42,8,50
490,1668,1697,2,1,21,8,29
477,1671,1697,2,1,19,7,26
83,1653,1697,2,1,36,8,44
299,1676,1697,2,1,13,8,21
458,1683,1703,2,4,1,19,20
184,1663,1705,2,0,28,14,42
260,1679,1705,2,0,13,13,26
103,1700,1706,2,1,1,5,6
257,1654,1708,1,12,21,33,54
238,1692,1708,2,12,1,15,16
261,1707,1711,2,0,1,3,4
160,1682,1715,2,5,1,32,33
229,1683,1720,2,6,1,36,37
107,1695,1720,2,14,1,24,25
467,1706,1721,0,2,1,14,15
447,1702,1721,0,2,3,16,19
21,1693,1729,2,18,1,35,36
410,1687,1736,2,12,1,48,49
438,1696,1736,2,5,20,20,40
242,1731,1739,2,1,1,7,8
210,1720,1739,2,1,2,17,19
95,1700,1740,1,4,11,29,40
264,1683,1745,2,13,2,60,62
441,1713,1747,2,0,8,26,34
234,1716,1748,2,8,1,31,32
231,1736,1752,2,8,1,15,16
15,1668,1756,1,19,8,80,88
483,1691,1756,2,19,1,64,65
36,1726,1757,2,13,1,30,31
96,1749,1760,2,4,1,10,11
137,1717,1765,2,14,1,47,48
376,1739,1770,2,6,11,20,31
372,1717,1776,2,19,2,57,59
100,1760,1780,2,3,13,7,20
311,1746,1787,2,12,17,24,41
49,1771,1787,2,12,1,15,16
71,1785,1793,2,6,1,7,8
448,1759,1794,2,8,13,22,35
428,1764,1798,1,14,16,18,34
9,1776,1799,2,13,1,22,23
34,1770,1801,2,9,2,29,31
168,1781,1804,2,12,1,22,23
127,1731,1806,1,15,21,54,75
271,1783,1808,1,17,1,24,25
488,1763,1808,1,7,23,22,45
92,1700,1811,1,16,52,59,111
281,1795,1815,1,3,6,14,20
35,1791,1818,1,9,1,26,27
446,1766,1819,1,19,15,38,53
408,1747,1822,1,17,7,68,75
418,1740,1822,2,17,22,60,82
304,1790,1824,2,1,23,11,34
329,1795,1824,2,1,20,9,29
254,1774,1824,2,1,39,11,50
129,1806,1824,2,1,8,10,18
57,1796,1824,2,1,17,11,28
457,1782,1824,2,1,32,10,42
111,1759,1827,2,18,3,65,68
240,1806,1831,2,8,4,21,25
371,1722,1834,1,19,31,81,112
22,1803,1838,2,9,8,27,35
248,1798,1845,0,2,31,16,47
94,1780,1845,0,2,48,17,65
471,1825,1847,2,1,12,10,22
328,1792,1849,2,13,18,39,57
477,1826,1854,1,5,14,14,28
183,1832,1854,2,0,6,16,22
486,1848,1859,2,4,1,10,11
26,1809,1865,2,19,3,53,56
295,1843,1865,2,14,2,20,22
447,1849,1866,2,7,1,16,17
491,1825,1869,2,8,10,34,44
288,1824,1869,2,8,10,35,45
481,1857,1872,2,7,6,9,15
1,1822,1877,2,19,22,33,55
274,1848,1877,2,14,1,28,29
227,1837,1877,2,19,7,33,40
465,1832,1888,2,17,13,43,56
402,1818,1894,1,19,21,55,76
279,1892,1896,2,1,1,3,4
18,1845,1896,2,1,42,9,51
48,1872,1896,2,1,16,8,24
363,1882,1904,2,3,10,12,22
362,1895,1904,2,3,1,8,9
321,1895,1907,1,6,1,11,12
329,1856,1914,1,4,25,33,58
254,1885,1921,1,12,8,28,36
114,1886,1922,2,5,6,30,36
102,1913,1925,2,1,1,11,12
452,1914,1925,2,1,1,10,11
336,1894,1925,2,1,13,18,31
67,1882,1929,2,7,11,36,47
312,1865,1931,2,16,1,65,66
83,1871,1933,1,14,21,41,62
191,1924,1933,2,10,1,8,9
51,1929,1935,2,1,1,5,6
155,1922,1935,2,1,1,12,13
74,1920,1940,2,11,1,19,20
112,1854,1942,2,18,7,81,88
14,1888,1943,1,19,4,51,55
425,1927,1945,2,5,9,9,18
153,1918,1950,2,6,17,15,32
139,1923,1953,2,14,1,29,30
210,1935,1957,1,9,8,14,22
116,1919,1962,1,8,24,19,43
487,1913,1962,2,7,21,28,49
190,1941,1971,2,10,11,19,30
232,1924,1974,2,9,10,40,50
198,1923,1981,1,12,19,39,58
5,1967,1981,1,2,5,9,14
110,1946,1986,2,1,20,20,40
369,1941,1986,2,1,24,21,45
119,1958,1986,2,1,9,19,28
485,1979,1990,2,4,2,9,11
193,1944,1992,2,13,9,39,48
436,1955,1994,2,0,10,29,39
51,1976,1997,1,3,1,20,21
58,1986,1998,2,5,1,11,12
54,1984,1999,2,1,4,11,15
242,1915,2004,1,18,27,62,89
159,1996,2004,2,1,1,7,8
172,1977,2005,1,6,1,27,28
182,1957,2016,1,10,19,40,59
122,1972,2016,2,10,17,27,44
224,1994,2018,1,3,17,7,24
338,2007,2022,2,1,9,6,15
216,2010,2022,2,1,5,7,12
206,1984,2028,2,11,5,39,44
421,2014,2030,2,1,3,13,16
435,2005,2032,2,0,10,17,27
50,1999,2033,2,3,26,8,34
179,1984,2038,2,12,6,48,54
181,2013,2041,2,10,1,27,28
386,1955,2045,1,15,20,70,90
119,2017,2045,1,4,18,10,28
305,1996,2046,2,6,28,22,50
343,1991,2051,2,16,1,59,60
60,2026,2052,1,6,9,17,26
292,2011,2053,2,15,1,41,42
267,2045,2063,2,6,5,13,18
170,2052,2063,2,6,1,10,11
123,2055,2066,2,10,1,10,11
16,1995,2066,2,19,12,59,71
178,2024,2071,1,16,12,35,47
366,2042,2072,2,7,7,23,30
81,2053,2076,2,1,8,15,23
466,2051,2080,2,14,1,28,29
208,2044,2089,2,15,2,43,45
57,2065,2091,1,4,19,7,26
326,2088,2096,1,3,1,7,8
417,2048,2102,2,17,1,53,54
125,2072,2104,2,5,12,20,32
102,2089,2108,1,8,1,18,19
248,2053,2108,2,18,1,54,55
309,2092,2109,2,1,12,5,17
217,2085,2109,2,1,18,6,24
75,2096,2111,2,11,1,14,15
456,2096,2116,2,15,1,19,20
395,2081,2116,2,15,11,24,35
250,2093,2117,2,13,1,23,24
94,2103,2121,2,4,10,8,18
496,2089,2127,2,14,3,35,38
460,2120,2130,2,4,3,7,10
442,2108,2130,2,8,5,17,22
375,2130,2136,2,6,1,5,6
211,2075,2136,2,15,17,44,61
76,2111,2145,2,11,13,21,34
77,2106,2145,2,11,17,22,39
140,2114,2153,2,14,8,31,39
149,2133,2154,2,18,1,20,21
38,2116,2161,2,1,30,15,45
379,2140,2161,2,1,6,15,21
109,2117,2161,2,1,30,14,44
270,2104,2164,2,17,18,42,60
226,2167,2171,2,3,1,3,4
377,2108,2172,2,19,14,50,64
203,2173,2185,2,6,1,11,12
416,2158,2185,2,6,5,22,27
121,2145,2189,2,10,1,43,44
471,2112,2190,1,14,44,34,78
145,2146,2192,2,7,16,30,46
411,2155,2202,2,12,1,46,47
393,2186,2203,2,4,6,11,17
420,2195,2210,2,5,1,14,15
84,2171,2213,2,14,1,41,42
197,2213,2221,2,6,1,7,8
276,2212,2221,2,6,1,8,9
345,2144,2226,2,16,1,81,82
479,2223,2230,2,4,1,6,7
158,2195,2233,2,1,27,11,38
263,2229,2236,2,7,1,6,7
222,2192,2237,1,6,20,25,45
37,2156,2238,2,19,1,81,82
2,2162,2238,2,19,1,75,76
335,2193,2238,2,17,16,29,45
389,2217,2245,2,9,6,22,28
216,2223,2246,1,12,5,18,23
225,2235,2251,2,3,5,11,16
387,2218,2257,1,15,1,38,39
129,2208,2257,1,15,5,44,49
217,2228,2267,1,4,32,7,39
299,2237,2267,1,0,11,19,30
426,2243,2277,2,1,19,15,34
293,2250,2293,2,15,25,18,43
331,2259,2295,2,4,1,35,36
490,2267,2302,1,10,13,22,35
152,2261,2304,2,6,1,42,43
228,2252,2304,2,6,5,47,52
150,2253,2304,2,6,5,46,51
467,2294,2309,2,5,2,13,15
348,2282,2314,2,15,3,29,32
25,2298,2324,2,19,1,25,26
365,2297,2327,2,1,10,20,30
489,2302,2327,2,1,6,19,25
79,2322,2327,2,1,1,4,5
469,2320,2332,2,5,4,8,12
453,2331,2338,2,3,1,6,7
304,2316,2341,1,6,1,24,25
81,2297,2350,1,14,17,36,53
427,2331,2350,2,14,1,18,19
421,2321,2360,1,18,1,38,39
174,2353,2370,2,7,2,15,17
318,2307,2371,2,19,19,45,64
255,2341,2376,2,12,11,24,35
426,2359,2381,1,19,1,21,22
110,2337,2386,1,18,4,45,49
388,2373,2390,2,9,4,13,17
133,2360,2395,2,19,1,34,35
351,2376,2400,2,1,10,14,24
131,2383,2405,2,6,11,11,22
69,2378,2416,2,14,15,23,38
452,2387,2417,1,3,22,8,30
430,2414,2427,2,3,3,10,13
499,2414,2431,2,17,1,16,17
196,2417,2434,2,6,1,16,17
379,2408,2445,1,8,1,36,37
315,2451,2473,2,12,2,20,22
233,2472,2487,2,8,4,11,15
108,2478,2501,2,14,1,22,23
204,2503,2518,2,1,4,11,15
423,2500,2520,2,17,1,19,20
414,2513,2528,2,0,1,14,15
369,2534,2558,1,0,7,17,24
394,2556,2572,2,1,7,9,16
338,2532,2575,1,4,18,25,43
439,2540,2582,2,5,19,23,42
489,2563,2587,1,17,1,23,24
269,2572,2590,2,11,1,17,18
157,2579,2595,2,5,4,12,16
265,2542,2598,2,13,16,40,56
278,2653,2670,2,8,4,13,17
185,2673,2697,2,10,8,16,24
365,2735,2764,1,16,5,24,29
38,2736,2777,1,18,5,36,41
344,2791,2816,2,16,4,21,25
484,2931,2956,2,19,4,21,25
