0,7,0,0
2,16,0,0
0,17,2,1
1,25,8,0
3,26,8,0
2,27,2,1
0,28,8,0
1,32,6,2
3,33,7,0
4,34,16,0
2,35,3,0
5,35,16,0
1,38,6,3
0,39,7,1
1,44,5,3
4,44,15,2
0,45,6,1
3,45,2,2
2,46,3,2
5,47,17,0
4,50,14,3
3,51,1,1
2,52,2,2
1,53,5,4
0,55,3,1
3,58,1,3
5,58,16,2
1,61,3,4
2,62,1,1
4,62,13,5
3,64,0,3
5,65,15,4
0,67,1,2
4,68,12,6
1,69,1,4
2,69,0,1
3,70,2,2
5,70,14,7
4,74,10,10
0,77,0,2
5,78,13,7
1,81,0,4
5,83,12,8
2,85,9,0
3,85,9,0
3,91,7,1
5,92,11,8
2,94,8,2
4,94,2,13
0,95,9,0
2,100,8,5
3,100,7,3
5,103,10,9
1,104,18,0
4,105,2,12
2,106,7,5
3,108,6,3
0,109,15,0
1,110,16,2
3,114,6,5
4,114,0,12
0,115,13,3
2,115,6,5
1,119,15,3
3,121,5,5
4,121,2,3
5,121,2,10
2,122,5,5
1,125,13,5
0,126,13,4
3,128,5,7
2,131,5,6
3,133,4,7
5,133,0,9
1,135,11,5
0,138,12,4
2,138,4,6
3,141,4,10
5,143,2,2
1,145,11,7
0,146,12,6
2,146,3,6
3,151,3,10
0,153,11,6
4,153,19,0
1,154,10,7
2,157,3,9
1,159,10,8
3,162,2,10
5,162,1,0
0,163,10,6
2,163,2,10
4,164,16,4
5,166,1,2
0,170,9,6
1,170,9,8
2,172,1,9
5,172,0,2
3,173,0,9
4,175,15,5
1,178,7,9
2,180,0,9
3,180,2,2
0,181,9,7
5,181,2,4
2,187,2,2
1,189,7,14
3,191,4,0
0,193,8,7
4,196,2,7
2,197,3,0
1,200,5,14
3,201,3,3
0,203,7,8
4,204,2,7
2,207,3,3
1,208,5,17
5,208,17,0
0,209,5,9
3,213,0,3
4,213,0,7
2,214,0,3
0,215,4,10
1,217,4,17
5,218,16,3
3,219,2,1
0,220,3,11
2,220,2,1
1,222,3,17
4,222,2,1
3,228,6,0
5,228,15,4
1,231,2,17
0,232,2,11
1,236,2,14
3,236,5,2
5,237,14,6
2,239,9,0
3,242,5,4
4,242,10,0
0,243,0,11
5,244,13,7
1,246,0,14
0,249,0,4
2,250,8,3
5,253,11,8
3,256,1,4
0,257,2,5
2,257,7,6
3,261,1,5
4,262,1,2
5,264,10,10
3,267,0,5
4,267,0,2
2,269,0,8
1,272,19,0
3,274,2,1
1,280,18,3
2,280,1,1
5,283,2,12
0,284,17,0
1,287,17,7
2,287,2,3
3,288,8,0
4,288,17,0
0,290,17,4
5,295,0,10
1,297,16,7
4,297,19,0
3,299,7,5
0,300,16,4
2,300,5,0
1,302,16,11
5,303,2,3
0,306,15,4
2,307,5,4
3,309,6,8
0,310,15,7
1,310,15,11
2,312,4,4
4,312,13,1
0,316,14,7
4,316,13,3
1,318,14,11
2,318,4,6
3,319,5,13
5,324,10,0
0,326,14,11
4,328,12,4
3,329,4,14
1,330,13,11
2,330,3,6
0,335,13,11
1,335,13,12
3,335,2,14
2,336,3,8
5,337,10,4
4,338,12,8
3,341,2,15
2,343,2,8
0,345,12,12
1,346,12,12
4,346,12,10
2,348,1,6
3,352,1,15
0,355,11,12
1,355,10,12
5,355,2,5
2,357,1,9
4,357,11,10
5,359,2,5
3,361,0,15
4,362,10,10
2,363,0,9
5,365,1,5
0,366,10,16
1,366,10,14
1,371,9,14
5,371,1,6
2,373,1,3
3,373,1,8
0,374,9,16
1,377,9,16
0,380,8,16
5,381,0,6
2,382,2,4
3,383,2,9
1,385,8,17
4,385,2,10
0,387,7,19
1,390,7,17
3,390,3,0
4,393,1,8
2,396,7,0
3,396,3,5
5,401,15,0
0,402,2,20
1,402,2,20
2,402,6,1
4,403,1,9
3,406,0,5
5,408,14,9
4,410,0,9
0,411,0,17
1,413,0,17
2,413,5,6
3,413,1,5
5,419,13,13
0,421,1,1
3,421,2,6
2,423,4,11
5,424,12,18
0,429,2,1
2,432,3,13
3,433,8,0
2,437,3,19
4,438,19,0
3,441,7,6
5,442,2,20
1,443,19,0
2,446,2,19
4,446,18,10
3,450,6,9
0,451,18,0
5,452,0,19
1,453,18,1
2,455,0,15
3,457,5,11
5,458,1,6
0,460,18,3
2,464,1,3
3,464,4,15
5,464,2,7
1,465,17,1
4,470,2,20
0,471,17,5
2,471,2,3
3,473,2,19
1,474,17,9
1,479,16,9
0,480,16,5
2,480,4,1
4,480,2,19
1,484,16,14
3,484,1,16
5,489,12,0
0,490,15,8
4,490,1,19
2,492,9,0
1,493,15,14
3,495,1,19
2,496,9,6
5,496,11,7
4,498,0,19
0,500,14,12
3,500,0,19
1,503,14,14
2,503,8,6
4,504,2,7
0,507,13,17
5,507,10,16
3,509,2,3
1,511,13,14
2,514,8,15
3,519,0,0
0,523,2,20
1,523,12,16
2,524,7,15
3,528,2,4
5,528,2,20
0,529,1,16
1,534,11,18
2,535,2,20
4,536,18,0
0,537,0,18
5,538,1,15
1,540,10,19
3,540,5,0
4,544,17,6
2,545,0,20
0,548,0,5
3,548,4,3
5,549,0,15
4,553,16,10
1,554,2,20
0,557,2,7
4,558,15,13
3,559,3,5
2,560,7,0
1,563,0,18
2,565,6,6
3,566,3,7
4,570,14,16
1,571,2,5
3,571,2,8
2,573,5,10
5,573,19,0
4,576,13,19
1,578,1,0
5,579,18,5
3,580,2,8
1,582,1,4
2,584,4,11
5,584,17,8
0,585,19,0
3,587,1,8
1,588,0,4
2,591,3,15
0,594,16,1
5,594,16,9
4,595,2,20
1,597,2,6
3,597,0,7
2,601,2,18
4,602,0,18
0,604,15,3
5,604,15,9
3,607,2,7
2,610,0,16
1,611,8,0
5,612,13,10
0,614,13,5
1,615,8,7
3,616,4,0
4,618,10,0
5,622,12,15
2,623,2,4
0,624,12,6
1,624,7,7
3,627,3,2
2,629,2,0
0,631,11,9
1,633,7,9
3,633,2,3
2,638,2,3
4,639,2,6
5,640,2,20
0,643,10,17
1,645,6,10
2,645,1,3
3,646,0,3
0,651,9,18
2,651,0,3
4,651,0,5
5,651,0,16
1,656,6,15
2,659,2,2
3,659,2,7
1,662,5,15
0,663,2,20
5,663,2,1
2,667,6,1
0,671,0,20
1,671,2,20
3,673,4,0
1,676,1,20
2,677,9,0
4,677,18,0
0,679,1,2
3,683,4,7
2,684,8,5
1,685,0,20
4,685,17,4
0,687,2,3
2,690,7,9
4,691,16,8
5,693,18,0
3,694,3,8
0,697,3,1
1,697,2,7
4,698,15,12
2,699,6,12
3,703,3,13
5,703,19,0
4,707,14,16
0,708,0,0
3,708,2,13
2,709,5,15
5,710,17,4
2,713,5,19
0,716,0,10
5,716,16,6
1,717,17,0
3,718,2,13
0,724,1,12
3,724,1,14
2,725,4,19
5,726,15,9
1,727,15,1
4,727,2,20
0,732,1,13
2,733,2,20
4,733,0,15
5,733,14,10
3,734,1,17
1,737,14,2
4,739,2,3
3,741,0,17
0,742,2,13
5,743,13,12
2,744,0,13
1,749,13,2
3,749,2,5
5,753,12,16
2,754,2,4
3,754,3,1
1,757,12,4
4,761,10,0
1,762,11,7
3,763,7,0
2,765,0,0
0,766,18,0
1,767,11,16
3,768,6,2
5,768,2,20
0,772,18,4
4,772,10,3
1,773,11,18
3,773,5,4
2,775,2,9
5,775,2,19
0,780,17,5
3,780,4,6
1,782,10,19
5,782,1,19
0,788,17,9
3,788,3,8
2,789,0,0
5,792,1,18
4,793,2,4
3,794,2,11
2,795,1,6
0,797,16,11
4,798,1,4
1,799,2,20
5,800,0,18
2,801,2,7
3,803,0,11
4,803,0,4
1,806,0,18
0,808,15,14
3,808,1,1
5,813,2,3
1,816,1,3
3,816,2,2
0,819,14,18
2,819,8,0
1,825,2,3
5,825,2,2
2,829,7,11
3,830,0,0
4,831,19,0
0,835,2,20
2,835,6,16
1,841,9,0
3,841,2,13
2,842,5,18
4,842,18,6
5,844,12,2
0,848,0,20
2,849,2,20
4,850,17,14
1,851,4,7
3,851,0,0
5,852,13,1
2,855,2,13
0,859,0,9
1,859,3,9
4,861,16,18
3,862,6,0
5,862,13,0
0,866,0,13
5,866,13,6
2,867,1,13
1,869,2,12
3,870,5,3
5,872,12,6
0,875,2,15
1,875,0,10
3,876,4,6
2,877,1,15
4,878,2,20
5,879,11,12
0,880,2,5
1,882,2,5
2,882,0,15
5,884,10,16
3,886,2,9
4,889,0,17
0,892,6,5
2,892,2,5
1,896,10,0
3,897,1,9
4,899,2,4
5,902,2,20
1,903,9,8
2,904,3,1
3,905,1,9
5,908,0,16
0,909,12,4
1,912,8,13
2,913,4,1
3,914,0,10
0,916,15,3
5,919,2,11
0,922,16,2
1,923,8,19
2,926,7,1
3,927,2,2
4,930,16,0
1,931,7,19
0,932,17,1
3,933,3,0
4,936,15,8
3,937,3,5
2,941,0,0
1,942,2,20
5,942,10,1
0,945,19,0
4,946,14,12
3,949,2,6
5,949,11,0
0,950,18,5
1,950,2,18
2,951,2,14
4,953,13,16
1,957,1,18
3,957,1,5
5,958,11,4
0,959,17,13
4,962,12,18
1,964,1,17
5,964,10,5
2,965,7,0
3,966,0,5
0,972,15,19
1,973,0,17
2,973,6,5
3,975,1,14
5,976,10,6
4,978,2,20
1,980,1,4
2,980,5,10
4,983,1,15
2,987,4,12
3,987,2,15
4,989,1,15
1,990,2,4
0,994,2,20
3,994,0,0
5,995,2,7
4,996,0,15
2,998,3,17
0,1002,0,15
4,1002,2,2
1,1003,4,4
5,1003,0,5
3,1005,2,11
2,1006,2,19
0,1009,2,3
5,1012,2,2
1,1013,5,4
2,1018,1,13
3,1021,8,0
1,1023,6,4
2,1023,1,14
5,1026,0,0
4,1027,12,0
3,1028,7,6
1,1030,7,4
0,1033,18,0
2,1034,0,14
4,1036,11,8
3,1037,6,8
5,1038,2,18
4,1042,10,14
2,1043,2,2
3,1044,5,9
0,1045,17,7
1,1046,12,4
2,1054,0,0
0,1055,17,12
3,1056,4,10
1,1057,15,3
0,1060,16,13
4,1060,2,20
1,1062,16,2
2,1064,2,20
3,1064,3,14
5,1065,16,1
0,1069,15,19
4,1069,2,18
2,1073,5,2
3,1073,2,15
5,1073,19,0
3,1080,1,12
4,1080,1,18
5,1082,18,5
3,1084,1,13
2,1086,0,0
4,1087,0,17
0,1089,2,20
1,1090,0,0
5,1090,17,6
3,1092,0,13
4,1094,2,7
0,1098,1,14
1,1098,1,6
2,1099,2,20
3,1100,2,4
5,1100,16,11
1,1104,1,8
0,1106,0,12
5,1106,15,12
4,1107,2,3
3,1112,9,0
2,1113,9,0
1,1115,2,8
0,1116,0,14
3,1117,8,5
5,1118,14,14
1,1123,2,4
3,1123,8,9
2,1124,8,3
0,1125,2,16
3,1129,7,9
4,1129,10,5
2,1132,7,4
5,1134,2,20
1,1136,7,4
3,1136,7,15
4,1136,11,4
0,1138,0,0
2,1139,5,5
5,1142,1,12
3,1144,5,15
0,1146,0,17
1,1146,12,3
2,1146,5,9
5,1147,1,13
4,1148,15,3
2,1151,4,10
3,1151,4,15
5,1155,0,13
1,1156,17,2
3,1157,3,15
2,1158,4,11
0,1159,2,20
4,1160,17,2
5,1163,1,7
1,1164,18,1
0,1166,2,2
4,1166,19,1
3,1168,3,16
2,1169,3,11
5,1170,2,8
4,1174,18,1
3,1176,2,16
1,1179,14,0
2,1179,2,11
0,1183,8,4
5,1185,0,0
1,1186,13,8
4,1186,17,4
0,1189,9,3
2,1189,1,5
3,1189,0,10
1,1194,12,15
5,1194,2,15
3,1195,1,4
4,1195,16,7
2,1197,1,6
0,1202,17,1
4,1202,15,9
3,1206,2,4
4,1207,14,12
2,1209,0,6
1,1212,2,20
3,1212,2,1
5,1214,10,3
4,1215,13,13
3,1217,3,1
2,1218,2,20
1,1224,0,11
0,1225,0,0
5,1225,13,2
4,1226,12,14
1,1230,2,5
0,1233,1,6
3,1234,9,0
2,1237,9,0
4,1237,11,16
5,1237,16,1
1,1238,4,1
0,1244,2,8
3,1244,8,3
1,1246,5,1
3,1251,6,7
0,1252,5,3
2,1252,0,0
4,1253,2,20
1,1254,6,1
5,1259,0,0
3,1260,5,11
2,1261,2,20
4,1261,2,17
1,1262,8,1
0,1265,12,2
3,1270,4,13
4,1271,1,18
5,1271,1,14
1,1272,10,0
0,1273,16,1
2,1276,7,0
1,1277,10,7
3,1277,2,14
2,1280,7,1
4,1282,0,16
5,1282,2,15
1,1287,7,7
4,1289,1,15
3,1290,0,4
5,1292,2,2
4,1294,1,16
0,1295,0,0
2,1295,2,1
3,1296,2,1
0,1300,1,2
2,1301,1,1
1,1302,2,7
4,1303,1,16
5,1304,2,3
1,1308,0,2
2,1308,1,1
0,1309,2,3
3,1313,8,1
4,1313,2,16
2,1318,0,1
1,1320,2,11
0,1321,5,1
5,1325,14,3
2,1328,2,3
5,1333,16,2
2,1336,0,0
3,1339,0,0
4,1340,19,0
2,1343,2,9
0,1344,19,0
1,1345,19,1
3,1345,2,2
5,1345,19,1
4,1349,18,3
4,1355,18,4
2,1356,8,1
3,1357,0,0
4,1365,17,4
2,1367,2,0
3,1367,1,19
1,1370,0,0
0,1372,2,0
3,1373,2,20
2,1374,2,5
4,1375,16,7
5,1375,0,0
2,1379,1,5
0,1381,2,4
1,1381,1,8
3,1384,5,1
4,1384,14,9
5,1386,1,2
2,1389,4,0
0,1390,2,6
1,1392,2,9
5,1392,2,2
4,1394,12,13
2,1395,3,4
3,1398,0,0
0,1400,6,6
2,1401,2,5
1,1403,4,3
3,1404,2,17
5,1408,0,0
0,1411,8,5
2,1412,2,4
1,1413,5,2
4,1414,2,15
2,1419,1,5
3,1419,9,0
5,1421,2,15
0,1423,10,4
3,1426,8,1
4,1426,1,2
2,1428,1,2
1,1430,11,1
0,1431,13,2
5,1434,2,1
3,1435,6,2
4,1436,0,1
2,1437,0,2
0,1443,18,1
3,1444,5,4
5,1445,2,1
4,1446,2,11
2,1447,2,9
1,1448,0,0
3,1456,4,6
5,1456,2,1
1,1458,2,5
2,1458,2,5
3,1463,3,9
2,1465,3,6
0,1467,0,0
1,1467,7,2
2,1470,4,5
3,1470,2,11
4,1474,14,1
0,1478,0,14
1,1478,12,1
3,1480,2,3
5,1481,15,2
2,1482,5,3
0,1488,2,20
5,1489,16,1
2,1490,6,2
4,1490,18,0
3,1491,1,3
1,1493,18,0
0,1496,2,6
3,1496,0,2
4,1497,16,2
5,1498,16,0
2,1503,9,1
0,1504,6,6
4,1507,16,4
3,1508,1,10
0,1509,7,4
4,1512,15,4
2,1513,9,1
1,1516,0,0
0,1519,8,3
3,1520,2,12
4,1520,14,6
5,1523,0,0
2,1524,8,1
1,1525,2,14
0,1529,9,2
3,1529,4,4
4,1529,11,7
1,1532,3,2
2,1532,6,2
5,1532,1,9
3,1535,5,3
4,1537,10,9
5,1539,2,10
2,1544,5,3
0,1546,15,1
3,1546,6,2
2,1550,5,5
1,1557,17,1
4,1557,2,13
3,1559,8,1
5,1559,13,2
2,1560,2,5
4,1563,2,6
0,1567,0,0
2,1569,2,1
4,1569,1,6
4,1575,0,0
5,1575,18,1
3,1576,0,0
0,1577,2,20
1,1580,0,0
2,1580,1,2
0,1583,3,5
3,1583,1,10
4,1585,2,17
2,1586,2,0
1,1588,1,4
0,1589,4,4
5,1589,15,0
3,1591,1,11
1,1593,2,4
2,1593,1,2
3,1597,2,11
5,1598,10,2
2,1602,0,0
0,1604,14,3
4,1604,0,0
1,1606,6,3
3,1608,3,3
4,1610,2,2
0,1611,15,2
2,1612,2,20
3,1613,4,2
1,1616,10,2
5,1616,2,3
2,1620,0,0
3,1621,6,1
0,1622,18,1
5,1622,2,5
1,1630,15,1
0,1631,19,0
2,1631,2,14
5,1634,1,7
3,1636,2,0
4,1637,13,4
0,1638,17,1
2,1641,4,2
5,1643,0,0
0,1645,17,2
3,1645,0,0
1,1651,0,0
2,1652,5,1
4,1652,17,3
5,1655,2,11
0,1657,16,2
3,1658,2,7
0,1662,16,4
1,1662,2,4
2,1663,2,0
3,1664,3,5
4,1664,19,2
2,1667,2,4
1,1668,4,1
0,1672,15,4
3,1675,4,4
2,1677,1,5
5,1677,10,7
0,1683,15,6
1,1683,0,0
2,1684,1,2
5,1686,11,5
3,1687,5,3
2,1690,0,2
4,1692,0,0
1,1694,2,20
3,1696,6,2
0,1697,11,6
5,1697,12,4
2,1699,1,7
4,1700,1,2
0,1702,11,7
1,1706,6,11
0,1709,10,7
2,1709,2,10
3,1709,8,1
4,1709,2,3
5,1709,14,3
1,1715,7,10
0,1717,10,9
5,1721,15,2
0,1723,9,9
2,1724,7,6
3,1724,0,0
1,1727,9,8
0,1728,8,10
4,1728,12,4
3,1731,2,19
2,1732,8,4
5,1732,18,1
0,1735,8,12
1,1735,11,7
2,1737,9,3
4,1743,16,1
1,1744,13,6
0,1747,5,12
3,1748,9,1
2,1753,0,0
1,1754,14,5
5,1757,0,0
1,1759,15,3
0,1761,2,14
2,1765,2,20
3,1765,0,0
4,1765,0,0
5,1765,1,4
0,1766,1,7
1,1768,18,2
5,1771,1,5
4,1772,2,1
2,1774,3,6
3,1774,1,5
0,1777,0,1
1,1778,19,1
2,1780,5,5
0,1781,0,5
3,1781,2,6
5,1781,2,5
4,1782,2,10
0,1786,0,11
1,1786,18,1
3,1786,3,2
2,1791,6,4
0,1793,1,15
1,1795,16,3
2,1797,7,2
3,1797,8,1
5,1798,2,0
0,1800,1,16
1,1804,11,4
5,1804,2,5
0,1806,2,16
2,1806,8,1
4,1806,10,13
4,1812,12,10
5,1814,1,6
0,1816,5,5
3,1817,0,0
1,1818,2,5
5,1820,0,0
4,1821,13,7
2,1824,0,0
1,1825,2,4
0,1827,7,3
3,1828,2,20
5,1828,2,7
4,1831,14,6
3,1835,2,3
0,1836,8,2
1,1836,1,5
2,1836,2,6
3,1841,4,3
2,1843,0,0
4,1843,15,5
1,1845,0,0
4,1848,16,3
5,1848,11,5
0,1850,16,1
1,1850,1,3
2,1853,1,8
3,1856,8,2
4,1856,17,1
2,1858,2,8
5,1859,14,4
1,1861,2,4
2,1866,0,0
5,1868,16,3
0,1871,0,0
2,1874,2,15
3,1874,0,0
0,1879,2,3
1,1880,15,3
5,1880,18,2
2,1880,2,0
3,1881,2,3
4,1883,0,0
2,1886,2,6
1,1887,16,1
3,1888,0,0
0,1892,10,7
4,1895,2,7
2,1896,1,7
3,1897,2,5
0,1901,11,6
2,1905,0,1
0,1909,13,3
4,1909,2,3
2,1911,2,12
3,1912,7,1
5,1913,0,0
1,1916,0,0
0,1918,16,2
2,1920,3,2
5,1920,2,4
3,1925,2,0
1,1927,1,6
2,1927,5,1
0,1929,17,1
4,1932,14,4
1,1936,2,9
3,1936,2,8
2,1942,0,0
1,1944,3,8
3,1945,1,10
4,1945,16,3
5,1946,18,1
2,1951,1,15
0,1953,0,0
4,1954,17,1
1,1955,5,7
3,1956,0,1
2,1961,2,16
0,1965,1,4
3,1966,2,2
1,1967,6,5
5,1968,2,0
2,1970,5,6
0,1972,2,7
3,1974,0,0
2,1976,7,5
5,1978,2,6
1,1979,7,3
4,1983,0,0
3,1987,2,20
0,1988,10,10
2,1988,8,2
5,1990,1,8
4,1991,2,3
1,1993,11,2
0,1995,12,8
2,1999,9,1
3,1999,0,0
5,2000,1,1
0,2003,14,7
3,2006,1,13
5,2006,0,1
1,2007,19,1
4,2007,2,2
5,2011,1,5
0,2014,16,6
3,2014,2,14
2,2018,0,0
5,2019,2,6
0,2021,17,5
4,2022,2,5
3,2024,3,8
2,2030,2,10
0,2032,18,4
1,2036,0,0
3,2036,7,7
2,2037,3,3
1,2042,2,3
0,2043,19,2
4,2045,11,8
5,2045,17,1
2,2047,7,2
3,2048,8,3
1,2052,3,4
2,2056,9,1
3,2057,9,1
4,2058,14,7
1,2063,7,3
4,2064,15,6
5,2064,2,0
2,2071,0,0
4,2071,16,5
5,2071,2,12
0,2072,0,0
3,2073,0,0
1,2074,11,2
5,2078,1,12
2,2079,1,12
0,2080,1,8
4,2082,17,3
3,2083,2,0
1,2084,17,1
0,2086,2,8
2,2086,2,13
5,2086,0,3
3,2094,1,3
4,2094,19,2
5,2097,1,9
0,2098,5,13
2,2098,9,1
3,2100,0,0
5,2104,2,10
1,2106,0,0
0,2107,9,12
3,2110,2,6
2,2112,0,0
0,2115,10,11
3,2116,2,3
1,2118,2,6
4,2120,0,0
2,2121,2,3
3,2123,4,3
0,2124,11,10
5,2128,10,5
2,2129,1,0
4,2131,1,7
0,2133,14,8
3,2133,6,2
1,2138,18,1
2,2138,2,1
4,2138,2,11
0,2142,15,7
3,2142,7,1
5,2143,15,4
2,2147,6,2
0,2150,16,6
5,2153,16,2
0,2157,18,2
2,2158,8,1
3,2160,0,0
4,2160,11,13
3,2166,1,18
0,2167,19,1
1,2168,0,0
4,2168,12,11
2,2175,1,0
5,2175,0,0
1,2176,1,9
3,2176,2,19
4,2177,13,9
2,2181,2,0
5,2181,1,5
3,2184,2,4
1,2186,2,12
4,2187,15,8
2,2188,1,10
5,2192,2,5
0,2193,2,0
3,2194,2,4
2,2195,0,1
1,2198,7,9
4,2198,16,6
0,2200,2,1
2,2205,2,9
0,2206,1,1
4,2206,17,5
3,2207,5,4
1,2209,10,8
3,2213,7,1
0,2214,0,0
2,2215,7,2
4,2215,18,2
0,2219,1,6
5,2220,15,2
1,2222,12,7
2,2224,8,1
0,2225,2,8
5,2227,17,1
3,2231,0,0
1,2235,15,4
0,2236,4,11
3,2237,1,8
2,2239,0,0
4,2241,2,0
1,2244,18,3
0,2246,5,10
2,2246,2,2
3,2247,1,9
3,2253,2,9
5,2253,1,0
1,2255,19,1
0,2256,7,9
2,2257,3,4
4,2258,2,6
3,2262,6,1
2,2263,4,3
0,2266,8,7
5,2266,10,3
5,2274,11,2
0,2275,9,6
2,2275,7,2
3,2277,2,0
4,2280,10,8
1,2282,0,0
5,2283,13,1
2,2284,8,1
3,2285,2,15
1,2287,1,19
0,2288,12,5
3,2293,1,16
4,2293,13,6
1,2297,2,20
2,2297,1,0
4,2299,15,5
0,2300,15,4
3,2301,0,4
5,2302,0,0
1,2303,3,8
0,2305,16,3
3,2307,2,7
2,2308,2,1
4,2310,16,3
5,2310,2,4
1,2315,6,7
3,2316,2,0
0,2319,19,1
3,2320,2,7
4,2320,18,2
1,2321,7,6
2,2321,4,4
4,2329,19,1
5,2329,10,3
2,2332,6,3
3,2332,1,10
1,2334,11,4
5,2336,12,2
3,2339,1,3
2,2340,7,2
0,2343,0,0
1,2346,13,3
5,2347,14,1
2,2349,8,1
3,2349,0,3
0,2352,1,14
1,2356,14,2
0,2357,2,16
4,2358,0,0
3,2361,1,4
1,2366,19,1
0,2367,3,11
4,2367,2,1
5,2369,2,0
3,2370,2,5
2,2377,0,0
3,2377,4,6
5,2377,2,10
4,2381,2,5
0,2382,7,10
5,2384,1,11
2,2385,1,8
3,2385,5,5
5,2390,0,2
3,2391,6,2
2,2392,2,9
0,2393,8,9
5,2395,1,1
1,2396,0,0
3,2398,7,1
0,2401,9,6
4,2402,10,5
5,2403,2,2
2,2405,5,3
1,2408,1,6
3,2412,2,0
0,2413,10,5
2,2415,7,2
4,2415,13,4
3,2418,2,11
1,2419,2,11
2,2423,9,1
4,2423,15,2
5,2424,11,5
0,2425,11,3
1,2430,3,10
3,2430,1,13
5,2431,13,3
0,2434,12,2
3,2435,0,2
4,2436,19,1
2,2440,0,0
5,2442,14,2
1,2443,6,8
3,2444,2,11
2,2450,2,1
5,2450,18,1
0,2451,18,1
1,2451,8,6
3,2452,2,1
2,2455,2,0
1,2463,9,5
3,2464,8,2
4,2464,2,0
2,2466,2,5
3,2470,9,1
4,2470,2,0
0,2474,2,0
1,2474,13,4
2,2476,1,7
5,2476,2,0
0,2483,4,4
1,2483,14,3
2,2485,1,4
4,2486,15,7
3,2490,0,0
0,2492,6,3
1,2492,16,1
2,2495,0,4
4,2495,16,6
2,2500,1,1
3,2501,1,13
4,2501,18,1
5,2501,13,2
0,2502,7,2
2,2506,2,3
3,2507,2,13
1,2512,2,0
5,2513,15,1
1,2516,2,6
2,2517,3,2
3,2517,0,0
0,2522,19,1
4,2523,0,0
1,2524,1,6
3,2524,1,12
2,2530,5,1
3,2531,2,12
1,2532,1,2
5,2532,0,0
4,2535,1,3
1,2539,0,2
5,2539,1,4
3,2541,5,4
4,2542,2,7
2,2544,2,0
1,2545,1,0
2,2549,1,5
3,2550,8,2
5,2550,2,4
0,2551,2,0
1,2553,2,1
2,2555,0,2
3,2555,9,1
0,2558,2,1
4,2560,10,17
0,2563,1,2
1,2564,3,8
2,2566,1,7
4,2566,11,16
0,2572,2,0
3,2573,0,0
5,2575,1,0
1,2576,7,6
2,2576,2,8
4,2577,12,14
0,2583,2,18
1,2583,8,5
3,2583,2,4
2,2584,3,1
4,2588,13,12
3,2590,2,0
1,2592,10,2
0,2594,3,20
2,2595,0,0
4,2595,14,9
5,2597,18,1
0,2600,5,18
1,2600,12,1
3,2600,2,8
4,2603,15,8
2,2604,1,6
4,2608,16,7
3,2609,1,9
0,2610,6,17
2,2610,2,8
4,2613,17,4
3,2614,1,2
2,2616,3,5
0,2617,8,16
1,2618,1,0
4,2618,18,1
3,2619,0,2
5,2622,1,0
3,2625,2,2
1,2627,2,2
2,2627,5,2
0,2628,9,14
5,2629,2,0
2,2634,8,1
0,2635,10,11
1,2637,8,11
3,2638,4,4
4,2641,2,0
0,2644,12,9
1,2646,10,10
2,2649,0,0
3,2649,6,1
0,2650,13,8
4,2650,2,5
2,2654,1,9
5,2656,13,7
4,2657,1,6
1,2658,13,7
0,2661,15,5
2,2661,2,10
3,2662,1,0
5,2662,15,6
4,2666,1,1
0,2667,16,4
1,2667,15,5
5,2667,16,4
3,2668,2,0
2,2669,3,7
3,2672,2,0
0,2675,18,3
4,2675,0,1
2,2677,5,5
3,2677,2,0
1,2678,17,3
5,2678,18,3
0,2682,19,2
4,2684,1,3
2,2685,6,3
3,2686,2,5
5,2686,19,2
1,2688,18,2
4,2690,2,6
3,2691,1,6
2,2698,8,2
3,2701,1,3
4,2704,2,14
3,2708,0,3
5,2710,1,0
0,2712,1,0
2,2712,1,0
1,2716,0,0
4,2718,2,17
3,2719,1,4
0,2721,1,1
2,2722,5,1
5,2722,10,1
1,2724,2,1
3,2725,2,4
0,2730,6,3
1,2731,2,7
2,2731,2,0
4,2732,2,19
3,2733,3,1
5,2738,0,0
0,2739,7,2
2,2741,2,4
3,2742,0,0
1,2744,5,14
5,2745,1,6
2,2746,1,4
3,2750,1,2
4,2750,10,20
5,2750,2,7
1,2751,6,12
1,2757,7,11
2,2758,2,0
4,2758,11,19
0,2760,17,1
3,2760,2,3
1,2762,8,9
2,2763,3,6
4,2764,12,18
5,2768,11,5
3,2769,3,2
4,2769,13,16
1,2774,9,8
2,2776,5,4
5,2776,12,4
4,2781,14,15
1,2784,10,6
0,2785,2,0
2,2785,8,3
3,2785,8,1
5,2786,15,3
0,2789,2,3
4,2792,15,12
5,2793,18,2
0,2794,1,4
1,2795,11,5
2,2795,9,2
4,2798,16,9
5,2802,19,1
3,2803,2,0
0,2804,0,1
4,2804,17,6
1,2809,14,4
0,2810,1,10
3,2811,4,3
4,2811,18,2
2,2816,0,0
1,2818,15,3
0,2821,2,13
3,2823,5,2
1,2825,16,2
5,2827,1,0
2,2829,2,1
3,2831,6,1
0,2833,4,20
5,2835,2,0
1,2838,19,1
2,2843,5,4
4,2844,2,0
0,2846,6,19
3,2848,0,0
5,2848,2,11
2,2852,6,3
4,2853,2,10
0,2855,10,18
3,2856,1,6
5,2859,2,12
4,2860,1,11
0,2861,11,17
2,2862,9,2
1,2864,0,0
3,2865,2,9
0,2866,12,14
4,2870,0,3
1,2872,1,4
5,2874,2,18
0,2876,13,11
2,2876,2,0
3,2876,4,11
1,2881,2,7
2,2881,1,7
4,2881,2,0
3,2885,5,10
0,2887,14,10
1,2890,3,6
2,2892,0,1
4,2892,0,0
0,2893,15,9
3,2896,6,9
5,2897,10,20
4,2898,2,1
0,2900,16,8
1,2902,4,5
2,2903,2,3
3,2905,7,8
5,2906,11,17
2,2909,3,4
0,2910,17,6
1,2913,5,4
3,2913,8,4
4,2915,10,1
0,2918,18,2
5,2918,12,16
3,2923,9,1
2,2925,9,1
1,2926,8,3
5,2926,13,12
4,2927,2,0
4,2933,2,8
1,2935,12,2
5,2935,14,8
2,2938,2,0
4,2938,1,9
3,2939,2,0
0,2940,2,0
5,2943,16,5
2,2945,4,3
4,2945,0,2
3,2948,0,0
5,2950,17,4
1,2952,19,1
4,2952,1,6
0,2955,10,12
3,2955,1,3
2,2956,5,2
4,2957,1,9
5,2959,18,2
0,2961,11,10
4,2964,2,11
3,2965,2,8
0,2970,14,8
2,2971,1,0
3,2971,3,9
1,2977,2,0
4,2977,2,8
0,2979,15,7
2,2980,2,2
3,2983,5,8
0,2984,16,6
5,2986,1,0
1,2987,2,10
3,2988,6,5
2,2989,3,6
0,2994,17,5
3,2995,7,2
2,2996,5,4
1,2999,1,11
0,3002,18,4
3,3003,9,1
4,3003,12,10
1,3005,0,3
5,3005,12,4
2,3007,8,3
1,3010,1,3
4,3011,15,6
0,3012,19,3
1,3015,2,5
5,3016,15,3
2,3018,2,0
3,3019,1,0
4,3021,17,3
1,3026,5,11
2,3029,2,5
4,3029,18,1
5,3029,17,1
3,3031,0,0
1,3034,6,10
2,3037,1,6
0,3042,0,0
3,3042,1,5
1,3044,7,9
3,3047,2,5
0,3049,2,0
2,3049,0,2
1,3050,9,8
3,3052,2,6
2,3057,1,3
5,3057,2,0
1,3058,10,7
3,3058,2,7
0,3060,2,5
3,3063,2,7
1,3065,12,6
2,3065,2,5
4,3066,1,0
5,3066,2,0
3,3067,2,8
0,3069,1,5
5,3071,2,6
2,3073,6,2
1,3077,13,4
0,3078,0,0
4,3078,2,3
3,3079,3,9
2,3085,7,1
0,3086,1,5
1,3086,18,3
3,3091,4,6
0,3094,2,8
2,3096,2,0
4,3096,10,3
1,3097,19,1
5,3097,12,7
3,3099,5,5
4,3102,12,2
0,3106,3,13
2,3106,2,6
3,3106,6,4
5,3106,13,6
4,3108,14,1
2,3111,1,7
5,3112,15,4
3,3113,7,2
0,3115,4,11
2,3116,1,5
5,3117,16,3
3,3119,8,1
1,3121,0,0
5,3123,18,1
0,3124,5,10
2,3125,0,5
1,3130,1,5
0,3131,6,7
4,3131,2,0
2,3135,1,2
1,3139,2,13
3,3139,2,0
2,3143,2,3
3,3144,1,5
4,3146,2,10
0,3147,11,6
1,3149,3,15
3,3153,1,3
2,3154,6,1
5,3156,0,0
0,3157,13,5
1,3157,4,14
3,3161,0,3
5,3161,1,3
4,3162,2,11
1,3167,7,13
2,3169,2,0
0,3170,16,4
3,3170,1,1
5,3170,2,4
4,3174,2,11
2,3175,2,2
0,3176,18,3
1,3179,8,11
3,3179,2,1
0,3182,19,1
2,3184,1,2
3,3187,4,6
4,3187,2,12
1,3189,9,8
2,3191,0,1
3,3193,5,5
5,3193,12,1
1,3199,12,7
2,3201,2,0
3,3202,6,2
0,3205,2,0
4,3205,10,14
2,3208,2,3
1,3209,13,6
5,3209,2,0
0,3210,2,0
2,3213,1,3
4,3213,11,12
3,3214,9,1
1,3216,14,5
0,3217,4,7
5,3217,1,1
4,3219,12,9
2,3220,1,0
0,3226,5,5
1,3226,16,4
5,3228,0,0
2,3230,2,3
4,3231,14,6
3,3232,0,0
0,3233,7,4
1,3235,19,1
3,3238,1,0
4,3238,15,5
5,3238,1,5
2,3241,3,5
0,3243,12,2
3,3246,2,0
5,3246,2,9
2,3249,4,4
4,3252,18,3
0,3256,19,1
1,3257,2,0
3,3257,4,7
2,3258,5,3
4,3258,19,2
3,3263,6,6
1,3264,2,5
5,3269,10,16
2,3273,9,2
1,3274,1,6
3,3275,7,4
5,3279,11,15
3,3283,8,2
1,3284,0,2
0,3285,0,0
4,3286,2,0
5,3289,14,12
2,3291,2,0
3,3291,9,1
1,3294,1,4
0,3296,1,1
2,3300,2,6
5,3301,15,11
0,3304,2,2
1,3304,1,8
2,3304,2,8
1,3309,2,8
4,3309,12,7
5,3309,16,6
3,3310,2,0
2,3314,2,8
0,3317,5,7
4,3317,14,6
1,3318,3,5
3,3318,1,4
5,3320,17,5
2,3323,3,10
4,3324,16,5
0,3325,6,6
1,3325,5,4
5,3326,18,4
4,3330,17,4
2,3331,4,6
3,3331,2,0
1,3336,6,3
0,3338,8,4
4,3338,18,1
5,3338,19,1
3,3341,5,1
2,3342,7,5
1,3346,12,2
2,3351,8,3
0,3353,13,3
3,3356,2,0
1,3359,16,1
5,3359,2,0
4,3362,2,0
3,3365,6,4
0,3366,19,1
2,3369,2,0
3,3372,7,1
2,3379,2,8
1,3380,0,0
5,3380,10,14
4,3384,11,5
2,3385,1,8
0,3389,2,0
3,3389,0,0
1,3390,1,6
5,3390,11,13
2,3393,0,3
4,3395,12,4
0,3397,5,7
1,3400,2,12
3,3400,2,0
4,3401,14,3
5,3401,12,12
2,3403,2,1
3,3406,1,5
0,3407,6,6
4,3407,16,2
5,3407,13,11
1,3411,7,9
3,3411,1,4
0,3413,8,5
2,3415,4,3
5,3415,14,10
3,3418,0,4
4,3420,18,1
1,3422,8,8
0,3423,9,3
2,3423,6,1
3,3423,1,2
5,3426,15,9
1,3428,10,7
3,3431,2,2
1,3435,11,6
2,3437,2,0
5,3437,16,8
0,3439,15,2
1,3442,12,5
4,3442,2,0
3,3443,3,5
5,3445,17,7
2,3446,7,1
0,3448,16,1
1,3451,16,4
5,3451,18,4
4,3452,2,5
3,3455,5,4
4,3457,1,5
2,3461,2,0
1,3462,18,2
3,3464,6,3
2,3467,3,5
4,3469,0,2
0,3471,1,0
3,3475,7,2
4,3476,1,4
5,3477,2,0
0,3478,2,6
2,3478,4,4
1,3484,2,0
3,3484,9,1
0,3485,2,13
4,3487,2,6
5,3489,2,7
2,3490,6,1
0,3491,3,14
1,3492,2,0
3,3498,2,0
1,3503,2,10
0,3504,5,12
2,3504,0,0
3,3507,2,0
1,3510,1,10
2,3512,1,5
5,3512,10,7
4,3513,15,2
0,3515,8,10
3,3517,2,3
2,3520,2,8
1,3521,0,2
3,3524,2,3
4,3525,18,1
0,3526,11,9
5,3528,15,3
0,3531,12,8
2,3531,2,3
1,3532,1,3
3,3533,4,3
2,3537,2,3
5,3537,16,2
1,3540,2,6
2,3543,2,3
0,3545,16,6
3,3547,9,1
5,3548,19,1
4,3550,2,0
1,3554,9,18
0,3555,17,5
2,3555,3,4
0,3561,18,3
4,3561,2,6
3,3563,0,0
2,3564,5,3
1,3566,11,17
3,3568,1,4
0,3569,19,1
2,3571,8,2
5,3571,1,0
4,3572,1,7
1,3577,12,14
3,3578,2,4
4,3581,2,0
5,3583,2,1
2,3588,2,0
3,3588,4,5
1,3589,13,13
0,3593,2,0
3,3593,5,4
0,3598,1,1
2,3598,2,2
1,3601,14,11
3,3601,6,3
4,3601,12,8
2,3603,1,2
3,3606,7,2
0,3606,1,0
1,3610,15,10
5,3610,15,4
4,3611,14,6
2,3612,0,1
3,3613,8,1
0,3614,2,5
1,3618,17,8
5,3620,16,2
0,3622,3,15
2,3623,2,2
4,3623,15,4
1,3628,18,4
3,3628,2,0
5,3628,17,1
2,3632,4,1
4,3633,16,3
0,3634,4,13
1,3638,19,2
3,3639,2,3
4,3642,18,2
2,3643,2,0
0,3644,5,11
2,3650,4,2
3,3650,1,5
0,3654,9,10
5,3654,2,0
3,3659,0,2
0,3660,10,7
1,3666,2,0
2,3666,9,1
4,3668,2,0
0,3671,15,6
3,3671,1,0
5,3674,10,9
1,3676,3,5
0,3679,17,5
4,3679,2,4
2,3681,1,0
3,3683,5,5
5,3685,11,7
2,3688,2,0
0,3689,18,3
1,3689,5,4
3,3692,7,4
5,3692,13,6
4,3694,2,8
2,3696,2,4
0,3700,19,2
1,3702,9,3
3,3703,8,3
5,3703,17,5
2,3705,1,4
2,3710,0,1
3,3710,9,1
1,3714,15,2
4,3715,10,11
5,3715,18,2
2,3716,1,0
4,3721,11,8
1,3722,17,1
0,3725,1,0
2,3726,1,0
3,3727,1,0
4,3730,12,4
0,3734,2,5
3,3736,2,0
4,3737,13,3
5,3737,1,0
2,3738,2,0
3,3742,1,4
0,3744,2,16
1,3744,1,0
2,3746,2,0
5,3747,2,0
1,3750,2,0
4,3751,16,2
0,3753,3,20
2,3754,1,2
2,3758,1,0
3,3759,1,0
5,3761,2,0
0,3762,4,19
1,3762,4,5
5,3768,2,3
3,3769,1,0
1,3770,5,4
2,3770,2,0
0,3773,5,18
5,3773,1,4
3,3775,2,0
4,3776,1,0
2,3778,3,2
4,3781,2,1
5,3782,0,1
1,3783,8,3
0,3784,8,17
2,3785,5,1
3,3790,7,2
5,3791,1,0
1,3792,11,2
0,3793,10,14
2,3799,2,0
5,3799,2,1
0,3803,12,11
3,3803,9,1
4,3805,13,7
1,3810,18,1
2,3810,2,4
0,3813,13,10
4,3814,16,6
2,3820,1,4
3,3821,2,0
4,3821,17,5
0,3822,14,8
5,3824,13,2
3,3829,2,7
4,3830,18,3
2,3830,1,0
0,3834,15,6
5,3834,17,1
3,3836,2,7
1,3839,1,0
2,3842,4,4
4,3842,19,1
0,3846,16,4
1,3846,2,7
3,3846,2,7
2,3847,5,3
0,3851,17,2
3,3852,3,7
5,3854,1,0
2,3857,7,2
0,3858,19,1
1,3859,10,16
5,3861,2,0
3,3863,4,6
1,3864,11,13
4,3866,2,0
2,3869,8,1
1,3874,13,10
3,3874,5,4
0,3881,2,0
3,3882,6,3
1,3884,14,9
2,3887,2,0
3,3887,7,1
5,3888,15,3
0,3889,4,4
4,3889,11,4
1,3892,15,8
2,3896,2,0
5,3897,17,2
0,3898,5,3
2,3900,2,12
3,3900,2,0
4,3900,14,3
1,3904,17,7
2,3905,1,14
5,3906,18,1
0,3910,7,2
3,3911,1,1
4,3913,17,2
1,3914,18,6
2,3914,1,4
0,3918,11,1
3,3919,2,0
2,3922,0,4
4,3922,19,1
1,3924,19,3
2,3929,1,0
3,3929,2,3
5,3931,2,0
3,3937,2,3
0,3942,1,0
2,3944,7,1
4,3946,1,0
3,3947,3,4
1,3952,1,0
3,3953,4,3
5,3955,10,16
0,3957,10,3
2,3959,2,0
1,3960,2,0
4,3964,12,1
3,3966,6,2
5,3966,11,14
2,3968,1,4
1,3969,2,3
0,3972,15,2
5,3974,12,13
3,3976,8,1
1,3977,1,3
2,3979,2,0
0,3980,18,1
1,3983,2,0
2,3985,2,3
4,3985,2,0
5,3985,13,11
1,3989,2,2
3,3991,2,0
5,3991,15,9
1,3995,1,2
2,3997,3,5
3,3997,1,0
1,4000,1,0
5,4001,17,6
0,4005,1,0
3,4007,4,1
4,4007,11,6
5,4007,18,5
2,4011,6,4
0,4013,2,0
5,4015,19,3
2,4017,7,3
3,4018,2,0
4,4018,14,5
0,4020,5,7
1,4020,16,2
3,4024,2,5
0,4028,7,5
4,4028,15,4
3,4030,1,5
1,4033,19,1
2,4034,2,0
0,4037,9,4
4,4040,17,3
5,4042,2,0
3,4043,2,0
2,4046,4,4
4,4046,18,1
0,4051,18,3
2,4055,8,3
3,4056,1,0
0,4059,19,2
1,4060,1,0
2,4063,9,1
3,4064,2,2
5,4064,10,7
4,4070,1,0
1,4072,2,0
5,4074,11,6
3,4076,7,2
2,4077,2,0
1,4080,4,6
5,4080,13,5
3,4081,8,1
4,4081,1,0
2,4087,2,6
5,4087,14,4
4,4088,2,1
1,4092,8,5
0,4093,1,0
3,4093,1,0
2,4096,1,10
4,4102,2,6
5,4102,19,1
3,4104,2,0
2,4105,0,2
0,4107,4,2
1,4107,12,4
3,4114,1,5
4,4114,2,7
2,4114,1,0
1,4117,14,3
3,4120,0,1
0,4122,14,1
1,4129,17,2
2,4129,9,1
4,4129,2,9
3,4131,1,0
5,4132,1,0
1,4138,19,1
2,4142,2,0
3,4142,2,0
4,4143,2,10
5,4144,2,2
0,4146,1,0
2,4147,2,4
3,4154,1,2
0,4155,2,1
2,4157,1,4
4,4158,2,12
0,4161,2,9
1,4161,2,0
5,4164,11,2
2,4166,0,1
3,4167,2,0
1,4167,2,0
0,4171,3,10
3,4173,1,1
2,4174,1,0
0,4177,4,8
4,4177,10,12
5,4177,16,1
1,4179,0,2
2,4179,2,1
4,4184,11,11
0,4185,5,6
2,4188,2,3
0,4191,6,5
1,4191,1,0
4,4194,12,10
2,4196,2,4
0,4201,8,4
4,4202,13,8
3,4203,2,0
2,4206,2,5
1,4209,11,1
2,4211,3,5
4,4213,14,6
0,4214,12,1
5,4215,2,0
2,4216,4,4
3,4219,8,1
4,4219,15,5
2,4224,5,3
5,4224,2,1
1,4228,2,0
4,4229,16,4
0,4231,2,0
3,4234,2,0
5,4235,1,2
2,4236,7,2
1,4238,4,8
4,4242,18,3
5,4244,2,0
0,4246,13,2
2,4247,8,1
3,4249,7,2
1,4252,11,7
3,4254,8,1
4,4254,19,2
0,4255,16,1
5,4255,2,5
2,4261,2,0
1,4262,12,6
5,4264,2,9
1,4269,13,5
2,4270,7,1
3,4270,2,0
5,4272,1,9
3,4276,4,4
5,4280,0,1
0,4281,2,0
4,4281,1,0
1,4282,16,3
2,4283,2,0
3,4283,5,3
0,4288,2,9
4,4289,2,4
5,4289,2,0
2,4291,2,0
1,4292,17,2
3,4294,7,2
5,4296,2,3
0,4300,7,10
1,4300,19,1
3,4300,9,1
5,4302,1,3
2,4303,1,1
2,4308,1,0
5,4309,0,2
0,4311,10,9
4,4313,10,7
5,4317,2,0
0,4319,11,8
2,4319,2,0
3,4319,2,0
2,4324,3,3
4,4324,15,6
1,4327,1,0
5,4328,2,3
0,4329,12,7
4,4329,16,5
3,4330,1,2
5,4334,1,3
2,4335,5,2
1,4336,2,5
4,4336,17,4
0,4338,14,6
3,4339,2,0
4,4345,18,2
5,4346,2,0
2,4347,8,1
0,4350,16,4
5,4352,2,1
3,4353,6,1
1,4355,10,12
5,4358,0,1
0,4361,17,2
2,4362,2,0
1,4366,11,9
5,4368,2,0
4,4369,2,0
0,4372,18,1
1,4373,12,8
2,4374,4,2
3,4374,1,0
2,4381,5,1
1,4385,13,6
3,4386,9,1
5,4387,10,4
1,4391,15,3
5,4392,11,3
4,4393,10,5
0,4394,2,0
2,4396,1,0
5,4399,12,2
0,4400,2,8
4,4400,11,4
3,4401,1,0
1,4403,16,1
2,4406,2,2
4,4407,12,3
3,4408,1,0
0,4410,1,10
5,4411,17,1
2,4417,4,4
3,4417,1,0
0,4419,0,4
4,4422,19,2
1,4427,1,0
2,4428,6,3
3,4429,2,0
0,4431,1,0
1,4432,1,4
3,4433,2,4
2,4437,7,2
0,4439,1,1
1,4442,2,5
5,4442,2,0
3,4445,1,4
0,4448,0,1
5,4452,2,0
1,4453,2,13
3,4453,1,0
2,4458,2,0
5,4458,2,1
0,4460,1,0
0,4465,2,1
1,4467,7,14
5,4467,1,1
2,4467,2,0
3,4468,8,1
1,4476,9,12
5,4476,1,1
4,4477,1,0
2,4478,2,0
0,4480,8,4
5,4482,0,1
2,4485,0,1
3,4485,2,0
0,4488,9,3
1,4488,10,11
5,4488,1,0
3,4489,2,0
0,4493,10,2
5,4493,1,0
4,4495,14,2
3,4496,2,2
1,4498,11,10
2,4498,2,0
2,4502,2,1
5,4502,2,0
3,4504,2,2
0,4507,17,1
4,4509,18,1
1,4510,14,9
2,4512,1,1
3,4517,4,2
1,4518,15,7
2,4518,1,0
5,4521,10,5
1,4525,16,6
2,4525,2,3
3,4527,7,1
5,4527,12,3
2,4530,3,4
4,4531,1,0
0,4534,1,0
5,4534,15,2
1,4537,17,5
3,4538,1,0
2,4539,5,3
4,4542,2,2
5,4542,17,1
0,4545,2,0
1,4547,18,4
3,4547,1,0
2,4551,8,2
0,4557,1,1
1,4557,19,2
4,4557,2,9
3,4558,0,1
2,4561,9,1
0,4561,1,0
4,4567,2,11
5,4567,1,0
0,4570,4,3
3,4575,2,0
5,4577,2,0
4,4580,2,15
2,4581,2,0
3,4583,2,2
0,4587,11,2
2,4590,1,2
3,4590,1,2
5,4591,2,0
1,4594,2,0
0,4596,14,1
4,4596,2,16
2,4596,1,0
3,4597,1,0
1,4600,3,7
5,4602,1,0
2,4607,8,1
1,4610,6,6
3,4612,5,1
4,4613,2,18
1,4617,7,4
5,4617,10,4
0,4620,2,0
2,4620,2,0
3,4620,2,0
5,4624,13,3
2,4626,2,1
1,4627,9,3
3,4629,1,1
5,4630,14,2
0,4631,1,2
4,4632,10,20
0,4636,0,1
1,4636,10,1
2,4637,1,1
4,4638,11,18
3,4641,2,0
5,4641,19,1
0,4642,1,0
4,4645,12,16
2,4647,2,0
3,4647,2,4
1,4651,2,0
0,4652,2,2
4,4652,13,13
3,4653,2,5
2,4655,2,1
4,4657,14,11
0,4662,4,6
1,4662,0,1
2,4662,0,1
4,4664,15,9
3,4666,5,5
5,4668,2,0
1,4672,1,0
2,4675,1,0
3,4675,6,4
4,4675,16,8
0,4676,8,5
1,4680,2,4
0,4684,11,4
3,4685,8,3
2,4687,2,0
1,4688,3,6
4,4688,18,4
3,4694,9,2
5,4694,15,3
2,4695,2,1
4,4696,19,1
0,4698,14,3
1,4698,4,5
2,4701,1,1
0,4703,15,2
5,4706,17,2
2,4708,2,0
3,4708,2,0
1,4709,8,4
0,4711,18,1
3,4716,2,0
1,4717,12,3
5,4718,19,1
2,4720,4,4
4,4724,1,0
1,4728,13,2
3,4731,6,1
0,4733,2,0
2,4734,7,2
4,4736,2,1
1,4738,16,1
5,4740,2,0
2,4745,9,1
3,4745,1,0
0,4750,11,6
5,4751,2,0
3,4755,7,1
4,4757,13,2
0,4761,16,5
2,4761,2,0
5,4763,1,1
1,4765,1,0
2,4768,2,3
3,4768,2,0
4,4770,18,1
2,4772,2,3
3,4772,2,0
0,4773,17,4
1,4773,3,2
5,4775,2,0
3,4777,2,0
5,4782,2,1
0,4784,18,3
2,4784,7,3
3,4789,3,1
5,4790,1,1
2,4792,8,2
1,4793,18,1
4,4797,2,0
5,4799,2,0
2,4802,9,1
3,4803,1,0
5,4810,2,0
0,4811,2,0
4,4814,2,5
0,4817,4,2
3,4817,6,1
1,4819,1,0
5,4821,1,0
2,4823,1,0
0,4829,5,1
1,4834,5,2
2,4835,2,0
5,4836,2,0
4,4839,11,7
0,4841,2,0
3,4842,2,0
4,4845,12,4
1,4846,11,1
2,4849,6,1
3,4851,1,0
5,4851,12,5
0,4854,5,3
4,4855,14,3
3,4858,2,1
2,4860,1,0
5,4861,16,4
4,4863,18,2
0,4866,11,2
3,4866,2,2
1,4867,1,0
2,4872,2,0
4,4872,19,1
3,4874,2,3
2,4877,1,1
0,4880,17,1
3,4881,2,3
5,4882,2,0
1,4886,10,3
5,4886,2,0
3,4887,2,4
2,4887,1,0
3,4895,2,4
2,4897,5,1
4,4898,1,0
5,4901,13,4
0,4902,1,0
1,4902,16,2
3,4904,3,6
2,4906,2,0
1,4908,17,1
4,4910,10,2
3,4911,4,5
0,4913,2,0
2,4915,2,1
5,4915,17,2
2,4920,1,2
0,4921,5,3
3,4922,6,3
4,4922,17,1
5,4926,19,1
2,4930,2,0
1,4933,2,0
2,4934,2,1
3,4934,9,1
2,4939,1,1
0,4943,18,2
1,4944,3,3
4,4945,1,0
3,4950,1,0
5,4951,2,0
0,4952,19,1
3,4963,2,0
4,4964,15,1
1,4965,13,2
2,4965,1,0
3,4971,2,1
5,4974,10,3
1,4980,19,1
2,4981,8,1
0,4983,1,0
4,4984,1,0
5,4984,13,2
3,4988,8,1
5,4991,14,1
2,4996,2,0
0,4998,8,3
4,5000,10,1
3,5002,2,0
2,5004,2,2
0,5008,14,2
1,5011,2,0
5,5011,2,0
3,5011,2,0
2,5016,1,2
3,5018,1,0
4,5018,2,0
0,5020,19,1
3,5026,1,1
1,5030,10,3
3,5030,1,1
4,5033,2,0
3,5036,1,1
5,5038,17,2
3,5042,1,1
1,5044,13,2
4,5044,2,1
2,5045,2,0
3,5046,1,2
2,5049,2,1
1,5054,15,1
4,5055,2,3
3,5058,2,3
0,5060,2,0
2,5060,1,2
3,5063,3,5
5,5063,1,0
2,5064,1,0
3,5068,4,4
4,5068,2,5
2,5075,2,1
1,5077,1,0
3,5078,6,3
5,5079,11,3
3,5083,7,2
5,5090,14,2
1,5092,8,1
3,5094,9,1
4,5094,14,5
0,5097,2,0
2,5099,1,0
4,5100,15,4
2,5103,1,0
1,5104,2,0
0,5110,8,1
3,5112,1,0
4,5112,17,1
5,5113,1,0
2,5114,4,1
1,5115,2,0
3,5121,1,0
1,5122,1,1
2,5126,1,0
3,5126,1,0
0,5130,1,0
5,5130,14,1
1,5131,2,0
1,5136,2,1
0,5140,2,1
4,5140,1,0
1,5141,3,2
1,5150,7,1
2,5151,1,0
3,5152,1,0
4,5153,1,0
4,5159,2,0
0,5163,16,2
4,5165,0,1
5,5166,2,0
2,5168,9,1
4,5197,1,0
3,5199,1,0
4,5204,2,1
3,5205,2,0
3,5214,4,1
4,5218,2,2
5,5230,2,0
3,5234,2,0
1,5238,2,0
2,5239,2,0
4,5242,10,2
5,5245,1,0
0,5249,2,0
1,5249,3,1
3,5251,8,3
0,5257,1,0
2,5257,1,0
3,5262,9,2
2,5263,2,0
5,5264,14,1
0,5266,2,1
4,5266,1,0
4,5271,2,1
0,5277,3,5
2,5280,2,0
1,5283,2,0
0,5286,4,4
2,5293,6,1
4,5293,10,3
1,5294,7,2
3,5298,2,0
4,5305,17,2
5,5305,2,0
0,5306,14,3
3,5308,1,0
2,5309,2,0
1,5311,14,1
3,5316,2,2
4,5317,19,1
0,5321,18,2
5,5322,10,3
3,5326,4,2
2,5328,2,0
0,5329,19,1
2,5333,3,1
5,5333,12,2
3,5337,8,1
2,5341,1,0
1,5342,2,0
4,5343,2,0
1,5351,1,0
2,5353,5,1
3,5354,1,0
5,5355,1,0
0,5357,1,0
1,5372,16,2
0,5374,1,0
3,5375,1,0
5,5376,1,0
3,5379,1,0
1,5381,19,1
0,5382,5,1
2,5385,1,0
4,5385,1,0
3,5388,0,1
3,5433,1,0
2,5435,1,0
4,5437,1,0
5,5439,1,0
3,5448,1,0
2,5450,1,0
5,5451,1,0
0,5456,1,0
4,5456,11,1
1,5469,1,0
0,5473,2,0
5,5475,15,1
1,5489,2,0
0,5498,17,1
1,5498,3,2
2,5503,2,0
1,5506,6,1
3,5506,2,0
2,5508,2,0
3,5512,2,0
1,5515,2,0
4,5516,2,0
5,5521,2,0
0,5525,2,0
1,5539,18,1
2,5651,2,0
0,5653,2,0
2,5660,3,1
0,5677,1,0
3,5678,1,0
4,5685,1,0
5,5686,1,0
0,5694,14,1
3,5695,2,0
2,5698,2,0
3,5704,6,1
4,5709,2,0
2,5711,2,0
4,5725,11,1
5,5751,2,0
2,5753,2,0
5,5767,15,1
2,5769,8,1
3,5819,1,0
2,5822,1,0
4,5822,1,0
3,5824,2,0
5,5829,1,0
2,5829,2,0
0,5830,1,0
3,5832,2,1
1,5835,1,0
0,5835,2,0
3,5841,7,1
4,5845,17,1
1,5846,2,0
1,5857,7,1
0,5858,19,1
2,5959,2,0
1,5966,2,0
2,5973,9,1
5,6043,2,0
1,6045,2,0
2,6051,2,0
3,6052,2,0
1,6055,8,1
5,6225,2,0
2,6227,2,0
3,6228,2,0
1,6235,2,0
2,6244,8,1
5,6257,2,0
1,6259,2,0
1,6273,2,0
3,6274,2,0
5,6274,13,1
2,6281,2,0
1,6299,18,1
