3,0,0,0
5,1,0,0
1,3,0,0
3,9,1,6
1,10,1,1
4,10,0,0
0,11,0,0
2,12,0,0
5,17,10,7
3,18,3,5
4,20,2,11
0,22,1,13
2,22,3,4
1,23,0,0
3,25,4,4
5,27,13,5
2,28,4,3
0,29,2,12
1,31,1,20
2,34,6,2
0,35,3,11
3,37,5,3
5,37,15,4
1,39,2,18
4,42,11,10
5,43,17,2
1,44,3,17
3,46,7,2
0,47,4,10
2,48,9,1
4,49,12,9
1,51,4,15
5,52,19,1
3,57,8,1
0,59,7,8
1,60,6,14
4,62,14,8
0,64,8,6
2,68,0,0
1,69,9,13
0,69,9,5
3,71,0,0
4,71,15,7
1,74,10,12
2,74,1,20
0,76,11,4
3,79,1,20
1,79,11,10
5,81,0,0
3,84,2,17
4,84,17,4
2,84,2,19
0,86,13,3
1,87,12,9
3,90,3,14
2,91,3,14
5,92,1,20
4,94,18,3
1,98,13,8
0,98,19,2
3,99,4,13
2,100,5,11
4,102,19,2
3,104,5,12
1,106,15,7
5,110,10,19
2,111,6,10
1,112,17,4
3,116,6,7
5,116,11,18
2,120,7,9
3,122,7,6
1,122,18,3
0,125,0,0
5,126,12,16
4,129,0,0
3,130,8,2
2,132,8,4
1,134,19,1
4,134,1,20
0,134,1,20
5,137,13,13
3,138,9,1
0,139,2,19
2,141,9,2
5,146,14,9
4,146,2,19
0,148,3,18
5,152,15,7
2,155,0,0
3,157,0,0
0,161,7,17
2,162,2,20
5,163,16,6
1,163,0,0
4,164,10,18
3,165,1,20
0,169,8,16
2,170,4,19
5,171,17,5
4,171,11,16
3,173,3,18
1,173,1,20
0,175,10,15
5,177,18,2
4,177,12,13
2,181,5,15
1,184,2,19
4,185,13,11
3,186,5,16
5,186,19,1
0,186,12,11
2,188,6,14
3,191,6,15
0,193,14,10
4,195,14,8
2,195,7,6
1,196,4,18
3,198,7,12
4,202,15,5
2,202,8,3
0,204,15,7
1,208,8,17
3,209,8,9
2,209,9,2
0,213,17,5
5,214,0,0
4,215,17,4
3,217,9,3
1,217,10,16
5,221,1,20
4,221,18,3
0,223,18,4
1,225,11,13
5,228,2,18
2,228,0,0
0,231,19,2
1,232,13,12
2,235,1,20
3,237,0,0
1,239,14,11
2,241,2,17
4,246,0,0
3,247,1,20
5,247,10,16
1,251,15,9
2,252,3,15
5,255,11,14
1,257,16,7
3,259,2,18
2,259,4,13
0,261,0,0
4,262,10,20
5,263,12,12
3,268,3,15
2,268,5,11
1,269,17,4
5,270,13,9
0,272,3,20
3,274,4,13
4,274,11,18
2,274,6,10
5,275,14,6
1,277,19,2
0,279,4,19
4,282,12,16
2,282,8,5
5,283,17,3
3,287,6,12
4,289,13,13
2,289,9,3
5,292,18,2
0,292,6,18
3,295,7,7
4,300,14,12
5,303,19,1
0,303,7,17
2,303,0,0
3,305,8,4
1,307,0,0
4,307,15,11
3,310,9,1
2,311,1,20
4,313,16,5
1,314,3,20
0,315,8,16
2,317,2,18
4,318,17,2
0,324,9,15
2,324,3,15
1,325,10,19
4,328,18,1
3,331,0,0
5,331,0,0
1,331,12,16
2,331,4,12
0,335,11,14
1,336,13,12
3,339,1,20
2,341,5,10
1,344,14,11
0,344,12,13
3,348,2,18
5,348,10,20
2,348,6,7
1,349,15,10
0,349,13,11
4,351,0,0
3,354,3,16
1,355,16,8
2,357,7,6
0,358,15,7
5,359,11,16
3,363,4,15
2,363,8,5
5,364,12,15
1,364,17,4
0,364,16,6
4,367,11,20
2,370,9,3
3,371,5,14
5,373,14,13
1,374,18,2
4,376,12,17
0,377,18,5
5,380,15,10
3,381,6,13
1,381,19,1
2,385,0,0
4,386,13,15
5,388,16,8
3,391,7,10
2,392,1,20
3,398,8,6
4,398,14,12
2,398,2,17
5,401,18,5
0,401,0,0
4,403,15,9
1,405,0,0
2,405,3,15
3,407,9,2
5,411,19,2
1,411,1,20
4,411,16,8
2,412,4,13
0,414,9,20
2,418,5,9
1,419,2,19
0,422,10,19
4,423,17,4
3,424,0,0
1,426,3,17
2,426,6,7
3,429,1,20
4,431,19,1
0,432,11,16
2,435,8,4
3,436,2,17
1,438,5,16
2,440,9,3
5,441,0,0
0,441,12,14
3,445,3,10
1,448,9,14
0,451,13,12
1,453,10,13
4,456,0,0
3,457,4,8
2,458,0,0
5,460,11,20
0,461,14,11
4,462,1,20
1,464,12,11
2,464,1,20
3,470,6,7
5,470,12,16
0,472,15,8
2,473,2,18
4,475,10,19
1,476,13,7
0,478,16,5
2,479,3,17
3,480,7,6
5,482,13,12
1,483,16,4
2,486,4,15
3,488,8,4
4,489,13,17
0,489,17,3
5,491,14,10
2,491,5,12
1,493,17,2
3,495,9,1
4,498,14,16
1,501,19,1
0,501,18,2
2,501,6,9
5,502,15,5
4,503,15,13
3,509,0,0
5,509,16,4
2,513,7,7
3,515,1,20
4,515,16,6
5,519,17,2
2,524,8,5
0,525,0,0
3,527,3,15
4,527,18,4
1,531,0,0
4,534,19,1
2,534,9,2
3,536,5,12
0,540,10,20
5,543,0,0
3,544,6,10
1,547,10,20
0,548,11,17
1,552,11,16
2,555,0,0
3,556,7,9
5,556,2,20
1,558,13,14
0,558,12,12
4,559,0,0
2,561,2,20
3,563,8,6
1,563,14,12
0,568,13,9
3,570,9,2
2,572,3,16
4,573,10,20
1,575,15,11
5,577,10,19
0,580,14,7
1,581,16,8
4,581,11,18
5,583,11,15
2,584,4,11
3,586,0,0
4,586,12,16
1,590,17,6
2,590,6,8
0,591,16,5
5,594,12,14
4,596,14,13
3,597,1,20
0,599,18,3
5,600,14,13
2,601,7,7
1,603,19,2
3,604,2,15
4,604,15,10
2,607,8,4
4,609,16,7
0,609,19,1
5,610,15,9
2,613,9,3
3,615,4,12
5,619,16,8
4,620,18,5
5,624,17,6
3,625,5,10
4,628,19,2
2,630,0,0
3,631,6,8
5,632,18,3
1,632,0,0
0,635,0,0
2,635,1,20
3,641,7,4
5,643,19,2
2,643,2,19
1,647,10,20
3,652,8,3
0,653,10,20
2,653,3,17
1,654,11,17
4,655,0,0
1,659,12,13
4,661,2,20
2,662,4,15
3,665,0,0
1,665,13,11
0,665,11,18
2,669,5,14
5,672,0,0
0,672,12,12
3,674,1,20
1,674,14,9
2,674,6,13
3,681,2,17
1,681,15,6
2,683,7,9
4,684,10,19
0,684,13,10
1,689,16,3
2,690,8,7
5,691,10,20
0,691,14,8
3,693,3,12
4,693,11,18
1,695,18,1
2,695,9,2
0,697,15,6
3,699,5,8
0,702,16,4
5,703,13,16
4,703,12,15
3,705,6,7
0,708,17,3
3,713,7,4
4,713,13,14
2,713,0,0
5,714,14,14
0,714,19,1
4,718,14,11
2,719,1,20
5,720,15,12
3,721,8,2
2,724,2,18
1,725,0,0
4,729,16,9
5,731,16,9
2,734,3,16
3,735,0,0
5,737,17,6
0,738,0,0
4,739,17,5
1,740,10,20
3,741,1,20
2,741,4,13
5,742,18,5
1,746,11,17
4,747,18,3
5,748,19,4
2,748,5,9
1,751,12,15
3,752,2,18
4,754,19,1
0,755,10,20
1,757,13,11
2,757,6,8
3,762,3,14
2,762,7,7
0,763,11,16
1,765,14,9
3,769,4,13
0,769,13,12
2,769,8,5
5,774,0,0
1,774,16,6
2,774,9,2
3,778,5,11
4,778,0,0
1,779,17,5
0,780,16,8
5,783,1,20
1,786,18,4
3,787,6,8
4,788,1,20
0,789,17,6
2,792,0,0
3,793,7,7
1,798,19,1
5,801,10,18
0,801,18,3
2,801,1,20
4,803,10,19
3,804,8,6
5,806,11,15
2,808,2,19
4,810,11,15
3,812,9,2
5,812,13,14
0,813,19,1
2,814,3,16
4,815,12,11
5,820,14,11
1,822,0,0
4,823,14,9
2,823,4,15
5,827,15,9
3,828,0,0
4,830,15,8
1,832,1,20
5,834,16,6
2,835,5,14
3,837,1,20
0,839,0,0
5,840,17,4
1,841,3,18
4,841,16,5
5,845,18,1
2,845,6,11
3,847,2,19
4,851,17,1
1,852,8,16
0,853,4,20
2,853,7,6
3,859,3,17
2,860,8,2
1,861,10,15
0,866,7,19
5,868,0,0
1,868,11,14
3,870,4,16
2,871,9,1
3,876,5,11
1,876,12,12
0,876,8,18
5,877,2,20
4,878,0,0
4,886,1,20
0,886,9,17
3,887,6,8
1,887,13,9
0,891,10,16
2,892,0,0
1,898,16,7
4,898,2,19
3,899,7,5
5,901,10,19
2,901,1,20
0,903,11,12
3,905,8,1
2,906,2,19
1,907,17,6
0,911,13,11
2,912,3,17
5,913,11,15
1,913,18,1
3,919,0,0
5,921,12,14
4,921,10,18
2,922,4,12
0,923,14,10
5,926,13,12
2,927,5,9
4,930,12,16
3,932,2,20
0,934,15,9
2,934,6,8
1,937,0,0
3,938,3,19
5,938,14,10
4,938,13,13
0,939,16,5
3,943,4,16
5,943,15,6
2,943,7,6
0,944,17,3
4,945,14,10
1,947,1,20
0,950,19,1
2,950,8,4
5,952,16,5
4,953,15,9
3,955,5,14
5,958,17,2
4,959,16,7
3,960,6,13
1,961,6,19
2,964,0,0
5,965,18,1
4,965,17,6
1,967,8,18
3,968,7,9
4,972,18,3
2,972,1,20
0,976,0,0
4,977,19,1
1,979,10,17
3,980,8,5
2,984,2,18
0,986,1,20
1,988,11,13
3,989,9,2
2,992,3,15
5,993,0,0
1,994,13,12
0,999,3,19
4,1000,0,0
1,1002,14,7
2,1003,4,14
5,1005,2,20
0,1006,4,18
3,1007,0,0
1,1011,15,5
3,1012,1,20
2,1014,5,12
4,1018,10,20
1,1019,16,4
3,1020,2,19
0,1023,10,17
4,1025,11,17
2,1025,6,10
3,1026,3,18
5,1026,10,19
1,1027,18,2
5,1031,11,18
2,1034,7,4
4,1035,12,15
3,1036,4,17
1,1036,19,1
0,1036,12,14
5,1040,12,15
0,1041,13,12
3,1043,5,14
5,1045,13,14
2,1045,8,3
4,1047,13,12
2,1051,9,2
0,1052,14,7
4,1053,14,9
3,1055,6,13
5,1056,14,12
4,1060,15,7
0,1061,15,6
5,1063,16,10
1,1063,0,0
3,1065,7,8
4,1067,17,6
5,1069,17,8
0,1070,16,4
2,1071,0,0
5,1075,18,4
4,1075,18,1
3,1077,8,4
1,1078,6,20
0,1079,19,1
3,1082,9,1
2,1082,1,20
5,1084,19,2
1,1091,10,18
2,1093,2,17
3,1096,0,0
2,1099,3,15
1,1100,11,16
4,1101,0,0
3,1104,1,20
5,1108,0,0
1,1108,12,15
2,1108,4,13
0,1110,0,0
3,1111,2,18
2,1114,5,11
4,1116,10,20
1,1120,13,13
0,1120,3,20
3,1121,3,16
5,1121,10,20
4,1123,11,15
2,1123,6,8
3,1126,4,14
5,1128,11,18
1,1128,14,12
4,1129,12,13
2,1129,7,7
0,1134,7,19
3,1136,5,13
4,1136,13,11
2,1136,9,5
1,1138,15,7
5,1139,12,15
4,1141,14,10
0,1145,11,18
3,1146,6,11
1,1147,16,6
5,1148,13,12
4,1149,15,8
0,1153,12,17
1,1154,17,5
2,1155,0,0
5,1156,14,9
3,1158,7,8
4,1159,16,7
1,1160,19,1
0,1165,13,16
5,1166,15,8
4,1166,17,2
2,1166,1,20
3,1170,8,7
2,1173,2,18
5,1174,17,4
4,1174,19,1
0,1176,14,11
2,1179,3,17
3,1180,9,2
5,1180,18,3
2,1184,4,16
1,1186,0,0
0,1186,16,6
5,1188,19,2
2,1194,5,12
3,1195,0,0
1,1195,1,20
0,1196,17,3
4,1200,0,0
3,1204,1,5
2,1204,6,11
0,1205,18,1
1,1207,3,18
5,1213,0,0
1,1215,4,17
2,1215,7,8
3,1216,6,3
4,1217,10,20
2,1220,8,6
1,1222,5,15
1,1228,6,13
4,1228,11,16
2,1231,9,3
5,1233,13,5
0,1234,0,0
4,1237,12,14
5,1240,16,3
1,1244,11,12
4,1246,13,11
1,1253,13,10
4,1256,14,9
1,1261,14,8
4,1265,15,7
1,1268,16,6
1,1274,17,4
4,1275,16,5
1,1282,18,3
4,1286,17,4
1,1287,19,1
4,1292,19,2
