71,6,14,0,5,1,7,8
1149,10,17,0,4,2,5,7
849,10,17,0,4,1,6,7
108,14,19,0,1,1,4,5
924,2,23,0,12,3,18,21
908,3,24,0,7,1,20,21
188,1,24,0,7,3,20,23
1235,6,26,0,7,1,19,20
107,25,29,0,1,1,3,4
1103,22,29,0,1,3,4,7
1108,6,30,0,8,1,23,24
965,20,32,0,11,1,11,12
375,10,32,0,5,3,19,22
761,8,34,0,9,1,25,26
488,2,35,0,15,2,31,33
366,10,35,0,15,1,24,25
1003,1,36,0,9,2,33,35
271,25,37,0,2,2,10,12
393,16,41,0,6,1,24,25
418,17,42,0,13,1,24,25
839,7,46,0,17,1,38,39
961,10,47,0,17,1,36,37
167,21,49,0,3,1,27,28
906,18,49,0,3,2,29,31
1057,19,52,0,14,1,32,33
295,11,55,0,19,1,43,44
730,2,56,0,18,2,52,54
351,26,58,0,1,24,8,32
1010,32,58,0,1,18,8,26
923,21,60,0,4,1,38,39
1076,23,60,0,4,3,34,37
487,23,60,0,4,1,36,37
826,35,63,0,1,21,7,28
1175,26,63,0,1,30,7,37
861,13,65,0,18,1,51,52
687,14,65,0,18,1,50,51
718,22,66,0,5,1,43,44
940,26,66,0,5,1,39,40
631,47,67,0,2,3,17,20
1242,43,67,0,2,7,17,24
1072,24,73,0,6,1,48,49
744,23,73,0,6,1,49,50
905,37,73,0,4,19,17,36
114,22,73,0,6,2,49,51
1120,47,73,0,4,9,17,26
853,44,74,0,3,6,24,30
1022,31,79,0,4,19,29,48
943,38,79,0,4,12,29,41
486,35,79,0,4,15,29,44
1272,34,79,0,4,16,29,45
527,46,81,0,5,10,25,35
507,22,84,0,7,1,61,62
136,19,84,0,7,2,63,65
277,21,84,0,7,1,62,63
613,37,86,0,5,13,36,49
640,54,86,0,1,27,5,32
106,54,88,0,1,28,6,34
803,54,88,0,1,28,6,34
909,24,90,0,8,2,64,66
119,24,90,0,8,1,65,66
625,39,91,0,10,17,35,52
572,43,94,0,6,7,44,51
53,75,94,0,1,14,5,19
1110,76,94,0,1,13,5,18
745,46,94,0,6,4,44,48
987,40,94,0,6,10,44,54
1213,62,94,0,1,27,5,32
545,26,96,0,9,1,69,70
128,54,97,0,3,27,16,43
822,45,101,0,12,11,45,56
15,72,103,0,2,17,14,31
229,59,103,0,2,30,14,44
1217,33,106,0,7,17,56,73
313,57,106,0,10,25,24,49
464,56,106,0,10,26,24,50
156,28,106,0,7,22,56,78
181,31,106,0,7,19,56,75
1218,38,106,0,7,12,56,68
728,49,106,0,4,32,25,57
1270,21,109,0,13,35,53,88
891,32,109,0,13,24,53,77
521,48,109,0,13,8,53,61
1109,43,111,0,5,38,30,68
316,42,111,0,5,39,30,69
1314,27,117,0,8,23,67,90
325,34,117,0,8,16,67,83
1077,61,119,0,14,21,37,58
1289,60,119,0,14,22,37,59
614,33,119,0,14,49,37,86
816,75,121,0,1,37,9,46
746,27,121,0,6,54,40,94
1189,65,121,0,10,24,32,56
699,43,122,0,15,13,66,79
618,24,122,0,15,32,66,98
658,30,122,0,15,26,66,92
617,31,122,0,15,25,66,91
1018,64,124,0,15,18,42,60
150,63,124,0,15,19,42,61
10,50,124,0,15,32,42,74
674,29,124,0,9,21,74,95
1071,65,124,0,15,17,42,59
1169,74,127,0,3,38,15,53
558,54,127,0,3,58,15,73
174,53,131,0,7,28,50,78
884,44,132,0,12,45,43,88
1024,65,133,0,4,47,21,68
265,58,133,0,4,54,21,75
603,43,134,0,16,13,78,91
1055,28,134,0,16,28,78,106
347,51,135,0,16,31,53,84
1241,62,135,0,16,20,53,73
1240,65,135,0,16,17,53,70
771,50,140,0,8,31,59,90
1035,51,140,0,8,30,59,89
262,43,142,0,17,39,60,99
94,63,142,0,5,49,30,79
684,71,142,0,5,41,30,71
960,25,142,0,17,57,60,117
292,65,142,0,5,47,30,77
791,54,142,0,5,58,30,88
339,31,142,0,5,81,30,111
186,66,142,0,17,16,60,76
72,69,142,0,5,43,30,73
1177,70,144,0,13,19,55,74
35,44,146,0,18,12,90,102
650,38,146,0,18,18,90,108
707,29,146,0,18,27,90,117
637,69,148,0,1,73,6,79
124,78,148,0,1,64,6,70
274,76,148,0,1,66,6,72
711,46,150,0,18,36,68,104
297,59,150,0,18,23,68,91
1215,58,150,0,18,24,68,92
813,50,152,0,9,31,71,102
770,83,153,0,2,59,11,70
719,84,153,0,2,58,11,69
32,67,154,0,6,45,42,87
1141,50,155,0,14,39,66,105
1193,34,155,0,19,22,99,121
381,74,155,0,14,15,66,81
1221,60,155,0,14,29,66,95
983,61,160,0,8,51,48,99
269,75,160,0,15,14,71,85
466,29,160,0,15,60,71,131
1178,70,160,0,8,42,48,90
327,52,160,0,8,60,48,108
984,49,160,0,8,63,48,111
304,56,160,0,8,56,48,104
424,29,161,0,10,52,80,132
594,36,164,0,3,106,22,128
578,66,165,0,16,23,76,99
900,77,165,0,16,12,76,88
1009,64,167,0,9,48,55,103
1200,66,167,0,9,46,55,101
1002,38,167,0,9,74,55,129
37,34,171,0,13,47,90,137
789,54,172,0,4,88,30,118
840,78,174,0,17,11,85,96
1115,71,174,0,17,18,85,103
84,77,180,0,18,12,91,103
479,69,180,0,18,20,91,111
1078,38,181,0,14,43,100,143
96,85,184,0,5,57,42,99
25,75,184,0,5,67,42,109
717,77,184,0,5,65,42,107
514,77,184,0,5,65,42,107
92,78,189,0,6,64,47,111
67,62,189,0,6,80,47,127
1174,77,189,0,6,65,47,112
240,49,189,0,1,128,12,140
196,86,189,0,1,91,12,103
871,65,189,0,6,77,47,124
13,85,189,0,3,97,7,104
834,80,189,0,1,97,12,109
433,70,189,0,6,72,47,119
827,77,189,0,3,105,7,112
50,21,191,0,15,60,110,170
496,68,192,0,19,21,103,124
846,98,193,0,1,84,11,95
385,54,196,0,16,27,115,142
859,45,196,0,16,36,115,151
723,89,198,0,2,88,21,109
817,78,198,0,8,64,56,120
1042,69,198,0,2,108,21,129
285,77,199,0,4,105,17,122
724,98,204,0,2,84,22,106
779,101,204,0,2,81,22,103
1001,77,205,0,9,65,63,128
812,55,205,0,9,87,63,150
322,65,205,0,9,77,63,140
478,50,206,0,18,31,125,156
145,52,206,0,18,29,125,154
708,32,206,0,18,49,125,174
542,48,206,0,18,33,125,158
794,85,211,0,5,97,29,126
95,90,211,0,5,92,29,121
593,94,214,0,3,88,32,120
587,96,214,0,3,86,32,118
245,81,215,0,10,96,38,134
1291,90,220,0,6,92,38,130
69,89,221,0,11,88,44,132
1121,78,224,0,4,104,42,146
266,91,224,0,4,91,42,133
171,76,224,0,4,106,42,148
644,91,228,0,7,91,46,137
310,88,228,0,7,94,46,140
359,75,233,0,12,102,56,158
709,78,233,0,12,99,56,155
1283,59,233,0,12,118,56,174
368,65,234,0,5,117,52,169
902,95,234,0,5,87,52,139
340,89,234,0,5,93,52,145
892,114,238,0,2,111,13,124
532,101,238,0,10,117,20,137
919,94,238,0,2,131,13,144
244,81,238,0,10,137,20,157
312,94,238,0,10,124,20,144
751,66,239,0,13,111,62,173
911,85,239,0,13,92,62,154
1105,58,240,0,8,124,58,182
238,92,241,0,6,90,59,149
870,88,241,0,6,94,59,153
657,83,241,0,6,99,59,158
681,112,244,0,3,119,13,132
1046,104,245,0,3,121,20,141
218,77,245,0,3,148,20,168
12,112,245,0,3,113,20,133
371,104,248,0,11,114,30,144
876,92,248,0,11,126,30,156
951,64,249,0,9,118,67,185
760,75,249,0,9,107,67,174
922,91,249,0,4,140,18,158
369,87,250,0,14,90,73,163
7,77,250,0,14,100,73,173
1091,99,252,0,7,83,70,153
754,91,252,0,7,91,70,161
972,54,252,0,7,128,70,198
1065,85,254,0,12,133,36,169
1294,85,255,0,15,92,78,170
776,101,257,0,4,124,32,156
378,109,257,0,4,116,32,148
872,105,257,0,4,120,32,152
807,95,257,0,4,130,32,162
116,102,259,0,8,80,77,157
86,102,260,0,13,116,42,158
36,93,260,0,13,125,42,167
611,87,261,0,12,95,79,174
798,84,262,0,16,93,85,178
278,110,263,0,7,121,32,153
298,112,263,0,7,119,32,151
734,110,265,0,5,115,40,155
314,98,265,0,5,127,40,167
1181,112,265,0,5,113,40,153
184,95,266,0,15,123,48,171
1288,78,266,0,13,104,84,188
626,98,266,0,15,120,48,168
1080,87,269,0,9,95,87,182
815,93,269,0,9,89,87,176
412,111,270,0,6,114,45,159
928,90,272,0,17,87,95,182
301,86,272,0,17,91,95,186
555,97,273,0,16,121,55,176
1047,88,273,0,16,130,55,185
1117,101,273,0,16,117,55,172
1162,105,273,0,16,113,55,168
1203,67,275,0,14,115,93,208
382,89,275,0,14,93,93,186
727,115,276,0,9,116,45,161
85,110,279,0,7,115,54,169
680,113,279,0,7,112,54,166
608,82,280,0,15,100,98,198
122,88,281,0,18,89,104,193
671,88,281,0,18,89,104,193
549,99,284,0,17,119,66,185
929,107,284,0,17,111,66,177
598,61,284,0,17,157,66,223
985,112,284,0,8,113,59,172
1069,96,284,0,17,122,66,188
1172,107,284,0,8,118,59,177
1190,114,285,0,10,117,54,171
408,88,289,0,16,94,107,201
797,84,289,0,16,98,107,205
1293,90,291,0,18,128,73,201
454,91,292,0,9,134,67,201
1182,111,292,0,9,114,67,181
388,89,292,0,9,136,67,203
544,123,296,0,2,160,13,173
609,111,297,0,11,120,66,186
468,112,297,0,11,119,66,185
205,86,299,0,17,96,117,213
1223,92,302,0,19,126,84,210
1122,117,304,0,3,166,21,187
991,120,304,0,3,163,21,184
670,51,305,0,19,131,123,254
439,71,309,0,13,160,78,238
231,115,317,0,5,168,34,202
249,109,317,0,14,122,86,208
18,86,317,0,14,145,86,231
330,121,317,0,5,162,34,196
29,99,317,0,14,132,86,218
505,113,317,0,14,118,86,204
1011,133,317,0,1,174,10,184
428,102,317,0,14,129,86,215
536,119,317,0,5,164,34,198
220,114,321,0,10,193,14,207
283,118,321,0,10,189,14,203
648,120,321,0,10,187,14,201
1230,135,322,0,2,172,15,187
918,142,322,0,2,165,15,180
917,139,322,0,2,168,15,183
818,123,322,0,2,184,15,199
832,125,324,0,6,158,41,199
276,96,324,0,6,187,41,228
257,112,324,0,6,171,41,212
1197,126,324,0,6,157,41,198
64,110,326,0,15,121,95,216
778,135,328,0,3,172,21,193
828,141,328,0,3,166,21,187
76,126,328,0,3,181,21,202
31,120,329,0,7,163,46,209
931,85,329,0,7,198,46,244
458,115,329,0,7,168,46,214
524,127,329,0,7,156,46,202
320,115,329,0,7,168,46,214
804,119,330,0,11,188,23,211
328,118,330,0,11,189,23,212
380,110,330,0,11,197,23,220
1054,97,333,0,16,134,102,236
1140,125,336,0,4,182,29,211
783,120,336,0,4,187,29,216
465,101,336,0,13,206,29,235
1269,116,336,0,13,191,29,220
852,90,336,0,13,217,29,246
140,118,336,0,8,165,53,218
620,117,336,0,8,166,53,219
315,132,341,0,5,175,34,209
652,136,341,0,5,171,34,205
235,124,344,0,9,159,61,220
1128,117,344,0,14,190,37,227
441,118,344,0,14,189,37,226
370,120,344,0,14,187,37,224
476,123,344,0,9,160,61,221
758,122,344,0,9,161,61,222
177,109,344,0,14,198,37,235
219,137,345,0,10,194,14,208
1116,95,345,0,17,136,114,250
1156,98,345,0,10,233,14,247
481,115,349,0,10,214,20,234
1020,131,351,0,6,176,44,220
1239,115,351,0,6,192,44,236
280,123,352,0,11,208,21,229
109,134,352,0,11,197,21,218
903,139,352,0,11,192,21,213
584,115,353,0,17,192,46,238
910,120,353,0,17,187,46,233
426,93,355,0,18,138,124,262
1214,107,355,0,18,124,124,248
622,113,357,0,11,216,28,244
632,139,359,0,7,168,52,220
309,138,359,0,7,169,52,221
676,135,360,0,12,196,29,225
967,95,362,0,18,212,55,267
1309,125,362,0,12,204,33,237
1167,106,362,0,19,125,131,256
318,112,362,0,18,195,55,250
44,125,366,0,13,206,35,241
193,127,366,0,13,204,35,239
228,118,367,0,19,189,60,249
914,107,367,0,19,200,60,260
1194,119,367,0,19,188,60,248
1212,128,369,0,8,179,62,241
251,128,369,0,8,179,62,241
800,151,371,0,1,212,8,220
799,136,371,0,1,227,8,235
436,138,371,0,1,225,8,233
964,127,372,0,14,202,43,245
1312,117,372,0,14,212,43,255
287,92,372,0,14,237,43,280
641,125,372,0,14,204,43,247
1093,121,372,0,14,208,43,251
1123,136,374,0,9,171,67,238
1007,122,374,0,9,185,67,252
350,130,376,0,14,201,45,246
1267,120,376,0,14,211,45,256
1196,136,376,0,14,195,45,240
216,137,376,0,14,194,45,239
293,144,380,0,2,219,17,236
896,143,380,0,2,220,17,237
1250,128,380,0,15,201,51,252
1318,141,380,0,2,222,17,239
633,111,386,0,15,220,55,275
977,142,387,0,3,221,24,245
1088,153,387,0,3,210,24,234
993,144,387,0,3,219,24,243
200,104,388,0,16,225,59,284
548,118,395,0,17,213,64,277
210,121,395,0,17,210,64,274
1287,144,398,0,1,246,8,254
289,152,399,0,4,211,36,247
74,122,400,0,17,207,71,278
830,118,400,0,17,211,71,282
926,130,400,0,17,199,71,270
1112,131,402,0,18,200,71,271
966,132,402,0,18,199,71,270
649,116,402,0,18,215,71,286
1023,136,405,0,4,254,15,269
1099,133,407,0,19,198,76,274
1098,136,407,0,19,195,76,271
459,161,408,0,2,234,13,247
895,160,408,0,2,235,13,248
685,146,408,0,5,217,45,262
686,159,408,0,2,236,13,249
93,143,408,0,5,220,45,265
1154,159,410,0,2,238,13,251
208,120,411,0,18,209,82,291
397,110,411,0,18,219,82,301
425,121,411,0,18,208,82,290
288,130,411,0,18,199,82,281
874,118,411,0,18,211,82,293
533,151,413,0,6,212,50,262
502,159,413,0,3,236,18,254
1157,118,419,0,10,272,29,301
1084,133,419,0,10,257,29,286
510,130,419,0,19,199,90,289
660,120,419,0,19,209,90,299
9,146,419,0,10,244,29,273
1095,147,419,0,10,243,29,272
1139,153,420,0,4,242,25,267
782,159,420,0,4,236,25,261
999,160,420,0,4,235,25,260
775,156,420,0,4,239,25,264
525,153,421,0,7,210,58,268
149,124,421,0,7,239,58,297
377,149,421,0,7,214,58,272
1300,149,421,0,7,214,58,272
161,151,429,0,5,244,34,278
317,158,429,0,5,237,34,271
160,158,429,0,5,237,34,271
252,130,430,0,8,233,67,300
223,142,430,0,11,248,40,288
222,141,430,0,11,249,40,289
356,147,432,0,10,250,35,285
90,142,432,0,10,255,35,290
629,149,432,0,10,248,35,283
8,151,432,0,10,246,35,281
925,144,435,0,12,246,45,291
805,108,435,0,12,282,45,327
841,145,435,0,12,245,45,290
1237,155,439,0,6,240,44,284
113,160,439,0,6,235,44,279
534,156,439,0,6,239,44,283
286,154,439,0,6,241,44,285
260,154,439,0,6,241,44,285
569,144,441,0,12,253,44,297
1114,132,441,0,13,258,51,309
1146,149,441,0,13,241,51,292
759,154,442,0,9,209,79,288
546,145,442,0,9,218,79,297
152,164,443,0,2,270,9,279
307,152,450,0,7,243,55,298
1102,126,452,0,15,264,62,326
1015,155,452,0,13,242,55,297
639,164,454,0,1,283,7,290
683,164,454,0,1,283,7,290
638,165,454,0,1,282,7,289
1006,164,455,0,3,270,21,291
226,158,458,0,8,237,63,300
250,162,458,0,8,233,63,296
1037,146,460,0,16,244,70,314
409,141,460,0,16,249,70,319
182,137,461,0,14,260,64,324
246,158,461,0,14,239,64,303
33,155,461,0,14,242,64,306
217,141,461,0,14,256,64,320
1232,154,461,0,14,243,64,307
305,156,461,0,14,241,64,305
706,165,462,0,2,282,15,297
14,164,462,0,2,283,15,298
1199,157,464,0,9,238,69,307
138,159,465,0,5,275,31,306
703,142,466,0,17,248,76,324
499,169,468,0,2,288,11,299
1153,167,468,0,2,290,11,301
1295,153,472,0,15,244,75,319
224,137,475,0,18,253,85,338
959,157,476,0,6,277,42,319
168,167,477,0,3,290,20,310
166,170,477,0,3,287,20,307
1045,160,477,0,3,297,20,317
992,168,477,0,3,289,20,309
1,122,478,0,16,275,81,356
736,155,478,0,16,242,81,323
742,162,480,0,11,285,33,318
452,130,480,0,11,317,33,350
461,164,480,0,11,283,33,316
153,147,481,0,19,243,91,334
1258,121,481,0,19,269,91,360
971,162,481,0,7,272,47,319
300,133,484,0,17,264,87,351
1228,170,486,0,4,287,29,316
939,168,486,0,12,279,39,318
270,143,486,0,12,304,39,343
54,172,493,0,1,309,12,321
179,175,493,0,1,306,12,318
589,161,493,0,11,273,59,332
612,158,493,0,5,299,36,335
843,176,493,0,1,305,12,317
1031,147,493,0,11,287,59,346
1204,173,493,0,1,308,12,320
410,169,493,0,5,288,36,324
696,170,493,0,5,287,36,323
636,114,497,0,19,283,100,383
955,151,497,0,19,246,100,346
1053,145,497,0,19,252,100,352
70,167,498,0,13,280,51,331
519,167,498,0,13,280,51,331
1019,164,500,0,6,293,43,336
23,170,502,0,2,311,21,332
1262,168,503,0,14,279,56,335
331,166,503,0,14,281,56,337
6,155,503,0,14,292,56,348
529,166,503,0,14,281,56,337
615,167,503,0,14,280,56,336
842,163,504,0,12,271,70,341
669,160,504,0,12,274,70,344
1050,167,510,0,7,290,53,343
838,166,510,0,7,291,53,344
134,165,510,0,7,292,53,345
824,170,510,0,7,287,53,340
894,160,510,0,15,287,63,350
930,163,510,0,7,294,53,347
207,173,510,0,3,308,29,337
731,171,515,0,8,286,58,344
1124,142,515,0,13,292,81,373
79,135,515,0,13,299,81,380
889,154,515,0,13,280,81,361
682,168,515,0,8,289,58,347
720,177,517,0,4,304,36,340
897,165,517,0,4,316,36,352
880,150,519,0,17,297,72,369
1233,160,521,0,14,274,87,361
855,174,523,0,5,334,15,349
24,176,523,0,5,305,42,347
811,155,523,0,9,302,66,368
1083,172,523,0,5,309,42,351
115,165,523,0,9,292,66,358
147,168,526,0,18,279,79,358
387,119,530,0,15,315,96,411
581,172,532,0,9,336,24,360
239,174,532,0,1,352,6,358
142,164,533,0,6,317,52,369
765,168,533,0,6,313,52,365
91,159,533,0,6,322,52,374
865,155,538,0,16,279,104,383
864,155,538,0,16,279,104,383
755,167,541,0,7,314,60,374
1301,178,541,0,7,303,60,363
539,171,543,0,10,337,35,372
187,169,543,0,10,339,35,374
420,181,545,0,10,345,19,364
666,163,545,0,17,271,111,382
1004,162,545,0,10,364,19,383
80,173,549,0,9,308,68,376
757,174,549,0,9,307,68,375
199,190,549,0,1,354,5,359
1209,167,549,0,9,314,68,382
1142,175,549,0,9,306,68,374
87,169,549,0,9,312,68,380
780,169,551,0,11,357,25,382
469,172,551,0,11,354,25,379
862,145,553,0,18,289,119,408
60,164,553,0,12,344,45,389
656,185,558,0,2,359,14,373
1259,160,558,0,19,274,124,398
1100,151,558,0,19,283,124,407
1210,190,558,0,2,354,14,368
630,183,558,0,2,361,14,375
1064,161,560,0,13,347,52,399
739,177,560,0,13,331,52,383
358,172,560,0,13,336,52,388
419,172,560,0,13,336,52,388
738,139,560,0,13,369,52,421
192,178,561,0,13,348,35,383
268,179,561,0,13,347,35,382
1231,146,561,0,13,380,35,415
1014,178,561,0,13,348,35,383
206,182,563,0,3,362,19,381
237,184,568,0,10,367,17,384
1155,190,568,0,10,361,17,378
749,191,569,0,1,372,6,378
835,193,569,0,1,370,6,376
1125,183,569,0,1,380,6,386
1127,173,571,0,14,335,63,398
530,173,571,0,14,335,63,398
1313,183,572,0,14,343,46,389
362,182,572,0,14,344,46,390
1227,189,575,0,4,355,31,386
844,185,576,0,11,366,25,391
386,181,578,0,15,345,52,397
700,168,578,0,15,340,70,410
982,165,578,0,15,343,70,413
395,168,578,0,15,340,70,410
860,196,580,0,2,367,17,384
568,186,580,0,2,377,17,394
716,190,584,0,5,354,40,394
474,188,584,0,5,356,40,396
651,184,584,0,5,360,40,400
230,187,584,0,5,357,40,397
515,186,584,0,5,358,40,398
570,168,584,0,12,383,33,416
73,190,584,0,12,361,33,394
209,176,589,0,17,332,81,413
869,179,589,0,16,347,63,410
702,166,589,0,17,342,81,423
365,176,589,0,16,350,63,413
577,181,589,0,16,345,63,408
785,193,590,0,3,370,27,397
165,185,590,0,3,378,27,405
1040,199,590,0,3,364,27,391
399,176,591,0,13,375,40,415
580,180,591,0,13,371,40,411
516,184,591,0,13,367,40,407
267,187,591,0,13,364,40,404
935,190,591,0,13,361,40,401
1147,184,591,0,13,367,40,407
28,185,593,0,6,359,49,408
281,179,593,0,6,365,49,414
275,184,593,0,6,360,49,409
348,153,596,0,18,355,88,443
194,190,599,0,14,361,48,409
5,189,599,0,14,362,48,410
195,185,599,0,14,366,48,414
151,190,599,0,2,396,13,409
1229,182,600,0,18,344,74,418
654,170,600,0,18,356,74,430
1148,200,601,0,4,363,38,401
688,178,602,0,7,366,58,424
907,170,602,0,7,374,58,432
772,172,602,0,7,372,58,430
26,170,605,0,19,338,97,435
82,175,605,0,19,333,97,430
303,191,608,0,15,360,57,417
484,178,608,0,15,373,57,430
337,194,609,0,5,369,46,415
159,194,609,0,5,369,46,415
634,167,611,0,19,359,85,444
81,184,611,0,19,342,85,427
1138,173,611,0,19,353,85,438
732,189,611,0,8,355,67,422
1238,189,614,0,6,397,28,425
1028,192,619,0,17,359,68,427
41,157,619,0,17,394,68,462
942,195,620,0,6,368,57,425
766,191,620,0,6,372,57,429
394,197,620,0,6,366,57,423
990,198,620,0,6,365,57,422
788,196,620,0,6,367,57,424
319,191,621,0,7,395,35,430
562,194,621,0,7,392,35,427
180,183,621,0,7,403,35,438
763,181,622,0,9,363,78,441
1008,166,622,0,9,378,78,456
1118,172,628,0,18,379,77,456
1216,197,630,0,7,366,67,433
189,198,630,0,7,365,67,432
175,190,630,0,7,373,67,440
825,202,634,0,1,427,5,432
1187,195,634,0,12,391,48,439
899,197,634,0,12,389,48,437
1104,198,634,0,1,431,5,436
934,184,634,0,12,402,48,450
117,189,636,0,8,374,73,447
802,193,640,0,1,441,6,447
753,206,640,0,1,428,6,434
346,202,640,0,1,432,6,438
143,181,640,0,19,370,89,459
851,193,643,0,13,393,57,450
256,197,643,0,13,389,57,446
284,199,643,0,4,430,14,444
936,192,643,0,13,394,57,451
172,201,643,0,4,428,14,442
875,212,649,0,1,428,9,437
343,207,649,0,1,433,9,442
1206,164,651,0,14,422,65,487
764,201,653,0,5,428,24,452
413,197,653,0,10,437,19,456
1180,201,653,0,5,428,24,452
994,209,656,0,3,431,16,447
628,198,656,0,3,442,16,458
273,223,657,0,1,428,6,434
105,217,657,0,1,434,6,440
51,203,657,0,1,448,6,454
1249,195,658,0,15,391,72,463
430,179,658,0,15,407,72,479
1311,208,660,0,12,426,26,452
353,201,660,0,12,433,26,459
1087,200,663,0,4,440,23,463
255,209,663,0,4,431,23,454
848,211,663,0,4,429,23,452
916,219,664,0,2,432,13,445
434,200,664,0,6,429,35,464
836,216,664,0,2,435,13,448
600,201,667,0,13,433,33,466
0,192,668,0,16,394,82,476
1257,207,672,0,14,427,38,465
504,208,672,0,14,426,38,464
678,208,672,0,14,426,38,464
241,189,672,0,14,445,38,483
354,207,673,0,5,433,33,466
653,213,673,0,5,427,33,460
101,200,675,0,3,451,24,475
597,196,677,0,17,390,91,481
1027,173,677,0,17,413,91,504
714,197,677,0,17,389,91,480
1220,181,678,0,10,448,49,497
531,192,678,0,10,437,49,486
552,202,679,0,15,432,45,477
673,195,679,0,15,439,45,484
833,216,680,0,6,424,40,464
1285,203,680,0,6,437,40,477
357,214,682,0,10,454,14,468
100,208,682,0,10,460,14,474
432,196,682,0,18,390,96,486
121,195,682,0,18,391,96,487
898,220,685,0,4,431,34,465
694,221,685,0,4,430,34,464
679,202,687,0,7,438,47,485
890,215,687,0,7,425,47,472
308,192,687,0,7,448,47,495
808,215,687,0,7,425,47,472
47,177,690,0,16,457,56,513
333,208,690,0,16,426,56,482
446,205,690,0,11,463,22,485
677,193,691,0,12,436,62,498
526,190,691,0,12,439,62,501
528,212,692,0,5,439,41,480
1106,215,695,0,8,425,55,480
363,208,695,0,8,432,55,487
111,207,696,0,18,427,62,489
1113,196,697,0,13,433,68,501
272,223,697,0,6,428,46,474
3,199,697,0,13,430,68,498
62,201,697,0,13,428,68,496
2,171,697,0,13,458,68,526
492,208,697,0,6,443,46,489
495,207,697,0,6,444,46,490
1188,202,698,0,12,466,30,496
453,215,698,0,12,453,30,483
176,210,698,0,12,458,30,488
1254,217,698,0,12,451,30,481
65,215,698,0,12,453,30,483
948,215,702,0,9,425,62,487
582,214,702,0,9,426,62,488
88,212,702,0,9,428,62,490
497,205,704,0,19,429,70,499
635,204,704,0,19,430,70,500
78,204,704,0,13,464,36,500
1119,199,704,0,19,435,70,505
1029,185,704,0,14,444,75,519
1133,204,704,0,19,430,70,500
135,215,706,0,7,436,55,491
1130,213,711,0,14,455,43,498
1315,218,711,0,8,433,60,493
467,215,711,0,8,436,60,496
45,209,711,0,14,459,43,502
30,184,711,0,14,484,43,527
1034,222,711,0,8,429,60,489
1253,200,715,0,15,429,86,515
498,219,717,0,2,491,7,498
996,217,718,0,9,434,67,501
513,210,718,0,15,458,50,508
131,222,718,0,9,429,67,496
130,214,718,0,9,437,67,504
389,220,718,0,9,431,67,498
1219,195,726,0,18,434,97,531
945,231,726,0,1,486,9,495
1136,197,726,0,18,432,97,529
376,217,728,0,7,493,18,511
48,213,730,0,16,455,62,517
769,196,730,0,16,472,62,534
1132,197,731,0,19,432,102,534
819,226,735,0,2,491,18,509
672,207,737,0,18,461,69,530
655,212,737,0,18,456,69,525
489,199,737,0,18,469,69,538
125,237,740,0,1,498,5,503
1126,237,740,0,1,498,5,503
1205,236,740,0,1,499,5,504
647,223,741,0,10,487,31,518
344,217,743,0,1,517,9,526
1061,211,744,0,19,457,76,533
1021,210,744,0,19,458,76,534
595,233,745,0,3,484,28,512
854,233,745,0,3,484,28,512
480,215,750,0,4,502,33,535
592,236,750,0,3,499,15,514
974,223,750,0,4,494,33,527
586,233,750,0,4,484,33,517
790,234,750,0,4,483,33,516
132,210,751,0,11,500,41,541
590,208,751,0,11,502,41,543
904,218,751,0,11,492,41,533
1012,230,755,0,10,504,21,525
792,234,755,0,5,483,38,521
99,233,758,0,4,502,23,525
668,219,759,0,12,491,49,540
1299,217,759,0,12,493,49,542
571,232,762,0,6,485,45,530
491,232,762,0,6,485,45,530
414,212,766,0,13,498,56,554
523,220,766,0,13,490,56,546
361,231,767,0,12,503,33,536
793,233,768,0,5,502,33,535
1039,239,768,0,5,496,33,529
457,223,771,0,7,494,54,548
1096,220,771,0,7,497,54,551
279,223,771,0,7,494,54,548
197,237,772,0,1,525,10,535
332,214,774,0,14,496,64,560
202,222,774,0,14,488,64,552
740,219,776,0,13,515,42,557
416,210,776,0,13,524,42,566
183,222,776,0,13,512,42,554
417,230,776,0,13,504,42,546
129,240,780,0,6,495,45,540
1032,241,780,0,1,527,12,539
1025,235,780,0,4,527,18,545
68,235,780,0,6,500,45,545
747,224,780,0,6,511,45,556
1290,234,780,0,6,501,45,546
120,241,780,0,1,527,12,539
1066,222,783,0,15,488,73,561
810,217,783,0,8,500,66,566
1075,228,783,0,8,489,66,555
306,224,784,0,14,510,50,560
563,225,784,0,14,509,50,559
773,232,788,0,7,503,53,556
1234,238,788,0,7,497,53,550
643,240,788,0,7,495,53,548
664,234,788,0,7,501,53,554
726,231,792,0,9,486,75,561
610,198,792,0,16,536,58,594
950,224,792,0,9,493,75,568
1107,218,792,0,9,499,75,574
596,229,792,0,16,505,58,563
762,230,792,0,9,487,75,562
471,238,794,0,11,530,26,556
110,221,794,0,11,547,26,573
796,201,794,0,16,509,84,593
602,239,794,0,11,529,26,555
1304,236,796,0,9,526,34,560
43,230,798,0,17,504,64,568
1086,212,798,0,17,522,64,586
263,231,798,0,17,503,64,567
1179,239,800,0,8,496,65,561
415,230,801,0,13,538,33,571
579,240,801,0,13,528,33,561
701,231,804,0,18,503,70,573
550,195,804,0,17,515,94,609
787,225,804,0,18,509,70,579
445,215,804,0,17,495,94,589
1135,206,804,0,18,528,70,598
927,210,804,0,17,500,94,594
164,228,804,0,18,506,70,576
4,233,807,0,14,535,39,574
248,231,807,0,14,537,39,576
1030,239,807,0,14,529,39,568
19,225,807,0,14,543,39,582
1013,232,808,0,10,530,46,576
1152,230,808,0,10,532,46,578
455,223,810,0,9,512,75,587
421,237,810,0,9,498,75,573
1081,227,810,0,9,508,75,583
1252,234,810,0,9,501,75,576
710,223,813,0,18,487,103,590
449,250,815,0,1,560,5,565
801,241,815,0,1,569,5,574
450,250,815,0,1,560,5,565
913,223,816,0,19,511,82,593
169,224,816,0,19,510,82,592
364,238,817,0,16,530,49,579
221,234,817,0,11,528,55,583
470,229,817,0,11,533,55,588
173,233,817,0,16,535,49,584
1276,237,822,0,12,525,60,585
16,226,822,0,12,536,60,596
1310,233,822,0,12,529,60,589
543,243,824,0,2,567,14,581
721,241,824,0,2,569,14,583
493,205,825,0,19,505,115,620
154,213,825,0,19,497,115,612
83,239,827,0,18,529,59,588
1111,238,827,0,18,530,59,589
937,209,832,0,19,559,64,623
1246,237,832,0,19,531,64,595
511,235,832,0,19,533,64,597
1161,240,832,0,19,528,64,592
311,237,832,0,19,531,64,595
1079,202,833,0,13,560,71,631
750,224,833,0,13,538,71,609
517,210,833,0,13,552,71,623
1033,243,835,0,1,585,7,592
1273,251,835,0,4,559,25,584
437,251,835,0,1,577,7,584
729,242,835,0,4,568,25,593
185,223,840,0,15,539,78,617
690,261,841,0,2,567,13,580
294,243,841,0,2,585,13,598
973,247,846,0,5,563,36,599
1145,252,847,0,3,576,19,595
915,257,847,0,3,571,19,590
404,260,847,0,3,568,19,587
901,236,847,0,16,526,85,611
1317,234,847,0,16,528,85,613
879,231,854,0,17,531,92,623
204,218,854,0,17,544,92,636
1005,242,854,0,4,586,26,612
1129,250,855,0,6,560,45,605
1173,246,855,0,6,564,45,609
941,243,855,0,6,567,45,612
460,244,857,0,2,600,13,613
886,258,859,0,5,570,31,601
158,257,859,0,5,571,31,602
509,257,859,0,5,571,31,602
1134,259,859,0,5,569,31,600
233,251,859,0,5,577,31,608
155,249,862,0,7,561,52,613
663,245,862,0,7,565,52,617
893,244,862,0,7,566,52,618
947,234,862,0,7,576,52,628
774,248,862,0,7,562,52,614
477,233,865,0,18,529,103,632
34,232,865,0,18,530,103,633
850,254,866,0,4,602,10,612
291,237,867,0,8,573,57,630
55,255,869,0,6,573,41,614
1191,252,871,0,5,604,15,619
463,243,874,0,10,601,30,631
236,247,875,0,9,563,65,628
482,257,875,0,10,601,17,618
1143,243,875,0,9,567,65,632
858,240,875,0,9,570,65,635
624,257,877,0,7,571,49,620
501,254,877,0,7,574,49,623
500,262,877,0,7,566,49,615
1090,253,877,0,7,575,49,624
962,244,882,0,11,614,24,638
1151,251,884,0,10,605,28,633
89,237,884,0,10,619,28,647
823,256,885,0,8,572,57,629
1275,245,885,0,12,599,41,640
885,255,889,0,12,603,31,634
933,258,889,0,12,600,31,631
932,249,889,0,12,609,31,640
698,238,889,0,12,620,31,651
1255,255,889,0,12,603,31,634
588,252,889,0,12,606,31,637
601,246,890,0,13,598,46,644
741,229,890,0,13,615,46,661
438,239,890,0,13,605,46,651
743,246,895,0,11,610,39,649
190,242,895,0,11,614,39,653
814,240,895,0,9,588,67,655
887,256,898,0,14,602,40,642
1222,255,898,0,14,603,40,643
777,264,900,0,3,627,9,636
162,266,900,0,1,628,6,634
748,271,900,0,1,623,6,629
1082,269,900,0,1,625,6,631
1056,213,901,0,14,631,57,688
448,239,901,0,14,605,57,662
553,250,903,0,15,608,45,653
692,256,903,0,15,602,45,647
400,239,907,0,13,617,51,668
261,252,907,0,13,604,51,655
873,243,909,0,4,648,18,666
1170,271,910,0,3,623,16,639
695,269,910,0,3,625,16,641
61,263,910,0,3,631,16,647
607,242,913,0,15,602,69,671
213,238,913,0,15,606,69,675
604,257,913,0,16,601,55,656
440,251,915,0,14,605,59,664
336,245,915,0,14,611,59,670
1284,256,915,0,6,635,24,659
1266,233,915,0,14,623,59,682
756,262,915,0,6,629,24,653
1201,248,915,0,14,608,59,667
606,270,918,0,4,624,24,648
1062,257,918,0,17,601,60,661
1085,230,918,0,17,628,60,688
472,262,918,0,4,632,24,656
1226,274,919,0,2,636,9,645
952,278,919,0,2,632,9,641
1041,261,919,0,2,649,9,658
953,276,919,0,2,634,9,643
1319,275,919,0,2,635,9,644
980,254,922,0,15,602,66,668
767,257,924,0,7,634,33,667
203,246,924,0,16,598,80,678
737,241,924,0,16,603,80,683
1316,244,924,0,16,600,80,680
976,269,924,0,3,641,14,655
126,254,929,0,18,604,71,675
323,224,929,0,16,632,73,705
733,264,929,0,5,630,35,665
349,251,929,0,18,607,71,678
112,247,929,0,18,611,71,682
338,256,929,0,5,638,35,673
856,266,929,0,5,628,35,663
715,265,933,0,5,645,23,668
485,278,933,0,5,632,23,655
989,276,933,0,5,634,23,657
137,271,933,0,5,639,23,662
1026,277,933,0,5,633,23,656
863,234,934,0,17,610,90,700
258,267,936,0,6,627,42,669
981,259,938,0,10,632,47,679
645,258,938,0,10,633,47,680
585,249,938,0,17,607,82,689
127,232,941,0,18,612,97,709
163,247,941,0,18,597,97,694
1195,241,941,0,19,617,83,700
1060,257,941,0,19,601,83,684
259,257,942,0,6,653,32,685
282,276,942,0,6,634,32,666
1070,268,945,0,7,626,51,677
559,240,946,0,18,616,90,706
191,255,948,0,11,636,57,693
242,263,948,0,11,628,57,685
969,263,948,0,11,628,57,685
1052,237,949,0,19,607,105,712
954,240,949,0,19,604,105,709
144,248,949,0,19,596,105,701
1296,247,949,0,19,597,105,702
1305,250,951,0,19,606,95,701
1261,243,951,0,19,613,95,708
1306,247,951,0,19,609,95,704
1097,249,951,0,19,607,95,702
975,271,954,0,7,639,44,683
946,277,954,0,7,633,44,677
324,266,955,0,8,628,61,689
17,248,959,0,12,643,68,711
938,250,959,0,12,641,68,709
383,259,959,0,12,632,68,700
995,267,961,0,9,627,67,694
1207,261,961,0,9,633,67,700
321,265,961,0,9,629,67,696
1303,268,961,0,9,626,67,693
956,265,961,0,9,629,67,696
949,257,961,0,9,637,67,704
1171,272,965,0,8,638,55,693
1236,264,965,0,8,646,55,701
66,261,967,0,13,630,76,706
867,266,973,0,9,644,63,707
1302,268,973,0,9,642,63,705
988,275,973,0,9,635,63,698
979,236,973,0,15,655,82,737
512,258,973,0,15,633,82,715
1176,279,982,0,1,698,5,703
1248,278,982,0,1,699,5,704
1158,258,984,0,10,709,17,726
540,264,984,0,10,703,17,720
554,257,984,0,16,634,93,727
845,289,986,0,1,691,6,697
752,286,986,0,1,694,6,700
198,284,986,0,1,696,6,702
52,286,986,0,1,694,6,700
781,272,990,0,6,704,14,718
837,281,991,0,2,696,14,710
958,279,995,0,2,701,15,716
379,259,996,0,11,708,29,737
1073,292,997,0,1,699,6,705
1168,253,997,0,19,638,106,744
1247,296,997,0,1,695,6,701
1280,257,997,0,19,634,106,740
27,258,997,0,19,633,106,739
508,275,999,0,7,701,23,724
883,283,1005,0,3,697,25,722
1282,270,1007,0,12,697,40,737
821,258,1007,0,12,709,40,749
722,291,1008,0,2,700,17,717
372,294,1008,0,2,697,17,714
705,290,1008,0,2,701,17,718
1281,284,1008,0,2,707,17,724
442,274,1011,0,10,702,35,737
735,269,1011,0,10,707,35,742
944,281,1011,0,4,699,31,730
234,288,1011,0,4,692,31,723
646,245,1011,0,10,731,35,766
829,272,1012,0,10,705,35,740
1274,271,1017,0,12,705,41,746
59,268,1017,0,12,708,41,749
1068,267,1019,0,13,700,52,752
786,295,1019,0,3,696,28,724
1038,287,1019,0,5,693,39,732
435,297,1019,0,3,694,28,722
1089,295,1019,0,3,696,28,724
1277,276,1021,0,12,701,44,745
290,289,1027,0,4,702,36,738
518,267,1027,0,13,709,51,760
642,272,1028,0,6,708,48,756
141,282,1028,0,6,698,48,746
1271,265,1028,0,13,712,51,763
214,254,1031,0,14,713,64,777
1256,264,1031,0,14,703,64,767
367,292,1033,0,5,699,42,741
1049,277,1033,0,7,703,53,756
689,276,1033,0,7,704,53,757
345,274,1033,0,7,706,53,759
809,289,1033,0,7,691,53,744
882,286,1034,0,3,741,7,748
1263,276,1035,0,14,700,59,759
1094,274,1035,0,14,702,59,761
1092,263,1038,0,14,714,61,775
1202,278,1038,0,14,699,61,760
1131,279,1038,0,14,698,61,759
232,293,1039,0,6,698,48,746
535,296,1039,0,6,695,48,743
329,266,1041,0,15,701,74,775
1101,264,1041,0,15,703,74,777
483,252,1043,0,15,725,66,791
978,271,1043,0,15,706,66,772
1211,288,1045,0,8,692,65,757
212,259,1045,0,15,717,69,786
704,287,1045,0,8,693,65,758
556,266,1048,0,16,701,81,782
334,290,1048,0,7,701,57,758
795,268,1048,0,16,699,81,780
49,267,1048,0,16,700,81,781
97,249,1048,0,16,718,81,799
1144,286,1048,0,7,705,57,762
538,284,1048,0,10,743,21,764
997,284,1050,0,9,696,70,766
1251,282,1050,0,9,698,70,768
675,284,1050,0,9,696,70,766
1279,240,1053,0,17,727,86,813
921,270,1053,0,17,697,86,783
868,273,1053,0,16,703,77,780
712,267,1053,0,17,700,86,786
326,297,1055,0,8,694,64,758
475,270,1055,0,16,707,78,785
139,297,1055,0,8,694,64,758
123,283,1055,0,11,744,28,772
407,292,1055,0,8,699,64,763
157,277,1055,0,16,700,78,778
557,280,1055,0,16,697,78,775
831,275,1058,0,17,701,82,783
211,270,1058,0,17,706,82,788
881,264,1058,0,17,712,82,794
456,272,1058,0,17,704,82,786
201,269,1059,0,19,698,92,790
373,268,1059,0,19,699,92,791
784,265,1059,0,19,702,92,794
422,280,1060,0,9,711,69,780
957,275,1060,0,9,716,69,785
225,281,1064,0,17,696,87,783
38,278,1064,0,17,699,87,786
1244,266,1065,0,18,710,89,799
1292,255,1065,0,18,721,89,810
360,282,1066,0,12,745,39,784
494,278,1073,0,13,749,46,795
1137,265,1073,0,19,711,97,808
561,258,1073,0,13,769,46,815
522,279,1073,0,13,748,46,794
490,267,1073,0,18,710,96,806
296,272,1073,0,19,704,97,801
560,273,1073,0,18,704,96,800
77,286,1073,0,13,741,46,787
264,295,1075,0,1,773,7,780
725,275,1080,0,19,702,103,805
1059,277,1080,0,19,700,103,803
46,282,1080,0,14,745,53,798
247,284,1080,0,14,743,53,796
1243,297,1081,0,2,771,13,784
503,299,1087,0,3,769,19,788
627,299,1087,0,3,770,18,788
102,296,1087,0,3,772,19,791
11,278,1087,0,15,749,60,809
473,292,1095,0,4,776,27,803
1198,287,1095,0,16,740,68,808
299,285,1095,0,16,742,68,810
431,270,1095,0,16,757,68,825
998,300,1095,0,4,769,26,795
697,282,1103,0,17,745,76,821
39,277,1103,0,17,750,76,826
713,282,1103,0,17,745,76,821
352,266,1103,0,17,761,76,837
423,280,1104,0,10,805,19,824
444,287,1104,0,10,798,19,817
537,298,1107,0,5,771,38,809
462,291,1107,0,5,777,39,816
411,300,1107,0,5,768,39,807
1192,287,1111,0,19,740,84,824
227,281,1111,0,19,746,84,830
986,298,1112,0,6,770,44,814
591,298,1112,0,6,770,44,814
1286,293,1112,0,6,776,43,819
963,295,1114,0,11,790,29,819
118,290,1119,0,8,778,51,829
1298,278,1123,0,12,807,38,845
806,283,1123,0,12,802,38,840
355,287,1124,0,10,816,21,837
443,268,1124,0,10,835,21,856
888,287,1128,0,13,798,43,841
63,293,1128,0,13,792,43,835
1268,264,1128,0,13,821,43,864
374,299,1130,0,10,811,20,831
1208,293,1131,0,9,775,63,838
866,298,1131,0,9,771,62,833
1308,284,1133,0,11,819,30,849
667,282,1138,0,14,803,53,856
396,289,1138,0,14,796,53,849
623,283,1141,0,11,827,31,858
970,298,1141,0,11,813,30,843
170,296,1141,0,11,814,31,845
447,287,1141,0,11,823,31,854
40,290,1142,0,12,813,39,852
20,299,1142,0,12,804,39,843
1051,288,1146,0,15,797,61,858
659,292,1146,0,15,793,61,854
429,282,1146,0,15,803,61,864
1067,286,1146,0,15,799,61,860
616,291,1146,0,15,794,61,855
1307,297,1148,0,12,813,38,851
847,285,1148,0,12,827,36,863
520,297,1149,0,13,806,46,852
912,298,1149,0,13,805,46,851
401,295,1149,0,13,808,46,854
1058,291,1155,0,17,794,70,864
215,298,1155,0,14,812,45,857
1159,300,1155,0,10,839,16,855
693,282,1155,0,14,821,52,873
335,297,1155,0,14,814,44,858
178,296,1155,0,14,807,52,859
75,292,1155,0,17,793,70,863
427,297,1155,0,14,806,52,858
21,299,1155,0,14,811,45,856
243,299,1161,0,11,838,24,862
691,293,1164,0,15,810,61,871
302,296,1165,0,15,815,54,869
619,277,1165,0,15,833,55,888
968,273,1168,0,19,812,83,895
1160,285,1168,0,19,800,83,883
583,297,1168,0,12,841,30,871
398,295,1168,0,19,790,83,873
768,296,1169,0,16,807,66,873
1048,296,1169,0,16,807,66,873
98,287,1169,0,16,816,66,882
820,289,1176,0,16,822,65,887
920,298,1177,0,17,805,74,879
599,297,1177,0,17,806,74,880
547,291,1177,0,17,812,74,886
1063,292,1178,0,17,845,41,886
42,282,1183,0,17,829,72,901
551,299,1183,0,17,812,72,884
541,279,1186,0,18,824,83,907
1036,297,1190,0,18,813,80,893
1245,300,1190,0,18,810,80,890
146,291,1190,0,18,819,80,899
1297,297,1191,0,19,806,88,894
1260,294,1199,0,19,816,89,905
857,296,1199,0,19,816,87,903
