151,9,18,0,6,1,8,9
391,10,23,0,10,1,12,13
271,6,25,0,14,1,18,19
49,19,25,0,1,1,5,6
285,11,27,0,11,1,15,16
473,0,29,0,7,2,27,29
286,2,29,0,7,2,25,27
357,7,31,0,16,1,23,24
104,5,31,0,16,1,25,26
379,23,33,0,6,1,9,10
32,15,35,0,15,1,19,20
64,3,35,0,11,1,31,32
440,1,36,0,8,2,33,35
397,21,37,0,3,1,15,16
409,20,39,0,7,1,18,19
608,7,43,0,13,1,35,36
457,17,45,0,5,1,27,28
154,16,45,0,5,1,28,29
7,21,46,0,8,1,24,25
77,6,50,0,14,1,43,44
80,9,50,0,14,1,40,41
113,15,53,0,6,2,36,38
659,21,59,0,8,1,37,38
687,18,59,0,8,1,40,41
521,38,59,0,1,15,6,21
329,53,59,0,1,1,5,6
584,39,59,0,1,15,5,20
307,15,59,0,8,2,42,44
547,28,59,0,1,25,6,31
266,11,62,0,16,1,50,51
159,54,65,0,2,1,10,11
180,17,68,0,12,3,48,51
651,15,68,0,12,3,50,53
615,10,68,0,18,2,56,58
158,33,70,0,4,20,17,37
475,40,70,0,2,13,17,30
469,29,70,0,2,24,17,41
172,68,74,0,1,1,5,6
635,12,76,0,19,1,63,64
636,7,76,0,19,1,68,69
443,39,76,0,4,14,23,37
485,50,76,0,4,4,22,26
450,5,76,0,19,1,70,71
486,32,76,0,4,22,22,44
214,16,78,0,16,2,60,62
227,16,78,0,16,1,61,62
569,23,83,0,10,30,30,60
250,64,83,0,3,2,17,19
392,61,83,0,10,1,21,22
199,58,83,0,3,8,17,25
613,19,84,0,17,2,63,65
382,37,88,0,5,16,35,51
287,33,88,0,5,20,35,55
516,50,88,0,5,3,35,38
341,26,88,0,5,27,35,62
262,30,89,0,11,23,36,59
520,45,92,0,13,10,37,47
420,54,92,0,13,2,36,38
334,67,93,0,4,2,24,26
632,16,94,0,19,3,75,78
89,44,94,0,12,9,41,50
688,54,97,0,6,1,42,43
121,54,97,0,6,1,42,43
328,31,98,0,14,25,42,67
270,27,98,0,14,28,43,71
220,28,100,0,14,25,47,72
567,32,100,0,14,21,47,68
127,29,100,0,14,25,46,71
548,41,100,0,14,12,47,59
460,66,101,0,5,1,34,35
552,71,101,0,5,1,29,30
210,55,108,0,7,1,52,53
272,37,110,0,15,18,55,73
33,86,110,0,1,15,9,24
218,54,110,0,15,4,52,56
531,34,111,0,15,20,57,77
689,66,111,0,6,2,43,45
207,91,116,0,2,10,15,25
528,32,117,0,8,21,64,85
680,43,117,0,8,10,64,74
527,48,117,0,8,5,64,69
324,70,119,0,9,1,48,49
288,39,120,0,16,14,67,81
308,25,120,0,16,28,67,95
196,44,120,0,16,9,67,76
371,58,120,0,17,1,61,62
232,51,124,0,9,2,71,73
301,43,129,0,18,14,72,86
141,59,129,0,18,1,69,70
240,94,130,0,2,30,6,36
554,51,132,0,17,2,79,81
499,35,132,0,17,18,79,97
404,55,135,0,19,1,79,80
222,42,137,0,18,12,83,95
401,50,137,0,18,3,84,87
611,43,137,0,18,10,84,94
143,72,138,0,10,29,37,66
255,73,139,0,3,51,15,66
147,117,139,0,1,16,6,22
325,120,139,0,1,13,6,19
224,100,139,0,1,33,6,39
690,87,147,0,11,14,46,60
155,117,147,0,3,16,14,30
488,86,147,0,3,47,14,61
197,109,147,0,3,24,14,38
480,86,147,0,4,38,23,61
544,44,147,0,19,10,93,103
483,23,147,0,19,31,93,124
239,72,147,0,11,29,46,75
146,109,150,0,1,30,11,41
625,93,152,0,12,8,51,59
208,121,153,0,4,12,20,32
477,72,153,0,4,61,20,81
201,104,159,0,5,29,26,55
389,102,159,0,5,31,26,57
2,110,159,0,5,23,26,49
68,97,160,0,6,27,36,63
658,75,160,0,6,49,36,85
621,130,160,0,2,9,21,30
175,91,160,0,2,48,21,69
176,96,160,0,13,5,59,64
260,88,160,0,13,13,59,72
95,97,168,0,15,4,67,71
6,75,168,0,15,26,67,93
18,64,168,0,15,37,67,104
106,87,168,0,15,14,67,81
465,80,169,0,6,53,36,89
386,119,169,0,6,14,36,50
212,89,170,0,7,35,46,81
467,137,172,0,3,2,33,35
489,134,172,0,3,5,33,38
557,81,175,0,16,20,74,94
128,134,177,0,4,6,37,43
410,97,179,0,7,36,46,82
653,93,179,0,7,40,46,86
234,85,179,0,8,39,55,94
13,108,179,0,10,51,20,71
161,127,179,0,10,32,20,52
435,131,179,0,10,28,20,48
526,98,179,0,8,26,55,81
511,92,179,0,8,32,55,87
20,112,179,0,10,47,20,67
182,93,180,0,17,8,79,87
368,91,180,0,17,10,79,89
348,80,180,0,17,21,79,100
512,74,186,0,9,50,62,112
381,80,186,0,9,44,62,106
543,72,186,0,9,52,62,114
251,100,186,0,9,24,62,86
595,139,187,0,4,33,15,48
545,105,188,0,11,54,29,83
228,89,188,0,8,44,55,99
318,113,188,0,11,46,29,75
350,74,188,0,8,59,55,114
365,123,188,0,8,10,55,65
462,115,188,0,11,44,29,73
575,73,189,0,5,66,50,116
96,124,189,0,5,16,49,65
139,96,189,0,5,44,49,93
152,62,191,0,18,39,90,129
491,79,191,0,18,22,90,112
140,78,191,0,18,23,90,113
415,101,193,0,10,23,69,92
628,112,194,0,12,47,35,82
627,103,194,0,12,56,35,91
517,137,194,0,5,35,22,57
88,122,194,0,12,37,35,72
319,67,194,0,12,92,35,127
574,139,194,0,5,33,22,55
320,136,194,0,12,23,35,58
51,62,198,0,11,62,74,136
65,88,198,0,11,36,74,110
70,128,199,0,6,11,60,71
601,108,199,0,9,25,66,91
321,112,199,0,9,21,66,87
345,133,199,0,6,6,60,66
655,142,200,0,7,30,28,58
586,68,200,0,19,33,99,132
519,79,202,0,13,80,43,123
599,98,202,0,13,61,43,104
23,121,209,0,7,18,70,88
665,76,209,0,7,64,69,133
82,121,209,0,7,19,69,88
364,123,209,0,7,16,70,86
130,119,210,0,16,40,51,91
41,122,210,0,16,37,51,88
568,79,212,0,14,45,88,133
81,71,212,0,14,53,88,141
674,143,212,0,8,29,40,69
332,115,217,0,18,44,58,102
438,125,217,0,18,34,58,92
537,130,217,0,18,29,58,87
525,84,221,0,8,55,82,137
400,112,221,0,8,27,82,109
16,119,221,0,8,20,82,102
427,80,222,0,16,44,98,142
490,112,225,0,10,60,53,113
607,153,225,0,1,63,9,72
231,132,226,0,9,7,87,94
188,118,226,0,9,21,87,108
402,103,226,0,19,56,67,123
476,102,229,0,19,22,105,127
90,113,232,0,11,59,60,119
316,150,236,0,2,66,20,86
268,152,236,0,2,64,20,84
664,149,242,0,3,67,26,93
249,154,242,0,3,62,26,88
326,161,242,0,3,55,26,81
630,138,242,0,12,34,70,104
242,140,242,0,3,76,26,102
500,144,242,0,3,72,26,98
137,150,242,0,3,66,26,92
276,153,242,0,3,63,26,89
648,149,244,0,10,78,17,95
38,150,244,0,10,77,17,94
479,151,247,0,4,65,31,96
337,139,247,0,4,77,31,108
52,157,247,0,4,59,31,90
241,144,247,0,4,72,31,103
589,139,248,0,1,103,6,109
353,72,252,0,13,100,80,180
57,140,256,0,11,87,29,116
69,160,258,0,6,56,42,98
657,143,258,0,6,73,42,115
275,143,258,0,3,99,16,115
385,158,258,0,6,58,42,100
22,104,260,0,14,68,88,156
546,171,261,0,1,80,10,90
566,87,263,0,12,140,36,176
56,150,263,0,4,92,21,113
563,152,263,0,3,102,9,111
209,165,263,0,4,77,21,98
336,151,263,0,4,91,21,112
478,171,263,0,4,71,21,92
492,153,263,0,4,89,21,110
414,172,263,0,4,70,21,91
564,175,263,0,3,79,9,88
245,155,263,0,7,61,47,108
179,107,263,0,12,120,36,156
498,135,268,0,8,81,52,133
45,152,268,0,8,64,52,116
142,138,268,0,15,34,96,130
258,120,268,0,15,52,96,148
676,141,268,0,15,31,96,127
413,159,271,0,5,83,29,112
156,172,271,0,5,70,29,99
459,161,271,0,5,81,29,110
193,153,272,0,13,74,45,119
530,164,273,0,9,90,19,109
36,149,276,0,10,102,25,127
265,125,276,0,16,47,104,151
131,128,276,0,16,44,104,148
183,145,276,0,10,106,25,131
160,172,276,0,10,79,25,104
309,165,276,0,10,86,25,111
216,171,280,0,6,71,38,109
71,161,280,0,6,81,38,119
215,144,280,0,6,98,38,136
243,150,281,0,14,77,54,131
672,144,281,0,14,83,54,137
186,181,284,0,10,73,30,103
640,174,284,0,10,80,30,110
614,140,285,0,17,32,113,145
144,152,286,0,15,75,59,134
273,138,286,0,15,89,59,148
417,171,286,0,7,71,44,115
61,191,288,0,1,91,6,97
283,192,288,0,1,90,6,96
296,161,288,0,11,90,37,127
225,175,288,0,1,107,6,113
202,142,291,0,11,112,37,149
67,178,291,0,11,76,37,113
50,175,291,0,11,79,37,116
264,122,293,0,16,105,66,171
226,149,293,0,16,78,66,144
358,145,293,0,16,82,66,148
331,138,294,0,12,113,43,156
78,162,294,0,8,80,52,132
292,167,294,0,12,84,43,127
60,150,294,0,12,101,43,144
8,173,294,0,8,69,52,121
59,160,296,0,12,94,42,136
58,173,296,0,12,81,42,123
162,195,297,0,2,87,15,102
507,133,297,0,18,39,125,164
300,115,297,0,18,57,125,182
298,101,297,0,18,71,125,196
444,173,297,0,2,109,15,124
399,188,297,0,2,94,15,109
192,143,300,0,17,84,73,157
330,130,300,0,17,97,73,170
323,167,302,0,9,75,60,135
93,166,302,0,9,76,60,136
168,168,302,0,9,74,60,134
682,156,304,0,13,95,53,148
374,170,304,0,13,81,53,134
603,145,305,0,18,82,78,160
678,151,305,0,18,76,78,154
540,143,305,0,19,29,133,162
198,196,306,0,3,86,24,110
600,146,306,0,13,108,52,160
352,112,306,0,13,142,52,194
466,184,306,0,3,98,24,122
282,144,311,0,19,83,84,167
132,146,311,0,19,81,84,165
631,114,311,0,19,113,84,197
21,152,314,0,14,99,63,162
395,170,314,0,14,84,60,144
177,194,317,0,4,88,35,123
532,155,319,0,15,96,68,164
94,157,322,0,15,97,68,165
295,178,322,0,15,76,68,144
426,164,326,0,16,87,75,162
40,103,326,0,16,148,75,223
383,181,328,0,5,101,46,147
97,153,328,0,5,129,46,175
616,199,330,0,1,122,9,131
541,166,333,0,17,88,79,167
299,157,337,0,18,94,86,180
576,144,337,0,18,107,86,193
111,192,339,0,2,129,18,147
338,206,339,0,2,115,18,133
618,186,339,0,2,135,18,153
536,180,339,0,6,102,57,159
133,160,342,0,19,91,91,182
116,154,342,0,19,97,91,188
166,117,342,0,19,134,91,225
638,200,343,0,3,129,14,143
446,189,343,0,3,140,14,154
556,172,345,0,18,82,91,173
28,218,345,0,2,119,8,127
361,192,349,0,7,90,67,157
474,181,349,0,7,101,67,168
372,208,349,0,3,113,28,141
637,203,349,0,3,118,28,146
114,201,353,0,6,128,24,152
17,181,356,0,19,73,102,175
369,175,356,0,19,79,102,181
112,154,356,0,19,100,102,202
661,190,358,0,8,92,76,168
277,201,359,0,4,120,38,158
422,185,359,0,4,136,38,174
524,181,359,0,4,140,38,178
419,156,364,0,10,173,35,208
393,200,364,0,10,129,35,164
102,192,364,0,10,137,35,172
184,194,364,0,10,135,35,170
103,167,364,0,10,162,35,197
580,175,364,0,10,162,27,189
169,171,365,0,9,111,83,194
449,145,365,0,9,137,83,220
189,186,365,0,9,96,83,179
448,182,365,0,9,100,83,183
92,183,365,0,9,99,83,182
3,195,369,0,5,126,48,174
354,210,369,0,5,111,48,159
229,190,369,0,5,131,48,179
472,200,369,0,5,121,48,169
605,208,369,0,5,113,48,161
248,197,371,0,11,140,34,174
66,190,371,0,11,147,34,181
583,227,373,0,1,138,8,146
646,126,373,0,11,203,44,247
284,195,373,0,11,134,44,178
100,211,376,0,12,126,39,165
110,200,380,0,6,121,59,180
430,181,380,0,6,140,59,199
24,198,380,0,12,131,51,182
149,202,380,0,6,119,59,178
317,218,382,0,2,147,17,164
549,202,389,0,14,135,52,187
87,217,389,0,14,120,52,172
550,149,389,0,14,188,52,240
85,165,389,0,14,172,52,224
677,183,389,0,14,154,52,206
654,209,390,0,7,112,69,181
124,193,393,0,14,136,64,200
551,178,393,0,14,151,64,215
221,184,393,0,14,145,64,209
269,239,394,0,2,142,13,155
306,173,395,0,8,148,74,222
279,226,397,0,3,159,12,171
582,194,399,0,15,143,62,205
425,203,399,0,15,134,62,196
562,215,399,0,3,166,18,184
200,220,399,0,3,161,18,179
136,219,399,0,3,162,18,180
257,211,399,0,15,126,62,188
559,202,400,0,16,127,71,198
135,193,400,0,16,136,71,207
513,212,404,0,9,109,83,192
594,221,405,0,4,160,24,184
579,229,405,0,10,136,40,176
289,218,405,0,16,119,68,187
138,224,405,0,10,141,40,181
652,233,405,0,4,148,24,172
458,207,405,0,5,178,20,198
315,191,406,0,17,138,77,215
349,210,411,0,17,127,74,201
303,215,411,0,17,122,74,196
535,220,411,0,6,165,26,191
553,192,411,0,17,145,74,219
343,201,412,0,11,164,47,211
461,226,412,0,11,139,47,186
604,214,412,0,5,167,31,198
387,208,412,0,5,173,31,204
246,215,416,0,7,170,31,201
484,181,417,0,19,148,88,236
668,175,417,0,19,154,88,242
79,161,417,0,19,168,88,256
565,211,419,0,12,154,54,208
612,205,421,0,18,132,84,216
263,203,422,0,6,178,41,219
441,225,422,0,6,156,41,197
15,229,425,0,8,156,40,196
11,230,425,0,13,135,60,195
12,219,425,0,13,146,60,206
167,208,429,0,19,129,92,221
585,200,429,0,19,137,92,229
356,254,430,0,1,165,11,176
305,223,430,0,7,158,49,207
482,223,430,0,7,158,49,207
656,231,430,0,7,150,49,199
157,242,430,0,1,177,11,188
362,228,430,0,7,153,49,202
148,214,430,0,7,167,49,216
380,223,432,0,9,162,47,209
670,191,437,0,14,174,72,246
43,241,438,0,8,140,57,197
99,220,438,0,8,161,57,218
660,226,438,0,8,155,57,212
439,227,438,0,8,154,57,211
31,235,439,0,10,150,54,204
416,218,439,0,10,167,54,221
35,211,439,0,10,174,54,228
340,254,442,0,2,165,23,188
165,255,442,0,2,164,23,187
602,236,443,0,9,145,62,207
91,234,446,0,11,151,61,212
217,225,446,0,15,140,81,221
366,174,446,0,11,211,61,272
487,231,451,0,12,154,66,220
278,214,452,0,3,230,8,238
256,224,454,0,3,195,35,230
423,244,454,0,3,175,35,210
373,223,456,0,13,162,71,233
681,225,456,0,13,160,71,231
421,234,456,0,13,151,71,222
529,208,457,0,16,157,92,249
213,228,457,0,16,137,92,229
634,181,457,0,16,184,92,276
5,222,457,0,16,143,92,235
302,194,462,0,17,171,97,268
560,193,463,0,14,192,78,270
571,230,463,0,14,155,78,233
55,242,464,0,4,177,45,222
596,247,464,0,4,172,45,217
509,252,464,0,1,206,6,212
617,245,464,0,1,213,6,219
411,256,464,0,1,202,6,208
173,255,464,0,1,203,6,209
590,257,464,0,1,201,6,207
171,245,465,0,6,199,21,220
254,270,467,0,1,191,6,197
624,266,467,0,1,195,6,201
508,203,467,0,18,162,102,264
174,258,470,0,2,200,12,212
346,237,471,0,17,148,86,234
39,231,471,0,17,154,86,240
339,264,474,0,2,197,13,210
588,258,474,0,2,203,13,216
587,260,474,0,2,201,13,214
398,271,474,0,2,190,13,203
578,249,474,0,10,195,30,225
388,249,475,0,5,170,56,226
236,223,476,0,19,142,111,253
281,210,476,0,19,155,111,266
163,157,476,0,19,208,111,319
468,254,479,0,3,207,18,225
247,244,480,0,11,200,36,236
384,252,480,0,6,167,61,228
297,244,480,0,11,200,36,236
107,247,480,0,6,172,61,233
170,220,480,0,6,199,61,260
431,250,480,0,6,169,61,230
539,230,484,0,19,155,99,254
593,270,484,0,4,191,23,214
407,255,485,0,7,164,66,230
481,251,485,0,7,168,66,234
105,247,491,0,12,197,47,244
626,186,491,0,12,258,47,305
252,235,491,0,10,223,33,256
436,244,491,0,10,214,33,247
101,239,491,0,12,205,47,252
14,261,491,0,10,197,33,230
647,199,491,0,10,259,33,292
72,245,492,0,8,174,73,247
662,209,492,0,8,210,73,283
644,216,492,0,8,203,73,276
643,246,492,0,8,173,73,246
642,251,493,0,5,210,32,242
293,258,493,0,5,203,32,235
19,272,493,0,5,189,32,221
310,265,493,0,5,196,32,228
515,270,493,0,5,191,32,223
471,266,493,0,5,195,32,227
570,231,497,0,14,213,53,266
126,228,497,0,14,216,53,269
533,250,497,0,14,194,53,247
470,230,498,0,11,228,40,268
645,240,498,0,11,218,40,258
108,256,501,0,6,205,40,245
378,242,501,0,6,219,40,259
42,269,501,0,6,192,40,232
322,245,504,0,9,174,85,259
405,248,507,0,15,196,63,259
203,261,509,0,12,197,51,248
506,258,509,0,12,200,51,251
219,274,510,0,1,231,5,236
253,266,510,0,1,239,5,244
573,248,514,0,8,213,53,266
510,261,514,0,8,200,53,253
679,257,514,0,8,204,53,257
48,279,519,0,1,230,10,240
370,271,519,0,1,238,10,248
429,251,520,0,17,193,76,269
376,259,521,0,13,199,63,262
542,258,526,0,3,251,17,268
428,234,528,0,18,210,84,294
437,270,528,0,10,235,23,258
639,258,528,0,10,247,23,270
555,240,528,0,18,204,84,288
280,248,529,0,14,210,71,281
591,286,529,0,1,237,6,243
355,284,529,0,1,239,6,245
424,256,535,0,15,202,77,279
623,274,536,0,1,255,7,262
335,277,536,0,4,232,27,259
514,286,536,0,1,244,6,250
493,280,536,0,4,229,27,256
62,296,536,0,1,233,7,240
10,247,537,0,11,258,32,290
606,236,538,0,19,208,94,302
235,223,538,0,19,221,94,315
667,247,538,0,19,197,94,291
403,230,538,0,19,214,94,308
164,241,538,0,19,203,94,297
396,289,539,0,3,234,16,250
663,286,539,0,3,237,16,253
360,287,539,0,3,236,16,252
63,289,542,0,2,240,13,253
178,276,546,0,4,247,23,270
377,273,546,0,6,236,37,273
233,251,546,0,6,258,37,295
290,232,547,0,12,273,42,315
447,299,547,0,3,230,18,248
204,273,547,0,12,232,42,274
538,225,547,0,16,233,89,322
195,255,547,0,16,203,89,292
194,270,552,0,13,235,47,282
211,274,553,0,7,235,44,279
592,256,553,0,7,253,44,297
390,287,555,0,5,236,32,268
456,279,555,0,5,244,32,276
412,269,555,0,5,254,32,286
641,285,555,0,5,238,32,270
153,289,555,0,5,234,32,266
117,260,557,0,17,198,99,297
4,255,558,0,5,274,29,303
518,284,558,0,5,245,29,274
313,293,558,0,5,236,29,265
230,289,558,0,5,240,29,269
311,285,558,0,5,244,29,273
455,278,558,0,5,251,29,280
206,263,561,0,14,242,56,298
534,267,561,0,14,238,56,294
344,284,561,0,6,239,38,277
109,288,561,0,6,235,38,273
37,275,562,0,10,234,53,287
120,280,569,0,6,250,39,289
150,292,569,0,6,237,40,277
259,269,570,0,15,236,65,301
363,289,570,0,7,234,47,281
406,254,570,0,15,251,65,316
83,290,570,0,7,233,47,280
145,241,570,0,15,264,65,329
581,269,570,0,15,236,65,301
408,272,570,0,7,251,47,298
418,260,570,0,7,263,47,310
367,276,572,0,11,233,63,296
327,286,576,0,8,237,53,290
46,277,576,0,8,246,53,299
134,257,576,0,16,248,71,319
633,255,576,0,16,250,71,321
223,264,576,0,16,241,71,312
666,296,577,0,7,233,48,281
304,297,577,0,7,232,48,280
25,278,579,0,12,231,70,301
622,250,581,0,9,273,58,331
577,220,583,0,18,285,78,363
442,297,583,0,4,272,14,286
610,271,583,0,18,234,78,312
333,272,583,0,18,233,78,311
129,288,583,0,4,281,14,295
375,270,585,0,13,239,76,315
609,268,585,0,13,241,76,317
351,264,586,0,8,265,57,322
675,296,586,0,8,233,57,290
98,270,586,0,8,259,57,316
44,291,586,0,8,238,57,295
187,288,593,0,9,241,64,305
619,290,593,0,5,279,24,303
119,244,595,0,14,265,86,351
185,289,599,0,10,293,17,310
238,289,604,0,11,294,21,315
1,286,604,0,11,299,19,318
0,287,604,0,11,295,22,317
267,272,605,0,16,237,96,333
434,263,605,0,16,246,96,342
522,239,606,0,10,330,37,367
629,272,611,0,12,311,28,339
347,276,611,0,17,233,102,335
181,296,611,0,12,290,25,315
505,284,611,0,12,299,28,327
445,294,611,0,12,289,28,317
572,267,613,0,11,302,44,346
432,296,613,0,6,303,14,317
291,285,620,0,12,284,51,335
34,266,621,0,19,243,112,355
452,229,621,0,19,280,112,392
261,281,623,0,13,303,39,342
673,277,630,0,14,292,61,353
125,284,630,0,14,285,61,346
244,291,630,0,14,278,61,339
394,296,630,0,14,273,61,334
123,295,630,0,14,274,61,335
671,292,632,0,14,290,50,340
86,283,632,0,14,299,50,349
359,293,642,0,16,276,73,349
237,289,642,0,16,280,73,353
558,294,642,0,16,275,73,348
274,285,643,0,15,297,61,358
314,285,647,0,17,284,78,362
523,282,647,0,17,287,78,365
433,299,649,0,16,284,66,350
342,299,656,0,19,270,87,357
205,275,656,0,19,294,87,381
294,299,656,0,19,270,87,357
118,294,656,0,17,288,74,362
669,286,656,0,19,283,87,370
620,275,656,0,17,307,74,381
9,290,665,0,18,294,81,375
115,299,674,0,19,283,92,375
451,257,674,0,19,325,92,417
