616,1,9,0,2,2,6,8
357,2,9,0,2,1,6,7
497,2,12,0,2,1,9,10
817,8,12,0,2,1,3,4
348,2,20,0,3,2,16,18
403,9,22,0,5,2,11,13
346,13,22,0,5,1,8,9
395,12,26,0,12,1,13,14
405,19,27,0,5,1,7,8
673,25,30,0,3,1,4,5
605,9,31,0,8,1,21,22
186,0,31,0,6,2,29,31
838,16,32,0,6,1,15,16
397,8,34,0,12,1,25,26
144,8,37,0,10,2,27,29
834,9,38,0,15,2,27,29
635,21,39,0,7,2,16,18
507,14,44,0,12,2,28,30
280,4,45,0,9,1,40,41
541,16,46,0,10,1,29,30
891,19,46,0,10,2,25,27
833,6,47,0,14,1,40,41
223,21,50,0,9,1,28,29
200,14,52,0,14,1,37,38
369,7,56,0,15,1,48,49
702,2,56,0,15,2,52,54
451,15,59,0,16,1,43,44
305,5,63,0,16,1,57,58
704,16,65,0,17,2,47,49
272,12,65,0,17,1,52,53
221,47,66,0,1,11,8,19
374,59,69,0,1,1,9,10
58,58,69,0,1,2,9,11
430,4,71,0,18,1,66,67
73,10,73,0,18,1,62,63
34,27,77,0,2,31,19,50
56,41,77,0,2,19,17,36
862,40,77,0,2,18,19,37
222,74,82,0,1,1,7,8
514,58,82,0,1,12,12,24
961,46,86,0,4,14,26,40
559,68,90,0,2,2,20,22
499,65,90,0,2,5,20,25
954,75,90,0,2,1,14,15
647,54,94,0,5,6,34,40
540,33,94,0,5,27,34,61
31,44,98,0,3,27,27,54
171,49,98,0,10,9,40,49
908,36,98,0,10,22,40,62
1026,48,98,0,3,22,28,50
105,42,98,0,10,16,40,56
874,42,98,0,3,28,28,56
300,24,98,0,10,34,40,74
329,75,98,0,4,15,8,23
843,28,101,0,6,32,41,73
1011,52,101,0,6,8,41,49
1010,54,101,0,6,6,41,47
89,55,106,0,4,16,35,51
516,80,106,0,1,14,12,26
119,35,106,0,11,23,48,71
214,69,106,0,4,1,36,37
409,39,106,0,11,19,48,67
607,28,106,0,4,42,36,78
236,51,109,0,10,39,19,58
952,24,109,0,10,66,19,85
193,35,110,0,7,25,50,75
246,32,110,0,7,28,50,78
523,26,110,0,7,34,50,84
286,58,110,0,7,2,50,52
601,80,113,0,2,21,12,33
511,82,113,0,2,19,12,31
723,61,114,0,11,29,24,53
772,53,114,0,11,37,24,61
97,59,114,0,5,11,44,55
312,37,114,0,5,33,44,77
560,77,115,0,2,17,21,38
746,30,116,0,12,28,58,86
640,25,116,0,12,33,58,91
877,37,116,0,12,21,58,79
760,55,117,0,8,5,57,62
344,83,119,0,3,18,18,36
656,71,124,0,12,19,34,53
293,36,124,0,12,54,34,88
674,22,125,0,14,36,67,103
882,31,125,0,14,27,67,94
262,31,126,0,9,29,66,95
261,51,126,0,9,9,66,75
311,43,126,0,9,17,66,83
406,39,126,0,9,21,66,87
655,37,126,0,9,23,66,89
174,89,126,0,6,12,25,37
586,74,126,0,6,1,51,52
895,29,126,0,9,31,66,97
283,76,126,0,6,25,25,50
596,49,129,0,13,41,39,80
146,73,129,0,13,17,39,56
442,56,129,0,13,34,39,73
634,59,134,0,7,12,63,75
994,46,134,0,16,12,76,88
742,32,134,0,7,39,63,102
867,68,136,0,14,22,46,68
51,82,138,0,10,12,44,56
126,45,138,0,10,49,44,93
799,86,138,0,8,15,37,52
240,34,140,0,8,36,70,106
217,44,141,0,17,14,83,97
26,28,141,0,17,30,83,113
548,45,143,0,15,45,53,98
851,81,143,0,9,20,42,62
873,88,144,0,11,6,50,56
480,60,144,0,11,34,50,84
168,32,148,0,18,26,90,116
802,45,148,0,18,13,90,103
195,99,149,0,1,44,6,50
1028,102,149,0,1,41,6,47
139,99,149,0,1,44,6,50
106,105,149,0,1,38,6,44
426,100,149,0,1,43,6,49
288,54,150,0,9,16,80,96
726,31,150,0,9,39,80,119
666,65,150,0,9,5,80,85
735,56,151,0,12,38,57,95
840,87,151,0,12,7,57,64
692,85,151,0,12,9,57,66
417,60,152,0,16,30,62,92
947,30,152,0,16,60,62,122
881,25,152,0,16,65,62,127
363,38,156,0,19,20,98,118
602,79,156,0,11,22,55,77
681,49,156,0,11,52,55,107
754,76,158,0,17,14,68,82
366,55,158,0,17,35,68,103
496,108,160,0,2,35,17,52
57,65,163,0,13,29,69,98
337,60,163,0,12,41,62,103
1016,91,163,0,12,10,62,72
349,83,168,0,3,60,25,85
388,64,168,0,18,26,78,104
401,78,168,0,14,16,74,90
1007,65,174,0,19,25,84,109
592,67,174,0,19,23,84,107
652,90,176,0,15,4,82,86
1029,93,176,0,14,8,75,83
764,96,176,0,14,5,75,80
517,111,177,0,1,60,6,66
326,94,178,0,4,49,35,84
383,79,178,0,4,64,35,99
858,97,178,0,4,46,35,81
966,87,183,0,16,7,89,96
68,76,184,0,5,67,41,108
50,100,184,0,5,43,41,84
648,106,184,0,5,37,41,78
670,81,184,0,5,62,41,103
84,99,184,0,5,44,41,85
623,107,184,0,5,36,41,77
414,99,185,0,2,72,14,86
641,84,187,0,15,17,86,103
826,96,187,0,15,5,86,91
492,88,192,0,16,13,91,104
303,94,192,0,16,7,91,98
341,35,192,0,17,59,98,157
885,52,192,0,17,42,98,140
771,109,193,0,6,34,50,84
209,101,193,0,6,42,50,92
664,115,195,0,3,56,24,80
201,116,195,0,3,55,24,79
32,119,195,0,3,52,24,76
777,112,195,0,3,59,24,83
651,110,195,0,3,61,24,85
505,98,195,0,3,73,24,97
340,27,198,0,17,74,97,171
971,66,198,0,17,35,97,132
929,87,200,0,7,56,57,113
431,80,202,0,18,14,108,122
166,83,202,0,18,11,108,119
803,72,202,0,18,22,108,130
151,110,204,0,10,75,19,94
890,113,204,0,10,72,19,91
114,115,205,0,1,84,6,90
898,83,206,0,4,88,35,123
716,113,206,0,4,58,35,93
475,114,206,0,4,57,35,92
1035,99,206,0,4,72,35,107
180,74,208,0,18,27,107,134
309,109,209,0,8,34,66,100
48,68,210,0,19,26,116,142
1008,25,210,0,19,69,116,185
893,78,212,0,5,93,41,134
17,107,212,0,2,92,13,105
684,96,212,0,11,89,27,116
467,108,212,0,11,77,27,104
315,40,218,0,12,145,33,178
691,107,218,0,12,78,33,111
454,98,218,0,12,87,33,120
24,115,220,0,3,84,21,105
827,121,224,0,7,50,53,103
1000,112,224,0,7,59,53,112
835,114,225,0,15,71,40,111
256,91,225,0,15,94,40,134
474,86,228,0,4,113,29,142
493,102,231,0,16,83,46,129
1018,100,231,0,16,85,46,131
589,89,231,0,16,96,46,142
888,106,233,0,8,65,62,127
310,117,233,0,8,54,62,116
786,117,233,0,8,54,62,116
94,132,234,0,1,92,10,102
769,125,234,0,1,99,10,109
807,122,234,0,1,102,10,112
365,101,240,0,17,84,55,139
942,103,240,0,17,82,55,137
527,132,240,0,3,100,8,108
713,112,240,0,17,73,55,128
231,103,240,0,17,82,55,137
717,111,241,0,6,88,42,130
585,122,241,0,6,77,42,119
668,102,241,0,9,69,70,139
241,111,241,0,9,60,70,130
367,141,242,0,4,83,18,101
328,126,242,0,4,98,18,116
502,133,242,0,1,101,8,109
385,112,245,0,4,120,13,133
561,112,248,0,9,87,49,136
672,130,249,0,5,94,25,119
871,126,249,0,5,98,25,123
130,133,249,0,5,91,25,116
76,108,250,0,18,77,65,142
55,142,251,0,2,92,17,109
86,130,251,0,2,104,17,121
466,127,254,0,8,105,22,127
379,126,254,0,8,106,22,128
986,130,254,0,8,102,22,124
996,136,254,0,8,96,22,118
322,55,255,0,11,144,56,200
757,116,255,0,11,83,56,139
316,100,260,0,12,99,61,160
781,108,260,0,12,91,61,152
841,122,260,0,12,77,61,138
42,133,261,0,6,91,37,128
234,116,261,0,6,108,37,145
88,111,261,0,6,113,37,150
175,129,261,0,6,95,37,132
832,81,262,0,19,104,77,181
196,64,262,0,19,121,77,198
545,99,262,0,19,86,77,163
122,151,264,0,2,104,9,113
150,134,264,0,10,98,32,130
162,152,264,0,2,103,9,112
432,142,264,0,2,113,9,122
788,117,267,0,13,82,68,150
789,144,269,0,3,111,14,125
662,142,269,0,3,113,14,127
27,143,269,0,3,112,14,126
919,132,271,0,12,100,39,139
274,117,271,0,12,115,39,154
736,107,271,0,12,125,39,164
993,143,272,0,10,91,38,129
921,103,272,0,10,131,38,169
287,139,273,0,7,85,49,134
157,140,273,0,7,84,49,133
659,136,273,0,7,88,49,137
491,127,273,0,7,97,49,146
294,99,276,0,15,100,77,177
745,95,276,0,15,104,77,181
752,128,278,0,14,104,46,150
948,157,278,0,5,98,23,121
646,101,278,0,14,131,46,177
264,150,278,0,5,105,23,128
576,135,278,0,11,99,44,143
539,145,278,0,5,110,23,133
83,114,283,0,15,118,51,169
570,121,283,0,15,111,51,162
970,123,284,0,13,111,50,161
450,119,284,0,16,80,85,165
20,137,284,0,8,87,60,147
1001,120,284,0,16,79,85,164
413,137,284,0,13,97,50,147
465,117,284,0,8,107,60,167
360,140,284,0,8,84,60,144
520,112,284,0,16,87,85,172
207,148,284,0,6,107,29,136
914,114,289,0,17,85,90,175
629,102,289,0,17,97,90,187
797,156,290,0,7,99,35,134
714,128,290,0,7,127,35,162
740,140,290,0,14,94,56,150
392,119,290,0,7,136,35,171
620,97,292,0,16,135,60,195
416,135,292,0,16,97,60,157
245,69,292,0,16,163,60,223
904,130,294,0,9,94,70,164
690,130,297,0,17,102,65,167
579,141,298,0,8,114,43,157
979,154,298,0,8,101,43,144
925,158,298,0,8,97,43,140
239,139,298,0,8,116,43,159
892,142,300,0,15,92,66,158
258,130,300,0,15,104,66,170
718,145,303,0,10,140,18,158
152,127,303,0,10,158,18,176
444,123,305,0,18,109,73,182
78,139,306,0,16,95,72,167
1036,142,306,0,16,92,72,164
244,126,306,0,16,108,72,180
242,144,310,0,9,111,55,166
946,153,310,0,9,102,55,157
342,157,310,0,9,98,55,153
290,127,312,0,19,105,80,185
1043,90,313,0,17,144,79,223
973,114,313,0,17,120,79,199
814,139,313,0,17,95,79,174
13,142,313,0,17,92,79,171
872,132,315,0,11,153,30,183
531,163,318,0,1,149,6,155
93,166,318,0,1,146,6,152
71,140,321,0,18,94,87,181
638,153,323,0,12,132,38,170
116,143,327,0,3,174,10,184
325,142,328,0,19,92,94,186
415,159,330,0,2,153,18,171
112,148,333,0,13,137,48,185
1027,169,334,0,1,159,6,165
95,142,341,0,4,170,29,199
645,150,341,0,14,135,56,191
739,152,341,0,14,133,56,189
163,178,343,0,2,150,15,165
816,178,343,0,2,150,15,165
462,163,344,0,9,154,27,181
267,144,348,0,5,168,36,204
624,165,348,0,5,147,36,183
590,139,349,0,15,146,64,210
709,151,349,0,15,134,64,198
534,137,349,0,15,148,64,212
569,99,349,0,15,186,64,250
102,171,351,0,2,170,10,180
134,172,352,0,3,156,24,180
794,160,352,0,3,168,24,192
792,164,355,0,10,153,38,191
1005,149,355,0,16,136,70,206
237,157,355,0,10,160,38,198
880,143,355,0,16,142,70,212
837,160,355,0,6,152,43,195
768,164,357,0,3,177,16,193
216,142,360,0,17,143,75,218
380,147,362,0,7,165,50,215
393,167,362,0,7,145,50,195
522,157,362,0,7,155,50,205
828,130,362,0,7,182,50,232
177,162,362,0,7,150,50,200
612,168,364,0,4,160,36,196
978,163,364,0,4,165,36,201
358,171,364,0,6,170,23,193
384,171,364,0,4,157,36,193
1031,148,365,0,11,169,48,217
269,161,365,0,11,156,48,204
308,166,367,0,8,146,55,201
642,158,367,0,8,154,55,209
787,164,367,0,8,148,55,203
606,150,367,0,8,162,55,217
47,164,367,0,8,148,55,203
184,115,370,0,18,170,85,255
933,144,370,0,18,141,85,226
761,144,370,0,18,141,85,226
37,143,370,0,18,142,85,227
791,181,371,0,10,174,16,190
839,154,372,0,12,163,55,218
67,134,372,0,12,183,55,238
447,159,372,0,12,158,55,213
878,144,372,0,12,173,55,228
775,154,373,0,9,158,61,219
861,143,373,0,9,169,61,230
665,142,373,0,6,186,45,231
359,175,373,0,6,153,45,198
52,151,373,0,9,161,61,222
208,165,373,0,6,163,45,208
526,167,373,0,6,161,45,206
547,124,374,0,10,217,33,250
182,171,374,0,10,170,33,203
143,147,375,0,19,138,90,228
410,140,375,0,19,145,90,235
575,157,377,0,13,160,60,220
439,180,379,0,7,148,51,199
490,169,379,0,7,159,51,210
567,177,379,0,7,151,51,202
253,169,380,0,11,172,39,211
323,157,380,0,11,184,39,223
1021,165,380,0,11,176,39,215
854,167,381,0,11,188,26,214
683,165,381,0,11,190,26,216
408,182,381,0,11,173,26,199
449,167,386,0,12,174,45,219
573,161,388,0,16,156,71,227
750,150,388,0,16,167,71,238
382,171,388,0,8,157,60,217
483,178,388,0,8,150,60,210
141,152,388,0,16,165,71,236
734,180,392,0,12,175,37,212
243,190,395,0,1,198,7,205
407,171,397,0,9,157,69,226
165,109,397,0,17,208,80,288
676,176,397,0,9,152,69,221
774,176,397,0,9,152,69,221
320,155,397,0,17,162,80,242
842,172,398,0,14,169,57,226
149,161,398,0,14,180,57,237
565,166,398,0,14,175,57,232
252,178,399,0,13,177,44,221
188,166,402,0,2,222,14,236
689,185,402,0,2,203,14,217
206,140,404,0,18,177,87,264
389,160,404,0,18,157,87,244
537,156,404,0,18,161,87,248
72,158,404,0,18,159,87,246
18,159,407,0,15,182,66,248
819,149,407,0,15,192,66,258
158,169,407,0,15,172,66,238
823,170,410,0,14,185,55,240
1041,138,410,0,14,217,55,272
314,179,410,0,14,176,55,231
402,177,410,0,14,178,55,233
528,184,411,0,3,204,23,227
982,183,414,0,1,219,12,231
90,189,416,0,4,199,28,227
23,182,416,0,4,206,28,234
614,183,416,0,4,205,28,233
82,176,416,0,15,179,61,240
987,143,419,0,16,198,78,276
844,176,422,0,5,212,34,246
131,184,422,0,5,204,34,238
694,195,424,0,1,222,7,229
455,196,424,0,1,221,7,228
140,151,425,0,16,204,70,274
572,174,425,0,16,181,70,251
506,172,425,0,16,183,70,253
254,184,426,0,2,218,24,242
812,188,430,0,6,200,42,242
25,153,430,0,17,188,89,277
779,171,430,0,17,184,75,259
884,156,430,0,17,199,75,274
989,160,430,0,17,195,75,270
587,197,434,0,2,220,17,237
156,182,439,0,7,206,51,257
472,182,439,0,18,173,84,257
59,186,439,0,7,202,51,253
332,194,439,0,3,223,22,245
999,184,439,0,7,204,51,255
445,171,439,0,18,184,84,268
355,192,440,0,4,236,12,248
387,156,441,0,18,185,100,285
291,169,444,0,19,186,89,275
197,170,446,0,19,171,105,276
364,168,446,0,19,173,105,278
927,145,449,0,10,257,47,304
1015,157,449,0,10,245,47,292
278,194,449,0,9,234,21,255
199,184,449,0,10,218,47,265
276,181,449,0,9,247,21,268
21,190,450,0,8,198,62,260
729,181,450,0,8,207,62,269
362,178,450,0,8,210,62,272
997,188,450,0,8,200,62,262
922,199,451,0,4,218,34,252
963,196,451,0,4,221,34,255
611,191,451,0,4,226,34,260
644,183,456,0,9,205,68,273
399,180,456,0,9,208,68,276
277,187,456,0,9,201,68,269
824,171,459,0,11,231,57,288
45,169,461,0,10,259,33,292
571,179,462,0,5,238,45,283
519,191,462,0,5,226,45,271
650,194,462,0,5,223,45,268
813,182,470,0,6,235,53,288
292,182,471,0,12,220,69,289
693,190,473,0,12,238,45,283
61,195,478,0,1,275,8,283
220,195,480,0,7,222,63,285
333,197,480,0,7,220,63,283
437,190,480,0,7,227,63,290
178,192,480,0,7,225,63,288
796,176,480,0,7,241,63,304
688,210,481,0,1,261,10,271
319,184,481,0,13,244,53,297
574,191,481,0,13,237,53,290
563,155,481,0,13,273,53,326
136,172,483,0,13,230,81,311
373,206,486,0,2,265,15,280
762,209,486,0,2,262,15,277
510,194,486,0,2,277,15,292
356,210,486,0,2,261,15,276
798,187,487,0,8,230,70,300
940,190,487,0,8,227,70,297
883,186,488,0,14,216,86,302
810,191,488,0,14,237,60,297
204,194,492,0,10,276,22,298
281,196,492,0,9,221,75,296
181,200,492,0,10,270,22,292
725,197,492,0,9,220,75,295
706,209,493,0,8,267,17,284
509,177,495,0,15,225,93,318
391,175,495,0,15,227,93,320
790,196,496,0,3,275,25,300
767,200,496,0,3,271,25,296
856,183,499,0,15,245,71,316
4,212,501,0,4,259,30,289
6,207,501,0,4,264,30,294
453,193,504,0,16,235,76,311
419,194,504,0,16,234,76,310
577,178,504,0,11,292,34,326
553,185,504,0,16,217,102,319
418,183,504,0,16,219,102,321
1004,189,504,0,16,239,76,315
749,180,504,0,16,222,102,324
870,187,504,0,16,215,102,317
1002,206,506,0,11,270,30,300
29,207,506,0,11,269,30,299
836,206,508,0,5,265,37,302
916,211,508,0,5,260,37,297
949,197,508,0,5,274,37,311
446,204,512,0,12,272,36,308
627,205,512,0,12,271,36,307
456,196,512,0,12,280,36,316
639,200,512,0,12,276,36,312
224,198,513,0,12,272,43,315
617,185,513,0,12,285,43,328
555,190,513,0,12,280,43,323
780,191,513,0,12,279,43,322
759,187,514,0,17,241,86,327
766,191,514,0,17,237,86,323
551,192,514,0,17,236,86,322
164,185,514,0,17,243,86,329
758,194,514,0,17,234,86,320
62,215,514,0,1,291,8,299
703,184,514,0,17,218,112,330
887,214,514,0,1,292,8,300
350,202,518,0,13,268,48,316
770,200,519,0,6,271,48,319
591,171,519,0,15,305,43,348
915,191,519,0,15,285,43,328
763,213,520,0,2,293,14,307
863,212,520,0,2,294,14,308
33,211,520,0,2,295,14,309
331,216,525,0,3,290,19,309
70,168,526,0,18,234,124,358
91,174,526,0,19,254,98,352
593,195,526,0,19,233,98,331
549,192,529,0,15,278,59,337
60,207,530,0,7,264,59,323
524,207,530,0,7,264,59,323
1019,201,531,0,16,275,55,330
10,203,531,0,16,273,55,328
494,206,531,0,16,270,55,325
864,202,531,0,16,274,55,329
751,189,532,0,19,213,130,343
7,178,532,0,19,224,130,354
859,189,532,0,19,213,130,343
960,219,532,0,4,287,26,313
65,220,532,0,4,286,26,312
562,205,536,0,9,266,65,331
755,202,536,0,9,269,65,334
604,193,536,0,17,283,60,343
697,197,536,0,17,279,60,339
133,188,536,0,9,283,65,348
630,204,536,0,17,272,60,332
603,210,536,0,17,266,60,326
434,196,536,0,9,275,65,340
582,209,536,0,9,262,65,327
621,196,538,0,16,274,68,342
894,210,538,0,5,296,32,328
671,215,538,0,5,291,32,323
698,196,543,0,17,274,73,347
111,201,543,0,17,269,73,342
972,183,543,0,17,287,73,360
936,200,543,0,17,270,73,343
205,209,544,0,18,267,68,335
932,204,544,0,18,272,68,340
737,207,545,0,6,299,39,338
167,197,554,0,18,273,84,357
386,162,554,0,18,308,84,392
137,196,554,0,18,274,84,358
930,215,555,0,7,291,49,340
636,200,555,0,7,306,49,355
92,184,555,0,19,292,79,371
321,216,555,0,7,290,49,339
425,212,559,0,1,342,5,347
501,220,559,0,1,334,5,339
848,215,564,0,8,291,58,349
381,196,564,0,8,310,58,368
580,217,564,0,8,289,58,347
142,199,566,0,19,271,96,367
324,191,566,0,19,279,96,375
317,229,567,0,3,325,13,338
793,215,567,0,3,339,13,352
663,196,567,0,3,358,13,371
705,214,567,0,3,340,13,353
962,215,569,0,4,341,13,354
132,214,570,0,9,292,64,356
643,220,570,0,9,286,64,350
654,212,570,0,9,294,64,358
85,215,573,0,2,346,12,358
478,220,573,0,2,341,12,353
259,213,573,0,2,348,12,360
578,226,573,0,2,335,12,347
176,221,575,0,5,335,19,354
96,228,580,0,5,326,26,352
266,228,580,0,5,326,26,352
649,223,580,0,5,331,26,357
53,224,587,0,9,332,31,363
934,224,588,0,6,330,34,364
907,208,588,0,6,346,34,380
118,223,588,0,6,331,34,365
687,233,590,0,1,347,10,357
138,234,590,0,1,346,10,356
307,228,593,0,11,333,32,365
203,222,595,0,10,334,39,373
471,204,595,0,10,352,39,391
41,234,597,0,3,346,17,363
686,234,597,0,3,346,17,363
306,213,600,0,7,341,46,387
372,216,600,0,7,338,46,384
543,227,600,0,7,327,46,373
438,226,600,0,7,328,46,374
677,202,600,0,7,352,46,398
721,230,601,0,13,331,40,371
108,232,601,0,1,357,12,369
732,211,601,0,13,350,40,390
865,227,601,0,13,334,40,374
336,238,601,0,1,352,11,363
79,238,601,0,1,351,12,363
965,183,603,0,11,373,47,420
700,206,603,0,11,350,47,397
964,218,603,0,11,338,47,385
63,235,603,0,4,345,23,368
66,230,603,0,4,350,23,373
608,231,603,0,4,349,23,372
588,234,607,0,2,355,18,373
299,242,607,0,2,347,18,365
1017,214,609,0,12,342,53,395
508,192,609,0,12,364,53,417
564,229,609,0,14,332,48,380
618,223,609,0,12,333,53,386
396,220,609,0,12,336,53,389
998,221,611,0,8,333,57,390
924,221,611,0,8,333,57,390
513,234,613,0,2,356,23,379
49,224,613,0,5,356,33,389
846,231,614,0,15,330,53,383
318,239,616,0,3,350,27,377
345,212,616,0,3,377,27,404
875,235,616,0,3,354,27,381
661,237,616,0,3,352,27,379
504,240,616,0,3,349,27,376
776,216,619,0,9,338,65,403
233,203,619,0,16,358,58,416
708,205,619,0,16,356,58,414
552,217,619,0,16,344,58,402
918,214,619,0,14,342,63,405
232,229,619,0,16,332,58,390
869,229,619,0,16,332,58,390
912,242,623,0,4,347,34,381
354,240,623,0,4,349,34,383
435,239,623,0,4,350,34,384
212,229,624,0,7,351,44,395
852,221,630,0,9,359,50,409
301,226,631,0,17,335,70,405
815,223,631,0,17,338,70,408
710,219,631,0,15,337,75,412
370,216,631,0,15,340,75,415
847,210,631,0,15,346,75,421
937,224,631,0,17,337,70,407
368,190,631,0,17,371,70,441
741,240,634,0,7,349,45,394
660,238,634,0,7,351,45,396
127,242,635,0,10,348,45,393
969,204,636,0,16,352,80,432
263,212,636,0,16,344,80,424
542,226,638,0,10,354,58,412
626,233,640,0,8,356,51,407
298,239,640,0,11,351,50,401
503,241,640,0,8,348,51,399
928,238,640,0,8,351,51,402
619,229,642,0,19,332,81,413
829,211,642,0,18,345,86,431
107,250,647,0,1,387,10,397
950,246,647,0,1,391,10,401
479,227,648,0,11,353,68,421
544,241,649,0,12,349,59,408
8,203,650,0,19,353,94,447
343,239,651,0,9,350,62,412
581,228,651,0,9,361,62,423
376,229,651,0,9,360,62,422
765,218,655,0,13,362,75,437
153,232,655,0,13,348,75,423
959,198,655,0,13,382,75,457
476,229,655,0,13,351,75,426
731,237,658,0,13,353,68,421
35,244,659,0,2,393,22,415
512,245,659,0,2,392,22,414
1030,232,661,0,14,348,81,429
271,236,666,0,14,354,76,430
1042,204,666,0,14,386,76,462
400,236,666,0,14,354,76,430
335,249,669,0,3,388,32,420
353,242,669,0,3,395,32,427
712,214,672,0,17,366,92,458
613,230,675,0,4,407,38,445
983,235,675,0,1,431,9,440
327,245,675,0,4,392,38,430
911,248,675,0,4,389,38,427
161,241,675,0,15,349,85,434
121,252,677,0,2,417,8,425
255,251,677,0,2,418,8,426
699,228,681,0,18,352,101,453
265,250,682,0,5,387,45,432
14,247,682,0,5,390,45,435
728,244,682,0,5,393,45,438
897,245,682,0,2,421,16,437
727,247,682,0,5,390,45,435
304,229,683,0,16,361,93,454
495,221,683,0,16,369,93,462
1034,225,683,0,16,365,93,458
515,252,685,0,1,426,7,433
235,209,686,0,19,371,106,477
529,238,689,0,3,431,20,451
110,237,692,0,17,353,102,455
600,254,692,0,3,424,14,438
486,247,694,0,6,390,57,447
215,244,697,0,4,425,28,453
902,252,697,0,4,417,28,445
213,232,697,0,4,437,28,465
125,250,700,0,5,428,22,450
748,250,702,0,7,387,65,452
404,255,702,0,5,414,33,447
155,249,702,0,7,388,65,453
285,241,703,0,18,349,113,462
44,216,704,0,10,450,38,488
625,255,708,0,8,423,30,453
87,250,708,0,6,419,39,458
525,249,708,0,6,420,39,459
120,251,710,0,11,415,44,459
28,238,710,0,11,428,44,472
1006,240,711,0,19,350,121,471
38,231,711,0,19,359,121,480
295,240,711,0,19,350,121,471
1009,239,711,0,19,351,121,472
808,238,711,0,19,352,121,473
939,250,712,0,8,387,75,462
804,252,713,0,7,417,44,461
1020,250,713,0,7,419,44,463
667,258,713,0,9,420,35,455
669,249,713,0,9,429,35,464
279,227,718,0,12,439,52,491
920,237,718,0,12,429,52,481
632,247,718,0,12,419,52,471
901,234,721,0,9,403,84,487
756,237,721,0,9,400,84,484
860,242,721,0,9,395,84,479
482,257,723,0,8,412,54,466
1038,255,723,0,10,423,45,468
2,245,723,0,8,424,54,478
423,255,723,0,8,414,54,468
488,242,723,0,8,427,54,481
695,244,726,0,13,422,60,482
866,248,726,0,13,418,60,478
685,258,727,0,3,459,10,469
701,254,729,0,11,424,51,475
189,242,732,0,14,424,66,490
398,255,732,0,9,414,63,477
330,239,732,0,14,427,66,493
289,253,732,0,9,416,63,479
1014,256,732,0,9,413,63,476
1040,240,732,0,14,426,66,492
194,254,732,0,9,415,63,478
903,248,732,0,9,421,63,484
568,260,736,0,7,457,19,476
147,251,739,0,13,427,61,488
696,256,739,0,13,422,61,483
452,247,739,0,16,419,73,492
610,251,739,0,13,427,61,488
421,247,739,0,13,431,61,492
868,245,739,0,16,421,73,494
1012,243,739,0,13,435,61,496
1033,246,739,0,16,420,73,493
941,250,744,0,17,416,78,494
886,274,744,0,1,464,6,470
974,250,744,0,17,416,78,494
530,273,744,0,1,465,6,471
899,253,746,0,15,425,68,493
390,240,746,0,15,438,68,506
597,250,747,0,8,467,30,497
238,259,747,0,8,458,30,488
905,259,747,0,8,458,30,488
951,258,748,0,1,478,12,490
566,259,748,0,1,477,12,489
11,243,749,0,18,423,83,506
521,274,752,0,2,464,14,478
433,253,753,0,9,464,36,500
943,260,753,0,9,457,36,493
953,265,754,0,2,471,18,489
896,260,754,0,2,476,18,494
179,241,754,0,19,425,88,513
967,253,756,0,16,425,78,503
9,223,756,0,16,455,78,533
988,256,756,0,16,422,78,500
550,274,759,0,3,464,21,485
1025,262,759,0,3,476,21,497
375,274,759,0,1,474,11,485
113,276,759,0,1,472,11,483
910,266,759,0,3,472,21,493
470,251,763,0,10,466,46,512
460,239,765,0,18,439,87,526
260,280,767,0,2,468,19,487
682,261,768,0,11,456,51,507
853,241,768,0,11,476,51,527
1032,262,769,0,4,476,31,507
436,256,769,0,4,482,31,513
594,246,770,0,19,432,92,524
117,272,775,0,6,466,37,503
906,262,775,0,6,476,37,513
282,264,775,0,6,474,37,511
173,271,775,0,6,467,37,504
738,271,775,0,6,467,37,504
160,274,777,0,3,474,29,503
0,262,777,0,3,486,29,515
599,276,777,0,3,472,29,501
159,283,777,0,3,465,29,494
128,253,779,0,11,483,43,526
744,240,779,0,11,496,43,539
743,264,779,0,11,472,43,515
30,255,779,0,11,481,43,524
74,258,780,0,12,459,63,522
615,259,780,0,12,458,63,521
338,257,780,0,12,460,63,523
715,261,784,0,7,477,46,523
352,252,784,0,7,486,46,532
227,262,786,0,12,474,50,524
3,274,787,0,4,474,39,513
229,248,791,0,13,488,55,543
361,273,791,0,8,465,53,518
487,267,791,0,8,471,53,524
957,267,791,0,13,469,55,524
251,265,791,0,13,471,55,526
378,268,791,0,8,470,53,523
849,247,792,0,14,470,75,545
583,252,792,0,14,465,75,540
926,269,794,0,10,508,17,525
917,261,794,0,5,487,46,533
428,279,794,0,5,469,46,515
825,274,794,0,5,474,46,520
210,276,794,0,10,501,17,518
347,262,794,0,5,486,46,532
773,263,798,0,9,475,60,535
680,262,798,0,9,476,60,536
485,264,800,0,6,484,52,536
148,261,800,0,14,475,64,539
43,279,800,0,6,469,52,521
351,266,800,0,14,470,64,534
818,256,802,0,15,461,85,546
631,245,802,0,12,532,25,557
154,278,805,0,7,470,57,527
81,277,805,0,7,471,57,528
420,264,809,0,13,513,32,545
228,260,809,0,13,517,32,549
991,275,809,0,13,502,32,534
443,274,809,0,13,503,32,535
984,266,809,0,13,511,32,543
424,279,810,0,2,520,11,531
554,260,811,0,16,457,94,551
968,236,811,0,16,481,94,575
900,258,811,0,15,478,75,553
19,267,816,0,8,481,68,549
719,259,819,0,14,518,42,560
464,265,819,0,14,512,42,554
913,273,819,0,14,504,42,546
822,270,819,0,14,507,42,549
313,277,819,0,14,500,42,542
273,255,820,0,17,462,103,565
584,293,821,0,1,521,7,528
628,298,821,0,1,516,7,523
109,292,821,0,1,522,7,529
268,278,822,0,8,521,23,544
598,264,823,0,16,472,87,559
422,259,823,0,16,477,87,564
944,284,825,0,9,464,77,541
679,279,825,0,9,469,77,546
1013,280,825,0,9,468,77,545
845,274,825,0,15,503,48,551
995,271,830,0,16,506,53,559
879,273,830,0,16,504,53,557
185,259,830,0,18,458,113,571
498,293,831,0,2,521,17,538
830,263,832,0,9,536,33,569
77,263,836,0,18,473,100,573
284,272,839,0,18,505,62,567
12,254,839,0,18,523,62,585
473,276,839,0,18,501,62,563
806,284,839,0,10,515,40,555
468,266,839,0,10,533,40,573
412,262,839,0,18,515,62,577
198,283,839,0,10,516,40,556
39,286,840,0,3,528,26,554
909,296,840,0,3,518,26,544
40,276,840,0,3,538,26,564
489,261,842,0,19,475,106,581
546,262,842,0,19,474,106,580
339,274,844,0,11,525,45,570
22,295,846,0,4,519,32,551
857,290,846,0,4,524,32,556
5,298,846,0,4,516,32,548
923,294,846,0,4,520,32,552
658,285,846,0,4,529,32,561
977,287,846,0,4,527,32,559
427,295,849,0,1,544,10,554
54,273,854,0,12,526,55,581
103,299,855,0,2,540,16,556
226,286,856,0,6,528,42,570
172,250,861,0,13,549,62,611
518,299,861,0,3,541,21,562
722,270,861,0,13,529,62,591
334,296,861,0,3,543,22,565
876,299,861,0,3,540,22,562
730,285,861,0,13,514,62,576
609,259,861,0,13,540,62,602
992,282,861,0,13,517,62,579
990,276,861,0,13,523,62,585
595,271,861,0,13,528,62,590
637,262,862,0,7,552,48,600
678,288,862,0,7,526,48,574
257,291,862,0,7,523,48,571
622,289,862,0,7,525,48,573
135,293,866,0,4,546,27,573
124,283,871,0,14,516,72,588
484,297,873,0,8,517,59,576
429,277,876,0,5,562,37,599
469,297,878,0,10,566,15,581
211,289,878,0,10,568,21,589
183,297,878,0,10,566,15,581
145,291,878,0,10,566,21,587
753,275,882,0,16,524,83,607
935,299,883,0,6,542,42,584
945,279,883,0,9,535,69,604
711,287,883,0,6,552,44,596
104,292,885,0,10,578,15,593
129,271,885,0,11,593,21,614
1037,296,885,0,10,575,14,589
202,293,885,0,10,575,17,592
1003,299,885,0,11,564,22,586
724,264,885,0,11,599,22,621
275,275,886,0,12,582,29,611
733,294,886,0,12,563,29,592
538,279,892,0,18,520,93,613
461,280,892,0,18,519,93,612
64,279,892,0,18,520,93,613
230,284,893,0,13,573,36,609
956,283,893,0,13,574,36,610
1022,298,894,0,11,570,26,596
80,299,894,0,7,541,54,595
805,298,894,0,7,541,55,596
190,299,894,0,7,540,55,595
633,280,897,0,12,583,34,617
75,274,897,0,12,589,34,623
747,300,897,0,12,563,34,597
448,288,897,0,12,576,33,609
1,293,899,0,8,546,60,606
889,285,899,0,8,554,60,614
46,299,899,0,8,541,59,600
481,286,899,0,8,553,60,613
123,290,902,0,14,567,45,612
1039,294,902,0,14,563,45,608
225,297,902,0,12,572,33,605
657,295,902,0,12,573,34,607
850,292,902,0,14,565,45,610
958,296,904,0,13,567,41,608
985,298,904,0,13,565,41,606
477,290,904,0,13,573,41,614
675,294,911,0,14,569,48,617
720,298,911,0,14,572,41,613
270,297,911,0,14,566,48,614
463,289,911,0,14,574,48,622
457,279,912,0,15,578,55,633
371,295,912,0,15,562,55,617
653,267,912,0,15,590,55,645
707,284,918,0,16,579,55,634
394,273,918,0,16,584,61,645
302,286,918,0,16,571,61,632
458,297,920,0,15,571,52,623
556,282,929,0,18,575,72,647
535,290,929,0,18,578,61,639
536,286,929,0,18,583,60,643
938,295,929,0,17,568,66,634
36,295,929,0,18,562,72,634
459,294,929,0,18,575,60,635
411,290,929,0,18,567,72,639
218,288,929,0,17,575,66,641
69,258,937,0,19,599,80,679
297,293,937,0,19,564,80,644
831,288,937,0,19,569,80,649
931,293,938,0,18,570,75,645
811,283,938,0,18,581,74,655
809,300,940,0,19,568,72,640
296,278,940,0,19,590,72,662
