903,3,11,0,1,1,7,8
966,9,12,0,1,1,2,3
60,3,19,0,10,1,15,16
1295,1,19,0,10,2,16,18
493,8,20,0,3,1,11,12
173,18,22,0,2,1,3,4
968,20,24,0,1,1,3,4
1463,15,24,0,3,1,8,9
35,3,27,0,4,2,22,24
1198,8,29,0,13,1,20,21
1291,12,30,0,4,2,16,18
97,13,31,0,2,1,17,18
967,22,33,0,1,3,8,11
265,25,33,0,1,2,6,8
291,17,36,0,6,1,18,19
905,11,37,0,3,2,24,26
1274,4,39,0,15,1,34,35
897,3,39,0,15,1,35,36
1489,0,39,0,5,2,37,39
696,26,41,0,2,1,14,15
692,13,44,0,11,1,30,31
232,6,45,0,17,1,38,39
670,24,46,0,3,1,21,22
1405,21,46,0,3,4,21,25
1157,2,48,0,7,1,45,46
1299,10,49,0,4,3,36,39
1444,17,49,0,4,1,31,32
244,14,50,0,9,1,35,36
578,13,51,0,12,2,36,38
210,22,53,0,4,5,26,31
1175,5,54,0,19,1,48,49
202,5,59,0,8,1,53,54
110,15,61,0,7,1,45,46
231,16,61,0,7,1,44,45
1120,24,62,0,6,3,35,38
773,11,64,0,14,2,51,53
326,14,66,0,8,1,51,52
89,11,71,0,9,3,57,60
1162,23,71,0,9,2,46,48
860,15,73,0,15,1,57,58
1146,13,73,0,15,1,59,60
53,17,73,0,15,1,55,56
914,25,76,0,10,1,50,51
566,47,76,0,1,23,6,29
128,25,76,0,10,1,50,51
685,20,78,0,11,1,57,58
957,35,81,0,1,38,8,46
329,53,81,0,1,20,8,28
433,57,81,0,1,16,8,24
682,26,81,0,11,2,53,55
380,43,86,0,2,27,16,43
434,11,86,0,17,1,74,75
340,30,86,0,2,40,16,56
843,38,86,0,2,35,13,48
693,35,86,0,2,35,16,51
1462,60,86,0,2,13,13,26
172,31,86,0,2,42,13,55
1441,34,86,0,2,36,16,52
1442,32,86,0,2,38,16,54
1081,21,88,0,13,1,66,67
1244,22,89,0,12,3,64,67
1327,49,92,0,3,24,19,43
795,45,93,0,3,25,23,48
432,29,93,0,3,41,23,64
731,38,93,0,3,32,23,55
424,52,94,0,1,31,11,42
1130,10,96,0,18,2,84,86
1189,20,100,0,19,2,78,80
158,21,100,0,19,1,78,79
1031,26,100,0,13,1,73,74
954,43,101,0,4,30,28,58
811,48,102,0,5,22,32,54
118,12,104,0,19,1,91,92
287,16,104,0,19,1,87,88
43,52,106,0,5,21,33,54
497,33,106,0,5,40,33,73
1215,59,106,0,5,14,33,47
144,50,106,0,5,23,33,56
1217,58,106,0,5,15,33,48
1097,21,108,0,15,4,83,87
203,23,108,0,15,3,82,85
119,24,108,0,15,1,83,84
1255,47,112,0,10,36,29,65
594,38,113,0,6,32,43,75
710,21,114,0,17,5,88,93
51,54,118,0,11,29,35,64
782,51,118,0,11,32,35,67
363,51,118,0,6,22,45,67
1171,38,122,0,7,32,52,84
320,39,122,0,7,31,52,83
508,43,122,0,7,27,52,79
470,26,122,0,7,44,52,96
285,28,122,0,7,42,52,94
1413,39,124,0,7,34,51,85
1173,56,124,0,7,17,51,68
1347,23,124,0,18,5,96,101
1265,48,124,0,7,25,51,76
987,27,124,0,18,1,96,97
1208,45,124,0,7,28,51,79
1388,32,128,0,12,51,45,96
1099,56,128,0,12,27,45,72
799,50,128,0,12,33,45,78
382,58,132,0,8,15,59,74
1047,30,134,0,8,40,64,104
953,45,134,0,8,25,64,89
704,68,136,0,1,63,5,68
920,22,136,0,19,4,110,114
352,31,136,0,1,96,9,105
669,57,139,0,13,26,56,82
130,33,139,0,13,50,56,106
754,38,139,0,13,45,56,101
1057,57,139,0,13,26,56,82
536,39,140,0,9,34,67,101
611,52,141,0,2,75,14,89
847,31,143,0,9,39,73,112
406,42,143,0,9,28,73,101
979,30,148,0,14,53,65,118
1012,29,148,0,14,54,65,119
1041,62,148,0,2,69,17,86
136,50,150,0,3,77,23,100
1096,39,154,0,15,44,71,115
506,46,163,0,7,81,36,117
1340,68,164,0,2,89,7,96
553,49,165,0,16,34,82,116
1272,63,166,0,10,68,35,103
418,61,166,0,10,70,35,105
589,80,167,0,1,79,8,87
1009,78,167,0,1,81,8,89
575,60,171,0,8,67,44,111
1300,71,172,0,4,86,15,101
1324,45,172,0,4,112,15,127
1177,70,172,0,4,87,15,102
98,77,172,0,4,80,15,95
608,51,173,0,11,80,42,122
525,48,173,0,17,35,90,125
645,42,173,0,17,41,90,131
520,46,173,0,11,85,42,127
909,25,173,0,17,58,90,148
1055,68,173,0,11,63,42,105
437,61,175,0,3,98,16,114
643,79,175,0,1,86,10,96
106,62,175,0,3,97,16,113
12,62,177,0,10,65,50,115
13,60,177,0,10,67,50,117
915,60,177,0,10,67,50,117
1270,62,177,0,10,65,50,115
761,61,179,0,12,70,48,118
574,70,179,0,12,61,48,109
1076,46,179,0,18,37,96,133
1214,74,183,0,5,83,26,109
844,79,186,0,2,86,21,107
199,67,187,0,13,64,56,120
708,64,187,0,13,67,56,123
841,59,187,0,13,72,56,128
237,56,188,0,5,103,29,132
1313,32,188,0,19,51,105,156
872,61,188,0,12,66,61,127
248,63,190,0,6,94,33,127
1258,54,190,0,6,103,33,136
1384,71,190,0,6,86,33,119
1257,65,190,0,6,92,33,125
662,73,190,0,6,84,33,117
491,68,190,0,6,89,33,122
833,70,190,0,6,87,33,120
303,62,190,0,6,95,33,128
1182,71,193,0,6,88,34,122
1135,74,193,0,6,85,34,119
33,85,193,0,6,74,34,108
998,61,195,0,14,66,68,134
24,48,195,0,14,79,68,147
1458,58,195,0,14,69,68,137
581,67,197,0,7,90,40,130
728,66,197,0,14,65,66,131
1263,60,197,0,7,97,40,137
1207,78,197,0,7,79,40,119
874,63,197,0,14,68,66,134
572,68,197,0,14,63,66,129
802,63,198,0,4,102,33,135
619,64,200,0,7,95,41,136
191,82,200,0,7,77,41,118
1266,77,200,0,7,82,41,123
245,69,204,0,8,88,47,135
239,57,204,0,15,74,73,147
1430,55,206,0,15,72,79,151
933,59,206,0,15,68,79,147
1086,67,210,0,8,98,45,143
165,64,211,0,9,93,54,147
1142,84,211,0,8,75,52,127
488,77,211,0,9,80,54,134
576,82,211,0,8,77,52,129
301,70,211,0,8,89,52,141
742,68,211,0,8,91,52,143
1284,73,211,0,8,86,52,138
1338,78,211,0,8,81,52,133
177,38,215,0,17,89,88,177
217,68,217,0,17,63,86,149
416,49,219,0,10,116,54,170
400,79,219,0,9,80,60,140
501,76,219,0,10,89,54,143
875,69,219,0,9,90,60,150
534,74,219,0,10,91,54,145
88,84,219,0,9,75,60,135
1346,35,223,0,18,96,92,188
362,29,223,0,18,102,92,194
1329,69,223,0,18,62,92,154
228,85,223,0,1,131,7,138
736,87,223,0,1,129,7,136
585,43,225,0,18,84,98,182
1385,28,225,0,18,99,98,197
518,60,227,0,11,105,62,167
676,73,230,0,2,143,14,157
502,91,230,0,2,125,14,139
711,33,233,0,19,94,106,200
1269,56,233,0,19,71,106,177
1225,75,234,0,13,90,69,159
1341,101,237,0,1,129,7,136
565,102,237,0,1,128,7,135
614,103,237,0,1,127,7,134
881,81,241,0,14,84,76,160
251,32,241,0,14,133,76,209
1233,86,243,0,2,144,13,157
835,94,243,0,2,136,13,149
892,93,249,0,10,123,33,156
1158,109,249,0,1,130,10,140
563,99,249,0,1,140,10,150
1277,87,249,0,10,129,33,162
928,73,253,0,15,92,88,180
238,84,253,0,15,81,88,169
1192,97,254,0,3,133,24,157
942,98,254,0,3,132,24,156
469,79,257,0,11,137,41,178
414,62,257,0,11,154,41,195
1445,76,259,0,16,89,94,183
1083,78,259,0,16,87,94,181
31,70,259,0,16,95,94,189
341,99,261,0,2,140,22,162
442,111,261,0,2,128,22,150
230,110,261,0,2,129,22,151
977,94,261,0,4,136,31,167
650,104,261,0,4,126,31,157
87,95,264,0,10,153,16,169
784,82,264,0,10,166,16,182
965,89,265,0,12,127,49,176
187,78,265,0,12,138,49,187
451,91,265,0,12,125,49,174
661,94,270,0,3,145,31,176
660,90,270,0,3,149,31,180
975,92,270,0,5,138,40,178
394,83,271,0,17,82,106,188
1,77,271,0,17,88,106,194
720,75,272,0,13,141,56,197
1026,81,272,0,13,135,56,191
495,41,272,0,13,175,56,231
1018,110,274,0,3,153,11,164
160,99,276,0,6,131,46,177
981,85,276,0,6,145,46,191
770,96,276,0,6,134,46,180
531,103,276,0,11,145,28,173
79,105,276,0,4,134,37,171
1471,103,276,0,11,145,28,173
663,93,276,0,6,137,46,183
857,90,276,0,6,140,46,186
1094,93,277,0,14,123,61,184
457,76,277,0,14,140,61,201
458,67,277,0,14,149,61,210
1268,69,279,0,19,96,114,210
286,81,279,0,19,84,114,198
879,109,281,0,4,154,18,172
450,100,284,0,12,148,36,184
640,90,284,0,8,140,54,194
1456,102,284,0,8,128,54,182
760,101,284,0,12,147,36,183
1318,91,284,0,12,157,36,193
461,83,285,0,17,133,69,202
926,106,289,0,6,133,50,183
298,107,289,0,6,132,50,182
492,109,289,0,6,130,50,180
1163,94,289,0,6,145,50,195
1293,106,289,0,6,133,50,183
339,92,291,0,9,138,61,199
338,101,291,0,9,129,61,190
1333,88,291,0,13,160,43,203
167,88,291,0,9,142,61,203
375,92,294,0,18,124,78,202
976,87,294,0,6,176,31,207
284,109,297,0,7,130,58,188
192,92,297,0,7,147,58,205
185,111,297,0,7,128,58,186
816,95,302,0,14,153,54,207
972,108,305,0,7,155,42,197
426,91,305,0,19,125,89,214
667,102,307,0,8,137,68,205
383,111,307,0,8,128,68,196
396,85,307,0,8,154,68,222
54,106,309,0,15,142,61,203
839,99,309,0,15,149,61,210
838,95,309,0,15,153,61,214
1487,100,309,0,15,148,61,209
867,102,309,0,15,146,61,207
243,78,309,0,15,170,61,231
67,97,312,0,9,142,73,215
1231,119,313,0,1,186,8,194
208,119,313,0,1,186,8,194
1098,59,315,0,16,189,67,256
739,94,315,0,16,154,67,221
6,91,315,0,16,157,67,224
1227,119,316,0,3,190,7,197
983,106,317,0,8,157,54,211
1141,120,319,0,2,185,14,199
697,126,319,0,2,179,14,193
886,127,319,0,2,178,14,192
72,76,320,0,17,172,72,244
494,124,326,0,3,181,21,202
22,111,326,0,9,152,63,215
1403,119,326,0,3,186,21,207
1410,112,326,0,3,193,21,214
1061,115,327,0,10,194,18,212
911,101,327,0,10,208,18,226
1331,73,327,0,10,236,18,254
765,70,330,0,18,178,82,260
584,93,333,0,4,212,28,240
798,107,333,0,12,202,24,226
1378,112,333,0,12,197,24,221
1376,113,333,0,4,192,28,220
1400,116,333,0,12,193,24,217
448,112,333,0,12,197,24,221
806,91,337,0,11,172,74,246
1374,89,338,0,13,220,29,249
1230,114,341,0,1,219,8,227
1261,130,341,0,1,203,8,211
538,116,343,0,5,189,38,227
617,112,343,0,5,193,38,231
1069,120,343,0,5,185,38,223
1105,95,346,0,12,168,83,251
727,114,346,0,14,195,37,232
186,111,346,0,12,152,83,235
415,123,350,0,10,210,17,227
1148,127,350,0,10,206,17,223
1136,114,350,0,6,191,45,236
1024,120,350,0,10,213,17,230
937,108,350,0,10,225,17,242
1359,134,350,0,2,199,17,216
443,133,350,0,2,200,17,217
323,114,351,0,15,195,42,237
1125,109,351,0,15,200,42,242
293,99,351,0,13,164,88,252
306,104,351,0,13,159,88,247
707,109,351,0,13,154,88,242
1436,102,351,0,13,161,88,249
1402,116,356,0,3,217,23,240
27,112,357,0,16,197,48,245
780,98,357,0,16,211,48,259
111,115,357,0,16,194,48,242
973,111,357,0,16,198,48,246
656,125,359,0,7,180,54,234
513,94,360,0,15,169,97,266
1119,125,361,0,11,208,28,236
1089,131,365,0,4,202,32,234
229,117,365,0,8,188,60,248
276,121,365,0,8,184,60,244
1188,112,366,0,16,151,103,254
1071,122,366,0,12,211,33,244
11,114,366,0,17,195,57,252
524,116,366,0,17,193,57,250
336,123,366,0,12,210,33,243
75,130,369,0,11,223,16,239
467,123,369,0,11,230,16,246
519,109,369,0,11,244,16,260
540,109,372,0,9,196,67,263
869,109,372,0,9,196,67,263
1131,105,372,0,9,200,67,267
496,127,373,0,5,206,40,246
862,100,375,0,14,233,42,275
481,121,375,0,14,212,42,254
821,119,375,0,14,214,42,256
1345,118,376,0,18,191,67,258
985,128,378,0,12,225,25,250
211,112,378,0,12,241,25,266
732,100,379,0,18,163,116,279
725,76,379,0,18,187,116,303
18,109,379,0,18,154,116,270
92,63,379,0,18,200,116,316
1003,108,379,0,18,155,116,271
777,124,382,0,15,209,49,258
1429,112,382,0,15,221,49,270
1478,133,383,0,6,200,50,250
487,122,383,0,6,211,50,261
270,117,383,0,6,216,50,266
425,110,383,0,19,199,74,273
701,132,388,0,13,221,35,256
376,133,388,0,13,220,35,255
554,122,388,0,13,231,35,266
402,114,390,0,16,219,57,276
818,122,390,0,16,211,57,268
181,125,390,0,16,208,57,265
95,120,393,0,7,213,60,273
96,128,393,0,7,205,60,265
1249,134,393,0,7,199,60,259
509,130,393,0,7,203,60,263
1126,129,394,0,1,258,7,265
1010,140,394,0,1,247,7,254
958,143,394,0,1,244,7,251
78,128,400,0,8,205,67,272
599,140,400,0,2,247,13,260
143,143,400,0,2,244,13,257
455,126,400,0,14,227,47,274
1379,115,400,0,14,238,47,285
1290,121,400,0,14,232,47,279
1186,133,400,0,8,200,67,267
1067,134,400,0,8,199,67,266
510,128,400,0,8,205,67,272
1422,80,403,0,18,253,70,323
1237,127,403,0,18,206,70,276
1022,111,403,0,18,222,70,292
521,131,405,0,15,222,52,274
941,133,407,0,3,254,20,274
256,135,407,0,3,252,20,272
1123,133,409,0,9,200,76,276
1298,125,409,0,9,208,76,284
1309,131,413,0,16,222,60,282
1241,128,413,0,16,225,60,285
737,115,413,0,19,218,80,298
613,143,413,0,1,264,6,270
1322,118,413,0,19,215,80,295
1236,130,413,0,16,223,60,283
70,132,413,0,16,221,60,281
649,142,414,0,4,245,27,272
978,137,414,0,4,250,27,277
126,142,414,0,4,245,27,272
1407,140,414,0,4,247,27,274
1161,139,416,0,9,264,13,277
1116,143,420,0,5,244,33,277
351,134,420,0,5,253,33,286
1328,144,421,0,2,263,14,277
580,139,421,0,2,268,14,282
790,103,424,0,10,300,21,321
499,134,424,0,10,269,21,290
1213,135,424,0,10,268,21,289
288,95,425,0,17,258,72,330
1025,119,425,0,17,234,72,306
47,124,425,0,17,229,72,301
438,136,428,0,6,251,41,292
255,140,428,0,3,267,21,288
1314,139,428,0,6,248,41,289
261,139,428,0,6,248,41,289
74,150,431,0,1,276,5,281
659,145,431,0,1,281,5,286
622,149,431,0,1,277,5,282
921,130,433,0,19,223,80,303
50,139,434,0,11,264,31,295
1469,130,434,0,11,273,31,304
385,114,437,0,8,273,50,323
1357,149,438,0,2,277,12,289
1423,156,438,0,2,270,12,282
242,152,438,0,2,274,12,286
196,158,438,0,2,268,12,280
188,151,438,0,2,275,12,287
598,150,438,0,2,276,12,288
267,146,438,0,2,280,12,292
856,145,440,0,5,262,33,295
691,144,440,0,5,263,33,296
1450,131,442,0,9,256,55,311
1124,138,442,0,9,249,55,304
602,141,442,0,9,246,55,301
986,138,443,0,12,265,40,305
182,133,443,0,12,270,40,310
906,140,447,0,3,286,21,307
194,148,447,0,3,278,21,299
277,136,450,0,9,271,43,314
240,141,453,0,13,262,50,312
322,144,455,0,10,263,48,311
893,137,455,0,10,270,48,318
762,157,459,0,4,269,33,302
1013,146,462,0,11,297,19,316
952,134,462,0,11,309,19,328
607,119,462,0,11,324,19,343
1051,144,462,0,11,299,19,318
1425,124,463,0,14,279,60,339
992,134,463,0,14,269,60,329
404,135,463,0,14,268,60,328
464,148,464,0,1,310,6,316
558,142,466,0,12,265,59,324
907,162,466,0,1,298,6,304
904,160,466,0,1,300,6,306
698,141,466,0,12,266,59,325
315,131,466,0,12,276,59,335
65,133,466,0,12,274,59,333
1278,146,472,0,12,297,29,326
1199,146,472,0,6,280,46,326
218,147,472,0,12,296,29,325
1389,130,472,0,12,313,29,342
1106,149,472,0,12,294,29,323
785,132,474,0,15,271,71,342
861,137,474,0,15,266,71,337
934,140,474,0,15,263,71,334
1232,164,475,0,2,296,15,311
970,147,477,0,10,311,19,330
1212,151,477,0,10,307,19,326
305,123,478,0,13,284,71,355
1059,143,478,0,13,264,71,335
1066,134,478,0,13,273,71,344
831,130,480,0,16,273,77,350
1296,116,480,0,16,287,77,364
671,156,481,0,3,304,21,325
686,165,481,0,3,295,21,316
330,137,482,0,7,289,56,345
505,153,482,0,7,273,56,329
822,150,484,0,13,293,41,334
1209,143,484,0,13,300,41,341
552,128,485,0,16,279,78,357
479,142,485,0,16,265,78,343
150,159,488,0,4,301,28,329
1368,159,488,0,4,301,28,329
486,164,488,0,4,296,28,324
743,148,490,0,8,278,64,342
142,156,490,0,8,270,64,334
740,146,490,0,8,280,64,344
561,121,491,0,17,282,88,370
752,157,491,0,13,301,33,334
1034,139,493,0,14,304,50,354
824,167,493,0,5,293,33,326
1152,148,493,0,14,295,50,345
219,149,493,0,14,294,50,344
1288,148,493,0,14,295,50,345
820,144,493,0,14,299,50,349
690,145,493,0,5,315,33,348
1420,167,493,0,5,293,33,326
419,112,495,0,17,295,88,383
1007,154,497,0,9,272,71,343
775,151,500,0,14,307,42,349
253,149,500,0,14,309,42,351
601,125,500,0,14,333,42,375
568,163,503,0,6,297,43,340
571,127,503,0,18,276,100,376
1112,136,503,0,18,267,100,367
141,142,503,0,19,265,96,361
961,152,503,0,6,308,43,351
444,142,504,0,15,301,61,362
1493,157,505,0,15,301,47,348
859,142,505,0,15,316,47,363
826,145,505,0,15,313,47,360
1461,155,505,0,15,303,47,350
40,135,505,0,15,323,47,370
866,143,505,0,15,315,47,362
445,156,505,0,15,302,47,349
1382,151,511,0,16,292,68,360
547,146,511,0,16,297,68,365
606,165,515,0,7,295,55,350
1267,158,515,0,7,302,55,357
744,169,517,0,1,342,6,348
1229,168,517,0,1,343,6,349
1228,160,517,0,1,351,6,357
840,151,517,0,16,307,59,366
1036,169,517,0,1,342,6,348
1108,172,517,0,1,339,6,345
654,155,517,0,16,303,59,362
590,149,521,0,17,294,78,372
398,141,521,0,17,302,78,380
641,148,526,0,8,312,66,378
162,149,526,0,8,311,66,377
429,166,526,0,8,294,66,360
1464,168,529,0,3,343,18,361
1386,146,529,0,18,312,71,383
1370,152,529,0,18,306,71,377
726,155,529,0,18,303,71,374
135,172,529,0,3,339,18,357
1226,173,529,0,3,338,18,356
68,161,536,0,9,299,76,375
699,153,536,0,19,305,78,383
1206,157,536,0,9,303,76,379
894,171,538,0,5,340,27,367
1111,172,538,0,5,339,27,366
766,164,542,0,10,363,15,378
849,146,542,0,10,381,15,396
1343,158,542,0,10,369,15,384
299,170,546,0,6,341,35,376
638,168,549,0,10,365,16,381
1147,168,549,0,10,365,16,381
280,167,549,0,10,366,16,382
945,165,549,0,10,368,16,384
1015,165,550,0,11,362,23,385
582,161,550,0,11,366,23,389
428,149,550,0,11,378,23,401
100,151,550,0,11,376,23,399
325,164,550,0,11,363,23,386
1073,165,554,0,11,368,21,389
807,163,554,0,11,370,21,391
523,150,558,0,7,361,47,408
683,159,558,0,7,352,47,399
887,176,558,0,2,369,13,382
471,171,558,0,7,340,47,387
317,143,560,0,12,384,33,417
335,154,560,0,12,373,33,406
1235,165,560,0,12,362,33,395
899,147,560,0,13,386,27,413
794,169,560,0,13,364,27,391
1253,182,563,0,2,375,6,381
687,177,563,0,2,380,6,386
674,183,563,0,2,374,6,380
56,184,563,0,2,373,6,379
729,169,565,0,14,364,32,396
327,158,565,0,8,353,54,407
1139,162,565,0,8,349,54,403
328,164,565,0,8,347,54,401
801,165,565,0,8,346,54,400
387,160,570,0,13,367,43,410
1390,162,570,0,13,365,43,408
154,167,572,0,9,344,61,405
1297,172,572,0,9,339,61,400
59,179,574,0,3,378,17,395
214,188,574,0,3,369,17,386
1408,176,574,0,3,381,17,398
247,185,574,0,3,372,17,389
730,179,574,0,3,378,17,395
891,180,575,0,10,381,14,395
628,177,575,0,10,384,14,398
39,157,577,0,15,376,44,420
1438,161,577,0,15,372,44,416
555,162,577,0,15,371,44,415
498,166,579,0,10,379,34,413
848,171,579,0,10,374,34,408
1144,144,579,0,10,401,34,435
282,164,579,0,10,381,34,415
1151,159,582,0,14,368,55,423
632,158,582,0,14,369,55,424
134,166,583,0,16,367,50,417
104,169,583,0,11,392,22,414
1132,178,583,0,11,383,22,405
124,158,583,0,16,375,50,425
917,166,585,0,11,379,40,419
1220,183,586,0,4,374,29,403
1085,174,586,0,4,383,29,412
1090,178,586,0,4,379,29,408
1372,151,588,0,12,410,27,437
1234,176,588,0,12,385,27,412
20,181,588,0,12,380,27,407
393,171,592,0,17,362,59,421
1164,187,592,0,6,370,35,405
948,141,592,0,17,392,59,451
3,164,592,0,17,369,59,428
48,166,592,0,17,367,59,426
480,161,593,0,16,366,66,432
819,155,593,0,16,372,66,438
1210,155,596,0,12,390,51,441
882,165,598,0,14,396,37,433
421,171,598,0,14,390,37,427
1453,182,598,0,14,379,37,416
1260,183,599,0,1,405,11,416
703,191,599,0,1,397,11,408
908,194,599,0,1,394,11,405
1107,195,599,0,1,393,11,404
1470,193,599,0,1,395,11,406
657,133,601,0,18,394,74,468
205,163,601,0,18,364,74,438
1273,168,602,0,14,377,57,434
1380,176,602,0,14,369,57,426
817,172,602,0,14,373,57,430
1033,159,602,0,14,386,57,443
427,177,603,0,7,380,46,426
34,180,603,0,7,377,46,423
99,187,603,0,7,370,46,416
930,151,605,0,19,382,72,454
1307,170,605,0,19,363,72,435
837,190,606,0,2,398,18,416
1262,181,606,0,15,380,45,425
836,193,606,0,2,395,18,413
1482,177,606,0,15,384,45,429
116,190,606,0,2,398,18,416
1317,176,606,0,15,385,45,430
77,175,609,0,8,382,52,434
734,176,611,0,16,385,50,435
1052,163,611,0,19,364,84,448
543,179,611,0,16,382,50,432
776,173,612,0,15,372,67,439
489,185,615,0,9,372,58,430
1449,175,615,0,9,382,58,440
76,172,615,0,9,385,58,443
268,194,617,0,4,394,29,423
147,178,617,0,4,410,29,439
1381,172,621,0,16,373,76,449
1084,170,621,0,16,375,76,451
1484,161,622,0,18,400,61,461
1392,180,622,0,18,381,61,442
334,167,622,0,18,394,61,455
46,174,626,0,17,371,81,452
805,172,626,0,17,373,81,454
644,173,626,0,17,372,81,453
885,194,627,0,5,394,39,433
1027,183,627,0,5,405,39,444
1154,174,630,0,19,387,69,456
1312,172,630,0,19,389,69,458
263,189,633,0,6,399,45,444
1256,185,633,0,6,403,45,448
441,190,633,0,6,398,45,443
755,177,633,0,6,411,45,456
91,163,634,0,18,382,89,471
564,190,637,0,1,442,5,447
1247,193,643,0,7,395,55,450
677,169,645,0,19,376,100,476
1042,196,645,0,2,436,13,449
157,176,645,0,19,369,100,469
672,199,645,0,2,433,13,446
179,186,649,0,10,448,15,463
850,176,649,0,10,458,15,473
712,173,649,0,10,461,15,476
1143,193,654,0,8,395,66,461
620,188,654,0,8,400,66,466
800,174,654,0,8,414,66,480
796,191,655,0,10,446,18,464
1411,203,655,0,3,429,23,452
618,200,655,0,3,432,23,455
1095,193,655,0,10,444,18,462
386,189,656,0,11,445,22,467
1138,166,656,0,11,468,22,490
109,187,656,0,11,447,22,469
103,190,656,0,11,444,22,466
964,179,661,0,12,455,27,482
621,177,661,0,12,457,27,484
675,199,663,0,2,458,6,464
1421,198,664,0,4,434,32,466
610,192,667,0,11,445,30,475
108,172,667,0,11,465,30,495
702,194,667,0,11,443,30,473
1074,182,667,0,11,455,30,485
200,184,667,0,13,450,33,483
473,194,667,0,11,443,30,473
1486,171,667,0,13,463,33,496
868,184,667,0,11,453,30,483
1103,204,671,0,5,428,39,467
1321,195,674,0,12,442,37,479
447,193,674,0,12,444,37,481
440,195,676,0,6,437,44,481
271,196,676,0,6,436,44,480
405,188,676,0,14,446,42,488
1128,183,676,0,14,451,42,493
1353,205,676,0,1,462,9,471
1035,208,676,0,1,459,9,468
528,202,676,0,6,430,44,474
522,189,676,0,14,445,42,487
595,202,676,0,1,465,9,474
262,198,676,0,6,434,44,478
453,208,683,0,2,459,16,475
189,209,683,0,2,458,16,474
550,190,683,0,15,444,49,493
460,212,683,0,2,455,16,471
834,211,683,0,2,456,16,472
1492,180,683,0,15,454,49,503
183,158,683,0,15,476,49,525
1251,207,683,0,2,460,16,476
541,205,685,0,7,427,53,480
779,197,685,0,7,435,53,488
898,193,686,0,13,444,49,493
1330,195,686,0,10,462,29,491
163,193,686,0,13,444,49,493
1301,187,691,0,16,447,57,504
313,188,691,0,16,446,57,503
275,186,692,0,8,446,60,506
1087,175,692,0,8,457,60,517
436,204,692,0,8,428,60,488
430,199,692,0,8,433,60,493
642,197,692,0,8,435,60,495
1367,196,693,0,10,478,19,497
1145,176,693,0,10,498,19,517
533,200,693,0,10,474,19,493
855,206,693,0,10,468,19,487
411,189,693,0,14,448,56,504
1092,191,693,0,14,446,56,502
44,191,695,0,11,466,38,504
490,207,695,0,3,460,28,488
1056,199,695,0,11,458,38,496
82,213,695,0,3,454,28,482
113,206,695,0,3,461,28,489
310,168,695,0,11,489,38,527
810,211,695,0,3,456,28,484
372,181,697,0,18,453,63,516
1303,201,697,0,9,431,65,496
1302,190,697,0,9,442,65,507
1483,180,699,0,15,457,62,519
935,187,699,0,15,450,62,512
1246,210,701,0,5,457,34,491
759,190,704,0,16,447,67,514
944,193,705,0,13,481,31,512
21,198,705,0,12,459,48,507
1197,205,705,0,13,469,31,500
605,198,707,0,6,469,40,509
290,210,707,0,6,457,40,497
705,211,707,0,6,456,40,496
593,177,710,0,17,460,73,533
435,188,710,0,17,449,73,522
655,210,715,0,7,457,48,505
295,190,715,0,13,467,58,525
943,197,715,0,13,460,58,518
346,197,715,0,13,460,58,518
1412,201,715,0,7,466,48,514
1156,164,716,0,19,473,79,552
420,203,716,0,14,471,42,513
774,206,716,0,14,468,42,510
996,184,720,0,14,473,63,536
343,192,720,0,14,465,63,528
1002,211,721,0,1,504,6,510
748,215,721,0,1,500,6,506
1075,191,722,0,15,483,48,531
1202,203,722,0,15,471,48,519
324,202,722,0,15,472,48,520
1457,206,723,0,8,461,56,517
1417,198,723,0,8,469,56,525
808,217,726,0,2,498,11,509
673,214,726,0,2,501,11,512
197,188,731,0,16,469,74,543
586,194,731,0,16,463,74,537
225,199,731,0,16,458,74,532
32,195,731,0,16,462,74,536
312,207,733,0,16,467,59,526
1079,194,733,0,16,480,59,539
665,204,733,0,16,470,59,529
809,218,736,0,3,497,21,518
1109,214,736,0,3,501,21,522
1409,215,736,0,3,500,21,521
234,201,739,0,17,473,65,538
1433,194,741,0,17,463,84,547
2,193,741,0,17,464,84,548
1001,213,742,0,10,514,15,529
1271,211,742,0,10,516,15,531
321,207,742,0,10,520,15,535
1250,214,743,0,1,523,6,529
139,208,743,0,4,507,28,535
545,218,743,0,4,497,28,525
1431,210,743,0,4,505,28,533
1221,218,743,0,4,497,28,525
658,222,743,0,1,515,6,521
1134,199,744,0,18,475,70,545
988,208,748,0,11,519,21,540
1016,208,748,0,11,519,21,540
1077,196,749,0,18,461,92,553
373,178,749,0,18,479,92,571
1176,187,750,0,19,487,76,563
38,215,750,0,5,500,35,535
1190,198,750,0,19,476,76,552
652,203,750,0,19,471,76,547
828,195,750,0,19,479,76,555
212,210,753,0,12,517,26,543
1100,203,753,0,12,524,26,550
537,195,753,0,12,532,26,558
90,199,753,0,12,528,26,554
344,219,754,0,2,518,17,535
381,222,754,0,2,515,17,532
1339,221,754,0,2,516,17,533
1356,218,754,0,2,519,17,536
1323,198,756,0,19,459,99,558
1060,196,757,0,10,544,17,561
569,213,757,0,10,527,17,544
789,208,757,0,10,532,17,549
637,213,757,0,10,527,17,544
936,181,759,0,13,546,32,578
423,212,759,0,13,515,32,547
1181,213,759,0,6,502,44,546
1496,209,764,0,7,506,49,555
1264,206,764,0,7,509,49,558
535,220,764,0,3,517,27,544
184,218,765,0,11,522,25,547
1050,213,765,0,11,527,25,552
1091,203,765,0,11,537,25,562
413,215,765,0,11,525,25,550
1011,211,767,0,14,516,40,556
69,207,767,0,14,520,40,560
1289,197,767,0,14,530,40,570
1185,214,771,0,8,501,56,557
292,214,771,0,13,526,31,557
982,211,771,0,13,529,31,560
583,215,771,0,4,522,34,556
751,209,771,0,13,531,31,562
1337,213,771,0,8,502,56,558
278,210,771,0,8,505,56,561
1088,188,771,0,13,552,31,583
148,215,771,0,4,522,34,556
156,212,776,0,9,503,61,564
1325,216,776,0,9,499,61,560
781,192,776,0,16,535,49,584
1398,220,780,0,5,517,43,560
626,219,780,0,5,518,43,561
883,222,780,0,5,515,43,558
623,204,781,0,17,523,54,577
207,215,782,0,16,525,42,567
1242,212,782,0,16,528,42,570
1179,222,785,0,1,554,9,563
969,220,785,0,1,556,9,565
764,206,788,0,18,521,61,582
374,208,788,0,18,519,61,580
931,201,788,0,18,526,61,587
1477,223,789,0,6,514,52,566
353,225,790,0,1,555,10,565
723,217,791,0,17,523,51,574
647,216,791,0,17,524,51,575
949,206,791,0,17,534,51,585
272,214,795,0,7,523,58,581
991,208,800,0,19,519,73,592
171,212,803,0,10,564,27,591
1184,208,803,0,18,532,63,595
718,217,803,0,18,523,63,586
1491,213,803,0,10,563,27,590
73,231,803,0,1,563,9,572
1043,213,803,0,10,563,27,590
797,222,805,0,10,558,25,583
1447,198,805,0,10,582,25,607
913,214,805,0,10,566,25,591
1276,224,805,0,10,556,25,581
274,223,806,0,8,514,69,583
1048,218,806,0,8,519,69,588
1336,219,806,0,8,518,69,587
357,221,806,0,8,516,69,585
169,215,808,0,11,561,32,593
1064,230,810,0,2,564,16,580
58,228,810,0,2,566,16,582
1358,229,810,0,2,565,16,581
83,221,812,0,11,559,32,591
918,217,812,0,11,563,32,595
107,224,812,0,11,556,32,588
1137,218,812,0,11,562,32,594
1448,221,814,0,9,516,77,593
122,222,814,0,9,515,77,592
700,207,814,0,13,569,38,607
757,222,814,0,13,554,38,592
1224,219,814,0,13,557,38,595
117,200,815,0,19,540,75,615
484,230,816,0,3,564,22,586
803,225,817,0,12,555,37,592
804,221,817,0,12,559,37,596
1459,217,822,0,14,559,46,605
960,202,822,0,14,574,46,620
226,224,825,0,14,556,45,601
1219,218,825,0,4,576,31,607
204,221,829,0,15,555,53,608
1488,221,829,0,15,555,53,608
812,218,829,0,15,558,53,611
916,220,832,0,15,560,52,612
994,225,832,0,15,555,52,607
929,223,832,0,15,557,52,609
747,230,834,0,1,594,10,604
354,227,834,0,1,597,10,607
465,217,836,0,16,559,60,619
735,221,836,0,16,555,60,615
55,230,837,0,5,564,43,607
1113,227,837,0,5,567,43,610
791,224,837,0,5,570,43,613
266,241,839,0,1,589,9,598
629,221,842,0,17,555,66,621
1020,208,842,0,17,568,66,634
630,193,842,0,17,583,66,649
1044,223,843,0,16,557,63,620
542,208,843,0,16,572,63,635
664,213,843,0,16,567,63,630
832,221,843,0,16,559,63,622
269,224,843,0,3,600,19,619
105,225,843,0,3,599,19,618
858,227,847,0,6,567,53,620
852,230,847,0,6,564,53,617
771,225,847,0,6,569,53,622
1285,224,847,0,6,570,53,623
1160,221,847,0,18,555,71,626
1014,222,847,0,6,572,53,625
694,232,849,0,2,598,19,617
1415,241,849,0,2,589,19,608
176,224,853,0,17,556,73,629
193,231,854,0,8,593,30,623
138,219,855,0,7,575,61,636
319,224,855,0,7,570,61,631
596,221,855,0,7,573,61,634
145,231,855,0,7,563,61,624
1240,232,855,0,4,609,14,623
246,236,861,0,3,594,31,625
1283,227,862,0,8,567,68,635
1040,204,863,0,10,620,39,659
1174,237,868,0,7,604,27,631
813,227,870,0,11,597,46,643
679,222,870,0,11,602,46,648
1377,232,872,0,4,598,42,640
149,235,872,0,4,595,42,637
1406,239,872,0,4,591,42,633
616,238,872,0,4,592,42,634
959,218,872,0,4,612,42,654
155,229,873,0,9,565,79,644
573,231,878,0,12,593,54,647
1168,239,878,0,5,591,48,639
896,236,878,0,8,605,37,642
1028,224,878,0,5,606,48,654
871,220,878,0,12,604,54,658
719,236,878,0,5,594,48,642
1371,228,878,0,12,596,54,650
152,225,879,0,2,645,9,654
64,232,888,0,1,648,8,656
168,238,888,0,9,603,47,650
927,232,889,0,6,598,59,657
1201,237,889,0,6,593,59,652
989,239,889,0,6,591,59,650
294,229,889,0,13,595,65,660
198,223,889,0,13,601,65,666
1063,232,893,0,10,609,52,661
1467,210,893,0,10,631,52,683
1394,235,893,0,10,606,52,658
1362,221,893,0,10,620,52,672
401,229,900,0,16,595,76,671
115,243,900,0,2,637,20,657
146,232,901,0,7,598,71,669
1248,240,901,0,7,590,71,661
1497,240,901,0,7,590,71,661
1435,237,901,0,7,593,71,664
1062,239,903,0,10,631,33,664
361,246,903,0,1,648,9,657
281,234,903,0,10,636,33,669
1363,242,903,0,10,628,33,661
1000,241,903,0,10,629,33,662
45,226,905,0,11,615,64,679
384,242,907,0,8,588,77,665
57,252,908,0,2,642,14,656
7,251,908,0,2,643,14,657
910,230,909,0,17,594,85,679
10,226,909,0,17,598,85,683
646,213,909,0,17,611,85,696
724,231,909,0,17,593,85,678
463,224,909,0,17,600,85,685
1375,230,913,0,13,611,72,683
1191,237,914,0,3,657,20,677
213,240,914,0,3,654,20,674
1401,239,914,0,3,655,20,675
1019,243,914,0,3,651,20,671
1452,250,914,0,3,644,20,664
332,218,915,0,18,606,91,697
1133,243,915,0,11,627,45,672
1373,241,923,0,12,629,53,682
853,228,923,0,12,642,53,695
912,229,923,0,10,651,43,694
1037,248,923,0,10,632,43,675
1167,252,924,0,4,642,30,672
121,248,924,0,4,646,30,676
577,252,924,0,4,642,30,672
873,234,925,0,14,607,84,691
307,236,928,0,13,634,58,692
422,216,928,0,13,654,58,712
625,249,929,0,5,645,35,680
316,245,932,0,12,635,52,687
1211,247,932,0,12,633,52,685
1072,245,932,0,12,635,52,687
1252,254,934,0,2,667,13,680
1383,243,936,0,6,651,42,693
42,236,936,0,15,605,95,700
41,231,936,0,15,610,95,705
733,233,936,0,15,608,95,703
1315,253,936,0,6,641,42,683
551,229,936,0,15,612,95,707
482,239,940,0,14,631,70,701
749,256,940,0,3,665,19,684
1495,230,940,0,14,640,70,710
377,236,940,0,13,644,60,704
939,247,940,0,3,674,19,693
456,243,940,0,14,627,70,697
195,231,940,0,14,639,70,709
768,247,940,0,13,633,60,693
15,239,940,0,3,682,19,701
1485,233,940,0,13,647,60,707
974,227,941,0,16,614,100,714
1070,234,941,0,16,607,100,707
778,247,945,0,7,647,51,698
864,241,945,0,7,653,51,704
221,251,945,0,4,670,24,694
924,238,945,0,15,632,75,707
880,250,945,0,4,671,24,695
8,233,946,0,17,608,105,713
289,224,946,0,17,617,105,722
300,248,947,0,14,632,67,699
366,256,949,0,1,683,10,693
1121,249,952,0,8,645,58,703
397,245,952,0,8,649,58,707
1361,229,952,0,19,612,111,723
587,232,952,0,8,662,58,720
612,247,952,0,8,647,58,705
224,233,954,0,16,637,84,721
379,237,954,0,16,633,84,717
1308,239,954,0,16,631,84,715
446,240,955,0,15,640,75,715
1204,246,955,0,15,634,75,709
0,243,957,0,5,678,36,714
1476,244,960,0,17,626,90,716
1446,246,961,0,16,634,81,715
102,252,962,0,6,669,41,710
1180,248,962,0,6,673,41,714
567,257,962,0,6,664,41,705
318,256,962,0,6,665,41,706
604,240,963,0,6,699,24,723
591,223,967,0,17,657,87,744
1275,243,967,0,18,627,97,724
5,245,967,0,17,635,87,722
851,239,967,0,17,641,87,728
358,252,969,0,8,687,30,717
137,257,970,0,7,664,49,713
717,253,970,0,7,668,49,717
1399,255,970,0,7,666,49,715
504,254,970,0,7,667,49,716
532,259,974,0,1,707,8,715
1049,242,974,0,18,638,94,732
360,258,974,0,1,708,8,716
888,247,974,0,18,633,94,727
1153,238,979,0,19,642,99,741
1466,256,981,0,10,683,42,725
1149,252,981,0,10,687,42,729
1393,247,981,0,10,692,42,734
570,254,981,0,10,685,42,727
1416,256,982,0,8,665,61,726
258,255,982,0,8,666,61,727
639,252,982,0,8,669,61,730
459,260,986,0,2,706,20,726
1418,256,986,0,2,710,20,730
688,264,986,0,2,702,20,722
745,260,988,0,1,718,10,728
579,246,990,0,11,693,51,744
1008,244,991,0,9,677,70,747
166,255,991,0,9,666,70,736
347,260,994,0,3,706,28,734
1030,235,996,0,13,704,57,761
1428,256,996,0,13,683,57,740
1058,245,996,0,13,694,57,751
516,226,996,0,13,713,57,770
767,249,996,0,13,690,57,747
1029,256,1001,0,3,722,23,745
895,251,1004,0,14,688,65,753
252,249,1004,0,14,690,65,755
689,261,1005,0,4,705,39,744
454,243,1005,0,4,723,39,762
1140,266,1007,0,2,729,12,741
877,259,1008,0,4,719,30,749
932,254,1013,0,15,685,74,759
63,264,1014,0,1,745,5,750
1397,258,1016,0,5,708,50,758
1104,259,1016,0,5,707,50,757
787,259,1020,0,10,743,18,761
923,265,1020,0,10,737,18,755
788,267,1020,0,10,735,18,753
1187,255,1021,0,16,684,82,766
112,250,1021,0,16,689,82,771
503,274,1022,0,2,735,13,748
180,260,1025,0,10,718,47,765
129,250,1025,0,10,728,47,775
783,254,1025,0,10,724,47,771
1259,258,1027,0,6,708,61,769
1480,255,1027,0,6,711,61,772
980,261,1027,0,6,705,61,766
560,262,1027,0,6,704,61,765
314,266,1027,0,11,736,25,761
1183,258,1027,0,6,708,61,769
526,263,1027,0,6,703,61,764
609,267,1027,0,11,735,25,760
940,264,1028,0,3,745,19,764
1046,251,1028,0,10,744,33,777
1391,253,1029,0,18,686,90,776
309,260,1033,0,11,735,38,773
84,264,1033,0,11,731,38,769
1481,248,1033,0,11,747,38,785
66,253,1036,0,7,713,70,783
1310,266,1037,0,12,736,35,771
1364,267,1037,0,12,735,35,770
1243,268,1037,0,12,734,35,769
1365,249,1038,0,12,729,60,789
956,258,1038,0,12,720,60,780
81,248,1038,0,19,691,99,790
1178,273,1038,0,4,736,29,765
1369,267,1038,0,4,742,29,771
140,266,1038,0,4,743,29,772
651,258,1042,0,12,737,47,784
1004,257,1043,0,13,721,65,786
345,258,1043,0,13,720,65,785
756,258,1043,0,13,720,65,785
753,245,1043,0,13,733,65,798
449,259,1043,0,13,719,65,784
1114,274,1045,0,5,735,36,771
257,261,1047,0,8,705,81,786
758,258,1047,0,13,737,52,789
1332,263,1047,0,13,732,52,784
201,269,1049,0,13,733,47,780
1366,268,1049,0,13,734,47,781
517,252,1049,0,13,750,47,797
407,262,1053,0,9,704,87,791
1326,260,1053,0,9,706,87,793
1395,258,1054,0,14,720,76,796
1306,263,1055,0,14,739,53,792
1311,262,1055,0,14,740,53,793
919,262,1057,0,6,747,48,795
17,275,1057,0,6,734,48,782
16,273,1057,0,6,736,48,784
1200,271,1057,0,6,738,48,786
706,275,1057,0,6,734,48,782
1494,264,1058,0,14,731,63,794
1396,261,1058,0,14,734,63,797
474,258,1062,0,15,744,60,804
716,259,1063,0,15,719,85,804
786,252,1063,0,15,726,85,811
951,255,1065,0,16,740,70,810
792,238,1065,0,16,757,70,827
507,267,1067,0,7,742,58,800
1355,270,1067,0,7,739,58,797
1281,258,1067,0,7,751,58,809
1354,272,1067,0,7,737,58,795
1473,267,1069,0,17,735,67,802
350,267,1069,0,17,735,67,802
624,260,1069,0,17,742,67,809
1475,265,1069,0,17,737,67,804
1319,247,1069,0,17,755,67,822
9,263,1071,0,17,732,76,808
216,262,1071,0,17,733,76,809
175,262,1071,0,17,733,76,809
4,265,1071,0,17,730,76,806
478,258,1072,0,16,720,94,814
26,231,1072,0,16,747,94,841
417,260,1072,0,16,718,94,812
1294,263,1077,0,18,732,82,814
333,259,1077,0,18,736,82,818
889,263,1077,0,18,739,75,814
161,272,1079,0,8,737,70,807
984,269,1079,0,8,740,70,810
302,265,1079,0,8,744,70,814
962,267,1080,0,6,798,15,813
439,265,1080,0,6,800,15,815
80,248,1081,0,19,730,103,833
1451,269,1084,0,9,740,75,815
1287,268,1084,0,1,805,11,816
746,267,1084,0,1,806,11,817
466,280,1084,0,1,793,11,804
738,266,1086,0,19,729,91,820
1360,258,1086,0,19,737,91,828
254,271,1093,0,10,794,28,822
627,269,1093,0,10,796,28,824
1414,284,1095,0,2,789,22,811
827,275,1095,0,2,798,22,820
14,271,1101,0,3,802,28,830
750,274,1101,0,3,799,28,827
842,274,1102,0,11,791,37,828
264,292,1106,0,1,806,8,814
209,278,1106,0,1,820,8,828
544,278,1110,0,4,795,37,832
1432,281,1110,0,4,792,37,829
955,250,1110,0,12,815,45,860
61,258,1110,0,12,807,45,852
1254,289,1113,0,2,809,15,824
151,291,1113,0,2,807,15,822
1115,273,1116,0,5,800,43,843
884,278,1116,0,5,795,43,838
1216,282,1116,0,5,791,43,834
500,270,1118,0,10,833,15,848
86,278,1118,0,10,825,15,840
1150,281,1118,0,10,822,15,837
1169,278,1118,0,10,825,15,840
922,280,1118,0,10,823,15,838
823,272,1122,0,13,793,57,850
483,288,1122,0,3,824,10,834
1404,266,1123,0,3,832,25,857
1490,281,1123,0,10,829,13,842
1342,280,1123,0,10,830,13,843
1032,292,1123,0,3,806,25,831
1054,283,1125,0,11,820,22,842
132,264,1125,0,6,809,52,861
814,279,1125,0,11,824,22,846
615,280,1128,0,4,818,30,848
546,286,1130,0,11,824,20,844
337,275,1130,0,14,790,65,855
680,285,1130,0,11,825,20,845
772,261,1130,0,14,804,65,869
227,270,1130,0,14,795,65,860
36,266,1130,0,14,799,65,864
159,268,1130,0,14,797,65,862
681,269,1130,0,11,841,20,861
548,277,1131,0,12,826,28,854
854,273,1131,0,12,830,28,858
1172,285,1131,0,7,788,58,846
863,277,1131,0,7,796,58,854
331,292,1136,0,7,820,24,844
399,277,1138,0,9,796,65,861
539,285,1138,0,9,788,65,853
273,282,1138,0,9,791,65,856
1068,282,1138,0,5,816,40,856
153,283,1138,0,9,790,65,855
603,279,1138,0,9,794,65,859
235,277,1138,0,5,821,40,861
668,275,1138,0,13,828,35,863
1437,272,1140,0,15,793,75,868
170,277,1141,0,12,833,31,864
1078,289,1141,0,12,821,31,852
559,284,1141,0,12,826,31,857
410,257,1143,0,14,846,40,886
1127,282,1143,0,14,821,40,861
308,287,1147,0,11,825,35,860
527,286,1148,0,6,812,50,862
549,286,1148,0,6,812,50,862
1165,288,1148,0,6,810,50,860
1426,271,1149,0,16,794,84,878
241,283,1150,0,13,827,40,867
997,287,1150,0,13,823,40,863
164,275,1150,0,13,835,40,875
475,271,1151,0,15,832,48,880
1101,289,1155,0,12,823,43,866
37,270,1156,0,17,795,91,886
709,273,1156,0,17,792,91,883
1021,274,1156,0,17,791,91,882
588,263,1156,0,17,802,91,893
1117,286,1158,0,14,824,48,872
1282,291,1160,0,7,807,62,869
825,280,1161,0,16,823,58,881
1195,277,1161,0,16,826,58,884
815,282,1161,0,16,821,58,879
1196,268,1161,0,16,835,58,893
829,283,1161,0,16,820,58,878
1053,267,1162,0,19,798,97,895
304,284,1167,0,13,828,55,883
131,289,1167,0,13,823,55,878
1065,291,1167,0,13,821,55,876
1005,292,1167,0,13,820,55,875
1424,292,1167,0,13,820,55,875
1170,275,1168,0,17,828,65,893
993,272,1168,0,15,838,58,896
1460,286,1168,0,15,824,58,882
1129,293,1168,0,1,864,11,875
1316,285,1168,0,15,825,58,883
1387,294,1168,0,1,863,11,874
1205,259,1168,0,15,851,58,909
666,284,1172,0,8,814,74,888
279,288,1172,0,8,810,74,884
938,289,1172,0,8,809,74,883
395,286,1172,0,8,812,74,886
359,279,1172,0,8,819,74,893
452,293,1175,0,2,864,18,882
409,263,1176,0,19,840,73,913
49,282,1176,0,17,828,66,894
1017,293,1178,0,14,819,66,885
631,286,1178,0,14,826,66,892
220,279,1178,0,14,833,66,899
342,292,1178,0,14,820,66,886
999,285,1178,0,14,827,66,893
29,288,1181,0,3,869,24,893
206,278,1182,0,18,832,72,904
23,285,1182,0,9,813,84,897
876,289,1182,0,9,809,84,893
870,297,1186,0,4,860,29,889
127,295,1186,0,4,862,29,891
485,297,1186,0,4,860,29,889
1218,298,1186,0,4,859,29,888
592,267,1188,0,16,845,76,921
950,277,1188,0,16,835,76,911
477,281,1188,0,16,831,76,907
678,284,1190,0,19,826,80,906
653,288,1190,0,19,822,80,902
355,293,1196,0,5,864,39,903
367,295,1197,0,1,893,9,902
1159,294,1197,0,1,894,9,903
120,274,1198,0,17,838,86,924
1474,284,1198,0,17,828,86,914
1292,296,1206,0,6,861,49,910
925,296,1206,0,6,861,49,910
62,300,1206,0,1,897,9,906
1352,293,1206,0,1,904,9,913
1166,292,1206,0,6,865,49,914
1286,290,1207,0,18,822,95,917
30,297,1209,0,3,891,21,912
125,296,1217,0,4,892,29,921
878,293,1217,0,4,895,29,924
684,286,1217,0,7,871,60,931
971,293,1217,0,7,864,60,924
1479,299,1218,0,6,898,21,919
25,300,1218,0,6,898,20,918
101,299,1218,0,6,898,21,919
1279,292,1219,0,10,910,17,927
713,295,1219,0,10,908,16,924
1280,291,1219,0,10,912,16,928
1465,298,1219,0,10,904,17,921
763,295,1222,0,8,862,65,927
511,278,1222,0,8,879,65,944
715,294,1222,0,8,863,65,928
1110,296,1224,0,5,892,36,928
236,297,1224,0,5,891,36,927
769,293,1230,0,6,895,42,937
1468,298,1230,0,11,905,27,932
311,298,1230,0,11,904,28,932
123,297,1233,0,9,860,76,936
403,298,1233,0,9,859,76,935
1093,299,1233,0,9,858,76,934
1082,295,1235,0,13,921,19,940
1443,293,1235,0,13,922,20,942
1320,294,1239,0,12,908,37,945
1102,296,1239,0,12,906,37,943
648,295,1239,0,12,907,37,944
793,296,1242,0,16,919,27,946
133,299,1242,0,16,916,27,943
1045,298,1242,0,16,919,25,944
85,291,1246,0,11,897,58,955
468,289,1246,0,11,899,58,957
260,298,1248,0,13,904,46,950
259,295,1248,0,13,907,46,953
378,292,1255,0,13,896,67,963
1006,295,1255,0,13,893,67,960
1305,297,1258,0,14,906,55,961
600,282,1258,0,14,921,55,976
250,284,1263,0,14,904,75,979
995,293,1263,0,14,895,75,970
512,289,1267,0,15,915,63,978
597,285,1267,0,15,917,65,982
1080,295,1270,0,16,893,82,975
830,270,1270,0,16,918,82,1000
233,280,1276,0,17,908,88,996
1427,289,1277,0,16,913,75,988
52,294,1284,0,18,894,96,990
1344,286,1284,0,18,902,96,998
71,294,1288,0,17,909,85,994
462,293,1288,0,17,909,86,995
1155,294,1289,0,19,894,101,995
1245,300,1294,0,19,902,92,994
283,276,1294,0,19,926,92,1018
