1500,4,8,0,1,1,3,4
1286,8,12,0,1,1,3,4
11,6,12,0,1,1,5,6
795,7,14,0,2,1,6,7
465,5,16,0,2,1,10,11
1285,9,17,0,1,1,7,8
1350,7,19,0,2,1,11,12
1243,7,19,0,2,1,11,12
78,13,22,0,1,1,8,9
187,18,22,0,1,2,2,4
1457,9,23,0,11,1,13,14
614,6,23,0,11,1,16,17
599,13,25,0,2,1,11,12
1390,6,27,0,4,1,20,21
1041,1,27,0,3,1,25,26
1298,11,30,0,12,1,18,19
946,18,33,0,2,1,14,15
217,8,33,0,5,1,24,25
1387,2,37,0,4,1,34,35
220,7,38,0,6,2,29,31
928,17,41,0,3,1,23,24
1094,18,41,0,3,2,21,23
909,15,41,0,3,1,25,26
1644,5,42,0,10,1,36,37
1575,5,43,0,15,1,37,38
605,5,43,0,7,1,37,38
348,10,44,0,6,1,33,34
1407,3,44,0,5,1,40,41
1495,1,49,0,11,3,45,48
1185,6,49,0,11,1,42,43
680,9,51,0,9,1,41,42
479,17,51,0,6,2,32,34
1115,17,51,0,6,1,33,34
204,12,53,0,7,2,39,41
698,3,54,0,6,1,50,51
158,3,57,0,13,1,53,54
675,17,59,0,8,1,41,42
434,3,63,0,11,2,58,60
1579,11,63,0,9,1,51,52
164,9,65,0,14,1,55,56
840,2,65,0,14,1,62,63
74,3,66,0,7,1,62,63
783,2,66,0,7,1,63,64
1251,26,71,0,1,38,7,45
1513,29,71,0,1,35,7,42
18,18,71,0,9,1,52,53
807,3,72,0,15,1,68,69
1422,5,72,0,15,1,66,67
622,9,72,0,12,1,62,63
1543,12,73,0,10,1,60,61
1624,5,77,0,9,1,71,72
615,7,79,0,18,1,71,72
1349,4,79,0,18,1,74,75
1335,3,79,0,18,1,75,76
1006,1,79,0,18,2,76,78
1324,2,84,0,16,2,80,82
1275,10,84,0,16,1,73,74
26,13,84,0,11,1,70,71
1530,9,84,0,16,1,74,75
629,31,90,0,10,33,26,59
46,21,90,0,10,43,26,69
758,3,91,0,19,2,86,88
1293,0,91,0,19,3,88,91
374,2,91,0,19,1,88,89
1063,2,91,0,19,2,87,89
274,13,93,0,15,1,79,80
574,33,96,0,11,31,32,63
858,33,96,0,11,31,32,63
1615,5,96,0,17,1,90,91
1603,13,100,0,16,2,85,87
1105,39,101,0,1,51,11,62
1014,24,102,0,1,69,9,78
79,20,102,0,1,73,9,82
469,15,106,0,12,49,42,91
785,31,106,0,12,33,42,75
634,3,109,0,19,1,105,106
965,49,111,0,2,44,18,62
211,35,111,0,2,55,21,76
966,41,111,0,2,49,21,70
737,12,113,0,19,1,100,101
382,31,116,0,13,33,52,85
760,40,116,0,3,53,23,76
828,18,122,0,14,46,58,104
238,46,122,0,4,47,29,76
118,39,122,0,3,51,32,83
1258,33,122,0,3,57,32,89
307,16,122,0,14,48,58,106
1357,46,128,0,5,47,35,82
1071,36,128,0,5,57,35,92
979,20,128,0,15,44,64,108
1234,28,128,0,5,65,35,100
1140,35,128,0,5,58,35,93
1011,40,130,0,4,50,40,90
505,30,130,0,4,60,40,100
408,20,130,0,4,70,40,110
971,25,130,0,4,65,40,105
774,40,132,0,10,74,18,92
23,33,138,0,12,81,24,105
1098,25,138,0,16,39,74,113
1406,44,138,0,12,70,24,94
767,39,138,0,12,75,24,99
268,44,138,0,6,49,45,94
1059,46,138,0,6,47,45,92
690,26,138,0,16,38,74,112
165,25,139,0,5,65,49,114
301,21,139,0,5,69,49,118
126,29,139,0,5,61,49,110
188,49,140,0,1,84,7,91
394,43,140,0,1,90,7,97
145,50,140,0,1,83,7,90
1639,36,144,0,6,54,54,108
587,54,144,0,1,85,5,90
888,26,145,0,7,67,52,119
1626,34,145,0,7,59,52,111
1283,36,146,0,14,78,32,110
5,40,146,0,14,74,32,106
1637,17,146,0,14,97,32,129
1595,36,149,0,7,54,59,113
1223,28,149,0,7,62,59,121
72,22,149,0,7,68,59,127
1574,19,150,0,17,45,86,131
1332,28,150,0,17,36,86,122
1198,51,151,0,2,88,12,100
1623,33,151,0,8,60,58,118
459,43,151,0,8,50,58,108
810,44,151,0,8,49,58,107
712,37,151,0,8,56,58,114
541,55,151,0,2,84,12,96
1598,37,153,0,3,96,20,116
968,44,154,0,15,70,40,110
328,45,154,0,15,69,40,109
706,23,159,0,18,41,95,136
948,19,159,0,18,45,95,140
539,20,159,0,18,44,95,139
952,37,160,0,8,53,70,123
1068,31,160,0,8,59,70,129
1512,32,160,0,8,58,70,128
867,34,160,0,8,56,70,126
623,54,161,0,4,85,22,107
676,43,161,0,9,50,68,118
119,48,161,0,9,45,68,113
1057,45,161,0,9,48,68,116
919,54,161,0,4,85,22,107
1348,30,164,0,16,84,50,134
898,43,164,0,16,71,50,121
1453,53,167,0,7,80,34,114
554,13,168,0,19,51,104,155
1669,38,170,0,17,76,56,132
1250,19,170,0,17,95,56,151
515,31,170,0,17,83,56,139
1539,43,170,0,17,71,56,127
1167,53,171,0,6,86,32,118
1129,46,174,0,8,87,41,128
1007,22,177,0,18,92,63,155
711,26,177,0,18,88,63,151
868,54,180,0,8,85,41,126
720,47,180,0,8,92,41,133
1143,64,183,0,1,109,10,119
336,69,183,0,1,104,10,114
939,15,185,0,19,99,71,170
1596,41,185,0,19,73,71,144
1411,44,185,0,9,89,52,141
256,44,185,0,19,70,71,141
714,76,187,0,1,102,9,111
1475,49,187,0,9,90,48,138
618,61,193,0,2,112,20,132
617,60,193,0,2,113,20,133
601,72,195,0,2,106,17,123
1027,49,195,0,12,84,62,146
1028,16,195,0,12,117,62,179
1467,39,195,0,12,94,62,156
1394,76,195,0,2,102,17,119
463,56,195,0,2,122,17,139
989,56,198,0,10,83,59,142
627,41,202,0,13,92,69,161
671,68,203,0,3,105,30,135
1365,63,203,0,3,110,30,140
51,73,206,0,3,105,28,133
117,61,206,0,3,117,28,145
891,74,206,0,3,104,28,132
454,72,207,0,2,123,12,135
140,54,208,0,4,119,35,154
522,56,208,0,4,117,35,152
568,19,209,0,12,120,70,190
102,55,209,0,12,84,70,154
790,44,211,0,14,89,78,167
239,78,212,0,4,100,34,134
533,53,212,0,4,125,34,159
1054,69,212,0,4,109,34,143
582,66,213,0,5,107,40,147
1384,61,213,0,5,112,40,152
1438,42,217,0,13,97,78,175
1483,46,217,0,13,93,78,171
1654,78,220,0,5,100,42,142
1196,68,220,0,5,110,42,152
1038,48,223,0,15,85,90,175
387,27,223,0,15,106,90,196
124,39,224,0,14,100,85,185
1222,61,225,0,7,112,52,164
1304,61,227,0,10,134,32,166
1235,75,228,0,6,103,50,153
267,65,228,0,6,113,50,163
1551,20,231,0,16,113,98,211
200,46,231,0,16,87,98,185
237,55,232,0,17,84,93,177
365,31,232,0,17,108,93,201
461,76,233,0,10,137,20,157
836,75,233,0,10,138,20,158
735,70,234,0,11,125,39,164
855,57,234,0,11,138,39,177
162,54,234,0,11,141,39,180
571,60,234,0,11,135,39,174
1231,56,235,0,8,117,62,179
953,25,235,0,8,148,62,210
1264,65,235,0,8,108,62,170
1145,77,236,0,7,101,58,159
1064,48,240,0,19,85,107,192
257,46,240,0,19,87,107,194
556,50,240,0,19,83,107,190
481,32,240,0,19,101,107,208
1316,78,241,0,11,135,28,163
1213,74,241,0,11,139,28,167
406,53,241,0,18,86,102,188
146,64,241,0,11,149,28,177
1499,54,241,0,11,159,28,187
1566,53,244,0,9,120,71,191
1216,64,244,0,9,109,71,180
814,59,244,0,9,114,71,185
1474,56,244,0,9,117,71,188
1106,67,244,0,9,106,71,177
1372,46,244,0,9,127,71,198
1647,78,245,0,8,100,67,167
520,68,245,0,12,127,50,177
491,65,245,0,12,130,50,180
1194,66,245,0,8,112,67,179
1125,69,250,0,12,144,37,181
584,54,251,0,14,141,56,197
1113,44,251,0,19,95,112,207
249,48,251,0,19,91,112,203
1399,59,251,0,14,136,56,192
747,64,255,0,9,114,77,191
93,70,255,0,9,108,77,185
938,60,255,0,9,118,77,195
383,67,256,0,13,146,43,189
860,59,256,0,15,136,61,197
53,78,256,0,13,135,43,178
433,61,256,0,15,134,61,195
1431,49,265,0,14,164,52,216
1663,43,267,0,16,152,72,224
22,85,273,0,2,178,10,188
473,66,275,0,17,129,80,209
1668,35,275,0,17,160,80,240
1202,83,275,0,5,183,9,192
978,50,275,0,17,145,80,225
369,74,277,0,16,139,64,203
181,75,281,0,3,188,18,206
338,78,281,0,3,185,18,203
242,86,281,0,3,177,18,195
881,82,283,0,1,192,9,201
431,93,283,0,1,181,9,190
589,89,283,0,1,185,9,194
1642,94,283,0,1,180,9,189
1013,92,283,0,1,182,9,191
1166,48,284,0,18,147,89,236
1628,59,284,0,18,136,89,225
202,92,288,0,2,182,14,196
186,77,288,0,4,186,25,211
1522,87,288,0,4,176,25,201
666,79,289,0,17,134,76,210
395,87,289,0,11,179,23,202
1664,82,289,0,11,184,23,207
625,77,289,0,17,136,76,212
1649,40,289,0,17,173,76,249
713,95,291,0,1,185,11,196
322,67,295,0,19,128,100,228
1477,99,295,0,3,175,21,196
355,55,295,0,19,140,100,240
894,98,295,0,3,176,21,197
639,100,295,0,3,174,21,195
596,61,296,0,18,152,83,235
258,56,296,0,18,157,83,240
1069,59,296,0,18,154,83,237
1307,80,299,0,5,183,36,219
1141,81,299,0,5,182,36,218
1404,78,300,0,12,188,34,222
791,76,300,0,12,190,34,224
1189,96,301,0,4,178,27,205
1636,92,301,0,4,188,21,209
1653,78,306,0,6,185,43,228
699,90,306,0,6,173,43,216
1109,83,306,0,6,180,43,223
1558,82,306,0,6,181,43,224
357,76,308,0,19,137,95,232
820,70,308,0,19,143,95,238
1609,58,308,0,19,155,95,250
1376,45,310,0,13,221,44,265
1201,88,311,0,5,186,37,223
1146,101,311,0,5,173,37,210
215,93,311,0,6,187,31,218
326,77,316,0,7,186,53,239
1660,70,316,0,7,193,53,246
701,89,316,0,7,174,53,227
456,75,317,0,14,191,51,242
503,80,317,0,14,186,51,237
1564,94,319,0,6,180,45,225
1426,103,319,0,6,171,45,216
216,85,319,0,6,189,45,234
987,87,322,0,10,193,42,235
863,55,324,0,15,211,58,269
410,73,324,0,15,193,58,251
112,102,324,0,7,172,50,222
442,86,328,0,8,177,65,242
1571,85,328,0,8,178,65,243
261,103,329,0,8,171,55,226
344,95,329,0,8,179,55,234
1048,89,331,0,11,191,51,242
1451,91,331,0,11,189,51,240
42,96,331,0,11,184,51,235
1494,84,331,0,11,196,51,247
1458,53,331,0,11,227,51,278
885,78,332,0,16,188,66,254
1050,85,332,0,16,181,66,247
775,86,332,0,16,180,66,246
918,60,332,0,16,206,66,272
1005,57,335,0,9,206,72,278
269,88,335,0,9,175,72,247
364,81,335,0,9,182,72,254
1107,78,336,0,9,196,62,258
958,95,336,0,9,179,62,241
110,100,340,0,10,223,17,240
1329,88,341,0,12,192,61,253
870,82,341,0,17,184,75,259
665,81,341,0,17,185,75,260
1683,91,341,0,12,189,61,250
1008,85,341,0,17,181,75,256
506,87,341,0,17,179,75,254
12,104,342,0,1,227,11,238
1074,94,347,0,11,229,24,253
1455,74,349,0,13,206,69,275
1237,84,353,0,19,182,87,269
354,65,353,0,19,201,87,288
228,59,354,0,12,264,31,295
1524,99,354,0,12,224,31,255
316,93,358,0,1,259,6,265
765,103,358,0,1,249,6,255
1104,111,359,0,1,241,7,248
1425,124,359,0,1,228,7,235
521,115,359,0,1,237,7,244
786,105,361,0,10,226,30,256
1362,100,361,0,10,231,30,261
830,81,362,0,15,199,82,281
745,97,362,0,13,226,39,265
1334,98,362,0,13,225,39,264
128,95,362,0,15,185,82,267
1346,124,365,0,2,228,13,241
1184,67,366,0,11,264,35,299
27,88,366,0,11,243,35,278
1282,101,368,0,14,222,45,267
883,94,368,0,16,186,88,274
1212,76,368,0,14,247,45,292
655,108,368,0,2,244,16,260
917,88,368,0,14,235,45,280
276,87,368,0,14,236,45,281
1042,107,373,0,3,245,21,266
1265,118,373,0,3,234,21,255
1023,104,373,0,13,227,42,269
624,89,375,0,17,191,95,286
923,77,375,0,17,203,95,298
967,102,379,0,15,221,56,277
262,91,379,0,15,232,56,288
0,96,379,0,15,227,56,283
1600,98,379,0,15,225,56,281
486,97,379,0,15,226,56,282
294,105,380,0,4,247,28,275
644,116,380,0,4,236,28,264
1463,101,380,0,3,251,28,279
1273,103,380,0,4,249,28,277
1460,102,382,0,15,229,51,280
1022,106,382,0,15,225,51,276
111,97,382,0,15,234,51,285
516,102,382,0,15,229,51,280
619,124,386,0,5,228,34,262
1139,120,386,0,5,232,34,266
54,116,386,0,5,236,34,270
45,80,386,0,4,272,34,306
523,107,386,0,4,245,34,279
721,109,386,0,4,243,34,277
138,115,386,0,4,237,34,271
678,107,386,0,5,245,34,279
139,104,386,0,4,248,34,282
884,115,386,0,4,237,34,271
422,92,387,0,16,231,64,295
1257,88,387,0,18,192,107,299
134,61,387,0,18,219,107,326
1128,98,389,0,17,233,58,291
611,99,389,0,17,232,58,290
1570,94,389,0,17,237,58,295
833,96,389,0,17,235,58,293
1473,105,389,0,17,226,58,284
816,103,389,0,17,228,58,286
1567,102,389,0,17,229,58,287
697,110,392,0,6,269,13,282
716,113,393,0,6,239,41,280
874,108,393,0,6,244,41,285
1505,116,393,0,6,236,41,277
1371,107,393,0,6,245,41,286
482,82,393,0,19,198,113,311
209,109,393,0,6,243,41,284
1055,119,393,0,7,233,41,274
1398,84,399,0,18,247,68,315
1229,91,399,0,18,240,68,308
259,95,400,0,18,228,77,305
542,96,400,0,18,227,77,304
844,108,401,0,10,271,22,293
16,89,401,0,10,290,22,312
1648,86,401,0,8,266,49,315
38,121,401,0,8,231,49,280
731,113,401,0,8,239,49,288
986,103,404,0,19,228,73,301
1177,116,404,0,7,236,52,288
1312,122,406,0,9,230,54,284
116,119,406,0,9,233,54,287
19,109,406,0,9,243,54,297
137,112,408,0,11,267,29,296
1377,115,408,0,11,264,29,293
1156,82,409,0,19,241,86,327
432,97,409,0,19,226,86,312
1572,118,412,0,8,234,60,294
954,103,412,0,8,249,60,309
908,97,419,0,12,282,40,322
607,111,420,0,9,241,68,309
517,105,420,0,9,247,68,315
1181,121,424,0,1,296,7,303
380,107,424,0,13,272,45,317
739,112,430,0,14,267,51,318
6,109,430,0,14,270,51,321
682,117,430,0,14,262,51,313
740,107,430,0,14,272,51,323
880,130,433,0,1,293,10,303
1641,137,433,0,1,286,10,296
1175,104,435,0,2,313,18,331
185,103,437,0,15,276,58,334
1549,105,437,0,15,274,58,332
1182,124,437,0,1,303,10,313
602,131,439,0,2,292,16,308
1443,130,439,0,2,293,16,309
1448,138,439,0,1,296,5,301
1424,134,439,0,1,300,5,305
496,137,439,0,1,297,5,302
643,109,444,0,16,270,65,335
1347,115,444,0,16,264,65,329
762,111,444,0,16,268,65,333
196,120,446,0,8,297,29,326
650,125,446,0,8,292,29,321
59,146,448,0,1,295,7,302
729,140,449,0,2,294,15,309
929,131,450,0,3,292,27,319
642,133,450,0,3,290,27,317
892,126,450,0,3,297,27,324
252,124,452,0,9,293,35,328
1123,142,453,0,2,299,12,311
976,144,453,0,2,297,12,309
835,129,453,0,10,298,26,324
930,142,453,0,2,299,12,311
973,125,453,0,10,302,26,328
1192,108,455,0,17,271,76,347
941,102,455,0,17,277,76,353
507,98,455,0,17,281,76,357
416,130,457,0,4,293,34,327
1188,133,457,0,4,290,34,324
534,130,457,0,4,293,34,327
546,142,458,0,3,299,17,316
1597,145,458,0,3,296,17,313
920,138,458,0,3,303,17,320
1138,112,459,0,11,305,42,347
1553,121,459,0,11,296,42,338
1464,122,459,0,11,295,42,337
467,133,460,0,12,294,33,327
323,118,464,0,19,261,85,346
1519,130,467,0,10,304,33,337
857,128,467,0,10,306,33,339
1658,124,468,0,5,299,45,344
8,136,468,0,5,287,45,332
235,136,468,0,5,287,45,332
1391,127,468,0,5,296,45,341
812,143,469,0,4,298,28,326
1388,141,469,0,4,300,28,328
1367,136,469,0,4,305,28,333
67,109,470,0,12,308,53,361
652,110,470,0,12,307,53,360
1165,97,470,0,13,330,43,373
613,140,474,0,11,294,40,334
1416,125,474,0,11,309,40,349
1187,119,475,0,13,298,58,356
581,99,475,0,13,318,58,376
77,138,476,0,5,303,35,338
956,146,476,0,5,295,35,330
403,131,479,0,14,296,52,348
208,133,479,0,6,290,56,346
1685,116,479,0,14,311,52,363
832,130,479,0,14,297,52,349
1581,108,479,0,14,319,52,371
1210,128,479,0,6,295,56,351
21,128,479,0,14,299,52,351
1640,138,482,0,13,296,48,344
1025,121,482,0,13,313,48,361
381,135,482,0,13,299,48,347
668,108,483,0,14,309,66,375
402,123,483,0,14,294,66,360
73,129,485,0,7,294,62,356
772,135,485,0,7,288,62,350
411,125,485,0,7,298,62,360
1336,127,486,0,6,314,45,359
1124,122,487,0,15,305,60,365
1589,134,487,0,15,293,60,353
1459,107,487,0,15,320,60,380
148,130,487,0,15,297,60,357
273,130,487,0,15,297,60,357
1548,111,487,0,15,316,60,376
1691,131,491,0,7,310,50,360
1645,134,491,0,8,289,68,357
563,146,491,0,7,295,50,345
1528,109,493,0,14,325,59,384
1536,115,495,0,16,302,78,380
206,107,495,0,16,310,78,388
1537,144,497,0,8,297,56,353
1622,140,497,0,8,301,56,357
669,140,497,0,8,301,56,357
1161,131,497,0,17,296,70,366
910,142,500,0,3,349,9,358
122,128,504,0,19,299,77,376
1410,120,504,0,19,307,77,384
759,119,504,0,19,308,77,385
1565,143,505,0,9,298,64,362
1359,130,505,0,9,311,64,375
1097,102,506,0,16,332,72,404
132,118,507,0,18,299,90,389
913,143,512,0,5,348,21,369
1655,146,512,0,5,345,21,366
1200,148,512,0,1,356,8,364
770,124,513,0,19,293,96,389
551,120,513,0,19,297,96,393
99,96,513,0,19,321,96,417
288,135,518,0,18,299,84,383
991,138,518,0,18,296,84,380
743,132,518,0,18,302,84,386
1070,136,518,0,18,298,84,382
1015,133,522,0,6,358,31,389
934,151,524,0,2,353,20,373
540,155,524,0,2,349,20,369
1242,146,524,0,2,358,20,378
598,156,524,0,2,348,20,368
848,142,528,0,19,292,94,386
375,119,528,0,19,315,94,409
483,130,528,0,19,304,94,398
198,140,531,0,8,351,40,391
63,156,533,0,4,348,29,377
1621,161,534,0,1,365,8,373
214,156,534,0,1,370,8,378
1085,151,534,0,1,375,8,383
213,159,534,0,1,367,8,375
787,151,543,0,10,378,14,392
339,144,544,0,10,347,53,400
1408,149,545,0,5,355,41,396
346,164,547,0,3,362,21,383
641,159,547,0,3,367,21,388
1469,154,547,0,3,372,21,393
1037,163,549,0,2,378,8,386
61,165,554,0,4,361,28,389
1681,149,554,0,11,380,25,405
1017,163,554,0,4,363,28,391
415,161,554,0,4,365,28,393
915,160,554,0,4,366,28,394
926,156,554,0,4,370,28,398
1319,149,554,0,4,377,28,405
1246,131,556,0,6,373,52,425
756,157,556,0,6,347,52,399
1168,157,556,0,6,347,52,399
266,156,556,0,6,348,52,400
472,151,556,0,6,353,52,405
1337,154,556,0,6,350,52,402
911,161,556,0,5,380,15,395
1608,156,556,0,5,385,15,400
1418,146,556,0,11,345,65,410
1016,153,561,0,7,351,57,408
1301,147,561,0,7,357,57,414
1244,138,561,0,7,366,57,423
103,137,562,0,12,392,33,425
579,142,562,0,12,387,33,420
1236,147,562,0,6,379,36,415
1314,141,562,0,12,388,33,421
1468,145,562,0,12,384,33,417
510,144,566,0,8,360,62,422
645,168,566,0,1,388,10,398
1221,150,566,0,8,354,62,416
1171,156,567,0,8,385,26,411
1062,130,567,0,12,361,76,437
1525,143,567,0,12,348,76,424
1126,107,567,0,12,384,76,460
167,114,571,0,13,415,42,457
1413,129,571,0,13,400,42,442
384,156,571,0,13,373,42,415
1358,152,572,0,9,352,68,420
17,150,572,0,9,354,68,422
174,165,574,0,7,361,48,409
993,148,577,0,15,381,48,429
876,145,577,0,13,346,86,432
1254,142,577,0,13,349,86,435
1151,151,577,0,15,378,48,426
417,153,580,0,10,388,39,427
788,161,580,0,10,380,39,419
631,153,580,0,8,373,54,427
610,162,580,0,8,364,54,418
260,166,580,0,8,360,54,414
630,162,580,0,8,364,54,418
856,142,580,0,10,399,39,438
648,162,581,0,10,394,25,419
773,150,581,0,10,406,25,431
1326,120,586,0,14,371,95,466
1226,145,586,0,14,346,95,441
245,135,586,0,14,356,95,451
180,126,586,0,14,365,95,460
392,162,586,0,11,379,45,424
1110,157,587,0,16,372,58,430
1378,169,591,0,11,387,35,422
1208,156,591,0,11,400,35,435
834,157,591,0,9,369,65,434
1582,159,591,0,11,397,35,432
66,154,593,0,12,387,52,439
768,150,593,0,12,391,52,443
191,142,596,0,15,349,105,454
1086,171,597,0,1,420,6,426
1009,154,598,0,17,375,69,444
1616,144,598,0,17,385,69,454
113,143,598,0,17,386,69,455
1568,156,598,0,17,373,69,442
1024,157,598,0,13,384,57,441
1538,150,598,0,17,379,69,448
901,159,598,0,13,382,57,439
922,166,600,0,13,390,44,434
159,169,600,0,13,387,44,431
300,143,600,0,13,413,44,457
48,164,600,0,13,392,44,436
1535,144,601,0,16,347,110,457
464,168,603,0,2,423,12,435
895,171,603,0,2,420,12,432
933,176,603,0,2,415,12,427
49,169,603,0,2,422,12,434
308,122,606,0,14,419,65,484
1206,148,606,0,14,393,65,458
447,154,608,0,18,375,79,454
704,157,608,0,18,372,79,451
536,161,609,0,14,395,53,448
1310,165,609,0,14,391,53,444
838,158,609,0,14,398,53,451
1562,138,610,0,17,353,119,472
1338,165,613,0,15,376,72,448
557,140,613,0,15,401,72,473
862,160,613,0,15,381,72,453
184,158,613,0,15,383,72,455
1112,167,614,0,3,424,23,447
905,168,614,0,3,423,23,446
1462,170,614,0,3,421,23,444
121,153,615,0,19,376,86,462
379,166,617,0,15,390,61,451
1611,134,617,0,15,422,61,483
1351,173,619,0,4,418,28,446
1381,171,619,0,1,439,9,448
592,185,619,0,1,425,9,434
780,174,619,0,4,417,28,445
1620,175,619,0,1,435,9,444
548,138,620,0,19,353,129,482
715,160,622,0,17,381,81,462
961,166,623,0,16,390,67,457
1323,167,623,0,16,389,67,456
511,171,625,0,5,420,34,454
319,179,628,0,2,431,18,449
1503,182,628,0,2,428,18,446
1001,173,628,0,2,437,18,455
754,184,628,0,2,426,18,444
407,145,629,0,18,396,88,484
291,153,631,0,17,403,75,478
927,175,634,0,6,416,43,459
219,173,634,0,6,418,43,461
1066,167,636,0,18,389,80,469
1674,169,638,0,3,441,28,469
1632,167,642,0,19,389,86,475
719,167,645,0,7,424,54,478
798,174,645,0,7,417,54,471
152,182,647,0,4,428,37,465
156,167,647,0,4,443,37,480
1190,168,647,0,4,442,37,479
295,181,647,0,4,429,37,466
317,176,648,0,1,466,6,472
476,180,652,0,5,430,42,472
733,180,652,0,5,430,42,472
583,180,652,0,5,430,42,472
231,176,655,0,8,415,64,479
936,180,659,0,5,468,11,479
1533,174,661,0,11,468,19,487
1047,171,661,0,11,471,19,490
997,182,664,0,6,428,54,482
1217,179,664,0,6,431,54,485
1003,166,666,0,9,425,75,500
1262,173,666,0,9,418,75,493
751,179,666,0,1,480,7,487
1179,176,666,0,9,415,75,490
351,178,666,0,9,413,75,488
1299,171,667,0,12,471,25,496
1405,170,667,0,12,472,25,497
562,167,670,0,10,481,22,503
418,158,670,0,10,490,22,512
47,181,670,0,10,467,22,489
107,177,672,0,13,465,30,495
632,172,672,0,13,470,30,500
1245,183,676,0,8,427,66,493
1270,184,676,0,2,475,17,492
451,172,679,0,14,470,37,507
734,163,679,0,14,479,37,516
229,142,679,0,14,500,37,537
526,190,679,0,1,478,11,489
1330,173,679,0,14,469,37,506
691,170,683,0,13,478,35,513
744,176,683,0,13,472,35,507
52,182,684,0,3,477,25,502
1360,184,685,0,9,426,75,501
815,185,685,0,9,425,75,500
1670,167,686,0,15,475,44,519
1309,181,689,0,14,467,41,508
419,191,692,0,10,477,24,501
96,183,695,0,4,476,36,512
1,193,695,0,1,492,10,502
90,188,695,0,1,497,10,507
87,194,695,0,1,491,10,501
1340,157,698,0,16,485,56,541
797,160,698,0,16,482,56,538
331,165,698,0,16,477,56,533
9,195,700,0,2,490,15,505
1444,182,700,0,2,503,15,518
1035,182,701,0,15,466,53,519
1073,177,701,0,11,491,33,524
161,190,701,0,11,478,33,511
378,172,701,0,15,476,53,529
149,181,701,0,15,467,53,520
1379,186,702,0,5,473,43,516
105,188,707,0,12,480,39,519
1526,181,707,0,12,487,39,526
55,178,708,0,18,464,66,530
705,151,708,0,18,491,66,557
663,169,708,0,18,473,66,539
1583,172,708,0,18,470,66,536
1111,181,709,0,16,467,61,528
504,186,710,0,6,473,51,524
544,185,710,0,3,500,25,525
182,190,710,0,3,495,25,520
399,161,712,0,13,507,44,551
628,187,712,0,13,481,44,525
1650,186,712,0,13,482,44,526
865,203,714,0,1,501,10,511
240,186,718,0,4,499,33,532
1690,187,720,0,7,472,61,533
1409,171,720,0,19,471,78,549
1162,189,721,0,14,479,53,532
853,181,721,0,14,487,53,540
1207,190,721,0,14,478,53,531
508,165,721,0,17,483,73,556
514,179,721,0,17,469,73,542
315,181,721,0,17,467,73,540
50,195,723,0,2,509,19,528
1240,198,723,0,2,506,19,525
931,196,723,0,2,508,19,527
558,188,726,0,5,497,41,538
1354,194,726,0,5,491,41,532
983,194,726,0,5,491,41,532
1021,171,728,0,15,497,60,557
1671,185,728,0,15,483,60,543
1488,182,730,0,10,477,71,548
1133,171,730,0,18,477,82,559
1397,171,730,0,18,477,82,559
1204,188,731,0,6,497,46,543
831,196,732,0,3,508,28,536
1545,197,732,0,3,507,28,535
358,201,732,0,3,503,28,531
667,200,732,0,3,504,28,532
349,188,735,0,17,480,67,547
951,188,735,0,17,480,67,547
944,182,735,0,17,486,67,553
272,187,740,0,11,472,81,553
550,178,740,0,19,470,92,562
561,174,740,0,19,474,92,566
305,147,740,0,19,501,92,593
1496,154,740,0,11,505,81,586
290,191,740,0,7,494,55,549
565,181,740,0,19,467,92,559
20,190,743,0,4,514,39,553
779,199,743,0,4,505,39,544
314,189,743,0,18,479,75,554
730,194,750,0,8,491,65,556
457,190,750,0,8,495,65,560
1220,169,750,0,8,516,65,581
343,191,750,0,8,494,65,559
293,184,751,0,19,484,83,567
356,187,751,0,19,481,83,564
450,174,752,0,13,485,93,578
1308,198,753,0,5,506,49,555
935,202,753,0,5,502,49,551
1072,194,753,0,5,510,49,559
1652,189,758,0,6,515,54,569
818,192,758,0,9,493,73,566
553,194,758,0,6,510,54,564
487,192,758,0,9,493,73,566
741,193,758,0,9,492,73,565
1087,195,758,0,6,509,54,563
1510,166,759,0,14,493,100,593
485,184,767,0,15,475,108,583
263,181,767,0,15,478,108,586
949,185,767,0,15,474,108,582
1610,170,767,0,15,489,108,597
89,198,768,0,8,506,64,570
1511,193,768,0,8,511,64,575
340,189,768,0,10,560,19,579
94,191,773,0,9,513,69,582
120,200,773,0,9,504,69,573
1531,185,774,0,16,474,115,589
1369,194,780,0,11,555,31,586
1667,196,780,0,11,553,31,584
1154,194,780,0,11,555,31,586
391,187,780,0,11,562,31,593
190,198,781,0,1,571,12,583
350,172,781,0,17,487,122,609
586,210,782,0,1,567,5,572
1040,208,782,0,1,569,5,574
527,203,782,0,1,574,5,579
1560,205,785,0,1,574,6,580
588,208,789,0,2,569,12,581
1502,207,789,0,2,570,12,582
749,200,789,0,2,577,12,589
693,186,790,0,12,563,41,604
334,195,790,0,12,554,41,595
1102,191,790,0,12,558,41,599
429,180,792,0,19,479,133,612
428,181,792,0,19,478,133,611
34,194,793,0,5,575,24,599
1679,206,795,0,3,571,18,589
153,195,798,0,13,554,49,603
1083,173,798,0,13,576,49,625
82,192,798,0,13,557,49,606
1552,192,798,0,13,557,49,606
471,195,800,0,6,574,31,605
1122,206,801,0,10,573,22,595
494,211,803,0,1,581,11,592
1501,216,803,0,1,576,11,587
912,206,803,0,5,571,26,597
1306,204,803,0,5,573,26,599
1320,207,803,0,5,570,26,596
1657,204,803,0,5,573,26,599
866,214,803,0,1,578,11,589
535,210,803,0,1,582,11,593
1366,211,803,0,1,581,11,592
1225,196,809,0,14,553,60,613
1646,195,809,0,8,574,40,614
195,196,809,0,8,573,40,613
531,194,809,0,14,555,60,615
1612,204,811,0,11,575,32,607
1393,212,811,0,2,580,19,599
552,208,814,0,6,569,37,606
717,205,814,0,6,572,37,609
376,191,816,0,15,558,67,625
1445,198,819,0,12,581,40,621
567,196,819,0,12,583,40,623
1486,201,819,0,12,578,40,618
234,198,820,0,7,579,43,622
702,201,820,0,7,576,43,619
1573,209,820,0,7,568,43,611
1159,209,820,0,7,568,43,611
837,199,821,0,10,570,52,622
1363,199,821,0,10,570,52,622
345,215,823,0,3,577,31,608
201,188,824,0,16,561,75,636
1131,181,824,0,16,568,75,643
1454,201,827,0,13,578,48,626
995,199,827,0,13,580,48,628
1137,192,830,0,11,577,61,638
114,193,831,0,17,556,82,638
1395,207,832,0,8,570,55,625
969,202,832,0,8,575,55,630
827,199,834,0,14,580,55,635
212,207,834,0,6,613,14,627
1635,204,834,0,4,588,42,630
1489,192,834,0,14,587,55,642
36,206,839,0,15,573,60,633
129,206,839,0,15,573,60,633
1339,190,839,0,15,589,60,649
806,195,839,0,15,584,60,644
29,213,839,0,5,579,47,626
793,215,839,0,5,577,47,624
377,203,839,0,15,576,60,636
794,192,839,0,13,577,70,647
413,204,841,0,9,573,64,637
56,195,841,0,18,554,92,646
192,208,843,0,10,612,23,635
889,200,843,0,10,620,23,643
1550,184,844,0,16,595,65,660
530,198,845,0,14,571,76,647
179,200,845,0,14,569,76,645
1276,215,846,0,6,577,54,631
222,213,846,0,6,579,54,633
1534,212,846,0,6,580,54,634
1569,194,851,0,17,585,72,657
1516,192,851,0,19,557,102,659
147,203,852,0,11,617,32,649
136,209,852,0,11,611,32,643
281,189,854,0,15,580,85,665
1103,203,857,0,18,576,78,654
423,216,858,0,7,576,66,642
175,215,858,0,7,577,66,643
621,188,860,0,12,632,40,672
1313,196,860,0,12,624,40,664
1446,209,860,0,12,611,40,651
1508,199,862,0,17,570,93,663
924,194,862,0,17,575,93,668
509,191,862,0,17,578,93,671
594,203,863,0,19,576,84,660
1515,204,863,0,19,575,84,659
1651,209,867,0,13,611,47,658
287,187,869,0,18,582,100,682
564,196,869,0,18,573,100,673
313,196,869,0,18,573,100,673
651,203,870,0,8,589,78,667
1449,219,873,0,1,643,11,654
84,223,873,0,1,639,11,650
86,217,873,0,1,645,11,656
1281,193,874,0,14,627,54,681
230,204,874,0,14,616,54,670
839,207,874,0,14,613,54,667
142,200,877,0,19,569,108,677
1033,179,877,0,19,590,108,698
742,211,880,0,9,581,88,669
1311,206,880,0,9,586,88,674
1214,207,880,0,9,585,88,673
1578,215,880,0,9,577,88,665
455,217,883,0,2,645,21,666
1197,213,883,0,2,649,21,670
1629,211,883,0,2,651,21,672
210,211,883,0,2,651,21,672
275,206,885,0,15,614,65,679
578,208,885,0,15,612,65,677
1601,207,885,0,15,613,65,678
921,221,891,0,3,641,29,670
681,209,894,0,17,611,74,685
492,206,894,0,17,614,74,688
1520,191,895,0,10,685,19,704
1012,219,896,0,4,643,34,677
604,224,896,0,4,638,34,672
453,227,900,0,2,667,6,673
753,224,900,0,2,670,6,676
1271,196,900,0,11,680,24,704
1147,224,901,0,5,638,39,677
133,202,901,0,18,618,81,699
620,223,901,0,5,639,39,678
332,218,901,0,5,644,39,683
626,215,901,0,5,647,39,686
125,198,901,0,18,622,81,703
590,223,907,0,1,679,5,684
60,227,907,0,1,675,5,680
640,227,907,0,3,667,13,680
1555,221,908,0,6,641,46,687
1465,207,909,0,10,685,17,702
808,204,909,0,12,672,33,705
1056,207,909,0,12,669,33,702
1402,217,909,0,10,675,17,692
847,210,910,0,19,610,90,700
1120,219,914,0,11,673,22,695
393,203,914,0,11,689,22,711
1091,223,918,0,7,639,56,695
280,226,918,0,4,668,24,692
330,223,918,0,4,671,24,695
1031,217,918,0,4,677,24,701
907,215,918,0,7,647,56,703
1274,224,918,0,4,670,24,694
1693,206,921,0,13,670,45,715
424,212,921,0,13,664,45,709
1433,208,921,0,13,668,45,713
1173,195,922,0,13,697,30,727
342,220,922,0,13,672,30,702
1607,227,923,0,5,667,29,696
1356,228,923,0,5,666,29,695
236,223,923,0,5,671,29,700
724,220,925,0,9,642,63,705
1643,223,925,0,9,639,63,702
1002,218,925,0,9,644,63,707
890,226,926,0,10,676,24,700
873,215,931,0,15,661,55,716
225,225,931,0,6,669,37,706
996,219,931,0,6,675,37,712
223,215,931,0,6,679,37,716
1375,216,934,0,14,676,42,718
585,217,934,0,14,675,42,717
882,218,934,0,14,674,42,716
246,219,934,0,14,673,42,715
1153,211,936,0,11,691,34,725
76,227,938,0,7,667,44,711
1090,225,938,0,7,669,44,713
448,208,943,0,16,668,67,735
353,221,943,0,15,671,51,722
777,210,943,0,16,666,67,733
784,226,943,0,12,676,41,717
980,209,943,0,15,683,51,734
421,214,943,0,16,662,67,729
115,215,943,0,15,677,51,728
468,220,943,0,12,682,41,723
98,219,943,0,15,673,51,724
692,224,943,0,12,678,41,719
1172,218,946,0,8,676,52,728
37,228,946,0,8,666,52,718
1170,226,946,0,8,668,52,720
1559,228,949,0,4,706,15,721
1584,216,950,0,18,660,74,734
1132,201,950,0,18,675,74,749
1318,235,950,0,1,710,5,715
304,208,950,0,16,684,58,742
752,233,950,0,1,712,5,717
278,211,950,0,18,665,74,739
14,238,950,0,1,707,5,712
363,213,950,0,18,663,74,737
1529,214,953,0,14,688,51,739
826,219,953,0,14,683,51,734
1261,223,953,0,14,679,51,730
963,211,956,0,19,665,80,745
484,216,956,0,19,660,80,740
1155,215,956,0,19,661,80,741
549,209,956,0,19,667,80,747
1656,225,956,0,9,669,62,731
635,216,956,0,19,660,80,740
194,222,956,0,9,672,62,734
1599,237,959,0,3,708,14,722
1095,233,959,0,3,712,14,726
286,213,962,0,18,679,70,749
660,215,962,0,18,677,70,747
1039,229,962,0,6,705,28,733
1018,217,963,0,15,685,61,746
1224,234,967,0,4,711,22,733
593,237,967,0,4,708,22,730
1373,225,971,0,16,677,69,746
3,223,971,0,16,679,69,748
1662,207,971,0,16,695,69,764
846,211,972,0,19,681,80,761
1032,220,972,0,19,672,80,752
1480,217,972,0,19,675,80,755
1203,231,974,0,5,714,29,743
412,228,974,0,7,706,40,746
1385,225,974,0,5,720,29,749
1266,232,974,0,5,713,29,742
232,233,974,0,5,712,29,741
1450,235,974,0,5,710,29,739
1321,229,974,0,5,716,29,745
1075,229,980,0,8,705,46,751
1472,227,980,0,17,675,78,753
218,237,983,0,6,708,38,746
430,234,984,0,1,740,10,750
1136,239,984,0,1,735,10,745
524,234,984,0,1,740,10,750
1284,242,984,0,1,732,10,742
58,199,988,0,18,703,86,789
367,221,988,0,18,681,86,767
813,227,988,0,18,675,86,761
525,234,990,0,1,748,8,756
1219,230,991,0,2,744,17,761
1383,232,991,0,2,742,17,759
707,235,991,0,2,739,17,756
789,230,992,0,10,704,58,762
247,224,992,0,10,710,58,768
1518,228,993,0,7,717,48,765
1441,238,993,0,7,707,48,755
1631,225,999,0,19,677,97,774
1479,216,999,0,19,686,97,783
1232,238,1000,0,8,707,55,762
470,238,1000,0,3,736,26,762
251,226,1001,0,11,708,67,775
1101,225,1001,0,11,709,67,776
43,229,1001,0,11,705,67,772
1466,229,1003,0,10,753,21,774
1291,218,1003,0,10,764,21,785
248,231,1003,0,10,751,21,772
65,227,1006,0,12,707,72,779
746,234,1007,0,9,711,62,773
488,234,1007,0,9,711,62,773
937,232,1007,0,9,713,62,775
151,228,1008,0,4,746,34,780
925,241,1008,0,4,733,34,767
310,237,1010,0,12,745,28,773
106,236,1010,0,12,746,28,774
647,241,1011,0,10,755,15,770
1432,212,1011,0,13,722,77,799
899,228,1011,0,10,768,15,783
400,227,1011,0,13,707,77,784
347,205,1011,0,13,729,77,806
1439,229,1011,0,13,705,77,782
1060,237,1017,0,5,737,43,780
559,243,1017,0,5,731,43,774
475,239,1017,0,5,735,43,778
127,221,1017,0,15,713,83,796
7,237,1017,0,5,737,43,780
849,239,1018,0,12,757,22,779
580,238,1018,0,12,758,22,780
609,235,1020,0,14,747,38,785
981,227,1020,0,14,755,38,793
1618,232,1020,0,14,750,38,788
452,236,1020,0,14,746,38,784
825,233,1020,0,14,749,38,787
1341,227,1020,0,14,755,38,793
150,209,1025,0,15,773,43,816
801,234,1025,0,15,748,43,791
1233,235,1025,0,15,747,43,790
778,229,1025,0,15,753,43,796
636,228,1026,0,16,706,92,798
108,242,1028,0,13,754,32,786
1490,240,1028,0,6,734,54,788
1386,243,1028,0,6,731,54,785
1287,231,1028,0,13,765,32,797
1117,241,1028,0,6,733,54,787
85,247,1031,0,1,779,5,784
497,245,1032,0,1,779,8,787
13,244,1032,0,1,780,8,788
1099,231,1034,0,16,751,52,803
436,223,1034,0,16,759,52,811
686,240,1034,0,14,756,38,794
244,233,1034,0,14,763,38,801
683,229,1034,0,14,767,38,805
130,247,1038,0,2,779,12,791
1353,217,1038,0,17,717,104,821
687,220,1038,0,17,714,104,818
1345,250,1038,0,2,776,12,788
325,243,1040,0,7,731,66,797
205,242,1040,0,7,732,66,798
757,239,1041,0,3,785,17,802
1331,233,1042,0,17,749,60,809
872,240,1045,0,15,756,49,805
1689,234,1045,0,15,762,49,811
616,223,1045,0,18,711,111,822
903,226,1046,0,8,748,72,820
1227,239,1046,0,3,787,20,807
1292,249,1046,0,3,777,20,797
703,235,1047,0,18,747,65,812
1325,243,1050,0,5,781,26,807
1100,246,1050,0,5,778,26,804
1296,228,1050,0,19,706,116,822
279,237,1052,0,4,789,26,815
1333,249,1052,0,4,777,26,803
141,244,1052,0,4,782,26,808
1427,245,1056,0,6,779,32,811
253,244,1056,0,16,752,60,812
449,244,1056,0,16,752,60,812
1157,242,1056,0,16,754,60,814
897,239,1056,0,16,757,60,817
1602,237,1056,0,16,759,60,819
397,246,1056,0,6,778,32,810
81,249,1060,0,5,777,34,811
1279,250,1060,0,5,776,34,810
512,248,1060,0,5,778,34,812
1355,246,1060,0,5,780,34,814
1361,244,1065,0,9,780,41,821
446,236,1068,0,18,760,72,832
984,235,1068,0,18,761,72,833
1456,249,1071,0,1,814,8,822
959,253,1071,0,1,810,8,818
427,243,1071,0,6,783,45,828
1277,251,1071,0,6,775,45,820
864,249,1071,0,1,814,8,822
25,254,1071,0,1,809,8,817
1218,245,1071,0,6,781,45,826
1382,253,1071,0,1,810,8,818
1506,247,1071,0,6,779,45,824
1290,238,1074,0,10,786,50,836
143,215,1076,0,19,781,80,861
738,224,1076,0,19,772,80,852
748,252,1078,0,2,811,15,826
1659,251,1078,0,7,775,52,827
1000,252,1078,0,2,811,15,826
282,253,1078,0,2,810,15,825
499,236,1081,0,11,788,57,845
445,240,1081,0,11,784,57,841
766,252,1083,0,1,819,12,831
906,253,1086,0,3,810,23,833
850,234,1086,0,12,790,62,852
1174,248,1086,0,2,826,12,838
1180,247,1087,0,9,779,61,840
1215,250,1087,0,9,776,61,837
723,249,1087,0,9,777,61,838
600,247,1093,0,2,824,22,846
1521,256,1093,0,4,818,19,837
811,247,1094,0,4,816,31,847
478,249,1094,0,4,814,31,845
306,232,1096,0,13,792,72,864
28,256,1099,0,5,818,25,843
1380,251,1104,0,5,812,41,853
1625,254,1109,0,7,820,35,855
664,229,1110,0,17,795,86,881
992,246,1110,0,17,778,86,864
975,250,1111,0,10,821,40,861
15,227,1111,0,10,844,40,884
1263,257,1114,0,8,817,40,857
670,254,1114,0,8,820,40,860
1211,248,1115,0,6,815,52,867
755,238,1115,0,6,825,52,877
189,258,1116,0,1,846,12,858
144,259,1116,0,1,845,12,857
1268,256,1119,0,10,849,14,863
1030,257,1119,0,10,848,14,862
1269,253,1119,0,10,852,14,866
662,246,1121,0,18,778,97,875
405,242,1121,0,18,782,97,879
368,245,1121,0,18,779,97,876
1029,246,1121,0,10,828,47,875
1067,239,1121,0,18,785,97,882
64,252,1122,0,12,819,51,870
1682,248,1122,0,12,823,51,874
1527,245,1122,0,12,826,51,877
226,257,1124,0,2,847,20,867
654,260,1124,0,2,844,20,864
462,263,1124,0,2,841,20,861
75,246,1125,0,7,817,62,879
1452,254,1125,0,7,809,62,871
960,255,1127,0,11,850,22,872
1034,259,1127,0,11,846,22,868
528,249,1128,0,13,822,57,879
1078,251,1129,0,11,823,55,878
1084,221,1132,0,19,803,108,911
123,251,1133,0,14,820,62,882
1280,250,1133,0,14,821,62,883
685,240,1133,0,14,831,62,893
1260,253,1133,0,14,818,62,880
761,261,1133,0,3,843,29,872
360,244,1133,0,14,827,62,889
437,251,1133,0,14,820,62,882
1080,249,1136,0,13,825,62,887
1437,254,1136,0,8,809,73,882
674,250,1136,0,8,813,73,886
673,255,1136,0,13,819,62,881
1164,253,1136,0,13,821,62,883
653,251,1138,0,12,854,33,887
1248,247,1138,0,12,858,33,891
477,244,1141,0,9,819,78,897
677,255,1141,0,9,808,78,886
972,261,1143,0,4,843,39,882
1430,255,1143,0,14,819,69,888
241,263,1143,0,4,841,39,880
970,262,1143,0,4,842,39,881
1389,257,1143,0,4,847,39,886
710,259,1143,0,4,845,39,884
896,241,1143,0,14,833,69,902
1688,233,1145,0,15,838,74,912
385,260,1148,0,13,845,43,888
732,259,1153,0,5,845,49,894
950,255,1153,0,15,819,79,898
35,254,1153,0,15,820,79,899
1476,260,1153,0,5,844,49,893
361,258,1156,0,14,847,51,898
1163,235,1156,0,14,870,51,921
163,254,1156,0,14,851,51,902
638,258,1156,0,14,847,51,898
612,247,1156,0,16,824,85,909
1247,260,1161,0,6,844,57,901
303,253,1161,0,16,821,87,908
474,251,1166,0,17,820,95,915
1661,257,1166,0,7,847,62,909
1134,266,1166,0,1,891,9,900
386,258,1167,0,15,847,62,909
1514,265,1170,0,1,894,11,905
362,253,1171,0,18,818,100,918
1199,231,1172,0,17,843,98,941
255,260,1174,0,16,845,69,914
1010,261,1174,0,16,844,69,913
962,260,1174,0,16,845,69,914
821,262,1174,0,8,842,70,912
1169,251,1174,0,8,853,70,923
1497,267,1175,0,2,890,18,908
603,266,1175,0,2,891,18,909
560,249,1178,0,19,822,107,929
1114,250,1178,0,19,821,107,928
1580,262,1179,0,9,842,75,917
1678,262,1179,0,9,842,75,917
135,254,1179,0,9,850,75,925
945,265,1181,0,4,894,22,916
1127,259,1182,0,17,846,77,923
1302,250,1183,0,18,824,109,933
1228,258,1185,0,3,899,28,927
769,265,1187,0,6,894,28,922
1352,265,1191,0,4,892,34,926
1272,269,1191,0,4,888,34,922
1368,257,1191,0,4,900,34,934
1191,265,1191,0,4,892,34,926
1295,252,1193,0,19,822,119,941
57,261,1193,0,18,844,88,932
576,251,1193,0,19,823,119,942
100,257,1198,0,19,848,93,941
566,250,1198,0,19,855,93,948
974,266,1200,0,10,893,41,934
440,262,1202,0,5,895,45,940
689,267,1202,0,1,926,9,935
1392,264,1202,0,5,893,45,938
1205,245,1207,0,11,914,48,962
1183,258,1207,0,11,901,48,949
390,255,1207,0,11,904,48,952
977,275,1208,0,2,918,15,933
1116,264,1211,0,6,893,54,947
718,262,1211,0,6,895,54,949
1278,268,1211,0,6,889,54,943
197,260,1211,0,6,897,54,951
1118,257,1212,0,12,902,53,955
1289,250,1212,0,12,909,53,962
312,266,1217,0,3,927,24,951
337,271,1217,0,3,922,24,946
1364,274,1217,0,3,919,24,943
289,268,1218,0,7,889,61,950
1088,266,1218,0,7,891,61,952
1079,261,1220,0,13,898,61,959
1209,272,1220,0,10,931,17,948
1576,265,1220,0,13,894,61,955
1082,261,1220,0,13,898,61,959
817,267,1225,0,2,951,7,958
1554,260,1226,0,11,943,23,966
1587,266,1226,0,8,891,69,960
1119,265,1226,0,11,938,23,961
1492,269,1226,0,8,888,69,957
573,268,1226,0,11,935,23,958
572,267,1226,0,11,936,23,959
649,265,1226,0,8,892,69,961
341,259,1226,0,8,898,69,967
1447,265,1226,0,11,938,23,961
1414,272,1227,0,4,921,34,955
532,276,1227,0,4,917,34,951
829,266,1229,0,15,893,70,963
1423,276,1232,0,1,950,6,956
591,279,1232,0,1,947,6,953
1144,279,1232,0,1,947,6,953
104,272,1232,0,12,931,29,960
1487,270,1234,0,5,923,41,964
1195,276,1234,0,5,917,41,958
80,274,1234,0,5,919,41,960
264,275,1234,0,5,918,41,959
1267,272,1234,0,5,921,41,962
887,266,1236,0,16,893,77,970
763,263,1236,0,16,896,77,973
254,259,1236,0,16,900,77,977
265,275,1237,0,5,943,19,962
999,279,1240,0,2,947,14,961
296,262,1242,0,6,931,49,980
426,268,1242,0,6,925,49,974
1436,272,1243,0,13,931,40,971
425,255,1243,0,13,948,40,988
1692,266,1243,0,13,937,40,977
1019,264,1246,0,18,895,87,982
875,271,1246,0,6,947,28,975
1089,268,1247,0,7,925,54,979
4,273,1247,0,7,920,54,974
537,263,1251,0,14,940,48,988
183,254,1252,0,19,905,93,998
633,262,1252,0,19,897,93,990
1442,260,1252,0,19,899,93,992
199,274,1254,0,7,944,36,980
443,270,1254,0,8,923,61,984
545,278,1257,0,3,966,13,979
1673,284,1257,0,3,960,13,973
577,270,1260,0,15,933,57,990
1152,270,1260,0,15,933,57,990
994,257,1260,0,15,946,57,1003
1421,248,1260,0,15,955,57,1012
1590,276,1261,0,10,950,35,985
990,274,1264,0,10,944,46,990
109,259,1264,0,10,959,46,1005
1058,274,1266,0,9,919,73,992
193,272,1266,0,9,921,73,994
2,269,1266,0,16,934,63,997
750,266,1266,0,9,927,73,1000
1481,282,1268,0,4,962,24,986
309,284,1268,0,4,960,24,984
1077,277,1268,0,11,949,42,991
1142,280,1273,0,5,964,29,993
1297,253,1273,0,12,965,55,1020
441,283,1273,0,5,961,29,990
1081,273,1273,0,12,945,55,1000
1485,274,1273,0,12,944,55,999
173,278,1275,0,12,948,49,997
388,264,1275,0,12,962,49,1011
688,269,1276,0,17,934,73,1007
224,280,1280,0,6,964,36,1000
1344,285,1280,0,6,959,36,995
1563,279,1280,0,6,965,36,1001
696,285,1280,0,6,959,36,995
297,283,1280,0,6,961,36,997
1665,270,1282,0,13,956,56,1012
547,275,1284,0,13,943,66,1009
154,269,1284,0,13,949,66,1015
672,268,1284,0,13,950,66,1016
823,271,1287,0,18,932,84,1016
284,271,1287,0,18,932,84,1016
1253,261,1287,0,18,942,84,1026
24,292,1288,0,1,991,5,996
1135,278,1288,0,1,1005,5,1010
495,286,1288,0,1,997,5,1002
781,286,1289,0,7,958,45,1003
606,279,1289,0,7,965,45,1010
982,265,1290,0,14,953,72,1025
684,272,1290,0,14,946,72,1018
1684,267,1291,0,14,959,65,1024
893,283,1296,0,3,1000,13,1013
329,277,1296,0,15,949,70,1019
10,288,1298,0,2,995,15,1010
1588,273,1298,0,15,945,80,1025
1630,287,1298,0,2,996,15,1011
203,288,1298,0,2,995,15,1010
227,282,1298,0,2,1001,15,1016
851,279,1298,0,2,1004,15,1019
904,282,1299,0,8,962,55,1017
1076,274,1299,0,8,970,55,1025
460,276,1299,0,8,968,55,1023
679,280,1303,0,5,1003,20,1023
1592,274,1304,0,16,944,86,1030
1420,273,1304,0,16,945,86,1031
1419,272,1305,0,16,954,79,1033
764,274,1305,0,16,952,79,1031
489,279,1309,0,9,965,65,1030
270,281,1309,0,9,963,65,1028
1004,278,1309,0,9,966,65,1031
271,277,1309,0,9,967,65,1032
359,291,1310,0,3,992,27,1019
1461,296,1310,0,3,987,27,1014
1672,291,1310,0,3,992,27,1019
95,295,1310,0,3,988,27,1015
1544,287,1310,0,3,996,27,1023
1675,261,1311,0,17,957,93,1050
1556,284,1312,0,6,999,29,1028
1491,274,1314,0,17,952,88,1040
942,276,1314,0,17,950,88,1038
1317,273,1319,0,18,953,93,1046
1065,276,1319,0,18,950,93,1043
519,278,1319,0,18,948,93,1041
1523,290,1320,0,4,993,37,1030
1440,277,1321,0,7,1006,38,1044
1294,273,1322,0,19,945,104,1049
902,270,1322,0,19,948,104,1052
555,273,1326,0,19,953,100,1053
819,256,1326,0,19,970,100,1070
1322,288,1327,0,10,1026,13,1039
420,282,1327,0,10,1032,13,1045
900,286,1327,0,10,1028,13,1041
1586,274,1328,0,8,1009,45,1054
1176,295,1328,0,5,988,45,1033
998,288,1333,0,2,1036,9,1045
932,300,1333,0,2,1024,9,1033
914,299,1333,0,2,1025,9,1034
101,285,1334,0,12,1029,20,1049
988,275,1334,0,10,1008,51,1059
1680,299,1338,0,3,1025,14,1039
1259,294,1338,0,3,1030,14,1044
782,286,1339,0,7,997,56,1053
1532,278,1340,0,13,1036,26,1062
1666,273,1340,0,13,1041,26,1067
168,284,1340,0,13,1030,26,1056
1482,276,1340,0,13,1038,26,1064
62,287,1343,0,4,1038,18,1056
157,299,1343,0,4,1025,19,1044
796,297,1343,0,4,1028,18,1046
722,291,1343,0,4,1033,19,1052
1130,293,1345,0,8,990,62,1052
809,296,1345,0,8,987,62,1049
458,288,1345,0,8,995,62,1057
822,288,1345,0,8,995,62,1057
1315,269,1346,0,11,1014,63,1077
401,287,1346,0,14,1027,32,1059
1429,283,1346,0,14,1031,32,1063
1493,282,1346,0,11,1001,63,1064
178,284,1346,0,14,1030,32,1062
570,279,1346,0,11,1004,63,1067
414,294,1350,0,9,989,67,1056
166,287,1351,0,5,1037,27,1064
233,296,1351,0,5,1028,27,1055
1400,280,1357,0,13,1003,74,1077
221,295,1357,0,6,1029,33,1062
529,260,1357,0,13,1023,74,1097
1542,298,1357,0,6,1026,33,1059
155,281,1357,0,13,1002,74,1076
1484,286,1357,0,15,1028,43,1071
1557,297,1357,0,6,1027,33,1060
398,281,1357,0,15,1033,43,1076
1517,298,1357,0,6,1026,33,1059
1305,289,1363,0,10,1059,15,1074
843,296,1364,0,10,1054,14,1068
916,282,1364,0,14,1001,81,1082
841,276,1364,0,14,1007,81,1088
373,294,1364,0,10,1056,14,1070
404,281,1364,0,14,1002,81,1083
1396,299,1366,0,7,1026,41,1067
799,292,1366,0,7,1032,42,1074
1026,266,1367,0,16,1048,53,1101
318,288,1372,0,17,1026,58,1084
861,281,1372,0,15,1002,89,1091
1504,286,1372,0,17,1028,58,1086
1249,280,1372,0,17,1034,58,1092
513,288,1373,0,12,1060,25,1085
250,284,1373,0,12,1064,25,1089
444,297,1376,0,8,1027,52,1079
160,288,1376,0,11,1062,26,1088
498,295,1376,0,11,1055,26,1081
1415,292,1376,0,11,1058,26,1084
957,296,1383,0,12,1054,33,1087
352,298,1383,0,9,1026,59,1085
1108,293,1383,0,9,1031,59,1090
1300,286,1383,0,12,1064,33,1097
1507,279,1384,0,17,1004,101,1105
71,288,1384,0,18,1026,70,1096
661,279,1384,0,18,1035,70,1105
70,287,1384,0,18,1027,70,1097
1412,282,1385,0,13,1066,37,1103
1401,285,1385,0,13,1063,37,1100
985,272,1390,0,18,1011,107,1118
854,292,1391,0,14,1056,43,1099
409,290,1394,0,15,1060,44,1104
955,274,1394,0,15,1076,44,1120
97,292,1394,0,15,1058,44,1102
1478,283,1398,0,19,1000,115,1115
324,288,1399,0,16,1062,49,1111
1178,295,1399,0,16,1055,49,1104
1049,284,1399,0,16,1066,49,1115
800,286,1399,0,15,1062,51,1113
886,291,1399,0,16,1059,49,1108
943,291,1405,0,17,1059,55,1114
543,295,1405,0,17,1055,55,1110
366,290,1405,0,17,1060,55,1115
493,281,1405,0,17,1069,55,1124
1509,293,1405,0,17,1057,55,1112
480,290,1406,0,16,1058,58,1116
1158,287,1406,0,16,1061,58,1119
1591,290,1406,0,16,1058,58,1116
845,294,1411,0,19,1056,61,1117
1561,271,1416,0,17,1077,68,1145
1617,288,1416,0,17,1060,68,1128
871,277,1416,0,17,1071,68,1139
1627,290,1423,0,18,1058,75,1133
311,291,1423,0,18,1057,75,1132
538,280,1423,0,18,1068,75,1143
277,288,1423,0,18,1060,75,1135
947,290,1423,0,18,1058,75,1133
1470,290,1431,0,19,1058,83,1141
771,291,1431,0,19,1057,83,1140
333,296,1432,0,12,1114,22,1136
792,291,1432,0,12,1119,22,1141
1061,298,1432,0,12,1112,22,1134
1403,285,1432,0,12,1125,22,1147
302,290,1439,0,11,1133,16,1149
1370,297,1439,0,11,1126,16,1142
569,296,1439,0,11,1129,14,1143
396,299,1439,0,11,1124,16,1140
1417,298,1439,0,11,1125,16,1141
1255,294,1444,0,13,1116,34,1150
83,296,1444,0,13,1114,34,1148
877,298,1444,0,13,1112,34,1146
1160,296,1444,0,13,1114,34,1148
466,297,1447,0,12,1127,23,1150
243,288,1451,0,14,1122,41,1163
608,295,1451,0,14,1115,41,1156
1256,298,1452,0,13,1126,28,1154
1288,290,1452,0,13,1135,27,1162
1121,299,1458,0,10,1141,18,1159
1638,296,1458,0,16,1114,48,1162
1374,298,1458,0,16,1112,48,1160
88,296,1460,0,14,1127,37,1164
637,294,1460,0,14,1129,37,1166
824,296,1460,0,14,1127,37,1164
1193,290,1464,0,17,1120,54,1174
1619,300,1470,0,14,1142,28,1170
709,296,1471,0,15,1127,48,1175
1230,298,1471,0,18,1112,61,1173
859,299,1471,0,15,1124,48,1172
285,297,1471,0,18,1113,61,1174
1241,278,1471,0,18,1132,61,1193
131,292,1471,0,18,1118,61,1179
575,295,1476,0,19,1115,66,1181
490,298,1476,0,19,1112,66,1178
1471,296,1476,0,19,1114,66,1180
1096,292,1479,0,16,1131,56,1187
776,299,1479,0,16,1125,55,1180
708,295,1485,0,19,1145,45,1190
964,298,1485,0,19,1143,44,1187
1303,296,1488,0,18,1128,64,1192
597,298,1488,0,18,1125,65,1190
1020,287,1488,0,18,1137,64,1201
726,283,1495,0,19,1140,72,1212
852,293,1495,0,19,1131,71,1202
