1446,0,23,5,0,8,15,23
136,5,23,5,0,4,14,18
988,9,23,4,0,6,8,14
866,5,23,5,0,3,15,18
1337,3,33,2,0,4,26,30
1350,10,33,2,0,1,22,23
1677,22,33,1,0,1,10,11
956,15,33,2,0,1,17,18
1364,1,33,2,0,5,27,32
1632,5,33,1,0,14,14,28
104,18,62,5,0,16,28,44
1082,17,62,6,0,2,43,45
1127,5,62,6,0,14,43,57
128,18,62,4,0,32,12,44
595,34,62,4,0,16,12,28
789,28,62,6,0,1,33,34
1252,43,62,4,0,8,11,19
1255,9,62,6,0,10,43,53
66,28,62,5,0,6,28,34
743,15,62,6,0,6,41,47
1190,41,62,4,0,9,12,21
1513,39,62,4,0,13,10,23
995,36,62,5,0,1,25,26
945,31,62,5,0,5,26,31
981,47,62,4,0,3,12,15
1690,39,62,5,0,1,22,23
904,37,62,5,0,1,24,25
1565,19,62,5,0,16,27,43
1362,7,62,6,0,13,42,55
1471,27,62,4,0,24,11,35
67,40,69,2,0,1,28,29
763,0,69,10,0,12,57,69
1384,41,69,1,0,7,21,28
649,49,69,1,0,1,19,20
615,33,69,2,0,1,35,36
60,22,69,10,0,1,46,47
3,7,69,10,0,5,57,62
1358,31,69,2,0,2,36,38
913,51,69,1,0,1,17,18
1420,6,69,10,0,8,55,63
388,57,69,1,0,1,11,12
1027,2,69,10,0,11,56,67
1637,19,69,2,0,13,37,50
1198,64,69,1,0,1,4,5
551,20,69,10,0,1,48,49
461,33,69,1,0,14,22,36
479,5,69,10,0,7,57,64
499,43,70,15,0,5,22,27
1680,15,70,18,0,6,49,55
1007,25,70,17,0,9,36,45
578,1,70,18,0,20,49,69
40,38,70,17,0,1,31,32
835,21,70,16,0,22,27,49
1488,6,70,18,0,16,48,64
7,11,70,15,0,37,22,59
1408,29,70,17,0,3,38,41
921,34,70,17,0,1,35,36
1627,38,70,17,0,2,30,32
358,7,70,17,0,26,37,63
264,10,70,17,0,22,38,60
1497,6,70,17,0,26,38,64
1487,20,70,18,0,1,49,50
569,16,70,15,0,32,22,54
1134,16,70,18,0,7,47,54
1163,36,70,16,0,8,26,34
215,11,70,15,0,38,21,59
282,37,70,17,0,1,32,33
605,15,75,9,0,27,33,60
1002,63,75,8,0,1,11,12
1459,9,75,9,0,31,35,66
1085,38,75,8,0,19,18,37
1016,44,75,9,0,1,30,31
1485,38,75,9,0,2,35,37
949,64,75,8,0,1,10,11
999,51,75,9,0,1,23,24
1660,13,75,9,0,28,34,62
409,47,75,8,0,9,19,28
1006,53,75,9,0,1,21,22
1486,42,75,9,0,1,32,33
1284,33,75,9,0,8,34,42
966,47,75,9,0,1,27,28
1287,62,75,8,0,1,12,13
1101,51,75,8,0,7,17,24
411,33,75,8,0,23,19,42
1280,47,75,9,0,2,26,28
1112,13,75,9,0,27,35,62
1281,24,75,9,0,16,35,51
277,45,83,7,0,2,36,38
736,45,83,7,0,1,37,38
27,27,83,7,0,19,37,56
891,53,83,5,0,9,21,30
1394,62,83,5,0,1,20,21
312,47,83,6,0,7,29,36
1631,49,83,5,0,13,21,34
99,39,83,6,0,15,29,44
188,33,83,7,0,15,35,50
1689,51,83,5,0,12,20,32
803,53,83,5,0,11,19,30
458,48,83,7,0,1,34,35
1157,53,83,5,0,9,21,30
288,42,83,7,0,4,37,41
1073,24,83,7,0,23,36,59
1529,57,83,6,0,1,25,26
742,52,83,4,0,17,14,31
1105,16,83,7,0,30,37,67
843,43,83,6,0,12,28,40
230,63,83,5,0,2,18,20
924,2,96,13,0,73,21,94
238,43,96,14,0,25,28,53
1342,38,96,14,0,32,26,58
211,68,96,14,0,1,27,28
1385,28,96,14,0,40,28,68
810,61,96,15,0,1,34,35
1179,71,96,14,0,1,24,25
172,45,96,15,0,13,38,51
1540,62,96,15,0,1,33,34
1346,72,96,14,0,1,23,24
943,66,96,14,0,5,25,30
1628,42,96,17,0,1,53,54
1484,53,96,15,0,4,39,43
209,48,96,14,0,21,27,48
208,25,96,14,0,44,27,71
1655,62,96,15,0,2,32,34
180,34,96,15,0,23,39,62
1615,34,96,18,0,1,61,62
1618,20,96,14,0,48,28,76
1464,54,96,14,0,14,28,42
1453,79,107,1,0,6,22,28
401,67,107,1,0,18,22,40
1644,71,107,2,0,1,35,36
1557,53,107,2,0,19,35,54
957,47,107,2,0,25,35,60
918,96,107,1,0,1,10,11
1268,77,107,2,0,1,29,30
1309,48,107,2,0,25,34,59
1636,72,107,2,0,3,32,35
1035,66,107,2,0,7,34,41
371,54,107,2,0,20,33,53
1613,95,107,1,0,1,11,12
25,71,107,1,0,15,21,36
705,78,107,2,0,1,28,29
456,61,107,2,0,11,35,46
361,46,119,12,0,51,22,73
441,71,119,13,0,20,28,48
1272,67,119,13,0,24,28,52
311,76,119,13,0,15,28,43
923,73,119,13,0,19,27,46
1270,39,119,13,0,53,27,80
899,64,119,12,0,33,22,55
326,15,119,13,0,76,28,104
580,60,119,13,0,33,26,59
323,27,119,12,0,70,22,92
1171,14,119,12,0,83,22,105
1183,66,119,13,0,26,27,53
549,7,119,13,0,84,28,112
910,61,119,13,0,30,28,58
796,8,119,13,0,84,27,111
1335,38,119,13,0,53,28,81
443,53,119,13,0,38,28,66
618,3,119,12,0,94,22,116
877,21,119,12,0,76,22,98
1586,82,119,13,0,9,28,37
1144,34,126,12,0,66,26,92
362,88,126,12,0,11,27,38
754,23,126,12,0,75,28,103
932,7,126,11,0,103,16,119
561,31,126,11,0,79,16,95
510,10,126,12,0,88,28,116
442,67,126,13,0,26,33,59
637,92,126,13,0,1,33,34
140,71,126,12,0,27,28,55
617,82,126,12,0,16,28,44
827,67,126,12,0,32,27,59
470,92,126,12,0,6,28,34
1139,76,126,12,0,25,25,50
354,35,126,11,0,75,16,91
1505,47,126,12,0,51,28,79
1222,93,126,12,0,7,26,33
1184,76,126,13,0,18,32,50
315,19,126,12,0,80,27,107
875,96,126,12,0,2,28,30
1436,31,126,13,0,62,33,95
744,80,131,6,0,30,21,51
728,80,131,6,0,32,19,51
114,106,131,6,0,4,21,25
1316,61,131,6,0,49,21,70
115,84,131,6,0,26,21,47
430,86,131,6,0,25,20,45
1215,53,131,7,0,48,30,78
635,62,131,6,0,49,20,69
290,107,131,7,0,1,23,24
548,103,131,6,0,10,18,28
26,72,131,7,0,29,30,59
459,63,131,7,0,39,29,68
1297,74,131,7,0,28,29,57
241,71,131,7,0,32,28,60
233,92,131,7,0,12,27,39
135,77,131,7,0,24,30,54
662,68,131,7,0,33,30,63
151,96,131,6,0,14,21,35
1594,72,131,5,0,43,16,59
489,106,131,6,0,5,20,25
169,104,134,13,0,1,29,30
738,38,134,11,0,74,22,96
961,101,134,13,0,1,32,33
1327,109,134,12,0,1,24,25
96,97,134,13,0,1,36,37
1149,109,134,11,0,3,22,25
382,57,134,11,0,55,22,77
455,32,134,11,0,81,21,102
768,50,134,11,0,62,22,84
737,63,134,11,0,52,19,71
1666,91,134,11,0,21,22,43
1554,121,134,11,0,1,12,13
1116,99,134,11,0,15,20,35
1642,112,134,11,0,1,21,22
589,102,134,13,0,1,31,32
435,48,134,11,0,66,20,86
623,55,134,11,0,58,21,79
1563,29,134,11,0,83,22,105
485,88,134,11,0,25,21,46
985,68,134,11,0,44,22,66
1142,90,140,3,0,27,23,50
1399,107,140,3,0,10,23,33
1029,133,140,3,0,1,6,7
701,103,140,3,0,14,23,37
503,41,140,3,0,76,23,99
1702,114,140,3,0,3,23,26
517,36,140,3,0,83,21,104
935,96,140,3,0,21,23,44
448,91,140,3,0,27,22,49
946,112,140,3,0,6,22,28
1148,28,140,3,0,90,22,112
666,24,140,3,0,93,23,116
427,110,140,3,0,11,19,30
1398,53,140,3,0,65,22,87
1706,33,140,3,0,84,23,107
1657,103,140,3,0,15,22,37
1400,111,140,3,0,6,23,29
505,54,140,3,0,63,23,86
760,73,140,3,0,47,20,67
573,99,140,3,0,20,21,41
357,48,150,17,0,76,26,102
720,88,150,17,0,36,26,62
322,136,150,4,0,4,10,14
1448,121,150,4,0,19,10,29
599,56,150,4,0,85,9,94
1301,48,150,17,0,77,25,102
739,135,150,4,0,6,9,15
1451,64,150,4,0,76,10,86
1243,71,150,17,0,54,25,79
185,119,150,17,0,5,26,31
525,82,150,17,0,42,26,68
1242,85,150,17,0,40,25,65
1130,125,150,4,0,16,9,25
832,58,150,17,0,66,26,92
1118,138,150,4,0,2,10,12
1043,115,150,4,0,25,10,35
314,90,150,17,0,35,25,60
734,85,150,4,0,56,9,65
611,134,150,4,0,6,10,16
1044,54,150,4,0,86,10,96
1514,120,150,17,0,5,25,30
1499,95,150,17,0,29,26,55
948,78,150,4,0,62,10,72
303,101,150,17,0,23,26,49
92,89,150,17,0,35,26,61
828,98,150,17,0,27,25,52
1661,123,150,4,0,17,10,27
10,75,150,17,0,49,26,75
698,114,150,17,0,11,25,36
668,96,150,17,0,28,26,54
11,64,150,17,0,60,26,86
696,114,150,17,0,10,26,36
655,110,150,4,0,31,9,40
348,138,150,4,0,3,9,12
1625,122,150,4,0,19,9,28
1129,124,150,4,0,16,10,26
1117,103,150,4,0,37,10,47
777,112,150,17,0,12,26,38
735,86,150,4,0,54,10,64
116,128,150,4,0,12,10,22
49,81,160,10,0,60,19,79
939,96,160,10,0,45,19,64
1205,127,160,10,0,14,19,33
1511,101,160,10,0,40,19,59
1585,49,160,10,0,92,19,111
1376,92,160,10,0,49,19,68
245,38,160,10,0,103,19,122
1038,29,160,10,0,113,18,131
181,125,160,10,0,16,19,35
894,138,160,10,0,3,19,22
482,71,160,10,0,70,19,89
1108,115,160,10,0,26,19,45
217,51,160,10,0,91,18,109
665,133,160,10,0,8,19,27
723,87,160,10,0,54,19,73
1122,132,160,10,0,9,19,28
216,130,160,10,0,11,19,30
1381,120,160,10,0,21,19,40
1212,98,160,10,0,43,19,62
1026,26,160,10,0,115,19,134
500,92,175,8,0,66,17,83
861,114,175,16,0,38,23,61
691,94,175,8,0,63,18,81
784,141,175,8,0,15,19,34
749,112,175,8,0,44,19,63
1562,114,175,16,0,39,22,61
989,117,175,8,0,40,18,58
157,128,175,17,0,13,34,47
1561,74,175,16,0,78,23,101
710,155,175,8,0,3,17,20
1075,79,175,17,0,63,33,96
697,96,175,17,0,47,32,79
263,117,175,17,0,25,33,58
1087,94,175,8,0,62,19,81
658,100,175,8,0,57,18,75
1102,138,175,8,0,19,18,37
860,117,175,16,0,35,23,58
53,124,175,8,0,32,19,51
641,127,175,17,0,17,31,48
1343,129,175,8,0,27,19,46
1000,156,175,8,0,1,18,19
640,89,175,17,0,52,34,86
929,99,175,16,0,53,23,76
925,85,175,16,0,68,22,90
478,130,175,17,0,12,33,45
951,83,175,8,0,74,18,92
560,99,175,8,0,57,19,76
1372,107,175,17,0,34,34,68
1066,88,175,8,0,68,19,87
295,121,175,16,0,31,23,54
1366,149,175,16,0,3,23,26
695,92,175,8,0,64,19,83
109,128,175,16,0,24,23,47
524,64,175,17,0,77,34,111
1353,103,175,8,0,55,17,72
690,81,175,8,0,75,19,94
687,124,175,17,0,17,34,51
1256,100,175,8,0,56,19,75
167,98,175,8,0,61,16,77
804,147,175,17,0,1,27,28
1005,110,183,9,0,60,13,73
396,55,183,9,0,115,13,128
126,100,183,9,0,69,14,83
386,54,183,9,0,115,14,129
1020,100,183,9,0,70,13,83
1293,57,183,9,0,112,14,126
342,149,183,9,0,21,13,34
341,101,183,9,0,68,14,82
974,89,183,9,0,81,13,94
19,169,183,9,0,1,13,14
1240,70,183,9,0,99,14,113
97,114,183,9,0,55,14,69
395,135,183,9,0,34,14,48
602,66,183,9,0,105,12,117
1624,168,183,9,0,2,13,15
1011,153,183,9,0,16,14,30
960,103,183,9,0,68,12,80
1623,93,183,9,0,76,14,90
393,107,183,9,0,62,14,76
155,150,183,9,0,19,14,33
1194,151,186,18,0,10,25,35
1693,93,186,18,0,68,25,93
543,55,186,18,0,106,25,131
72,114,186,18,0,47,25,72
1479,109,186,18,0,53,24,77
1377,140,186,18,0,21,25,46
1403,127,186,18,0,34,25,59
1203,139,186,18,0,22,25,47
1679,131,186,18,0,30,25,55
1032,51,186,18,0,110,25,135
983,108,186,18,0,53,25,78
965,123,186,18,0,38,25,63
1683,56,186,18,0,105,25,130
1684,96,186,18,0,66,24,90
783,150,186,18,0,11,25,36
633,53,186,18,0,109,24,133
1204,69,186,18,0,92,25,117
800,96,186,18,0,65,25,90
1675,144,186,18,0,17,25,42
417,61,186,18,0,101,24,125
81,166,196,2,0,26,4,30
86,174,196,2,0,15,7,22
177,190,196,2,0,3,3,6
111,156,196,2,0,33,7,40
1319,189,196,2,0,1,6,7
164,178,196,2,0,13,5,18
1368,101,196,2,0,88,7,95
1336,141,196,2,0,50,5,55
823,145,196,2,0,44,7,51
43,168,196,2,0,21,7,28
68,171,196,2,0,19,6,25
707,114,196,2,0,76,6,82
1318,191,196,2,0,1,4,5
693,190,196,2,0,1,5,6
1357,151,196,2,0,39,6,45
79,179,196,2,0,10,7,17
792,134,196,2,0,55,7,62
457,149,198,2,0,39,10,49
12,171,198,2,0,17,10,27
351,133,198,2,0,55,10,65
496,135,198,2,0,53,10,63
1065,178,198,2,0,10,10,20
1295,122,198,2,0,67,9,76
1423,84,198,2,0,104,10,114
1036,158,198,2,0,30,10,40
1422,172,198,2,0,16,10,26
870,167,198,2,0,21,10,31
906,88,198,2,0,101,9,110
878,144,198,2,0,44,10,54
1063,110,198,2,0,78,10,88
207,90,198,2,0,98,10,108
706,153,198,2,0,35,10,45
269,179,198,2,0,9,10,19
1611,107,198,2,0,81,10,91
1444,184,198,2,0,4,10,14
205,108,198,2,0,81,9,90
1443,116,198,2,0,72,10,82
1208,191,204,5,0,3,10,13
416,190,204,5,0,4,10,14
1395,83,204,5,0,111,10,121
1569,171,204,5,0,23,10,33
1415,87,204,5,0,107,10,117
816,88,204,5,0,106,10,116
726,86,204,5,0,109,9,118
102,101,204,5,0,93,10,103
1440,129,204,5,0,65,10,75
229,156,204,5,0,38,10,48
756,104,204,5,0,90,10,100
1463,182,204,5,0,12,10,22
815,123,204,5,0,71,10,81
1416,152,204,5,0,42,10,52
1445,133,204,5,0,61,10,71
422,163,204,5,0,31,10,41
651,169,204,5,0,25,10,35
830,90,204,5,0,105,9,114
280,187,204,5,0,7,10,17
757,120,204,5,0,74,10,84
568,182,205,15,0,4,19,23
1539,136,205,15,0,50,19,69
120,167,205,15,0,19,19,38
1328,96,205,15,0,90,19,109
1022,104,205,15,0,83,18,101
1431,103,205,15,0,83,19,102
1432,79,205,15,0,107,19,126
515,84,205,15,0,102,19,121
1254,128,205,15,0,58,19,77
1326,87,205,15,0,99,19,118
1430,86,205,15,0,101,18,119
822,149,205,15,0,37,19,56
812,92,205,15,0,94,19,113
232,76,205,15,0,111,18,129
514,162,205,15,0,24,19,43
820,92,205,15,0,95,18,113
213,66,205,15,0,120,19,139
179,116,205,15,0,70,19,89
863,124,205,15,0,62,19,81
476,152,205,15,0,34,19,53
1544,123,207,18,0,53,31,84
1573,149,207,18,0,26,32,58
318,108,207,18,0,66,33,99
1193,178,207,18,0,1,28,29
1359,130,207,18,0,45,32,77
575,140,207,18,0,37,30,67
1104,73,207,18,0,102,32,134
1192,161,207,18,0,13,33,46
1019,125,207,18,0,49,33,82
689,132,207,18,0,42,33,75
363,55,207,18,0,119,33,152
887,164,207,18,0,10,33,43
1226,151,207,18,0,25,31,56
716,162,207,17,0,19,26,45
1360,173,207,18,0,5,29,34
1225,176,207,18,0,1,30,31
1181,161,207,18,0,14,32,46
1412,150,207,18,0,24,33,57
56,151,207,17,0,30,26,56
1482,140,207,18,0,34,33,67
462,112,213,1,0,91,10,101
453,178,213,1,0,25,10,35
366,113,213,1,0,90,10,100
1331,143,213,1,0,60,10,70
797,107,213,1,0,97,9,106
919,128,213,1,0,75,10,85
1283,156,213,1,0,47,10,57
890,181,213,1,0,23,9,32
628,115,213,1,0,89,9,98
598,136,213,1,0,67,10,77
465,167,213,1,0,36,10,46
1411,182,213,1,0,21,10,31
387,125,213,1,0,78,10,88
1558,191,213,1,0,12,10,22
1474,140,213,1,0,64,9,73
1135,166,213,1,0,38,9,47
1452,120,213,1,0,83,10,93
915,197,213,1,0,6,10,16
1383,126,213,1,0,78,9,87
403,105,213,1,0,98,10,108
1169,131,233,4,0,89,13,102
1070,74,233,4,0,146,13,159
1,195,233,4,0,25,13,38
1096,209,233,4,0,11,13,24
1083,201,233,4,0,19,13,32
449,214,233,4,0,6,13,19
195,155,233,4,0,65,13,78
523,142,233,4,0,78,13,91
254,175,233,4,0,45,13,58
338,185,233,4,0,35,13,48
1344,158,233,4,0,62,13,75
1553,182,233,4,0,38,13,51
1186,145,233,4,0,75,13,88
1168,205,233,4,0,15,13,28
253,116,233,4,0,104,13,117
1515,211,233,4,0,9,13,22
1355,200,233,4,0,20,13,33
654,170,233,4,0,50,13,63
594,178,233,4,0,42,13,55
987,207,233,4,0,13,13,26
398,191,237,19,0,23,23,46
1609,167,237,19,0,47,23,70
802,202,237,19,0,12,23,35
1591,21,237,19,0,193,23,216
399,164,237,19,0,50,23,73
538,47,237,19,0,167,23,190
1550,90,237,19,0,124,23,147
842,192,237,19,0,22,23,45
938,180,237,19,0,34,23,57
537,176,237,19,0,38,23,61
1332,143,237,19,0,71,23,94
882,129,237,19,0,85,23,108
121,74,237,19,0,140,23,163
197,181,237,19,0,33,23,56
1269,41,237,19,0,173,23,196
536,90,237,19,0,124,23,147
1551,68,237,19,0,146,23,169
1517,98,237,19,0,116,23,139
163,77,237,19,0,137,23,160
1520,196,237,19,0,18,23,41
255,102,238,4,0,120,16,136
846,185,238,4,0,37,16,53
1345,207,238,4,0,17,14,31
1024,178,238,4,0,44,16,60
1473,137,238,4,0,85,16,101
1472,199,238,4,0,23,16,39
544,143,238,3,0,87,8,95
194,214,238,4,0,9,15,24
583,201,238,4,0,21,16,37
1692,152,238,3,0,78,8,86
1450,217,238,4,0,5,16,21
88,169,238,3,0,61,8,69
337,213,238,4,0,9,16,25
1606,186,238,4,0,37,15,52
1626,152,238,4,0,70,16,86
1354,208,238,4,0,14,16,30
1691,137,238,3,0,93,8,101
740,144,238,4,0,79,15,94
1705,146,238,3,0,84,8,92
1516,159,238,4,0,63,16,79
493,126,245,10,0,100,19,119
1039,169,245,10,0,57,19,76
1189,186,245,10,0,40,19,59
1429,95,245,10,0,131,19,150
1329,45,245,10,0,181,19,200
955,203,245,10,0,23,19,42
748,83,245,10,0,143,19,162
1109,178,245,10,0,48,19,67
1166,120,245,10,0,106,19,125
33,175,245,10,0,51,19,70
1654,205,245,10,0,21,19,40
266,138,245,10,0,88,19,107
494,208,245,10,0,18,19,37
243,162,245,10,0,64,19,83
497,147,245,10,0,79,19,98
940,131,245,10,0,95,19,114
663,197,245,10,0,29,19,48
1167,175,245,10,0,51,19,70
942,98,245,10,0,128,19,147
1210,187,245,10,0,39,19,58
702,218,247,19,0,7,22,29
293,75,247,19,0,150,22,172
1333,180,247,19,0,46,21,67
967,209,247,19,0,16,22,38
198,45,247,19,0,181,21,202
556,24,247,19,0,201,22,223
1396,164,247,19,0,61,22,83
267,51,247,19,0,174,22,196
872,126,247,19,0,99,22,121
356,195,247,19,0,31,21,52
1620,84,247,19,0,142,21,163
376,198,247,19,0,27,22,49
46,181,247,19,0,44,22,66
1518,90,247,19,0,135,22,157
883,191,247,19,0,34,22,56
199,138,247,19,0,88,21,109
588,220,247,19,0,5,22,27
1078,223,247,19,0,3,21,24
1548,210,247,19,0,16,21,37
968,169,247,19,0,56,22,78
447,210,250,3,0,27,13,40
657,231,250,4,0,1,18,19
1552,230,250,4,0,1,19,20
1397,194,250,3,0,43,13,56
545,142,250,3,0,95,13,108
349,228,250,4,0,1,21,22
718,174,250,3,0,63,13,76
572,223,250,3,0,14,13,27
629,190,250,3,0,47,13,60
1071,147,250,3,0,90,13,103
656,173,250,4,0,51,26,77
471,181,250,4,0,42,27,69
1703,228,250,3,0,9,13,22
612,210,250,4,0,13,27,40
1434,183,250,3,0,54,13,67
600,124,250,4,0,99,27,126
613,157,250,4,0,66,27,93
1147,188,250,3,0,49,13,62
554,195,250,3,0,42,13,55
684,200,250,4,0,23,27,50
226,190,264,6,0,62,12,74
751,151,264,6,0,101,12,113
779,169,264,6,0,83,12,95
730,203,264,6,0,49,12,61
1367,228,264,6,0,24,12,36
745,183,264,6,0,69,12,81
196,232,264,6,0,20,12,32
717,204,264,6,0,48,12,60
1126,200,264,6,0,52,12,64
752,197,264,6,0,55,12,67
268,192,264,6,0,60,12,72
1578,133,264,6,0,119,12,131
527,161,264,6,0,91,12,103
1546,210,264,6,0,42,12,54
729,183,264,6,0,69,12,81
285,220,264,6,0,32,12,44
1545,144,264,6,0,108,12,120
1115,216,264,6,0,36,12,48
953,188,264,6,0,64,12,76
1339,120,264,6,0,132,12,144
286,193,267,9,0,56,18,74
1391,219,267,9,0,30,18,48
1650,208,267,9,0,41,18,59
1012,224,267,9,0,25,18,43
100,99,267,9,0,150,18,168
1141,186,267,9,0,63,18,81
1162,176,267,9,0,73,18,91
518,181,267,9,0,68,18,86
1241,171,267,9,0,78,18,96
1113,204,267,9,0,45,18,63
998,212,267,9,0,37,18,55
394,174,267,9,0,75,18,93
1238,179,267,9,0,70,18,88
1379,152,267,9,0,97,18,115
604,226,267,9,0,23,18,41
1428,226,267,9,0,23,18,41
50,170,267,9,0,79,18,97
626,186,267,9,0,63,18,81
1477,206,267,9,0,43,18,61
1509,221,267,9,0,28,18,46
132,176,281,14,0,80,25,105
1386,213,281,14,0,43,25,68
16,84,281,14,0,172,25,197
880,73,281,14,0,183,25,208
372,89,281,14,0,167,25,192
1630,198,281,14,0,58,25,83
133,206,281,14,0,50,25,75
592,146,281,14,0,110,25,135
15,103,281,14,0,153,25,178
1556,157,281,14,0,99,25,124
991,97,281,14,0,159,25,184
373,127,281,14,0,129,25,154
13,123,281,14,0,133,25,158
1258,135,281,14,0,121,25,146
1531,161,281,14,0,95,25,120
639,188,281,14,0,68,25,93
1347,204,281,14,0,52,25,77
14,194,281,14,0,62,25,87
926,148,281,14,0,108,25,133
1259,126,281,14,0,130,25,155
753,173,285,12,0,93,19,112
1143,118,285,12,0,148,19,167
360,227,285,12,0,39,19,58
761,122,285,12,0,142,21,163
375,158,285,12,0,106,21,127
511,161,285,12,0,103,21,124
332,212,285,12,0,52,21,73
876,158,285,12,0,108,19,127
204,125,285,12,0,142,18,160
774,252,285,12,0,14,19,33
76,208,285,12,0,58,19,77
1678,201,285,12,0,65,19,84
1146,153,285,12,0,111,21,132
131,135,285,12,0,129,21,150
1219,134,285,12,0,132,19,151
1596,202,285,12,0,62,21,83
933,265,285,12,0,1,19,20
1040,162,285,12,0,104,19,123
619,143,285,12,0,123,19,142
776,199,285,12,0,65,21,86
353,191,285,12,0,73,21,94
627,139,285,12,0,125,21,146
1506,227,285,12,0,39,19,58
333,188,285,12,0,76,21,97
1052,153,285,12,0,113,19,132
786,229,285,12,0,37,19,56
1098,159,285,12,0,105,21,126
570,172,285,12,0,92,21,113
1145,188,285,12,0,78,19,97
202,165,285,12,0,99,21,120
928,207,285,12,0,57,21,78
1138,129,285,12,0,135,21,156
130,109,285,12,0,155,21,176
1566,143,285,12,0,121,21,142
369,243,285,12,0,23,19,42
1173,173,285,12,0,91,21,112
898,242,285,12,0,24,19,43
1466,233,285,12,0,33,19,52
571,240,285,12,0,26,19,45
1170,154,285,12,0,110,21,131
1622,205,291,5,0,71,15,86
996,245,291,5,0,31,15,46
352,112,291,5,0,164,15,179
997,208,291,5,0,68,15,83
632,190,291,5,0,86,15,101
819,241,291,5,0,35,15,50
722,126,291,5,0,150,15,165
421,170,291,5,0,106,15,121
54,201,291,5,0,75,15,90
970,183,291,5,0,93,15,108
281,219,291,5,0,57,15,72
397,159,291,5,0,117,15,132
309,237,291,5,0,39,15,54
343,227,291,5,0,49,15,64
971,235,291,5,0,41,15,56
676,212,291,5,0,64,15,79
1110,143,291,5,0,133,15,148
814,225,291,5,0,51,15,66
1048,230,291,5,0,46,15,61
137,87,291,5,0,189,15,204
165,194,302,8,0,89,19,108
845,176,302,8,0,107,19,126
52,260,302,8,0,23,19,42
678,267,302,8,0,16,19,35
1214,282,302,8,0,1,19,20
320,241,302,8,0,42,19,61
607,185,302,8,0,98,19,117
1455,272,302,8,0,11,19,30
237,197,302,8,0,86,19,105
1476,230,302,8,0,53,19,72
709,191,302,8,0,92,19,111
1504,255,302,8,0,28,19,47
559,166,302,8,0,117,19,136
166,205,302,8,0,78,19,97
606,124,302,8,0,159,19,178
694,210,302,8,0,73,19,92
840,228,302,8,0,55,19,74
107,206,302,8,0,77,19,96
1286,250,302,8,0,33,19,52
838,227,302,8,0,56,19,75
1404,230,306,18,0,49,27,76
451,201,306,18,0,78,27,105
1180,213,306,18,0,66,27,93
1481,270,306,18,0,9,27,36
432,271,306,18,0,8,27,35
977,247,306,18,0,32,27,59
1018,220,306,18,0,59,27,86
418,226,306,18,0,53,27,80
324,225,306,18,0,54,27,81
1196,223,306,18,0,56,27,83
1571,210,306,18,0,69,27,96
1197,183,306,18,0,96,27,123
1577,243,306,18,0,36,27,63
806,196,306,18,0,83,27,110
805,227,306,18,0,52,27,79
1682,204,306,18,0,75,27,102
1033,232,306,18,0,47,27,74
279,262,306,18,0,17,27,44
964,275,306,18,0,4,27,31
1694,253,306,18,0,26,27,53
1064,200,307,2,0,98,9,107
1534,223,307,2,0,75,9,84
1100,242,307,2,0,56,9,65
1635,285,307,2,0,13,9,22
869,283,307,2,0,15,9,24
1697,253,307,2,0,45,9,54
1424,212,307,2,0,86,9,95
631,255,307,2,0,43,9,52
1535,213,307,2,0,85,9,94
791,256,307,2,0,42,9,51
1107,241,307,2,0,57,9,66
770,287,307,2,0,11,9,20
1308,225,307,2,0,73,9,82
900,245,307,2,0,53,9,62
1442,249,307,2,0,49,9,58
1120,275,307,2,0,23,9,32
893,235,307,2,0,63,9,72
80,268,307,2,0,30,9,39
1099,273,307,2,0,25,9,34
1310,263,307,2,0,35,9,44
507,224,320,10,0,75,21,96
1188,251,320,10,0,48,21,69
616,252,320,10,0,47,21,68
1315,200,320,10,0,99,21,120
1211,174,320,10,0,125,21,146
973,207,320,10,0,92,21,113
385,247,320,10,0,52,21,73
1510,96,320,10,0,203,21,224
1419,231,320,10,0,68,21,89
415,222,320,10,0,77,21,98
664,187,320,10,0,112,21,133
4,209,320,10,0,90,21,111
972,218,320,10,0,81,21,102
858,161,320,10,0,138,21,159
671,124,320,10,0,175,21,196
1653,132,320,10,0,167,21,188
714,75,320,10,0,224,21,245
48,249,320,10,0,50,21,71
31,177,320,10,0,122,21,143
1158,213,320,10,0,86,21,107
954,274,324,10,0,27,23,50
218,230,324,10,0,71,23,94
191,263,324,10,0,38,23,61
495,280,324,10,0,21,23,44
831,165,324,10,0,136,23,159
368,222,324,10,0,79,23,102
1375,254,324,10,0,47,23,70
1072,91,324,10,0,210,23,233
1560,284,324,10,0,17,23,40
747,130,324,10,0,171,23,194
542,288,324,10,0,13,23,36
941,300,324,10,0,1,23,24
567,249,324,10,0,52,23,75
331,210,324,10,0,91,23,114
1413,294,324,10,0,7,23,30
1209,299,324,10,0,2,23,25
246,185,324,10,0,116,23,139
1469,203,324,10,0,98,23,121
193,251,324,10,0,50,23,73
1084,264,324,10,0,37,23,60
1003,207,327,7,0,107,13,120
108,247,327,7,0,67,13,80
467,289,327,1,0,27,11,38
344,241,327,1,0,75,11,86
597,205,327,1,0,111,11,122
799,221,327,1,0,95,11,106
473,278,327,1,0,38,11,49
335,149,327,7,0,165,13,178
83,238,327,7,0,76,13,89
472,246,327,1,0,70,11,81
553,211,327,7,0,103,13,116
466,233,327,1,0,83,11,94
912,256,327,1,0,60,11,71
1676,266,327,1,0,50,11,61
704,251,327,1,0,65,11,76
798,259,327,1,0,57,11,68
1057,262,327,7,0,52,13,65
555,123,327,7,0,191,13,204
579,255,327,7,0,59,13,72
378,176,327,7,0,138,13,151
661,170,327,7,0,144,13,157
402,112,327,1,0,204,11,215
1089,274,327,7,0,40,13,53
87,274,327,1,0,42,11,53
1058,145,327,7,0,169,13,182
460,254,327,7,0,60,13,73
1278,229,327,7,0,85,13,98
856,196,327,1,0,120,11,131
1091,203,327,7,0,111,13,124
1077,208,327,1,0,108,11,119
1207,133,327,7,0,181,13,194
1068,213,327,7,0,101,13,114
1199,267,327,1,0,49,11,60
1600,280,327,1,0,36,11,47
345,135,327,1,0,181,11,192
42,167,327,1,0,149,11,160
1045,160,327,7,0,154,13,167
552,281,327,7,0,33,13,46
139,294,327,1,0,22,11,33
1090,271,327,7,0,43,13,56
58,261,334,17,0,49,24,73
526,273,334,17,0,37,24,61
897,254,334,17,0,56,24,80
907,266,334,17,0,44,24,68
57,227,334,17,0,83,24,107
911,190,334,17,0,120,24,144
721,246,334,17,0,64,24,88
833,177,334,17,0,133,24,157
686,204,334,17,0,106,24,130
93,258,334,17,0,52,24,76
235,174,334,17,0,136,24,160
1498,270,334,17,0,40,24,64
170,180,334,17,0,130,24,154
917,210,334,17,0,100,24,124
1059,217,334,17,0,93,24,117
1496,228,334,17,0,82,24,106
958,213,334,17,0,97,24,121
916,157,334,17,0,153,24,177
39,250,334,17,0,60,24,84
993,224,334,17,0,86,24,110
189,207,337,7,0,115,15,130
145,299,337,7,0,23,15,38
1698,134,337,7,0,189,14,203
201,131,337,7,0,191,15,206
1055,296,337,7,0,26,15,41
134,195,337,7,0,127,15,142
271,292,337,7,0,30,15,45
289,255,337,7,0,67,15,82
306,279,337,7,0,43,15,58
65,288,337,7,0,34,15,49
336,252,337,7,0,71,14,85
2,240,337,7,0,82,15,97
1279,218,337,7,0,104,15,119
1069,213,337,7,0,110,14,124
703,283,337,7,0,39,15,54
187,175,337,7,0,148,14,162
1263,165,337,7,0,157,15,172
276,271,337,7,0,51,15,66
813,146,337,7,0,176,15,191
1056,291,337,7,0,31,15,46
1701,250,356,6,0,90,16,106
1687,256,356,6,0,84,16,100
30,236,356,6,0,104,16,120
1306,175,356,6,0,165,16,181
847,238,356,6,0,101,17,118
1340,263,356,6,0,78,15,93
1338,197,356,6,0,142,17,159
853,226,356,6,0,114,16,130
1700,243,356,6,0,96,17,113
790,192,356,6,0,148,16,164
1081,145,356,6,0,194,17,211
1114,261,356,6,0,79,16,95
484,160,356,6,0,181,15,196
1317,123,356,6,0,216,17,233
848,297,356,6,0,43,16,59
634,277,356,6,0,63,16,79
1493,267,356,6,0,72,17,89
1201,219,356,6,0,120,17,137
563,136,356,6,0,204,16,220
346,263,356,6,0,76,17,93
844,289,356,6,0,51,16,67
1079,251,356,6,0,90,15,105
978,230,356,6,0,109,17,126
979,189,356,6,0,150,17,167
727,183,356,6,0,156,17,173
564,202,356,6,0,137,17,154
488,260,356,6,0,79,17,96
225,250,356,6,0,89,17,106
1290,258,356,6,0,81,17,98
733,253,356,6,0,86,17,103
1492,271,356,6,0,69,16,85
1579,262,356,6,0,77,17,94
780,161,356,6,0,178,17,195
374,208,356,6,0,131,17,148
1236,235,356,6,0,104,17,121
156,266,356,6,0,74,16,90
1080,197,356,6,0,144,15,159
1200,234,356,6,0,107,15,122
1341,203,356,6,0,137,16,153
1307,294,356,6,0,46,16,62
688,186,361,11,0,154,21,175
1160,196,361,11,0,144,21,165
313,202,361,11,0,138,21,159
1234,171,361,13,0,171,19,190
1426,183,361,11,0,157,21,178
1223,169,361,13,0,173,19,192
787,158,361,11,0,182,21,203
424,179,361,11,0,161,21,182
1647,108,361,13,0,234,19,253
298,246,361,11,0,94,21,115
1351,150,361,13,0,192,19,211
412,135,361,11,0,205,21,226
755,142,361,13,0,200,19,219
1361,212,361,11,0,128,21,149
1588,129,361,13,0,213,19,232
590,184,361,13,0,158,19,177
6,104,361,13,0,238,19,257
1500,189,361,11,0,151,21,172
873,238,361,11,0,102,21,123
834,132,361,11,0,208,21,229
1633,255,361,11,0,85,21,106
1218,151,361,11,0,189,21,210
152,198,361,13,0,144,19,163
1124,207,361,11,0,133,21,154
1587,209,361,13,0,133,19,152
1004,168,361,11,0,172,21,193
1564,166,361,11,0,174,21,195
95,135,361,13,0,207,19,226
732,219,361,13,0,123,19,142
316,166,361,13,0,176,19,195
1034,242,361,11,0,98,21,119
1390,201,361,13,0,141,19,160
1150,228,361,11,0,112,21,133
1522,154,361,11,0,186,21,207
1649,147,361,13,0,195,19,214
795,201,361,13,0,141,19,160
1589,111,361,13,0,231,19,250
175,215,361,13,0,127,19,146
1266,157,361,13,0,185,19,204
174,131,361,13,0,211,19,230
1478,234,375,9,0,121,20,141
287,251,375,9,0,104,20,124
1380,237,375,9,0,118,20,138
824,186,375,9,0,169,20,189
1668,171,375,9,0,184,20,204
621,207,375,9,0,148,20,168
308,261,375,9,0,94,20,114
1017,198,375,9,0,157,20,177
18,253,375,9,0,102,20,122
1460,179,375,9,0,176,20,196
825,265,375,9,0,90,20,110
772,245,375,9,0,110,20,130
865,223,375,9,0,132,20,152
1237,277,375,9,0,78,20,98
622,174,375,9,0,181,20,201
101,274,375,9,0,81,20,101
625,226,375,9,0,129,20,149
1638,117,375,9,0,238,20,258
1427,256,375,9,0,99,20,119
1285,213,375,9,0,142,20,162
20,250,378,4,0,119,9,128
1407,255,378,4,0,115,8,123
105,297,378,4,0,72,9,81
106,274,378,4,0,95,9,104
1047,255,378,4,0,114,9,123
21,271,378,4,0,98,9,107
1292,291,378,4,0,78,9,87
982,294,378,4,0,75,9,84
301,242,378,4,0,128,8,136
1449,271,378,4,0,99,8,107
1470,240,378,4,0,129,9,138
1042,290,378,4,0,79,9,88
1512,249,378,4,0,120,9,129
1023,266,378,4,0,103,9,112
741,283,378,4,0,86,9,95
350,266,378,4,0,104,8,112
117,286,378,4,0,83,9,92
129,280,378,4,0,89,9,98
586,278,378,4,0,91,9,100
0,270,378,4,0,99,9,108
28,216,382,15,0,145,21,166
1483,140,382,15,0,221,21,242
862,222,382,15,0,139,21,160
1686,238,382,15,0,123,21,144
294,223,382,15,0,138,21,159
261,101,382,15,0,260,21,281
746,271,382,15,0,90,21,111
513,200,382,15,0,161,21,182
1685,278,382,15,0,83,21,104
809,193,382,15,0,168,21,189
811,170,382,15,0,191,21,212
1289,273,382,15,0,88,21,109
1570,154,382,15,0,207,21,228
864,82,382,15,0,279,21,300
821,226,382,15,0,135,21,156
1572,258,382,15,0,103,21,124
231,127,382,15,0,234,21,255
214,254,382,15,0,107,21,128
1324,262,382,15,0,99,21,120
475,190,382,15,0,171,21,192
922,279,390,4,0,92,19,111
36,189,390,3,0,192,9,201
34,289,390,4,0,85,16,101
574,284,390,4,0,87,19,106
506,195,390,3,0,186,9,195
1025,283,390,4,0,89,18,107
1291,276,390,4,0,97,17,114
1128,238,390,3,0,143,9,152
1131,296,390,4,0,75,19,94
947,299,390,4,0,74,17,91
321,249,390,4,0,122,19,141
504,247,390,3,0,134,9,143
84,174,390,3,0,207,9,216
1229,252,390,3,0,129,9,138
934,216,390,3,0,165,9,174
1191,265,390,4,0,107,18,125
610,270,390,4,0,101,19,120
389,146,390,3,0,235,9,244
522,290,390,4,0,81,19,100
1253,292,390,4,0,80,18,98
817,189,403,5,0,200,14,214
1584,230,403,5,0,159,14,173
310,292,403,5,0,97,14,111
892,236,403,5,0,153,14,167
1387,247,403,5,0,142,14,156
1595,220,403,5,0,169,14,183
227,103,403,5,0,286,14,300
1030,212,403,5,0,177,14,191
228,166,403,5,0,223,14,237
1568,130,403,5,0,259,14,273
1388,297,403,5,0,92,14,106
1260,281,403,5,0,108,14,122
669,241,403,5,0,148,14,162
1441,254,403,5,0,135,14,149
1097,203,403,5,0,186,14,200
653,292,403,5,0,97,14,111
304,263,403,5,0,126,14,140
1049,181,403,5,0,209,13,222
682,277,403,5,0,112,14,126
759,121,403,5,0,269,13,282
766,231,408,19,0,154,23,177
1206,267,408,19,0,118,23,141
1592,291,408,19,0,94,23,117
901,242,408,19,0,143,23,166
852,266,408,19,0,119,23,142
501,269,408,19,0,116,23,139
1673,241,408,19,0,144,23,167
45,228,408,19,0,157,23,180
903,237,408,19,0,148,23,171
1619,208,408,19,0,177,23,200
587,225,408,19,0,160,23,183
1671,70,408,19,0,315,23,338
292,284,408,19,0,101,23,124
1604,165,408,19,0,220,23,243
365,271,408,19,0,114,23,137
1549,278,408,19,0,107,23,130
1672,260,408,19,0,125,23,148
377,281,408,19,0,104,23,127
355,250,408,19,0,135,23,158
902,225,408,19,0,160,23,183
801,287,411,19,0,99,25,124
110,291,411,2,0,108,12,120
1612,272,411,2,0,126,13,139
1356,300,411,2,0,98,13,111
535,229,411,19,0,158,24,182
1695,286,411,2,0,112,13,125
1267,293,411,2,0,105,13,118
162,252,411,19,0,134,25,159
1369,268,411,2,0,131,12,143
259,226,411,19,0,160,25,185
1111,280,411,2,0,118,13,131
122,264,411,19,0,124,23,147
384,300,411,19,0,86,25,111
1421,259,411,2,0,139,13,152
1311,251,411,2,0,148,12,160
1696,220,411,2,0,178,13,191
699,213,411,2,0,186,12,198
406,270,411,19,0,116,25,141
1519,231,411,19,0,155,25,180
1674,294,411,19,0,92,25,117
364,283,411,19,0,104,24,128
176,241,411,2,0,157,13,170
851,281,411,19,0,105,25,130
1363,233,411,2,0,165,13,178
1640,246,411,19,0,141,24,165
502,225,411,19,0,163,23,186
1610,240,411,2,0,159,12,171
855,294,411,19,0,93,24,117
765,95,411,19,0,291,25,316
44,254,411,2,0,144,13,157
1106,295,411,2,0,103,13,116
871,289,411,2,0,109,13,122
124,268,411,19,0,119,24,143
1296,266,411,19,0,120,25,145
123,186,411,19,0,201,24,225
1015,283,411,2,0,116,12,128
1447,211,411,2,0,187,13,200
1605,218,411,19,0,168,25,193
51,241,411,19,0,145,25,170
17,246,411,2,0,152,13,165
1348,243,418,14,0,151,24,175
297,151,418,14,0,243,24,267
37,127,418,14,0,267,24,291
1175,218,418,14,0,176,24,200
596,229,418,14,0,165,24,189
1575,281,418,14,0,113,24,137
210,73,418,14,0,321,24,345
646,202,418,14,0,192,24,216
986,93,418,14,0,301,24,325
1629,105,418,14,0,289,24,313
1313,211,418,14,0,183,24,207
1312,166,418,14,0,228,24,252
585,260,418,14,0,134,24,158
125,245,418,14,0,149,24,173
24,141,418,14,0,253,24,277
437,230,418,14,0,164,24,188
584,192,418,14,0,202,24,226
436,283,418,14,0,111,24,135
638,225,418,14,0,169,24,193
1555,269,418,14,0,125,24,149
675,213,423,5,0,182,28,210
1031,260,423,5,0,134,29,163
994,284,423,5,0,109,30,139
681,206,423,5,0,187,30,217
428,251,423,3,0,163,9,172
1621,281,423,5,0,114,28,142
1462,155,423,5,0,238,30,268
818,226,423,5,0,167,30,197
700,193,423,3,0,221,9,230
758,247,423,5,0,146,30,176
944,266,423,5,0,127,30,157
516,160,423,3,0,254,9,263
1425,293,423,5,0,100,30,130
1046,240,423,5,0,153,30,183
650,234,423,5,0,160,29,189
980,292,423,5,0,102,29,131
74,299,423,5,0,98,26,124
408,224,423,3,0,190,9,199
55,245,423,5,0,151,27,178
103,195,423,5,0,199,29,228
1305,168,438,8,0,256,14,270
764,272,438,8,0,152,14,166
837,194,438,8,0,230,14,244
1475,298,438,8,0,125,15,140
1067,228,438,8,0,195,15,210
609,251,438,8,0,172,15,187
1538,207,438,8,0,216,15,231
410,192,438,8,0,231,15,246
1454,260,438,8,0,163,15,178
212,165,438,8,0,258,15,273
112,180,438,8,0,243,15,258
1086,296,438,8,0,127,15,142
469,280,438,8,0,143,15,158
839,287,438,8,0,136,15,151
785,201,438,8,0,222,15,237
1378,289,438,8,0,135,14,149
1001,235,438,8,0,188,15,203
836,249,438,8,0,175,14,189
677,222,438,8,0,202,14,216
113,289,438,8,0,134,15,149
962,105,445,13,0,322,18,340
807,153,445,13,0,274,18,292
250,180,445,13,0,247,18,265
325,279,445,13,0,148,18,166
1151,200,445,13,0,227,18,245
1590,135,445,13,0,292,18,310
327,238,445,13,0,189,18,207
1437,168,445,13,0,259,18,277
305,261,445,13,0,166,18,184
340,145,445,13,0,282,18,300
173,247,445,13,0,180,18,198
440,269,445,13,0,158,18,176
302,222,445,13,0,205,18,223
5,119,445,13,0,308,18,326
582,267,445,13,0,160,18,178
826,271,445,13,0,156,18,174
731,204,445,13,0,223,18,241
808,217,445,13,0,210,18,228
1435,263,445,13,0,164,18,182
1648,255,445,13,0,172,18,190
328,292,450,13,0,139,19,158
1414,299,450,13,0,132,19,151
1224,131,450,13,0,301,18,319
1438,285,450,13,0,146,19,165
404,263,450,13,0,168,19,187
683,215,450,13,0,216,19,235
1699,229,450,13,0,202,19,221
339,169,450,13,0,263,18,281
1334,271,450,13,0,161,18,179
1152,260,450,13,0,172,18,190
636,189,450,13,0,242,19,261
1265,161,450,13,0,270,19,289
168,111,450,13,0,320,19,339
581,255,450,13,0,176,19,195
317,148,450,13,0,285,17,302
794,278,450,13,0,153,19,172
550,135,450,13,0,296,19,315
909,221,450,13,0,211,18,229
1273,267,450,13,0,164,19,183
1235,288,450,13,0,144,18,162
841,230,460,8,0,200,30,230
29,186,460,6,0,263,11,274
1300,292,460,7,0,148,20,168
334,297,460,8,0,133,30,163
1299,283,460,7,0,158,19,177
190,273,460,7,0,167,20,187
950,259,460,8,0,173,28,201
82,259,460,7,0,183,18,201
468,205,460,7,0,236,19,255
1304,188,460,8,0,242,30,272
1298,156,460,7,0,284,20,304
307,285,460,7,0,155,20,175
270,296,460,7,0,144,20,164
224,295,460,8,0,136,29,165
1132,299,460,8,0,134,27,161
1276,206,460,8,0,225,29,254
1213,285,460,8,0,145,30,175
291,292,460,7,0,149,19,168
379,229,460,7,0,211,20,231
234,291,460,7,0,152,17,169
450,147,463,1,0,298,18,316
41,277,463,1,0,171,15,186
380,198,463,1,0,248,17,265
1330,206,463,1,0,238,19,257
1614,279,463,1,0,165,19,184
330,264,463,1,0,180,19,199
138,248,463,1,0,197,18,215
1185,183,463,1,0,261,19,280
400,241,463,1,0,203,19,222
630,227,463,1,0,217,19,236
149,283,463,1,0,162,18,180
648,267,463,1,0,178,18,196
367,220,463,1,0,225,18,243
914,122,463,1,0,322,19,341
857,236,463,1,0,211,16,227
1601,253,463,1,0,191,19,210
1559,273,463,1,0,171,19,190
9,294,463,1,0,150,19,169
150,258,463,1,0,188,17,205
849,243,466,12,0,205,18,223
142,276,466,12,0,172,18,190
1051,282,466,12,0,166,18,184
859,297,466,12,0,151,18,169
672,273,466,12,0,175,18,193
850,229,466,12,0,219,18,237
405,293,466,13,0,146,27,173
773,271,466,12,0,177,18,195
1271,281,466,13,0,160,25,185
874,289,466,12,0,159,18,177
1303,239,466,13,0,201,26,227
359,236,466,12,0,212,18,230
203,136,466,12,0,312,18,330
1402,259,466,12,0,189,18,207
454,191,466,12,0,257,18,275
1567,172,466,12,0,276,18,294
692,264,466,13,0,175,27,202
1389,201,466,13,0,238,27,265
762,156,466,12,0,292,18,310
75,219,466,12,0,229,18,247
296,158,470,16,0,287,25,312
1088,127,470,16,0,318,25,343
1521,224,470,16,0,221,25,246
423,179,470,16,0,266,25,291
1533,189,470,16,0,256,25,281
1264,166,470,16,0,279,25,304
854,195,470,16,0,250,25,275
1537,269,470,16,0,176,25,201
1507,258,470,16,0,187,25,212
62,233,470,16,0,212,25,237
975,297,470,16,0,148,25,173
392,178,470,16,0,267,25,292
425,262,470,16,0,183,25,208
144,108,470,16,0,337,25,362
601,256,470,16,0,189,25,214
1382,259,470,16,0,186,25,211
8,204,470,16,0,241,25,266
767,149,470,16,0,296,25,321
1247,249,470,16,0,196,25,221
143,240,470,16,0,205,25,230
642,268,488,11,0,204,16,220
984,173,488,11,0,299,16,315
959,260,488,11,0,212,16,228
1503,278,488,11,0,194,16,210
35,265,488,11,0,207,16,223
508,163,488,11,0,309,16,325
23,168,488,11,0,305,15,320
1501,298,488,11,0,174,16,190
565,242,488,11,0,230,16,246
1250,220,488,11,0,252,16,268
1541,202,488,11,0,270,16,286
937,139,488,11,0,334,15,349
1251,190,488,11,0,282,16,298
643,132,488,11,0,340,16,356
1502,291,488,11,0,181,16,197
1490,253,488,11,0,219,16,235
299,288,488,11,0,184,16,200
541,282,488,11,0,190,16,206
509,185,488,11,0,287,16,303
1489,152,488,11,0,320,16,336
1037,285,489,9,0,190,14,204
1665,206,489,9,0,269,14,283
1277,293,489,9,0,181,15,196
603,256,489,9,0,218,15,233
1010,282,489,9,0,192,15,207
1274,268,489,9,0,207,14,221
519,169,489,9,0,305,15,320
127,261,489,9,0,213,15,228
119,275,489,9,0,199,15,214
1140,246,489,9,0,228,15,243
98,228,489,9,0,247,14,261
1664,252,489,9,0,223,14,237
1401,226,489,9,0,248,15,263
885,294,489,9,0,180,15,195
1275,209,489,9,0,265,15,280
1494,235,489,9,0,239,15,254
1663,188,489,9,0,286,15,301
1021,172,489,9,0,303,14,317
1161,176,489,9,0,298,15,313
1103,291,489,9,0,183,15,198
713,227,493,17,0,245,21,266
532,194,493,17,0,277,22,299
667,227,493,17,0,244,22,266
283,269,493,17,0,203,21,224
1352,277,493,17,0,194,22,216
920,258,493,17,0,213,22,235
715,272,493,17,0,199,22,221
160,212,493,17,0,259,22,281
711,178,493,17,0,293,22,315
171,283,493,17,0,188,22,210
778,295,493,17,0,176,22,198
712,207,493,17,0,265,21,286
1495,288,493,17,0,183,22,205
725,218,493,17,0,253,22,275
659,174,493,17,0,298,21,319
896,284,493,17,0,187,22,209
660,162,493,17,0,309,22,331
992,265,493,17,0,206,22,228
491,246,493,17,0,225,22,247
158,253,493,17,0,219,21,240
370,256,514,2,0,243,15,258
614,243,514,2,0,257,14,271
879,293,514,2,0,207,14,221
771,288,514,2,0,211,15,226
206,275,514,2,0,226,13,239
1634,297,514,2,0,202,15,217
178,223,514,2,0,276,15,291
724,276,520,6,0,209,35,244
1576,268,520,6,0,219,33,252
1643,292,520,9,0,187,41,228
781,182,520,9,0,296,42,338
284,287,520,6,0,199,34,233
750,295,520,6,0,193,32,225
886,240,520,9,0,238,42,280
719,290,520,3,0,217,13,230
390,186,520,3,0,321,13,334
685,278,520,9,0,200,42,242
1262,239,520,6,0,247,34,281
118,293,520,9,0,185,42,227
788,281,520,3,0,226,13,239
1461,221,520,9,0,258,41,299
1688,292,520,6,0,193,35,228
1230,245,520,3,0,262,13,275
1667,258,520,9,0,222,40,262
186,266,520,3,0,241,13,254
347,259,520,6,0,226,35,261
1261,214,520,6,0,271,35,306
240,197,531,18,0,307,27,334
576,251,531,18,0,252,28,280
1652,226,531,18,0,277,28,305
782,284,531,18,0,219,28,247
1417,239,531,18,0,264,28,292
278,280,531,18,0,223,28,251
1527,212,531,18,0,291,28,319
577,217,531,18,0,287,27,314
256,282,531,18,0,222,27,249
1418,270,531,18,0,234,27,261
1681,293,531,18,0,210,28,238
1574,226,531,18,0,278,27,305
1195,223,531,18,0,280,28,308
147,273,531,18,0,230,28,258
1480,246,531,18,0,258,27,285
94,202,531,18,0,301,28,329
452,227,531,18,0,276,28,304
239,298,531,18,0,206,27,233
1651,191,531,18,0,312,28,340
1202,267,531,18,0,236,28,264
407,293,535,3,0,230,12,242
1433,287,535,3,0,237,11,248
608,275,535,3,0,247,13,260
429,296,535,3,0,226,13,239
1704,292,535,3,0,230,13,243
1707,266,535,3,0,257,12,269
1028,203,535,3,0,319,13,332
431,297,535,3,0,228,10,238
184,241,538,16,0,273,24,297
1526,278,538,18,0,227,33,260
183,286,538,16,0,228,24,252
1246,226,538,16,0,288,24,312
148,288,538,18,0,218,32,250
1547,139,538,16,0,376,23,399
182,152,538,16,0,362,24,386
1182,206,538,18,0,299,33,332
483,254,538,18,0,253,31,284
1646,118,538,16,0,396,24,420
61,211,538,16,0,304,23,327
1508,199,538,16,0,315,24,339
1532,175,538,16,0,339,24,363
300,230,538,18,0,275,33,308
236,223,538,18,0,283,32,315
391,188,538,16,0,326,24,350
1645,257,538,16,0,257,24,281
1244,178,538,16,0,337,23,360
426,252,538,16,0,263,23,286
652,259,538,16,0,255,24,279
1288,132,557,15,0,406,19,425
1153,289,557,15,0,249,19,268
1658,248,557,15,0,291,18,309
1525,121,557,15,0,418,18,436
884,238,557,19,0,286,33,319
1119,278,557,15,0,260,19,279
252,255,557,15,0,283,19,302
413,203,557,15,0,335,19,354
793,191,557,15,0,347,19,366
200,276,557,19,0,249,32,281
1370,290,557,15,0,248,19,267
1602,237,557,15,0,301,19,320
1656,218,557,15,0,321,18,339
262,270,557,15,0,268,19,287
383,291,557,19,0,233,33,266
1050,165,557,15,0,373,19,392
251,282,557,15,0,256,19,275
1325,88,557,15,0,450,19,469
1603,183,557,15,0,356,18,374
512,222,557,15,0,316,19,335
1154,272,569,15,0,276,21,297
533,217,569,17,0,301,51,352
1410,284,569,17,0,233,52,285
1245,191,569,16,0,340,38,378
534,259,569,17,0,260,50,310
445,162,569,16,0,368,39,407
1074,275,569,17,0,242,52,294
775,225,569,15,0,323,21,344
1365,263,569,16,0,267,39,306
1302,186,569,17,0,331,52,383
492,293,569,17,0,224,52,276
1670,149,569,15,0,399,21,420
159,296,569,17,0,222,51,273
930,259,569,16,0,273,37,310
1174,241,569,17,0,276,52,328
1524,287,569,15,0,261,21,282
490,284,569,17,0,236,49,285
1536,234,569,16,0,296,39,335
1409,277,569,17,0,241,51,292
1187,300,569,16,0,231,38,269
1076,282,606,12,0,292,32,324
936,187,606,11,0,404,15,419
1543,244,606,11,0,347,15,362
474,289,606,12,0,283,34,317
414,289,606,15,0,275,42,317
1491,227,606,12,0,345,34,379
329,291,606,12,0,282,33,315
1172,144,606,12,0,428,34,462
1221,269,606,12,0,303,34,337
562,157,606,11,0,434,15,449
769,262,606,11,0,329,15,344
1597,230,606,12,0,343,33,376
1662,275,606,12,0,297,34,331
141,271,606,12,0,302,33,335
1523,209,606,11,0,382,15,397
620,207,606,12,0,367,32,399
1041,246,606,12,0,329,31,360
624,176,606,12,0,396,34,430
969,242,606,12,0,330,34,364
1220,160,606,12,0,413,33,446
22,282,616,11,0,313,21,334
258,276,616,11,0,320,20,340
1659,280,616,15,0,283,53,336
498,261,616,15,0,303,52,355
1248,276,616,14,0,299,41,340
1282,235,616,14,0,340,41,381
1639,198,616,11,0,398,20,418
260,229,616,11,0,366,21,387
153,290,616,14,0,285,41,326
1125,289,616,11,0,306,21,327
990,157,616,14,0,418,41,459
381,267,616,11,0,328,21,349
1121,298,616,14,0,277,41,318
1257,213,616,14,0,362,41,403
1593,193,616,15,0,370,53,423
905,182,616,11,0,413,21,434
1669,295,616,15,0,268,53,321
1165,195,616,14,0,381,40,421
670,292,616,14,0,284,40,324
1528,98,616,14,0,477,41,518
219,106,620,10,0,492,22,514
593,229,620,14,0,347,44,391
591,282,620,14,0,293,45,338
927,182,620,14,0,393,45,438
1249,259,620,14,0,318,43,361
1178,285,620,14,0,291,44,335
446,294,620,14,0,281,45,326
1465,125,620,14,0,450,45,495
38,219,620,14,0,356,45,401
59,209,620,10,0,389,22,411
319,291,620,14,0,284,45,329
1530,286,620,14,0,289,45,334
881,244,620,14,0,331,45,376
647,131,620,14,0,445,44,489
529,147,620,14,0,428,45,473
1164,229,620,14,0,346,45,391
528,88,620,14,0,487,45,532
154,268,620,14,0,307,45,352
192,175,620,10,0,423,22,445
1239,205,620,14,0,370,45,415
1123,146,638,10,0,468,24,492
829,251,638,10,0,364,23,387
1159,288,638,10,0,326,24,350
265,273,638,10,0,342,23,365
47,224,638,10,0,392,22,414
32,218,638,10,0,396,24,420
566,253,638,10,0,361,24,385
1314,197,638,10,0,418,23,441
1641,259,638,11,0,350,29,379
257,295,638,11,0,314,29,343
1599,263,638,10,0,351,24,375
1598,283,638,10,0,333,22,355
895,300,638,10,0,318,20,338
708,277,638,10,0,337,24,361
477,254,638,10,0,363,21,384
481,246,638,10,0,368,24,392
1542,286,638,11,0,324,28,352
244,288,638,10,0,327,23,350
480,295,638,10,0,319,24,343
