613,19,48,2,0,9,20,29
634,38,48,1,0,1,9,10
167,30,48,2,0,1,17,18
741,16,48,2,0,14,18,32
912,33,48,1,0,7,8,15
522,22,48,1,0,17,9,26
378,43,48,1,0,1,4,5
1129,2,48,6,0,9,37,46
664,12,48,2,0,17,19,36
611,15,48,3,0,4,29,33
287,15,48,2,0,13,20,33
1181,8,48,2,0,20,20,40
807,31,48,1,0,7,10,17
615,17,48,1,0,21,10,31
448,19,57,11,0,9,29,38
22,19,57,12,0,1,37,38
458,31,57,11,0,1,25,26
284,9,59,7,0,5,45,50
405,37,59,6,0,1,21,22
731,26,59,6,0,8,25,33
42,26,59,5,0,19,14,33
714,22,59,6,0,11,26,37
318,38,59,5,0,7,14,21
1091,29,59,7,0,1,29,30
250,28,59,5,0,18,13,31
746,3,59,7,0,10,46,56
399,44,59,5,0,3,12,15
461,9,59,7,0,4,46,50
420,37,60,3,0,7,16,23
755,42,60,3,0,3,15,18
151,27,60,4,0,1,32,33
319,20,60,4,0,5,35,40
754,70,77,3,0,1,6,7
121,60,77,3,0,10,7,17
1027,61,77,3,0,10,6,16
974,67,77,3,0,3,7,10
610,61,77,3,0,9,7,16
1067,43,81,2,0,17,21,38
699,12,81,10,0,11,58,69
337,19,81,10,0,5,57,62
137,58,81,2,0,1,22,23
444,15,81,10,0,7,59,66
36,68,81,2,0,1,12,13
394,37,81,2,0,22,22,44
170,6,81,12,0,10,65,75
382,74,81,1,0,1,6,7
666,64,81,2,0,1,16,17
1078,11,81,10,0,11,59,70
110,31,81,10,0,1,49,50
519,1,81,12,0,14,66,80
164,9,83,15,0,37,37,74
218,29,83,17,0,3,51,54
1114,9,83,16,0,32,42,74
331,33,83,14,0,23,27,50
1010,24,83,16,0,18,41,59
603,16,83,14,0,40,27,67
298,6,83,17,0,26,51,77
177,6,83,13,0,57,20,77
845,31,83,14,0,26,26,52
1147,20,83,17,0,12,51,63
80,13,83,17,0,20,50,70
552,57,83,14,0,2,24,26
1036,23,83,13,0,40,20,60
1097,35,83,17,0,1,47,48
1090,37,83,14,0,19,27,46
1117,40,83,15,0,6,37,43
526,20,83,17,0,14,49,63
1126,60,83,14,0,1,22,23
377,37,83,15,0,10,36,46
144,33,83,14,0,25,25,50
932,15,108,19,0,60,33,93
921,74,108,19,0,2,32,34
361,43,108,18,0,38,27,65
857,60,108,19,0,17,31,48
908,29,108,18,0,50,29,79
899,76,108,18,0,3,29,32
812,51,108,19,0,24,33,57
624,35,108,19,0,41,32,73
371,33,108,18,0,47,28,75
11,7,108,19,0,67,34,101
357,45,108,18,0,35,28,63
1168,72,108,19,0,2,34,36
684,42,108,19,0,32,34,66
856,68,108,19,0,6,34,40
918,19,108,19,0,55,34,89
290,44,108,18,0,35,29,64
122,38,108,18,0,41,29,70
272,51,108,19,0,23,34,57
482,60,108,18,0,19,29,48
480,70,108,19,0,5,33,38
119,74,114,2,0,18,22,40
288,90,114,2,0,4,20,24
490,92,114,2,0,3,19,22
51,65,114,3,0,7,42,49
1006,78,114,3,0,1,35,36
596,90,114,2,0,2,22,24
962,99,114,2,0,1,14,15
131,87,114,3,0,1,26,27
248,89,114,3,0,1,24,25
491,90,114,2,0,3,21,24
991,94,114,1,0,14,6,20
413,86,114,2,0,6,22,28
720,87,114,3,0,2,25,27
213,77,114,2,0,16,21,37
94,117,125,1,0,1,7,8
115,120,125,1,0,1,4,5
326,78,125,19,0,6,41,47
738,100,125,1,0,8,17,25
832,94,125,1,0,14,17,31
315,109,125,1,0,1,15,16
517,94,125,1,0,13,18,31
1062,81,125,1,0,26,18,44
57,84,125,19,0,1,40,41
989,98,125,1,0,9,18,27
108,102,125,1,0,5,18,23
25,70,126,7,0,24,32,56
797,113,126,5,0,1,12,13
693,110,126,5,0,3,13,16
211,74,126,4,0,43,9,52
1132,57,126,7,0,37,32,69
470,99,126,6,0,2,25,27
451,58,126,7,0,37,31,68
41,65,126,5,0,45,16,61
1134,76,126,7,0,18,32,50
1128,56,126,5,0,55,15,70
804,80,126,5,0,32,14,46
849,80,126,5,0,30,16,46
439,65,126,6,0,36,25,61
587,60,126,6,0,42,24,66
220,95,126,7,0,1,30,31
406,49,126,6,0,52,25,77
476,53,126,5,0,57,16,73
984,91,126,5,0,20,15,35
1100,35,126,7,0,59,32,91
705,80,126,6,0,23,23,46
993,66,133,11,0,31,36,67
17,71,133,11,0,26,36,62
468,82,133,10,0,32,19,51
513,74,133,11,0,24,35,59
8,80,133,11,0,17,36,53
1140,40,133,11,0,57,36,93
1105,104,133,11,0,1,28,29
879,67,133,11,0,32,34,66
338,97,133,10,0,17,19,36
555,85,133,10,0,29,19,48
860,76,133,10,0,39,18,57
251,61,133,11,0,37,35,72
941,95,133,11,0,3,35,38
171,111,133,11,0,1,21,22
1030,105,133,10,0,9,19,28
1156,102,133,11,0,1,30,31
16,81,133,11,0,19,33,52
1029,73,133,10,0,41,19,60
432,104,133,11,0,2,27,29
854,85,133,11,0,12,36,48
393,122,139,4,0,4,13,17
953,109,139,4,0,18,12,30
890,45,139,7,0,50,44,94
1179,71,139,7,0,24,44,68
201,86,139,4,0,40,13,53
1133,78,139,7,0,18,43,61
320,111,139,4,0,15,13,28
219,97,139,7,0,1,41,42
100,120,139,5,0,1,18,19
712,108,139,4,0,18,13,31
968,110,139,4,0,16,13,29
886,105,139,7,0,1,33,34
502,108,139,6,0,2,29,31
268,83,139,4,0,43,13,56
129,89,139,4,0,38,12,50
564,108,139,6,0,3,28,31
794,92,139,4,0,34,13,47
1,79,139,4,0,48,12,60
309,111,139,6,0,1,27,28
967,75,139,4,0,51,13,64
841,99,151,12,0,36,16,52
817,85,151,12,0,48,18,66
599,114,151,8,0,16,21,37
71,101,151,12,0,31,19,50
595,103,151,8,0,26,22,48
46,127,151,7,0,13,11,24
99,64,151,8,0,67,20,87
78,53,151,8,0,77,21,98
863,91,151,12,0,41,19,60
1044,106,151,12,0,26,19,45
983,105,151,12,0,27,19,46
760,128,151,7,0,10,13,23
520,127,151,12,0,5,19,24
19,56,151,12,0,76,19,95
668,44,151,12,0,89,18,107
752,107,151,12,0,26,18,44
426,139,151,7,0,2,10,12
795,133,151,8,0,1,17,18
818,35,151,12,0,97,19,116
1163,96,151,8,0,33,22,55
1069,52,151,8,0,77,22,99
449,112,151,7,0,26,13,39
1054,119,151,7,0,19,13,32
545,125,151,12,0,8,18,26
302,131,151,12,0,3,17,20
161,46,151,12,0,86,19,105
618,110,151,12,0,22,19,41
577,54,151,8,0,75,22,97
674,134,151,8,0,2,15,17
521,116,151,7,0,23,12,35
880,101,151,12,0,32,18,50
954,48,151,12,0,86,17,103
737,133,151,8,0,2,16,18
222,101,151,8,0,28,22,50
175,133,151,12,0,2,16,18
72,105,151,12,0,29,17,46
722,116,151,12,0,16,19,35
897,102,151,8,0,30,19,49
1109,126,151,8,0,3,22,25
1009,98,151,8,0,32,21,53
353,111,166,2,0,48,7,55
136,153,166,2,0,7,6,13
665,148,166,2,0,11,7,18
915,142,166,2,0,20,4,24
742,140,166,2,0,18,8,26
1079,152,166,2,0,6,8,14
436,111,166,2,0,47,8,55
814,132,166,2,0,26,8,34
341,114,166,2,0,46,6,52
740,122,166,2,0,37,7,44
40,120,166,2,0,38,8,46
789,117,166,2,0,41,8,49
495,109,166,2,0,49,8,57
598,122,166,2,0,36,8,44
986,138,166,2,0,21,7,28
168,114,166,2,0,44,8,52
1112,145,166,2,0,13,8,21
391,117,166,2,0,44,5,49
676,122,166,2,0,38,6,44
815,114,166,2,0,45,7,52
282,38,167,9,0,102,27,129
38,66,167,9,0,75,26,101
310,138,167,8,0,14,15,29
138,144,167,9,0,2,21,23
810,143,167,9,0,1,23,24
356,133,167,9,0,7,27,34
1048,136,167,8,0,15,16,31
1118,143,167,9,0,2,22,24
1123,69,167,9,0,71,27,98
278,127,167,9,0,15,25,40
61,6,167,9,0,134,27,161
530,123,167,9,0,17,27,44
454,11,167,9,0,129,27,156
27,120,167,9,0,20,27,47
398,151,167,8,0,1,15,16
809,29,167,9,0,113,25,138
313,106,167,9,0,37,24,61
667,140,167,8,0,11,16,27
823,9,167,9,0,132,26,158
385,120,167,9,0,21,26,47
909,93,177,18,0,61,23,84
275,83,177,18,0,72,22,94
367,91,177,18,0,63,23,86
688,100,177,18,0,54,23,77
616,91,177,18,0,64,22,86
363,129,177,18,0,25,23,48
900,144,177,18,0,10,23,33
358,120,177,18,0,34,23,57
455,141,177,18,0,13,23,36
227,141,177,18,0,15,21,36
368,61,177,18,0,93,23,116
113,88,177,18,0,68,21,89
606,86,177,18,0,68,23,91
605,110,177,18,0,46,21,67
906,100,177,18,0,55,22,77
483,145,177,18,0,10,22,32
692,100,177,18,0,54,23,77
689,113,177,18,0,41,23,64
364,119,177,18,0,36,22,58
230,132,177,18,0,23,22,45
481,161,194,18,0,1,32,33
296,167,194,17,0,6,21,27
1087,76,194,17,0,98,20,118
1150,86,194,17,0,87,21,108
761,100,194,17,0,73,21,94
362,165,194,18,0,1,28,29
253,136,194,17,0,37,21,58
628,128,194,17,0,45,21,66
419,97,194,18,0,61,36,97
407,140,194,17,0,34,20,54
858,161,194,18,0,2,31,33
525,90,194,17,0,83,21,104
344,145,194,17,0,28,21,49
776,108,194,17,0,65,21,86
293,91,194,17,0,83,20,103
675,123,194,18,0,36,35,71
299,140,194,17,0,33,21,54
800,122,194,17,0,52,20,72
297,159,194,17,0,14,21,35
871,71,194,17,0,102,21,123
645,148,197,6,0,32,17,49
769,122,197,6,0,59,16,75
243,122,197,6,0,58,17,75
1046,136,197,5,0,49,12,61
935,181,197,6,0,1,15,16
261,172,197,6,0,8,17,25
790,142,197,6,0,38,17,55
1089,168,197,6,0,13,16,29
957,180,197,6,0,1,16,17
330,177,197,6,0,3,17,20
1130,147,197,6,0,34,16,50
562,138,197,6,0,44,15,59
565,163,197,6,0,17,17,34
231,151,197,6,0,30,16,46
586,148,197,6,0,35,14,49
44,124,197,5,0,61,12,73
728,149,197,6,0,31,17,48
501,162,197,6,0,20,15,35
380,120,197,6,0,60,17,77
768,153,197,6,0,27,17,44
325,112,201,19,0,64,25,89
1167,108,201,19,0,67,26,93
333,169,201,19,0,6,26,32
922,90,201,19,0,85,26,111
352,171,201,19,0,5,25,30
58,91,201,19,0,85,25,110
327,153,201,19,0,23,25,48
1178,143,201,19,0,32,26,58
242,131,201,19,0,44,26,70
273,112,201,19,0,63,26,89
425,122,201,19,0,53,26,79
839,138,201,19,0,37,26,63
840,134,201,19,0,43,24,67
173,168,201,19,0,7,26,33
919,126,201,19,0,50,25,75
1165,106,201,19,0,71,24,95
1177,142,201,19,0,34,25,59
1099,93,201,19,0,82,26,108
1064,168,201,19,0,9,24,33
172,152,201,19,0,23,26,49
204,173,208,3,0,1,34,35
312,117,208,3,0,47,44,91
496,175,208,2,0,5,28,33
883,154,208,3,0,11,43,54
648,143,208,1,0,55,10,65
965,131,208,3,0,33,44,77
1007,117,208,3,0,49,42,91
414,161,208,3,0,3,44,47
572,111,208,3,0,53,44,97
390,194,208,2,0,1,13,14
597,168,208,2,0,11,29,40
966,167,208,3,0,1,40,41
518,136,208,1,0,62,10,72
473,189,208,2,0,1,18,19
568,115,208,3,0,50,43,93
1141,161,208,3,0,6,41,47
833,125,208,1,0,73,10,83
1001,168,208,2,0,10,30,40
813,175,208,2,0,3,30,33
1066,163,208,2,0,15,30,45
73,96,221,16,0,106,19,125
148,198,221,16,0,3,20,23
835,78,221,16,0,123,20,143
442,46,221,16,0,156,19,175
1021,194,221,16,0,9,18,27
620,113,221,16,0,88,20,108
507,126,221,16,0,77,18,95
774,198,221,16,0,4,19,23
834,45,221,16,0,156,20,176
751,167,221,16,0,35,19,54
868,125,221,16,0,76,20,96
396,122,221,16,0,80,19,99
384,182,221,16,0,19,20,39
1018,127,221,16,0,74,20,94
203,47,221,16,0,154,20,174
1170,138,221,16,0,64,19,83
822,141,221,16,0,60,20,80
416,154,221,16,0,47,20,67
773,54,221,16,0,149,18,167
443,101,221,16,0,100,20,120
1120,186,227,5,0,24,17,41
763,205,227,5,0,5,17,22
680,161,227,5,0,50,16,66
486,205,227,5,0,7,15,22
803,146,227,5,0,65,16,81
872,152,227,5,0,59,16,75
180,176,227,5,0,34,17,51
1084,198,227,5,0,15,14,29
1085,151,227,5,0,61,15,76
938,189,227,5,0,22,16,38
132,84,227,4,0,132,11,143
1047,151,227,5,0,59,17,76
179,126,227,5,0,84,17,101
339,203,227,5,0,7,17,24
850,177,227,5,0,35,15,50
694,203,227,5,0,8,16,24
43,159,227,5,0,51,17,68
101,152,227,5,0,58,17,75
743,146,227,5,0,64,17,81
937,195,227,5,0,15,17,32
29,185,234,18,0,15,34,49
523,88,234,17,0,120,26,146
1095,177,234,19,0,14,43,57
83,185,234,19,0,6,43,49
60,204,234,18,0,1,29,30
245,132,234,17,0,76,26,102
917,172,234,17,0,36,26,62
274,193,234,18,0,6,35,41
607,193,234,18,0,5,36,41
424,151,234,19,0,41,42,83
1175,115,234,19,0,76,43,119
1093,182,234,19,0,11,41,52
1176,186,234,19,0,6,42,48
59,180,234,18,0,19,35,54
1065,186,234,19,0,5,43,48
905,151,234,17,0,57,26,83
372,191,234,18,0,7,36,43
418,180,234,18,0,18,36,54
656,175,234,17,0,33,26,59
114,175,234,18,0,23,36,59
1052,195,238,11,0,25,18,43
924,173,238,11,0,45,20,65
591,154,238,11,0,65,19,84
512,182,238,11,0,35,21,56
994,223,238,11,0,1,14,15
340,163,238,11,0,53,22,75
847,151,238,11,0,65,22,87
1106,215,238,11,0,1,22,23
447,147,238,11,0,69,22,91
1155,174,238,11,0,42,22,64
1159,172,238,11,0,44,22,66
263,142,238,11,0,76,20,96
349,167,238,11,0,50,21,71
397,198,238,11,0,18,22,40
431,150,238,11,0,67,21,88
206,211,238,11,0,6,21,27
446,184,238,11,0,32,22,54
878,136,238,11,0,80,22,102
533,123,238,11,0,94,21,115
925,117,238,11,0,99,22,121
238,174,244,8,0,51,19,70
456,201,244,8,0,23,20,43
911,158,244,7,0,72,14,86
936,162,244,8,0,64,18,82
1008,141,244,8,0,83,20,103
105,212,244,8,0,13,19,32
594,212,244,8,0,12,20,32
1013,224,244,8,0,1,19,20
452,183,244,8,0,41,20,61
271,177,244,8,0,50,17,67
898,152,244,8,0,73,19,92
736,224,244,8,0,2,18,20
600,160,244,8,0,64,20,84
622,146,244,7,0,84,14,98
805,188,244,8,0,37,19,56
926,213,244,8,0,15,16,31
527,174,244,8,0,50,20,70
453,189,244,8,0,35,20,55
77,197,244,8,0,29,18,47
1164,164,244,8,0,60,20,80
149,217,251,5,0,1,33,34
152,216,251,4,0,23,12,35
681,156,251,5,0,57,38,95
963,212,251,4,0,27,12,39
709,199,251,4,0,40,12,52
700,164,251,4,0,75,12,87
985,211,251,5,0,2,38,40
623,225,251,5,0,1,25,26
1119,220,251,5,0,1,30,31
285,220,251,5,0,2,29,31
10,195,251,4,0,44,12,56
711,183,251,4,0,56,12,68
475,226,251,5,0,1,24,25
9,137,251,4,0,102,12,114
725,113,251,4,0,126,12,138
102,221,251,5,0,2,28,30
392,176,251,4,0,63,12,75
477,226,251,5,0,2,23,25
999,224,251,5,0,1,26,27
153,95,251,4,0,144,12,156
695,207,260,9,0,38,15,53
146,189,260,9,0,57,14,71
687,205,260,9,0,40,15,55
783,184,260,9,0,61,15,76
589,199,260,9,0,47,14,61
66,174,260,9,0,71,15,86
314,213,260,9,0,32,15,47
65,163,260,9,0,83,14,97
498,162,260,9,0,83,15,98
686,199,260,9,0,46,15,61
147,221,260,9,0,24,15,39
748,195,260,9,0,50,15,65
787,234,260,9,0,11,15,26
532,208,260,9,0,37,15,52
485,225,260,9,0,20,15,35
578,175,260,9,0,71,14,85
26,177,260,9,0,68,15,83
434,189,260,9,0,56,15,71
579,242,260,9,0,3,15,18
724,164,260,9,0,81,15,96
28,204,261,13,0,41,16,57
801,179,261,13,0,66,16,82
802,111,261,13,0,134,16,150
757,149,261,13,0,96,16,112
567,185,261,13,0,60,16,76
1004,15,261,13,0,230,16,246
429,135,261,13,0,110,16,126
355,72,261,13,0,173,16,189
972,101,261,13,0,144,16,160
64,192,261,13,0,53,16,69
125,140,261,13,0,105,16,121
124,125,261,13,0,120,16,136
1137,199,261,13,0,46,16,62
1005,166,261,13,0,79,16,95
1033,97,261,13,0,148,16,164
176,220,261,13,0,25,16,41
294,35,261,13,0,210,16,226
539,167,261,13,0,78,16,94
758,76,261,13,0,169,16,185
103,160,261,13,0,85,16,101
70,138,268,1,0,119,11,130
990,215,268,1,0,41,12,53
48,219,268,1,0,37,12,49
109,147,268,1,0,109,12,121
659,171,268,1,0,85,12,97
321,196,268,1,0,60,12,72
189,203,268,1,0,54,11,65
49,250,268,1,0,6,12,18
739,164,268,1,0,92,12,104
69,131,268,1,0,125,12,137
631,217,268,1,0,40,11,51
464,180,268,1,0,76,12,88
186,239,268,1,0,17,12,29
68,204,268,1,0,52,12,64
463,217,268,1,0,39,12,51
95,167,268,1,0,90,11,101
566,252,268,1,0,4,12,16
733,190,268,1,0,67,11,78
18,194,268,1,0,62,12,74
781,235,268,1,0,21,12,33
540,207,273,13,0,48,18,66
995,154,273,13,0,101,18,119
112,199,273,13,0,56,18,74
1034,76,273,13,0,179,18,197
123,167,273,13,0,88,18,106
767,228,273,13,0,27,18,45
1135,24,273,13,0,231,18,249
1037,45,273,13,0,211,17,228
307,124,273,13,0,131,18,149
1003,236,273,13,0,19,18,37
89,180,273,13,0,75,18,93
1110,172,273,13,0,84,17,101
91,237,273,13,0,18,18,36
88,143,273,13,0,113,17,130
875,224,273,13,0,31,18,49
316,139,273,13,0,116,18,134
1138,97,273,13,0,158,18,176
317,109,273,13,0,147,17,164
469,202,273,13,0,54,17,71
829,227,273,13,0,29,17,46
677,258,284,2,0,20,6,26
437,215,284,2,0,62,7,69
435,222,284,2,0,56,6,62
601,199,284,2,0,78,7,85
916,270,284,2,0,7,7,14
573,203,284,2,0,75,6,81
614,246,284,2,0,32,6,38
342,277,284,2,0,1,6,7
574,274,284,2,0,3,7,10
289,248,284,2,0,29,7,36
892,260,284,2,0,17,7,24
1024,211,284,2,0,66,7,73
788,219,284,2,0,58,7,65
831,225,284,2,0,52,7,59
1025,203,284,2,0,74,7,81
1012,256,284,2,0,21,7,28
827,211,284,2,0,67,6,73
895,241,284,2,0,36,7,43
472,268,284,2,0,9,7,16
855,269,284,2,0,9,6,15
727,223,285,6,0,51,11,62
563,243,285,6,0,30,12,42
958,228,285,6,0,45,12,57
200,233,285,6,0,41,11,52
644,257,285,6,0,17,11,28
379,173,285,6,0,100,12,112
165,260,285,6,0,13,12,25
791,251,285,6,0,22,12,34
649,217,285,6,0,56,12,68
440,226,285,6,0,47,12,59
640,185,285,6,0,89,11,100
50,211,285,6,0,62,12,74
500,212,285,6,0,62,11,73
551,219,285,6,0,54,12,66
771,271,285,6,0,3,11,14
191,194,285,6,0,79,12,91
259,242,285,6,0,31,12,43
190,242,285,6,0,32,11,43
192,263,285,6,0,10,12,22
713,237,285,6,0,36,12,48
465,164,292,13,0,95,33,128
1136,234,292,13,0,26,32,58
1068,142,292,12,0,127,23,150
104,95,292,13,0,164,33,197
267,257,292,13,0,2,33,35
901,257,292,13,0,3,32,35
210,188,292,12,0,81,23,104
654,197,292,12,0,72,23,95
1035,133,292,13,0,127,32,159
348,185,292,13,0,76,31,107
126,264,292,13,0,1,27,28
844,253,292,13,0,9,30,39
111,259,292,13,0,2,31,33
548,236,292,13,0,23,33,56
753,116,292,12,0,153,23,176
636,221,292,13,0,38,33,71
301,170,292,12,0,99,23,122
21,150,292,12,0,119,23,142
90,259,292,13,0,1,32,33
159,158,292,12,0,111,23,134
820,136,293,14,0,138,19,157
196,237,293,14,0,37,19,56
52,150,293,14,0,124,19,143
305,90,293,14,0,184,19,203
1125,77,293,14,0,197,19,216
1127,210,293,14,0,64,19,83
264,191,293,14,0,83,19,102
842,257,293,14,0,17,19,36
679,173,293,14,0,101,19,120
1151,106,293,14,0,168,19,187
127,186,293,14,0,88,19,107
553,220,293,14,0,54,19,73
715,231,293,14,0,43,19,62
716,255,293,14,0,19,19,38
195,165,293,14,0,109,19,128
194,198,293,14,0,76,19,95
265,227,293,14,0,47,19,66
653,232,293,14,0,42,19,61
873,125,293,14,0,149,19,168
93,102,293,14,0,172,19,191
710,184,305,14,0,101,20,121
535,99,305,14,0,187,19,206
198,223,305,14,0,63,19,82
1083,78,305,14,0,207,20,227
821,283,305,14,0,2,20,22
1161,215,305,14,0,70,20,90
874,266,305,14,0,19,20,39
1045,132,305,14,0,153,20,173
467,161,305,14,0,124,20,144
1081,277,305,14,0,8,20,28
798,190,305,14,0,96,19,115
843,236,305,14,0,49,20,69
536,256,305,14,0,29,20,49
92,228,305,14,0,57,20,77
1162,143,305,14,0,143,19,162
546,191,305,14,0,94,20,114
1080,252,305,14,0,34,19,53
5,273,305,14,0,12,20,32
239,265,305,14,0,20,20,40
281,102,305,14,0,183,20,203
257,282,314,7,0,19,13,32
401,176,314,7,0,126,12,138
346,293,314,7,0,9,12,21
1074,294,314,7,0,7,13,20
56,244,314,7,0,58,12,70
1075,291,314,7,0,10,13,23
1101,200,314,7,0,102,12,114
1070,264,314,7,0,37,13,50
183,262,314,7,0,40,12,52
816,182,314,7,0,119,13,132
404,218,314,7,0,83,13,96
1154,248,314,7,0,53,13,66
2,184,314,7,0,119,11,130
386,161,314,7,0,140,13,153
24,253,314,7,0,50,11,61
1121,241,314,7,0,60,13,73
215,258,314,7,0,43,13,56
47,276,314,7,0,25,13,38
976,193,314,7,0,108,13,121
403,279,314,7,0,23,12,35
450,269,315,7,0,29,17,46
1131,280,315,7,0,18,17,35
387,175,315,7,0,123,17,140
764,282,315,7,0,16,17,33
1122,176,315,7,0,122,17,139
869,196,315,7,0,102,17,119
1056,263,315,7,0,35,17,52
1180,276,315,7,0,22,17,39
45,243,315,7,0,55,17,72
400,207,315,7,0,91,17,108
216,279,315,7,0,19,17,36
1076,191,315,7,0,107,17,124
1055,182,315,7,0,116,17,133
283,237,315,7,0,61,17,78
1102,248,315,7,0,50,17,67
3,259,315,7,0,39,17,56
765,253,315,7,0,45,17,62
462,257,315,7,0,41,17,58
1053,156,315,7,0,142,17,159
1183,227,315,7,0,71,17,88
79,182,321,17,0,118,21,139
254,207,321,17,0,93,21,114
866,235,321,17,0,65,21,86
410,177,321,17,0,123,21,144
992,269,321,17,0,31,21,52
408,273,321,17,0,27,21,48
669,232,321,17,0,68,21,89
389,102,321,17,0,198,21,219
793,259,321,17,0,41,21,62
1086,245,321,17,0,55,21,76
838,237,321,17,0,63,21,84
1148,256,321,17,0,44,21,65
524,179,321,17,0,121,21,142
697,221,321,17,0,79,21,100
178,210,321,17,0,90,21,111
671,249,321,17,0,51,21,72
627,290,321,17,0,10,21,31
412,217,321,17,0,83,21,104
696,163,321,17,0,137,21,158
1149,278,321,17,0,22,21,43
133,231,333,4,0,94,8,102
202,213,333,4,0,111,9,120
181,253,333,4,0,71,9,80
882,288,333,4,0,37,8,45
701,111,333,4,0,213,9,222
351,256,333,4,0,68,9,77
951,248,333,4,0,78,7,85
182,284,333,4,0,40,9,49
950,259,333,4,0,66,8,74
759,175,333,4,0,150,8,158
808,295,333,4,0,29,9,38
726,259,333,4,0,65,9,74
643,198,333,4,0,126,9,135
970,221,333,4,0,103,9,112
642,242,333,4,0,82,9,91
224,147,333,4,0,177,9,186
735,284,333,4,0,40,9,49
997,181,333,4,0,143,9,152
830,270,333,4,0,54,9,63
350,234,333,4,0,90,9,99
249,144,340,17,0,173,23,196
332,181,340,17,0,138,21,159
217,237,340,17,0,80,23,103
0,297,340,17,0,20,23,43
904,234,340,17,0,84,22,106
952,215,340,17,0,102,23,125
134,253,340,17,0,65,22,87
343,208,340,17,0,110,22,132
246,299,340,17,0,19,22,41
657,174,340,17,0,144,22,166
629,200,340,17,0,117,23,140
867,269,340,17,0,48,23,71
135,249,340,17,0,68,23,91
670,295,340,17,0,24,21,45
543,288,340,17,0,29,23,52
987,256,340,17,0,61,23,84
630,277,340,17,0,41,22,63
1000,244,340,17,0,75,21,96
388,177,340,17,0,140,23,163
792,230,340,17,0,87,23,110
107,271,347,19,0,51,25,76
12,258,347,19,0,64,25,89
336,256,347,19,0,66,25,91
84,244,347,19,0,78,25,103
1107,196,347,19,0,126,25,151
655,283,347,19,0,39,25,64
334,225,347,19,0,97,25,122
571,246,347,19,0,76,25,101
1098,286,347,19,0,36,25,61
225,217,347,19,0,105,25,130
323,200,347,19,0,123,24,147
685,295,347,19,0,27,25,52
708,209,347,19,0,113,25,138
1108,203,347,19,0,119,25,144
877,261,347,19,0,61,25,86
85,219,347,19,0,103,25,128
729,296,347,19,0,26,25,51
226,274,347,19,0,48,25,73
324,290,347,19,0,32,25,57
1096,288,347,19,0,34,25,59
514,248,348,3,0,90,10,100
1174,241,348,4,0,84,23,107
824,205,348,3,0,133,10,143
635,256,348,4,0,69,23,92
569,201,348,3,0,137,10,147
1061,210,348,3,0,128,10,138
33,236,348,3,0,102,10,112
269,210,348,4,0,116,22,138
369,184,348,3,0,154,10,164
718,228,348,3,0,110,10,120
130,277,348,4,0,49,22,71
1142,274,348,3,0,64,10,74
592,192,348,4,0,133,23,156
581,268,348,4,0,57,23,80
969,220,348,4,0,105,23,128
1057,284,348,4,0,41,23,64
964,219,348,3,0,119,10,129
415,227,348,3,0,111,10,121
982,207,348,3,0,131,10,141
150,132,348,4,0,193,23,216
1158,205,361,12,0,136,20,156
208,257,361,12,0,84,20,104
35,252,361,12,0,90,19,109
493,220,361,12,0,122,19,141
34,142,361,12,0,200,19,219
158,178,361,12,0,163,20,183
207,158,361,12,0,183,20,203
20,292,361,12,0,49,20,69
160,277,361,12,0,64,20,84
174,253,361,12,0,88,20,108
1071,263,361,12,0,79,19,98
836,199,361,12,0,142,20,162
1002,236,361,12,0,105,20,125
235,235,361,12,0,106,20,126
300,192,361,12,0,150,19,169
612,226,361,12,0,115,20,135
209,235,361,12,0,107,19,126
837,141,361,12,0,200,20,220
881,267,361,12,0,74,20,94
619,248,361,12,0,93,20,113
786,195,366,9,0,154,17,171
484,243,366,9,0,108,15,123
777,253,366,9,0,96,17,113
588,236,366,9,0,113,17,130
433,202,366,9,0,149,15,164
277,284,366,9,0,65,17,82
782,250,366,9,0,100,16,116
37,229,366,9,0,121,16,137
988,256,366,9,0,93,17,110
531,273,366,9,0,76,17,93
747,223,366,9,0,126,17,143
723,259,366,9,0,90,17,107
75,182,366,9,0,168,16,184
139,247,366,9,0,102,17,119
661,256,366,9,0,94,16,110
365,210,366,9,0,139,17,156
772,205,366,9,0,144,17,161
306,275,366,9,0,75,16,91
497,167,366,9,0,182,17,199
549,207,366,9,0,143,16,159
570,223,367,19,0,114,30,144
663,218,367,18,0,122,27,149
593,236,367,18,0,104,27,131
652,273,367,19,0,62,32,94
106,213,367,19,0,123,31,154
1094,205,367,19,0,130,32,162
308,269,367,19,0,67,31,98
920,218,367,19,0,117,32,149
197,208,367,18,0,132,27,159
996,247,367,19,0,88,32,120
811,286,367,19,0,50,31,81
756,299,367,19,0,37,31,68
479,256,367,19,0,82,29,111
335,245,367,19,0,91,31,122
232,290,367,19,0,45,32,77
381,259,367,19,0,76,32,108
409,295,367,19,0,40,32,72
933,240,367,19,0,95,32,127
1166,284,367,19,0,51,32,83
971,276,367,19,0,61,30,91
660,287,371,1,0,73,11,84
1063,195,371,1,0,161,15,176
633,206,371,1,0,152,13,165
116,264,371,1,0,94,13,107
187,156,371,1,0,200,15,215
359,284,371,1,0,73,14,87
828,294,371,1,0,62,15,77
632,227,371,1,0,130,14,144
67,261,371,1,0,96,14,110
903,287,371,1,0,69,15,84
258,245,371,1,0,114,12,126
96,218,371,1,0,138,15,153
360,173,371,1,0,184,14,198
734,261,371,1,0,95,15,110
902,289,371,1,0,68,14,82
780,285,371,1,0,71,15,86
292,274,371,1,0,82,15,97
188,251,371,1,0,105,15,120
345,238,371,1,0,118,15,133
691,283,391,8,0,96,12,108
1111,231,391,8,0,147,13,160
233,256,391,8,0,122,13,135
62,289,391,9,0,71,31,102
76,270,391,9,0,88,33,121
806,237,391,8,0,142,12,154
329,243,391,8,0,137,11,148
510,287,391,8,0,91,13,104
494,247,391,8,0,132,12,144
221,262,391,8,0,116,13,129
554,295,391,8,0,83,13,96
223,242,391,8,0,136,13,149
576,292,391,8,0,87,12,99
749,217,391,9,0,141,33,174
270,288,391,8,0,90,13,103
511,244,391,8,0,134,13,147
641,269,391,8,0,110,12,122
236,277,391,8,0,101,13,114
23,254,391,9,0,105,32,137
690,280,391,8,0,98,13,111
1016,259,397,16,0,112,26,138
744,279,397,16,0,91,27,118
1019,283,397,16,0,88,26,114
417,299,397,16,0,71,27,98
1103,230,397,16,0,140,27,167
1020,222,397,16,0,149,26,175
775,255,397,16,0,115,27,142
13,284,397,16,0,86,27,113
538,248,397,16,0,122,27,149
621,148,397,16,0,223,26,249
383,258,397,16,0,112,27,139
14,204,397,16,0,166,27,193
508,267,397,16,0,103,27,130
375,111,397,16,0,259,27,286
1113,272,397,16,0,99,26,125
778,260,397,16,0,110,27,137
1011,272,397,16,0,98,27,125
185,216,397,16,0,154,27,181
1017,290,397,16,0,80,27,107
1171,253,397,16,0,118,26,144
162,277,399,3,0,102,20,122
32,204,399,3,0,174,21,195
981,220,399,3,0,158,21,179
120,210,399,3,0,169,20,189
214,290,399,2,0,98,11,109
560,297,399,2,0,91,11,102
354,266,399,2,0,122,11,133
422,214,399,3,0,163,22,185
961,206,399,2,0,182,11,193
1028,207,399,3,0,170,22,192
826,232,399,2,0,156,11,167
423,191,399,3,0,186,22,208
825,298,399,3,0,80,21,101
421,282,399,3,0,95,22,117
438,292,399,2,0,96,11,107
975,275,399,3,0,102,22,124
719,269,399,3,0,109,21,130
717,238,399,3,0,139,22,161
311,232,399,3,0,148,19,167
1060,227,399,3,0,150,22,172
503,226,404,10,0,161,17,178
707,134,404,10,0,251,19,270
541,159,404,10,0,227,18,245
861,197,404,10,0,188,19,207
1031,270,404,10,0,115,19,134
608,261,404,10,0,125,18,143
39,280,404,10,0,108,16,124
1022,251,404,10,0,134,19,153
609,206,408,10,0,176,26,202
247,166,408,10,0,216,26,242
1023,228,408,10,0,154,26,180
505,157,408,10,0,225,26,251
556,210,408,10,0,173,25,198
504,245,408,10,0,137,26,163
888,235,408,10,0,148,25,173
1077,254,408,10,0,128,26,154
870,146,408,10,0,237,25,262
542,103,408,10,0,279,26,305
698,259,408,10,0,124,25,149
859,86,408,10,0,297,25,322
87,270,408,10,0,112,26,138
97,259,408,10,0,123,26,149
515,82,408,10,0,300,26,326
516,263,408,10,0,119,26,145
907,187,408,10,0,195,26,221
706,224,408,10,0,158,26,184
487,142,408,10,0,240,26,266
887,176,408,10,0,207,25,232
762,277,421,6,0,121,23,144
199,228,421,6,0,170,23,193
561,263,421,5,0,147,11,158
471,285,421,6,0,114,22,136
998,269,421,5,0,141,11,152
770,261,421,6,0,138,22,160
894,291,421,6,0,109,21,130
934,292,421,6,0,107,22,129
732,217,421,6,0,182,22,204
474,274,421,5,0,136,11,147
862,259,421,5,0,152,10,162
193,208,421,6,0,190,23,213
704,297,421,6,0,101,23,124
260,274,421,6,0,127,20,147
848,243,421,5,0,167,11,178
374,242,421,6,0,158,21,179
1182,273,421,6,0,125,23,148
1088,285,421,6,0,113,23,136
441,291,421,6,0,107,23,130
499,245,421,6,0,153,23,176
1051,233,427,11,0,179,15,194
946,271,427,11,0,141,15,156
1059,298,427,11,0,114,15,129
973,287,427,11,0,125,15,140
1144,227,427,11,0,185,15,200
1139,254,427,11,0,159,14,173
1157,278,427,11,0,135,14,149
583,270,427,11,0,142,15,157
262,277,427,11,0,135,15,150
534,282,427,11,0,130,15,145
799,236,427,11,0,177,14,191
940,255,427,11,0,157,15,172
590,224,427,11,0,188,15,203
234,282,427,11,0,131,14,145
6,224,427,11,0,189,14,203
582,270,427,11,0,143,14,157
430,245,427,11,0,167,15,182
445,299,427,11,0,114,14,128
7,247,427,11,0,165,15,180
853,280,427,11,0,132,15,147
256,272,441,7,0,141,28,169
893,273,441,2,0,159,9,168
286,216,441,2,0,216,9,225
745,299,441,7,0,115,27,142
672,292,441,2,0,142,7,149
891,283,441,7,0,129,29,158
851,271,441,5,0,149,21,170
910,233,441,7,0,179,29,208
559,296,441,2,0,136,9,145
212,253,441,2,0,180,8,188
1146,298,441,5,0,121,22,143
376,265,441,5,0,154,22,176
237,288,446,8,0,140,18,158
205,282,446,11,0,133,31,164
1160,289,446,11,0,127,30,157
328,278,446,8,0,151,17,168
1145,231,446,11,0,184,31,215
819,246,446,11,0,170,30,200
1058,255,446,11,0,160,31,191
673,256,446,8,0,172,18,190
945,276,446,11,0,141,29,170
914,188,450,15,0,243,19,262
1041,171,450,15,0,260,19,279
163,208,450,15,0,223,19,242
956,214,450,15,0,217,19,236
852,114,450,15,0,319,17,336
730,90,450,15,0,342,18,360
279,211,450,15,0,221,18,239
529,107,450,15,0,324,19,343
939,220,450,15,0,212,18,230
428,251,450,15,0,180,19,199
889,173,450,15,0,259,18,277
478,218,450,15,0,213,19,232
229,142,450,15,0,289,19,308
580,229,450,15,0,202,19,221
291,269,450,15,0,162,19,181
295,87,450,15,0,344,19,363
1040,245,450,15,0,187,18,205
923,172,450,15,0,259,19,278
86,156,450,15,0,276,18,294
427,220,450,15,0,211,19,230
913,293,470,14,0,153,24,177
4,288,470,14,0,159,23,182
638,167,470,14,0,280,23,303
128,285,470,14,0,162,23,185
228,225,470,15,0,212,33,245
459,232,470,14,0,216,22,238
304,286,470,14,0,160,24,184
537,273,470,14,0,173,24,197
460,297,470,14,0,150,23,173
244,172,470,15,0,263,35,298
846,285,470,14,0,161,24,185
280,291,470,14,0,155,24,179
466,258,470,14,0,188,24,212
53,207,470,14,0,239,24,263
1039,261,470,15,0,174,35,209
678,107,470,14,0,339,24,363
145,282,470,14,0,164,24,188
252,200,470,15,0,236,34,270
528,216,470,15,0,219,35,254
547,265,470,14,0,182,23,205
1073,267,485,18,0,191,27,218
373,289,485,18,0,169,27,196
142,248,485,18,0,209,28,237
1043,248,485,18,0,210,27,237
1032,265,485,18,0,192,28,220
30,289,485,18,0,168,28,196
1049,297,485,18,0,160,28,188
370,249,485,18,0,208,28,236
366,261,485,18,0,196,28,224
55,233,485,18,0,225,27,252
550,215,485,18,0,242,28,270
1072,299,485,18,0,158,28,186
15,259,485,18,0,198,28,226
947,270,485,18,0,187,28,215
604,247,485,18,0,212,26,238
884,273,485,18,0,184,28,212
1042,238,485,18,0,219,28,247
143,260,485,18,0,198,27,225
54,261,485,18,0,198,26,224
617,297,485,18,0,161,27,188
955,163,488,12,0,309,16,325
544,227,488,12,0,245,16,261
650,254,488,12,0,218,16,234
1153,203,488,12,0,270,15,285
492,273,488,12,0,200,15,215
1152,279,488,12,0,193,16,209
303,246,488,12,0,228,14,242
169,298,488,12,0,177,13,190
1038,267,513,13,0,220,26,246
766,282,513,13,0,205,26,231
347,282,513,13,0,206,25,231
402,295,513,13,0,195,23,218
166,299,513,13,0,188,26,214
63,279,513,13,0,210,24,234
876,271,513,13,0,217,25,242
779,271,513,13,0,216,26,242
266,289,513,13,0,198,26,224
1104,258,528,16,0,236,34,270
637,292,528,14,0,209,27,236
1143,216,528,16,0,278,34,312
662,259,528,18,0,217,52,269
1050,295,528,18,0,181,52,233
1124,285,528,14,0,217,26,243
457,264,528,17,0,225,39,264
885,271,528,18,0,206,51,257
509,272,528,16,0,222,34,256
74,261,528,16,0,235,32,267
411,220,528,17,0,268,40,308
750,285,528,16,0,210,33,243
506,293,528,16,0,201,34,235
1082,276,528,14,0,225,27,252
395,234,528,16,0,261,33,294
1092,293,535,19,0,217,25,242
