1370,9,31,1,0,8,14,22
676,0,31,2,0,5,26,31
1110,5,31,1,0,12,14,26
1464,14,31,2,0,1,16,17
449,8,31,1,0,10,13,23
990,22,31,1,0,1,8,9
408,16,42,2,0,15,11,26
67,0,42,10,0,12,30,42
1195,26,42,2,0,6,10,16
1461,30,42,2,0,1,11,12
1187,27,42,2,0,4,11,15
121,8,42,10,0,5,29,34
487,29,42,2,0,4,9,13
7,3,47,4,0,15,29,44
1124,4,47,7,0,7,36,43
698,28,47,4,0,1,18,19
1032,27,47,4,0,1,19,20
1333,11,47,7,0,1,35,36
1091,5,48,7,0,5,38,43
1221,27,48,5,0,1,20,21
33,20,48,5,0,3,25,28
645,11,48,7,0,1,36,37
1152,27,48,5,0,2,19,21
1490,3,48,7,0,8,37,45
1230,17,48,7,0,1,30,31
1318,3,48,7,0,7,38,45
561,41,48,3,0,1,6,7
307,0,48,7,0,10,38,48
14,46,59,1,0,1,12,13
493,1,59,8,0,11,47,58
236,8,59,3,0,15,36,51
617,36,59,3,0,1,22,23
948,32,59,3,0,1,26,27
1390,6,59,3,0,18,35,53
967,16,59,3,0,9,34,43
656,43,59,1,0,3,13,16
486,40,59,2,0,1,18,19
365,5,59,3,0,18,36,54
1153,40,68,5,0,14,14,28
920,33,68,8,0,1,34,35
908,32,68,8,0,1,35,36
1319,45,68,7,0,1,22,23
1385,47,68,5,0,7,14,21
1445,28,68,6,0,20,20,40
1196,25,68,8,0,5,38,43
189,22,68,7,0,15,31,46
542,25,68,8,0,4,39,43
890,32,68,7,0,5,31,36
1028,9,68,9,0,16,43,59
1364,21,68,6,0,27,20,47
1211,16,68,9,0,8,44,52
169,42,68,5,0,13,13,26
1406,31,68,7,0,7,30,37
159,22,68,6,0,27,19,46
654,5,68,9,0,19,44,63
931,52,68,4,0,7,9,16
769,52,68,4,0,8,8,16
751,24,68,8,0,5,39,44
1194,28,88,18,0,31,29,60
916,37,88,18,0,20,31,51
114,28,88,17,0,35,25,60
974,46,88,18,0,11,31,42
1106,51,88,18,0,6,31,37
1525,32,88,18,0,25,31,56
909,21,88,17,0,43,24,67
994,22,88,18,0,35,31,66
210,38,88,17,0,25,25,50
340,2,88,18,0,55,31,86
1486,17,88,18,0,41,30,71
140,49,88,18,0,9,30,39
927,60,88,17,0,6,22,28
1393,18,88,17,0,45,25,70
1531,43,88,17,0,20,25,45
1108,36,88,18,0,22,30,52
919,37,88,18,0,23,28,51
349,32,88,17,0,33,23,56
811,69,88,17,0,1,18,19
191,39,88,17,0,25,24,49
921,81,96,1,0,2,13,15
1550,83,96,1,0,1,12,13
1111,73,96,1,0,8,15,23
1481,59,96,2,0,14,23,37
286,67,96,2,0,5,24,29
1119,77,96,1,0,5,14,19
1325,45,96,2,0,27,24,51
1166,52,100,7,0,28,20,48
1442,69,100,8,0,5,26,31
1409,63,100,9,0,1,36,37
1185,55,100,7,0,24,21,45
1171,73,100,8,0,2,25,27
786,82,100,7,0,1,17,18
1141,60,100,9,0,6,34,40
32,79,100,6,0,6,15,21
15,40,100,9,0,24,36,60
1446,62,100,6,0,23,15,38
717,83,100,6,0,2,15,17
513,27,100,9,0,36,37,73
444,46,100,7,0,33,21,54
445,76,100,6,0,9,15,24
1308,50,100,9,0,13,37,50
820,43,100,9,0,22,35,57
897,74,100,8,0,2,24,26
883,43,100,9,0,20,37,57
514,41,100,9,0,22,37,59
217,46,100,9,0,18,36,54
639,44,121,16,0,55,22,77
917,78,121,18,0,1,42,43
346,87,121,17,0,1,33,34
1553,77,121,18,0,1,43,44
638,58,121,16,0,41,22,63
1474,85,121,17,0,1,35,36
1084,67,121,18,0,4,50,54
147,66,121,18,0,4,51,55
932,76,121,17,0,6,39,45
269,76,121,17,0,5,40,45
1561,78,121,16,0,21,22,43
1567,2,121,16,0,97,22,119
1480,46,121,16,0,53,22,75
438,63,121,18,0,6,52,58
1122,62,121,16,0,37,22,59
106,51,121,16,0,48,22,70
1337,67,121,18,0,2,52,54
1398,73,121,18,0,1,47,48
248,74,121,17,0,7,40,47
300,66,121,18,0,3,52,55
1354,88,122,11,0,16,18,34
510,8,122,11,0,96,18,114
1054,21,122,11,0,82,19,101
381,37,122,11,0,66,19,85
1431,103,122,11,0,1,18,19
1046,97,122,11,0,6,19,25
1184,99,122,11,0,4,19,23
336,85,122,11,0,18,19,37
1383,49,122,11,0,54,19,73
382,92,122,11,0,11,19,30
499,96,122,11,0,8,18,26
1202,75,122,11,0,28,19,47
691,67,122,11,0,36,19,55
289,53,122,11,0,51,18,69
313,42,122,11,0,61,19,80
314,4,122,11,0,99,19,118
1200,73,122,11,0,31,18,49
384,93,122,11,0,10,19,29
1053,41,122,11,0,63,18,81
1382,60,122,11,0,43,19,62
40,73,124,15,0,25,26,51
721,66,124,19,0,17,41,58
1504,2,124,15,0,96,26,122
1300,48,124,19,0,35,41,76
787,50,124,19,0,34,40,74
628,4,124,19,0,79,41,120
1066,36,124,15,0,62,26,88
1524,83,124,18,0,8,33,41
405,36,124,19,0,49,39,88
178,68,124,15,0,30,26,56
955,62,124,19,0,24,38,62
926,46,124,15,0,52,26,78
118,85,124,15,0,13,26,39
545,25,124,19,0,58,41,99
1313,82,124,19,0,2,40,42
1096,24,124,15,0,74,26,100
1133,61,124,19,0,22,41,63
274,21,124,19,0,63,40,103
378,85,124,19,0,2,37,39
164,50,124,15,0,48,26,74
1162,86,134,5,0,21,27,48
1386,106,134,5,0,3,25,28
101,115,134,5,0,1,18,19
1466,116,134,5,0,2,16,18
546,95,134,5,0,12,27,39
809,69,134,5,0,40,25,65
1541,67,134,4,0,59,8,67
764,115,134,5,0,2,17,19
843,81,134,5,0,27,26,53
1552,82,134,5,0,25,27,52
459,62,134,5,0,46,26,72
681,61,134,5,0,46,27,73
1356,66,134,5,0,41,27,68
960,91,134,5,0,17,26,43
16,118,134,5,0,1,15,16
1244,85,134,5,0,25,24,49
950,122,134,5,0,1,11,12
172,114,134,5,0,1,19,20
241,77,134,5,0,30,27,57
290,121,134,5,0,1,12,13
550,98,137,6,0,21,18,39
697,107,137,6,0,14,16,30
1101,120,137,2,0,8,9,17
1278,118,137,6,0,4,15,19
739,95,137,6,0,23,19,42
1559,120,137,6,0,1,16,17
832,81,137,2,0,47,9,56
623,101,137,6,0,17,19,36
1277,117,137,6,0,1,19,20
380,84,137,6,0,36,17,53
223,69,137,6,0,49,19,68
155,87,137,2,0,41,9,50
158,114,137,6,0,5,18,23
770,80,137,6,0,38,19,57
1379,115,137,6,0,3,19,22
745,78,137,6,0,41,18,59
606,117,137,6,0,2,18,20
742,115,137,6,0,5,17,22
73,98,137,2,0,30,9,39
1164,108,137,6,0,10,19,29
433,97,146,18,0,5,44,49
228,103,146,17,0,9,34,43
1570,101,146,17,0,10,35,45
214,108,146,18,0,1,37,38
1144,116,146,17,0,1,29,30
400,62,146,16,0,58,26,84
842,100,146,18,0,2,44,46
788,99,146,19,0,1,46,47
571,90,146,16,0,30,26,56
679,99,146,16,0,21,26,47
760,46,146,16,0,74,26,100
131,103,146,18,0,1,42,43
1113,99,146,18,0,4,43,47
1179,11,146,16,0,109,26,135
871,111,146,17,0,2,33,35
504,79,146,16,0,41,26,67
613,117,146,17,0,1,28,29
1247,108,146,17,0,3,35,38
649,98,146,19,0,1,47,48
1302,103,146,18,0,2,41,43
602,113,161,10,0,28,20,48
1350,92,161,10,0,51,18,69
197,100,161,10,0,42,19,61
122,124,161,10,0,18,19,37
1023,139,161,10,0,3,19,22
1004,118,161,10,0,23,20,43
1290,76,161,10,0,66,19,85
1117,45,161,10,0,96,20,116
1127,27,161,10,0,114,20,134
225,128,161,10,0,15,18,33
817,32,161,10,0,110,19,129
995,52,161,10,0,90,19,109
1172,55,161,10,0,86,20,106
1291,33,161,10,0,108,20,128
198,125,161,10,0,16,20,36
331,44,161,10,0,99,18,117
85,75,161,10,0,66,20,86
66,89,161,10,0,52,20,72
1351,96,161,10,0,45,20,65
196,128,161,10,0,13,20,33
68,82,163,14,0,64,17,81
1173,84,163,14,0,62,17,79
1245,61,163,14,0,85,17,102
132,79,163,14,0,67,17,84
1158,112,163,14,0,34,17,51
539,14,163,14,0,132,17,149
296,70,163,14,0,76,17,93
1002,45,163,14,0,101,17,118
501,36,163,14,0,110,17,127
683,21,163,14,0,125,17,142
43,144,163,14,0,2,17,19
484,140,163,14,0,6,17,23
1340,84,163,14,0,62,17,79
90,35,163,14,0,111,17,128
91,113,163,14,0,33,17,50
332,130,163,14,0,16,17,33
774,91,163,14,0,55,17,72
152,127,163,14,0,19,17,36
441,50,163,14,0,96,17,113
1521,76,163,14,0,70,17,87
1539,105,164,4,0,47,12,59
767,86,164,4,0,65,13,78
895,78,164,4,0,72,14,86
611,117,164,4,0,34,13,47
626,122,164,4,0,28,14,42
612,76,164,4,0,75,13,88
625,104,164,4,0,46,14,60
1435,99,164,4,0,51,14,65
826,143,164,4,0,7,14,21
92,142,164,4,0,10,12,22
1025,117,164,4,0,33,14,47
411,86,164,4,0,64,14,78
1026,110,164,4,0,40,14,54
1016,101,164,4,0,50,13,63
418,134,164,4,0,16,14,30
1240,68,164,4,0,82,14,96
1434,145,164,4,0,6,13,19
973,76,164,4,0,74,14,88
1239,123,164,4,0,28,13,41
970,76,164,4,0,76,12,88
372,145,167,14,0,5,17,22
335,114,167,14,0,38,15,53
806,53,167,14,0,96,18,114
79,16,167,14,0,132,19,151
614,78,167,8,0,77,12,89
1100,106,167,8,0,48,13,61
845,79,167,8,0,77,11,88
838,115,167,8,0,39,13,52
25,128,167,8,0,26,13,39
1493,77,167,8,0,77,13,90
12,36,167,14,0,112,19,131
619,86,167,14,0,62,19,81
807,97,167,8,0,57,13,70
684,128,167,14,0,20,19,39
1099,145,167,8,0,10,12,22
1197,78,167,8,0,76,13,89
325,39,167,14,0,111,17,128
904,113,167,14,0,35,19,54
773,84,167,14,0,66,17,83
682,67,167,14,0,81,19,100
463,147,167,8,0,7,13,20
1007,113,167,8,0,42,12,54
24,81,167,8,0,73,13,86
133,80,167,14,0,69,18,87
752,126,167,8,0,29,12,41
1569,122,167,8,0,32,13,45
1150,83,167,14,0,65,19,84
414,78,167,14,0,70,19,89
1035,98,167,8,0,56,13,69
992,141,167,14,0,7,19,26
1443,133,167,8,0,21,13,34
485,45,167,14,0,103,19,122
1036,84,167,8,0,70,13,83
216,24,167,14,0,125,18,143
464,81,167,8,0,74,12,86
674,152,167,8,0,2,13,15
1136,134,167,14,0,15,18,33
1253,97,167,8,0,58,12,70
440,73,167,14,0,78,16,94
21,96,167,14,0,53,18,71
1049,128,191,3,0,48,15,63
1410,141,191,3,0,35,15,50
865,99,191,3,0,76,16,92
74,82,191,2,0,99,10,109
293,87,191,3,0,89,15,104
1345,91,191,3,0,84,16,100
1344,77,191,3,0,98,16,114
1082,119,191,3,0,56,16,72
1083,173,191,3,0,2,16,18
126,62,191,3,0,113,16,129
179,151,191,3,0,24,16,40
866,131,191,3,0,44,16,60
84,139,191,3,0,36,16,52
1289,105,191,3,0,71,15,86
99,106,191,3,0,69,16,85
396,72,191,3,0,104,15,119
395,159,191,3,0,16,16,32
1070,97,191,3,0,80,14,94
551,165,191,3,0,11,15,26
1456,82,191,3,0,93,16,109
714,150,192,12,0,20,22,42
1190,80,192,12,0,90,22,112
1143,65,192,12,0,105,22,127
431,49,192,12,0,121,22,143
1422,161,192,12,0,9,22,31
27,11,192,12,0,159,22,181
736,46,192,12,0,124,22,146
127,84,192,12,0,86,22,108
9,27,192,12,0,144,21,165
940,96,192,12,0,74,22,96
72,168,192,12,0,2,22,24
219,38,192,12,0,132,22,154
1328,46,192,12,0,125,21,146
1348,116,192,12,0,54,22,76
376,107,192,12,0,63,22,85
837,73,192,12,0,97,22,119
1329,82,192,12,0,88,22,110
1191,128,192,12,0,42,22,64
582,141,192,12,0,29,22,51
1068,134,192,12,0,36,22,58
941,82,203,12,0,100,21,121
71,173,203,12,0,9,21,30
1427,183,203,12,0,2,18,20
491,171,203,12,0,15,17,32
420,152,203,12,0,31,20,51
489,177,203,12,0,6,20,26
1266,45,203,12,0,137,21,158
1074,182,203,12,0,2,19,21
977,69,203,12,0,113,21,134
1265,146,203,12,0,36,21,57
386,166,203,12,0,16,21,37
1118,141,203,12,0,43,19,62
421,93,203,12,0,89,21,110
1269,97,203,12,0,88,18,106
1423,113,203,12,0,69,21,90
520,82,203,12,0,101,20,121
1424,59,203,12,0,124,20,144
1352,128,203,12,0,54,21,75
454,77,203,12,0,107,19,126
860,123,203,12,0,60,20,80
278,65,204,13,0,120,19,139
1469,25,204,13,0,161,18,179
924,139,204,13,0,46,19,65
222,89,204,13,0,96,19,115
292,66,204,13,0,120,18,138
279,131,204,13,0,54,19,73
963,87,204,13,0,98,19,117
665,24,204,13,0,161,19,180
1419,140,204,13,0,45,19,64
598,171,204,13,0,14,19,33
1256,101,204,13,0,84,19,103
1209,107,204,13,0,78,19,97
186,123,204,13,0,62,19,81
1011,78,204,13,0,107,19,126
962,93,204,13,0,92,19,111
221,81,204,13,0,104,19,123
1034,66,204,13,0,119,19,138
112,176,204,13,0,9,19,28
46,117,204,13,0,68,19,87
965,58,204,13,0,127,19,146
129,181,211,3,0,1,29,30
392,172,211,2,0,26,13,39
483,184,211,2,0,14,13,27
1062,151,211,2,0,47,13,60
476,189,211,2,0,9,13,22
407,120,211,2,0,78,13,91
366,125,211,2,0,73,13,86
1263,126,211,2,0,72,13,85
128,182,211,3,0,1,28,29
361,115,211,2,0,84,12,96
1288,134,211,3,0,44,33,77
1063,159,211,2,0,39,13,52
162,136,211,2,0,62,13,75
1568,181,211,2,0,17,13,30
477,125,211,2,0,74,12,86
295,189,211,3,0,1,21,22
1061,93,211,2,0,105,13,118
759,157,211,3,0,20,34,54
591,81,211,3,0,96,34,130
631,113,211,3,0,64,34,98
208,76,215,9,0,120,19,139
48,106,215,13,0,85,24,109
1451,163,215,13,0,26,26,52
1418,187,215,13,0,1,27,28
64,64,215,13,0,124,27,151
1257,108,215,13,0,80,27,107
49,133,215,13,0,57,25,82
299,140,215,13,0,48,27,75
298,186,215,13,0,3,26,29
881,190,215,13,0,1,24,25
262,130,215,13,0,58,27,85
47,99,215,13,0,89,27,116
1092,72,215,13,0,117,26,143
596,81,215,13,0,107,27,134
165,84,215,13,0,106,25,131
1368,119,215,13,0,70,26,96
964,87,215,13,0,101,27,128
146,185,215,13,0,3,27,30
277,90,215,13,0,99,26,125
882,173,215,13,0,15,27,42
855,149,220,9,0,57,14,71
369,102,220,9,0,104,14,118
220,203,220,9,0,3,14,17
233,183,220,9,0,23,14,37
547,137,220,9,0,69,14,83
1515,159,220,9,0,47,14,61
276,84,220,9,0,122,14,136
1459,173,220,9,0,33,14,47
38,89,220,9,0,117,14,131
0,124,220,9,0,82,14,96
778,185,220,9,0,21,14,35
534,177,220,9,0,29,14,43
1408,116,220,9,0,90,14,104
134,100,220,9,0,106,14,120
497,86,220,9,0,121,13,134
1029,144,220,9,0,62,14,76
37,193,220,9,0,13,14,27
1401,202,220,9,0,4,14,18
1460,199,220,9,0,7,14,21
653,179,220,9,0,27,14,41
724,208,236,1,0,22,6,28
1080,109,236,1,0,121,6,127
136,155,236,1,0,75,6,81
1317,201,236,1,0,29,6,35
1387,134,236,1,0,96,6,102
754,139,236,1,0,91,6,97
1542,209,236,1,0,21,6,27
531,167,236,1,0,63,6,69
1255,111,236,1,0,119,6,125
138,128,236,1,0,102,6,108
991,169,236,1,0,61,6,67
137,174,236,1,0,56,6,62
1530,152,236,1,0,78,6,84
13,110,236,1,0,121,5,126
385,224,236,1,0,6,6,12
451,121,236,1,0,109,6,115
663,190,236,1,0,40,6,46
562,122,236,1,0,109,5,114
442,162,236,1,0,68,6,74
452,137,236,1,0,94,5,99
457,191,242,7,0,35,16,51
434,151,242,7,0,75,16,91
1,94,242,7,0,132,16,148
323,125,242,7,0,101,16,117
834,130,242,7,0,96,16,112
1123,211,242,7,0,15,16,31
1189,208,242,7,0,18,16,34
852,212,242,7,0,14,16,30
795,175,242,7,0,51,16,67
1296,197,242,7,0,29,16,45
659,179,242,7,0,47,16,63
1085,115,242,7,0,111,16,127
252,222,242,7,0,4,16,20
748,102,242,7,0,124,16,140
851,160,242,7,0,66,16,82
1413,94,242,7,0,132,16,148
1160,122,242,7,0,104,16,120
188,147,242,7,0,79,16,95
435,205,242,7,0,21,16,37
324,112,242,7,0,114,16,130
96,191,243,16,0,26,26,52
1563,105,243,16,0,112,26,138
1362,78,243,16,0,139,26,165
958,134,243,16,0,83,26,109
530,197,243,16,0,20,26,46
1048,45,243,16,0,172,26,198
1392,193,243,16,0,24,26,50
702,127,243,16,0,90,26,116
243,183,243,16,0,34,26,60
237,160,243,16,0,57,26,83
399,129,243,16,0,88,26,114
1047,91,243,16,0,126,26,152
526,177,243,16,0,40,26,66
525,115,243,16,0,102,26,128
1012,140,243,16,0,77,26,103
594,152,243,16,0,65,26,91
1560,184,243,16,0,33,26,59
143,109,243,16,0,108,26,134
528,117,243,16,0,100,26,126
1496,180,243,16,0,37,26,63
839,204,244,7,0,28,12,40
1260,193,244,7,0,40,11,51
475,164,244,7,0,68,12,80
644,179,244,7,0,55,10,65
212,225,244,7,0,7,12,19
1501,212,244,7,0,21,11,32
213,210,244,7,0,22,12,34
1412,123,244,7,0,110,11,121
1261,227,244,7,0,5,12,17
1175,115,244,7,0,117,12,129
1332,215,244,7,0,17,12,29
945,125,244,7,0,107,12,119
89,149,244,7,0,83,12,95
1407,94,244,7,0,138,12,150
1338,102,244,7,0,130,12,142
1536,226,244,7,0,7,11,18
1430,96,244,7,0,137,11,148
358,180,244,7,0,52,12,64
2,112,244,7,0,122,10,132
253,154,244,7,0,79,11,90
244,57,260,16,0,170,33,203
1361,209,260,16,0,18,33,51
516,38,260,15,0,199,23,222
356,18,260,15,0,219,23,242
762,199,260,16,0,29,32,61
1415,130,260,16,0,97,33,130
144,142,260,16,0,85,33,118
163,60,260,15,0,177,23,200
1059,156,260,16,0,72,32,104
1547,196,260,16,0,31,33,64
425,183,260,16,0,46,31,77
1416,181,260,16,0,46,33,79
968,105,260,16,0,123,32,155
309,79,260,15,0,158,23,181
1478,199,260,16,0,28,33,61
763,120,260,16,0,107,33,140
1391,114,260,16,0,113,33,146
805,164,260,16,0,63,33,96
1180,100,260,16,0,127,33,160
1564,190,260,16,0,37,33,70
345,143,261,5,0,108,10,118
460,200,261,5,0,51,10,61
260,162,261,5,0,89,10,99
808,236,261,5,0,15,10,25
1243,133,261,5,0,118,10,128
415,233,261,5,0,18,10,28
1513,181,261,5,0,70,10,80
704,239,261,5,0,12,10,22
1163,143,261,5,0,108,10,118
247,192,261,5,0,59,10,69
78,224,261,5,0,27,10,37
264,149,261,5,0,102,10,112
680,194,261,5,0,57,10,67
877,206,261,5,0,45,10,55
1222,163,261,5,0,88,10,98
170,172,261,5,0,79,10,89
343,174,261,5,0,77,10,87
568,148,261,5,0,103,10,113
344,227,261,5,0,24,10,34
1514,124,261,5,0,127,10,137
642,193,263,16,0,35,35,70
515,69,263,15,0,172,22,194
409,128,263,16,0,101,34,135
31,178,263,16,0,50,35,85
1098,124,263,15,0,117,22,139
1283,236,263,16,0,1,26,27
11,96,263,15,0,145,22,167
1505,110,263,15,0,131,22,153
1455,27,263,15,0,214,22,236
643,229,263,16,0,1,33,34
1121,117,263,16,0,111,35,146
466,113,263,15,0,128,22,150
959,89,263,16,0,139,35,174
192,141,263,15,0,100,22,122
761,203,263,16,0,25,35,60
284,129,263,15,0,112,22,134
94,210,263,16,0,19,34,53
285,146,263,15,0,95,22,117
969,230,263,16,0,1,32,33
1372,136,263,16,0,92,35,127
879,178,267,5,0,75,14,89
569,245,267,5,0,7,15,22
342,174,267,5,0,78,15,93
6,251,267,5,0,1,15,16
1241,125,267,5,0,127,15,142
77,149,267,5,0,103,15,118
17,220,267,5,0,32,15,47
65,239,267,5,0,13,15,28
876,195,267,5,0,57,15,72
1548,143,267,5,0,109,15,124
1050,145,267,5,0,109,13,122
1218,141,267,5,0,112,14,126
263,192,267,5,0,62,13,75
120,250,267,5,0,3,14,17
1465,200,267,5,0,53,14,67
1217,188,267,5,0,64,15,79
953,162,267,5,0,90,15,105
458,232,267,5,0,20,15,35
524,233,267,5,0,20,14,34
771,158,267,5,0,95,14,109
1533,217,284,11,0,49,18,67
790,181,284,11,0,85,18,103
1201,124,284,11,0,142,18,160
107,156,284,11,0,110,18,128
640,212,284,11,0,54,18,72
1499,205,284,11,0,61,18,79
911,214,284,11,0,52,18,70
858,36,284,11,0,230,18,248
1394,190,284,11,0,76,18,94
297,173,284,11,0,93,18,111
901,92,284,11,0,174,18,192
590,61,284,11,0,205,18,223
500,194,284,11,0,72,18,90
383,113,284,11,0,153,18,171
857,200,284,11,0,66,18,84
784,140,284,11,0,126,18,144
512,187,284,11,0,79,18,97
589,183,284,11,0,83,18,101
1353,145,284,11,0,121,18,139
900,148,284,11,0,118,18,136
986,226,289,2,0,53,10,63
1537,253,289,2,0,26,10,36
1449,216,289,2,0,63,10,73
873,219,289,2,0,60,10,70
705,250,289,2,0,29,10,39
1331,171,289,2,0,108,10,118
1363,274,289,2,0,5,10,15
1448,265,289,2,0,14,10,24
1207,249,289,2,0,30,10,40
135,272,289,2,0,7,10,17
256,214,289,2,0,65,10,75
576,139,289,2,0,140,10,150
1463,242,289,2,0,37,10,47
1064,198,289,2,0,81,10,91
1017,215,289,2,0,64,10,74
1508,124,289,2,0,155,10,165
200,199,289,2,0,80,10,90
362,182,289,2,0,97,10,107
367,210,289,2,0,69,10,79
1472,257,289,2,0,22,10,32
1373,159,292,4,0,118,15,133
1093,245,292,4,0,32,15,47
1056,172,292,4,0,105,15,120
971,262,292,4,0,15,15,30
153,192,292,4,0,85,15,100
303,271,292,4,0,6,15,21
847,155,292,4,0,122,15,137
605,152,292,4,0,125,15,140
893,225,292,4,0,52,15,67
1015,181,292,4,0,96,15,111
203,246,292,4,0,31,15,46
8,235,292,4,0,42,15,57
930,232,292,4,0,45,15,60
1040,197,292,4,0,80,15,95
1210,219,292,4,0,58,15,73
282,243,292,4,0,34,15,49
123,90,292,4,0,187,15,202
63,208,292,4,0,69,15,84
419,162,292,4,0,115,15,130
304,238,292,4,0,39,15,54
581,207,298,18,0,64,27,91
869,192,298,18,0,79,27,106
1323,201,298,18,0,70,27,97
35,176,298,18,0,95,27,122
1112,213,298,18,0,58,27,85
1168,184,298,18,0,87,27,114
1206,125,298,18,0,146,27,173
946,180,298,18,0,91,27,118
636,219,298,18,0,52,27,79
81,162,298,18,0,109,27,136
80,116,298,18,0,155,27,182
480,156,298,18,0,115,27,142
28,168,298,18,0,103,27,130
885,143,298,18,0,128,27,155
1104,196,298,18,0,75,27,102
1042,147,298,18,0,124,27,151
432,210,298,18,0,61,27,88
1320,231,298,18,0,40,27,67
886,209,298,18,0,62,27,89
783,108,298,18,0,163,27,190
350,244,310,18,0,43,23,66
1359,258,310,18,0,29,23,52
1523,191,310,18,0,96,23,119
1485,259,310,18,0,28,23,51
1249,198,310,18,0,89,23,112
1335,256,310,18,0,31,23,54
824,237,310,18,0,50,23,73
1360,271,310,18,0,16,23,39
1324,243,310,18,0,44,23,67
1193,177,310,18,0,110,23,133
580,126,310,18,0,161,23,184
1169,265,310,18,0,22,23,45
821,209,310,18,0,78,23,101
947,219,310,18,0,68,23,91
1492,274,310,18,0,13,23,36
353,212,310,18,0,75,23,98
538,162,310,18,0,125,23,148
352,148,310,18,0,139,23,162
446,279,310,18,0,8,23,31
637,110,310,18,0,177,23,200
738,155,314,6,0,146,13,159
51,225,314,6,0,76,13,89
868,190,314,19,0,98,26,124
156,275,314,6,0,26,13,39
999,228,314,6,0,73,13,86
1322,142,314,6,0,159,13,172
1030,139,314,6,0,162,13,175
715,222,314,19,0,66,26,92
1307,170,314,6,0,131,13,144
53,127,314,6,0,174,13,187
245,218,314,6,0,83,13,96
273,127,314,19,0,161,26,187
1301,149,314,19,0,139,26,165
157,158,314,6,0,143,13,156
699,197,314,19,0,91,26,117
726,221,314,6,0,80,13,93
149,243,314,19,0,45,26,71
701,112,314,19,0,176,26,202
849,235,314,6,0,66,13,79
226,156,314,19,0,132,26,158
1381,120,314,19,0,168,26,194
1270,202,314,19,0,86,26,112
52,201,314,6,0,100,13,113
1380,210,314,19,0,78,26,104
1262,176,314,19,0,112,26,138
693,152,314,6,0,149,13,162
716,152,314,19,0,136,26,162
246,263,314,6,0,38,13,51
599,130,314,19,0,158,26,184
1000,226,314,6,0,75,13,88
150,231,314,19,0,57,26,83
957,106,314,19,0,182,26,208
1558,219,314,6,0,82,13,95
622,223,314,6,0,78,13,91
791,203,314,19,0,85,26,111
848,193,314,6,0,108,13,121
403,194,314,19,0,94,26,120
406,138,314,19,0,150,26,176
743,208,314,6,0,93,13,106
1254,168,314,19,0,120,26,146
907,179,315,9,0,122,14,136
370,265,315,9,0,36,14,50
728,126,315,9,0,175,14,189
316,248,315,9,0,53,14,67
1212,242,315,9,0,59,14,73
593,247,315,9,0,54,14,68
727,94,315,9,0,207,14,221
1226,213,315,9,0,88,14,102
275,220,315,9,0,81,14,95
1214,111,315,9,0,190,14,204
1213,228,315,9,0,73,14,87
1377,260,315,9,0,41,14,55
117,194,315,9,0,107,14,121
354,184,315,9,0,117,14,131
600,160,315,9,0,141,14,155
781,147,315,9,0,154,14,168
218,208,315,9,0,93,14,107
1309,202,315,9,0,99,14,113
1310,254,315,9,0,47,14,61
1495,266,315,9,0,35,14,49
317,272,324,9,0,37,15,52
206,190,324,9,0,119,15,134
1402,122,324,9,0,188,14,202
1376,290,324,9,0,19,15,34
601,298,324,9,0,11,15,26
271,181,324,9,0,129,14,143
1488,233,324,9,0,76,15,91
703,101,324,9,0,208,15,223
1494,143,324,9,0,166,15,181
1468,207,324,9,0,102,15,117
1225,272,324,9,0,37,15,52
548,247,324,9,0,62,15,77
870,265,324,9,0,44,15,59
116,262,324,9,0,48,14,62
417,215,324,9,0,94,15,109
549,257,324,9,0,52,15,67
818,294,324,9,0,15,15,30
207,174,324,9,0,135,15,150
270,244,324,9,0,66,14,80
142,212,324,9,0,98,14,112
532,204,339,1,0,129,6,135
757,234,339,1,0,99,6,105
829,237,339,1,0,96,6,102
854,121,339,1,0,212,6,218
448,262,339,1,0,71,6,77
1371,239,339,1,0,94,6,100
450,285,339,1,0,48,6,54
670,221,339,1,0,112,6,118
723,168,339,1,0,165,6,171
719,240,339,1,0,93,6,99
232,287,339,1,0,46,6,52
657,231,339,1,0,102,6,108
1079,281,339,1,0,52,6,58
1312,292,339,1,0,41,6,47
706,150,339,1,0,183,6,189
720,158,339,1,0,175,6,181
1192,179,339,1,0,154,6,160
735,273,339,1,0,60,6,66
1311,133,339,1,0,201,5,206
664,288,339,1,0,45,6,51
328,246,343,17,0,74,23,97
1156,129,343,17,0,191,23,214
731,200,343,17,0,120,23,143
229,122,343,17,0,198,23,221
1205,216,343,17,0,104,23,127
1072,149,343,17,0,171,23,194
190,185,343,17,0,135,23,158
521,133,343,17,0,187,23,210
730,125,343,17,0,195,23,218
755,207,343,17,0,113,23,136
209,127,343,17,0,193,23,216
393,134,343,17,0,186,23,209
427,172,343,17,0,148,23,171
823,158,343,17,0,162,23,185
933,141,343,17,0,179,23,202
235,200,343,17,0,120,23,143
575,241,343,17,0,79,23,102
1473,152,343,17,0,168,23,191
756,217,343,17,0,103,23,126
1145,158,343,17,0,162,23,185
1251,176,346,8,0,154,16,170
1470,96,346,8,0,234,16,250
896,197,346,8,0,133,16,149
675,121,346,8,0,209,16,225
161,254,346,8,0,76,16,92
914,229,346,8,0,101,16,117
1252,168,346,8,0,162,16,178
1358,284,346,8,0,46,16,62
1148,152,346,8,0,178,16,194
1441,216,346,8,0,114,16,130
1250,188,346,8,0,142,16,158
615,207,346,8,0,123,16,139
741,225,346,8,0,105,16,121
1008,205,346,8,0,125,16,141
898,246,346,8,0,84,16,100
740,269,346,8,0,61,16,77
465,221,346,8,0,109,16,125
266,240,346,8,0,90,16,106
1414,248,346,8,0,82,16,98
462,186,346,8,0,144,16,160
1285,244,349,11,0,91,14,105
287,99,349,11,0,236,14,250
588,195,349,11,0,140,14,154
1176,224,349,11,0,111,14,125
880,231,349,11,0,104,14,118
1043,239,349,11,0,96,14,110
1528,211,349,11,0,124,14,138
789,48,349,11,0,287,14,301
1396,188,349,11,0,147,14,161
1498,221,349,11,0,114,14,128
1044,167,349,11,0,168,14,182
1517,227,349,11,0,108,14,122
1397,233,349,11,0,102,14,116
1037,181,349,11,0,154,14,168
498,216,349,11,0,119,14,133
1038,132,349,11,0,203,14,217
337,251,349,11,0,84,14,98
469,247,349,11,0,88,14,102
312,147,349,11,0,188,14,202
641,240,349,11,0,95,14,109
267,99,350,8,0,234,17,251
915,283,350,8,0,50,17,67
1489,219,350,8,0,114,17,131
750,158,350,8,0,175,17,192
1090,204,350,8,0,132,14,146
1452,225,350,8,0,110,15,125
844,188,350,8,0,146,16,162
899,227,350,8,0,106,17,123
1453,189,350,8,0,144,17,161
1444,211,350,8,0,123,16,139
1198,243,350,8,0,90,17,107
160,169,350,8,0,166,15,181
951,254,350,8,0,80,16,96
667,178,350,8,0,155,17,172
1527,131,350,8,0,203,16,219
1526,249,350,8,0,84,17,101
666,300,350,8,0,33,17,50
1357,286,350,8,0,49,15,64
1149,206,350,8,0,127,17,144
265,233,350,8,0,101,16,117
734,217,358,17,0,116,25,141
428,156,358,17,0,177,25,202
872,134,358,17,0,199,25,224
1438,285,358,17,0,48,25,73
889,256,358,17,0,77,25,102
327,266,358,17,0,67,25,92
1343,128,358,17,0,205,25,230
230,297,358,17,0,36,25,61
113,126,358,17,0,208,24,232
1204,165,358,17,0,168,25,193
1532,248,358,17,0,85,25,110
268,276,358,17,0,57,25,82
1258,148,358,17,0,185,25,210
167,289,358,17,0,44,25,69
1248,268,358,17,0,65,25,90
1484,242,358,17,0,91,25,116
1259,189,358,17,0,144,25,169
522,123,358,17,0,210,25,235
712,206,358,17,0,127,25,152
168,290,358,17,0,43,25,68
936,224,368,6,0,129,15,144
632,269,368,3,0,91,8,99
744,193,368,6,0,159,16,175
1457,289,368,3,0,71,8,79
875,237,368,3,0,123,8,131
75,276,368,6,0,76,16,92
961,260,368,3,0,100,8,108
1001,169,368,6,0,184,15,199
586,266,368,6,0,86,16,102
937,155,368,6,0,197,16,213
1374,216,368,6,0,137,15,152
616,204,368,3,0,157,7,164
696,219,368,6,0,133,16,149
1165,222,368,6,0,130,16,146
1375,284,368,6,0,68,16,84
1483,288,368,6,0,64,16,80
364,241,368,3,0,119,8,127
1458,247,368,3,0,113,8,121
998,232,368,6,0,120,16,136
1365,208,368,6,0,144,16,160
1130,263,368,3,0,97,8,105
624,146,368,6,0,206,16,222
1228,204,368,3,0,156,8,164
56,299,368,6,0,53,16,69
310,290,368,6,0,62,16,78
1229,278,368,3,0,82,8,90
311,127,368,6,0,225,16,241
397,280,368,3,0,80,8,88
718,225,368,6,0,127,16,143
633,253,368,3,0,107,8,115
76,253,368,6,0,100,15,115
978,141,368,6,0,212,15,227
608,295,368,3,0,65,8,73
1129,233,368,3,0,127,8,135
1367,243,368,3,0,117,8,125
864,220,368,3,0,140,8,148
1411,300,368,3,0,60,8,68
338,293,368,3,0,67,8,75
552,282,368,3,0,78,8,86
339,200,368,3,0,160,8,168
540,196,385,14,0,172,17,189
1268,295,385,14,0,72,18,90
502,248,385,14,0,120,17,137
572,234,385,14,0,133,18,151
1476,271,385,14,0,96,18,114
470,284,385,14,0,83,18,101
517,257,385,14,0,110,18,128
1060,197,385,14,0,170,18,188
1315,224,385,14,0,144,17,161
22,273,385,14,0,95,17,112
334,241,385,14,0,126,18,144
903,179,385,14,0,188,18,206
1545,249,385,14,0,118,18,136
1509,283,385,14,0,84,18,102
1535,176,385,14,0,192,17,209
19,192,385,14,0,175,18,193
151,153,385,14,0,214,18,232
1520,268,385,14,0,99,18,117
1534,204,385,14,0,163,18,181
518,261,385,14,0,107,17,124
1544,262,386,14,0,105,19,124
258,254,386,14,0,113,19,132
413,196,386,14,0,171,19,190
1159,258,386,14,0,109,19,128
319,220,386,14,0,147,19,166
371,176,386,14,0,191,19,210
772,248,386,14,0,119,19,138
902,232,386,14,0,135,19,154
374,152,386,14,0,215,19,234
1246,194,386,14,0,173,19,192
610,270,386,14,0,97,19,116
215,177,386,14,0,190,19,209
620,251,386,14,0,116,19,135
471,202,386,14,0,165,19,184
1069,240,386,14,0,127,19,146
20,185,386,14,0,182,19,201
1151,238,386,14,0,129,19,148
333,201,386,14,0,166,19,185
326,181,386,14,0,186,19,205
373,241,386,14,0,126,19,145
765,225,390,5,0,156,9,165
1051,299,390,5,0,81,10,91
171,278,390,5,0,102,10,112
1161,260,390,5,0,120,10,130
952,257,390,5,0,123,10,133
416,264,390,5,0,116,10,126
802,282,390,5,0,98,10,108
878,278,390,5,0,103,9,112
803,270,390,5,0,111,9,120
34,268,390,5,0,112,10,122
1224,289,390,5,0,91,10,101
1223,257,390,5,0,124,9,133
570,269,390,5,0,111,10,121
242,297,390,5,0,83,10,93
1500,289,390,5,0,91,10,101
1405,242,390,5,0,138,10,148
1242,264,390,5,0,117,9,126
536,291,390,5,0,89,10,99
529,170,390,5,0,210,10,220
804,271,390,5,0,109,10,119
630,246,392,4,0,133,13,146
775,272,392,4,0,107,13,120
604,180,392,4,0,200,12,212
1540,156,392,4,0,223,13,236
507,182,392,4,0,197,13,210
1094,284,392,4,0,95,13,108
690,276,392,4,0,103,13,116
1565,291,392,4,0,88,13,101
777,166,392,4,0,213,13,226
62,153,392,4,0,227,12,239
60,241,392,4,0,138,13,151
629,297,392,4,0,82,13,95
825,293,392,4,0,86,13,99
846,232,392,4,0,147,13,160
1428,286,392,4,0,93,13,106
776,270,392,4,0,109,13,122
506,118,392,4,0,261,13,274
360,224,392,4,0,155,13,168
768,288,392,4,0,91,13,104
301,203,392,4,0,176,13,189
923,242,401,13,0,137,22,159
661,244,401,13,0,135,22,157
1055,249,401,13,0,130,22,152
815,230,401,13,0,149,22,171
1272,240,401,14,0,132,29,161
609,202,401,14,0,171,28,199
1440,193,401,13,0,186,22,208
1073,271,401,14,0,101,29,130
1388,208,401,13,0,171,22,193
388,289,401,14,0,83,29,112
1022,206,401,13,0,173,22,195
746,185,401,13,0,194,22,216
662,238,401,13,0,141,22,163
944,262,401,13,0,117,22,139
1369,195,401,13,0,184,22,206
1267,297,401,14,0,78,26,104
1341,185,401,14,0,187,29,216
537,283,401,14,0,90,28,118
257,251,401,14,0,123,27,150
1010,257,401,13,0,122,22,144
686,138,413,7,0,264,11,275
891,208,413,7,0,195,10,205
102,235,413,7,0,168,10,178
88,283,413,7,0,119,11,130
359,275,413,7,0,128,10,138
1086,256,413,7,0,147,10,157
1339,239,413,7,0,163,11,174
835,295,413,7,0,107,11,118
1174,259,413,7,0,143,11,154
18,255,413,7,0,147,11,158
685,278,413,7,0,124,11,135
456,234,413,7,0,168,11,179
1020,299,413,7,0,103,11,114
474,300,413,7,0,102,11,113
747,281,413,7,0,121,11,132
579,255,413,7,0,147,11,158
1188,274,413,7,0,128,11,139
796,222,413,7,0,180,11,191
357,253,413,7,0,150,10,160
555,250,413,7,0,152,11,163
621,237,421,19,0,156,28,184
700,259,421,19,0,134,28,162
956,181,421,19,0,212,28,240
1131,151,421,19,0,242,28,270
722,283,421,19,0,110,28,138
468,195,421,19,0,198,28,226
749,164,421,19,0,229,28,257
1314,251,421,19,0,142,28,170
194,292,421,19,0,101,28,129
193,215,421,19,0,178,28,206
603,202,421,19,0,191,28,219
934,273,421,19,0,120,28,148
627,287,421,19,0,106,28,134
1439,245,421,19,0,148,28,176
363,268,421,19,0,125,28,153
695,135,421,19,0,258,28,286
281,111,421,19,0,282,28,310
173,246,421,19,0,147,28,175
211,126,421,19,0,267,28,295
467,290,421,19,0,103,28,131
98,271,425,10,0,132,22,154
86,199,425,10,0,204,22,226
69,211,425,10,0,192,22,214
541,238,425,10,0,165,22,187
1126,164,425,10,0,239,22,261
1274,181,425,10,0,222,22,244
1003,260,425,10,0,143,22,165
618,237,425,10,0,166,22,188
830,145,425,10,0,258,22,280
556,231,425,10,0,172,22,194
472,266,425,10,0,137,22,159
70,220,425,10,0,183,22,205
711,197,425,10,0,206,22,228
725,184,425,10,0,219,22,241
315,253,425,10,0,150,22,172
578,169,425,10,0,234,22,256
557,65,425,10,0,338,22,360
97,150,425,10,0,253,22,275
1081,234,425,10,0,169,22,191
544,269,425,10,0,134,22,156
1297,289,437,7,0,115,33,148
535,297,437,5,0,116,24,140
1467,263,437,5,0,148,26,174
1437,210,437,4,0,216,11,227
119,274,437,5,0,138,25,163
694,272,437,4,0,154,11,165
850,255,437,7,0,149,33,182
1019,262,437,7,0,143,32,175
100,268,437,5,0,142,27,169
523,289,437,5,0,122,26,148
1039,162,437,4,0,264,11,275
61,256,437,4,0,170,11,181
1549,298,437,5,0,112,27,139
103,299,437,7,0,105,33,138
461,287,437,5,0,123,27,150
853,229,437,7,0,175,33,208
302,236,437,4,0,190,11,201
259,289,437,5,0,121,27,148
1429,279,437,7,0,125,33,158
567,256,437,5,0,154,27,181
892,281,442,4,0,146,15,161
1031,300,442,6,0,111,31,142
799,244,442,4,0,183,15,198
833,282,442,7,0,123,37,160
972,288,442,4,0,139,15,154
979,279,442,6,0,132,31,163
391,197,442,4,0,230,15,245
1436,292,442,4,0,135,15,150
813,194,442,6,0,217,31,248
429,245,442,7,0,160,37,197
93,299,442,4,0,128,15,143
1280,298,442,6,0,112,32,144
814,286,442,6,0,124,32,156
585,275,442,6,0,135,32,167
1306,288,442,6,0,125,29,154
30,219,442,6,0,191,32,223
50,227,442,6,0,185,30,215
985,296,442,7,0,110,36,146
154,231,442,4,0,197,14,211
368,154,442,6,0,256,32,288
176,251,443,12,0,174,18,192
565,266,443,12,0,159,18,177
175,287,443,12,0,138,18,156
996,238,443,12,0,187,18,205
737,231,443,12,0,194,18,212
430,260,443,12,0,165,18,183
59,196,443,12,0,229,18,247
976,294,443,12,0,131,18,149
672,282,443,12,0,143,18,161
422,224,443,12,0,201,18,219
1511,245,443,12,0,180,18,198
1181,191,443,12,0,234,18,252
437,212,443,12,0,213,18,231
184,191,443,12,0,234,18,252
841,268,443,12,0,157,18,175
836,206,443,12,0,219,18,237
26,262,443,12,0,163,18,181
10,209,443,12,0,216,18,234
490,187,443,12,0,238,18,256
492,279,443,12,0,146,18,164
1138,215,457,2,0,234,8,242
482,300,457,2,0,149,8,157
677,216,457,2,0,231,10,241
104,211,457,2,0,236,10,246
251,220,457,2,0,227,10,237
1447,172,457,2,0,275,10,285
1471,288,457,2,0,159,10,169
1326,249,457,2,0,199,9,208
202,209,457,2,0,239,9,248
479,261,457,2,0,186,10,196
1137,151,457,2,0,297,9,306
792,129,457,2,0,318,10,328
1482,279,457,2,0,168,10,178
1018,198,457,2,0,249,10,259
1186,272,457,2,0,175,10,185
1102,246,457,2,0,201,10,211
1264,281,457,2,0,167,9,176
201,216,457,2,0,232,9,241
478,267,457,2,0,181,9,190
1450,250,457,2,0,197,10,207
185,193,458,12,0,242,23,265
938,286,458,12,0,150,22,172
713,299,458,12,0,136,23,159
1279,209,458,12,0,226,23,249
1182,296,458,12,0,141,21,162
58,280,458,12,0,155,23,178
673,300,458,12,0,136,22,158
905,233,458,12,0,202,23,225
455,222,458,12,0,213,23,236
174,257,458,12,0,180,21,201
1404,260,458,12,0,175,23,198
57,291,458,12,0,144,23,167
1403,268,458,12,0,167,23,190
906,240,458,12,0,196,22,218
1426,265,458,12,0,171,22,193
387,191,458,12,0,245,22,267
177,212,458,12,0,224,22,246
840,190,458,12,0,245,23,268
1425,203,458,12,0,234,21,255
1347,249,458,12,0,186,23,209
1065,200,464,15,0,242,22,264
308,218,464,15,0,224,22,246
988,269,464,15,0,173,22,195
671,135,464,15,0,307,22,329
41,292,464,15,0,150,22,172
204,115,464,15,0,327,22,349
181,274,464,15,0,168,22,190
912,48,464,15,0,394,22,416
634,96,464,15,0,346,22,368
939,294,464,15,0,148,22,170
205,167,464,15,0,275,22,297
1454,219,464,15,0,223,22,245
1238,240,464,15,0,202,22,224
412,91,464,15,0,352,21,373
928,260,464,15,0,182,22,204
1009,276,464,15,0,166,22,188
1237,243,464,15,0,199,22,221
355,247,464,15,0,195,22,217
1128,153,464,15,0,289,22,311
39,264,464,15,0,178,22,200
110,193,469,13,0,260,16,276
508,231,469,15,0,217,21,238
1167,274,469,15,0,171,24,195
1220,241,469,15,0,204,24,228
929,287,469,15,0,162,20,182
1216,267,469,15,0,178,24,202
1095,219,469,15,0,226,24,250
1021,226,469,13,0,227,16,243
322,157,469,15,0,290,22,312
943,203,469,13,0,250,16,266
42,259,469,15,0,186,24,210
987,124,469,15,0,322,23,345
1097,273,469,15,0,173,23,196
1154,144,469,15,0,301,24,325
1215,111,469,15,0,334,24,358
925,293,469,15,0,152,24,176
913,263,469,15,0,184,22,206
321,246,469,15,0,200,23,223
505,215,469,15,0,231,23,254
989,196,469,15,0,249,24,273
646,240,474,1,0,225,9,234
1208,254,474,2,0,196,24,220
272,238,474,1,0,226,10,236
1462,230,474,2,0,219,25,244
658,295,474,1,0,170,9,179
753,281,474,1,0,183,10,193
563,292,474,1,0,172,10,182
1316,165,474,1,0,300,9,309
1139,286,474,1,0,178,10,188
402,273,474,1,0,193,8,201
231,208,474,1,0,256,10,266
199,186,474,2,0,263,25,288
105,275,474,2,0,174,25,199
139,282,474,1,0,183,9,192
648,227,474,1,0,238,9,247
443,173,474,1,0,291,10,301
647,231,474,1,0,233,10,243
922,240,474,1,0,224,10,234
453,153,474,1,0,311,10,321
1120,198,474,1,0,268,8,276
294,282,491,3,0,189,20,209
1349,271,491,11,0,203,17,220
398,295,491,3,0,180,16,196
288,174,491,11,0,300,17,317
1147,263,491,3,0,208,20,228
1146,250,491,3,0,221,20,241
1183,287,491,11,0,187,17,204
1045,239,491,11,0,235,17,252
108,289,491,11,0,185,17,202
856,116,491,11,0,359,16,375
966,241,491,3,0,232,18,250
1199,276,491,11,0,198,17,215
949,287,491,3,0,185,19,204
867,297,491,3,0,174,20,194
1177,230,491,11,0,244,17,261
23,291,491,3,0,180,20,200
1286,251,491,11,0,223,17,240
797,279,491,11,0,195,17,212
827,279,491,3,0,194,18,212
1433,194,491,11,0,280,17,297
1107,142,491,11,0,332,17,349
785,212,491,11,0,262,17,279
859,241,491,11,0,233,17,250
1366,275,491,3,0,196,20,216
1395,297,491,11,0,177,17,194
1178,281,491,11,0,193,17,210
577,224,491,3,0,248,19,267
1389,257,491,3,0,217,17,234
4,223,491,11,0,251,17,268
607,268,491,3,0,204,19,223
758,288,491,1,0,193,10,203
83,242,491,3,0,229,20,249
779,84,491,11,0,390,17,407
1227,236,491,3,0,235,20,255
1543,234,491,1,0,246,11,257
780,285,491,11,0,189,17,206
283,183,491,11,0,292,16,308
828,214,491,3,0,257,20,277
874,243,491,3,0,229,19,248
1336,282,497,18,0,188,27,215
1491,275,497,18,0,195,27,222
29,157,497,18,0,313,27,340
793,258,497,18,0,212,27,239
447,290,497,18,0,180,27,207
148,194,497,18,0,277,26,303
341,242,497,18,0,228,27,255
983,295,497,18,0,175,27,202
668,292,497,18,0,178,27,205
669,215,497,18,0,255,27,282
1522,287,497,18,0,183,27,210
1334,118,497,18,0,352,27,379
141,298,497,18,0,172,27,199
1077,294,497,18,0,176,27,203
351,265,497,18,0,205,27,232
1109,248,497,18,0,222,27,249
426,181,497,18,0,289,27,316
1303,144,497,18,0,327,26,353
439,283,497,18,0,187,27,214
1321,204,497,18,0,266,27,293
689,271,505,4,0,214,20,234
800,290,505,4,0,195,20,215
1057,285,505,4,0,201,19,220
894,294,505,4,0,193,18,211
1273,190,514,10,0,304,20,324
1287,202,514,11,0,283,29,312
1271,233,514,11,0,251,30,281
692,155,514,11,0,329,30,359
1006,266,514,11,0,221,27,248
587,225,514,11,0,261,28,289
509,271,514,11,0,213,30,243
1275,173,514,10,0,321,20,341
1510,244,514,11,0,240,30,270
1203,283,514,11,0,203,28,231
1052,288,514,11,0,197,29,226
494,293,514,11,0,191,30,221
511,240,514,11,0,245,29,274
1346,278,514,11,0,207,29,236
495,297,514,11,0,191,26,217
5,286,514,11,0,198,30,228
1432,280,514,11,0,204,30,234
1384,217,514,11,0,267,30,297
1276,157,514,10,0,337,20,357
1551,113,514,10,0,381,20,401
650,209,529,19,0,292,28,320
1330,291,529,19,0,207,31,238
812,273,529,19,0,225,31,256
250,293,529,19,0,207,29,236
954,201,529,19,0,297,31,328
249,244,529,19,0,255,30,285
801,129,529,19,0,370,30,400
1304,288,529,19,0,211,30,241
379,119,529,19,0,379,31,410
404,268,529,19,0,231,30,261
82,169,529,18,0,334,26,360
1132,145,529,19,0,353,31,384
660,192,529,19,0,307,30,337
234,252,529,19,0,246,31,277
377,155,529,19,0,345,29,374
519,245,529,19,0,253,31,284
390,173,529,19,0,325,31,356
389,249,529,19,0,251,29,280
1305,286,529,19,0,212,31,243
1327,226,529,19,0,272,31,303
1170,247,533,8,0,268,18,286
655,284,533,9,0,226,23,249
782,272,533,9,0,239,22,261
819,299,533,9,0,212,22,234
592,295,533,9,0,215,23,238
1142,153,533,9,0,357,23,380
1516,202,533,9,0,309,22,331
496,270,533,9,0,240,23,263
1378,293,533,9,0,219,21,240
1421,222,533,9,0,288,23,311
1487,250,541,9,0,262,29,291
1024,182,553,10,0,349,22,371
554,146,553,10,0,385,22,407
1116,282,553,10,0,250,21,271
180,256,553,10,0,277,20,297
543,211,553,10,0,321,21,342
1140,198,553,10,0,335,20,355
195,199,553,10,0,332,22,354
942,261,553,10,0,270,22,292
305,288,553,10,0,243,22,265
884,241,553,10,0,290,22,312
831,270,553,10,0,261,22,283
306,224,553,10,0,307,22,329
816,236,553,10,0,295,22,317
224,299,553,10,0,232,22,254
1125,168,553,10,0,364,21,385
87,281,553,10,0,250,22,272
553,297,553,10,0,236,20,256
1078,237,553,10,0,295,21,316
330,299,553,10,0,233,21,254
436,269,553,10,0,263,21,284
1512,248,555,17,0,286,21,307
401,174,555,17,0,360,21,381
1529,296,555,18,0,232,27,259
794,295,555,18,0,232,28,260
935,280,555,19,0,238,37,275
1087,280,555,18,0,247,28,275
1103,256,555,18,0,273,26,299
394,208,555,17,0,326,21,347
1041,243,555,18,0,284,28,312
347,132,555,17,0,402,21,423
130,210,555,18,0,317,28,345
227,262,555,18,0,265,28,293
109,233,555,18,0,295,27,322
822,293,555,18,0,236,26,262
993,291,555,18,0,236,28,264
36,289,555,18,0,239,27,266
918,285,555,18,0,242,28,270
984,273,555,18,0,255,27,282
1105,282,555,18,0,248,25,273
709,150,555,17,0,384,21,405
115,270,579,16,0,289,20,309
1155,261,579,17,0,292,26,318
732,234,579,17,0,320,25,345
3,257,579,16,0,302,20,322
1294,288,579,16,0,271,20,291
320,290,579,17,0,262,27,289
1157,247,579,16,0,312,20,332
910,293,579,17,0,261,25,286
95,278,579,16,0,281,20,301
527,275,579,16,0,284,20,304
348,285,579,17,0,268,26,294
810,200,579,17,0,352,27,379
329,158,579,17,0,395,26,421
678,286,579,16,0,273,20,293
729,252,579,17,0,300,27,327
710,135,579,17,0,417,27,444
1014,250,579,16,0,309,20,329
1071,273,579,17,0,282,24,306
481,266,579,17,0,286,27,313
733,283,579,17,0,269,27,296
1284,296,631,16,0,279,56,335
1566,272,631,16,0,304,55,359
261,264,631,13,0,323,44,367
375,231,631,12,0,367,33,400
1400,270,631,13,0,317,44,361
473,274,631,10,0,324,33,357
111,300,631,13,0,288,43,331
1546,262,631,16,0,313,56,369
187,279,631,13,0,309,43,352
975,232,631,13,0,355,44,399
1519,296,631,13,0,291,44,335
766,206,631,13,0,382,43,425
595,247,631,13,0,341,43,384
145,282,631,13,0,305,44,349
291,295,631,13,0,294,42,336
1479,298,631,16,0,278,55,333
166,193,631,13,0,394,44,438
564,233,631,10,0,364,34,398
1562,247,631,16,0,328,56,384
1399,294,631,13,0,293,44,337
1236,279,631,12,0,320,32,352
488,293,631,16,0,284,54,338
1219,298,631,16,0,277,56,333
597,290,631,13,0,298,43,341
863,243,631,13,0,344,44,388
997,241,631,13,0,347,43,390
1013,278,631,16,0,298,55,353
1295,255,631,16,0,321,55,376
1027,253,631,13,0,334,44,378
1477,286,631,16,0,289,56,345
280,269,631,13,0,319,43,362
1518,259,631,13,0,330,42,372
1058,276,631,16,0,299,56,355
