536,39,53,5,0,4,10,14
100,38,53,7,0,1,14,15
637,27,53,9,0,1,25,26
438,16,53,9,0,8,29,37
151,28,53,7,0,8,17,25
194,45,81,2,0,4,32,36
642,59,81,2,0,1,21,22
35,39,81,3,0,1,41,42
244,25,81,6,0,2,54,56
201,60,81,2,0,1,20,21
623,11,81,3,0,26,44,70
633,60,81,1,0,11,10,21
155,15,81,1,0,56,10,66
414,8,81,2,0,41,32,73
415,44,81,2,0,6,31,37
444,38,82,11,0,15,29,44
399,42,82,10,0,21,19,40
573,21,82,11,0,31,30,61
392,1,82,14,0,16,65,81
439,37,82,13,0,1,44,45
263,6,82,14,0,12,64,76
114,6,82,12,0,36,40,76
185,41,82,10,0,23,18,41
647,14,82,13,0,13,55,68
495,58,82,10,0,5,19,24
653,11,82,13,0,15,56,71
389,9,82,14,0,8,65,73
182,54,82,10,0,11,17,28
280,46,82,12,0,1,35,36
19,35,82,13,0,1,46,47
261,36,82,10,0,27,19,46
49,9,82,12,0,34,39,73
661,36,82,13,0,1,45,46
146,24,82,13,0,2,56,58
551,24,82,12,0,18,40,58
457,19,87,5,0,7,61,68
513,83,87,1,0,1,3,4
417,60,87,1,0,12,15,27
160,40,87,4,0,1,46,47
30,7,87,4,0,32,48,80
411,14,87,7,0,1,72,73
247,23,87,4,0,17,47,64
385,3,87,7,0,10,74,84
511,33,87,5,0,1,53,54
421,66,87,2,0,1,20,21
325,10,87,7,0,4,73,77
562,67,87,2,0,1,19,20
652,11,87,5,0,14,62,76
436,53,113,15,0,6,54,60
165,78,113,3,0,8,27,35
121,75,113,3,0,10,28,38
58,57,113,6,0,9,47,56
296,28,113,19,0,9,76,85
169,80,113,10,0,7,26,33
375,90,113,2,0,6,17,23
565,64,113,4,0,14,35,49
494,80,113,10,0,6,27,33
363,67,113,5,0,4,42,46
369,64,113,6,0,2,47,49
535,70,113,5,0,2,41,43
529,79,113,12,0,1,33,34
470,59,113,15,0,2,52,54
262,84,113,10,0,4,25,29
643,75,113,2,0,19,19,38
341,87,113,2,0,8,18,26
85,55,113,15,0,5,53,58
514,56,113,13,0,9,48,57
40,62,113,12,0,12,39,51
554,33,113,18,0,16,64,80
57,67,113,6,0,2,44,46
502,107,113,2,0,1,5,6
87,59,113,15,0,1,53,54
23,43,113,6,0,23,47,70
632,87,113,2,0,7,19,26
168,64,113,10,0,22,27,49
611,56,113,6,0,11,46,57
128,39,113,18,0,11,63,74
473,60,113,6,0,8,45,53
574,84,138,8,0,39,15,54
202,102,138,10,0,1,35,36
44,114,138,9,0,1,23,24
576,79,138,9,0,32,27,59
450,35,138,16,0,5,98,103
477,43,138,14,0,11,84,95
204,102,138,10,0,2,34,36
507,66,138,14,0,1,71,72
45,50,138,9,0,60,28,88
557,28,138,17,0,7,103,110
409,54,138,8,0,70,14,84
219,57,138,8,0,66,15,81
454,61,138,9,0,48,29,77
265,48,138,8,0,75,15,90
132,55,138,14,0,1,82,83
52,102,138,10,0,1,35,36
645,41,138,9,0,68,29,97
505,29,138,14,0,24,85,109
115,93,138,9,0,16,29,45
582,50,138,14,0,3,85,88
224,112,139,1,0,10,17,27
289,118,139,1,0,5,16,21
510,90,161,5,0,3,68,71
211,134,161,2,0,1,26,27
355,144,161,1,0,3,14,17
548,117,161,2,0,12,32,44
248,99,161,4,0,1,61,62
191,150,161,1,0,1,10,11
323,79,161,5,0,13,69,82
497,134,161,2,0,2,25,27
126,76,161,5,0,15,70,85
29,93,161,4,0,5,63,68
229,84,161,5,0,7,70,77
469,104,161,3,0,10,47,57
379,110,161,3,0,3,48,51
122,111,161,3,0,4,46,50
336,83,161,4,0,15,63,78
166,98,161,3,0,15,48,63
209,92,161,5,0,2,67,69
292,92,161,4,0,7,62,69
225,147,161,1,0,1,13,14
581,85,170,14,0,63,22,85
253,98,170,15,0,38,34,72
351,64,170,15,0,72,34,106
345,94,170,15,0,44,32,76
498,119,170,15,0,17,34,51
284,120,170,19,0,2,48,50
12,56,170,19,0,66,48,114
344,92,170,15,0,44,34,78
395,86,170,19,0,37,47,84
13,98,170,19,0,24,48,72
437,82,170,15,0,55,33,88
143,80,170,14,0,68,22,90
163,127,170,15,0,12,31,43
356,114,170,14,0,34,22,56
145,132,170,15,0,5,33,38
99,117,170,15,0,20,33,53
133,124,170,14,0,24,22,46
491,99,170,19,0,25,46,71
84,128,170,15,0,8,34,42
328,82,170,14,0,67,21,88
124,142,174,4,0,19,13,32
68,141,174,5,0,14,19,33
157,167,174,3,0,1,6,7
598,151,174,4,0,12,11,23
196,167,174,3,0,3,4,7
210,127,174,5,0,27,20,47
321,143,174,5,0,11,20,31
231,151,174,5,0,6,17,23
212,118,174,4,0,43,13,56
569,126,174,5,0,30,18,48
570,103,174,5,0,52,19,71
315,163,174,4,0,1,10,11
616,146,174,3,0,21,7,28
197,127,174,3,0,40,7,47
428,103,174,5,0,51,20,71
214,133,174,4,0,29,12,41
158,132,174,3,0,36,6,42
508,146,174,3,0,23,5,28
207,101,174,5,0,53,20,73
317,162,174,3,0,5,7,12
98,148,184,15,0,3,33,36
144,155,184,15,0,1,28,29
7,88,184,18,0,20,76,96
606,136,184,16,0,9,39,48
62,105,184,16,0,39,40,79
596,100,184,17,0,27,57,84
86,152,184,15,0,1,31,32
629,97,184,18,0,11,76,87
134,59,184,16,0,84,41,125
24,144,184,16,0,2,38,40
589,74,184,18,0,34,76,110
254,102,184,18,0,7,75,82
481,96,184,18,0,14,74,88
0,130,184,17,0,1,53,54
553,107,184,17,0,19,58,77
370,100,184,14,0,62,22,84
555,85,184,18,0,24,75,99
5,90,184,17,0,36,58,94
447,128,184,14,0,34,22,56
639,135,184,16,0,8,41,49
17,129,191,6,0,38,24,62
442,141,191,7,0,13,37,50
362,121,191,7,0,33,37,70
242,119,191,7,0,34,38,72
118,118,191,7,0,37,36,73
561,174,191,6,0,1,16,17
387,101,191,7,0,52,38,90
256,128,191,6,0,37,26,63
241,133,191,7,0,23,35,58
403,140,191,7,0,13,38,51
71,155,191,6,0,10,26,36
125,53,191,7,0,100,38,138
170,144,191,6,0,22,25,47
69,155,191,6,0,13,23,36
423,139,191,6,0,26,26,52
102,173,191,6,0,1,17,18
480,130,191,7,0,23,38,61
479,56,191,7,0,98,37,135
18,105,191,6,0,61,25,86
472,95,191,6,0,70,26,96
206,168,199,2,0,19,12,31
60,183,199,2,0,5,11,16
127,161,199,2,0,25,13,38
500,190,199,2,0,1,8,9
440,184,199,2,0,2,13,15
59,177,199,2,0,9,13,22
640,171,207,16,0,1,35,36
172,136,207,18,0,12,59,71
427,174,207,15,0,1,32,33
106,144,207,17,0,13,50,63
226,161,207,17,0,1,45,46
272,153,207,18,0,1,53,54
489,133,207,19,0,7,67,74
476,173,207,14,0,9,25,34
83,80,207,13,0,107,20,127
543,168,207,15,0,6,33,39
105,152,207,17,0,5,50,55
37,151,207,17,0,7,49,56
478,159,207,14,0,22,26,48
654,126,207,13,0,61,20,81
608,143,207,13,0,44,20,64
179,103,207,13,0,84,20,104
506,124,207,14,0,56,27,83
294,130,207,19,0,11,66,77
391,160,207,14,0,20,27,47
295,126,207,19,0,14,67,81
625,189,229,3,0,20,20,40
123,195,229,3,0,15,19,34
257,178,229,3,0,30,21,51
94,194,229,3,0,14,21,35
140,148,231,12,0,64,19,83
635,161,231,12,0,49,21,70
572,165,231,11,0,49,17,66
431,144,231,12,0,65,22,87
91,127,231,12,0,83,21,104
533,174,231,12,0,35,22,57
405,115,231,12,0,95,21,116
274,114,231,11,0,100,17,117
527,186,231,12,0,23,22,45
408,97,231,12,0,112,22,134
552,150,231,12,0,59,22,81
371,198,231,12,0,12,21,33
595,124,231,12,0,85,22,107
531,144,231,11,0,70,17,87
90,119,231,12,0,92,20,112
233,138,231,11,0,76,17,93
15,118,231,12,0,91,22,113
276,109,231,11,0,105,17,122
282,198,231,12,0,11,22,33
81,174,231,12,0,37,20,57
54,186,240,10,0,18,36,54
200,209,240,2,0,19,12,31
28,215,240,10,0,1,24,25
43,165,240,8,0,18,57,75
76,122,240,10,0,84,34,118
56,129,240,10,0,75,36,111
597,178,240,4,0,53,9,62
213,192,240,4,0,39,9,48
117,176,240,7,0,17,47,64
278,152,240,10,0,55,33,88
521,120,240,10,0,84,36,120
630,153,240,8,0,28,59,87
75,200,240,10,0,8,32,40
217,123,240,8,0,57,60,117
496,173,240,10,0,31,36,67
649,137,240,8,0,45,58,103
366,177,240,8,0,3,60,63
287,155,240,8,0,25,60,85
240,109,240,10,0,95,36,131
108,206,240,5,0,14,20,34
537,187,240,10,0,18,35,53
592,163,240,7,0,29,48,77
311,184,240,7,0,8,48,56
413,197,240,10,0,7,36,43
412,172,240,10,0,33,35,68
189,203,240,2,0,24,13,37
33,117,240,8,0,64,59,123
184,206,240,10,0,1,33,34
364,182,240,8,0,2,56,58
53,117,240,10,0,88,35,123
394,131,240,10,0,74,35,109
216,80,240,8,0,100,60,160
301,192,240,4,0,39,9,48
484,184,240,10,0,22,34,56
456,203,240,4,0,28,9,37
365,148,240,8,0,32,60,92
21,161,240,10,0,43,36,79
558,179,240,8,0,2,59,61
524,147,240,10,0,57,36,93
619,188,240,7,0,6,46,52
567,185,243,5,0,33,25,58
614,207,243,6,0,2,34,36
32,180,243,5,0,39,24,63
119,190,243,8,0,1,52,53
112,209,243,6,0,1,33,34
67,224,243,5,0,1,18,19
31,198,243,5,0,20,25,45
358,230,243,5,0,1,12,13
111,197,243,6,0,10,36,46
270,217,243,5,0,3,23,26
424,175,243,5,0,43,25,68
322,214,243,5,0,5,24,29
525,188,243,5,0,32,23,55
255,194,243,6,0,14,35,49
326,215,243,5,0,3,25,28
70,192,243,6,0,15,36,51
499,205,243,5,0,13,25,38
107,210,243,5,0,8,25,33
110,203,243,5,0,16,24,40
560,181,243,4,0,53,9,62
419,181,251,13,0,46,24,70
48,220,251,12,0,13,18,31
139,222,251,13,0,3,26,29
147,104,251,13,0,121,26,147
251,183,251,13,0,41,27,68
464,209,251,13,0,19,23,42
2,146,251,13,0,80,25,105
350,146,251,13,0,78,27,105
308,199,251,13,0,25,27,52
609,127,251,13,0,97,27,124
51,191,251,13,0,34,26,60
515,99,251,13,0,125,27,152
291,207,251,13,0,18,26,44
78,215,251,13,0,9,27,36
463,199,251,13,0,27,25,52
250,204,251,13,0,20,27,47
113,216,251,12,0,17,18,35
646,207,251,13,0,17,27,44
77,170,251,13,0,54,27,81
430,157,251,13,0,68,26,94
410,216,286,8,0,42,28,70
599,221,286,9,0,27,38,65
346,226,286,9,0,23,37,60
577,212,286,7,0,57,17,74
594,249,286,9,0,1,36,37
348,156,286,9,0,92,38,130
601,227,286,9,0,21,38,59
332,245,286,9,0,3,38,41
47,217,286,9,0,33,36,69
466,199,286,8,0,58,29,87
215,228,286,7,0,41,17,58
483,236,286,8,0,21,29,50
192,192,286,9,0,56,38,94
299,174,286,9,0,75,37,112
593,232,286,9,0,19,35,54
333,250,286,9,0,1,35,36
607,232,286,9,0,16,38,54
46,237,286,9,0,12,37,49
116,249,286,9,0,3,34,37
578,230,286,7,0,39,17,56
271,158,290,18,0,101,31,132
222,188,290,18,0,71,31,102
205,155,290,18,0,103,32,135
648,167,290,18,0,91,32,123
173,174,290,18,0,84,32,116
273,237,290,18,0,21,32,53
286,219,290,18,0,39,32,71
448,206,290,18,0,53,31,84
550,179,290,18,0,82,29,111
588,165,290,18,0,95,30,125
587,228,290,18,0,34,28,62
237,188,290,18,0,70,32,102
641,172,290,17,0,93,25,118
452,242,290,18,0,17,31,48
590,182,290,18,0,76,32,108
174,191,290,18,0,69,30,99
223,170,290,18,0,89,31,120
319,199,290,18,0,59,32,91
546,191,290,17,0,74,25,99
449,159,290,18,0,99,32,131
429,289,297,5,0,1,7,8
425,238,297,5,0,50,9,59
475,260,297,5,0,29,8,37
651,286,297,5,0,2,9,11
612,240,297,6,0,33,24,57
26,222,297,6,0,50,25,75
324,241,297,5,0,48,8,56
509,265,297,5,0,23,9,32
644,255,297,9,0,3,39,42
4,259,297,9,0,1,37,38
613,261,297,6,0,11,25,36
161,283,297,6,0,1,13,14
103,255,297,5,0,35,7,42
306,230,297,6,0,41,26,67
474,259,297,5,0,29,9,38
109,256,297,9,0,3,38,41
398,218,297,6,0,53,26,79
422,246,297,6,0,25,26,51
171,278,297,6,0,1,18,19
208,241,297,5,0,47,9,56
290,272,311,1,0,24,15,39
352,268,311,1,0,30,13,43
154,293,311,1,0,3,15,18
190,291,311,1,0,4,16,20
512,246,311,1,0,49,16,65
631,268,311,1,0,27,16,43
564,234,311,1,0,62,15,77
353,241,311,1,0,56,14,70
136,236,311,1,0,59,16,75
354,257,311,1,0,39,15,54
338,214,311,1,0,81,16,97
156,272,311,1,0,23,16,39
137,286,311,1,0,11,14,25
97,261,311,1,0,34,16,50
396,279,314,19,0,1,34,35
66,253,314,19,0,21,40,61
488,246,314,19,0,30,38,68
303,225,314,19,0,49,40,89
293,271,314,19,0,7,36,43
628,294,314,18,0,1,19,20
285,257,314,19,0,17,40,57
230,271,314,19,0,3,40,43
331,254,314,19,0,21,39,60
600,213,314,19,0,64,37,101
418,172,314,19,0,104,38,142
330,174,314,19,0,100,40,140
492,241,314,19,0,33,40,73
39,278,314,19,0,1,35,36
234,168,314,19,0,106,40,146
490,205,314,19,0,69,40,109
38,190,314,19,0,85,39,124
493,165,314,19,0,110,39,149
283,233,314,19,0,42,39,81
11,157,314,19,0,117,40,157
73,241,315,17,0,38,36,74
433,271,315,17,0,7,37,44
378,265,315,17,0,15,35,50
129,272,315,18,0,1,42,43
634,207,315,17,0,71,37,108
269,190,315,16,0,99,26,125
547,264,315,17,0,14,37,51
618,195,315,17,0,84,36,120
655,234,315,17,0,47,34,81
74,239,315,17,0,39,37,76
453,275,315,18,0,1,39,40
22,203,315,17,0,77,35,112
556,209,315,17,0,70,36,106
6,218,315,17,0,60,37,97
176,171,315,16,0,118,26,144
566,277,315,17,0,2,36,38
36,176,315,17,0,102,37,139
432,187,315,16,0,102,26,128
377,196,315,17,0,82,37,119
605,181,315,16,0,108,26,134
239,298,323,4,0,2,23,25
520,275,323,4,0,25,23,48
316,266,323,4,0,34,23,57
249,290,323,4,0,12,21,33
314,239,323,4,0,62,22,84
445,278,323,3,0,37,8,45
559,192,323,4,0,108,23,131
337,286,323,4,0,14,23,37
167,280,323,3,0,35,8,43
164,243,323,3,0,72,8,80
563,283,323,4,0,18,22,40
615,260,323,3,0,55,8,63
199,299,323,3,0,16,8,24
10,195,323,4,0,106,22,128
245,267,323,4,0,36,20,56
9,236,323,4,0,64,23,87
313,300,323,4,0,1,22,23
343,208,323,4,0,94,21,115
246,206,323,4,0,94,23,117
120,259,323,3,0,57,7,64
297,248,329,16,0,61,20,81
298,200,329,16,0,108,21,129
434,187,329,16,0,122,20,142
42,188,329,16,0,120,21,141
267,231,329,16,0,77,21,98
335,236,329,16,0,72,21,93
266,217,329,16,0,91,21,112
349,225,329,16,0,84,20,104
177,231,329,16,0,79,19,98
435,288,329,16,0,21,20,41
41,175,329,16,0,133,21,154
268,193,329,16,0,117,19,136
131,284,329,18,0,2,43,45
320,276,329,18,0,9,44,53
334,206,329,16,0,103,20,123
63,253,329,16,0,55,21,76
659,208,329,16,0,100,21,121
72,296,329,17,0,3,30,33
638,269,329,16,0,39,21,60
660,300,329,16,0,8,21,29
446,213,353,14,0,120,20,140
235,270,353,14,0,63,20,83
583,261,353,14,0,72,20,92
656,253,353,14,0,80,20,100
238,236,353,14,0,97,20,117
455,212,353,14,0,123,18,141
504,259,353,14,0,76,18,94
604,292,353,14,0,41,20,61
327,230,353,14,0,103,20,123
518,187,353,14,0,146,20,166
603,298,353,14,0,36,19,55
568,292,353,14,0,43,18,61
388,241,353,14,0,93,19,112
393,217,353,14,0,117,19,136
617,200,353,14,0,134,19,153
519,284,353,14,0,49,20,69
657,293,353,14,0,40,20,60
658,291,353,14,0,43,19,62
584,209,353,14,0,124,20,144
390,267,353,14,0,67,19,86
198,280,355,3,0,51,24,75
624,283,355,3,0,47,25,72
501,281,355,2,0,60,14,74
34,274,355,3,0,56,25,81
549,260,355,2,0,80,15,95
302,299,355,6,0,12,44,56
420,276,355,2,0,66,13,79
195,277,355,2,0,63,15,78
342,290,355,2,0,53,12,65
540,258,355,2,0,83,14,97
539,232,355,2,0,108,15,123
545,268,355,5,0,49,38,87
243,297,355,6,0,12,46,58
318,291,355,6,0,18,46,64
374,286,355,2,0,54,15,69
368,294,355,6,0,16,45,61
526,294,355,5,0,24,37,61
441,295,355,2,0,45,15,60
517,273,364,9,0,54,37,91
361,281,364,7,0,65,18,83
228,257,364,7,0,89,18,107
159,270,364,9,0,56,38,94
347,285,364,9,0,41,38,79
8,290,364,8,0,45,29,74
61,287,364,9,0,42,35,77
575,273,364,9,0,53,38,91
312,241,364,7,0,105,18,123
516,298,364,9,0,28,38,66
482,293,364,8,0,43,28,71
227,277,364,8,0,58,29,87
218,286,364,8,0,49,29,78
487,278,364,9,0,48,38,86
386,215,364,7,0,131,18,149
50,278,364,8,0,58,28,86
602,277,364,9,0,51,36,87
465,300,364,8,0,35,29,64
193,281,364,9,0,46,37,83
264,286,364,8,0,51,27,78
373,190,369,15,0,159,20,179
397,278,369,15,0,75,16,91
357,279,369,14,0,57,33,90
407,242,369,12,0,109,18,127
622,236,369,15,0,114,19,133
610,252,369,13,0,93,24,117
460,244,369,15,0,105,20,125
462,250,369,13,0,93,26,119
542,299,369,15,0,50,20,70
79,237,369,15,0,115,17,132
307,273,369,13,0,73,23,96
304,259,369,12,0,92,18,110
152,235,369,12,0,116,18,134
92,273,369,13,0,70,26,96
544,236,369,15,0,113,20,133
135,238,369,13,0,106,25,131
329,292,369,15,0,57,20,77
309,253,369,15,0,98,18,116
82,256,369,13,0,87,26,113
95,250,369,15,0,99,20,119
104,292,369,13,0,51,26,77
459,215,369,15,0,136,18,154
138,273,369,13,0,71,25,96
461,263,369,13,0,81,25,106
528,219,369,12,0,132,18,150
178,266,369,13,0,77,26,103
451,286,369,13,0,57,26,83
236,234,369,14,0,101,34,135
458,233,369,13,0,110,26,136
621,207,369,15,0,143,19,162
162,253,369,15,0,96,20,116
3,227,369,12,0,124,18,142
310,275,369,15,0,74,20,94
20,287,369,13,0,58,24,82
80,296,369,15,0,54,19,73
426,261,369,15,0,89,19,108
471,214,369,15,0,135,20,155
252,247,369,15,0,103,19,122
96,227,369,15,0,122,20,142
101,289,387,7,0,83,15,98
300,278,387,7,0,92,17,109
591,228,387,7,0,142,17,159
384,299,387,7,0,71,17,88
620,252,387,7,0,119,16,135
503,190,389,11,0,184,15,199
153,281,389,12,0,89,19,108
571,236,389,11,0,138,15,153
406,231,389,12,0,139,19,158
141,276,389,12,0,93,20,113
258,114,389,11,0,260,15,275
279,297,389,12,0,72,20,92
636,255,389,12,0,116,18,134
14,285,389,12,0,84,20,104
404,222,389,12,0,147,20,167
530,260,389,12,0,110,19,129
1,259,389,12,0,110,20,130
372,235,389,12,0,134,20,154
305,264,389,12,0,105,20,125
534,273,389,12,0,99,17,116
532,141,389,11,0,233,15,248
150,213,389,16,0,144,32,176
443,232,389,11,0,142,15,157
281,291,389,12,0,80,18,98
25,267,389,16,0,91,31,122
183,265,403,10,0,115,23,138
149,240,403,11,0,136,27,163
175,268,403,11,0,107,28,135
400,243,403,10,0,138,22,160
376,260,403,10,0,120,23,143
55,257,403,10,0,123,23,146
93,126,403,11,0,249,28,277
186,251,403,10,0,129,23,152
188,292,403,10,0,88,23,111
275,150,403,11,0,226,27,253
259,295,403,11,0,80,28,108
142,288,403,11,0,87,28,115
148,234,403,11,0,143,26,169
16,289,403,11,0,87,27,114
277,238,403,11,0,137,28,165
538,296,403,10,0,84,23,107
232,279,403,11,0,99,25,124
650,204,403,11,0,171,28,199
586,232,403,10,0,148,23,171
367,257,403,10,0,124,22,146
187,262,409,10,0,129,18,147
522,299,409,10,0,91,19,110
585,286,409,10,0,104,19,123
203,295,409,10,0,97,17,114
27,255,409,10,0,135,19,154
130,298,432,18,0,109,25,134
