123,43,59,5,2,7,9,16
145,39,59,6,2,1,19,20
421,21,65,0,2,37,7,44
352,35,65,0,2,24,6,30
86,60,65,0,2,1,4,5
324,43,70,15,2,1,26,27
214,18,72,4,0,7,47,54
98,27,72,6,0,14,31,45
299,41,72,2,0,6,25,31
256,23,72,2,0,23,26,49
497,22,72,6,0,18,32,50
38,16,75,19,0,15,44,59
45,72,75,1,0,1,2,3
385,48,75,1,0,11,16,27
427,64,75,1,0,1,10,11
345,31,76,8,2,28,17,45
416,52,76,8,2,8,16,24
365,62,78,0,2,10,6,16
481,73,90,1,0,5,12,17
412,75,90,2,0,1,14,15
295,4,90,18,0,20,66,86
319,23,90,17,0,7,60,67
325,28,90,15,0,15,47,62
258,94,100,0,2,1,5,6
178,82,100,0,2,8,10,18
170,84,100,0,2,7,9,16
95,95,100,0,2,1,4,5
365,98,123,2,10,3,22,25
352,93,141,2,18,7,41,48
237,53,164,9,2,34,77,111
118,105,164,3,2,44,15,59
150,133,165,5,2,1,31,32
469,97,165,7,2,6,62,68
479,80,165,6,2,36,49,85
87,103,171,0,2,61,7,68
474,104,171,0,2,61,6,67
248,146,171,0,2,21,4,25
269,107,171,0,2,57,7,64
346,125,171,0,2,40,6,46
384,118,171,0,2,48,5,53
214,121,171,0,2,43,7,50
98,126,171,0,2,38,7,45
143,103,182,12,2,31,48,79
73,110,182,18,2,6,66,72
206,85,182,13,2,43,54,97
374,95,182,12,2,40,47,87
189,123,190,1,0,51,16,67
401,162,190,1,0,14,14,28
31,86,190,4,0,43,61,104
201,98,190,2,0,66,26,92
212,94,190,8,0,3,93,96
302,62,190,9,0,26,102,128
329,157,190,1,0,17,16,33
430,134,190,1,0,41,15,56
328,120,190,5,0,15,55,70
35,86,190,7,0,16,88,104
344,87,190,8,0,9,94,103
57,106,190,5,0,28,56,84
482,184,197,0,2,6,7,13
380,186,197,0,2,5,6,11
75,186,197,0,2,4,7,11
60,168,197,0,2,22,7,29
103,181,202,0,2,9,12,21
473,89,206,10,0,71,46,117
4,68,206,19,0,39,99,138
180,135,206,11,0,15,56,71
287,187,206,2,0,1,18,19
266,122,206,13,0,7,77,84
102,113,206,12,0,23,70,93
445,74,206,12,0,60,72,132
95,168,211,2,5,29,14,43
383,208,212,0,2,1,3,4
121,207,212,0,2,1,4,5
169,200,212,0,2,7,5,12
219,199,212,0,2,8,6,14
141,91,215,11,2,57,67,124
485,63,215,17,2,33,119,152
395,94,215,14,2,23,98,121
91,128,215,11,2,21,66,87
174,177,215,3,2,26,12,38
209,160,217,5,2,25,32,57
122,96,217,18,2,1,120,121
207,64,225,17,0,33,128,161
272,101,225,17,0,1,123,124
18,132,225,11,0,16,77,93
165,65,225,18,0,22,138,160
227,83,225,17,0,13,129,142
242,54,225,18,0,32,139,171
158,171,225,4,0,22,32,54
467,196,230,4,0,1,33,34
200,224,230,2,0,1,5,6
238,159,230,9,0,14,57,71
265,132,230,9,0,40,58,98
403,84,230,16,0,21,125,146
267,135,230,13,0,1,94,95
322,225,231,0,2,1,5,6
427,214,231,0,2,11,6,17
258,207,232,2,12,5,20,25
314,216,232,0,2,10,6,16
99,215,232,0,2,10,7,17
70,221,232,0,2,4,7,11
385,212,232,0,2,13,7,20
285,232,238,0,2,1,5,6
79,231,238,0,2,1,6,7
175,240,259,3,2,5,14,19
375,241,259,4,2,1,17,18
398,253,259,3,2,1,5,6
159,204,259,8,2,13,42,55
52,135,264,17,2,61,68,129
8,155,264,17,2,43,66,109
488,156,264,12,2,88,20,108
185,160,264,12,2,85,19,104
36,205,264,12,2,39,20,59
124,141,264,15,2,77,46,123
315,209,264,16,2,1,54,55
215,168,264,16,2,34,62,96
105,229,274,6,0,1,44,45
425,209,274,4,0,30,35,65
134,207,274,4,0,31,36,67
448,208,274,8,0,10,56,66
197,216,274,15,0,2,56,58
487,174,274,12,0,72,28,100
495,161,274,13,0,75,38,113
494,190,274,13,0,47,37,84
163,218,274,6,0,9,47,56
257,248,274,12,0,1,25,26
458,146,274,17,0,50,78,128
239,162,274,12,0,82,30,112
111,248,274,2,0,11,15,26
381,204,274,16,0,1,69,70
66,138,274,17,0,59,77,136
388,197,274,17,0,2,75,77
417,222,274,8,0,1,51,52
368,134,274,14,0,93,47,140
390,203,274,15,0,16,55,71
125,241,281,0,2,33,7,40
16,268,281,0,2,7,6,13
189,266,281,0,2,8,7,15
196,268,292,1,2,18,6,24
308,241,292,0,2,33,18,51
280,275,292,0,2,1,16,17
327,267,292,0,2,7,18,25
192,263,292,0,2,11,18,29
25,252,292,0,2,22,18,40
473,259,292,0,2,16,17,33
445,279,292,0,2,1,12,13
178,250,299,2,9,31,18,49
156,296,301,0,2,1,4,5
334,286,301,0,2,4,11,15
70,294,314,2,6,7,13,20
310,263,315,15,2,10,42,52
420,201,315,17,2,54,60,114
127,273,315,13,2,14,28,42
154,204,315,18,2,44,67,111
246,231,315,16,2,33,51,84
244,222,315,18,2,24,69,93
452,272,315,12,2,24,19,43
211,256,315,15,2,15,44,59
453,256,327,11,2,52,19,71
50,176,327,11,2,131,20,151
67,187,327,10,2,126,14,140
252,282,327,11,2,25,20,45
421,302,328,2,17,1,25,26
78,313,334,2,1,3,19,22
386,261,335,11,0,49,25,74
293,310,335,10,0,3,22,25
247,234,335,11,0,73,28,101
231,260,335,14,0,11,64,75
221,304,335,11,0,3,28,31
277,285,335,11,0,23,27,50
179,188,335,11,0,120,27,147
361,269,335,10,0,44,22,66
387,301,335,11,0,8,26,34
243,257,335,18,0,1,77,78
46,253,335,11,0,54,28,82
472,211,335,10,0,102,22,124
51,251,335,11,0,58,26,84
19,260,335,11,0,47,28,75
296,256,335,14,0,14,65,79
353,291,335,11,0,16,28,44
0,249,338,5,2,47,42,89
71,289,338,6,2,1,48,49
312,239,338,8,2,13,86,99
441,278,338,3,2,42,18,60
28,279,338,4,2,30,29,59
462,264,343,16,0,1,78,79
226,137,343,18,0,109,97,206
162,160,343,18,0,87,96,183
110,240,343,17,0,15,88,103
225,190,343,18,0,56,97,153
311,242,343,15,0,30,71,101
183,245,343,13,0,41,57,98
460,219,343,16,0,44,80,124
318,222,343,17,0,34,87,121
33,240,343,15,0,31,72,103
476,257,343,17,0,1,85,86
261,256,343,16,0,7,80,87
44,321,343,1,0,13,9,22
274,306,350,0,2,29,15,44
93,328,350,0,2,7,15,22
191,313,350,1,2,30,7,37
216,325,350,0,2,13,12,25
245,298,350,0,2,37,15,52
342,327,350,0,2,9,14,23
410,298,350,0,2,38,14,52
23,330,350,0,2,7,13,20
268,316,350,0,2,19,15,34
15,339,350,0,2,1,10,11
301,326,350,0,2,9,15,24
355,337,350,0,2,2,11,13
278,307,350,0,2,30,13,43
180,333,350,0,2,3,14,17
256,330,350,0,2,5,15,20
497,320,350,0,2,15,15,30
94,316,350,0,2,21,14,35
436,290,352,8,2,20,42,62
63,348,352,4,2,1,3,4
198,283,352,7,2,39,30,69
357,332,352,6,2,3,17,20
143,336,358,2,1,2,20,22
192,343,358,2,1,1,14,15
179,353,358,0,2,1,4,5
188,349,359,1,2,1,9,10
480,350,359,1,2,1,8,9
291,347,359,0,2,1,11,12
449,304,360,8,0,7,49,56
259,331,360,7,0,1,28,29
358,295,360,6,0,39,26,65
133,347,360,4,0,1,12,13
284,320,360,4,0,26,14,40
223,285,360,9,0,14,61,75
483,291,360,7,0,32,37,69
29,342,360,4,0,5,13,18
263,258,360,9,0,41,61,102
402,275,360,9,0,25,60,85
393,346,366,17,2,1,19,20
313,241,366,19,2,93,32,125
85,251,366,19,2,82,33,115
128,357,366,0,2,3,6,9
152,120,366,19,2,212,34,246
434,361,366,0,2,1,4,5
99,347,366,2,5,4,15,19
233,359,366,0,2,3,5,8
96,279,367,5,0,18,70,88
27,235,367,9,0,12,120,132
468,270,367,7,0,1,96,97
415,240,367,8,0,13,114,127
466,308,367,4,0,2,57,59
463,312,367,4,0,1,54,55
146,274,367,6,0,10,83,93
411,265,367,4,0,43,59,102
260,252,367,7,0,13,102,115
359,268,367,6,0,15,84,99
384,357,374,2,1,9,8,17
497,364,374,2,6,2,8,10
294,294,379,18,0,46,39,85
288,371,379,2,0,1,7,8
134,369,379,0,2,1,9,10
58,364,379,2,0,2,13,15
376,307,379,19,0,28,44,72
12,360,379,2,0,7,12,19
221,365,379,0,2,2,12,14
53,291,379,17,0,55,33,88
153,135,379,19,0,197,47,244
136,120,379,19,0,213,46,259
370,336,379,18,0,3,40,43
203,331,379,19,0,1,47,48
115,272,379,19,0,60,47,107
74,308,379,18,0,31,40,71
39,250,379,19,0,82,47,129
137,328,379,19,0,5,46,51
389,319,379,17,0,28,32,60
92,320,379,17,0,26,33,59
13,271,379,18,0,68,40,108
3,315,379,19,0,17,47,64
155,331,379,18,0,10,38,48
234,376,391,0,2,3,12,15
363,384,391,0,2,1,6,7
491,378,391,0,2,2,11,13
409,359,396,10,2,17,20,37
364,228,396,10,2,149,19,168
366,367,399,10,0,11,21,32
474,319,401,2,17,31,51,82
125,382,409,2,13,9,18,27
488,393,413,2,1,5,15,20
357,395,413,2,1,1,17,18
170,390,413,2,1,7,16,23
385,407,413,2,1,1,5,6
186,393,414,0,2,6,15,21
282,390,414,0,2,9,15,24
97,392,414,0,2,8,14,22
383,385,421,2,16,6,30,36
156,384,427,2,18,8,35,43
47,352,431,8,2,32,47,79
142,361,431,6,2,41,29,70
48,357,431,8,2,29,45,74
470,348,432,10,0,28,56,84
306,306,432,10,0,70,56,126
471,310,432,10,0,68,54,122
367,194,432,10,0,182,56,238
444,373,432,2,0,23,36,59
330,389,432,1,0,24,19,43
77,392,432,2,0,4,36,40
190,379,432,1,0,34,19,53
343,358,432,10,0,19,55,74
338,381,432,1,0,33,18,51
303,322,440,9,2,74,44,118
362,373,440,5,2,35,32,67
432,330,440,9,2,66,44,110
210,333,445,15,2,86,26,112
354,337,445,16,2,70,38,108
373,349,445,16,2,59,37,96
406,380,445,16,2,27,38,65
34,301,445,15,2,117,27,144
80,429,446,2,1,3,15,18
85,440,451,2,1,1,10,11
78,433,453,1,2,8,12,20
117,404,453,0,2,28,21,49
161,427,453,0,2,5,21,26
88,438,453,0,2,1,14,15
394,422,453,0,2,11,20,31
442,417,453,0,2,15,21,36
340,412,453,0,2,21,20,41
408,423,453,0,2,9,21,30
101,413,453,0,2,19,21,40
201,418,453,0,2,14,21,35
462,429,453,0,2,4,20,24
448,420,453,0,2,15,18,33
12,414,453,0,2,20,19,39
56,429,453,0,2,4,21,25
319,421,453,0,2,11,21,32
57,423,453,0,2,11,19,30
44,417,453,0,2,16,20,36
271,336,454,14,0,93,25,118
404,388,454,16,0,22,44,66
68,330,454,16,0,79,45,124
83,328,454,14,0,102,24,126
382,306,454,16,0,102,46,148
10,303,454,16,0,104,47,151
112,402,454,15,0,16,36,52
81,323,454,16,0,84,47,131
477,346,454,15,0,72,36,108
171,384,454,14,0,46,24,70
422,410,454,16,0,1,43,44
326,384,454,15,0,36,34,70
396,427,454,14,0,2,25,27
32,326,454,14,0,103,25,128
270,377,454,14,0,52,25,77
40,419,457,3,0,2,36,38
151,372,457,5,0,35,50,85
113,401,457,9,0,1,55,56
41,404,457,3,0,16,37,53
262,366,457,9,0,32,59,91
431,326,457,9,0,71,60,131
335,398,457,9,0,1,58,59
176,447,458,0,2,6,5,11
31,444,458,0,2,8,6,14
299,454,458,0,2,1,3,4
248,425,463,2,3,35,3,38
6,458,464,0,2,1,5,6
280,433,464,2,0,1,30,31
496,366,464,6,0,37,61,98
213,375,464,8,0,9,80,89
172,402,464,6,0,2,60,62
435,321,464,8,0,63,80,143
356,404,464,6,0,1,59,60
166,338,464,7,0,54,72,126
212,457,464,0,2,1,6,7
218,325,464,8,0,60,79,139
22,372,464,7,0,21,71,92
195,443,464,1,0,3,18,21
456,461,465,0,2,1,3,4
337,469,473,0,2,1,3,4
235,462,473,0,2,3,8,11
443,467,473,0,2,2,4,6
140,466,473,0,2,1,6,7
239,461,473,0,2,3,9,12
359,466,473,0,2,2,5,7
103,399,474,2,4,60,15,75
322,429,478,2,11,1,48,49
380,410,480,2,6,48,22,70
308,408,486,2,12,6,72,78
23,398,486,2,7,60,28,88
355,456,493,2,19,1,36,37
25,439,495,2,14,1,55,56
493,474,498,0,2,15,9,24
281,479,498,0,2,8,11,19
371,475,498,0,2,12,11,23
286,470,498,0,2,18,10,28
489,469,498,0,2,18,11,29
105,485,498,0,2,3,10,13
494,477,498,0,2,11,10,21
370,489,498,0,2,2,7,9
458,485,498,0,2,2,11,13
45,477,498,0,2,10,11,21
171,494,498,0,2,1,3,4
165,478,498,0,2,12,8,20
265,490,498,0,2,2,6,8
338,471,498,0,2,16,11,27
86,410,511,2,19,5,96,101
334,493,516,2,9,5,18,23
1,355,518,11,2,129,34,163
138,350,518,11,2,132,36,168
276,358,518,11,2,124,36,160
345,476,525,2,1,43,6,49
52,477,525,2,1,41,7,48
50,467,525,2,1,51,7,58
252,509,525,2,1,10,6,16
26,498,531,9,0,18,15,33
2,338,537,11,0,145,54,199
199,496,537,7,0,11,30,41
428,428,537,11,0,54,55,109
89,471,537,11,0,11,55,66
349,492,537,1,0,34,11,45
251,488,537,2,0,30,19,49
429,368,537,11,0,115,54,169
7,314,537,11,0,168,55,223
224,453,537,9,0,41,43,84
424,472,537,1,0,53,12,65
181,371,537,11,0,111,55,166
217,460,537,8,0,39,38,77
139,450,537,11,0,33,54,87
21,484,537,11,0,2,51,53
304,446,537,9,0,47,44,91
332,458,537,11,0,26,53,79
407,456,537,11,0,26,55,81
222,383,537,11,0,102,52,154
93,526,541,2,1,3,12,15
315,527,541,2,1,1,13,14
17,520,541,0,2,14,7,21
87,487,541,2,1,41,13,54
114,519,541,0,2,12,10,22
109,518,541,0,2,13,10,23
100,504,541,0,2,28,9,37
490,531,541,0,2,2,8,10
446,535,541,0,2,1,5,6
275,516,541,0,2,17,8,25
54,527,541,0,2,4,10,14
283,525,541,0,2,7,9,16
425,531,541,0,2,1,9,10
467,531,541,0,2,4,6,10
200,524,541,0,2,7,10,17
38,503,541,0,2,28,10,38
344,507,541,0,2,24,10,34
263,518,541,0,2,14,9,23
264,540,545,0,2,1,4,5
297,539,545,0,2,2,5,7
389,538,545,0,2,1,6,7
321,334,546,12,2,162,50,212
184,313,546,12,2,183,50,233
49,370,546,12,2,126,50,176
320,336,546,12,2,162,48,210
62,539,552,0,2,1,12,13
454,538,552,0,2,1,13,14
5,540,552,0,2,1,11,12
116,546,552,0,2,1,5,6
414,475,552,3,0,38,39,77
470,545,552,0,2,1,6,7
317,433,552,7,0,49,70,119
107,423,552,6,0,67,62,129
339,498,552,3,0,14,40,54
240,445,552,3,0,67,40,107
106,468,552,6,0,23,61,84
455,484,552,6,0,6,62,68
459,443,552,7,0,38,71,109
219,532,552,2,0,1,19,20
61,431,552,7,0,50,71,121
390,540,552,0,2,1,11,12
193,391,553,12,0,105,57,162
119,439,553,12,0,58,56,114
447,399,553,12,0,100,54,154
59,476,553,12,0,20,57,77
37,332,553,12,0,165,56,221
348,496,553,10,0,11,46,57
309,382,553,12,0,115,56,171
120,407,553,12,0,89,57,146
17,549,559,2,10,1,9,10
136,554,559,0,2,1,4,5
327,553,563,2,5,1,9,10
186,545,568,2,12,2,21,23
279,558,569,0,2,1,10,11
228,325,571,17,2,206,40,246
65,377,571,17,2,155,39,194
230,382,571,19,2,112,77,189
305,356,571,18,2,156,59,215
363,565,571,2,5,1,5,6
489,522,572,2,6,19,31,50
75,548,573,2,13,1,24,25
456,551,578,2,18,1,26,27
8,550,583,2,1,21,12,33
138,571,583,2,1,1,11,12
36,557,583,2,1,14,12,26
314,565,583,2,6,2,16,18
301,555,583,2,1,17,11,28
60,554,583,2,7,1,28,29
346,524,583,2,15,21,38,59
493,546,590,2,17,2,42,44
319,480,590,2,17,65,45,110
316,499,592,16,0,39,54,93
9,410,592,17,0,121,61,182
135,455,592,19,0,38,99,137
164,411,592,18,0,101,80,181
465,498,592,15,0,50,44,94
391,472,592,15,0,76,44,120
369,470,592,18,0,44,78,122
360,337,592,19,0,156,99,255
461,484,592,16,0,55,53,108
475,428,592,17,0,105,59,164
492,439,592,17,0,92,61,153
351,400,592,18,0,113,79,192
486,459,592,17,0,73,60,133
229,497,592,19,0,1,94,95
177,430,592,16,0,108,54,162
204,456,592,19,0,39,97,136
236,580,597,0,2,3,14,17
90,571,597,0,2,12,14,26
194,581,597,0,2,3,13,16
491,564,597,2,15,2,31,33
169,562,597,2,15,1,34,35
294,567,597,0,2,16,14,30
401,564,597,0,2,20,13,33
271,566,597,0,2,19,12,31
213,582,597,0,2,1,14,15
218,578,597,0,2,8,11,19
388,570,597,0,2,14,13,27
407,564,597,0,2,19,14,33
267,561,597,0,2,22,14,36
282,498,598,2,19,48,52,100
121,564,608,2,18,1,43,44
400,596,611,0,2,1,14,15
132,595,611,0,2,1,15,16
130,586,611,0,2,7,18,25
293,591,611,0,2,1,19,20
249,588,611,0,2,5,19,24
163,592,611,0,2,1,18,19
295,589,611,0,2,5,17,22
311,585,611,0,2,7,19,26
254,603,612,0,2,1,8,9
202,608,612,0,2,1,3,4
433,598,616,0,2,1,17,18
423,587,623,2,1,21,16,37
255,590,623,2,1,20,14,34
300,594,623,2,1,14,16,30
191,566,623,2,1,41,16,57
436,618,623,2,1,1,4,5
485,583,623,2,1,25,15,40
395,612,623,2,1,1,10,11
469,597,623,2,1,11,15,26
67,608,623,2,1,1,14,15
15,603,623,2,1,7,13,20
275,602,630,2,0,5,23,28
408,616,630,2,7,1,13,14
347,297,631,13,2,312,22,334
149,451,638,13,0,158,29,187
108,498,638,13,0,111,29,140
72,337,638,13,0,272,29,301
440,469,638,13,0,141,28,169
350,301,638,13,0,309,28,337
205,415,638,13,0,196,27,223
126,644,650,0,2,1,5,6
392,645,650,0,2,1,4,5
30,646,650,0,2,1,3,4
437,634,652,0,2,1,17,18
76,614,652,0,2,17,21,38
341,628,652,0,2,3,21,24
167,619,652,0,2,13,20,33
81,638,652,0,2,1,13,14
203,611,652,0,2,20,21,41
43,613,654,0,2,17,24,41
74,612,654,0,2,19,23,42
262,617,654,0,2,13,24,37
368,609,654,0,2,21,24,45
396,611,654,0,2,19,24,43
459,619,654,0,2,11,24,35
286,626,662,2,9,24,12,36
410,656,663,2,4,1,6,7
67,636,673,1,10,6,31,37
423,655,675,1,2,13,7,20
255,652,675,1,2,15,8,23
469,642,675,1,7,1,32,33
333,662,675,0,2,1,12,13
451,663,675,0,2,2,10,12
439,662,675,0,2,2,11,13
460,660,675,0,2,1,14,15
115,663,675,0,2,1,11,12
3,646,675,0,2,11,18,29
353,658,675,0,2,1,16,17
82,341,676,14,2,316,19,335
234,576,677,2,10,36,65,101
473,667,677,2,10,1,9,10
345,618,686,1,8,18,50,68
488,648,686,1,12,1,37,38
321,661,687,2,1,14,12,26
174,663,687,2,1,13,11,24
143,558,690,1,12,41,91,132
54,674,690,2,6,1,15,16
73,654,692,2,1,22,16,38
189,671,692,2,1,5,16,21
278,647,696,2,0,28,21,49
233,665,696,2,0,10,21,31
450,472,697,14,0,186,39,225
285,630,698,2,13,1,67,68
269,571,698,2,13,40,87,127
267,627,698,2,13,1,70,71
442,652,704,2,14,1,51,52
315,605,710,1,16,1,104,105
462,655,710,2,16,1,54,55
80,696,713,1,2,7,10,17
418,672,713,0,2,24,17,41
331,691,713,0,2,5,17,22
336,682,713,0,2,14,17,31
182,683,713,0,2,13,17,30
144,689,713,0,2,9,15,24
426,693,713,0,2,3,17,20
27,693,713,0,2,4,16,20
481,695,713,0,2,1,17,18
231,678,713,0,2,18,17,35
412,672,713,0,2,25,16,41
111,688,713,0,2,8,17,25
113,673,713,0,2,23,17,40
302,667,713,0,2,29,17,46
260,687,713,0,2,9,17,26
220,683,713,0,2,15,16,31
281,597,717,2,17,14,106,120
405,702,718,0,2,1,15,16
131,683,718,0,2,14,21,35
157,693,718,0,2,4,21,25
197,688,718,0,2,9,21,30
277,674,718,0,2,23,21,44
391,696,718,0,2,1,21,22
238,714,718,0,2,1,3,4
240,700,718,0,2,1,17,18
162,700,718,0,2,2,16,18
475,700,718,0,2,1,17,18
403,668,718,0,2,29,21,50
177,678,718,0,2,20,20,40
468,714,719,0,2,1,4,5
151,714,719,0,2,1,4,5
222,715,719,0,2,1,3,4
168,707,722,0,2,1,14,15
68,709,722,0,2,1,12,13
328,700,722,0,2,3,19,22
13,706,722,0,2,1,15,16
62,719,729,2,4,1,9,10
132,700,729,2,3,16,13,29
370,623,729,2,18,1,105,106
117,695,736,2,5,18,23,41
114,660,739,2,19,1,78,79
310,711,740,2,1,13,16,29
145,726,740,2,1,1,13,14
416,730,740,2,1,1,9,10
427,698,740,2,1,25,17,42
357,706,742,1,6,1,35,36
93,724,748,1,0,16,8,24
279,735,748,2,0,1,12,13
109,736,749,2,13,1,12,13
291,677,754,2,10,37,40,77
342,693,754,2,10,21,40,61
16,677,754,2,10,36,41,77
378,742,756,0,2,1,13,14
14,739,756,0,2,1,16,17
4,741,756,0,2,1,14,15
35,740,756,0,2,1,15,16
173,739,756,0,2,2,16,18
158,746,756,0,2,1,9,10
138,685,763,1,11,17,61,78
433,708,763,2,11,5,50,55
300,727,764,1,2,15,22,37
419,718,764,0,2,15,31,46
464,726,764,0,2,8,30,38
160,732,764,0,2,1,31,32
250,724,764,0,2,9,31,40
292,726,764,0,2,7,31,38
399,749,764,0,2,1,14,15
496,732,764,0,2,3,29,32
84,729,764,0,2,5,31,36
361,723,764,0,2,12,29,41
166,730,764,0,2,4,30,34
18,739,764,0,2,1,24,25
430,719,764,0,2,15,30,45
129,726,764,0,2,11,28,39
242,722,764,0,2,11,31,42
61,750,764,0,2,1,13,14
29,746,764,0,2,2,16,18
434,737,765,2,4,19,9,28
98,737,772,2,6,20,15,35
268,708,773,2,13,6,59,65
97,739,777,2,7,17,21,38
436,736,778,1,8,6,36,42
69,765,781,0,2,2,14,16
64,752,781,0,2,15,14,29
247,768,781,0,2,2,11,13
181,755,781,0,2,13,13,26
225,760,781,0,2,9,12,21
366,757,781,0,2,10,14,24
216,684,783,2,16,31,68,99
176,701,783,2,16,12,70,82
340,746,788,2,11,12,30,42
245,672,794,2,18,41,81,122
394,685,794,2,18,28,81,109
122,780,796,2,1,4,12,16
482,793,796,2,1,1,2,3
206,782,796,2,1,1,13,14
237,755,796,2,1,28,13,41
208,770,798,0,2,9,19,28
232,774,798,0,2,4,20,24
253,781,798,0,2,1,16,17
20,774,798,0,2,5,19,24
224,774,798,0,2,4,20,24
463,784,798,0,2,1,13,14
51,773,798,0,2,7,18,25
137,769,798,0,2,9,20,29
261,771,798,0,2,7,20,27
36,732,799,1,12,17,50,67
470,763,801,2,10,18,20,38
323,485,805,15,0,270,50,320
252,773,807,1,11,1,33,34
90,772,807,2,11,9,26,35
494,757,811,2,13,2,52,54
24,795,816,0,2,10,11,21
148,786,816,0,2,19,11,30
289,796,816,0,2,10,10,20
83,790,816,0,2,17,9,26
272,798,816,0,2,7,11,18
325,785,816,0,2,20,11,31
195,785,816,0,2,21,10,31
485,768,822,1,17,4,50,54
85,737,823,1,19,13,73,86
104,810,826,0,2,1,15,16
339,804,826,0,2,3,19,22
266,813,826,0,2,1,12,13
483,813,826,0,2,2,11,13
30,777,828,2,4,22,29,51
214,796,828,2,4,2,30,32
372,819,830,0,2,1,10,11
417,817,830,0,2,1,12,13
283,769,834,2,19,13,52,65
160,806,841,2,8,1,34,35
237,827,842,1,9,1,14,15
50,779,852,1,11,31,42,73
6,777,852,2,9,21,54,75
341,828,852,2,11,1,23,24
331,821,852,2,9,1,30,31
221,795,852,2,11,21,36,57
179,836,852,2,11,1,15,16
150,844,853,2,1,1,8,9
409,838,853,2,1,1,14,15
246,838,853,2,1,2,13,15
244,829,853,2,1,1,23,24
48,807,853,2,1,23,23,46
198,821,853,2,1,9,23,32
28,798,853,2,1,33,22,55
124,847,853,2,1,1,5,6
324,838,853,2,1,1,14,15
159,794,853,2,1,36,23,59
34,835,853,2,1,1,17,18
479,811,853,2,1,20,22,42
337,802,853,2,1,30,21,51
8,819,855,1,17,3,33,36
395,781,860,1,14,30,49,79
202,801,863,2,0,29,33,62
129,821,863,2,0,12,30,42
147,839,866,0,2,15,12,27
273,849,866,0,2,6,11,17
241,849,866,0,2,5,12,17
290,826,866,0,2,28,12,40
379,839,866,0,2,16,11,27
96,828,866,0,2,28,10,38
386,851,866,0,2,3,12,15
298,848,866,0,2,9,10,19
428,857,866,0,2,1,8,9
415,848,866,0,2,6,12,18
226,850,866,0,2,8,8,16
360,840,866,0,2,14,12,26
55,852,866,0,2,4,11,15
461,856,866,0,2,1,9,10
472,846,866,0,2,8,12,20
102,843,866,0,2,11,12,23
19,844,866,0,2,11,11,22
351,840,866,0,2,17,9,26
270,819,866,0,2,35,12,47
296,823,866,0,2,32,11,43
52,810,869,1,17,2,57,59
377,857,874,0,2,6,11,17
217,860,874,0,2,3,11,14
332,865,874,0,2,1,8,9
161,829,878,2,18,1,48,49
101,818,878,2,18,1,59,60
484,868,880,0,2,1,11,12
66,867,880,0,2,1,12,13
330,866,880,0,2,1,13,14
227,858,880,0,2,5,17,22
82,870,881,2,1,1,10,11
63,872,881,2,1,2,7,9
452,857,881,2,1,15,9,24
118,862,881,2,1,11,8,19
338,857,881,2,1,14,10,24
454,875,882,2,3,1,6,7
187,877,883,0,2,3,3,6
193,872,883,0,2,5,6,11
444,875,883,0,2,4,4,8
329,870,883,0,2,8,5,13
21,875,883,0,2,2,6,8
326,868,883,0,2,9,6,15
492,876,883,0,2,2,5,7
174,862,885,1,3,10,13,23
157,854,888,2,4,12,22,34
94,852,888,2,0,19,17,36
140,874,892,2,11,1,17,18
150,866,898,1,5,5,27,32
105,853,898,2,6,15,30,45
276,881,900,2,1,10,9,19
231,878,900,2,14,1,21,22
145,850,903,1,6,21,32,53
167,869,904,2,7,1,34,35
457,879,909,0,2,9,21,30
438,892,909,0,2,1,16,17
307,888,909,0,2,2,19,21
207,894,909,0,2,1,14,15
288,896,909,0,2,1,12,13
404,880,909,0,2,9,20,29
287,891,909,0,2,1,17,18
146,888,909,0,2,1,20,21
431,890,909,0,2,1,18,19
350,886,909,0,2,2,21,23
246,859,910,1,16,9,42,51
224,859,917,2,9,8,50,58
399,901,920,2,3,8,11,19
490,882,922,2,17,1,39,40
478,898,925,0,2,6,21,27
465,904,925,0,2,3,18,21
382,896,925,0,2,8,21,29
466,915,925,0,2,1,9,10
387,897,925,0,2,8,20,28
381,906,925,0,2,2,17,19
243,900,925,0,2,4,21,25
46,902,925,0,2,2,21,23
37,907,925,0,2,2,16,18
304,910,925,0,2,1,14,15
77,901,925,0,2,4,20,24
318,908,925,0,2,2,15,17
33,899,925,0,2,7,19,26
223,911,925,0,2,1,13,14
204,912,925,0,2,1,12,13
305,907,927,2,1,3,17,20
91,907,927,2,1,2,18,20
328,897,928,2,5,12,19,31
88,850,930,2,11,16,64,80
277,852,930,2,11,14,64,78
5,879,931,2,18,1,51,52
84,902,933,2,0,7,24,31
173,913,933,2,0,1,19,20
437,872,940,2,14,1,67,68
418,913,942,2,9,1,28,29
265,907,942,2,9,3,32,35
487,928,943,0,2,5,10,15
153,931,943,0,2,2,10,12
356,917,943,0,2,16,10,26
110,926,943,0,2,9,8,17
477,924,943,0,2,9,10,19
42,935,943,0,2,2,7,9
229,929,943,0,2,5,9,14
476,919,943,0,2,15,9,24
290,892,944,2,10,34,18,52
449,941,949,0,2,1,7,8
259,935,949,0,2,1,13,14
251,936,949,0,2,1,12,13
343,945,949,0,2,1,3,4
120,942,949,0,2,1,6,7
148,919,951,2,5,24,8,32
253,896,952,2,11,29,27,56
165,850,952,2,18,17,85,102
321,922,961,1,12,1,38,39
446,932,961,2,12,1,28,29
102,918,961,2,12,7,36,43
438,938,965,2,8,5,22,27
123,949,966,2,1,6,11,17
374,936,966,2,1,19,11,30
116,930,972,2,13,1,41,42
264,934,973,2,9,9,30,39
263,919,973,2,9,25,29,54
232,935,978,2,14,1,42,43
71,963,979,2,1,1,15,16
312,968,979,2,1,1,10,11
441,945,979,2,1,11,23,34
124,894,983,1,15,24,65,89
482,934,984,1,0,32,18,50
250,950,984,2,0,6,28,34
182,935,986,2,11,10,41,51
414,958,987,0,2,20,9,29
199,956,987,0,2,21,10,31
495,956,987,0,2,23,8,31
53,960,987,0,2,20,7,27
257,959,987,0,2,18,10,28
172,952,987,0,2,25,10,35
183,963,987,0,2,14,10,24
422,955,987,0,2,23,9,32
455,976,987,0,2,1,10,11
284,970,987,0,2,8,9,17
440,978,987,0,2,1,8,9
92,956,987,0,2,21,10,31
100,914,992,2,18,12,66,78
372,890,992,2,18,35,67,102
371,899,992,2,18,26,67,93
351,896,992,2,18,31,65,96
416,971,1003,1,8,11,21,32
48,976,1003,1,8,8,19,27
376,988,1004,0,2,1,15,16
10,988,1004,0,2,2,14,16
112,986,1004,0,2,1,17,18
309,991,1004,0,2,1,12,13
411,983,1004,0,2,1,20,21
413,981,1006,2,1,8,18,26
188,998,1006,2,1,1,7,8
211,983,1006,2,1,4,19,23
400,979,1006,2,1,8,19,27
409,950,1009,1,10,33,26,59
63,948,1014,1,4,10,56,66
194,968,1017,2,12,20,29,49
451,975,1017,2,12,14,28,42
198,993,1018,1,7,1,24,25
107,1003,1022,0,2,5,14,19
435,997,1022,0,2,12,13,25
471,1005,1022,0,2,5,12,17
367,1005,1022,0,2,3,14,17
139,1010,1022,0,2,1,11,12
39,1010,1022,0,2,2,10,12
397,993,1022,0,2,16,14,30
76,952,1023,2,13,35,36,71
126,990,1023,2,13,1,32,33
147,999,1025,2,5,1,25,26
130,983,1031,2,16,5,43,48
144,964,1031,2,6,4,63,67
208,979,1037,2,17,8,50,58
209,1035,1039,2,1,1,3,4
439,1020,1039,2,8,2,17,19
449,1021,1039,2,8,2,16,18
431,955,1043,2,9,12,76,88
305,979,1046,1,18,3,64,67
73,949,1046,1,18,33,64,97
0,1033,1047,2,1,1,13,14
141,1035,1047,2,1,1,11,12
175,1028,1047,2,1,1,18,19
480,1034,1047,2,1,1,12,13
185,1015,1047,2,1,14,18,32
364,1006,1047,2,1,23,18,41
406,1010,1047,2,1,20,17,37
215,1024,1047,2,1,7,16,23
392,970,1052,2,19,17,65,82
361,1014,1052,2,10,5,33,38
298,1042,1053,2,0,1,10,11
310,1004,1055,1,15,13,38,51
119,1029,1059,0,2,20,10,30
58,1047,1059,0,2,5,7,12
89,1045,1059,0,2,5,9,14
317,1047,1059,0,2,2,10,12
306,1049,1059,0,2,2,8,10
358,1047,1059,0,2,3,9,12
429,1027,1059,0,2,23,9,32
133,1045,1059,0,2,4,10,14
335,1032,1059,0,2,19,8,27
155,1026,1059,0,2,23,10,33
222,1000,1059,2,11,18,41,59
402,1036,1059,0,2,13,10,23
244,1016,1063,1,18,2,45,47
118,1024,1071,1,3,30,17,47
131,1066,1071,2,3,1,4,5
171,1007,1071,2,14,10,54,64
71,1025,1079,1,6,30,24,54
405,1026,1079,2,16,1,52,53
261,1040,1079,2,16,1,38,39
323,1060,1080,0,2,1,19,20
464,1072,1087,2,4,9,6,15
134,1069,1087,2,4,11,7,18
333,1064,1088,2,10,3,21,24
458,1042,1090,2,17,1,47,48
159,1050,1092,1,8,4,38,42
276,1053,1093,1,11,7,33,40
20,1060,1093,2,11,7,26,33
180,1044,1093,2,11,23,26,49
209,1077,1095,1,5,1,17,18
210,1091,1096,2,1,1,4,5
274,1088,1096,2,1,1,7,8
184,1076,1096,2,1,1,19,20
453,1078,1096,2,1,1,17,18
196,1063,1096,2,1,13,20,33
375,1080,1096,2,1,1,15,16
142,1073,1096,2,1,3,20,23
11,1068,1096,2,1,11,18,29
14,1053,1096,2,1,24,19,43
45,1079,1096,2,1,1,16,17
294,997,1098,2,18,20,81,101
302,1061,1101,2,9,1,39,40
419,1074,1103,2,9,6,23,29
43,1050,1104,2,0,26,28,54
164,1078,1104,0,2,14,12,26
257,1072,1104,2,12,1,31,32
59,1095,1104,0,2,1,8,9
26,1072,1104,0,2,21,11,32
450,1082,1104,0,2,12,10,22
22,1070,1104,0,2,22,12,34
115,1027,1105,2,19,1,77,78
414,1106,1112,2,3,2,4,6
183,1064,1113,2,13,4,45,49
336,1068,1118,2,14,2,48,50
271,1079,1118,2,14,1,38,39
190,1101,1120,0,2,3,16,19
426,1086,1121,2,4,19,16,35
168,1045,1127,2,15,23,59,82
112,1065,1127,2,15,2,60,62
312,1087,1133,1,8,11,35,46
31,1109,1133,2,4,11,13,24
284,1115,1133,2,4,8,10,18
262,1122,1134,2,9,1,11,12
316,1107,1135,0,2,15,13,28
40,1116,1135,0,2,8,11,19
32,1113,1135,0,2,10,12,22
486,1113,1135,0,2,9,13,22
122,1030,1136,1,18,29,77,106
242,1061,1136,2,18,8,67,75
2,1128,1142,0,2,3,11,14
41,1132,1142,0,2,1,9,10
205,1136,1142,0,2,1,5,6
141,1087,1143,1,11,12,44,56
91,1101,1143,1,11,1,41,42
479,1104,1143,1,6,5,34,39
104,1112,1143,2,6,10,21,31
89,1089,1143,2,11,15,39,54
429,1103,1143,2,11,1,39,40
359,1115,1143,2,6,5,23,28
441,1123,1147,1,3,5,19,24
199,1114,1149,2,7,6,29,35
206,1073,1153,1,13,25,55,80
448,1111,1155,2,8,9,35,44
344,1128,1155,2,8,1,26,27
377,1136,1159,2,7,1,22,23
259,1130,1159,2,7,5,24,29
24,1108,1163,2,14,2,53,55
292,1151,1164,2,10,1,12,13
307,1138,1164,2,10,6,20,26
293,1134,1164,2,10,9,21,30
185,1106,1167,1,12,3,58,61
51,1144,1171,2,11,1,26,27
47,1146,1172,2,1,7,19,26
393,1154,1172,2,1,1,17,18
313,1147,1172,2,1,4,21,25
127,1108,1172,2,1,43,21,64
154,1126,1172,2,1,26,20,46
398,1149,1172,2,1,3,20,23
430,1161,1172,2,1,1,10,11
440,1112,1173,2,13,9,52,61
324,1097,1174,1,15,3,74,77
56,1132,1179,2,0,19,28,47
34,1105,1182,1,15,5,72,77
211,1117,1182,1,15,1,64,65
197,1110,1182,2,15,11,61,72
239,1134,1182,2,12,8,40,48
460,1161,1182,2,16,1,20,21
445,1141,1182,2,12,1,40,41
69,1080,1184,2,16,24,80,104
403,1091,1184,2,16,15,78,93
9,1174,1188,0,2,5,9,14
349,1165,1188,0,2,14,9,23
424,1176,1188,0,2,5,7,12
106,1171,1188,0,2,9,8,17
215,1106,1191,1,16,5,80,85
273,1129,1191,2,16,1,61,62
378,1106,1192,2,18,1,85,86
13,1107,1192,2,18,2,83,85
64,1131,1195,2,17,11,53,64
57,1188,1198,2,5,1,9,10
136,1109,1200,2,19,1,90,91
318,1112,1200,2,17,8,80,88
496,1174,1203,2,6,14,15,29
163,1145,1203,2,6,43,15,58
28,1148,1205,1,4,25,32,57
38,1126,1206,2,19,1,79,80
212,1177,1213,2,8,12,24,36
142,1165,1216,1,6,8,43,51
354,1181,1219,2,1,21,17,38
420,1179,1219,2,1,24,16,40
228,1177,1219,2,1,25,17,42
362,1179,1219,2,1,22,18,40
152,1215,1219,2,1,1,3,4
44,1174,1219,2,1,27,18,45
297,1198,1225,2,0,3,24,27
42,1177,1225,2,0,24,24,48
241,1214,1232,2,3,8,10,18
123,1199,1236,1,5,28,9,37
149,1226,1237,0,2,1,10,11
135,1224,1237,0,2,1,12,13
108,1186,1237,0,2,39,12,51
348,1190,1237,0,2,36,11,47
158,1222,1239,2,4,2,15,17
26,1228,1242,2,9,1,13,14
447,1229,1248,0,2,12,7,19
7,1236,1248,0,2,5,7,12
72,1232,1248,0,2,10,6,16
96,1215,1251,2,5,8,28,36
289,1193,1252,2,10,25,34,59
415,1219,1258,2,8,3,36,39
386,1233,1259,2,11,1,25,26
407,1183,1259,2,11,37,39,76
353,1228,1259,2,11,1,30,31
364,1173,1260,1,10,58,29,87
478,1248,1263,2,6,1,14,15
187,1224,1266,2,12,1,41,42
119,1180,1266,2,12,38,48,86
484,1244,1268,2,7,4,20,24
184,1193,1269,1,12,40,36,76
452,1158,1269,1,12,74,37,111
230,1217,1273,2,1,38,18,56
128,1233,1273,2,1,23,17,40
320,1248,1273,2,1,7,18,25
457,1253,1275,2,9,1,21,22
368,1177,1279,2,14,42,60,102
270,1232,1279,2,14,1,46,47
82,1141,1280,1,14,90,49,139
11,1266,1280,1,2,3,11,14
296,1236,1280,2,14,1,43,44
475,1245,1287,2,17,1,41,42
374,1260,1288,1,12,12,16,28
325,1206,1289,2,15,12,71,83
390,1222,1289,2,15,1,66,67
389,1254,1290,2,17,1,35,36
339,1292,1296,2,3,1,3,4
127,1254,1297,1,13,17,26,43
272,1194,1297,2,17,25,78,103
155,1246,1298,2,18,1,51,52
379,1170,1303,2,18,48,85,133
172,1287,1303,2,6,1,15,16
295,1229,1303,2,18,1,73,74
406,1266,1306,1,16,5,35,40
151,1298,1308,2,5,1,9,10
228,1261,1315,1,17,10,44,54
213,1290,1315,2,8,1,24,25
467,1314,1322,2,4,2,6,8
154,1262,1327,1,18,11,54,65
413,1287,1328,1,2,32,9,41
348,1300,1334,2,10,14,20,34
313,1272,1339,1,19,2,65,67
375,1289,1339,1,4,31,19,50
362,1329,1343,1,5,4,10,14
0,1315,1345,1,5,4,26,30
247,1278,1346,2,11,37,31,68
177,1323,1346,2,16,1,22,23
218,1325,1353,2,8,3,25,28
266,1337,1354,2,13,1,16,17
316,1264,1361,2,16,50,47,97
68,1302,1361,2,16,11,48,59
81,1263,1361,2,16,50,48,98
303,1320,1363,2,1,34,9,43
432,1275,1363,2,1,77,11,88
373,1341,1363,2,1,12,10,22
49,1339,1363,2,1,13,11,24
349,1313,1363,2,1,39,11,50
195,1360,1363,2,1,1,2,3
404,1338,1366,2,16,1,27,28
249,1306,1368,2,0,47,15,62
92,1276,1370,2,17,37,57,94
153,1289,1376,2,19,24,63,87
360,1333,1376,2,19,1,42,43
466,1368,1380,2,4,1,11,12
411,1372,1380,2,4,1,7,8
472,1357,1383,2,10,11,15,26
369,1269,1387,0,2,99,19,118
113,1374,1390,2,9,1,15,16
7,1366,1393,2,11,1,26,27
326,1379,1394,2,15,1,14,15
175,1342,1399,1,3,37,20,57
495,1367,1400,2,13,2,31,33
72,1345,1400,2,13,22,33,55
4,1380,1403,2,19,1,22,23
391,1344,1406,2,15,22,40,62
483,1388,1410,2,7,1,21,22
382,1364,1411,2,16,2,45,47
388,1346,1420,2,17,20,54,74
425,1407,1425,2,4,1,17,18
347,1398,1430,2,1,18,14,32
1,1409,1430,2,1,6,15,21
453,1385,1430,1,11,17,28,45
220,1396,1436,2,0,19,21,40
193,1385,1439,2,12,21,33,54
487,1393,1439,2,12,13,33,46
274,1369,1441,1,0,57,15,72
83,1405,1442,2,14,3,34,37
396,1384,1442,2,14,23,35,58
210,1299,1447,1,15,101,47,148
18,1437,1450,2,11,1,12,13
243,1418,1453,2,18,1,34,35
225,1395,1453,2,18,12,46,58
393,1304,1455,1,17,97,54,151
420,1376,1455,1,17,24,55,79
227,1427,1462,2,17,5,30,35
137,1410,1464,2,19,1,53,54
398,1451,1465,1,3,1,13,14
376,1397,1465,2,19,9,59,68
203,1382,1465,2,19,24,59,83
229,1388,1465,2,19,19,58,77
41,1437,1466,2,3,10,19,29
3,1427,1475,2,19,6,42,48
166,1434,1478,2,7,12,32,44
47,1446,1480,1,8,1,33,34
463,1474,1481,2,4,2,5,7
417,1454,1489,2,8,1,34,35
459,1464,1494,2,7,10,20,30
61,1468,1494,2,7,6,20,26
238,1472,1502,2,9,3,27,30
207,1445,1507,2,17,1,61,62
358,1479,1515,2,6,24,12,36
65,1465,1516,2,1,38,13,51
320,1430,1516,1,12,58,28,86
401,1462,1516,2,1,40,14,54
481,1478,1516,2,1,24,14,38
37,1468,1516,2,12,29,19,48
120,1482,1516,2,12,15,19,34
468,1493,1520,2,7,11,16,27
260,1502,1520,2,7,3,15,18
311,1498,1530,2,15,1,31,32
66,1508,1532,2,17,1,23,24
335,1497,1533,2,9,6,30,36
354,1468,1535,1,16,20,47,67
74,1486,1543,2,18,12,45,57
240,1544,1550,2,3,1,5,6
152,1448,1552,1,19,41,63,104
330,1531,1552,2,1,10,11,21
21,1533,1556,2,11,8,15,23
381,1517,1568,2,16,24,27,51
128,1561,1573,1,0,7,5,12
204,1551,1577,2,19,1,25,26
162,1518,1579,2,18,24,37,61
230,1507,1584,1,19,23,54,77
455,1574,1584,2,6,1,9,10
49,1576,1593,1,12,1,16,17
65,1544,1597,1,17,19,34,53
164,1560,1603,2,18,10,33,43
35,1588,1604,2,7,5,11,16
347,1573,1605,1,13,1,31,32
303,1578,1611,1,9,2,31,33
27,1586,1611,2,9,6,19,25
304,1593,1611,2,9,1,17,18
317,1604,1614,2,7,1,9,10
432,1591,1624,1,9,21,12,33
181,1593,1627,2,11,17,17,34
29,1620,1635,2,4,9,6,15
108,1604,1638,2,13,7,27,34
133,1636,1641,2,4,1,4,5
428,1628,1643,2,11,1,14,15
39,1605,1654,2,19,5,44,49
373,1621,1656,1,16,13,22,35
450,1625,1656,2,14,1,30,31
465,1641,1657,2,15,1,15,16
146,1644,1665,2,6,6,15,21
9,1624,1667,2,17,1,42,43
190,1642,1667,2,1,6,19,25
223,1652,1675,2,9,1,22,23
306,1675,1699,2,10,1,23,24
343,1680,1699,2,10,1,18,19
366,1662,1699,2,10,15,22,37
217,1692,1704,2,8,2,10,12
19,1661,1706,2,11,14,31,45
332,1673,1706,2,11,2,31,33
1,1683,1712,1,11,5,24,29
397,1701,1714,2,0,2,11,13
59,1702,1715,2,12,1,12,13
356,1708,1717,2,6,1,8,9
33,1646,1718,2,15,30,42,72
422,1644,1724,2,16,31,49,80
350,1690,1724,2,13,1,33,34
205,1696,1724,2,13,1,27,28
492,1702,1737,2,17,2,33,35
461,1711,1738,2,16,1,26,27
55,1719,1745,2,0,7,19,26
402,1733,1746,2,9,1,12,13
2,1732,1752,2,11,5,15,20
46,1724,1752,2,11,13,15,28
323,1725,1761,2,15,13,23,36
477,1752,1774,2,15,1,21,22
329,1763,1781,2,1,4,14,18
486,1749,1787,2,17,1,37,38
226,1744,1794,2,18,4,46,50
471,1778,1798,2,10,6,14,20
367,1792,1801,2,10,1,8,9
387,1790,1806,2,11,1,15,16
309,1783,1817,2,12,2,32,34
435,1806,1818,2,8,1,11,12
10,1791,1831,2,16,1,39,40
53,1766,1842,2,17,18,58,76
110,1781,1842,2,17,3,58,61
476,1800,1843,2,17,6,37,43
107,1845,1859,2,6,4,10,14
139,1849,1873,2,11,10,14,24
424,1876,1885,2,1,4,5,9
40,1887,1906,2,3,7,12,19
369,1899,1918,2,18,1,18,19
22,1904,1918,2,7,4,10,14
32,1911,1924,2,14,1,12,13
447,1925,1947,2,12,4,18,22
106,2000,2015,2,6,4,11,15
149,2122,2153,2,13,10,21,31
135,2123,2167,2,19,10,34,44
