326,15,27,0,2,2,10,12
237,11,38,9,0,12,15,27
64,59,65,0,2,1,5,6
176,61,65,0,2,1,3,4
127,44,65,0,2,11,10,21
317,58,65,0,2,1,6,7
83,32,84,10,2,15,37,52
148,18,85,16,2,18,49,67
121,24,96,15,0,23,49,72
203,47,96,11,0,12,37,49
12,78,100,2,0,6,16,22
107,53,100,10,0,1,46,47
231,96,104,0,2,1,7,8
134,106,112,0,2,1,5,6
31,102,112,0,2,1,9,10
300,70,115,7,2,4,41,45
152,46,115,7,2,28,41,69
117,88,122,10,2,6,28,34
40,88,122,5,2,4,30,34
168,56,127,7,0,19,52,71
58,65,127,6,0,21,41,62
253,56,128,13,2,19,53,72
242,62,129,13,0,13,54,67
138,41,129,18,0,11,77,88
72,113,137,0,2,14,10,24
309,121,137,0,2,7,9,16
193,82,149,3,0,23,44,67
216,121,149,1,0,10,18,28
133,53,149,5,0,38,58,96
305,127,150,2,0,1,22,23
206,39,150,17,0,21,90,111
245,119,150,4,0,3,28,31
76,64,150,17,0,1,85,86
68,139,158,0,2,10,9,19
56,148,160,0,2,2,10,12
317,131,176,2,14,29,16,45
65,137,178,2,1,33,9,42
83,154,178,2,1,16,8,24
61,126,187,4,2,47,14,61
163,122,196,8,0,30,44,74
29,145,196,8,0,8,43,51
165,126,196,5,0,38,32,70
55,149,196,7,0,9,38,47
290,134,196,3,0,46,16,62
0,162,196,4,0,12,22,34
296,195,204,0,2,1,8,9
335,197,204,0,2,1,6,7
144,162,207,8,0,26,19,45
81,202,215,0,2,5,8,13
109,210,215,0,2,1,4,5
36,196,217,14,2,1,20,21
143,207,220,2,0,2,11,13
53,156,223,19,0,1,66,67
211,202,223,12,0,1,20,21
184,188,223,3,0,6,29,35
27,184,223,14,0,8,31,39
79,107,223,12,0,93,23,116
96,64,223,19,0,87,72,159
269,207,223,2,0,3,13,16
52,182,223,14,0,9,32,41
304,220,226,0,2,1,5,6
247,222,234,0,2,1,11,12
74,157,238,13,2,24,57,81
197,186,238,12,2,14,38,52
116,107,238,13,2,75,56,131
251,164,238,15,2,1,73,74
104,99,238,16,2,47,92,139
42,85,238,17,2,55,98,153
134,220,242,2,7,6,16,22
123,210,252,4,2,16,26,42
260,158,252,17,2,7,87,94
327,210,252,5,2,8,34,42
291,176,252,11,2,13,63,76
219,171,252,15,2,7,74,81
66,187,252,10,2,6,59,65
236,237,254,9,2,2,15,17
103,205,254,9,2,33,16,49
152,230,258,2,1,8,20,28
255,233,260,3,0,5,22,27
169,193,260,7,0,17,50,67
170,231,260,3,0,6,23,29
75,172,260,17,0,1,87,88
167,213,260,7,0,1,46,47
67,141,260,11,0,47,72,119
50,183,260,11,0,5,72,77
254,104,266,13,0,77,85,162
155,95,266,16,0,50,121,171
43,211,266,11,0,1,54,55
141,141,266,14,0,29,96,125
297,117,266,18,0,19,130,149
73,167,266,13,0,16,83,99
90,141,266,14,0,28,97,125
220,143,266,15,0,12,111,123
217,70,266,18,0,65,131,196
34,143,266,14,0,28,95,123
89,154,266,14,0,15,97,112
35,118,266,14,0,51,97,148
259,140,266,15,0,14,112,126
80,259,272,0,2,1,12,13
115,262,272,0,2,1,9,10
178,238,272,0,2,16,18,34
232,232,272,0,2,20,20,40
9,248,272,0,2,4,20,24
6,233,272,0,2,19,20,39
92,232,272,0,2,21,19,40
55,268,272,0,2,1,3,4
217,268,276,0,2,1,7,8
291,262,300,2,1,26,12,38
224,302,314,0,2,1,11,12
330,275,314,0,2,27,12,39
256,303,319,16,2,1,15,16
125,259,319,16,2,42,18,60
261,268,320,1,0,32,20,52
277,286,320,2,0,3,31,34
98,260,320,5,0,7,53,60
49,220,323,12,2,32,71,103
264,212,323,12,2,39,72,111
135,290,323,7,2,10,23,33
28,225,323,14,2,10,88,98
298,258,323,11,2,4,61,65
22,297,323,6,2,14,12,26
226,209,323,13,2,30,84,114
205,204,323,14,2,29,90,119
292,237,323,11,2,26,60,86
30,227,323,11,2,35,61,96
186,254,323,9,2,24,45,69
84,272,323,10,2,1,50,51
315,320,333,0,2,1,12,13
137,319,333,0,2,2,13,15
71,320,338,4,0,7,11,18
45,312,338,4,0,14,12,26
118,290,338,4,0,35,13,48
70,314,338,4,0,11,13,24
130,192,339,16,0,110,37,147
131,189,339,16,0,112,38,150
262,318,339,1,0,11,10,21
147,283,339,16,0,20,36,56
33,287,342,6,0,24,31,55
142,211,342,14,0,23,108,131
266,238,342,10,0,30,74,104
235,262,342,9,0,17,63,80
46,274,342,8,0,12,56,68
91,217,342,14,0,16,109,125
48,230,342,12,0,21,91,112
183,246,342,13,0,1,95,96
32,200,344,18,2,107,37,144
301,306,344,15,2,13,25,38
289,339,346,0,2,1,6,7
237,342,346,0,2,1,3,4
302,219,348,15,2,65,64,129
325,255,348,15,2,31,62,93
223,194,348,15,2,90,64,154
132,332,348,5,2,1,15,16
111,227,352,18,0,80,45,125
112,219,352,18,0,89,44,133
252,321,352,15,0,1,30,31
41,247,352,17,0,66,39,105
199,310,352,14,0,15,27,42
272,288,352,18,0,21,43,64
319,180,352,17,0,132,40,172
169,343,353,0,2,1,9,10
87,205,357,15,0,80,72,152
57,287,357,6,0,30,40,70
162,278,357,13,0,13,66,79
114,305,357,5,0,22,30,52
158,335,357,4,0,2,20,22
335,327,363,2,7,6,30,36
191,336,365,7,2,15,14,29
20,354,367,1,2,6,7,13
157,355,367,0,2,1,11,12
82,354,367,0,2,2,12,14
121,356,367,0,2,1,10,11
293,355,372,5,0,3,14,17
31,293,377,2,11,53,31,84
309,352,389,2,12,1,36,37
12,361,395,0,2,11,23,34
183,380,395,0,2,1,14,15
115,326,399,2,13,21,52,73
188,365,411,6,2,6,40,46
246,391,411,4,2,7,13,20
9,339,413,2,16,7,67,74
77,399,417,1,2,9,9,18
171,386,417,0,2,17,14,31
328,386,417,0,2,18,13,31
228,397,417,0,2,6,14,20
89,394,417,0,2,11,12,23
203,387,417,0,2,16,14,30
148,429,434,2,1,1,4,5
205,383,434,2,1,28,23,51
292,382,434,2,1,30,22,52
231,403,440,2,0,8,29,37
95,375,440,5,0,10,55,65
324,357,440,6,0,14,69,83
150,383,440,2,0,30,27,57
156,380,440,2,0,31,29,60
18,364,440,6,0,8,68,76
122,382,440,4,0,15,43,58
21,380,445,10,2,30,35,65
179,355,445,12,2,37,53,90
13,373,445,10,2,38,34,72
17,328,453,17,2,50,75,125
15,327,453,17,2,50,76,126
2,371,453,15,2,24,58,82
129,356,453,9,2,85,12,97
173,348,453,17,2,29,76,105
65,439,456,1,2,8,9,17
38,431,456,0,2,9,16,25
329,431,456,0,2,11,14,25
63,408,456,0,2,32,16,48
78,440,456,0,2,1,15,16
311,435,456,0,2,5,16,21
193,412,456,0,2,29,15,44
98,441,456,0,2,2,13,15
161,340,462,13,0,76,46,122
248,367,462,17,0,11,84,95
320,385,462,17,0,1,76,77
331,338,462,13,0,77,47,124
175,361,462,14,0,43,58,101
174,349,462,14,0,55,58,113
227,351,462,14,0,54,57,111
213,345,462,16,0,43,74,117
86,388,462,15,0,9,65,74
3,356,462,15,0,39,67,106
279,366,462,17,0,11,85,96
257,322,462,16,0,66,74,140
85,367,462,15,0,29,66,95
204,348,462,17,0,31,83,114
7,325,462,16,0,64,73,137
260,453,463,2,1,1,9,10
125,441,463,2,1,4,18,22
326,381,469,2,13,51,37,88
72,454,469,2,13,1,14,15
127,457,469,2,4,1,11,12
183,413,469,2,13,20,36,56
128,386,477,9,2,63,28,91
267,369,477,9,2,80,28,108
93,464,477,0,2,1,12,13
218,465,477,0,2,1,11,12
39,458,477,0,2,4,15,19
201,452,477,0,2,10,15,25
131,450,477,0,2,13,14,27
252,445,477,0,2,17,15,32
206,454,477,0,2,10,13,23
176,436,479,2,17,1,42,43
160,474,485,1,0,1,10,11
100,345,485,10,0,65,75,140
273,449,485,1,0,14,22,36
196,338,485,12,0,53,94,147
265,401,485,10,0,11,73,84
286,356,485,12,0,35,94,129
250,389,489,17,2,5,95,100
318,357,489,18,2,32,100,132
104,487,491,2,1,1,3,4
61,475,491,2,1,2,14,16
83,416,496,1,10,53,27,80
69,468,499,5,0,1,30,31
271,326,499,18,0,62,111,173
225,416,499,7,0,27,56,83
239,395,499,17,0,1,103,104
323,431,499,6,0,17,51,68
108,459,499,5,0,4,36,40
164,456,499,5,0,6,37,43
26,433,499,13,0,1,65,66
291,372,501,1,11,96,33,129
101,412,501,9,0,39,50,89
44,463,501,4,0,3,35,38
210,439,501,9,0,10,52,62
200,387,501,8,0,70,44,114
276,453,501,9,0,1,47,48
126,465,501,4,0,2,34,36
146,457,501,8,0,1,43,44
102,375,501,9,0,75,51,126
192,480,505,0,2,5,20,25
313,485,505,0,2,1,19,20
242,485,505,0,2,2,18,20
138,485,505,0,2,1,19,20
145,496,509,0,2,4,9,13
71,498,509,0,2,1,10,11
167,492,509,0,2,7,10,17
93,484,511,2,12,1,26,27
178,471,511,2,12,6,34,40
4,508,512,0,2,1,3,4
220,508,512,0,2,1,3,4
290,507,512,0,2,1,4,5
50,499,512,0,2,2,11,13
296,483,523,2,18,1,39,40
292,485,525,1,11,8,32,40
315,507,533,2,12,1,25,26
56,503,538,2,13,2,33,35
1,527,539,0,2,1,11,12
282,524,539,0,2,1,14,15
334,517,539,0,2,6,16,22
244,508,539,0,2,13,18,31
162,516,539,0,2,5,18,23
319,511,539,0,2,11,17,28
0,523,539,0,2,1,15,16
152,514,550,1,7,18,18,36
247,506,550,2,17,1,43,44
300,537,554,2,1,1,16,17
191,511,554,2,1,26,17,43
68,502,554,2,1,34,18,52
284,499,570,4,0,20,51,71
113,500,570,5,0,4,66,70
140,478,570,6,0,13,79,92
295,488,570,5,0,15,67,82
166,462,570,7,0,18,90,108
190,485,570,7,0,1,84,85
187,488,570,6,0,4,78,82
215,499,570,1,0,55,16,71
213,574,588,0,2,1,13,14
110,353,589,19,2,181,55,236
153,542,590,0,2,21,27,48
37,533,590,0,2,30,27,57
321,565,590,0,2,2,23,25
94,536,590,0,2,29,25,54
59,552,590,0,2,14,24,38
139,561,590,0,2,3,26,29
143,547,590,0,2,17,26,43
163,535,590,0,2,29,26,55
29,550,590,0,2,13,27,40
158,554,590,0,2,9,27,36
85,535,590,0,2,28,27,55
16,491,592,17,0,40,61,101
240,457,592,17,0,72,63,135
249,456,592,17,0,74,62,136
172,419,592,17,0,110,63,173
17,574,594,2,1,9,11,20
30,578,594,2,1,4,12,16
2,585,594,2,1,1,8,9
66,565,594,2,1,17,12,29
293,581,596,0,2,9,6,15
45,583,596,0,2,7,6,13
96,581,596,0,2,10,5,15
133,591,596,0,2,1,4,5
233,415,598,18,0,128,55,183
202,494,598,8,0,75,29,104
285,430,598,18,0,114,54,168
275,480,598,9,0,77,41,118
306,421,598,19,0,114,63,177
238,486,598,19,0,48,64,112
305,594,600,0,2,1,5,6
120,482,605,15,0,13,110,123
333,436,605,16,0,49,120,169
241,453,605,13,0,60,92,152
258,448,605,15,0,47,110,157
214,458,605,16,0,29,118,147
212,489,605,16,0,1,115,116
10,484,605,12,0,45,76,121
106,492,605,10,0,60,53,113
181,471,605,14,0,32,102,134
332,409,605,16,0,76,120,196
288,469,605,11,0,73,63,136
124,421,605,16,0,65,119,184
281,445,605,12,0,84,76,160
5,491,605,15,0,6,108,114
88,457,605,15,0,39,109,148
195,465,605,12,0,65,75,140
269,600,608,0,2,1,7,8
259,601,608,0,2,1,6,7
205,540,613,1,14,40,33,73
92,575,613,2,14,14,24,38
263,613,618,0,2,1,4,5
310,609,618,0,2,2,7,9
19,610,618,0,2,2,6,8
46,608,618,0,2,1,9,10
34,608,618,0,2,2,8,10
245,608,618,0,2,1,9,10
234,617,621,0,2,1,3,4
243,616,621,0,2,1,4,5
104,548,623,1,16,33,42,75
89,607,627,2,14,1,19,20
103,619,631,2,1,6,6,12
109,527,632,2,19,61,44,105
145,615,636,2,8,6,15,21
29,625,636,2,8,1,10,11
6,608,638,2,16,1,29,30
20,622,648,2,1,3,23,26
197,617,648,2,1,8,23,31
40,641,648,2,1,1,6,7
330,610,648,2,19,1,37,38
316,638,653,0,2,4,11,15
149,635,653,0,2,4,14,18
180,636,653,0,2,4,13,17
194,632,653,0,2,7,14,21
60,635,653,0,2,6,12,18
273,635,653,0,2,4,14,18
114,633,653,0,2,7,13,20
79,639,653,0,2,1,13,14
102,636,653,0,2,3,14,17
218,628,657,2,18,1,28,29
61,619,662,1,4,28,15,43
62,653,668,0,2,8,7,15
99,658,668,0,2,2,8,10
270,647,668,0,2,13,8,21
332,658,668,0,2,2,8,10
277,662,668,0,2,1,5,6
76,649,668,0,2,11,8,19
18,645,668,0,2,15,8,23
171,663,672,2,3,2,7,9
66,626,673,1,10,22,25,47
192,659,681,2,7,5,17,22
97,674,682,0,2,1,7,8
208,672,682,0,2,3,8,11
155,674,682,0,2,2,6,8
216,666,682,0,2,6,10,16
297,676,682,0,2,1,5,6
124,669,682,0,2,4,9,13
52,670,682,0,2,2,10,12
144,677,682,0,2,1,4,5
251,665,686,2,1,8,13,21
219,648,686,2,1,25,13,38
78,664,686,2,1,10,12,22
289,672,687,2,3,10,5,15
157,679,692,2,4,3,10,13
232,659,699,2,18,9,31,40
224,677,700,2,7,6,17,23
25,690,704,0,2,5,9,14
105,686,704,0,2,10,8,18
280,685,704,0,2,9,10,19
320,690,704,0,2,4,10,14
275,681,704,0,2,13,10,23
249,684,704,0,2,11,9,20
281,686,704,0,2,8,10,18
23,702,709,0,2,1,6,7
90,699,709,0,2,1,9,10
8,702,710,0,2,1,7,8
154,700,710,0,2,1,9,10
168,699,710,0,2,1,10,11
146,704,710,0,2,1,5,6
148,679,715,1,16,12,24,36
125,681,715,1,16,11,23,34
312,712,722,0,2,4,6,10
283,707,722,0,2,9,6,15
254,715,722,0,2,3,4,7
156,709,722,0,2,8,5,13
135,705,723,2,1,8,10,18
301,697,723,2,1,15,11,26
137,712,730,2,0,2,16,18
222,721,731,0,2,1,9,10
24,726,731,0,2,1,4,5
27,725,731,0,2,1,5,6
187,724,731,0,2,1,6,7
37,716,735,2,14,1,18,19
234,699,741,2,16,11,31,42
177,734,743,0,2,1,8,9
107,734,743,0,2,2,7,9
307,730,744,0,2,1,13,14
198,729,744,0,2,1,14,15
215,731,744,0,2,1,12,13
47,743,758,0,2,1,14,15
190,738,758,0,2,1,19,20
246,743,761,2,1,7,11,18
62,754,761,2,4,1,6,7
30,737,765,1,11,1,27,28
300,744,773,1,7,3,26,29
219,727,774,1,15,9,38,47
321,738,777,2,14,5,34,39
268,769,781,0,2,1,11,12
51,762,781,0,2,8,11,19
207,755,781,0,2,15,11,26
333,752,781,0,2,17,12,29
258,764,781,0,2,5,12,17
331,756,781,0,2,13,12,25
238,767,781,0,2,4,10,14
147,759,781,0,2,10,12,22
131,747,784,2,16,1,36,37
0,768,788,2,4,5,15,20
260,726,789,1,17,9,54,63
320,742,789,2,17,2,45,47
322,779,790,0,2,1,10,11
185,780,790,0,2,1,9,10
54,783,790,0,2,1,6,7
101,769,790,0,2,2,19,21
175,757,790,0,2,14,19,33
58,774,790,0,2,1,15,16
169,781,792,2,7,1,10,11
329,762,800,2,10,10,28,38
63,761,800,2,10,10,29,39
49,776,805,2,1,9,20,29
298,800,805,2,1,1,4,5
4,766,809,2,15,5,38,43
153,791,814,2,13,1,22,23
208,793,815,2,0,1,21,22
311,800,825,2,17,1,24,25
182,819,828,0,2,1,8,9
209,823,828,0,2,1,4,5
221,821,828,0,2,1,6,7
91,820,828,0,2,1,7,8
14,794,832,0,2,12,26,38
159,792,832,0,2,12,28,40
119,806,832,0,2,1,25,26
294,796,832,0,2,8,28,36
111,802,832,0,2,2,28,30
112,801,832,0,2,4,27,31
166,791,832,0,2,14,27,41
196,789,832,0,2,15,28,43
265,811,832,0,2,1,20,21
233,805,834,0,2,2,27,29
257,811,834,0,2,1,22,23
327,828,841,2,1,4,9,13
13,811,841,2,1,20,10,30
267,830,841,2,1,1,10,11
253,829,841,2,1,4,8,12
36,828,841,2,1,3,10,13
191,791,848,1,7,23,34,57
1,826,849,2,4,2,21,23
228,816,849,2,4,12,21,33
38,833,851,2,0,1,17,18
313,831,853,2,11,2,20,22
197,807,854,1,12,12,35,47
94,827,859,2,5,2,30,32
194,816,863,2,14,18,29,47
99,822,863,2,14,10,31,41
27,810,863,2,14,23,30,53
90,807,863,2,14,25,31,56
256,856,867,2,1,1,10,11
74,840,867,2,1,7,20,27
81,847,867,2,1,1,19,20
304,858,867,2,1,1,8,9
301,809,869,1,15,11,49,60
278,863,869,0,2,1,5,6
308,860,869,0,2,1,8,9
53,862,869,0,2,1,6,7
211,861,869,0,2,1,7,8
57,863,869,0,2,2,4,6
237,794,872,2,9,34,44,78
274,845,875,0,2,9,21,30
287,844,875,0,2,7,24,31
189,855,875,0,2,1,19,20
314,857,875,0,2,1,17,18
100,842,875,0,2,10,23,33
165,835,875,0,2,18,22,40
295,833,875,0,2,19,23,42
150,836,875,0,2,15,24,39
136,834,875,0,2,18,24,42
67,831,875,0,2,20,24,44
245,865,876,2,4,4,7,11
39,861,878,2,0,1,16,17
310,814,880,2,17,18,48,66
59,868,882,2,6,2,12,14
60,846,882,2,6,23,13,36
282,874,884,2,5,1,9,10
184,872,887,0,2,7,8,15
299,869,893,0,2,10,14,24
255,878,893,0,2,1,14,15
323,883,893,0,2,1,9,10
229,875,893,0,2,4,15,19
170,870,893,0,2,8,15,23
35,881,893,0,2,1,11,12
262,867,893,0,2,11,15,26
47,862,894,2,8,8,24,32
201,855,894,2,8,14,25,39
298,867,896,1,11,1,28,29
139,882,899,2,8,5,12,17
79,851,907,2,12,24,32,56
303,886,908,0,2,2,21,23
244,849,912,2,13,26,37,63
268,890,913,2,12,1,22,23
91,850,917,2,14,26,41,67
40,890,918,1,5,6,22,28
22,900,919,2,1,3,16,19
15,871,919,2,1,32,16,48
42,868,919,2,1,35,16,51
316,869,919,2,1,35,15,50
263,884,919,2,1,21,14,35
17,883,923,1,17,3,37,40
2,844,926,1,15,16,66,82
252,864,926,2,15,13,49,62
222,887,927,2,15,1,39,40
334,912,928,2,7,1,15,16
161,901,932,0,2,19,12,31
120,919,932,0,2,2,11,13
202,923,932,0,2,1,8,9
271,926,932,0,2,1,5,6
33,903,932,0,2,18,11,29
43,925,932,0,2,1,6,7
73,924,932,0,2,1,7,8
235,906,932,0,2,14,12,26
286,910,932,0,2,12,10,22
272,912,932,0,2,8,12,20
81,892,933,1,0,27,14,41
102,904,940,2,9,4,32,36
189,923,942,2,3,10,9,19
290,933,942,2,3,1,8,9
199,938,948,0,2,1,9,10
18,919,951,2,6,13,19,32
123,924,966,2,1,20,22,42
151,919,966,2,1,26,22,48
11,949,966,2,1,2,16,18
173,936,966,2,1,8,22,30
19,920,966,2,1,25,21,46
24,960,966,2,1,1,5,6
180,918,968,2,10,29,21,50
251,941,970,1,15,2,27,29
103,931,972,1,9,27,14,41
51,943,976,2,11,3,30,33
299,925,976,2,11,21,30,51
95,957,977,0,2,11,9,20
160,946,977,0,2,23,8,31
141,941,977,0,2,27,9,36
214,956,977,0,2,14,7,21
261,963,977,0,2,5,9,14
75,960,977,0,2,9,8,17
48,951,977,0,2,17,9,26
279,968,977,0,2,3,6,9
82,924,978,2,0,22,32,54
256,945,979,1,16,1,33,34
15,947,980,1,17,12,21,33
198,911,984,2,12,35,38,73
249,930,984,2,17,18,36,54
168,966,991,2,7,11,14,25
243,946,995,2,13,1,48,49
164,984,995,0,2,1,10,11
41,982,995,0,2,1,12,13
264,991,1000,2,1,1,8,9
32,965,1000,2,1,21,14,35
258,945,1007,2,15,3,59,62
105,941,1012,2,16,6,65,71
149,934,1012,2,16,12,66,78
49,974,1014,1,12,14,26,40
185,989,1015,2,3,13,13,26
248,1013,1020,0,2,2,5,7
225,1000,1020,0,2,14,6,20
227,999,1020,0,2,13,8,21
106,998,1020,0,2,15,7,22
26,1003,1020,0,2,9,8,17
88,1006,1020,0,2,7,7,14
195,1011,1020,0,2,1,8,9
70,987,1020,0,2,25,8,33
135,997,1022,1,7,9,16,25
213,974,1022,2,16,21,27,48
267,1008,1029,1,9,1,20,21
281,1015,1030,2,12,1,14,15
97,997,1034,2,19,1,36,37
307,992,1034,2,19,3,39,42
238,997,1034,2,19,2,35,37
130,1021,1037,0,2,9,7,16
142,1032,1037,0,2,1,4,5
324,1023,1037,0,2,8,6,14
118,1027,1037,0,2,3,7,10
77,1030,1040,2,1,1,9,10
186,1033,1040,2,1,1,6,7
117,1005,1043,2,1,22,16,38
116,1039,1043,2,1,1,3,4
250,1012,1043,2,1,14,17,31
128,1027,1043,2,1,2,14,16
236,1023,1043,2,1,5,15,20
129,999,1043,2,1,27,17,44
8,1018,1045,2,16,1,26,27
200,1050,1061,0,2,1,10,11
181,1042,1061,0,2,8,11,19
87,1045,1066,0,2,5,16,21
266,1037,1066,0,2,13,16,29
10,1057,1066,0,2,1,8,9
86,1046,1066,0,2,5,15,20
122,1048,1066,0,2,2,16,18
107,1027,1075,2,10,35,13,48
174,1066,1076,0,2,1,9,10
283,1037,1077,2,4,1,39,40
95,1068,1079,2,5,1,10,11
246,1049,1081,1,4,3,29,32
98,1064,1083,2,5,1,18,19
133,1026,1083,2,5,11,46,57
312,1032,1084,2,11,31,21,52
203,1053,1084,2,11,8,23,31
241,1078,1085,0,2,1,6,7
113,1065,1085,0,2,1,19,20
210,1080,1085,0,2,1,4,5
306,1070,1085,0,2,1,14,15
276,1065,1085,0,2,2,18,20
126,1072,1085,0,2,1,12,13
5,1077,1085,0,2,1,7,8
119,1065,1089,2,11,1,23,24
225,1037,1089,2,7,2,50,52
55,1044,1089,2,7,1,44,45
308,1045,1094,2,12,16,33,49
236,1049,1097,1,9,2,46,48
264,1057,1099,1,12,3,39,42
226,1069,1100,2,1,19,12,31
21,1051,1100,2,1,37,12,49
80,1060,1100,2,1,28,12,40
182,1066,1100,2,1,24,10,34
274,1059,1100,2,1,30,11,41
25,1036,1101,2,13,26,39,65
322,1053,1111,2,14,10,48,58
280,1084,1111,2,12,1,26,27
46,1077,1111,2,8,22,12,34
221,1088,1116,2,13,1,27,28
162,1090,1116,2,13,1,25,26
207,1039,1121,2,15,22,60,82
154,1032,1127,2,16,29,66,95
333,1029,1127,2,16,32,66,98
44,1121,1127,0,2,1,5,6
240,1118,1127,0,2,2,7,9
332,1041,1127,2,16,23,63,86
13,1083,1136,1,10,21,32,53
151,1122,1137,1,2,1,14,15
284,1090,1137,0,2,24,23,47
108,1097,1137,0,2,18,22,40
212,1116,1137,0,2,1,20,21
230,1111,1137,0,2,6,21,27
204,1104,1137,0,2,10,23,33
177,1020,1139,2,17,41,78,119
45,1131,1139,2,4,1,7,8
74,1108,1144,1,13,1,35,36
132,1098,1144,2,1,35,11,46
253,1112,1144,1,13,1,31,32
23,1107,1144,2,1,27,10,37
270,1051,1146,2,18,10,85,95
138,1048,1146,2,18,14,84,98
327,1098,1147,1,5,22,27,49
325,1147,1153,2,1,1,5,6
163,1134,1154,2,8,1,19,20
121,1111,1157,2,15,5,41,46
80,1109,1159,1,0,35,15,50
136,1128,1159,2,0,5,26,31
42,1111,1164,1,17,1,52,53
304,1161,1165,1,0,1,3,4
69,1154,1170,0,2,6,10,16
3,1136,1170,0,2,23,11,34
7,1147,1170,0,2,12,11,23
239,1163,1174,0,2,1,10,11
288,1139,1174,0,2,20,15,35
28,1177,1184,2,1,1,6,7
179,1169,1184,2,1,5,10,15
318,1176,1184,2,1,1,7,8
159,1164,1184,2,1,9,11,20
294,1164,1184,2,5,11,9,20
293,1162,1184,2,5,12,10,22
122,1155,1187,2,4,19,13,32
287,1156,1192,2,11,14,22,36
200,1152,1195,2,8,22,21,43
36,1136,1202,1,14,29,37,66
52,1149,1202,2,14,21,32,53
128,1152,1205,1,9,15,38,53
188,1191,1206,2,1,3,12,15
223,1195,1206,2,1,1,10,11
22,1177,1207,1,6,17,13,30
285,1198,1210,0,2,6,6,12
257,1173,1212,2,16,1,38,39
209,1187,1218,2,0,6,25,31
248,1154,1218,2,17,16,48,64
217,1156,1226,2,18,15,55,70
272,1182,1226,2,18,1,43,44
14,1214,1230,2,10,1,15,16
71,1210,1231,2,4,4,17,21
16,1220,1231,0,2,1,10,11
11,1216,1232,1,2,9,7,16
54,1180,1235,2,19,1,54,55
84,1212,1236,2,1,11,13,24
69,1231,1239,2,5,1,7,8
165,1226,1239,2,5,1,12,13
123,1214,1242,1,4,10,18,28
34,1211,1244,2,14,1,32,33
155,1214,1260,2,16,1,45,46
144,1249,1260,2,8,1,10,11
100,1246,1273,2,10,2,25,27
117,1219,1281,1,10,46,16,62
67,1236,1282,2,11,10,36,46
50,1260,1284,2,11,1,23,24
302,1234,1288,2,1,34,20,54
314,1241,1290,2,12,6,43,49
226,1222,1291,1,13,42,27,69
140,1271,1295,0,2,5,19,24
229,1276,1295,2,0,1,18,19
220,1258,1296,2,15,2,36,38
175,1241,1299,2,14,4,54,58
173,1213,1303,1,17,51,39,90
193,1273,1306,2,3,19,14,33
32,1264,1309,1,18,2,43,45
278,1239,1309,2,17,6,64,70
206,1235,1309,2,17,10,64,74
172,1284,1310,0,2,11,15,26
295,1285,1314,2,5,8,21,29
33,1272,1323,2,6,19,32,51
324,1310,1323,2,6,1,12,13
166,1316,1330,2,7,1,13,14
167,1292,1331,2,7,2,37,39
129,1317,1332,1,9,1,14,15
186,1311,1332,1,9,4,17,21
146,1282,1341,2,8,9,50,59
170,1340,1352,2,3,4,8,12
160,1328,1353,2,1,15,10,25
250,1332,1357,1,17,1,24,25
88,1303,1358,2,15,1,54,55
3,1300,1358,2,15,1,57,58
259,1301,1358,2,15,2,55,57
132,1323,1362,1,5,14,25,39
21,1318,1363,1,10,5,40,45
285,1301,1372,2,18,1,70,71
211,1314,1374,2,12,14,46,60
114,1363,1377,2,5,1,13,14
116,1272,1385,1,13,49,64,113
190,1374,1385,2,7,1,10,11
28,1311,1393,1,14,10,72,82
147,1359,1400,2,16,11,30,41
325,1277,1401,1,15,45,79,124
85,1344,1401,2,15,1,56,57
319,1383,1407,2,17,1,23,24
240,1350,1410,2,17,1,59,60
184,1382,1417,2,3,6,29,35
302,1381,1418,1,15,16,21,37
187,1407,1419,2,6,1,11,12
188,1375,1428,1,6,5,48,53
318,1387,1428,1,18,11,30,41
164,1425,1436,2,5,1,10,11
275,1390,1438,2,9,1,47,48
235,1391,1438,2,9,1,46,47
254,1436,1451,2,13,1,14,15
110,1426,1452,2,1,15,11,26
242,1394,1453,2,13,31,28,59
158,1461,1465,2,4,1,3,4
112,1392,1466,2,18,32,42,74
43,1473,1486,2,11,1,12,13
202,1462,1488,2,8,1,25,26
84,1481,1495,1,10,1,13,14
10,1444,1496,2,12,18,34,52
210,1466,1498,2,9,1,31,32
179,1463,1502,1,12,16,23,39
255,1483,1502,2,3,2,17,19
241,1465,1506,2,13,1,40,41
331,1462,1506,2,13,1,43,44
223,1415,1508,1,15,37,56,93
108,1482,1515,2,5,2,31,33
124,1460,1517,2,16,2,55,57
214,1461,1518,2,16,1,56,57
216,1513,1520,2,1,2,5,7
199,1497,1520,2,14,2,21,23
233,1444,1524,2,18,18,62,80
57,1481,1524,2,6,2,41,43
271,1451,1525,2,18,11,63,74
297,1442,1525,2,18,20,63,83
96,1447,1534,2,19,16,71,87
273,1519,1545,2,1,7,19,26
266,1523,1550,2,10,15,12,27
106,1537,1550,2,10,1,12,13
48,1526,1556,2,12,14,16,30
174,1514,1568,2,14,25,29,54
86,1551,1570,2,15,1,18,19
110,1528,1578,1,19,27,23,50
87,1514,1578,2,15,24,40,64
76,1566,1583,2,17,1,16,17
215,1577,1585,2,1,2,6,8
279,1539,1586,2,17,2,45,47
140,1609,1623,2,6,2,12,14
73,1582,1623,2,13,19,22,41
70,1614,1623,2,4,1,8,9
306,1598,1636,2,19,4,34,38
288,1634,1654,2,11,6,14,20
126,1648,1654,2,4,1,5,6
58,1647,1661,2,6,1,13,14
265,1656,1668,2,10,1,11,12
75,1640,1669,2,17,2,27,29
41,1639,1669,2,17,2,28,30
101,1646,1671,2,9,1,24,25
195,1643,1676,2,12,1,32,33
284,1669,1679,2,4,4,6,10
26,1645,1682,2,13,1,36,37
262,1663,1682,2,1,4,15,19
53,1645,1690,2,19,1,44,45
113,1677,1702,2,5,10,15,25
261,1692,1711,2,1,5,14,19
196,1678,1714,2,12,10,26,36
130,1701,1725,2,16,1,23,24
7,1689,1725,2,16,1,35,36
111,1688,1738,2,18,1,49,50
5,1717,1738,2,15,2,19,21
276,1724,1739,2,9,4,11,15
142,1728,1748,2,14,1,19,20
323,1733,1748,2,6,4,11,15
16,1729,1758,2,17,1,28,29
303,1740,1762,2,0,9,13,22
227,1737,1773,2,14,13,23,36
35,1768,1782,2,14,1,13,14
286,1781,1810,2,12,4,25,29
120,1787,1822,2,15,1,34,35
204,1793,1828,2,17,1,34,35
161,1832,1861,2,13,10,19,29
118,1855,1865,2,4,4,6,10
141,1824,1867,2,14,17,26,43
212,1904,1932,2,16,7,21,28
181,1933,1946,2,14,1,12,13
44,1976,1988,2,4,5,7,12
239,1992,2010,2,17,1,17,18
230,2019,2035,2,0,4,12,16
172,2102,2136,2,17,9,25,34
