5,15,0,0
0,21,9,0
3,22,9,0
2,23,9,0
1,24,9,0
5,25,2,1
4,34,16,0
0,36,0,1
1,41,16,0
5,45,10,0
4,45,15,1
1,50,18,0
3,53,0,0
2,54,0,0
4,57,11,2
0,58,17,0
1,58,17,1
5,62,10,2
3,63,2,4
4,66,10,3
2,72,7,0
0,73,13,2
1,73,13,1
3,75,7,0
5,82,2,2
1,82,11,2
4,83,2,3
2,84,6,3
5,87,2,2
3,89,5,0
0,90,7,3
2,90,6,4
1,92,10,2
4,94,0,2
3,97,5,2
5,98,0,2
0,99,6,3
2,99,5,4
4,102,2,1
3,103,3,2
1,103,7,3
2,107,3,4
0,108,5,3
1,109,5,3
5,110,2,2
2,113,2,4
3,114,3,3
0,120,4,3
3,120,2,3
1,120,2,3
2,125,0,2
0,126,2,4
1,127,0,2
3,129,1,2
2,130,1,2
4,133,18,0
2,135,2,2
0,136,1,4
4,138,17,2
3,138,1,3
5,141,18,0
4,143,16,3
4,147,16,5
3,147,0,3
0,148,0,4
5,149,19,0
2,150,8,0
1,151,18,0
4,152,15,5
3,156,2,1
2,156,7,2
4,158,15,7
0,158,2,1
5,160,19,2
2,162,5,3
1,163,17,0
4,167,14,8
3,167,2,0
4,171,14,13
3,171,2,2
2,171,4,4
5,172,17,2
0,174,14,1
3,176,1,2
1,176,15,2
5,178,15,2
2,178,3,6
4,179,13,13
2,185,2,7
0,186,8,0
1,186,11,3
5,189,14,2
4,189,13,17
1,191,10,6
3,192,3,0
2,194,0,6
0,197,3,1
5,198,12,5
4,198,12,17
3,200,3,1
1,201,8,7
2,202,2,2
0,205,0,1
2,207,2,0
4,208,11,18
3,208,2,1
1,208,7,7
0,213,2,2
4,214,10,19
5,215,2,7
1,216,5,9
2,218,0,1
5,221,0,6
3,221,0,2
2,224,2,1
1,224,4,10
2,230,2,1
0,231,14,0
5,232,2,1
1,235,3,11
4,236,2,19
3,236,9,0
0,237,13,4
3,240,9,2
2,240,7,1
1,241,3,13
4,246,2,14
0,249,12,6
5,250,0,0
1,250,2,13
3,252,2,2
4,256,1,14
2,257,0,0
1,258,0,7
0,260,11,9
5,261,0,6
4,264,0,13
3,265,5,0
0,266,10,12
2,269,5,0
5,270,2,8
3,273,5,1
4,274,2,1
0,276,9,14
2,281,9,0
1,282,15,0
0,284,8,16
3,286,2,1
1,289,13,4
3,292,2,3
0,293,8,17
0,298,7,17
3,298,1,3
5,299,16,0
2,300,0,0
1,304,7,5
4,305,18,0
0,309,6,18
3,309,1,3
4,310,17,4
2,312,2,2
1,315,6,5
5,317,2,5
4,317,15,6
3,318,0,3
0,321,2,20
4,323,14,8
2,323,4,0
1,325,5,6
5,327,1,3
0,329,1,8
3,331,2,2
1,335,4,8
2,336,0,4
5,337,0,4
3,338,2,1
0,340,0,8
4,342,2,9
5,344,2,2
3,346,2,1
1,346,2,9
2,349,7,0
4,350,0,7
0,351,2,1
1,355,0,5
5,356,2,4
2,356,5,1
4,358,1,3
3,361,7,1
2,363,2,2
4,365,2,4
3,369,6,0
2,370,0,1
3,374,6,3
5,375,11,4
0,375,17,0
1,378,17,0
2,381,1,2
3,383,5,3
0,386,16,7
1,386,18,0
5,387,12,3
3,387,5,4
4,389,12,0
1,392,17,2
0,393,15,10
2,393,2,2
3,395,4,4
5,397,13,2
1,397,16,4
4,399,12,3
2,401,0,0
0,402,14,14
3,403,4,6
2,406,1,5
4,408,10,3
3,409,2,6
1,409,15,4
5,411,16,1
0,413,13,17
2,415,2,6
1,416,14,4
4,419,10,7
0,419,12,19
3,420,2,9
2,420,2,0
1,428,13,4
5,430,2,0
2,430,2,0
0,432,10,19
3,432,1,10
3,438,0,7
0,439,9,19
1,441,7,5
4,443,2,7
3,445,1,7
5,446,2,3
1,446,6,6
2,447,9,0
4,450,2,5
1,450,6,7
0,451,2,20
3,454,2,8
2,455,8,6
0,460,0,15
1,460,5,7
4,461,1,6
2,464,4,8
0,466,1,7
1,466,5,9
5,467,13,4
3,467,4,1
4,471,1,5
0,475,2,9
2,475,2,10
1,476,4,10
5,477,17,1
3,478,7,0
2,479,2,9
0,482,2,3
5,483,16,0
4,483,0,6
1,487,2,10
3,489,6,2
2,489,1,10
4,491,1,4
5,493,15,5
0,494,10,5
1,497,0,8
0,499,11,4
2,499,0,8
5,501,14,9
3,501,5,4
4,503,2,5
1,507,2,3
0,509,12,3
2,510,2,4
5,511,13,10
3,512,5,6
3,517,4,6
5,519,13,11
2,519,0,0
0,521,18,1
4,523,11,4
5,527,12,11
1,527,17,0
3,528,4,7
2,530,1,7
4,531,12,3
0,532,19,0
5,534,12,14
3,534,2,7
1,534,17,4
4,536,13,2
2,537,2,8
5,540,11,14
0,541,18,3
3,543,2,10
4,548,17,1
2,548,7,1
1,548,12,4
5,550,10,15
3,552,1,10
0,555,9,5
3,558,1,8
1,558,11,4
0,561,9,6
2,561,0,0
5,563,10,16
1,564,9,4
0,567,8,6
3,568,0,8
2,568,1,11
1,569,8,4
4,572,0,0
0,573,8,7
3,574,1,0
2,577,1,11
4,578,1,1
3,578,1,0
5,580,2,16
1,581,2,4
4,586,2,3
0,587,2,7
3,588,0,0
2,588,2,11
1,590,0,4
5,592,1,20
3,594,2,4
0,596,0,6
1,598,2,1
5,603,0,16
0,606,2,2
4,611,14,4
3,612,0,0
2,613,0,0
1,614,0,0
5,616,2,6
3,619,2,2
4,621,16,2
2,623,2,0
1,623,2,0
0,625,14,3
1,629,1,1
5,630,2,1
4,630,19,1
3,634,8,2
2,634,2,2
0,636,16,2
1,637,0,0
1,645,1,9
0,646,19,1
2,646,1,3
1,651,2,11
3,654,1,0
5,655,18,1
4,658,0,0
2,658,0,0
1,660,4,2
3,662,2,0
4,666,2,5
2,666,2,2
0,670,0,0
3,670,3,2
1,671,10,1
2,671,2,0
3,679,7,1
2,679,2,3
0,680,2,8
5,682,2,0
2,684,1,3
0,685,3,3
1,689,1,0
0,690,4,2
2,692,0,0
3,695,0,0
5,697,0,0
4,697,18,1
0,698,7,1
2,702,2,7
3,707,2,2
5,708,2,4
0,710,2,0
1,713,16,2
0,714,2,3
2,714,0,0
3,717,0,0
2,720,2,4
0,721,1,3
4,726,0,0
0,728,0,1
3,729,2,4
5,733,14,2
4,733,1,3
0,736,1,2
3,737,0,0
5,739,16,1
0,741,2,2
4,742,2,6
2,744,2,0
3,745,1,2
2,748,2,0
0,750,2,1
3,756,2,3
0,759,4,2
2,759,1,1
1,760,2,0
4,763,11,5
2,767,0,0
5,769,0,0
1,769,2,0
3,771,7,1
4,772,15,4
1,773,2,4
0,775,14,1
5,777,0,3
2,779,2,8
4,782,16,3
3,783,2,0
1,786,4,4
4,787,17,2
5,788,2,6
2,790,7,1
3,793,2,2
1,798,10,3
2,802,0,0
3,803,1,3
0,805,0,0
1,807,15,1
4,809,0,0
5,812,13,2
2,812,1,8
3,813,0,1
0,817,1,2
4,818,1,1
2,821,1,9
5,823,17,1
0,823,1,3
3,826,2,4
1,829,2,0
4,830,2,2
2,830,2,9
0,832,2,3
3,835,2,4
1,839,1,6
5,845,2,0
2,846,7,1
3,847,4,4
1,849,0,1
4,851,11,7
0,852,12,1
5,855,2,2
3,857,5,2
2,858,0,0
1,858,1,10
4,861,14,6
5,865,1,5
1,866,1,11
4,867,15,2
2,867,2,5
3,870,9,1
1,873,2,12
2,874,4,5
5,876,0,1
0,877,0,0
4,878,17,1
2,880,6,4
1,882,5,7
5,884,1,7
0,885,2,1
3,885,0,0
5,891,2,8
2,892,8,2
3,894,1,1
1,894,11,6
0,897,8,3
4,901,2,0
1,905,12,5
3,906,2,2
2,909,2,0
1,910,13,4
0,911,12,2
4,912,2,5
1,915,14,3
3,916,5,3
4,917,1,5
2,918,0,0
5,921,17,1
4,922,1,1
1,924,15,2
0,925,15,1
3,926,7,2
2,930,2,10
4,931,0,1
3,938,9,1
2,940,3,3
4,941,1,1
5,942,2,0
0,944,2,0
4,946,2,3
2,949,6,1
5,952,2,6
0,952,2,8
3,956,1,0
1,957,1,0
5,964,1,7
0,966,10,8
2,966,0,0
4,968,15,3
3,970,9,1
0,974,11,7
2,975,2,8
5,976,0,1
4,977,16,2
1,978,17,1
4,982,17,1
0,982,12,5
3,984,2,0
5,986,1,2
2,989,7,1
3,992,2,2
5,993,2,3
0,993,13,4
3,998,1,2
2,1000,2,0
1,1004,1,0
0,1005,15,3
2,1005,2,1
4,1008,2,0
0,1010,16,2
3,1010,0,0
5,1012,12,5
2,1013,3,1
3,1018,2,8
5,1020,16,4
1,1020,7,2
3,1024,2,0
1,1027,9,1
4,1028,12,2
2,1028,0,0
0,1029,2,0
3,1029,2,5
5,1032,19,3
2,1035,2,4
0,1038,1,2
2,1039,2,3
3,1041,1,6
4,1043,16,1
2,1046,2,4
0,1048,0,0
1,1048,0,0
3,1049,1,0
2,1051,2,4
2,1055,2,4
3,1057,1,2
0,1058,1,5
1,1059,2,2
5,1062,0,0
0,1064,2,6
2,1064,2,5
4,1065,0,0
3,1068,1,2
5,1071,0,3
1,1073,10,13
4,1074,2,1
2,1075,4,5
0,1077,5,3
3,1079,4,2
2,1081,5,4
1,1082,11,12
5,1083,2,7
4,1086,2,0
0,1087,11,2
2,1087,7,2
1,1092,12,10
3,1095,9,1
0,1097,12,1
2,1097,2,0
4,1098,1,5
1,1099,13,9
4,1102,1,0
5,1109,12,3
2,1109,8,1
1,1109,14,8
3,1112,0,0
5,1114,13,2
4,1114,2,4
0,1118,0,0
3,1118,1,5
1,1119,15,7
0,1125,2,2
1,1125,16,6
3,1126,1,7
5,1131,2,0
4,1134,10,5
3,1135,2,7
0,1137,4,2
1,1137,17,3
2,1139,2,0
5,1142,1,3
4,1142,13,4
1,1144,18,2
3,1145,5,1
5,1151,1,2
2,1151,1,1
0,1152,8,1
4,1155,15,2
5,1157,0,2
3,1157,0,0
4,1162,17,1
5,1163,1,3
2,1163,0,1
3,1165,1,2
5,1168,2,4
2,1171,2,0
0,1172,2,0
3,1172,2,3
1,1172,2,0
0,1177,2,3
0,1182,1,3
3,1182,5,4
2,1182,1,1
1,1185,4,1
4,1188,2,0
5,1190,11,8
2,1191,2,0
0,1192,1,0
3,1193,8,2
1,1193,1,0
2,1198,2,3
5,1200,14,7
4,1202,0,0
1,1202,0,0
3,1203,9,1
2,1204,1,3
0,1205,6,1
4,1208,2,1
5,1210,16,5
1,1212,2,0
5,1216,17,4
2,1216,0,1
0,1221,2,0
2,1222,1,1
1,1222,2,2
3,1223,1,0
5,1224,18,3
0,1227,2,1
4,1228,10,2
2,1229,2,2
1,1229,4,3
3,1230,2,1
5,1233,19,1
0,1234,1,1
3,1237,5,1
1,1237,5,2
2,1240,4,1
4,1242,14,1
0,1243,2,0
3,1247,2,0
2,1250,1,0
3,1254,1,0
2,1256,1,0
4,1258,2,0
0,1258,8,7
1,1258,16,1
3,1259,1,0
5,1262,1,0
2,1264,1,0
3,1266,2,0
0,1271,10,6
2,1274,0,0
3,1276,2,2
5,1279,10,4
0,1280,11,5
1,1280,2,0
4,1282,11,2
2,1282,1,1
3,1286,1,2
0,1288,12,4
5,1289,13,3
1,1289,2,0
3,1293,0,1
2,1293,2,1
4,1294,15,1
1,1296,2,5
0,1297,14,3
5,1301,17,2
3,1303,1,1
2,1303,2,0
1,1304,3,9
5,1307,18,1
0,1307,17,2
3,1308,2,1
1,1312,5,8
2,1313,1,0
2,1318,2,2
4,1319,1,0
3,1321,6,2
1,1321,6,7
4,1326,2,4
3,1328,7,1
1,1329,7,6
5,1330,1,0
2,1330,9,2
0,1335,1,0
1,1339,8,5
4,1341,2,5
3,1341,2,0
0,1342,2,1
2,1348,2,0
0,1350,3,2
3,1351,1,1
5,1355,17,1
1,1356,15,4
0,1360,5,1
4,1361,10,7
2,1361,2,0
3,1362,2,0
2,1366,2,0
0,1368,2,0
1,1370,18,1
4,1372,12,6
3,1375,5,1
5,1378,2,0
2,1378,1,0
4,1383,13,5
0,1383,7,2
2,1386,2,1
3,1389,1,0
4,1391,14,4
2,1393,2,4
1,1395,1,0
3,1396,1,0
0,1398,16,1
4,1399,15,3
2,1402,2,4
5,1405,17,1
3,1406,2,0
2,1407,2,4
4,1408,17,1
2,1415,3,4
1,1416,15,2
3,1417,6,1
0,1422,2,0
5,1425,2,0
2,1426,6,3
1,1426,18,1
4,1428,2,0
3,1433,1,0
0,1434,5,3
2,1436,9,2
4,1439,2,0
3,1441,1,0
5,1449,13,1
4,1450,1,1
1,1450,1,0
0,1451,13,2
3,1451,2,0
2,1454,1,0
4,1460,2,0
1,1460,2,1
3,1463,4,1
0,1464,18,1
2,1465,1,0
2,1469,1,0
1,1470,2,5
3,1472,1,0
2,1474,1,0
5,1477,1,0
2,1481,2,0
4,1484,11,8
1,1486,8,5
0,1489,1,0
2,1489,2,3
5,1493,10,2
4,1494,12,7
1,1496,9,4
0,1497,2,0
5,1500,12,1
2,1500,3,3
4,1504,13,6
1,1506,15,3
2,1513,5,2
3,1513,2,0
1,1515,16,2
4,1516,16,4
0,1518,14,1
3,1518,1,1
2,1522,6,1
1,1522,18,1
4,1523,18,3
5,1524,2,0
3,1528,2,0
5,1532,2,1
4,1532,19,1
2,1535,2,0
0,1536,2,0
3,1537,2,0
2,1539,2,0
5,1543,1,1
3,1545,1,0
1,1545,2,0
2,1547,1,0
0,1548,10,6
3,1551,1,0
5,1553,1,0
0,1554,12,4
4,1555,2,0
0,1566,14,3
1,1568,15,1
5,1576,19,1
0,1576,15,2
3,1577,2,0
4,1581,17,1
2,1582,2,0
3,1583,1,1
0,1584,17,1
2,1590,2,0
3,1593,2,0
5,1599,2,0
2,1600,2,0
4,1609,2,0
1,1609,2,0
2,1609,2,0
3,1611,2,0
0,1612,2,0
5,1621,13,2
0,1621,4,1
2,1621,6,1
5,1634,19,1
3,1637,2,0
1,1638,2,0
0,1641,2,0
4,1642,2,0
2,1644,2,0
0,1652,4,4
1,1652,11,3
0,1659,6,3
3,1665,2,0
4,1666,10,3
1,1667,17,2
0,1669,9,2
2,1671,2,0
3,1673,2,1
4,1674,12,2
2,1677,4,1
0,1680,13,1
3,1680,1,1
2,1685,2,0
5,1686,2,0
4,1688,19,1
2,1692,2,1
1,1694,2,0
3,1695,2,0
2,1700,5,1
3,1702,2,1
3,1709,1,1
4,1710,2,0
5,1712,12,4
4,1717,2,0
5,1723,16,3
1,1726,2,0
3,1728,2,0
3,1735,2,0
5,1736,18,1
4,1736,15,1
1,1737,9,3
2,1739,2,0
3,1746,6,1
1,1746,14,2
2,1747,2,0
0,1748,2,0
4,1755,2,0
1,1756,17,1
5,1758,2,0
2,1760,0,1
0,1771,14,1
5,1780,14,1
4,1783,2,0
2,1785,2,0
4,1808,12,3
4,1820,15,2
4,1826,17,1
2,1826,2,0
3,1831,2,0
2,1835,2,0
5,1839,2,0
3,1839,2,0
0,1841,2,0
1,1845,2,0
4,1848,2,0
0,1857,2,0
3,1858,2,0
5,1859,13,2
2,1859,2,0
0,1863,4,1
5,1865,14,1
3,1907,2,0
2,1908,2,0
1,1909,2,0
4,1912,2,0
0,1912,2,0
5,1922,2,0
1,1930,16,1
5,1944,14,1
0,1979,2,0
3,1980,2,0
2,1981,2,0
4,1984,2,0
0,1986,4,1
4,2008,17,1
3,2021,2,0
3,2026,2,1
3,2033,0,1
3,2104,2,0
2,2106,2,0
0,2109,2,0
5,2119,2,0
4,2123,2,0
1,2124,2,0
0,2134,17,1
