982,2,17,1,2,9,6,15
703,4,17,0,2,1,12,13
200,0,17,0,2,2,15,17
489,7,28,3,2,7,14,21
550,17,28,3,2,1,10,11
856,2,28,5,0,8,18,26
164,11,28,5,0,1,16,17
73,13,28,1,0,6,9,15
144,2,33,15,2,16,15,31
538,0,33,15,2,17,16,33
762,11,35,0,2,17,7,24
88,18,35,0,2,11,6,17
542,29,35,0,2,1,5,6
922,0,44,4,0,7,37,44
960,5,44,15,0,12,27,39
223,5,44,3,0,8,31,39
236,36,55,0,2,8,11,19
194,49,70,1,2,12,9,21
924,31,70,4,2,23,16,39
789,14,70,9,2,8,48,56
746,48,70,0,2,1,21,22
198,39,70,0,2,6,25,31
875,54,70,0,2,1,15,16
437,55,70,0,2,1,14,15
745,43,70,0,2,1,26,27
300,33,70,0,2,11,26,37
622,37,70,0,2,7,26,33
702,46,70,1,0,9,15,24
942,70,83,0,2,2,11,13
635,79,83,0,2,1,3,4
274,63,83,0,2,7,13,20
618,65,83,0,2,6,12,18
492,94,97,1,0,1,2,3
581,45,97,3,0,18,34,52
868,5,97,7,0,30,62,92
1167,15,97,8,0,14,68,82
70,7,97,9,0,14,76,90
293,10,97,6,0,32,55,87
491,74,97,1,0,3,20,23
188,39,97,4,0,16,42,58
788,24,97,9,0,1,72,73
232,88,97,1,0,1,8,9
41,81,106,0,2,15,10,25
1183,84,106,0,2,13,9,22
1177,100,106,0,2,1,5,6
828,93,106,0,2,3,10,13
918,79,106,0,2,17,10,27
541,100,107,0,2,1,6,7
839,80,107,0,2,17,10,27
401,102,107,0,2,1,4,5
801,75,111,14,2,12,24,36
952,68,111,16,2,1,42,43
1140,32,111,17,2,26,53,79
1097,80,111,15,2,1,30,31
81,35,111,17,2,24,52,76
202,51,111,13,2,46,14,60
128,73,111,16,2,1,37,38
889,51,115,8,2,10,54,64
441,90,115,3,2,16,9,25
867,71,115,7,2,3,41,44
776,108,115,3,2,1,6,7
1132,35,115,11,2,6,74,80
1120,27,115,16,2,2,86,88
851,67,115,6,2,15,33,48
453,87,115,4,2,13,15,28
60,90,117,2,0,20,7,27
51,84,117,2,0,26,7,33
130,21,124,17,0,2,101,103
1141,1,124,17,0,20,103,123
528,62,124,7,0,11,51,62
78,27,124,15,0,6,91,97
1128,13,124,16,0,15,96,111
806,12,124,17,0,10,102,112
854,39,124,10,0,8,77,85
263,76,124,3,0,29,19,48
825,31,124,15,0,3,90,93
681,67,124,6,0,16,41,57
402,106,124,3,0,1,17,18
489,85,127,2,1,26,16,42
315,95,130,12,2,1,34,35
1002,67,130,12,2,24,39,63
71,56,130,11,2,51,23,74
282,92,132,5,2,1,39,40
786,73,132,5,2,18,41,59
97,67,132,5,2,23,42,65
260,110,136,11,0,1,25,26
814,62,136,12,0,28,46,74
204,59,136,11,0,49,28,77
1032,90,136,10,0,24,22,46
322,78,136,10,0,35,23,58
724,94,136,10,0,19,23,42
971,94,136,11,0,13,29,42
906,111,139,1,2,17,11,28
991,103,139,1,2,24,12,36
121,129,139,1,2,1,9,10
40,118,139,0,2,1,20,21
1174,121,139,0,2,1,17,18
670,112,139,0,2,6,21,27
638,104,139,0,2,13,22,35
132,114,139,0,2,3,22,25
332,125,140,0,2,1,14,15
700,129,140,0,2,1,10,11
99,93,142,14,0,1,48,49
884,119,142,1,0,8,15,23
404,42,142,14,0,44,56,100
901,55,142,16,0,11,76,87
1060,39,142,15,0,37,66,103
651,50,142,15,0,27,65,92
515,117,142,4,0,1,24,25
793,80,142,7,0,1,61,62
14,78,142,14,0,8,56,64
1145,18,142,19,0,31,93,124
123,88,142,13,0,9,45,54
1096,64,142,15,0,12,66,78
321,80,142,13,0,17,45,62
127,40,142,17,0,20,82,102
122,122,142,1,0,6,14,20
227,82,142,6,0,2,58,60
558,90,142,5,0,2,50,52
92,111,142,2,0,1,30,31
1057,112,142,4,0,1,29,30
503,66,142,16,0,1,75,76
211,39,142,17,0,19,84,103
931,75,142,5,0,15,52,67
650,138,149,0,2,1,10,11
602,140,149,0,2,2,8,10
904,146,150,0,2,1,3,4
132,145,152,2,7,1,6,7
172,158,179,8,2,6,15,21
1015,161,179,6,2,9,9,18
189,111,180,6,2,37,32,69
1105,112,180,5,2,41,27,68
1181,109,180,6,2,38,33,71
90,67,180,9,2,54,59,113
579,128,180,7,2,11,41,52
436,80,180,9,2,42,58,100
894,133,180,6,2,16,31,47
749,114,201,15,2,52,35,87
1067,142,201,15,2,24,35,59
237,154,201,15,2,13,34,47
1165,110,201,16,2,51,40,91
139,101,201,16,2,58,42,100
726,134,201,15,2,33,34,67
152,103,201,14,2,79,19,98
949,132,201,16,2,28,41,69
135,194,207,1,0,1,12,13
391,180,207,1,0,12,15,27
829,139,207,2,0,40,28,68
580,154,207,2,0,25,28,53
714,178,207,2,0,2,27,29
116,146,207,1,0,46,15,61
1003,160,207,8,0,5,42,47
354,175,207,1,0,18,14,32
1162,173,207,6,0,1,33,34
1056,139,210,5,0,15,56,71
507,134,210,3,0,37,39,76
159,140,210,2,0,40,30,70
661,159,210,5,0,1,50,51
160,185,210,2,0,1,24,25
434,117,210,6,0,30,63,93
196,191,210,2,0,1,18,19
627,74,210,8,0,58,78,136
655,115,210,9,0,6,89,95
545,108,210,7,0,30,72,102
1115,78,212,16,0,81,53,134
1,134,212,16,0,25,53,78
921,197,212,2,0,4,11,15
140,96,212,16,0,64,52,116
418,145,212,16,0,14,53,67
1166,158,212,16,0,2,52,54
201,169,212,15,0,1,42,43
750,143,212,15,0,25,44,69
878,141,212,16,0,21,50,71
499,148,212,14,0,34,30,64
356,179,212,15,0,1,32,33
142,148,212,15,0,18,46,64
310,114,212,16,0,45,53,98
355,206,215,0,2,1,8,9
284,202,215,0,2,4,9,13
184,181,215,0,2,26,8,34
411,169,215,0,2,38,8,46
951,176,215,0,2,30,9,39
336,165,215,0,2,42,8,50
442,184,215,0,2,22,9,31
811,205,215,0,2,1,9,10
138,192,215,0,2,15,8,23
595,185,215,0,2,21,9,30
32,202,215,0,2,5,8,13
287,174,215,0,2,32,9,41
717,189,215,0,2,17,9,26
1082,168,215,0,2,38,9,47
186,185,215,0,2,22,8,30
866,165,215,0,2,41,9,50
1145,193,215,0,2,13,9,22
960,154,215,0,2,52,9,61
558,187,215,0,2,19,9,28
51,203,215,0,2,3,9,12
877,166,216,19,2,9,41,50
619,102,216,18,2,83,31,114
459,93,216,19,2,82,41,123
510,130,216,18,2,56,30,86
306,206,217,0,2,1,10,11
1189,204,217,0,2,4,9,13
865,176,217,0,2,32,9,41
1154,188,217,0,2,21,8,29
925,185,217,0,2,22,10,32
149,166,217,0,2,41,10,51
337,195,217,0,2,12,10,22
991,210,227,2,1,6,11,17
1012,201,231,1,2,20,10,30
644,214,231,0,2,1,16,17
105,150,231,1,2,71,10,81
72,187,231,1,2,35,9,44
584,202,231,1,2,21,8,29
470,216,231,0,2,1,14,15
650,196,231,2,5,22,13,35
29,211,231,0,2,1,19,20
1018,210,231,0,2,1,20,21
882,218,231,0,2,1,12,13
797,161,232,19,0,17,54,71
482,72,232,17,0,123,37,160
799,133,232,19,0,42,57,99
976,192,232,18,0,1,39,40
384,107,232,19,0,69,56,125
1150,96,232,18,0,89,47,136
450,175,232,19,0,1,56,57
326,160,232,19,0,15,57,72
303,113,232,18,0,74,45,119
532,212,232,2,0,5,15,20
1112,147,232,19,0,30,55,85
381,210,232,1,0,17,5,22
509,100,232,18,0,86,46,132
297,213,232,1,0,15,4,19
222,172,232,18,0,13,47,60
1144,156,232,19,0,20,56,76
49,115,232,18,0,70,47,117
383,153,232,19,0,22,57,79
1099,190,232,18,0,1,41,42
1045,214,232,1,0,13,5,18
1183,185,241,2,7,32,24,56
601,235,248,0,2,1,12,13
313,221,248,0,2,11,16,27
1110,223,248,0,2,10,15,25
605,232,248,0,2,1,15,16
1073,231,248,0,2,3,14,17
137,236,248,0,2,1,11,12
465,237,248,0,2,1,10,11
9,226,248,0,2,6,16,22
875,229,252,2,9,2,21,23
419,243,254,11,2,1,10,11
745,218,254,2,9,1,35,36
324,167,258,11,2,61,30,91
765,174,258,11,2,54,30,84
428,193,258,11,2,35,30,65
474,191,258,11,2,38,29,67
441,253,271,2,1,1,17,18
1132,252,271,2,1,3,16,19
1120,236,271,2,1,18,17,35
986,243,271,2,1,12,17,29
206,62,273,13,2,171,40,211
835,213,273,13,2,20,40,60
863,196,273,12,2,43,34,77
320,202,273,13,2,34,37,71
841,259,273,9,2,1,13,14
1054,181,273,12,2,57,35,92
316,82,273,13,2,152,39,191
170,188,278,9,2,64,26,90
371,217,278,7,2,48,13,61
89,164,278,9,2,88,26,114
880,216,278,7,2,49,13,62
1192,177,278,8,2,83,18,101
888,262,278,8,2,1,15,16
110,238,278,9,2,15,25,40
617,238,278,9,2,14,26,40
1174,225,279,2,0,29,25,54
200,235,279,2,0,21,23,44
301,231,279,2,0,24,24,48
420,250,279,2,0,4,25,29
67,232,279,2,0,22,25,47
572,267,279,2,0,1,11,12
50,244,279,2,0,13,22,35
643,275,279,1,0,1,3,4
197,237,279,2,0,18,24,42
252,214,281,12,0,24,43,67
623,126,281,12,0,112,43,155
444,100,281,13,0,133,48,181
219,202,281,12,0,36,43,79
535,184,281,12,0,56,41,97
760,137,281,13,0,96,48,144
813,188,281,12,0,50,43,93
370,118,281,13,0,116,47,163
291,151,281,12,0,88,42,130
1107,94,281,13,0,139,48,187
641,240,281,12,0,2,39,41
754,98,281,13,0,137,46,183
999,206,281,12,0,35,40,75
1148,170,284,11,0,59,55,114
271,145,284,11,0,83,56,139
112,141,284,11,0,88,55,143
85,185,284,10,0,51,48,99
27,181,284,10,0,53,50,103
66,183,284,11,0,48,53,101
611,236,284,10,0,1,47,48
86,198,284,10,0,36,50,86
174,216,284,11,0,14,54,68
631,134,284,11,0,94,56,150
155,188,284,11,0,40,56,96
65,230,284,11,0,2,52,54
612,135,284,10,0,99,50,149
111,155,284,11,0,75,54,129
1103,225,284,1,0,43,16,59
180,156,284,10,0,79,49,128
1035,199,284,10,0,36,49,85
245,215,285,3,2,63,7,70
103,193,285,3,2,86,6,92
673,180,285,3,2,98,7,105
1079,273,285,4,2,1,11,12
626,135,286,9,0,117,34,151
663,174,286,7,0,91,21,112
1198,161,286,9,0,92,33,125
815,250,286,9,0,4,32,36
874,199,286,9,0,53,34,87
45,166,286,9,0,88,32,120
903,184,286,7,0,81,21,102
578,254,286,9,0,1,31,32
427,205,286,7,0,60,21,81
1117,217,286,9,0,35,34,69
597,282,286,2,0,1,3,4
748,194,286,9,0,59,33,92
628,251,286,8,0,10,25,35
1133,258,293,0,2,23,12,35
56,202,295,5,2,76,17,93
913,192,295,6,2,70,33,103
1135,195,295,6,2,67,33,100
55,265,295,5,2,13,17,30
225,269,295,5,2,9,17,26
58,273,295,3,2,12,10,22
520,288,296,0,2,1,7,8
346,243,296,0,2,36,17,53
823,291,296,0,2,1,4,5
719,274,296,0,2,6,16,22
802,262,296,0,2,18,16,34
632,252,296,0,2,27,17,44
800,246,296,0,2,34,16,50
143,278,296,0,2,4,14,18
962,271,296,0,2,8,17,25
187,250,296,0,2,31,15,46
1185,264,296,0,2,15,17,32
1143,280,296,0,2,1,15,16
117,246,296,0,2,33,17,50
854,277,296,0,2,2,17,19
581,255,296,0,2,24,17,41
303,270,296,0,2,11,15,26
73,259,296,0,2,20,17,37
285,252,296,0,2,29,16,45
110,298,301,2,1,1,2,3
446,205,306,6,0,59,42,101
549,216,306,3,0,68,22,90
59,281,306,3,0,3,22,25
852,249,306,6,0,13,44,57
758,267,306,5,0,13,26,39
217,194,306,6,0,69,43,112
630,238,306,6,0,25,43,68
857,221,306,5,0,58,27,85
1126,211,306,9,0,43,52,95
680,258,306,6,0,7,41,48
1136,224,306,6,0,38,44,82
292,268,306,6,0,1,37,38
605,284,307,2,0,1,22,23
847,195,307,4,0,63,49,112
902,223,307,3,0,55,29,84
1155,237,307,4,0,21,49,70
555,201,307,4,0,58,48,106
157,288,307,1,0,7,12,19
696,225,307,4,0,34,48,82
277,214,307,4,0,46,47,93
624,252,307,4,0,6,49,55
543,269,307,4,0,1,37,38
692,243,307,4,0,18,46,64
553,274,307,4,0,1,32,33
523,247,307,4,0,12,48,60
57,223,307,3,0,56,28,84
1025,206,307,4,0,52,49,101
38,238,307,3,0,40,29,69
544,243,307,4,0,15,49,64
399,215,307,4,0,43,49,92
401,288,309,2,5,5,16,21
918,255,315,2,7,38,22,60
325,301,319,1,2,12,6,18
106,311,319,1,2,2,6,8
527,298,319,0,2,8,13,21
1129,300,319,0,2,6,13,19
757,299,319,0,2,8,12,20
799,293,319,0,2,13,13,26
149,303,323,2,15,1,19,20
942,282,323,2,8,11,30,41
158,303,324,1,2,10,11,21
318,294,324,1,2,19,11,30
382,308,324,1,2,5,11,16
1187,303,324,1,2,11,10,21
18,295,324,0,2,12,17,29
576,303,324,0,2,4,17,21
501,306,324,0,2,2,16,18
635,285,329,2,10,9,35,44
274,274,329,2,10,21,34,55
40,310,330,2,5,9,11,20
100,182,331,7,2,134,15,149
616,287,331,9,2,15,29,44
516,236,331,7,2,80,15,95
1168,312,331,8,2,1,18,19
707,302,331,7,2,14,15,29
169,267,331,9,2,36,28,64
489,320,332,1,3,1,11,12
531,298,336,16,2,9,29,38
477,182,336,16,2,126,28,154
129,277,336,16,2,32,27,59
1119,213,336,16,2,95,28,123
966,239,336,16,2,68,29,97
741,190,336,15,2,123,23,146
0,286,336,16,2,25,25,50
934,284,336,16,2,23,29,52
138,256,337,2,14,38,43,81
474,337,341,2,1,1,3,4
618,261,347,2,18,32,54,86
32,321,349,2,13,4,24,28
657,338,350,0,2,7,5,12
570,340,350,0,2,4,6,10
645,313,350,0,2,31,6,37
982,321,350,2,1,10,19,29
205,324,350,0,2,19,7,26
33,320,350,0,2,24,6,30
919,334,350,0,2,10,6,16
1071,317,350,0,2,28,5,33
12,317,350,0,2,26,7,33
387,340,350,0,2,3,7,10
709,345,350,0,2,1,4,5
693,339,350,0,2,4,7,11
252,316,350,0,2,27,7,34
404,312,350,0,2,31,7,38
814,332,350,0,2,11,7,18
326,334,350,0,2,9,7,16
188,331,350,0,2,15,4,19
569,344,350,0,2,4,3,7
603,242,354,16,0,65,47,112
1063,273,354,16,0,34,47,81
648,241,354,16,0,69,44,113
362,283,354,16,0,25,46,71
530,243,354,16,0,65,46,111
772,281,354,16,0,26,47,73
917,206,354,16,0,103,45,148
974,178,354,16,0,129,47,176
900,202,354,16,0,105,47,152
191,339,354,1,0,2,13,15
238,212,354,16,0,95,47,142
771,304,354,16,0,4,46,50
987,340,354,1,0,2,12,14
83,180,354,15,0,133,41,174
762,323,358,2,14,1,34,35
792,273,361,17,2,63,25,88
1049,185,361,17,2,152,24,176
1028,216,361,17,2,123,22,145
1195,304,361,17,2,32,25,57
592,338,361,17,2,1,22,23
573,303,361,2,0,28,30,58
365,265,361,9,0,37,59,96
10,306,361,9,0,1,54,55
84,269,361,8,0,40,52,92
290,283,361,8,0,28,50,78
654,296,361,9,0,9,56,65
647,317,361,2,0,15,29,44
920,341,361,2,0,1,19,20
502,300,361,9,0,2,59,61
807,282,361,9,0,22,57,79
162,324,361,2,0,7,30,37
642,265,361,8,0,44,52,96
229,322,361,2,0,11,28,39
185,294,361,8,0,15,52,67
941,265,361,8,0,45,51,96
816,293,361,9,0,9,59,68
518,207,361,7,0,109,45,154
1153,287,361,9,0,16,58,74
534,275,361,9,0,27,59,86
703,358,369,2,1,3,8,11
407,353,370,1,2,7,10,17
193,362,370,1,2,1,7,8
916,355,370,0,2,2,13,15
1193,354,370,0,2,1,15,16
753,350,370,0,2,4,16,20
351,355,370,0,2,1,14,15
37,346,370,0,2,8,16,24
555,350,370,0,2,6,14,20
702,347,370,0,2,8,15,23
800,314,371,2,19,10,47,57
424,368,373,0,2,1,4,5
273,368,373,0,2,2,3,5
1124,363,373,0,2,1,9,10
389,369,373,0,2,1,3,4
989,360,373,0,2,2,11,13
122,358,373,0,2,3,12,15
381,368,373,0,2,1,4,5
610,350,376,10,2,13,13,26
396,353,376,10,2,11,12,23
677,287,376,10,2,77,12,89
979,302,376,10,2,61,13,74
909,255,376,10,2,108,13,121
181,349,376,10,2,18,9,27
400,305,376,10,2,60,11,71
980,300,376,10,2,64,12,76
372,299,376,10,2,64,13,77
639,145,379,17,0,191,43,234
329,285,379,17,0,51,43,94
330,235,379,17,0,101,43,144
713,347,379,2,0,15,17,32
195,360,379,2,0,2,17,19
893,278,379,17,0,59,42,101
485,329,379,17,0,7,43,50
589,136,379,17,0,201,42,243
1072,337,379,17,0,1,41,42
735,351,379,2,0,10,18,28
286,344,379,2,0,17,18,35
279,163,379,17,0,175,41,216
483,272,379,17,0,66,41,107
430,172,379,17,0,164,43,207
990,271,379,17,0,65,43,108
481,203,379,17,0,133,43,176
417,316,379,17,0,21,42,63
240,257,379,17,0,80,42,122
1085,361,379,1,0,8,10,18
590,95,379,17,0,241,43,284
670,353,384,2,3,1,30,31
717,357,396,2,5,1,38,39
820,272,400,19,2,99,29,128
254,299,400,19,2,73,28,101
992,283,400,19,2,90,27,117
457,363,400,19,2,10,27,37
183,365,400,19,2,6,29,35
496,352,400,19,2,20,28,48
1038,371,400,19,2,1,28,29
561,298,400,18,2,79,23,102
221,259,400,18,2,118,23,141
451,359,400,19,2,12,29,41
1178,369,402,0,2,10,23,33
886,372,402,0,2,7,23,30
964,392,402,0,2,2,8,10
53,391,402,0,2,2,9,11
1191,377,402,0,2,2,23,25
821,398,402,0,2,1,3,4
524,395,402,0,2,1,6,7
357,379,402,0,2,3,20,23
932,387,402,0,2,1,14,15
879,390,402,0,2,1,11,12
1027,388,402,0,2,1,13,14
804,395,402,0,2,2,5,7
604,388,402,0,2,2,12,14
948,378,402,0,2,2,22,24
219,390,402,0,2,2,10,12
856,369,402,0,2,11,22,33
162,392,402,0,2,1,9,10
1144,383,402,0,2,1,18,19
232,376,402,0,2,5,21,26
211,394,402,0,2,1,7,8
43,373,404,2,0,5,26,31
192,378,404,1,0,12,14,26
594,267,404,10,0,96,41,137
512,379,404,2,0,1,24,25
115,363,404,2,0,14,27,41
373,315,404,10,0,49,40,89
390,368,404,1,0,22,14,36
731,361,404,10,0,4,39,43
179,305,404,10,0,58,41,99
739,372,404,2,0,4,28,32
36,297,404,10,0,69,38,107
350,339,404,10,0,24,41,65
230,354,404,2,0,22,28,50
408,375,404,1,0,16,13,29
539,276,404,10,0,87,41,128
28,271,404,10,0,94,39,133
506,255,404,10,0,109,40,149
658,357,404,10,0,6,41,47
349,289,404,10,0,74,41,115
746,331,406,2,9,19,56,75
88,365,406,2,9,1,40,41
629,305,406,19,0,69,32,101
253,307,406,19,0,64,35,99
353,388,406,2,0,12,6,18
327,300,406,19,0,71,35,106
609,246,406,19,0,126,34,160
488,237,406,18,0,140,29,169
845,286,406,19,0,85,35,120
256,222,406,19,0,149,35,184
722,214,406,18,0,163,29,192
721,321,406,18,0,56,29,85
664,374,406,19,0,1,31,32
926,370,411,6,2,13,28,41
1007,360,411,6,2,23,28,51
1163,279,411,6,2,105,27,132
782,356,411,6,2,28,27,55
1088,347,411,6,2,36,28,64
5,409,417,2,1,3,6,9
983,380,417,1,2,29,8,37
1086,392,417,1,2,17,8,25
494,400,417,0,2,4,13,17
725,400,417,0,2,5,12,17
319,404,417,0,2,2,11,13
1095,402,417,0,2,3,13,16
92,402,417,0,2,3,12,15
641,400,417,0,2,4,13,17
298,401,422,0,2,5,16,21
168,409,422,0,2,1,12,13
1036,406,422,0,2,1,15,16
91,407,422,0,2,1,14,15
263,405,422,0,2,1,16,17
116,410,422,0,2,1,11,12
24,387,423,6,0,1,35,36
435,357,423,6,0,26,40,66
95,283,423,5,0,116,24,140
961,341,423,6,0,42,40,82
895,347,423,6,0,39,37,76
1016,276,423,6,0,107,40,147
548,299,423,5,0,100,24,124
395,301,423,6,0,82,40,122
883,418,423,1,0,1,4,5
394,395,423,6,0,1,27,28
738,344,423,6,0,40,39,79
190,351,423,6,0,32,40,72
559,325,423,6,0,60,38,98
422,358,423,6,0,27,38,65
216,369,423,6,0,15,39,54
1182,388,423,6,0,1,34,35
212,409,423,2,0,3,11,14
37,420,429,2,3,1,8,9
1189,421,430,2,5,1,8,9
288,425,431,0,2,2,4,6
439,427,431,0,2,1,3,4
938,419,431,0,2,6,6,12
416,418,431,0,2,5,8,13
13,423,431,0,2,1,7,8
908,425,431,0,2,1,5,6
308,412,431,0,2,11,8,19
663,420,431,0,2,3,8,11
201,412,431,0,2,12,7,19
191,424,431,0,2,2,5,7
1172,391,433,9,2,15,27,42
1116,372,433,9,2,36,25,61
769,350,433,8,2,62,21,83
711,390,433,7,2,33,10,43
940,362,433,8,2,51,20,71
1081,371,433,9,2,35,27,62
706,205,433,7,2,218,10,228
1154,382,437,2,4,35,20,55
187,426,438,2,3,5,7,12
1132,365,440,1,11,1,74,75
1124,425,440,2,7,1,14,15
542,426,447,2,5,1,20,21
867,426,448,2,1,7,15,22
866,408,451,2,12,1,42,43
1110,345,459,2,13,26,88,114
273,415,460,2,8,3,42,45
471,296,462,4,2,155,11,166
846,306,462,4,2,146,10,156
35,340,462,4,2,111,11,122
930,353,462,4,2,98,11,109
410,320,462,4,2,133,9,142
929,389,462,4,2,63,10,73
110,383,465,1,9,27,55,82
1152,387,466,8,0,28,51,79
997,430,466,1,0,18,18,36
869,290,466,7,0,133,43,176
780,366,466,8,0,46,54,100
615,388,466,9,0,19,59,78
1064,317,466,8,0,95,54,149
366,329,466,9,0,77,60,137
1058,373,466,9,0,33,60,93
233,453,466,1,0,1,12,13
1080,323,466,8,0,90,53,143
1184,353,466,7,0,70,43,113
171,329,466,8,0,83,54,137
794,405,466,7,0,18,43,61
698,332,466,8,0,82,52,134
715,430,466,2,0,4,32,36
1127,368,466,9,0,39,59,98
795,310,468,11,2,144,14,158
936,335,468,11,2,118,15,133
1041,319,468,11,2,133,16,149
173,372,468,11,2,80,16,96
144,446,469,2,1,16,7,23
677,459,469,2,1,3,7,10
924,447,469,2,1,16,6,22
106,458,469,2,1,6,5,11
336,451,469,2,1,11,7,18
541,418,470,2,14,1,51,52
802,367,470,2,14,3,100,103
686,427,474,0,2,39,8,47
843,433,474,0,2,33,8,41
838,437,474,0,2,29,8,37
970,432,474,0,2,35,7,42
1190,448,474,0,2,19,7,26
30,437,474,0,2,30,7,37
1070,462,474,0,2,4,8,12
1179,440,474,11,0,12,22,34
768,380,474,11,0,72,22,94
767,406,474,11,0,46,22,68
426,463,474,0,2,4,8,12
884,434,474,0,2,32,8,40
1149,253,474,11,0,200,21,221
796,247,474,11,0,205,22,227
633,314,474,11,0,138,22,160
694,399,474,11,0,54,21,75
634,409,474,11,0,43,22,65
492,457,474,0,2,9,8,17
4,465,474,0,2,2,8,10
1101,470,474,2,0,1,3,4
490,359,474,11,0,93,22,115
86,439,474,0,2,27,8,35
647,455,474,0,2,11,8,19
714,436,474,0,2,30,8,38
479,430,474,11,0,22,22,44
917,428,474,0,2,39,7,46
871,324,474,11,0,128,22,150
160,431,474,0,2,35,8,43
695,340,474,11,0,112,22,134
720,308,474,11,0,144,22,166
872,367,474,11,0,86,21,107
17,434,474,0,2,34,7,41
229,449,474,0,2,17,8,25
813,429,474,0,2,37,8,45
687,317,474,11,0,136,21,157
1057,447,474,0,2,19,8,27
1180,423,474,11,0,30,21,51
1073,337,478,2,17,33,108,141
1040,445,479,4,0,6,28,34
1026,427,479,4,0,24,28,52
275,350,479,4,0,101,28,129
625,322,479,4,0,129,28,157
764,329,479,4,0,123,27,150
1078,374,479,4,0,77,28,105
646,311,479,4,0,140,28,168
276,366,479,4,0,87,26,113
697,428,479,4,0,24,27,51
533,352,479,4,0,100,27,127
1023,441,479,4,0,12,26,38
923,451,479,4,0,1,27,28
1176,461,479,2,0,2,16,18
1156,393,479,4,0,58,28,86
763,432,479,4,0,19,28,47
593,465,487,0,2,9,13,22
808,437,487,0,2,37,13,50
392,470,487,0,2,6,11,17
790,457,487,0,2,18,12,30
777,431,487,0,2,43,13,56
385,466,487,0,2,9,12,21
52,433,487,0,2,42,12,54
849,460,487,0,2,14,13,27
1034,463,487,0,2,14,10,24
651,475,487,0,2,1,11,12
920,471,487,0,2,3,13,16
642,474,487,0,2,4,9,13
1035,440,487,0,2,36,11,47
223,473,487,0,2,2,12,14
503,467,487,0,2,7,13,20
721,449,487,0,2,25,13,38
465,410,491,2,16,1,80,81
864,248,492,12,2,230,14,244
620,253,492,12,2,224,15,239
1089,303,492,12,2,175,14,189
785,246,492,12,2,231,15,246
575,275,492,12,2,203,14,217
136,481,497,0,2,1,15,16
1126,480,497,0,2,1,16,17
419,487,502,2,1,5,10,15
377,354,508,12,0,123,31,154
536,312,508,12,0,165,31,196
352,478,508,2,0,14,16,30
213,488,508,2,0,4,16,20
251,398,508,12,0,79,31,110
1145,413,508,2,19,1,94,95
1051,307,508,12,0,170,31,201
910,463,508,12,0,14,31,45
690,385,508,12,0,92,31,123
587,280,508,12,0,197,31,228
380,413,508,12,0,65,30,95
475,278,508,12,0,199,31,230
621,414,508,12,0,63,31,94
344,263,508,12,0,216,29,245
563,324,508,12,0,153,31,184
1001,267,508,12,0,210,31,241
743,471,508,2,0,21,16,37
965,313,508,12,0,165,30,195
1052,366,508,12,0,112,30,142
566,472,508,2,0,20,16,36
1188,237,510,15,2,252,21,273
141,339,510,15,2,150,21,171
859,269,510,15,2,221,20,241
1013,208,510,15,2,281,21,302
425,208,510,15,2,283,19,302
1177,457,511,2,4,17,37,54
538,486,515,2,1,24,5,29
1192,501,515,2,1,9,5,14
202,501,515,2,1,10,4,14
97,473,515,2,1,38,4,42
289,506,516,0,2,3,7,10
161,505,516,0,2,3,8,11
911,494,516,0,2,14,8,22
41,469,516,2,5,6,41,47
154,494,516,0,2,15,7,22
812,504,516,0,2,4,8,12
1069,494,516,0,2,14,8,22
340,485,516,0,2,24,7,31
261,483,516,0,2,25,8,33
947,488,516,0,2,21,7,28
99,487,516,0,2,21,8,29
648,496,516,0,2,13,7,20
347,497,516,0,2,12,8,20
654,496,516,0,2,12,8,20
857,494,516,0,2,14,8,22
695,486,516,0,2,22,8,30
1184,489,516,0,2,19,8,27
1167,486,516,0,2,24,6,30
1078,508,516,0,2,1,7,8
356,506,516,0,2,2,8,10
518,498,516,0,2,11,7,18
29,483,517,2,10,4,30,34
919,468,524,2,7,6,50,56
839,458,524,2,7,16,50,66
679,329,525,15,0,161,35,196
107,330,525,15,0,159,36,195
1017,205,525,15,0,285,35,320
858,339,525,15,0,151,35,186
108,463,525,15,0,26,36,62
957,472,525,2,0,38,15,53
953,185,525,15,0,304,36,340
956,364,525,15,0,125,36,161
1109,282,525,15,0,207,36,243
653,406,525,15,0,83,36,119
959,300,525,15,0,189,36,225
537,413,525,15,0,76,36,112
26,337,525,15,0,154,34,188
1108,395,525,15,0,95,35,130
1061,419,525,15,0,71,35,106
2,342,525,15,0,147,36,183
632,475,526,2,11,12,39,51
882,498,529,2,9,1,30,31
184,515,530,2,8,3,12,15
1129,450,531,2,12,37,44,81
622,458,531,2,12,30,43,73
1111,379,535,19,2,129,27,156
259,332,535,18,2,182,21,203
972,290,535,18,2,224,21,245
63,345,535,18,2,169,21,190
985,519,536,0,2,6,11,17
228,510,536,0,2,16,10,26
944,514,536,0,2,11,11,22
299,504,536,0,2,23,9,32
393,492,536,0,2,33,11,44
98,517,536,0,2,9,10,19
175,524,536,0,2,3,9,12
855,494,536,0,2,32,10,42
562,520,536,0,2,5,11,16
637,513,536,0,2,15,8,23
603,524,536,0,2,1,11,12
639,511,536,0,2,14,11,25
1101,518,536,0,2,9,9,18
522,522,536,0,2,4,11,15
1032,517,536,0,2,8,11,19
45,496,536,0,2,29,11,40
612,507,536,0,2,18,11,29
408,519,536,0,2,7,10,17
521,523,536,0,2,3,11,14
722,522,536,0,2,4,10,14
1082,487,537,2,9,1,49,50
56,518,541,2,1,17,6,23
1140,512,541,2,1,23,6,29
1038,487,541,2,1,48,6,54
55,526,541,2,1,9,6,15
1193,459,541,2,14,28,54,82
437,461,541,2,14,28,52,80
33,509,543,2,13,7,27,34
1120,472,549,1,16,9,68,77
68,381,549,18,0,133,35,168
452,419,549,18,0,95,35,130
861,477,549,19,0,31,41,72
526,463,549,19,0,46,40,86
497,393,549,19,0,115,41,156
993,432,549,19,0,76,41,117
46,432,549,19,0,79,38,117
257,420,549,19,0,88,41,129
182,477,549,19,0,33,39,72
215,440,549,19,0,68,41,109
368,494,549,19,0,14,41,55
42,411,549,19,0,99,39,138
665,425,549,19,0,84,40,124
433,353,549,18,0,161,35,196
210,228,549,18,0,286,35,321
214,379,549,19,0,130,40,170
319,519,553,2,15,1,33,34
82,534,555,0,2,15,6,21
939,537,555,0,2,12,6,18
317,521,555,0,2,28,6,34
718,538,555,0,2,12,5,17
614,547,555,0,2,4,4,8
363,546,555,0,2,3,6,9
373,543,555,0,2,6,6,12
159,527,555,0,2,23,5,28
793,529,555,0,2,20,6,26
390,527,555,0,2,22,6,28
1058,550,555,0,2,1,4,5
196,537,555,0,2,14,4,18
760,543,555,0,2,7,5,12
57,527,555,0,2,24,4,28
609,530,555,0,2,20,5,25
794,542,555,0,2,7,6,13
222,537,555,0,2,12,6,18
49,536,555,0,2,14,5,19
310,535,555,0,2,14,6,20
83,534,555,0,2,18,3,21
638,476,558,2,17,12,70,82
951,493,564,2,16,23,48,71
986,525,570,1,2,35,10,45
266,553,570,0,2,1,16,17
25,553,570,0,2,2,15,17
1000,543,570,0,2,11,16,27
1008,550,570,0,2,5,15,20
943,553,570,0,2,1,16,17
630,552,570,0,2,4,14,18
788,550,570,0,2,4,16,20
821,497,572,2,19,20,55,75
527,520,572,2,19,1,51,52
1035,554,577,2,10,1,22,23
441,503,579,1,3,57,19,76
423,216,580,7,2,348,16,364
595,549,583,2,10,1,33,34
470,558,585,2,4,14,13,27
904,511,585,2,1,69,5,74
1006,321,587,14,2,250,16,266
323,284,587,14,2,285,18,303
568,249,587,14,2,320,18,338
295,353,587,14,2,216,18,234
34,149,587,14,2,421,17,438
500,388,587,14,2,181,18,199
1005,292,587,14,2,278,17,295
842,392,587,14,2,178,17,195
558,575,590,2,5,1,14,15
477,516,594,2,1,71,7,78
776,528,594,2,1,59,7,66
346,539,594,2,1,48,7,55
1054,524,594,2,1,64,6,70
729,563,594,2,1,25,7,32
575,527,594,2,1,60,7,67
584,557,594,2,1,30,7,37
925,558,597,2,6,12,27,39
1019,411,597,9,0,118,68,186
710,428,597,7,0,136,33,169
1029,453,597,8,0,92,52,144
386,363,597,7,0,201,33,234
870,458,597,7,0,106,33,139
22,441,597,7,0,123,33,156
120,490,597,8,0,56,51,107
467,494,597,7,0,70,33,103
935,427,597,8,0,117,53,170
272,491,597,8,0,53,53,106
514,466,597,7,0,98,33,131
577,428,597,9,0,102,67,169
109,429,597,9,0,100,68,168
1100,475,597,8,0,69,53,122
1022,483,597,9,0,47,67,114
571,430,597,9,0,101,66,167
1021,496,597,9,0,33,68,101
1139,495,597,8,0,50,52,102
341,478,597,9,0,51,68,119
429,300,602,17,2,279,23,302
431,354,602,17,2,226,22,248
242,375,602,17,2,206,21,227
892,378,602,17,2,202,22,224
176,345,602,17,2,236,21,257
551,346,602,17,2,233,23,256
1091,360,602,17,2,219,23,242
640,388,602,17,2,191,23,214
659,562,602,0,2,29,11,40
848,587,602,0,2,4,11,15
205,532,602,2,13,4,66,70
752,567,602,0,2,24,11,35
455,579,602,0,2,12,11,23
234,577,602,0,2,14,11,25
783,566,602,0,2,25,11,36
1098,559,602,0,2,32,11,43
151,590,602,0,2,1,11,12
134,570,602,0,2,21,11,32
1084,586,602,0,2,5,11,16
192,575,602,0,2,16,11,27
271,578,602,0,2,13,11,24
301,582,602,0,2,9,11,20
901,574,602,0,2,17,11,28
68,583,602,0,2,8,11,19
78,561,602,0,2,31,10,41
322,571,602,0,2,20,11,31
1025,568,602,0,2,23,11,34
481,573,602,0,2,18,11,29
698,580,602,0,2,11,11,22
529,582,603,0,2,15,6,21
126,579,603,0,2,18,6,24
837,591,603,0,2,7,5,12
685,573,603,0,2,25,5,30
853,592,603,0,2,5,6,11
312,594,603,0,2,4,5,9
811,542,603,2,0,45,16,61
773,567,603,0,2,30,6,36
876,574,603,0,2,23,6,29
1114,576,603,0,2,21,6,27
591,595,603,0,2,2,6,8
761,494,603,14,0,75,34,109
809,182,603,14,0,389,32,421
994,478,603,14,0,92,33,125
60,594,603,0,2,3,6,9
611,570,603,0,2,27,6,33
945,339,603,14,0,231,33,264
14,584,603,0,2,13,6,19
123,593,603,0,2,4,6,10
490,566,603,0,2,32,5,37
294,393,603,14,0,176,34,210
817,300,603,14,0,269,34,303
504,236,603,14,0,334,33,367
498,466,603,14,0,103,34,137
655,577,603,0,2,21,5,26
818,167,603,14,0,402,34,436
946,338,603,14,0,231,34,265
166,589,603,0,2,9,6,15
354,582,603,0,2,16,5,21
1194,138,603,14,0,431,34,465
850,194,603,14,0,375,34,409
971,565,603,0,2,32,6,38
378,596,603,0,2,2,6,8
867,545,607,1,7,16,46,62
428,559,610,2,1,43,8,51
194,597,610,2,1,5,8,13
880,601,610,2,1,1,8,9
1175,541,610,2,1,62,8,70
306,527,610,2,1,75,8,83
934,532,610,2,1,71,7,78
1079,574,610,2,1,29,7,36
436,591,610,2,1,11,8,19
246,598,611,0,2,6,7,13
79,606,611,0,2,2,3,5
178,595,611,0,2,9,7,16
367,597,611,0,2,6,8,14
454,575,611,0,2,29,7,36
476,593,611,0,2,10,8,18
1063,605,611,0,2,1,5,6
362,586,611,0,2,19,6,25
824,602,611,0,2,2,8,10
204,600,611,0,2,5,6,11
1016,602,611,0,2,5,4,9
1083,599,611,0,2,5,8,13
227,569,611,0,2,34,8,42
344,595,611,0,2,8,8,16
523,606,611,0,2,1,4,5
412,580,611,0,2,24,8,32
1023,604,611,0,2,1,6,7
402,601,611,0,2,2,8,10
664,596,611,0,2,10,5,15
212,601,611,0,2,3,7,10
332,538,614,2,14,1,75,76
442,546,614,2,14,1,67,68
501,570,614,2,14,1,43,44
137,574,614,2,14,1,39,40
1074,338,615,17,0,242,35,277
588,338,615,17,0,241,36,277
1050,439,615,17,0,141,35,176
462,373,615,17,0,207,35,242
177,467,615,17,0,112,36,148
278,458,615,17,0,123,34,157
574,456,615,17,0,123,36,159
255,373,615,17,0,206,36,242
150,399,615,17,0,180,36,216
484,479,615,17,0,101,35,136
328,365,615,17,0,214,36,250
1196,375,615,17,0,204,36,240
1192,560,618,1,8,2,56,58
289,536,618,2,8,35,47,82
337,571,618,2,8,2,45,47
186,528,618,2,8,42,48,90
693,611,622,2,4,1,10,11
201,543,622,2,15,1,78,79
562,617,630,2,4,1,12,13
5,607,632,1,2,18,7,25
969,620,632,0,2,1,11,12
887,611,632,0,2,6,15,21
304,609,632,0,2,6,17,23
47,618,632,0,2,1,13,14
296,612,632,0,2,3,17,20
331,611,632,0,2,4,17,21
598,614,632,0,2,1,17,18
93,619,632,0,2,1,12,13
770,615,632,0,2,1,16,17
701,611,632,0,2,5,16,21
961,609,632,0,2,7,16,23
1115,615,632,0,2,2,15,17
806,621,632,0,2,1,10,11
279,613,632,0,2,5,14,19
816,610,632,0,2,5,17,22
96,356,638,5,2,273,9,282
388,326,638,5,2,302,10,312
208,376,638,5,2,250,12,262
660,295,638,5,2,331,12,343
719,591,639,2,11,11,37,48
9,609,645,2,9,2,34,36
313,600,648,2,1,38,10,48
940,555,648,2,1,83,10,93
884,614,648,2,1,24,10,34
191,603,648,2,1,35,10,45
865,603,649,2,12,1,45,46
813,583,649,2,12,19,47,66
456,326,650,13,2,306,18,324
759,272,650,13,2,360,18,378
361,354,650,13,2,278,18,296
364,330,650,13,2,305,15,320
932,615,651,2,7,1,35,36
1077,491,655,5,0,135,29,164
1055,335,655,5,0,292,28,320
552,354,655,5,0,272,29,301
94,438,655,5,0,188,29,217
1075,331,655,5,0,295,29,324
77,422,655,5,0,205,28,233
209,413,655,5,0,213,29,242
39,454,655,5,0,172,29,201
716,406,655,5,0,220,29,249
75,481,655,5,0,146,28,174
281,450,655,5,0,180,25,205
247,492,655,5,0,136,27,163
1076,317,655,5,0,309,29,338
76,412,655,5,0,216,27,243
547,403,655,5,0,224,28,252
557,310,655,5,0,317,28,345
886,597,656,2,14,8,51,59
855,593,656,2,14,9,54,63
616,595,657,2,1,55,7,62
550,628,657,2,1,22,7,29
808,608,660,2,9,1,51,52
1018,608,660,2,9,2,50,52
30,598,660,2,9,5,57,62
248,645,662,0,2,10,7,17
525,629,662,0,2,26,7,33
1020,651,662,0,2,4,7,11
998,628,662,0,2,27,7,34
1113,622,662,0,2,34,6,40
1053,631,662,0,2,24,7,31
981,651,662,0,2,4,7,11
119,627,662,0,2,28,7,35
345,625,662,0,2,30,7,37
1040,638,662,0,2,17,7,24
994,625,662,0,2,31,6,37
277,646,662,0,2,9,7,16
164,626,662,0,2,29,7,36
195,654,662,0,2,1,7,8
953,633,662,0,2,22,7,29
286,623,662,0,2,32,7,39
1109,640,662,0,2,15,7,22
845,652,662,0,2,3,7,10
3,621,662,0,2,35,7,42
754,643,662,0,2,12,7,19
939,638,664,2,0,12,14,26
12,611,664,2,0,39,14,53
682,267,664,13,0,366,31,397
369,370,664,13,0,262,32,294
163,344,664,13,0,289,31,320
1047,411,664,13,0,222,31,253
1169,288,664,13,0,346,30,376
359,332,664,13,0,300,32,332
564,479,664,13,0,155,30,185
737,358,664,13,0,276,30,306
1106,322,664,13,0,311,31,342
397,451,664,13,0,181,32,213
585,299,664,13,0,333,32,365
890,263,664,13,0,369,32,401
1048,426,664,13,0,206,32,238
207,494,664,13,0,138,32,170
31,454,664,13,0,179,31,210
684,454,664,13,0,178,32,210
419,511,668,1,11,113,44,157
474,628,668,1,11,1,39,40
411,592,668,2,16,11,65,76
916,621,668,2,16,1,46,47
709,608,668,2,16,1,59,60
604,584,668,2,16,20,64,84
917,575,668,2,16,27,66,93
389,635,674,2,12,1,38,39
19,651,678,0,2,12,15,27
781,662,678,0,2,1,15,16
231,629,678,0,2,34,15,49
125,646,678,0,2,17,15,32
1059,636,678,0,2,27,15,42
1030,655,678,0,2,10,13,23
679,655,678,0,2,8,15,23
1155,628,678,0,2,36,14,50
623,641,678,0,2,22,15,37
260,627,678,0,2,36,15,51
391,661,678,0,2,2,15,17
1056,656,678,0,2,7,15,22
750,663,678,0,2,1,14,15
485,647,678,0,2,17,14,31
533,653,678,0,2,10,15,25
238,623,678,0,2,40,15,55
771,659,678,0,2,5,14,19
146,295,679,3,2,377,7,384
508,351,679,3,2,322,6,328
671,308,679,3,2,363,8,371
600,663,679,0,2,2,14,16
267,639,679,0,2,26,14,40
896,631,679,0,2,33,15,48
23,652,679,0,2,12,15,27
798,663,679,0,2,1,15,16
405,666,679,0,2,1,12,13
155,626,679,0,2,38,15,53
1065,661,679,0,2,4,15,19
185,644,679,0,2,20,15,35
1003,655,679,0,2,9,15,24
1071,583,680,2,17,20,77,97
889,643,684,2,1,36,5,41
453,602,684,2,1,77,5,82
248,663,689,2,5,1,25,26
494,638,691,2,0,41,12,53
546,488,691,3,0,185,18,203
775,378,691,3,0,296,17,313
241,369,691,3,0,303,19,322
667,364,691,3,0,307,20,327
669,484,691,3,0,188,19,207
672,412,691,3,0,259,20,279
774,451,691,3,0,221,19,240
674,391,691,3,0,281,19,300
583,293,691,3,0,378,20,398
440,375,691,3,0,296,20,316
705,383,691,3,0,288,20,308
244,487,691,3,0,184,20,204
668,469,691,3,0,206,16,222
104,477,691,3,0,194,20,214
7,400,691,3,0,271,20,291
675,467,691,3,0,204,20,224
403,401,691,3,0,272,18,290
838,604,692,2,19,2,86,88
168,656,697,2,9,6,35,41
691,687,700,0,2,5,8,13
1186,668,700,0,2,23,9,32
1009,673,700,0,2,18,9,27
16,691,700,0,2,1,8,9
74,679,700,0,2,12,9,21
69,688,700,0,2,3,9,12
897,687,700,0,2,4,9,13
15,686,700,0,2,5,9,14
167,674,700,0,2,18,8,26
135,672,700,0,2,20,8,28
847,674,700,0,2,17,9,26
809,687,700,0,2,4,9,13
507,678,700,0,2,13,9,22
174,671,700,0,2,22,7,29
1128,671,700,0,2,20,9,29
321,673,700,0,2,18,9,27
825,678,700,0,2,14,8,22
578,687,700,0,2,5,8,13
499,669,700,0,2,22,9,31
42,668,700,0,2,24,8,32
924,646,701,1,4,23,32,55
1070,689,701,2,4,1,11,12
677,675,703,1,10,1,27,28
964,692,710,2,6,1,17,18
1008,696,710,2,6,1,13,14
962,685,710,2,6,1,24,25
507,707,710,2,3,1,2,3
1158,365,711,16,2,321,25,346
662,328,711,16,2,357,26,383
1054,669,711,1,12,1,41,42
478,379,711,16,2,306,26,332
1094,380,711,16,2,308,23,331
899,397,711,16,2,290,24,314
610,663,717,2,1,50,4,54
236,689,717,2,1,24,4,28
371,661,717,2,1,51,5,56
744,656,717,2,1,59,3,62
841,673,717,2,1,39,5,44
673,671,717,2,1,42,4,46
407,696,717,2,1,18,3,21
1002,672,717,2,1,40,5,45
579,664,717,2,1,48,5,53
1028,675,717,2,1,38,4,42
451,706,717,2,1,7,4,11
105,646,717,2,1,67,4,71
1041,697,717,2,1,15,5,20
949,651,717,2,1,61,5,66
392,689,717,2,1,23,5,28
1190,676,717,2,1,36,5,41
702,687,717,2,1,25,5,30
122,670,717,2,1,42,5,47
614,680,718,2,7,1,37,38
793,671,718,2,7,9,38,47
1105,653,723,2,1,58,12,70
801,643,723,2,1,68,12,80
846,647,723,2,1,64,12,76
61,658,723,2,1,54,12,66
1119,618,723,2,1,93,12,105
424,649,723,2,15,30,44,74
25,658,723,2,15,21,44,65
143,669,723,2,15,10,44,54
1185,654,723,2,15,26,43,69
655,684,726,2,9,1,41,42
1014,705,727,0,2,16,6,22
358,698,727,0,2,23,6,29
933,690,727,0,2,31,6,37
995,703,727,0,2,18,6,24
335,697,727,0,2,24,6,30
1197,673,727,0,2,48,6,54
413,702,727,0,2,19,6,25
1010,682,727,0,2,39,6,45
1019,704,727,0,2,17,6,23
1141,706,727,0,2,15,6,21
796,709,727,0,2,12,6,18
874,696,727,0,2,25,6,31
502,714,727,0,2,7,6,13
631,699,727,0,2,22,6,28
680,716,727,0,2,5,6,11
427,705,727,0,2,16,6,22
653,698,727,0,2,23,6,29
1107,713,727,0,2,8,6,14
1196,693,727,0,2,28,6,34
590,710,727,0,2,11,6,17
791,338,732,16,0,349,45,394
1093,395,732,16,0,290,47,337
1159,496,732,16,0,190,46,236
311,393,732,16,0,292,47,339
1092,467,732,16,0,218,47,265
464,427,732,16,0,258,47,305
950,353,732,16,0,332,47,379
898,428,732,16,0,258,46,304
1062,327,732,16,0,359,46,405
905,478,732,16,0,207,47,254
102,320,732,16,0,365,47,412
20,412,732,15,0,280,40,320
708,474,732,16,0,215,43,258
309,394,732,16,0,292,46,338
955,292,732,15,0,400,40,440
313,715,733,1,0,2,16,18
958,700,733,0,2,24,9,33
375,693,733,0,2,31,9,40
145,706,733,0,2,19,8,27
239,705,733,0,2,19,9,28
704,723,733,0,2,1,9,10
243,719,733,0,2,5,9,14
1104,714,733,0,2,11,8,19
374,687,733,0,2,38,8,46
576,640,733,2,0,72,21,93
21,721,733,0,2,3,9,12
912,704,733,0,2,20,9,29
157,712,733,0,2,12,9,21
758,702,733,0,2,23,8,31
366,675,733,0,2,49,9,58
127,715,733,0,2,9,9,18
903,708,733,0,2,16,9,25
873,696,733,0,2,29,9,38
180,698,733,0,2,26,9,35
990,723,733,0,2,2,8,10
249,697,733,0,2,29,8,37
285,672,733,2,0,42,19,61
628,720,733,0,2,5,8,13
989,687,734,2,17,1,46,47
757,643,739,2,11,35,61,96
1098,644,740,2,18,35,61,96
387,734,740,2,5,1,5,6
1056,730,740,2,5,4,6,10
1170,699,747,0,2,34,14,48
988,722,747,0,2,11,14,25
954,729,747,0,2,4,14,18
843,722,747,2,7,11,14,25
652,725,747,0,2,8,14,22
1179,733,747,0,2,1,13,14
922,733,747,0,2,2,12,14
209,735,747,0,2,1,11,12
735,724,747,0,2,10,13,23
422,734,747,0,2,1,12,13
1133,648,748,2,12,30,70,100
1113,697,748,2,12,1,50,51
1114,671,748,2,12,7,70,77
1121,737,751,0,2,1,13,14
342,741,751,0,2,1,9,10
1044,737,751,0,2,2,12,14
840,724,751,0,2,8,19,27
1039,740,751,0,2,1,10,11
928,710,751,0,2,23,18,41
377,734,751,0,2,1,16,17
1149,731,751,0,2,1,19,20
895,738,751,0,2,2,11,13
1150,726,751,0,2,6,19,25
868,728,751,0,2,4,19,23
589,732,751,0,2,2,17,19
70,727,751,0,2,6,18,24
67,704,751,0,2,28,19,47
491,724,751,0,2,8,19,27
199,718,751,0,2,15,19,34
38,695,751,0,2,37,19,56
776,736,756,1,3,3,17,20
760,659,757,2,13,19,79,98
1087,751,767,0,2,8,8,16
280,754,767,0,2,5,8,13
740,746,767,0,2,14,7,21
6,748,767,0,2,12,7,19
836,744,767,0,2,15,8,23
819,756,767,0,2,3,8,11
1068,755,767,0,2,4,8,12
235,744,767,0,2,16,7,23
733,741,767,0,2,18,8,26
112,752,767,0,2,7,8,15
528,750,767,0,2,9,8,17
1017,758,767,0,2,1,8,9
543,744,767,0,2,15,8,23
36,746,767,0,2,13,8,21
434,747,767,0,2,12,8,20
104,745,767,0,2,14,8,22
297,743,767,0,2,16,8,24
379,756,767,0,2,4,8,12
309,748,767,0,2,11,8,19
399,742,767,0,2,18,7,25
56,677,768,1,5,62,29,91
97,731,768,1,5,8,29,37
887,668,769,2,14,10,91,101
948,649,769,2,14,29,91,120
897,738,774,2,6,9,27,36
857,762,776,2,5,5,9,14
189,727,778,2,1,45,6,51
103,722,778,2,1,50,6,56
90,666,778,2,1,106,6,112
79,647,778,2,15,32,99,131
880,705,780,1,7,34,41,75
908,713,787,2,10,16,58,74
725,745,787,2,10,1,41,42
351,723,787,2,10,4,60,64
912,766,787,2,6,1,20,21
1016,760,787,2,6,7,20,27
363,644,790,2,16,34,112,146
236,754,793,1,0,24,15,39
436,692,793,1,9,48,53,101
340,738,793,2,9,10,45,55
505,374,793,10,0,380,39,419
831,415,793,10,0,338,40,378
468,469,793,10,0,288,36,324
348,443,793,10,0,311,39,350
891,388,793,10,0,366,39,405
830,387,793,10,0,366,40,406
599,398,793,10,0,358,37,395
1033,373,793,10,0,380,40,420
636,489,793,10,0,264,40,304
832,391,793,10,0,362,40,402
268,419,793,10,0,336,38,374
1130,375,793,10,0,378,40,418
613,450,793,10,0,303,40,343
269,386,793,10,0,369,38,407
469,400,793,10,0,353,40,393
967,442,793,10,0,311,40,351
540,412,793,10,0,342,39,381
848,756,796,2,9,1,39,40
1126,755,796,2,9,1,40,41
752,761,797,2,8,7,29,36
357,700,797,2,11,28,69,97
1044,755,797,2,11,1,41,42
591,655,798,2,17,23,120,143
732,763,801,0,2,30,8,38
963,783,801,0,2,10,8,18
147,744,801,0,2,49,8,57
1157,779,801,0,2,14,8,22
458,774,801,0,2,19,8,27
975,772,801,0,2,21,8,29
1102,767,801,0,2,26,8,34
747,773,801,0,2,20,8,28
84,776,801,0,2,17,8,25
140,774,801,0,2,19,8,27
552,757,801,0,2,36,8,44
479,764,801,0,2,29,8,37
893,788,801,0,2,5,8,13
293,763,801,0,2,30,8,38
724,746,801,0,2,47,8,55
1001,750,801,0,2,43,8,51
370,755,801,0,2,38,8,46
197,779,801,0,2,14,8,22
341,784,801,0,2,9,8,17
684,752,801,0,2,41,8,49
117,663,805,2,18,16,126,142
202,723,806,1,13,22,61,83
529,747,806,2,12,1,58,59
206,799,812,2,1,7,6,13
1111,801,812,2,1,5,6,11
1012,779,812,2,1,27,6,33
570,725,812,2,1,82,5,87
158,789,812,2,1,17,6,23
601,770,812,2,1,36,6,42
741,765,812,2,1,41,6,47
789,684,812,2,1,122,6,128
71,758,812,2,1,48,6,54
1094,760,812,2,1,46,6,52
398,730,812,2,1,77,6,83
364,754,812,2,1,53,5,58
899,780,812,2,1,26,6,32
894,741,812,2,1,65,6,71
701,767,812,2,1,39,6,45
52,734,812,2,1,73,5,78
391,748,812,2,1,58,6,64
492,773,812,2,1,33,6,39
144,705,815,1,15,39,71,110
13,737,816,2,14,1,78,79
136,765,816,2,14,2,49,51
804,732,817,2,0,74,11,85
602,791,817,2,0,15,11,26
833,765,822,0,2,45,12,57
80,752,822,0,2,58,12,70
827,798,822,0,2,12,12,24
1024,763,822,0,2,47,12,59
1142,800,822,0,2,10,12,22
314,791,822,0,2,19,12,31
1134,790,822,0,2,20,12,32
307,774,822,0,2,36,12,48
594,745,822,0,2,65,12,77
22,794,822,0,2,16,12,28
330,798,822,0,2,12,12,24
755,780,822,0,2,31,12,43
395,795,822,0,2,15,12,27
681,776,822,0,2,34,12,46
1103,772,822,0,2,38,12,50
646,785,822,0,2,25,12,37
383,792,822,0,2,18,12,30
1117,756,822,0,2,54,12,66
1162,800,822,0,2,10,12,22
566,801,822,0,2,9,12,21
375,774,823,2,10,27,22,49
439,777,823,2,10,24,22,46
853,779,823,2,10,22,22,44
86,789,823,2,10,13,21,34
1032,768,823,2,10,33,22,55
1186,742,824,2,15,1,81,82
651,721,824,2,15,9,94,103
356,714,824,2,15,13,97,110
451,734,825,1,19,10,81,91
1004,806,828,0,2,11,11,22
649,784,828,0,2,33,11,44
907,811,828,0,2,6,11,17
1090,749,828,0,2,68,11,79
1138,799,828,0,2,18,11,29
1131,808,828,0,2,9,11,20
608,794,828,0,2,23,11,34
927,805,828,0,2,12,11,23
438,775,828,0,2,42,11,53
1037,769,828,0,2,48,11,59
682,811,828,0,2,6,11,17
1148,762,828,0,2,55,11,66
1047,805,828,0,2,12,11,23
580,804,828,0,2,13,11,24
217,812,828,0,2,5,11,16
450,809,828,0,2,8,11,19
539,796,828,0,2,21,11,32
665,803,828,0,2,14,11,25
210,801,828,0,2,16,11,27
931,790,828,0,2,27,11,38
686,786,832,2,11,15,31,46
476,773,832,2,11,30,29,59
271,769,832,2,11,33,30,63
260,793,832,2,11,8,31,39
631,809,832,2,11,1,22,23
790,761,833,2,16,1,71,72
178,705,833,2,16,22,106,128
901,716,833,2,16,12,105,117
730,755,838,0,2,73,10,83
416,766,838,2,17,2,70,72
805,764,838,0,2,65,9,74
224,821,838,0,2,7,10,17
124,804,838,0,2,24,10,34
283,817,838,0,2,11,10,21
860,814,838,0,2,14,10,24
1164,812,838,0,2,16,10,26
1027,765,838,2,17,1,72,73
334,820,838,0,2,8,10,18
666,816,838,0,2,12,10,22
728,824,838,0,2,4,10,14
130,805,838,0,2,23,10,33
1,789,838,0,2,39,10,49
530,803,838,0,2,26,9,35
1096,800,838,0,2,28,10,38
661,807,838,0,2,21,10,31
250,794,838,0,2,35,10,45
488,791,838,0,2,38,9,47
990,764,838,2,17,1,73,74
1021,773,838,0,2,55,10,65
1182,810,838,0,2,18,10,28
1045,825,838,0,2,3,10,13
252,771,842,2,12,30,41,71
837,760,846,2,19,1,85,86
524,717,846,2,19,10,119,129
385,698,846,2,19,29,119,148
968,809,848,0,2,32,7,39
736,813,848,0,2,28,7,35
472,828,848,0,2,13,7,20
689,835,848,0,2,6,7,13
781,841,848,2,6,1,6,7
87,840,848,0,2,1,7,8
513,811,848,0,2,31,6,37
742,805,848,0,2,36,7,43
1031,837,848,0,2,4,7,11
862,798,848,0,2,44,6,50
1060,826,848,0,2,16,6,22
444,820,848,0,2,21,7,28
59,779,848,0,2,62,7,69
213,819,848,0,2,23,6,29
588,833,848,0,2,8,7,15
583,816,848,0,2,25,7,32
946,830,848,0,2,11,7,18
905,838,848,0,2,3,7,10
216,832,848,0,2,9,7,16
544,824,848,0,2,17,7,24
999,831,848,0,2,10,7,17
224,843,851,2,3,1,7,8
499,789,851,2,14,12,50,62
1039,850,856,2,4,1,5,6
1040,807,857,2,4,15,35,50
812,777,858,2,15,25,56,81
1036,802,858,2,15,1,55,56
953,799,858,2,15,2,57,59
242,816,859,2,1,34,9,43
619,817,859,2,1,34,8,42
320,820,859,2,1,30,9,39
146,748,859,2,1,103,8,111
952,828,859,2,1,22,9,31
1181,808,859,2,1,43,8,51
181,772,859,2,1,78,9,87
1165,828,859,2,1,23,8,31
888,789,859,2,1,61,9,70
139,780,859,2,1,70,9,79
712,841,859,2,1,10,9,19
382,836,859,2,1,14,9,23
795,809,859,2,1,41,9,50
823,799,859,2,1,51,9,60
225,828,859,2,1,22,9,31
152,769,859,2,1,82,8,90
128,765,859,2,1,85,9,94
53,758,859,2,1,92,9,101
232,731,859,2,1,119,9,128
970,821,863,2,10,19,23,42
879,790,868,2,16,13,65,78
963,833,869,2,6,1,35,36
228,778,869,2,6,44,47,91
422,777,869,2,6,46,46,92
1019,851,871,2,9,1,19,20
958,834,873,2,11,7,32,39
773,785,874,2,17,17,72,89
718,788,874,2,17,13,73,86
346,819,875,1,0,40,16,56
601,851,875,1,0,9,15,24
938,786,875,2,0,65,24,89
518,801,877,2,7,22,54,76
754,831,881,2,13,7,43,50
844,857,882,0,2,14,11,25
1171,845,882,0,2,26,11,37
447,847,882,0,2,24,11,35
333,851,882,0,2,20,11,31
556,854,882,0,2,17,11,28
1137,843,882,0,2,28,11,39
727,831,882,0,2,40,11,51
1151,835,882,0,2,36,11,47
1043,855,882,0,2,16,11,27
133,860,882,0,2,11,11,22
973,846,882,0,2,25,11,36
710,860,882,0,2,11,11,22
797,833,882,0,2,38,11,49
386,857,882,0,2,14,11,25
829,821,882,0,2,50,11,61
384,805,882,0,2,66,11,77
869,847,882,0,2,24,11,35
394,842,882,0,2,29,11,40
559,849,882,0,2,22,11,33
142,838,882,0,2,33,11,44
161,830,883,2,8,1,52,53
1191,797,883,2,8,25,61,86
84,832,883,2,8,1,50,51
642,837,883,2,8,1,45,46
1167,844,883,2,8,1,38,39
1003,833,883,2,8,1,49,50
131,832,884,0,2,43,9,52
376,847,884,0,2,28,9,37
676,845,884,0,2,30,9,39
1118,866,884,0,2,9,9,18
567,874,884,0,2,1,9,10
1046,865,884,0,2,10,9,19
449,857,884,0,2,18,9,27
226,860,884,0,2,15,9,24
446,837,884,0,2,38,9,47
27,862,884,0,2,13,9,22
626,863,884,0,2,12,9,21
482,815,884,0,2,60,9,69
359,850,884,0,2,25,9,34
1166,866,884,0,2,9,9,18
716,873,884,0,2,2,9,11
215,861,884,0,2,14,9,23
349,854,884,0,2,21,9,30
292,842,884,0,2,33,9,42
240,868,884,0,2,7,9,16
987,872,884,0,2,3,9,12
944,819,889,2,14,20,50,70
404,833,889,2,14,5,51,56
69,787,891,2,9,37,67,104
1058,776,891,2,9,46,69,115
393,855,893,2,6,29,9,38
1069,878,893,2,6,6,9,15
35,827,896,2,1,57,12,69
1168,774,896,2,1,111,11,122
769,875,896,2,1,9,12,21
1135,875,896,2,1,10,11,21
782,838,896,2,1,46,12,58
786,761,896,2,1,123,12,135
707,865,896,2,1,20,11,31
851,884,896,2,1,2,10,12
936,854,896,2,1,30,12,42
726,857,896,2,1,27,12,39
44,882,896,2,1,3,12,15
510,812,896,2,1,74,10,84
284,886,896,2,1,1,9,10
18,864,896,2,1,20,12,32
16,793,896,2,1,91,12,103
116,859,896,2,1,27,10,37
73,841,896,2,1,46,9,55
1059,855,900,2,7,29,16,45
600,854,902,2,10,29,19,48
659,880,902,2,10,3,19,22
969,881,902,2,10,1,20,21
911,820,902,2,16,18,64,82
308,817,902,2,16,21,64,85
1034,853,902,2,10,29,20,49
306,899,903,1,0,1,3,4
426,855,903,2,0,30,18,48
4,866,903,2,0,18,19,37
17,835,903,2,0,50,18,68
943,855,907,2,8,30,22,52
261,856,907,2,11,26,25,51
637,869,907,2,11,15,23,38
698,876,907,2,8,10,21,31
826,874,911,0,2,25,12,37
343,886,911,0,2,13,12,25
607,842,911,0,2,57,12,69
914,885,911,0,2,14,12,26
1042,859,911,0,2,40,12,52
406,862,911,0,2,37,12,49
834,875,911,0,2,24,12,36
262,877,911,0,2,22,12,34
767,880,911,0,2,19,12,31
515,829,911,0,2,70,12,82
290,846,911,0,2,53,12,65
493,882,911,0,2,18,12,30
418,866,911,0,2,33,12,45
1198,871,911,0,2,28,12,40
739,884,911,0,2,15,12,27
815,890,911,0,2,9,12,21
692,876,911,0,2,23,12,35
738,887,911,0,2,12,12,24
1136,852,911,0,2,47,12,59
643,863,911,0,2,36,12,48
126,838,913,2,17,1,74,75
415,886,915,0,2,17,12,29
1161,844,915,0,2,60,11,71
409,887,915,0,2,17,11,28
8,875,915,0,2,29,11,40
360,880,915,0,2,23,12,35
582,883,915,0,2,20,12,32
1122,896,915,0,2,7,12,19
996,898,915,0,2,5,12,17
902,848,915,0,2,55,12,67
549,891,915,0,2,12,12,24
66,890,915,0,2,13,12,25
1077,861,915,0,2,42,12,54
634,875,915,0,2,28,12,40
448,873,915,0,2,31,12,43
807,897,915,0,2,6,12,18
111,865,915,0,2,38,12,50
291,900,915,0,2,3,12,15
658,880,915,0,2,24,11,35
50,862,915,0,2,42,11,53
1085,834,915,0,2,69,12,81
689,886,919,2,12,1,32,33
153,899,921,0,2,10,12,22
1123,885,921,0,2,26,10,36
784,877,921,0,2,32,12,44
978,891,921,0,2,18,12,30
64,894,921,0,2,16,11,27
751,867,921,0,2,43,11,54
115,905,921,0,2,6,10,16
976,910,921,0,2,1,10,11
921,909,921,0,2,4,8,12
858,903,921,0,2,6,12,18
669,910,921,0,2,2,9,11
672,856,921,0,2,53,12,65
1112,906,921,0,2,4,11,15
440,906,921,0,2,3,12,15
627,910,921,0,2,1,10,11
878,897,921,0,2,15,9,24
506,905,921,0,2,4,12,16
403,911,921,0,2,1,9,10
545,900,921,0,2,10,11,21
557,896,921,0,2,13,12,25
736,851,925,2,13,33,41,74
1020,884,925,2,13,1,40,41
998,845,925,2,13,37,43,80
876,832,925,2,19,7,86,93
798,834,925,2,19,4,87,91
854,895,928,2,10,17,16,33
74,926,931,2,5,1,4,5
947,861,931,2,14,21,49,70
154,896,934,2,4,19,19,38
358,918,939,2,11,1,20,21
695,913,939,2,11,1,25,26
21,872,940,2,15,10,58,68
231,854,940,2,15,28,58,86
1017,847,940,2,15,35,58,93
567,920,942,2,9,1,21,22
747,922,942,2,9,1,19,20
367,898,944,2,5,18,28,46
1164,846,945,2,16,37,62,99
1053,891,949,2,12,20,38,58
766,378,952,11,2,540,34,574
1184,929,954,2,7,1,24,25
330,888,956,2,17,1,67,68
98,906,957,2,14,5,46,51
405,909,957,2,14,3,45,48
61,828,960,1,2,120,12,132
398,850,960,1,2,98,12,110
593,879,962,2,18,3,80,83
68,885,962,2,18,1,76,77
455,927,963,2,9,1,35,36
1197,905,963,2,9,10,48,58
1097,872,964,2,1,80,12,92
860,914,964,2,15,2,48,50
742,912,964,2,15,1,51,52
573,914,966,0,2,46,6,52
365,937,966,0,2,23,6,29
1160,925,966,0,2,36,6,42
810,924,966,0,2,37,6,43
694,932,966,0,2,28,6,34
420,940,966,0,2,20,6,26
870,948,966,0,2,12,6,18
179,931,966,0,2,29,6,35
690,944,966,0,2,16,6,22
11,946,966,0,2,15,6,21
353,935,966,0,2,25,6,31
574,933,966,0,2,27,6,33
65,942,966,0,2,18,6,24
737,924,966,0,2,36,6,42
28,911,966,0,2,49,6,55
1100,951,966,0,2,9,6,15
327,918,966,0,2,42,6,48
509,926,966,0,2,34,6,40
597,937,966,0,2,23,6,29
433,927,966,0,2,33,6,39
246,887,967,2,19,1,79,80
47,857,967,2,19,26,84,110
570,923,969,1,0,41,5,46
1146,475,969,11,0,443,51,494
156,495,969,11,0,423,51,474
787,358,969,11,0,561,50,611
338,494,969,11,0,425,50,475
305,468,969,11,0,453,48,501
113,459,969,11,0,460,50,510
937,406,969,11,0,514,49,563
466,315,969,7,0,623,31,654
203,469,969,11,0,449,51,500
339,478,969,11,0,442,49,491
1147,469,969,11,0,450,50,500
270,462,969,11,0,456,51,507
114,500,969,11,0,422,47,469
1125,428,969,7,0,510,31,541
881,458,969,7,0,480,31,511
473,431,969,11,0,487,51,538
480,493,969,11,0,425,51,476
264,397,969,7,0,542,30,572
756,319,969,11,0,599,51,650
146,889,971,1,3,59,23,82
530,899,971,2,16,12,60,72
672,961,974,2,3,6,7,13
331,914,977,2,17,1,62,63
453,908,979,1,4,40,31,71
24,915,979,0,2,55,9,64
165,966,979,0,2,4,10,14
778,912,979,0,2,58,10,68
329,925,979,0,2,45,9,54
656,937,979,0,2,33,10,43
780,961,979,0,2,8,10,18
772,962,979,0,2,7,10,17
548,945,979,0,2,24,10,34
1072,923,979,0,2,46,10,56
956,958,979,0,2,11,10,21
109,941,979,0,2,28,10,38
900,948,979,0,2,21,10,31
822,924,979,0,2,46,10,56
687,931,979,0,2,38,10,48
1048,954,979,0,2,15,10,25
885,956,979,0,2,14,10,24
748,934,979,0,2,35,10,45
923,932,979,0,2,38,9,47
1099,926,979,0,2,43,10,53
1052,937,979,0,2,33,9,42
345,942,983,2,4,25,16,41
847,947,983,2,4,19,17,36
1057,960,983,2,4,6,17,23
531,962,986,2,1,17,7,24
765,922,986,2,1,57,7,64
520,900,986,2,1,79,7,86
141,913,986,2,1,66,7,73
237,937,986,2,1,42,7,49
89,935,986,2,1,44,7,51
979,897,986,2,1,82,7,89
318,942,986,2,1,37,7,44
913,945,986,2,1,34,7,41
282,928,986,2,1,51,7,58
355,972,986,2,1,7,7,14
316,977,986,2,1,2,7,9
221,900,986,2,1,80,6,86
1088,946,986,2,1,33,7,40
617,917,986,2,1,62,7,69
988,896,986,2,1,84,6,90
234,893,986,2,1,86,7,93
15,965,986,2,1,14,7,21
1103,900,986,2,1,79,7,86
515,978,987,2,4,2,7,9
55,810,989,1,5,138,41,179
1095,940,991,2,0,39,12,51
227,980,993,2,6,1,12,13
783,965,996,2,6,3,28,31
1134,940,996,2,6,26,30,56
961,937,996,2,6,29,30,59
217,951,996,2,6,15,30,45
371,934,998,1,7,14,50,64
546,936,1002,0,2,55,11,66
435,969,1002,0,2,22,11,33
761,989,1002,0,2,2,11,13
85,959,1002,0,2,32,11,43
629,984,1002,0,2,7,11,18
452,971,1002,0,2,20,11,31
852,924,1002,0,2,67,11,78
624,985,1002,0,2,6,11,17
764,983,1002,0,2,8,11,19
350,962,1002,0,2,29,11,40
475,954,1002,0,2,38,10,48
532,929,1002,0,2,63,10,73
535,946,1002,0,2,45,11,56
519,976,1002,0,2,16,11,27
572,973,1002,0,2,18,11,29
1173,971,1002,0,2,21,11,32
256,961,1002,0,2,31,10,41
1180,954,1002,0,2,37,11,48
1153,977,1002,0,2,14,11,25
534,980,1002,0,2,11,11,22
266,938,1007,2,7,29,40,69
513,956,1007,2,7,10,41,51
730,944,1008,2,10,36,28,64
612,960,1008,2,10,21,27,48
512,975,1009,0,2,18,16,34
1026,958,1009,0,2,36,15,51
696,944,1009,0,2,49,16,65
615,968,1009,0,2,25,16,41
713,978,1009,0,2,15,16,31
497,995,1009,0,2,1,13,14
587,1004,1009,0,2,1,4,5
230,1001,1009,0,2,1,7,8
832,970,1009,0,2,25,14,39
514,984,1009,0,2,11,14,25
553,1002,1009,0,2,1,6,7
818,983,1009,0,2,10,16,26
668,971,1009,0,2,22,16,38
571,1003,1009,0,2,1,5,6
75,992,1009,0,2,2,15,17
269,993,1009,0,2,4,12,16
484,1004,1009,0,2,2,3,5
1108,976,1009,0,2,20,13,33
779,987,1009,0,2,7,16,23
1061,998,1009,0,2,1,10,11
1156,972,1009,0,2,22,15,37
31,982,1009,0,2,12,15,27
610,945,1011,1,10,3,63,66
556,991,1011,2,4,11,9,20
770,935,1014,2,8,31,48,79
290,962,1014,2,8,4,48,52
428,735,1017,1,11,213,69,282
1041,870,1017,1,11,78,69,147
415,994,1018,2,6,8,16,24
1087,1006,1018,2,6,1,11,12
446,996,1018,2,6,6,16,22
304,936,1019,2,11,45,38,83
1084,975,1019,2,11,4,40,44
1002,861,1024,1,12,87,76,163
575,820,1024,1,12,128,76,204
1010,922,1024,2,12,38,64,102
1138,1003,1027,2,8,1,23,24
119,992,1027,2,8,11,24,35
1000,923,1028,2,12,56,49,105
479,1007,1028,2,11,3,18,21
691,991,1033,2,9,11,31,42
145,986,1033,2,9,16,31,47
447,956,1033,2,13,23,54,77
685,955,1033,2,13,25,53,78
836,940,1033,2,13,39,54,93
317,948,1033,2,13,31,54,85
167,1001,1033,2,9,1,31,32
801,750,1035,1,14,199,86,285
657,942,1037,2,1,88,7,95
1067,946,1037,2,1,84,7,91
315,1008,1037,2,1,22,7,29
863,899,1037,2,1,131,7,138
245,1011,1037,2,1,19,7,26
568,1009,1037,2,1,21,7,28
172,1018,1037,2,1,12,7,19
388,988,1037,2,1,42,7,49
906,1015,1037,2,1,15,7,22
410,975,1037,2,1,55,7,62
81,983,1037,2,1,47,7,54
121,944,1037,2,1,87,6,93
699,965,1037,2,1,66,7,73
134,930,1037,2,1,101,6,107
454,926,1037,2,1,104,7,111
243,1003,1038,2,17,6,29,35
151,946,1039,2,14,33,60,93
538,759,1041,1,15,189,93,282
741,917,1041,1,15,31,93,124
525,991,1046,2,19,18,37,55
954,976,1048,2,15,7,65,72
175,935,1048,2,15,44,69,113
477,887,1052,1,16,61,104,165
934,790,1052,1,16,158,104,262
899,882,1052,1,16,66,104,170
949,816,1052,1,16,132,104,236
878,927,1052,2,16,33,92,125
823,1017,1053,1,0,20,16,36
1157,935,1053,2,0,95,23,118
312,915,1053,2,0,115,23,138
347,912,1053,2,0,119,22,141
873,979,1053,2,0,51,23,74
1065,1012,1053,2,0,18,23,41
374,1045,1057,2,10,1,11,12
373,1041,1057,2,10,1,15,16
349,1018,1057,2,10,1,38,39
1111,875,1060,1,19,73,112,185
1038,796,1060,1,19,152,112,264
603,928,1060,2,16,52,80,132
648,976,1060,2,16,3,81,84
744,881,1062,1,2,171,10,181
729,891,1062,1,2,162,9,171
1175,837,1062,1,2,216,9,225
1152,1006,1063,0,2,47,10,57
43,1020,1063,0,2,33,10,43
95,1050,1063,0,2,3,10,13
10,1029,1063,0,2,25,9,34
1066,1009,1063,0,2,47,8,55
564,1010,1063,0,2,43,10,53
636,1036,1063,0,2,17,10,27
974,1006,1063,0,2,48,9,57
872,1046,1063,0,2,7,10,17
190,1048,1063,0,2,7,8,15
430,1032,1063,0,2,22,9,31
171,1031,1063,0,2,24,8,32
257,1033,1063,0,2,20,10,30
941,1014,1063,0,2,40,9,49
743,1042,1063,0,2,12,9,21
697,1053,1063,0,2,1,9,10
959,1026,1063,0,2,27,10,37
102,1029,1063,0,2,24,10,34
76,1031,1063,0,2,22,10,32
715,1006,1063,0,2,47,10,57
82,948,1066,2,17,34,84,118
1123,1044,1068,2,3,20,4,24
598,1031,1068,2,3,32,5,37
581,1056,1068,2,3,7,5,12
103,936,1069,1,3,116,17,133
673,1016,1069,1,3,36,17,53
550,887,1069,1,3,165,17,182
1009,1009,1069,2,12,1,59,60
1090,1012,1069,2,12,1,56,57
814,1045,1069,2,12,2,22,24
641,996,1069,2,12,14,59,73
975,969,1074,2,18,10,95,105
896,994,1076,2,13,15,67,82
846,816,1077,1,4,237,24,261
1079,822,1077,1,4,230,25,255
1024,1062,1077,2,4,2,13,15
64,1028,1077,2,4,36,13,49
533,1047,1077,2,4,16,14,30
188,1034,1077,2,4,29,14,43
995,988,1082,2,14,21,73,94
820,1055,1083,2,1,18,10,28
792,1053,1083,2,1,20,10,30
877,1046,1083,2,1,28,9,37
1172,1017,1083,2,1,56,10,66
129,920,1083,2,1,153,10,163
1116,1010,1083,2,1,64,9,73
596,940,1083,2,1,135,9,144
34,1031,1083,2,1,43,9,52
734,1031,1083,2,1,43,10,53
193,1008,1083,2,1,65,10,75
1015,1036,1083,2,1,37,10,47
0,979,1083,2,1,94,10,104
372,984,1083,2,1,89,10,99
58,1048,1083,2,1,25,10,35
296,953,1083,2,1,120,10,130
413,1058,1083,2,1,15,10,25
390,1011,1083,2,1,62,10,72
408,982,1083,2,1,92,9,101
458,975,1084,2,19,5,104,109
1105,764,1086,1,5,288,34,322
1161,1049,1088,2,0,25,14,39
522,1047,1088,2,0,26,15,41
732,1060,1089,2,6,3,26,29
472,1033,1089,2,6,31,25,56
914,1048,1089,2,6,17,24,41
680,1059,1089,2,6,5,25,30
293,1019,1089,2,6,44,26,70
1181,954,1092,1,6,98,40,138
782,969,1092,1,6,83,40,123
894,957,1092,1,6,95,40,135
1014,1030,1092,2,15,1,61,62
19,1010,1092,2,15,1,81,82
1068,1007,1092,2,15,2,83,85
652,1035,1092,2,15,1,56,57
712,1079,1094,1,2,4,11,15
768,1074,1094,0,2,15,5,20
791,1064,1094,0,2,25,5,30
536,1067,1094,0,2,21,6,27
275,1036,1094,0,2,53,5,58
338,1085,1094,0,2,3,6,9
467,1069,1094,0,2,19,6,25
253,1082,1094,0,2,6,6,12
993,1068,1094,0,2,21,5,26
177,1062,1094,0,2,26,6,32
621,1056,1094,0,2,32,6,38
720,1071,1094,0,2,17,6,23
272,1063,1094,0,2,25,6,31
563,1023,1094,0,2,65,6,71
898,1079,1094,0,2,9,6,15
417,1061,1094,0,2,28,5,33
368,1077,1094,0,2,11,6,17
26,1060,1094,0,2,28,6,34
1176,1075,1094,0,2,13,6,19
708,1078,1094,0,2,10,6,16
547,1065,1094,0,2,23,6,29
239,1008,1098,2,16,1,89,90
1115,1002,1098,2,16,7,89,96
238,1014,1098,2,16,1,83,84
707,986,1100,1,7,66,48,114
579,950,1100,1,7,103,47,150
267,1014,1100,2,7,48,38,86
663,1028,1100,2,7,34,38,72
628,1042,1101,2,8,21,38,59
889,862,1106,1,8,192,52,244
940,929,1106,1,8,125,52,177
1031,1027,1106,2,8,35,44,79
35,1056,1107,1,4,28,23,51
1121,1041,1109,2,9,25,43,68
827,1062,1109,2,9,1,46,47
654,1031,1109,2,9,34,44,78
502,1031,1109,2,9,32,46,78
240,1047,1110,2,17,1,62,63
968,1089,1114,2,10,5,20,25
280,1101,1114,2,10,1,12,13
611,1081,1114,2,10,13,20,33
189,1055,1116,1,6,28,33,61
616,852,1117,1,9,200,65,265
841,909,1117,1,9,143,65,208
90,807,1117,1,9,245,65,310
789,958,1117,1,9,95,64,159
833,1096,1119,2,11,1,22,23
1148,1086,1119,2,11,10,23,33
324,1002,1121,2,1,112,7,119
749,1084,1121,2,1,31,6,37
429,1116,1121,2,1,2,3,5
644,1048,1121,2,1,65,8,73
431,1056,1121,2,1,57,8,65
396,1085,1121,2,1,28,8,36
254,1104,1121,2,1,13,4,17
170,1093,1121,2,1,20,8,28
620,1086,1121,2,1,28,7,35
459,1014,1121,2,1,99,8,107
421,1034,1121,2,1,82,6,88
496,1114,1121,2,1,1,6,7
1005,1076,1121,2,1,37,8,45
1195,1066,1121,2,1,50,5,55
72,1054,1121,2,1,60,7,67
63,968,1121,2,1,145,8,153
1102,1112,1121,2,1,1,8,9
335,1082,1121,2,1,32,7,39
643,1082,1121,2,1,31,8,39
722,1035,1121,2,18,2,84,86
125,1079,1125,2,13,16,30,46
360,1067,1125,2,13,27,31,58
888,1060,1126,1,8,25,41,66
933,1029,1131,2,19,1,101,102
665,1044,1131,2,19,1,86,87
181,1007,1134,1,10,76,51,127
505,1105,1136,0,2,18,13,31
163,1122,1136,0,2,2,12,14
633,1108,1136,0,2,16,12,28
731,1085,1136,0,2,39,12,51
1064,1092,1136,0,2,31,13,44
910,1079,1136,0,2,44,13,57
233,1076,1136,0,2,47,13,60
1075,1084,1136,0,2,39,13,52
1080,1094,1136,0,2,29,13,42
462,1117,1136,0,2,6,13,19
883,1092,1136,0,2,32,12,44
39,1098,1136,0,2,25,13,38
150,1098,1136,0,2,26,12,38
577,1108,1136,0,2,15,13,28
483,1078,1136,0,2,46,12,58
1139,1056,1136,0,2,67,13,80
328,1100,1136,0,2,23,13,36
20,1062,1136,0,2,62,12,74
1076,1088,1136,0,2,35,13,48
955,1066,1136,0,2,57,13,70
342,1052,1137,2,14,42,43,85
936,1012,1142,1,11,73,57,130
71,1032,1142,1,11,52,58,110
18,1098,1143,1,0,23,22,45
449,1114,1143,2,0,2,27,29
734,1142,1147,1,2,1,4,5
44,1097,1147,1,2,45,5,50
80,1091,1147,2,15,4,52,56
147,1067,1147,2,3,69,11,80
606,1090,1147,0,2,46,12,58
625,1069,1147,0,2,66,12,78
1055,1103,1147,0,2,32,12,44
78,1076,1147,2,15,18,53,71
960,1065,1147,2,15,30,52,82
380,1125,1147,0,2,10,12,22
825,1065,1147,2,15,29,53,82
498,1133,1147,0,2,5,9,14
104,1086,1147,2,3,51,10,61
207,1112,1147,0,2,24,11,35
675,1081,1147,0,2,55,11,66
1127,1135,1147,0,2,1,11,12
803,1097,1147,0,2,41,10,51
206,978,1152,1,13,105,69,174
364,1058,1152,1,13,25,69,94
900,1091,1156,2,16,3,62,65
786,1097,1157,1,5,44,16,60
871,1146,1158,0,2,1,11,12
276,1149,1158,0,2,1,8,9
613,1149,1158,0,2,2,7,9
1194,1141,1158,0,2,2,15,17
763,1144,1158,0,2,1,13,14
704,1095,1159,2,4,42,22,64
235,1070,1159,2,4,68,21,89
1037,1099,1159,2,4,37,23,60
1078,1113,1159,2,4,23,23,46
1135,1091,1162,1,6,51,20,71
851,1139,1162,1,6,2,21,23
152,872,1162,1,14,211,79,290
225,1150,1166,1,5,4,12,16
481,1094,1167,2,17,1,72,73
1104,1089,1168,2,5,47,32,79
95,1143,1168,2,5,1,24,25
531,1014,1172,1,16,69,89,158
1119,818,1172,1,16,266,88,354
952,885,1172,1,16,200,87,287
139,955,1172,1,16,128,89,217
1094,970,1172,1,16,116,86,202
1150,1078,1172,2,18,16,78,94
630,1105,1173,2,6,32,36,68
681,1134,1173,2,6,2,37,39
434,1091,1173,2,6,48,34,82
292,1133,1173,2,6,3,37,40
1168,1089,1175,1,8,52,34,86
608,1060,1177,2,19,34,83,117
799,1090,1177,2,19,4,83,87
627,1154,1177,2,8,4,19,23
664,1067,1177,2,19,27,83,110
840,1077,1180,2,7,59,44,103
133,1104,1180,2,7,32,44,76
406,1150,1180,2,9,1,29,30
22,1067,1180,2,7,70,43,113
242,1034,1182,1,17,49,99,148
1140,792,1182,1,17,291,99,390
1028,986,1182,1,17,98,98,196
893,1052,1182,2,17,42,88,130
617,1145,1184,1,9,8,31,39
751,1094,1186,2,8,42,50,92
1030,1069,1186,2,8,67,50,117
1080,1139,1186,2,8,1,46,47
619,967,1190,1,18,116,107,223
302,313,1190,18,2,825,52,877
460,281,1190,14,2,889,20,909
510,958,1190,1,18,126,106,232
979,1129,1191,1,10,24,38,62
1171,1120,1191,2,9,16,55,71
907,1112,1191,2,10,46,33,79
1198,1101,1191,2,9,37,53,90
36,1134,1191,2,10,24,33,57
322,1117,1191,2,10,41,33,74
1163,1125,1195,2,1,65,5,70
983,1119,1195,2,1,71,5,76
795,1152,1198,1,11,1,45,46
204,1141,1198,2,11,17,40,57
8,1161,1204,2,3,32,11,43
1122,1162,1204,2,3,31,11,42
549,1167,1204,2,3,27,10,37
38,1153,1204,2,3,40,11,51
520,1180,1207,1,0,15,12,27
284,1185,1207,1,0,11,11,22
688,499,1207,18,0,638,70,708
560,435,1207,18,0,705,67,772
678,353,1207,15,0,803,51,854
487,475,1207,18,0,664,68,732
220,469,1207,18,0,668,70,738
432,340,1207,18,0,797,70,867
54,361,1207,17,0,783,63,846
62,348,1207,18,0,791,68,859
461,442,1207,14,0,728,37,765
148,496,1207,15,0,661,50,711
48,447,1207,18,0,691,69,760
443,353,1207,14,0,818,36,854
486,359,1207,18,0,778,70,848
258,256,1207,18,0,881,70,951
977,435,1207,18,0,702,70,772
511,393,1207,17,0,752,62,814
118,425,1207,18,0,712,70,782
723,406,1207,18,0,732,69,801
320,1115,1209,1,13,40,54,94
1046,1166,1213,2,4,27,20,47
555,1155,1213,2,4,38,20,58
276,1163,1213,2,4,30,20,50
107,1183,1215,0,2,24,8,32
1093,1200,1215,0,2,7,8,15
1074,1202,1215,0,2,5,8,13
997,1151,1215,0,2,57,7,64
352,1176,1215,0,2,31,8,39
120,1150,1215,0,2,57,8,65
251,1198,1215,0,2,9,8,17
945,1177,1215,0,2,30,8,38
1051,1207,1215,0,2,1,7,8
1050,1176,1215,0,2,34,5,39
1033,1202,1215,0,2,7,6,13
255,1159,1215,0,2,48,8,56
950,1183,1215,0,2,26,6,32
585,1192,1215,0,2,15,8,23
182,1192,1215,0,2,16,7,23
7,1173,1215,0,2,35,7,42
281,1154,1215,0,2,53,8,61
247,1179,1215,0,2,29,7,36
965,1201,1215,0,2,7,7,14
2,1155,1215,0,2,54,6,60
649,1162,1218,2,5,31,25,56
226,1197,1218,2,5,1,20,21
856,1182,1218,2,5,11,25,36
153,1209,1220,2,3,6,5,11
928,1107,1221,2,14,51,63,114
100,1123,1222,2,1,87,12,99
835,1134,1222,2,1,76,12,88
516,1148,1222,2,1,62,12,74
1188,1147,1222,2,1,64,11,75
325,1152,1222,2,1,58,12,70
400,1163,1222,2,1,47,12,59
500,1184,1222,2,1,26,12,38
966,1133,1222,2,1,77,12,89
208,1209,1222,2,1,1,12,13
561,1142,1222,2,1,68,12,80
592,1133,1222,2,1,78,11,89
980,1177,1222,2,1,33,12,45
169,1157,1222,2,1,53,12,65
706,1199,1222,2,1,11,12,23
842,1128,1222,2,1,82,12,94
929,1153,1222,2,1,57,12,69
862,1126,1222,2,1,85,11,96
381,1202,1222,2,1,8,12,20
438,1125,1223,2,10,74,24,98
85,1163,1223,2,10,37,23,60
386,1193,1226,2,7,1,32,33
1155,1202,1227,2,4,15,10,25
657,1223,1228,1,0,1,4,5
805,1171,1228,2,0,39,18,57
521,1196,1228,2,0,14,18,32
141,1140,1230,1,15,13,77,90
1043,1183,1232,2,11,16,33,49
262,1196,1232,2,11,3,33,36
65,1167,1232,2,11,32,33,65
76,1206,1232,2,5,12,14,26
129,1145,1235,1,16,11,79,90
1165,1096,1235,1,16,58,81,139
128,1052,1235,1,16,101,82,183
1152,1185,1235,2,8,8,42,50
185,1175,1235,2,8,18,42,60
771,1151,1235,2,16,7,77,84
1118,1186,1240,2,9,8,46,54
70,1182,1240,2,9,12,46,58
109,1156,1240,2,9,37,47,84
341,1162,1240,2,9,32,46,78
421,1197,1242,1,2,40,5,45
699,1170,1242,1,2,67,5,72
348,1216,1242,0,2,12,14,26
108,1219,1242,0,2,10,13,23
599,1231,1242,0,2,1,10,11
203,1228,1242,0,2,1,13,14
526,1199,1242,0,2,29,14,43
935,1224,1242,0,2,4,14,18
311,1215,1242,0,2,15,12,27
46,1227,1242,0,2,4,11,15
957,1213,1242,0,2,15,14,29
537,1207,1242,0,2,22,13,35
214,1229,1242,0,2,1,12,13
1004,1206,1243,2,8,9,28,37
343,1162,1243,2,12,37,44,81
376,1139,1243,2,12,61,43,104
314,1135,1243,2,12,64,44,108
666,1188,1243,2,12,11,44,55
475,1180,1243,2,12,19,44,63
81,1134,1245,1,17,20,91,111
131,1127,1245,2,17,31,87,118
607,1206,1248,2,9,10,32,42
263,1223,1248,2,3,20,5,25
57,1223,1248,2,3,19,6,25
223,1228,1248,2,3,15,5,20
402,1235,1248,2,3,10,3,13
1151,1136,1254,2,18,22,96,118
124,1159,1254,2,13,40,55,95
636,1220,1254,2,10,1,33,34
31,1148,1254,2,13,51,55,106
247,1217,1259,2,5,25,17,42
877,1104,1260,1,19,49,107,156
834,1182,1260,2,11,33,45,78
872,1204,1260,2,11,11,45,56
971,1230,1260,2,11,1,29,30
1109,1171,1261,2,15,29,61,90
913,1208,1264,1,6,30,26,56
1015,1210,1264,1,6,27,27,54
1088,1181,1264,1,6,56,27,83
1131,1183,1266,2,12,32,51,83
219,1178,1266,2,12,37,51,88
1006,1154,1267,2,1,104,9,113
457,1163,1267,2,1,96,8,104
1178,1258,1267,2,1,1,8,9
909,1254,1267,2,1,4,9,13
1049,1247,1267,2,1,12,8,20
183,1247,1267,2,1,11,9,20
930,1195,1267,2,1,64,8,72
645,1134,1267,2,1,125,8,133
660,1166,1267,2,1,92,9,101
1091,1248,1267,2,1,12,7,19
1013,1201,1267,2,1,59,7,66
1187,1207,1267,2,1,51,9,60
1081,1152,1267,2,1,108,7,115
819,1112,1267,2,16,88,67,155
996,1246,1267,2,1,12,9,21
1,1109,1267,2,16,90,68,158
354,1215,1267,2,1,44,8,52
536,1206,1268,2,12,9,53,62
870,1225,1271,2,7,19,27,46
1141,1157,1275,2,17,43,75,118
283,1234,1277,2,13,1,42,43
355,1266,1279,1,0,1,12,13
307,1222,1279,2,0,36,21,57
493,1130,1279,2,0,128,21,149
1083,1198,1279,2,0,60,21,81
3,1151,1279,2,0,107,21,128
569,1180,1279,2,0,78,21,99
172,1206,1280,1,8,31,43,74
769,1171,1280,1,8,67,42,109
409,1155,1281,2,17,60,66,126
462,1199,1281,2,17,16,66,82
328,1187,1281,2,17,29,65,94
927,1221,1282,2,14,1,60,61
99,1229,1282,2,14,1,52,53
809,1194,1282,2,14,21,67,88
14,1212,1282,2,14,4,66,70
973,1156,1285,2,18,43,86,129
303,1164,1285,2,18,35,86,121
509,1173,1285,2,18,26,86,112
89,1234,1286,1,9,3,49,52
87,1244,1286,2,9,2,40,42
874,1225,1286,2,9,17,44,61
788,1232,1286,2,9,10,44,54
750,1201,1287,2,15,14,72,86
83,1210,1287,2,15,5,72,77
1144,1183,1296,2,19,16,97,113
334,1223,1297,2,16,1,73,74
1063,1165,1297,2,16,51,81,132
503,1238,1297,2,16,1,58,59
245,1281,1298,1,3,6,11,17
1029,1257,1302,0,2,23,22,45
775,1256,1302,0,2,23,23,46
831,1278,1302,0,2,3,21,24
241,1275,1302,0,2,5,22,27
830,1257,1302,0,2,22,23,45
861,1236,1302,0,2,43,23,66
667,1266,1302,0,2,16,20,36
294,1275,1302,0,2,4,23,27
278,1236,1302,0,2,44,22,66
504,1268,1302,0,2,11,23,34
464,1238,1302,0,2,41,23,64
1022,1238,1302,0,2,43,21,64
469,1287,1302,0,2,1,14,15
850,1288,1302,0,2,1,13,14
410,1283,1303,1,4,4,16,20
130,1206,1304,2,17,9,89,98
733,1161,1309,2,18,54,94,148
49,1213,1309,2,18,2,94,96
388,1261,1311,1,5,27,23,50
582,1270,1313,2,3,32,11,43
629,1132,1314,2,19,83,99,182
326,1227,1314,2,19,1,86,87
676,1274,1321,2,4,28,19,47
697,1281,1321,2,4,21,19,40
1023,1300,1321,2,4,3,18,21
471,1276,1322,2,1,26,20,46
926,1296,1322,2,1,6,20,26
259,1309,1322,2,1,1,12,13
992,1300,1322,2,1,3,19,22
565,1172,1322,2,1,131,20,151
859,1307,1322,2,1,1,14,15
662,1310,1322,2,1,1,11,12
1007,1310,1322,2,1,2,10,12
423,1298,1322,2,1,7,17,24
176,1298,1322,2,1,4,20,24
671,1231,1322,2,1,72,19,91
711,1312,1322,2,1,1,9,10
1089,1302,1322,2,1,2,18,20
785,1313,1322,2,1,2,7,9
1086,1287,1322,2,1,16,19,35
157,1312,1322,2,1,2,8,10
282,1254,1326,1,5,37,35,72
980,1243,1326,1,10,45,38,83
209,1278,1326,2,5,24,24,48
281,1264,1326,2,5,38,24,62
824,1286,1327,2,0,16,25,41
448,1314,1327,2,0,2,11,13
250,1280,1327,2,0,24,23,47
765,1172,1331,1,11,115,44,159
844,1253,1339,2,7,49,37,86
528,1306,1339,2,7,1,32,33
891,1321,1340,0,2,6,13,19
937,1321,1340,0,2,9,10,19
77,1325,1340,0,2,2,13,15
1092,1316,1340,0,2,12,12,24
817,1293,1340,0,2,35,12,47
397,1313,1340,0,2,14,13,27
890,1299,1340,0,2,30,11,41
1130,1290,1340,0,2,37,13,50
511,1295,1340,0,2,32,13,45
315,1259,1343,1,12,28,56,84
863,1181,1343,1,12,107,55,162
58,1318,1345,1,3,17,10,27
440,1330,1345,2,3,10,5,15
1042,1263,1347,2,11,59,25,84
1149,1276,1347,2,11,48,23,71
796,1271,1347,2,11,52,24,76
66,1267,1347,2,11,58,22,80
687,1253,1347,2,11,70,24,94
554,398,1348,4,2,936,14,950
101,279,1348,12,2,1012,57,1069
586,392,1348,12,2,901,55,956
1137,1276,1348,2,8,26,46,72
935,1308,1348,2,8,1,39,40
277,1341,1350,2,4,1,8,9
316,1222,1352,1,13,65,65,130
826,1281,1355,2,9,22,52,74
365,1271,1355,2,9,32,52,84
10,1284,1355,2,9,18,53,71
578,1302,1355,2,9,1,52,53
816,1247,1355,2,9,55,53,108
1163,1325,1356,1,6,10,21,31
784,1266,1358,2,12,56,36,92
690,1263,1358,2,12,60,35,95
568,1197,1362,1,14,90,75,165
34,1212,1362,1,14,75,75,150
759,1325,1362,2,1,23,14,37
508,1349,1362,2,1,2,11,13
794,1328,1363,2,7,13,22,35
978,1260,1368,2,13,62,46,108
915,404,1368,6,0,915,49,964
218,458,1368,12,0,833,77,910
606,1327,1368,2,0,22,19,41
414,499,1368,6,0,820,49,869
444,1303,1368,2,13,23,42,65
463,344,1368,4,0,989,35,1024
1011,335,1368,12,0,956,77,1033
984,455,1368,4,0,878,35,913
517,451,1368,7,0,859,58,917
249,1340,1368,2,0,10,18,28
199,1332,1368,2,0,16,20,36
1107,1301,1368,2,13,22,45,67
445,463,1368,6,0,857,48,905
495,310,1368,12,0,982,76,1058
265,482,1368,7,0,829,57,886
237,1203,1369,1,15,84,82,166
1097,1198,1369,1,15,90,81,171
726,1182,1369,1,15,105,82,187
45,1328,1372,2,9,12,32,44
429,1242,1377,1,17,45,90,135
431,1215,1377,1,17,73,89,162
592,1285,1377,1,17,2,90,92
333,1268,1379,2,14,54,57,111
596,1369,1380,1,2,2,9,11
221,1285,1383,1,18,3,95,98
767,1341,1384,2,11,2,41,43
490,1363,1384,2,11,1,20,21
369,1360,1385,0,2,8,17,25
1169,1334,1385,0,2,35,16,51
1159,1341,1385,0,2,27,17,44
94,1342,1385,0,2,26,17,43
774,1333,1385,0,2,35,17,52
1147,1355,1385,0,2,13,17,30
270,1341,1385,0,2,29,15,44
1106,1346,1385,0,2,23,16,39
705,1358,1385,0,2,10,17,27
244,1359,1385,0,2,10,16,26
1062,1374,1385,0,2,1,10,11
540,1357,1385,0,2,14,14,28
403,1354,1387,2,3,26,7,33
254,1239,1390,1,19,50,101,151
459,1246,1390,1,19,41,103,144
496,1193,1390,1,19,96,101,197
142,1282,1390,2,15,40,68,108
537,1323,1390,2,15,1,66,67
100,1376,1394,1,7,1,17,18
321,1332,1394,2,13,3,59,62
545,1385,1394,2,7,2,7,9
696,1377,1395,2,4,3,15,18
543,1367,1395,2,4,15,13,28
763,1353,1395,2,4,28,14,42
994,1367,1399,2,14,1,31,32
310,1275,1399,2,16,47,77,124
309,1331,1399,2,16,1,67,68
372,1281,1404,1,10,97,26,123
1074,1310,1404,2,17,12,82,94
211,1302,1404,2,17,20,82,102
864,1376,1406,2,1,15,15,30
323,1377,1406,2,1,13,16,29
361,1402,1406,2,1,1,3,4
425,1376,1406,2,1,13,17,30
173,1365,1406,2,1,24,17,41
192,1372,1406,2,1,18,16,34
905,1369,1406,2,16,1,36,37
1136,1367,1408,2,6,13,28,41
755,1395,1413,2,0,1,17,18
427,1351,1413,2,7,29,33,62
166,1374,1413,2,0,15,24,39
324,1307,1414,1,11,70,37,107
222,1249,1414,2,18,73,92,165
721,1260,1414,2,18,64,90,154
482,1340,1416,2,17,1,75,76
329,1344,1416,2,17,1,71,72
806,1340,1416,2,17,2,74,76
214,1315,1422,2,19,8,99,107
1172,1357,1423,1,9,15,51,66
1116,1351,1423,1,9,20,52,72
370,1375,1423,2,13,10,38,48
468,1411,1428,0,2,4,13,17
113,1405,1428,0,2,8,15,23
674,1387,1428,0,2,26,15,41
268,1415,1428,0,2,2,11,13
118,1417,1428,0,2,1,10,11
480,1391,1428,0,2,23,14,37
264,1413,1428,0,2,1,14,15
967,1414,1428,0,2,2,12,14
526,1360,1429,2,19,1,68,69
7,1404,1431,2,3,17,10,27
749,1209,1435,1,15,168,58,226
1067,1323,1435,1,15,54,58,112
625,1415,1436,2,4,6,15,21
523,1393,1437,2,4,35,9,44
0,1342,1442,1,16,35,65,100
552,1400,1443,2,5,29,14,43
661,1432,1443,2,5,1,10,11
792,1350,1447,1,17,27,70,97
852,1402,1448,2,6,19,27,46
435,1427,1449,2,6,1,21,22
1182,1412,1449,2,6,16,21,37
902,1444,1451,2,3,1,6,7
423,1396,1454,1,7,20,38,58
820,1294,1459,1,19,83,82,165
450,1384,1459,2,19,2,73,75
170,1416,1461,1,9,1,44,45
626,1428,1461,2,9,1,32,33
366,1433,1461,2,9,1,27,28
1153,1397,1461,2,9,31,33,64
395,1442,1463,2,6,1,20,21
396,1363,1468,1,10,53,52,105
832,1417,1468,2,10,4,47,51
724,1412,1468,2,10,9,47,56
180,1451,1470,2,10,1,18,19
155,1396,1475,2,11,25,54,79
377,1422,1479,2,12,28,29,57
565,1436,1482,1,2,40,6,46
291,1396,1483,2,12,25,62,87
682,1450,1485,2,13,3,32,35
359,1454,1485,2,13,1,30,31
671,1447,1487,1,3,28,12,40
546,1465,1487,2,3,19,3,22
835,1309,1489,1,13,108,72,180
1179,1468,1489,2,11,1,20,21
123,1390,1489,2,13,31,68,99
397,1399,1489,2,13,22,68,90
294,1443,1492,2,14,7,42,49
930,1466,1493,1,4,9,18,27
929,1469,1493,1,4,6,18,24
764,1460,1493,2,4,23,10,33
692,1472,1493,2,4,11,10,21
535,1456,1495,2,12,1,38,39
241,1490,1498,2,3,1,7,8
1060,1424,1499,2,15,25,50,75
1096,1425,1499,2,15,27,47,74
653,1442,1499,2,15,7,50,57
1005,1396,1500,1,14,23,81,104
487,1448,1502,0,2,38,16,54
220,1422,1502,0,2,64,16,80
787,1476,1502,0,2,11,15,26
48,1479,1502,0,2,7,16,23
443,1485,1502,0,2,4,13,17
486,1459,1502,0,2,27,16,43
1125,1440,1502,0,2,47,15,62
756,1455,1502,0,2,33,14,47
660,1471,1504,1,5,5,28,33
758,1471,1504,2,5,11,22,33
1047,1476,1505,2,13,1,28,29
140,1411,1505,2,16,40,54,94
1128,1416,1505,2,16,33,56,89
898,1396,1505,2,16,53,56,109
708,1404,1505,2,16,45,56,101
1025,1493,1506,2,4,2,11,13
1013,1376,1507,1,15,41,90,131
1007,1433,1509,1,6,42,34,76
24,1462,1509,2,6,20,27,47
208,1491,1511,1,5,5,15,20
716,1505,1511,2,5,1,5,6
150,1429,1511,2,17,21,61,82
279,1444,1511,2,17,5,62,67
946,1455,1512,2,14,1,56,57
966,1344,1516,1,16,74,98,172
931,1490,1517,2,5,2,25,27
976,1428,1519,2,18,21,70,91
488,1436,1519,2,18,15,68,83
1166,1472,1520,2,16,1,47,48
903,1475,1520,2,7,7,38,45
1195,1300,1522,1,17,116,106,222
639,1410,1522,2,17,11,101,112
909,1430,1524,1,10,66,28,94
506,1504,1524,2,10,1,19,20
706,1482,1527,1,7,1,44,45
63,1340,1527,1,18,76,111,187
780,1479,1529,2,8,6,44,50
609,1403,1530,2,19,47,80,127
257,1432,1530,2,19,17,81,98
433,1465,1530,2,18,1,64,65
992,1397,1534,1,19,19,118,137
171,1493,1535,2,8,1,41,42
620,1421,1537,1,12,76,40,116
623,1491,1537,2,12,12,34,46
344,1491,1537,2,12,11,35,46
999,1498,1537,2,12,6,33,39
169,1426,1540,1,9,49,65,114
1117,1450,1540,2,9,32,58,90
256,1459,1540,2,19,1,80,81
759,1420,1545,1,13,76,49,125
323,1480,1552,1,14,16,56,72
842,1457,1552,1,14,39,56,95
1194,1500,1552,2,14,3,49,52
1158,1493,1561,2,1,53,15,68
96,1446,1561,2,1,100,15,115
456,1484,1561,2,1,62,15,77
892,1488,1561,2,1,58,15,73
101,1484,1561,2,1,63,14,77
295,1422,1561,2,1,124,15,139
478,1503,1561,2,1,44,14,58
551,1410,1561,2,1,136,15,151
640,1422,1561,2,1,125,14,139
972,1421,1561,2,1,127,13,140
766,1474,1561,2,1,72,15,87
233,1481,1561,2,1,67,13,80
491,1445,1561,2,1,104,12,116
297,1415,1561,2,1,132,14,146
1188,1468,1563,1,15,28,67,95
425,1438,1563,1,15,58,67,125
679,1499,1563,2,15,3,61,64
662,1490,1568,1,16,7,71,78
362,1486,1568,2,16,16,66,82
668,1553,1568,2,3,6,9,15
164,1506,1576,2,5,52,18,70
39,1542,1576,2,5,16,18,34
176,1437,1579,1,17,60,82,142
644,1413,1580,1,0,148,19,167
1178,1525,1580,1,0,36,19,55
645,1451,1580,1,0,111,18,129
539,1513,1580,2,10,43,24,67
28,1511,1580,2,10,46,23,69
658,1507,1580,2,10,49,24,73
412,1503,1580,2,0,43,34,77
779,1433,1580,2,0,113,34,147
379,1464,1580,2,0,83,33,116
378,1415,1580,2,0,131,34,165
803,1490,1580,2,0,60,30,90
738,1508,1585,2,6,51,26,77
540,1576,1586,2,10,1,9,10
259,1422,1589,1,18,74,93,167
561,1458,1589,1,18,39,92,131
869,1566,1589,2,7,1,22,23
174,1519,1590,2,11,37,34,71
467,1558,1593,2,7,1,34,35
587,1520,1596,2,12,38,38,76
965,1515,1596,2,12,42,39,81
858,1566,1598,2,15,1,31,32
1146,1499,1599,0,2,81,19,100
463,1535,1599,0,2,45,19,64
466,1535,1599,0,2,47,17,64
114,1508,1599,0,2,73,18,91
881,1567,1599,0,2,13,19,32
473,1568,1599,0,2,13,18,31
723,1581,1599,0,2,2,16,18
112,1557,1600,2,11,7,36,43
615,1555,1600,2,9,3,42,45
950,1565,1604,2,16,1,38,39
163,1520,1607,2,13,36,51,87
1169,1532,1607,2,13,25,50,75
564,1554,1607,2,13,2,51,53
1048,1519,1607,2,13,38,50,88
508,1574,1611,1,3,16,21,37
1001,1564,1611,2,12,1,46,47
956,1556,1616,2,15,1,59,60
26,1541,1616,2,15,15,60,75
1108,1512,1616,2,15,46,58,104
471,1511,1619,1,4,78,30,108
922,1591,1619,2,4,8,20,28
418,1527,1621,2,16,29,65,94
772,1512,1621,2,16,44,65,109
585,1558,1621,2,13,5,58,63
75,1595,1626,2,5,4,27,31
1050,1550,1629,2,17,6,73,79
177,1511,1629,2,17,45,73,118
485,1516,1629,2,17,40,73,113
589,1508,1629,2,17,48,73,121
399,1618,1630,2,4,6,6,12
926,1521,1631,1,6,68,42,110
1162,1605,1631,2,6,1,25,26
210,1580,1633,2,18,1,52,53
516,1513,1638,1,7,76,49,125
711,1539,1638,1,7,50,49,99
868,1597,1638,2,7,3,38,41
384,1508,1639,2,19,49,82,131
400,1512,1640,1,10,103,25,128
460,1625,1640,2,1,2,13,15
135,1568,1640,2,1,58,14,72
987,1569,1640,2,1,58,13,71
1045,1625,1640,2,1,1,14,15
845,1517,1641,2,19,46,78,124
120,1602,1647,2,8,1,44,45
941,1585,1647,2,8,14,48,62
173,1539,1649,1,11,76,34,110
165,1571,1651,2,0,55,25,80
594,1586,1651,2,10,45,20,65
1066,1596,1651,2,0,30,25,55
656,1636,1651,2,0,1,14,15
731,1633,1651,2,10,1,17,18
350,1618,1651,2,10,13,20,33
519,1626,1651,2,0,3,22,25
885,1590,1651,2,0,38,23,61
1081,1542,1655,1,9,47,66,113
694,1631,1656,2,11,1,24,25
720,1640,1656,2,11,1,15,16
473,1638,1656,2,11,1,17,18
1089,1576,1660,1,12,40,44,84
785,1455,1660,1,12,161,44,205
380,1614,1660,2,12,10,36,46
621,1611,1660,2,12,13,36,49
684,1598,1663,2,13,33,32,65
504,1637,1668,2,14,1,30,31
850,1635,1668,2,14,1,32,33
1006,1534,1671,1,14,84,53,137
295,1616,1671,1,14,1,54,55
500,1511,1671,1,14,106,54,160
443,1583,1671,2,14,41,47,88
915,1629,1672,0,2,23,20,43
688,1599,1672,0,2,52,21,73
560,1625,1672,0,2,28,19,47
678,1628,1672,0,2,23,21,44
156,1647,1672,0,2,7,18,25
305,1647,1672,0,2,4,21,25
339,1596,1672,0,2,56,20,76
461,1636,1672,0,2,15,21,36
495,1587,1672,0,2,64,21,85
646,1615,1675,2,4,50,10,60
923,1634,1675,2,4,31,10,41
588,1626,1676,2,17,5,45,50
484,1602,1676,2,17,31,43,74
1196,1612,1676,2,17,19,45,64
859,1605,1682,1,15,10,67,77
955,1601,1682,2,15,23,58,81
42,1588,1683,2,19,44,51,95
1077,1661,1684,2,5,4,19,23
94,1664,1684,2,5,3,17,20
547,1659,1684,2,5,7,18,25
96,1678,1685,1,5,1,6,7
633,1646,1686,2,11,20,20,40
1049,1429,1692,1,17,186,77,263
1091,1521,1692,1,17,94,77,171
895,1644,1692,2,6,21,27,48
127,1588,1692,2,17,36,68,104
394,1625,1692,2,6,40,27,67
559,1634,1692,2,6,33,25,58
590,1593,1692,2,17,31,68,99
457,1468,1699,1,19,147,84,231
183,1519,1699,1,19,97,83,180
861,1616,1699,2,19,8,75,83
498,1667,1700,2,14,1,32,33
807,1619,1705,2,9,47,39,86
534,1653,1705,2,9,15,37,52
430,1667,1708,2,17,2,39,41
705,1684,1710,2,3,14,12,26
251,1658,1716,2,12,7,51,58
797,1643,1719,2,19,23,53,76
1112,1650,1727,2,19,15,62,77
215,1645,1727,2,19,21,61,82
383,1645,1727,2,19,20,62,82
1085,1663,1727,2,1,52,12,64
1160,1655,1732,2,0,59,18,77
59,1727,1738,2,3,6,5,11
583,1733,1738,2,3,3,2,5
414,1733,1740,0,2,1,6,7
778,1725,1742,2,0,5,12,17
544,1714,1744,2,4,20,10,30
179,1725,1750,2,10,3,22,25
1055,1723,1751,2,5,10,18,28
871,1707,1756,2,11,21,28,49
111,1718,1756,2,11,11,27,38
216,1725,1762,2,6,10,27,37
864,1674,1763,1,12,35,54,89
1052,1701,1763,2,12,29,33,62
264,1730,1767,2,7,3,34,37
269,1753,1769,2,10,6,10,16
683,439,1771,13,0,1291,41,1332
822,1746,1771,2,0,4,21,25
62,1752,1772,0,2,4,16,20
984,1754,1772,0,2,3,15,18
456,1637,1775,1,13,72,66,138
361,1699,1775,1,13,12,64,76
369,1723,1775,2,13,5,47,52
669,1769,1778,2,3,1,8,9
548,1771,1780,2,5,1,8,9
737,1714,1780,2,13,19,47,66
818,1735,1780,2,14,22,23,45
460,1710,1782,1,14,2,70,72
54,1768,1788,0,2,4,16,20
108,1684,1788,2,15,44,60,104
148,1766,1788,0,2,5,17,22
959,1715,1788,2,15,13,60,73
1061,1694,1788,2,15,35,59,94
1156,1752,1788,2,4,1,35,36
20,1749,1792,2,15,8,35,43
1158,1704,1793,1,16,5,84,89
1159,1711,1793,2,16,18,64,82
974,1730,1793,2,16,4,59,63
102,1727,1793,2,16,1,65,66
710,1758,1796,2,7,1,37,38
452,1757,1799,2,18,1,41,42
551,1729,1800,1,17,1,70,71
218,1783,1800,0,2,9,8,17
1139,1748,1802,2,8,1,53,54
640,1641,1804,1,17,69,94,163
574,1725,1804,2,17,4,75,79
483,1711,1804,2,17,17,76,93
831,1797,1807,2,10,1,9,10
27,1762,1807,2,10,26,19,45
368,1741,1808,2,19,17,50,67
1021,1736,1810,2,9,4,70,74
553,1799,1811,2,4,1,11,12
766,1756,1812,1,11,25,31,56
634,1780,1812,2,11,9,23,32
972,1719,1816,1,18,1,96,97
723,1700,1816,2,18,28,88,116
1029,1776,1820,2,8,24,20,44
1100,1796,1820,2,8,5,19,24
563,1767,1822,2,12,22,33,55
815,1807,1829,2,9,1,21,22
571,1803,1829,2,9,1,25,26
278,1778,1833,2,17,10,45,55
557,1819,1834,2,5,5,10,15
505,1821,1839,2,10,8,10,18
414,1822,1841,2,6,1,18,19
1147,1832,1844,2,11,1,11,12
1051,1823,1846,2,12,4,19,23
910,1804,1846,2,12,23,19,42
748,1810,1849,2,9,13,26,39
890,1799,1851,2,13,28,24,52
253,1831,1858,2,19,1,26,27
599,1848,1860,2,10,1,11,12
118,1799,1860,2,18,29,32,61
1180,1847,1866,2,11,1,18,19
586,1842,1868,2,1,10,16,26
810,1797,1878,2,0,53,28,81
11,1807,1878,2,0,44,27,71
1173,1838,1878,2,0,12,28,40
791,1835,1879,2,16,4,40,44
432,1828,1884,0,2,50,6,56
517,1873,1884,0,2,5,6,11
1072,1834,1885,2,17,4,47,51
258,1857,1885,0,2,21,7,28
101,1826,1893,1,12,32,35,67
1099,1837,1894,2,18,1,56,57
977,1882,1895,0,2,4,9,13
265,1885,1896,0,2,2,9,11
554,1886,1900,2,1,3,11,14
761,1862,1903,2,14,6,35,41
1026,1902,1907,2,4,1,4,5
478,1856,1911,1,16,1,54,55
624,1844,1913,2,4,41,28,69
338,1893,1914,2,11,2,19,21
937,1888,1914,2,11,7,19,26
892,1811,1917,1,17,46,60,106
613,1899,1917,2,10,1,17,18
417,1876,1917,2,17,1,40,41
514,1841,1924,2,7,43,40,83
945,1900,1925,2,14,1,24,25
327,1866,1925,2,19,3,56,59
182,1874,1925,2,19,1,50,51
302,1916,1928,2,1,3,9,12
883,1924,1928,2,1,1,3,4
107,1901,1933,2,15,1,31,32
1093,1897,1940,2,16,1,42,43
244,1932,1948,2,3,3,13,16
46,1892,1950,2,19,4,54,58
768,1931,1951,2,11,1,19,20
275,1931,1954,2,4,6,17,23
207,1936,1961,2,13,1,24,25
445,1957,1965,0,2,2,6,8
1075,1934,1966,2,5,1,31,32
1076,1925,1966,2,5,11,30,41
497,1907,1972,2,19,22,43,65
993,1918,1972,2,19,12,42,54
190,1922,1973,2,6,13,38,51
272,1930,1982,2,8,5,47,52
577,1936,1993,2,9,2,55,57
1022,1933,1993,2,9,3,57,60
1011,2002,2012,0,2,4,6,10
774,2003,2030,2,3,1,26,27
1064,2027,2035,2,8,1,7,8
468,1998,2038,2,10,28,12,40
1033,2001,2038,2,10,24,13,37
967,1996,2038,2,10,29,13,42
881,1963,2040,2,7,2,75,77
675,2039,2042,2,3,1,2,3
113,1991,2048,2,11,36,21,57
1127,1971,2049,2,9,1,77,78
1106,1965,2055,2,13,60,30,90
2,1977,2062,2,15,49,36,85
678,2040,2068,2,15,4,24,28
560,1990,2069,2,18,35,44,79
775,2069,2072,2,3,1,2,3
997,2060,2076,2,1,5,11,16
554,2044,2077,1,4,9,24,33
984,2054,2077,2,4,11,12,23
1092,2059,2078,2,16,1,18,19
787,2068,2091,2,11,1,22,23
302,2057,2107,1,18,1,49,50
348,2088,2111,2,10,2,21,23
891,2100,2111,2,10,1,10,11
1130,2081,2111,2,10,7,23,30
586,2081,2113,1,12,18,14,32
156,2088,2119,2,11,1,30,31
203,2069,2119,2,11,19,31,50
915,2117,2123,2,6,1,5,6
469,2108,2132,2,10,7,17,24
311,2092,2133,2,16,1,40,41
1062,2099,2133,2,16,1,33,34
511,2071,2140,2,17,18,51,69
495,2109,2144,2,12,5,30,35
220,2090,2150,2,18,1,59,60
255,2107,2155,2,17,7,41,48
268,2140,2161,2,10,3,18,21
1011,2129,2172,2,12,13,30,43
480,2157,2175,2,11,2,16,18
667,2173,2177,2,3,1,3,4
487,2149,2184,2,18,1,34,35
464,2154,2185,2,16,4,27,31
830,2165,2193,2,10,10,18,28
756,2171,2202,2,11,5,26,31
463,2200,2210,2,4,2,8,10
77,2237,2242,2,5,1,4,5
817,2224,2251,2,14,5,22,27
674,2265,2270,2,3,1,4,5
1125,2258,2281,2,7,5,18,23
270,2272,2288,2,11,1,15,16
114,2304,2324,2,11,2,18,20
148,2295,2336,2,15,10,31,41
461,2324,2338,2,14,1,13,14
258,2312,2339,2,18,1,26,27
486,2336,2362,2,18,4,22,26
62,2345,2392,2,18,15,32,47
48,2372,2395,2,18,1,22,23
683,2395,2412,0,2,6,11,17
1146,2414,2454,2,11,19,21,40
305,2415,2454,2,11,19,20,39
466,2427,2454,2,7,1,26,27
218,2430,2466,2,12,3,33,36
339,2468,2493,2,11,4,21,25
688,2499,2528,2,18,4,25,29
54,2530,2560,2,17,5,25,30
432,2598,2639,2,18,10,31,41
445,2655,2673,2,6,5,13,18
265,2687,2702,2,7,5,10,15
977,2715,2745,2,18,6,24,30
517,2745,2759,2,7,5,9,14
683,3268,3304,2,13,10,26,36
