554,13,23,0,2,1,9,10
1237,1,23,0,2,2,20,22
698,2,23,0,2,2,19,21
1246,10,23,0,2,1,12,13
447,6,23,0,2,1,16,17
1136,40,47,0,2,1,6,7
812,30,47,0,2,8,9,17
679,40,47,0,2,2,5,7
1273,26,47,0,2,11,10,21
317,31,47,0,2,6,10,16
534,35,47,0,2,4,8,12
238,49,61,0,2,5,7,12
1189,48,61,0,2,5,8,13
553,49,61,0,2,4,8,12
805,52,61,0,2,3,6,9
730,57,61,0,2,1,3,4
188,20,69,10,0,26,23,49
762,19,69,1,0,45,5,50
548,54,69,10,0,1,14,15
266,56,69,1,0,9,4,13
534,57,70,2,6,5,8,13
1278,18,74,3,2,41,15,56
552,24,74,3,2,36,14,50
1302,64,74,3,2,1,9,10
125,8,82,6,2,35,39,74
304,12,82,9,2,5,65,70
584,27,82,5,2,28,27,55
1274,76,82,4,2,1,5,6
281,4,82,9,2,12,66,78
459,45,82,5,2,11,26,37
810,16,82,4,2,52,14,66
589,17,82,9,2,1,64,65
376,61,86,0,2,9,16,25
334,70,86,0,2,1,15,16
26,60,86,0,2,9,17,26
54,78,86,0,2,1,7,8
132,76,86,0,2,1,9,10
1159,65,86,0,2,4,17,21
131,74,86,0,2,1,11,12
930,81,86,0,2,1,4,5
737,70,86,0,2,2,14,16
605,82,86,0,2,1,3,4
447,46,93,2,18,15,32,47
631,12,97,13,2,51,34,85
201,26,97,13,2,37,34,71
1110,37,97,15,2,11,49,60
649,24,97,15,2,23,50,73
849,41,97,13,2,24,32,56
408,84,100,1,0,3,13,16
397,64,100,2,0,10,26,36
233,84,100,1,0,4,12,16
875,49,100,3,0,10,41,51
980,35,101,10,2,11,55,66
1090,3,101,11,2,24,74,98
838,9,101,11,2,19,73,92
757,69,101,6,2,20,12,32
731,54,101,7,2,27,20,47
444,21,104,4,0,49,34,83
227,29,104,6,0,14,61,75
923,16,104,8,0,5,83,88
297,38,104,6,0,7,59,66
697,51,104,6,0,1,52,53
1291,25,104,7,0,5,74,79
357,17,104,6,0,27,60,87
430,42,104,4,0,26,36,62
546,30,104,7,0,1,73,74
489,7,104,4,0,61,36,97
1157,49,104,6,0,1,54,55
1046,8,104,4,0,61,35,96
291,83,110,0,2,17,10,27
1231,95,110,0,2,7,8,15
864,86,110,0,2,15,9,24
918,95,110,0,2,5,10,15
1131,105,110,0,2,1,4,5
1167,87,110,0,2,13,10,23
1052,102,110,0,2,1,7,8
1084,78,111,7,0,4,29,33
681,42,111,8,0,28,41,69
207,42,111,11,0,1,68,69
275,62,111,8,0,8,41,49
197,78,111,8,0,1,32,33
518,27,111,9,0,33,51,84
1216,40,111,11,0,1,70,71
701,53,111,9,0,7,51,58
901,74,111,6,0,15,22,37
783,86,111,7,0,1,24,25
1074,57,111,8,0,14,40,54
367,65,111,9,0,1,45,46
97,82,111,7,0,1,28,29
282,40,111,9,0,21,50,71
946,57,111,6,0,32,22,54
1237,93,112,2,0,4,15,19
1177,6,112,16,0,34,72,106
880,50,112,15,0,1,61,62
1257,8,112,14,0,49,55,104
966,69,112,12,0,3,40,43
1270,49,112,11,0,34,29,63
1062,48,112,12,0,23,41,64
232,49,112,14,0,8,55,63
1118,16,112,16,0,24,72,96
81,38,112,14,0,20,54,74
619,17,112,18,0,12,83,95
823,75,112,11,0,8,29,37
539,14,112,16,0,27,71,98
1195,57,112,13,0,6,49,55
683,17,112,13,0,47,48,95
716,2,112,19,0,21,89,110
630,105,117,0,2,1,11,12
1121,107,117,0,2,1,9,10
157,115,122,0,2,1,6,7
1189,126,148,2,18,1,21,22
244,145,162,0,2,1,16,17
1005,133,162,1,2,24,5,29
1303,131,162,0,2,15,16,31
522,124,162,0,2,21,17,38
152,131,162,0,2,14,17,31
1187,154,162,0,2,1,7,8
594,148,162,0,2,1,13,14
96,133,162,0,2,14,15,29
1165,109,164,7,2,18,37,55
427,71,164,6,2,66,27,93
162,130,164,6,2,6,28,34
356,58,164,6,2,78,28,106
158,77,164,6,2,59,28,87
896,87,164,4,2,69,8,77
902,114,164,6,2,24,26,50
67,97,164,7,2,30,37,67
1289,106,164,7,2,20,38,58
968,133,164,4,2,23,8,31
1065,116,165,16,2,18,31,49
173,60,165,18,2,51,54,105
1076,93,165,17,2,28,44,72
385,116,165,17,2,5,44,49
224,52,165,19,2,52,61,113
624,107,165,17,2,16,42,58
324,46,165,17,2,75,44,119
130,111,165,18,2,2,52,54
317,131,172,2,8,31,10,41
494,98,176,19,0,8,70,78
525,132,176,16,0,1,43,44
505,45,176,16,0,87,44,131
443,97,176,19,0,8,71,79
482,77,176,15,0,67,32,99
129,104,176,18,0,7,65,72
1008,71,176,18,0,41,64,105
960,73,176,16,0,59,44,103
1221,123,176,17,0,1,52,53
174,97,176,19,0,7,72,79
643,80,176,17,0,42,54,96
1040,49,176,16,0,84,43,127
320,138,176,2,0,27,11,38
584,179,182,2,1,1,2,3
1090,161,182,2,1,4,17,21
849,129,182,2,1,36,17,53
1001,97,188,3,2,82,9,91
516,135,188,3,2,46,7,53
784,140,188,7,2,1,47,48
1211,156,195,0,2,20,19,39
746,180,195,0,2,1,14,15
797,162,195,0,2,14,19,33
526,156,195,0,2,21,18,39
1053,172,195,0,2,7,16,23
833,164,195,0,2,14,17,31
905,167,195,0,2,9,19,28
888,167,195,0,2,10,18,28
760,167,195,0,2,9,19,28
869,172,195,0,2,4,19,23
681,175,195,0,2,2,18,20
649,194,200,2,1,1,5,6
1037,142,201,5,0,7,52,59
572,89,201,7,0,37,75,112
87,167,201,2,0,1,33,34
178,92,201,5,0,58,51,109
564,170,201,1,0,12,19,31
464,84,201,5,0,65,52,117
575,145,201,1,0,38,18,56
492,149,201,2,0,15,37,52
1094,102,201,4,0,55,44,99
1027,138,201,1,0,44,19,63
1353,103,201,7,0,23,75,98
530,103,201,7,0,25,73,98
574,146,201,4,0,10,45,55
1105,146,201,4,0,11,44,55
561,112,201,2,0,52,37,89
754,121,201,7,0,5,75,80
169,138,201,2,0,26,37,63
164,139,203,18,2,1,63,64
103,90,203,15,2,92,21,113
63,153,203,17,2,2,48,50
1108,111,203,19,2,8,84,92
1340,133,203,17,2,22,48,70
1356,186,206,6,2,10,10,20
563,194,206,6,2,2,10,12
1123,180,206,7,2,12,14,26
127,159,206,8,2,25,22,47
51,158,206,7,2,34,14,48
1293,176,206,7,2,17,13,30
1049,129,206,8,2,54,23,77
1294,151,206,7,2,40,15,55
182,152,206,8,2,31,23,54
1083,184,206,7,2,10,12,22
287,134,210,3,0,45,31,76
906,157,210,6,0,1,52,53
111,123,210,7,0,6,81,87
855,102,210,3,0,78,30,108
514,143,210,3,0,36,31,67
791,137,210,4,0,31,42,73
199,194,211,0,2,7,10,17
280,188,211,0,2,14,9,23
1260,206,211,0,2,1,4,5
727,200,211,0,2,2,9,11
0,183,211,0,2,18,10,28
1244,188,211,0,2,13,10,23
952,193,211,0,2,10,8,18
783,200,211,0,2,1,10,11
875,204,211,0,2,1,6,7
320,204,211,0,2,2,5,7
112,184,212,7,0,7,21,28
879,179,212,7,0,12,21,33
622,183,212,7,0,8,21,29
592,179,212,6,0,17,16,33
1300,166,212,7,0,25,21,46
601,120,212,8,0,64,28,92
1142,167,212,6,0,29,16,45
56,142,212,8,0,43,27,70
1051,164,212,8,0,19,29,48
613,110,212,8,0,73,29,102
423,156,215,16,0,9,50,59
763,110,215,19,0,8,97,105
927,147,215,17,0,8,60,68
841,121,215,15,0,61,33,94
1178,169,215,16,0,1,45,46
1145,157,215,16,0,9,49,58
468,176,215,16,0,1,38,39
73,150,215,15,0,32,33,65
262,207,215,2,0,1,7,8
659,170,215,16,0,1,44,45
400,152,215,17,0,5,58,63
1151,167,215,15,0,15,33,48
712,171,215,16,0,1,43,44
274,126,215,18,0,11,78,89
1059,94,215,15,0,89,32,121
314,143,215,17,0,13,59,72
157,139,221,2,12,56,26,82
476,165,223,15,2,27,31,58
954,140,223,19,2,19,64,83
301,161,223,14,2,40,22,62
490,176,223,15,2,15,32,47
331,96,223,14,2,105,22,127
1172,171,223,17,2,6,46,52
664,182,223,16,2,2,39,41
40,209,227,1,2,9,9,18
688,214,227,1,2,5,8,13
325,208,227,0,2,2,17,19
538,212,227,0,2,1,14,15
529,211,227,0,2,1,15,16
509,209,227,0,2,2,16,18
59,222,231,4,2,4,5,9
103,216,231,2,1,9,6,15
201,213,231,2,1,10,8,18
459,214,231,2,1,10,7,17
995,222,234,0,2,1,11,12
46,219,234,0,2,1,14,15
119,218,234,0,2,1,15,16
468,219,234,0,2,2,13,15
739,184,238,4,0,41,13,54
1026,210,238,4,0,15,13,28
689,221,243,1,0,11,11,22
934,142,243,19,0,16,85,101
642,172,243,17,0,6,65,71
579,238,243,1,0,1,4,5
313,143,243,14,0,59,41,100
364,184,243,14,0,17,42,59
25,135,243,15,0,56,52,108
651,75,243,14,0,126,42,168
170,219,243,1,0,12,12,24
1020,214,243,2,0,9,20,29
393,157,243,18,0,12,74,86
817,221,243,1,0,10,12,22
495,139,243,19,0,19,85,104
1324,147,243,19,0,13,83,96
1339,181,243,17,0,1,61,62
128,170,243,18,0,1,72,73
473,77,243,14,0,125,41,166
37,234,243,1,0,1,8,9
715,238,243,1,0,2,3,5
977,134,243,14,0,67,42,109
472,65,248,10,2,167,16,183
795,153,248,11,2,74,21,95
832,195,248,10,2,37,16,53
293,196,248,11,2,31,21,52
1127,148,248,11,2,80,20,100
1043,218,248,11,2,10,20,30
373,189,248,10,2,43,16,59
1271,90,248,11,2,137,21,158
740,184,253,4,2,41,28,69
1165,236,253,2,1,12,5,17
91,215,253,4,2,10,28,38
809,210,253,4,2,15,28,43
168,225,253,3,2,11,17,28
805,241,253,2,10,1,11,12
462,235,255,1,2,14,6,20
925,226,255,0,2,13,16,29
1213,223,255,0,2,15,17,32
858,226,255,0,2,12,17,29
756,241,255,0,2,1,13,14
609,234,255,0,2,4,17,21
1175,226,255,0,2,15,15,30
367,237,255,0,2,2,16,18
41,247,259,0,2,1,11,12
763,246,259,0,2,1,12,13
918,231,261,2,11,3,27,30
1355,75,265,11,0,152,38,190
1268,173,265,11,0,54,38,92
811,84,265,11,0,144,37,181
910,122,265,11,0,107,36,143
1079,188,265,11,0,40,37,77
1014,165,265,11,0,65,35,100
719,140,265,11,0,87,38,125
911,207,265,11,0,20,38,58
816,242,265,1,0,12,11,23
897,218,265,11,0,9,38,47
309,200,265,11,0,29,36,65
2,80,265,10,0,152,33,185
773,240,265,1,0,13,12,25
513,238,265,2,0,11,16,27
1341,107,265,10,0,125,33,158
847,246,268,13,2,1,21,22
406,234,268,13,2,9,25,34
789,155,268,13,2,88,25,113
348,182,268,12,2,70,16,86
1197,98,268,13,2,146,24,170
861,181,268,13,2,62,25,87
632,148,268,13,2,95,25,120
1155,186,268,12,2,66,16,82
1029,159,268,13,2,84,25,109
135,167,268,13,2,77,24,101
1183,202,269,4,0,24,43,67
870,193,269,4,0,32,44,76
667,261,269,1,0,1,7,8
399,233,269,4,0,1,35,36
1004,265,269,1,0,1,3,4
151,268,274,0,2,1,5,6
1275,269,274,0,2,1,4,5
646,266,274,0,2,2,6,8
1176,252,274,0,2,14,8,22
772,261,274,0,2,5,8,13
1242,251,274,0,2,14,9,23
198,261,274,0,2,4,9,13
1229,254,274,0,2,13,7,20
1084,253,274,0,2,12,9,21
1037,260,274,0,2,5,9,14
467,190,282,5,2,81,11,92
1130,242,282,5,2,29,11,40
456,191,282,5,2,81,10,91
1156,191,282,6,2,73,18,91
604,185,282,6,2,80,17,97
967,241,282,6,2,26,15,41
1246,273,283,2,4,1,9,10
1211,266,285,2,1,2,17,19
1131,262,286,2,16,1,23,24
837,280,287,1,2,2,5,7
113,268,287,1,2,12,7,19
814,269,287,0,2,1,17,18
732,274,287,0,2,1,12,13
1181,275,287,0,2,1,11,12
1217,273,287,0,2,1,13,14
409,267,287,0,2,2,18,20
443,277,287,0,2,1,9,10
678,245,290,6,0,19,26,45
1190,261,290,5,0,10,19,29
620,218,290,6,0,48,24,72
767,239,290,6,0,25,26,51
137,235,290,5,0,36,19,55
228,229,290,6,0,36,25,61
562,220,290,6,0,44,26,70
669,262,290,6,0,4,24,28
1186,251,290,6,0,14,25,39
11,239,290,5,0,33,18,51
851,254,290,6,0,10,26,36
1360,196,290,5,0,75,19,94
1252,267,290,5,0,4,19,23
161,174,290,6,0,90,26,116
727,251,296,2,19,8,37,45
1136,275,298,2,12,1,22,23
533,288,300,0,2,2,10,12
932,283,300,0,2,7,10,17
1044,280,300,0,2,10,10,20
724,289,300,0,2,1,10,11
1204,292,300,0,2,2,6,8
582,292,300,0,2,1,7,8
425,293,300,0,2,2,5,7
225,285,300,0,2,5,10,15
748,282,300,0,2,9,9,18
1047,283,300,0,2,9,8,17
178,288,300,0,2,5,7,12
492,286,300,0,2,5,9,14
919,117,305,12,0,135,53,188
116,190,305,13,0,54,61,115
434,141,305,13,0,104,60,164
200,173,305,13,0,70,62,132
873,151,305,13,0,93,61,154
1147,276,305,1,0,9,20,29
146,90,305,13,0,153,62,215
315,107,305,13,0,136,62,198
106,274,305,2,0,1,30,31
1024,173,305,13,0,72,60,132
402,247,305,13,0,1,57,58
345,155,305,13,0,91,59,150
243,298,319,0,2,8,13,21
585,298,319,0,2,7,14,21
32,301,319,0,2,4,14,18
1087,297,319,0,2,8,14,22
835,306,319,0,2,1,12,13
586,306,319,0,2,3,10,13
390,300,319,0,2,6,13,19
1345,304,319,0,2,1,14,15
768,309,319,0,2,1,9,10
924,303,319,0,2,5,11,16
1019,310,319,0,2,1,8,9
192,298,319,0,2,9,12,21
107,305,319,0,2,1,13,14
1000,298,319,0,2,7,14,21
856,306,321,3,2,8,7,15
285,293,321,3,2,20,8,28
1256,279,321,3,2,36,6,42
717,243,322,19,2,33,46,79
543,269,322,18,2,29,24,53
1301,299,322,7,2,14,9,23
545,247,322,7,2,66,9,75
775,301,322,7,2,11,10,21
704,225,322,19,2,54,43,97
394,284,322,7,2,28,10,38
628,213,322,7,2,101,8,109
976,195,322,7,2,117,10,127
1263,230,322,19,2,47,45,92
324,319,327,2,1,3,5,8
630,315,330,2,1,6,9,15
127,307,330,2,1,14,9,23
589,318,330,2,1,3,9,12
865,318,332,0,2,3,11,14
442,312,332,0,2,7,13,20
596,315,332,0,2,4,13,17
418,320,332,0,2,2,10,12
869,289,332,2,4,1,42,43
282,314,332,0,2,6,12,18
604,318,333,2,1,4,11,15
985,272,340,3,0,41,27,68
503,314,340,2,0,8,18,26
378,277,340,3,0,35,28,63
1249,258,340,3,0,54,28,82
998,297,340,3,0,15,28,43
338,297,340,2,0,24,19,43
742,261,340,3,0,53,26,79
750,254,340,3,0,58,28,86
4,313,340,3,0,3,24,27
31,329,340,1,0,1,10,11
1248,289,340,3,0,23,28,51
1305,254,340,3,0,59,27,86
286,267,340,3,0,45,28,73
812,301,341,2,0,21,19,40
1273,330,341,2,4,2,9,11
5,183,341,19,0,93,65,158
35,169,341,19,0,108,64,172
29,330,341,2,0,1,10,11
801,232,341,19,0,44,65,109
351,193,341,19,0,84,64,148
726,168,341,19,0,108,65,173
886,288,341,18,0,10,43,53
1009,241,341,18,0,57,43,100
223,172,341,19,0,104,65,169
84,217,341,18,0,81,43,124
728,196,341,19,0,80,65,145
765,289,341,18,0,9,43,52
160,188,341,18,0,110,43,153
931,241,341,19,0,37,63,100
1141,228,341,19,0,48,65,113
1287,212,341,18,0,86,43,129
800,175,341,19,0,103,63,166
531,282,344,7,0,31,31,62
407,238,344,7,0,74,32,106
335,303,344,7,0,11,30,41
558,198,344,7,0,115,31,146
352,263,344,7,0,51,30,81
1192,260,344,7,0,52,32,84
528,313,344,7,0,2,29,31
346,317,344,1,0,11,16,27
42,222,344,7,0,91,31,122
957,245,344,7,0,70,29,99
729,213,344,7,0,99,32,131
20,339,344,1,0,1,4,5
1097,245,344,7,0,67,32,99
264,314,344,1,0,13,17,30
381,203,344,7,0,109,32,141
413,267,344,7,0,45,32,77
755,294,344,7,0,18,32,50
1165,270,345,1,7,11,64,75
584,307,348,1,5,7,34,41
96,328,356,2,7,1,27,28
963,333,358,0,2,8,17,25
972,322,358,0,2,18,18,36
774,323,358,0,2,17,18,35
1258,343,358,0,2,1,14,15
1314,336,358,0,2,4,18,22
1323,325,358,0,2,15,18,33
167,329,358,0,2,11,18,29
179,327,358,0,2,13,18,31
297,338,358,0,2,4,16,20
408,345,358,0,2,1,12,13
697,324,358,0,2,17,17,34
539,333,358,0,2,7,18,25
613,331,358,0,2,9,18,27
362,345,363,0,2,1,17,18
70,346,363,0,2,1,16,17
272,330,363,0,2,11,22,33
544,343,363,0,2,1,19,20
1011,335,363,0,2,6,22,28
1002,351,363,0,2,1,11,12
1077,328,363,0,2,14,21,35
184,325,363,0,2,16,22,38
424,322,363,0,2,19,22,41
540,349,363,0,2,1,13,14
1295,344,363,0,2,1,18,19
29,347,363,0,2,1,15,16
489,341,363,0,2,1,21,22
1287,343,363,0,2,1,19,20
952,332,364,2,9,1,31,32
1303,355,367,2,3,4,8,12
1208,326,370,8,2,28,16,44
614,339,370,8,2,15,16,31
787,288,370,8,2,67,15,82
419,265,370,8,2,89,16,105
453,237,370,8,2,119,14,133
818,288,370,8,2,66,16,82
237,346,370,8,2,9,15,24
48,209,370,8,2,146,15,161
1307,277,370,8,2,80,13,93
1048,285,370,8,2,69,16,85
422,245,370,8,2,109,16,125
132,287,373,2,12,32,54,86
459,317,374,1,5,32,25,57
507,263,377,17,2,96,18,114
581,308,377,17,2,52,17,69
99,215,377,17,2,144,18,162
65,326,377,17,2,34,17,51
271,197,377,17,2,163,17,180
964,227,377,17,2,133,17,150
62,303,377,17,2,56,18,74
506,321,377,17,2,38,18,56
1116,352,377,17,2,8,17,25
211,285,377,17,2,74,18,92
893,221,377,17,2,138,18,156
1078,231,377,17,2,128,18,146
996,343,377,17,2,16,18,34
698,340,381,2,6,18,23,41
833,330,383,2,16,1,52,53
119,299,383,2,16,21,63,84
158,380,386,2,1,1,5,6
348,384,392,2,1,1,7,8
930,330,392,2,19,1,61,62
760,363,392,2,1,7,22,29
929,305,399,12,2,78,16,94
1223,316,399,12,2,67,16,83
1153,183,399,12,2,201,15,216
326,229,399,12,2,154,16,170
265,375,402,1,0,13,14,27
55,325,402,8,0,30,47,77
1276,351,402,1,0,35,16,51
1232,272,402,17,0,88,42,130
576,391,402,1,0,1,10,11
785,357,402,8,0,2,43,45
674,235,402,8,0,119,48,167
600,324,402,8,0,30,48,78
938,338,402,2,0,33,31,64
384,254,402,8,0,101,47,148
1316,331,402,2,0,39,32,71
1220,310,402,17,0,49,43,92
212,185,402,17,0,174,43,217
1006,367,402,1,0,19,16,35
974,349,402,8,0,5,48,53
261,366,402,2,0,4,32,36
380,352,402,17,0,7,43,50
322,358,402,17,0,1,43,44
398,395,402,1,0,1,6,7
973,332,402,8,0,26,44,70
684,386,402,2,0,1,15,16
580,366,402,1,0,21,15,36
239,345,402,2,0,25,32,57
680,194,402,8,0,160,48,208
511,365,402,2,0,6,31,37
1139,293,402,8,0,63,46,109
578,392,402,1,0,1,9,10
1117,217,402,17,0,144,41,185
1222,336,402,17,0,23,43,66
510,359,402,2,0,13,30,43
8,299,403,17,2,69,35,104
1075,337,403,17,2,32,34,66
451,240,403,17,2,127,36,163
759,353,403,16,2,25,25,50
68,269,403,16,2,110,24,134
825,321,403,16,2,57,25,82
961,308,403,16,2,71,24,95
834,206,403,16,2,173,24,197
1348,356,403,17,2,11,36,47
1134,377,403,16,2,1,25,26
889,391,405,0,2,2,12,14
270,380,405,0,2,13,12,25
49,370,405,0,2,24,11,35
246,387,405,0,2,6,12,18
671,381,405,0,2,12,12,24
1073,366,405,0,2,27,12,39
1045,378,405,0,2,15,12,27
1343,379,405,0,2,15,11,26
1199,377,405,0,2,17,11,28
1292,386,405,0,2,7,12,19
997,361,405,0,2,33,11,44
444,361,405,0,2,32,12,44
998,363,405,0,2,30,12,42
719,365,405,0,2,29,11,40
129,368,405,0,2,25,12,37
464,389,405,0,2,4,12,16
1062,354,405,0,2,39,12,51
960,377,405,0,2,16,12,28
1059,376,405,0,2,17,12,29
977,370,405,0,2,23,12,35
1358,302,409,16,0,76,31,107
653,218,409,16,0,160,31,191
236,328,409,16,0,50,31,81
1133,269,409,16,0,109,31,140
1179,267,409,16,0,111,31,142
250,192,409,16,0,186,31,217
1188,274,409,16,0,105,30,135
450,312,409,17,0,55,42,97
660,290,409,16,0,88,31,119
479,273,409,16,0,105,31,136
1023,392,412,0,2,10,10,20
387,383,412,0,2,19,10,29
428,366,412,0,2,36,10,46
1105,387,412,0,2,16,9,25
427,408,414,2,1,1,5,6
1117,412,416,0,2,1,3,4
553,405,422,2,3,1,16,17
497,332,424,12,0,52,40,92
532,365,424,12,0,18,41,59
1129,289,424,12,0,95,40,135
1354,404,424,2,0,1,19,20
493,397,424,2,0,3,24,27
597,186,424,12,0,197,41,238
1243,357,424,12,0,26,41,67
871,349,424,12,0,34,41,75
205,283,424,12,0,100,41,141
595,323,424,12,0,60,41,101
1034,395,424,2,0,4,25,29
866,420,424,1,0,1,3,4
1154,309,424,12,0,75,40,115
1297,377,424,12,0,6,41,47
1138,248,424,12,0,135,41,176
617,335,424,12,0,48,41,89
1313,295,424,12,0,88,41,129
1224,362,424,12,0,21,41,62
1061,167,424,12,0,216,41,257
928,238,424,12,0,146,40,186
1286,360,427,18,2,43,24,67
799,370,427,18,2,33,24,57
1325,369,427,19,2,23,35,58
752,321,427,18,2,82,24,106
936,316,427,19,2,76,35,111
935,308,427,19,2,85,34,119
334,379,430,2,4,26,25,51
429,239,432,4,2,186,7,193
226,382,432,4,2,43,7,50
1184,307,432,4,2,119,6,125
522,401,433,2,10,18,14,32
605,390,433,2,10,28,15,43
797,415,435,2,1,12,8,20
968,427,435,2,1,1,7,8
225,381,439,2,5,24,34,58
1295,408,439,2,5,1,30,31
40,437,440,2,1,1,2,3
734,434,442,0,2,1,7,8
374,414,442,0,2,10,18,28
907,429,442,0,2,1,12,13
445,424,442,0,2,1,17,18
990,435,442,0,2,1,6,7
189,421,442,0,2,3,18,21
527,437,442,0,2,1,4,5
1247,419,442,0,2,7,16,23
965,432,442,0,2,1,9,10
1214,417,442,0,2,8,17,25
251,429,442,0,2,2,11,13
233,435,442,0,2,2,5,7
901,424,442,0,2,3,15,18
973,417,442,0,2,7,18,25
548,431,442,0,2,1,10,11
1080,200,445,18,0,203,42,245
808,276,445,18,0,127,42,169
1012,324,445,19,0,70,51,121
803,369,445,19,0,24,52,76
171,431,445,1,0,4,10,14
1013,338,445,19,0,54,53,107
1330,391,445,19,0,3,51,54
405,372,445,19,0,20,53,73
885,224,445,18,0,179,42,221
955,366,445,19,0,29,50,79
703,336,445,19,0,57,52,109
203,299,445,19,0,93,53,146
349,325,445,19,0,67,53,120
1054,331,445,18,0,72,42,114
887,292,445,18,0,111,42,153
90,378,448,4,0,48,22,70
1233,315,448,4,0,110,23,133
61,322,448,4,0,103,23,126
1326,419,448,4,0,7,22,29
1239,240,448,4,0,186,22,208
13,413,448,4,0,12,23,35
1336,329,448,4,0,97,22,119
78,299,448,4,0,126,23,149
782,321,448,4,0,106,21,127
1113,293,448,4,0,132,23,155
1238,366,448,4,0,59,23,82
488,282,448,4,0,143,23,166
347,445,448,1,0,1,2,3
24,255,448,4,0,172,21,193
1327,421,448,4,0,4,23,27
1346,291,448,4,0,135,22,157
1310,244,448,4,0,181,23,204
1234,356,448,4,0,69,23,92
152,393,450,2,7,12,45,57
756,385,450,2,7,21,44,65
594,381,453,2,12,36,36,72
679,406,453,2,12,10,37,47
33,391,456,0,2,11,54,65
21,380,456,1,2,35,41,76
1028,369,456,1,2,45,42,87
1236,387,456,0,2,15,54,69
379,381,456,0,2,21,54,75
311,378,456,0,2,25,53,78
1262,396,456,0,2,6,54,60
1021,411,456,0,2,1,44,45
1338,398,456,0,2,5,53,58
1359,399,456,0,2,3,54,57
934,362,456,0,2,40,54,94
880,376,456,0,2,26,54,80
1188,450,456,0,2,1,5,6
188,447,456,0,2,1,8,9
762,409,456,0,2,1,46,47
381,403,456,0,2,1,52,53
54,405,458,2,8,2,51,53
519,451,462,0,2,1,10,11
1162,439,462,0,2,6,17,23
1150,440,462,0,2,6,16,22
788,443,462,0,2,4,15,19
1017,449,462,0,2,1,12,13
699,443,462,0,2,2,17,19
202,441,462,0,2,4,17,21
465,450,462,0,2,1,11,12
659,447,462,0,2,1,14,15
242,448,462,0,2,2,13,15
604,411,472,1,6,44,17,61
425,431,473,2,4,25,17,42
1090,427,478,1,11,1,50,51
814,453,479,2,6,3,23,26
49,435,479,2,6,23,21,44
1167,434,479,2,6,22,23,45
1204,441,481,2,10,1,39,40
544,375,483,2,16,41,67,108
772,391,483,2,16,25,67,92
409,399,483,2,16,17,67,84
179,412,483,2,16,6,65,71
924,463,484,2,8,1,20,21
730,432,484,2,7,25,27,52
366,288,485,9,2,182,15,197
370,142,485,9,2,329,14,343
369,309,485,9,2,161,15,176
300,201,485,9,2,269,15,284
303,165,485,9,2,305,15,320
258,303,485,9,2,168,14,182
307,361,485,9,2,110,14,124
849,413,488,1,13,1,74,75
932,452,488,2,11,1,35,36
1159,453,488,2,11,1,34,35
1260,406,489,2,18,11,72,83
888,397,489,2,18,20,72,92
129,416,489,2,18,1,72,73
545,451,495,2,1,36,8,44
746,472,495,2,1,13,10,23
237,446,495,2,1,40,9,49
325,445,497,2,12,1,51,52
582,467,497,2,12,1,29,30
864,410,500,2,19,6,84,90
442,388,500,2,19,28,84,112
324,457,502,1,17,1,44,45
371,115,505,9,0,355,35,390
981,447,505,9,0,23,35,58
1182,332,505,9,0,138,35,173
133,441,505,9,0,29,35,64
714,478,505,1,0,17,10,27
1265,466,505,1,0,29,10,39
114,334,505,9,0,137,34,171
299,335,505,9,0,135,35,170
635,421,505,9,0,49,35,84
1124,434,505,9,0,37,34,71
591,360,505,9,0,110,35,145
652,386,505,9,0,84,35,119
560,468,505,2,0,18,19,37
939,449,505,2,0,36,20,56
1100,460,505,1,0,35,10,45
983,277,505,9,0,193,35,228
420,255,505,9,0,216,34,250
1060,434,505,9,0,36,35,71
105,440,505,2,0,45,20,65
417,451,505,2,0,34,20,54
1087,441,509,2,14,2,66,68
986,473,511,0,2,27,11,38
908,467,511,0,2,33,11,44
458,487,511,0,2,13,11,24
1218,476,511,0,2,24,11,35
802,494,511,0,2,6,11,17
895,471,511,0,2,29,11,40
220,477,511,0,2,23,11,34
872,485,511,0,2,15,11,26
854,459,511,0,2,41,11,52
375,463,511,0,2,37,11,48
700,474,511,0,2,26,11,37
1259,484,511,0,2,16,11,27
971,475,511,0,2,25,11,36
750,490,511,0,2,10,11,21
269,454,511,0,2,47,11,58
1216,476,511,0,2,24,11,35
1154,460,511,0,2,40,11,51
1113,482,511,0,2,18,11,29
747,456,511,0,2,45,11,56
413,465,511,0,2,35,11,46
19,498,514,0,2,7,9,16
26,454,514,2,15,2,58,60
702,455,514,0,2,50,9,59
922,474,514,0,2,31,9,40
1296,470,514,0,2,35,9,44
39,457,514,0,2,49,8,57
148,486,514,0,2,19,9,28
844,484,514,0,2,21,9,30
89,499,514,0,2,6,9,15
737,439,514,2,15,3,72,75
497,475,514,0,2,30,9,39
1355,495,514,0,2,10,9,19
841,465,514,0,2,40,9,49
879,494,514,0,2,11,9,20
870,478,514,0,2,28,8,36
873,466,514,0,2,40,8,48
1336,476,514,0,2,29,9,38
1221,493,514,0,2,12,9,21
495,459,514,0,2,46,9,55
1360,474,514,0,2,32,8,40
1224,502,514,0,2,3,9,12
1341,499,514,0,2,6,9,15
3,362,516,10,2,135,19,154
979,340,516,10,2,157,19,176
921,113,516,10,2,384,19,403
1280,319,516,10,2,178,19,197
1245,77,516,10,2,420,19,439
538,447,520,2,16,1,72,73
424,433,520,2,16,9,78,87
1052,451,520,2,16,1,68,69
468,453,520,2,16,1,66,67
1345,499,521,2,4,12,10,22
614,483,527,2,1,33,11,44
21,502,527,2,1,14,11,25
863,379,527,18,2,127,21,148
825,492,527,2,1,24,11,35
321,505,527,2,1,12,11,23
506,513,527,2,1,3,11,14
386,397,527,18,2,109,21,130
1229,453,528,2,17,2,73,75
199,507,531,2,6,4,20,24
1187,491,531,2,6,20,20,40
905,499,531,2,6,12,20,32
903,376,533,6,2,148,9,157
487,345,533,14,2,169,19,188
1241,312,533,6,2,213,8,221
611,321,533,6,2,203,9,212
229,342,533,6,2,183,8,191
149,321,533,14,2,193,19,212
1318,357,533,14,2,157,19,176
230,318,533,6,2,207,8,215
66,391,533,6,2,133,9,142
308,227,533,14,2,287,19,306
101,368,533,14,2,146,19,165
1065,526,538,2,1,7,5,12
1001,531,538,2,1,2,5,7
759,488,538,2,1,39,11,50
211,501,538,2,1,32,5,37
1275,519,538,2,1,14,5,19
865,516,538,2,1,17,5,22
724,466,538,2,19,1,71,72
1170,452,539,10,0,45,42,87
1146,246,539,10,0,251,42,293
692,472,539,10,0,25,42,67
463,486,539,1,0,41,12,53
359,353,539,10,0,144,42,186
441,459,539,10,0,38,42,80
1321,434,539,10,0,63,42,105
1337,394,539,10,0,103,42,145
915,236,539,10,0,261,42,303
187,402,539,10,0,95,42,137
1277,462,539,1,0,65,12,77
1169,420,539,10,0,77,42,119
623,474,539,1,0,54,11,65
210,350,539,10,0,147,42,189
234,279,539,10,0,218,42,260
655,270,539,10,0,227,42,269
830,435,539,10,0,62,42,104
840,366,539,10,0,131,42,173
125,511,542,2,1,22,9,31
1108,536,542,2,1,1,5,6
963,517,542,2,1,17,8,25
834,527,542,2,1,8,7,15
1078,536,542,2,1,2,4,6
788,512,543,2,8,1,30,31
668,531,545,0,2,8,6,14
1282,513,545,0,2,26,6,32
337,526,545,0,2,13,6,19
694,462,545,0,2,77,6,83
134,525,545,0,2,14,6,20
720,522,545,0,2,17,6,23
994,523,545,0,2,16,6,22
478,521,545,0,2,18,6,24
204,499,545,0,2,40,6,46
520,520,545,0,2,19,6,25
109,529,545,0,2,10,6,16
751,476,545,0,2,63,6,69
1160,527,545,0,2,12,6,18
137,489,545,0,2,50,6,56
1179,510,545,0,2,29,6,35
262,501,545,0,2,38,6,44
1297,494,545,0,2,45,6,51
617,530,545,0,2,9,6,15
853,505,545,0,2,35,6,41
266,522,545,0,2,17,6,23
1089,491,546,14,0,23,32,55
593,484,546,14,0,30,32,62
657,477,546,14,0,37,32,69
743,211,546,14,0,303,32,335
15,467,546,14,0,47,32,79
100,217,546,14,0,297,32,329
523,349,546,14,0,165,32,197
486,451,546,14,0,63,32,95
948,131,546,14,0,383,32,415
1206,337,546,14,0,177,32,209
806,303,546,14,0,211,32,243
332,392,546,14,0,122,32,154
807,404,546,14,0,110,32,142
1227,329,546,14,0,185,32,217
94,285,546,14,0,229,32,261
925,524,548,2,0,9,15,24
1121,503,548,2,0,24,21,45
7,446,548,19,0,56,46,102
1329,491,548,19,0,9,48,57
608,434,548,19,0,66,48,114
696,213,548,18,0,293,42,335
1103,337,548,6,0,187,24,211
1111,429,548,19,0,72,47,119
145,327,548,18,0,179,42,221
937,450,548,19,0,50,48,98
909,390,548,18,0,117,41,158
1055,430,548,18,0,76,42,118
1166,411,548,6,0,113,24,137
16,274,548,6,0,251,23,274
1210,493,548,19,0,10,45,55
255,376,548,6,0,149,23,172
535,314,548,6,0,210,24,234
621,359,548,6,0,165,24,189
85,438,548,18,0,68,42,110
992,244,548,18,0,263,41,304
1185,272,548,6,0,252,24,276
216,303,548,6,0,221,24,245
566,442,548,6,0,82,24,106
6,469,548,19,0,32,47,79
1140,408,548,19,0,92,48,140
819,412,548,6,0,112,24,136
1306,289,548,18,0,217,42,259
1107,435,548,6,0,89,24,113
1063,365,548,18,0,141,42,183
850,275,548,6,0,249,24,273
618,477,548,18,0,29,42,71
172,353,548,18,0,154,41,195
709,317,548,6,0,207,24,231
155,411,548,6,0,114,23,137
256,550,556,0,2,1,5,6
722,512,556,0,2,36,8,44
470,542,556,0,2,6,8,14
263,549,556,0,2,1,6,7
110,537,556,0,2,11,8,19
579,534,556,0,2,15,7,22
397,526,556,0,2,22,8,30
160,546,556,0,2,2,8,10
537,485,558,0,2,62,11,73
675,516,558,0,2,30,12,42
231,494,558,0,2,52,12,64
1106,522,558,0,2,24,12,36
1144,523,558,0,2,23,12,35
641,538,558,0,2,8,12,20
676,540,558,0,2,6,12,18
599,504,558,0,2,43,11,54
1251,537,558,0,2,9,12,21
319,529,558,0,2,17,12,29
1038,542,558,0,2,4,12,16
502,545,558,0,2,1,12,13
1164,499,558,0,2,47,12,59
195,471,558,0,2,75,12,87
423,525,558,0,2,21,12,33
1178,541,558,0,2,5,12,17
205,509,558,0,2,37,12,49
966,537,558,0,2,9,12,21
1220,534,558,0,2,12,12,24
322,530,558,0,2,16,12,28
421,551,559,0,2,1,7,8
296,537,559,0,2,11,11,22
1203,554,559,0,2,1,4,5
1207,524,559,0,2,24,11,35
118,548,559,0,2,1,10,11
183,544,559,0,2,4,11,15
1240,497,559,0,2,51,11,62
1219,549,559,0,2,1,9,10
836,554,559,0,2,2,3,5
154,547,559,0,2,1,11,12
474,538,559,0,2,11,10,21
494,545,559,0,2,5,9,14
620,549,559,0,2,2,8,10
827,540,559,0,2,9,11,20
352,552,559,0,2,1,6,7
528,522,559,0,2,27,10,37
357,546,559,0,2,2,11,13
485,537,559,0,2,12,11,23
561,520,559,0,2,28,11,39
1060,529,559,0,2,19,11,30
1350,267,566,5,2,289,10,299
890,313,566,5,2,244,9,253
839,303,566,5,2,253,10,263
1317,363,566,5,2,193,10,203
1092,378,566,5,2,179,9,188
1199,511,567,2,10,35,21,56
858,502,567,2,10,46,19,65
912,294,570,11,2,262,14,276
685,347,570,11,2,209,14,223
779,371,570,11,2,185,14,199
138,366,570,11,2,190,14,204
777,313,570,11,2,243,14,257
646,521,574,2,3,36,17,53
490,570,575,2,1,1,4,5
390,525,575,2,11,20,30,50
1162,554,575,2,11,1,20,21
1181,543,575,2,11,2,30,32
1217,483,575,2,11,62,30,92
529,563,577,2,7,1,13,14
1292,533,577,2,7,25,19,44
879,562,577,2,7,1,14,15
1293,556,583,2,1,12,15,27
1264,326,583,7,2,244,13,257
757,545,583,2,1,22,16,38
88,541,583,2,1,26,17,43
949,387,583,7,2,184,12,196
258,570,583,2,1,1,12,13
202,492,585,2,13,53,40,93
1211,554,588,1,0,22,12,34
746,552,588,1,0,23,13,36
59,584,588,2,1,1,3,4
854,549,588,2,0,17,22,39
39,583,588,2,1,1,4,5
616,423,588,11,0,133,32,165
1335,345,588,5,0,211,32,243
457,491,588,5,0,65,32,97
665,395,588,5,0,162,31,193
259,307,588,5,0,249,32,281
940,402,588,11,0,154,32,186
466,343,588,5,0,214,31,245
615,256,588,11,0,300,32,332
121,285,588,5,0,272,31,303
260,254,588,5,0,303,31,334
687,381,588,11,0,175,32,207
1349,469,588,5,0,87,32,119
312,336,588,11,0,220,32,252
1266,357,588,11,0,199,32,231
389,277,588,11,0,279,32,311
933,241,588,11,0,315,32,347
1018,231,588,5,0,325,32,357
354,381,588,5,0,175,32,207
900,307,588,11,0,249,32,281
769,499,588,11,0,57,32,89
898,290,588,11,0,266,32,298
686,429,588,11,0,127,32,159
279,493,588,11,0,63,32,95
1069,388,588,5,0,168,32,200
1284,350,588,11,0,206,32,238
663,314,588,5,0,242,32,274
658,331,588,5,0,225,32,257
190,283,588,5,0,273,32,305
437,322,588,11,0,234,32,266
1173,422,588,5,0,134,32,166
1044,561,589,2,11,1,27,28
671,519,590,2,14,28,43,71
1019,548,590,2,14,1,41,42
1258,542,592,2,5,15,35,50
1163,576,596,0,2,12,8,20
355,566,596,0,2,24,6,30
454,570,596,0,2,19,7,26
46,504,596,2,16,41,51,92
1095,573,596,0,2,15,8,23
1022,558,596,0,2,30,8,38
340,584,596,0,2,4,8,12
1099,558,596,0,2,31,7,38
661,590,596,0,2,1,5,6
670,587,596,0,2,1,8,9
69,582,596,0,2,6,8,14
1053,552,596,2,16,1,43,44
821,574,596,0,2,17,5,22
894,565,596,0,2,23,8,31
147,560,596,0,2,28,8,36
43,577,596,0,2,12,7,19
536,582,596,0,2,6,8,14
542,565,596,0,2,23,8,31
1050,563,596,0,2,26,7,33
540,473,596,2,16,72,51,123
741,575,596,0,2,13,8,21
504,584,596,0,2,4,8,12
45,565,596,0,2,23,8,31
17,574,596,0,2,14,8,22
555,567,596,0,2,21,8,29
392,570,596,0,2,18,8,26
1056,568,596,0,2,20,8,28
975,580,596,0,2,8,8,16
927,572,596,0,2,16,8,24
1276,556,596,0,2,32,8,40
1268,578,596,0,2,10,8,18
1014,568,596,0,2,20,8,28
572,586,596,0,2,2,8,10
938,581,596,0,2,9,6,15
1270,579,596,0,2,9,8,17
197,582,596,0,2,6,8,14
817,589,596,0,2,1,6,7
782,558,596,0,2,30,8,38
315,582,596,0,2,7,7,14
1339,588,596,0,2,1,7,8
1040,557,596,0,2,31,8,39
716,585,596,0,2,3,8,11
928,558,596,0,2,30,8,38
1213,549,599,2,6,7,43,50
53,458,599,7,0,112,29,141
571,462,599,7,0,109,28,137
123,355,599,7,0,216,28,244
240,434,599,7,0,136,29,165
403,392,599,7,0,178,29,207
638,462,599,7,0,108,29,137
633,320,599,7,0,250,29,279
1193,408,599,7,0,164,27,191
878,355,599,7,0,215,29,244
969,286,599,7,0,284,29,313
1225,495,599,7,0,75,29,104
1226,376,599,7,0,194,29,223
122,315,599,7,0,256,28,284
970,432,599,7,0,139,28,167
956,497,599,7,0,74,28,102
877,486,599,7,0,86,27,113
153,321,599,7,0,251,27,278
124,413,599,7,0,157,29,186
1231,490,602,2,17,57,55,112
41,565,604,2,7,1,38,39
374,528,604,2,7,28,48,76
413,537,604,2,7,19,48,67
1000,598,606,2,3,2,6,8
990,544,612,2,18,2,66,68
387,499,612,2,18,47,66,113
131,480,612,2,18,66,66,132
151,573,614,2,4,23,18,41
474,575,614,2,4,21,18,39
0,519,615,2,9,37,59,96
1344,603,620,0,2,2,15,17
235,597,620,0,2,2,21,23
607,603,620,0,2,1,16,17
1201,595,620,0,2,5,20,25
1011,500,620,2,19,45,75,120
792,600,620,0,2,3,17,20
166,603,620,0,2,3,14,17
254,598,620,0,2,1,21,22
790,602,620,0,2,2,16,18
1261,598,620,0,2,2,20,22
609,517,620,2,19,28,75,103
1249,591,620,0,2,8,21,29
287,602,620,0,2,1,17,18
335,586,620,0,2,13,21,34
463,594,620,0,2,5,21,26
1142,599,620,0,2,2,19,21
1031,597,620,0,2,6,18,24
24,593,620,0,2,8,19,27
1157,590,620,0,2,10,20,30
1160,582,621,2,5,16,23,39
1143,253,623,16,2,348,22,370
431,337,623,16,2,264,22,286
361,378,623,16,2,223,22,245
189,566,624,2,10,2,56,58
1244,568,624,2,10,1,55,56
922,595,630,2,10,1,34,35
516,598,632,2,1,25,9,34
304,585,632,2,1,38,9,47
1092,586,632,2,1,37,9,46
192,624,632,2,3,1,7,8
732,573,634,2,7,24,37,61
526,594,636,2,11,3,39,42
1219,602,636,2,11,1,33,34
427,543,642,1,6,66,33,99
768,609,642,2,6,11,22,33
1242,563,642,2,12,1,78,79
1023,578,645,2,13,18,49,67
1150,611,645,2,13,1,33,34
184,598,646,2,8,1,47,48
418,601,646,2,8,1,44,45
682,256,647,13,2,376,15,391
920,300,647,13,2,332,15,347
796,372,647,13,2,260,15,275
93,335,647,13,2,297,15,312
842,263,647,13,2,370,14,384
237,588,650,1,8,20,42,62
1050,615,650,2,8,6,29,35
630,612,651,1,0,20,19,39
480,484,651,16,0,117,50,167
829,458,651,16,0,143,50,193
567,296,651,16,0,305,50,355
47,454,651,16,0,147,50,197
524,368,651,16,0,234,49,283
1132,476,651,16,0,125,50,175
144,400,651,16,0,202,49,251
541,272,651,16,0,330,49,379
1298,455,651,16,0,147,49,196
206,433,651,16,0,169,49,218
568,436,651,16,0,165,50,215
824,427,651,16,0,174,50,224
1299,497,651,16,0,104,50,154
988,492,651,16,0,109,50,159
711,404,651,16,0,197,50,247
36,398,651,16,0,203,50,253
410,480,651,16,0,122,49,171
856,621,652,2,1,26,5,31
775,619,652,2,1,28,5,33
331,613,652,2,1,34,5,39
817,603,652,2,1,44,5,49
995,566,656,2,17,1,89,90
1221,589,657,2,17,7,61,68
589,530,659,1,9,78,51,129
280,585,659,2,0,62,12,74
115,463,659,13,0,169,27,196
1042,499,659,13,0,133,27,160
136,390,659,13,0,242,27,269
10,389,659,13,0,244,26,270
891,412,659,13,0,220,27,247
693,331,659,13,0,302,26,328
1115,297,659,13,0,336,26,362
358,367,659,13,0,266,26,292
848,388,659,13,0,244,27,271
117,417,659,13,0,215,27,242
1010,282,659,13,0,350,27,377
815,415,659,13,0,218,26,244
433,321,659,13,0,311,27,338
860,266,659,13,0,366,27,393
9,358,659,13,0,274,27,301
590,621,660,0,2,30,9,39
1104,617,660,0,2,34,9,43
991,632,660,0,2,19,9,28
181,625,660,0,2,26,9,35
483,612,660,0,2,39,9,48
831,619,660,0,2,32,9,41
327,627,660,0,2,24,9,33
804,612,660,0,2,39,9,48
654,632,660,0,2,19,9,28
245,613,660,0,2,38,9,47
985,605,660,0,2,46,9,55
739,640,660,0,2,11,9,20
1177,614,660,0,2,37,9,46
351,613,660,0,2,38,9,47
170,628,660,0,2,23,9,32
1020,619,660,0,2,32,9,41
1009,638,660,0,2,13,9,22
1094,627,660,0,2,24,9,33
1291,636,660,0,2,15,9,24
1174,612,660,0,2,40,9,49
1323,614,664,2,18,1,49,50
175,656,668,0,2,3,9,12
1202,623,668,0,2,36,9,45
1,654,668,0,2,5,9,14
1333,648,668,0,2,11,9,20
705,612,668,0,2,48,8,56
745,630,668,0,2,29,9,38
1311,650,668,0,2,9,9,18
532,613,668,0,2,46,9,55
525,627,668,0,2,32,9,41
622,609,668,0,2,50,9,59
871,612,668,0,2,47,9,56
313,645,668,0,2,14,9,23
962,644,668,0,2,16,9,25
212,634,668,0,2,25,9,34
645,619,668,0,2,41,9,50
712,639,668,0,2,20,9,29
855,652,668,0,2,7,9,16
518,613,668,0,2,47,8,55
223,651,668,0,2,8,9,17
791,615,668,0,2,44,9,53
1343,612,673,2,19,1,60,61
934,617,673,2,19,1,55,56
1148,653,674,0,2,11,10,21
1122,662,674,0,2,1,11,12
214,637,674,0,2,26,11,37
336,632,674,0,2,32,10,42
662,660,674,0,2,3,11,14
508,661,674,0,2,2,11,13
640,628,674,0,2,35,11,46
481,613,674,0,2,50,11,61
378,617,674,0,2,47,10,57
505,660,674,0,2,4,10,14
1151,648,674,0,2,15,11,26
1008,645,674,0,2,19,10,29
359,644,674,0,2,19,11,30
81,655,674,0,2,8,11,19
619,660,674,0,2,3,11,14
1238,626,674,0,2,39,9,48
1226,651,674,0,2,12,11,23
1046,620,674,0,2,43,11,54
292,661,674,0,2,4,10,14
1100,650,674,0,2,15,9,24
668,647,677,2,4,13,17,30
792,653,677,2,4,10,14,24
444,644,677,2,4,16,17,33
458,660,684,2,5,1,23,24
945,257,688,15,2,411,20,431
867,272,688,15,2,397,19,416
648,346,688,15,2,322,20,342
1253,340,688,15,2,328,20,348
736,220,688,15,2,448,20,468
176,333,688,15,2,336,19,355
677,369,688,15,2,299,20,319
177,230,688,15,2,438,20,458
283,200,689,9,2,459,30,489
185,362,689,8,2,303,24,327
951,323,689,9,2,336,30,366
276,383,689,8,2,284,22,306
626,345,689,9,2,316,28,344
694,677,693,2,13,1,15,16
167,674,693,2,13,1,18,19
231,665,695,2,6,2,28,30
150,666,697,0,2,21,10,31
14,672,697,0,2,15,10,25
1290,676,697,0,2,11,10,21
859,657,697,0,2,31,9,40
761,685,697,0,2,2,10,12
629,661,697,0,2,26,10,36
80,673,697,0,2,14,10,24
828,665,697,0,2,24,9,33
1183,680,697,0,2,7,10,17
644,684,697,0,2,4,10,14
1257,642,697,0,2,45,10,55
1316,664,697,0,2,23,10,33
1349,666,697,0,2,21,10,31
1118,679,697,0,2,8,10,18
450,685,697,0,2,2,10,12
684,681,697,0,2,6,10,16
769,682,697,0,2,5,10,15
1252,677,697,0,2,10,10,20
683,668,697,0,2,19,10,29
169,685,697,0,2,2,10,12
980,645,698,2,1,43,10,53
472,614,698,2,1,74,10,84
300,652,698,2,1,36,10,46
63,626,698,2,1,62,10,72
1028,640,698,2,1,48,10,58
70,633,698,2,1,55,10,65
456,659,698,2,1,29,10,39
135,588,698,2,1,100,10,110
682,662,701,2,1,27,12,39
1172,608,701,2,1,81,12,93
810,630,701,2,1,59,12,71
1083,644,701,2,1,45,12,57
375,671,702,2,7,1,30,31
797,697,703,1,0,1,5,6
1109,255,703,15,0,414,34,448
139,421,703,15,0,247,35,282
415,318,703,15,0,350,35,385
1352,220,703,15,0,449,34,483
391,284,703,15,0,384,35,419
1283,439,703,15,0,229,35,264
163,238,703,15,0,432,33,465
556,250,703,15,0,418,35,453
104,430,703,15,0,239,34,273
1149,355,703,15,0,314,34,348
477,264,703,15,0,404,35,439
1332,479,703,15,0,189,35,224
1259,671,705,2,19,1,33,34
748,656,707,2,0,33,18,51
290,362,707,8,0,304,41,345
284,469,707,9,0,193,45,238
982,493,707,9,0,166,48,214
253,440,707,8,0,226,41,267
1308,411,707,8,0,257,39,296
672,412,707,8,0,253,42,295
126,387,707,9,0,272,48,320
707,397,707,8,0,269,41,310
316,387,707,8,0,278,42,320
449,278,707,9,0,382,47,429
723,364,707,8,0,301,42,343
257,440,707,9,0,220,47,267
588,442,707,9,0,217,48,265
637,361,707,7,0,316,30,346
673,404,707,8,0,261,42,303
379,684,709,2,3,13,12,25
421,636,710,2,8,24,50,74
997,672,710,2,8,2,36,38
198,663,710,2,8,2,45,47
1304,677,711,0,2,26,8,34
1315,680,711,0,2,23,8,31
1269,688,711,0,2,15,8,23
735,682,711,0,2,21,8,29
496,693,711,0,2,10,8,18
636,685,711,0,2,19,7,26
820,672,711,0,2,31,8,39
5,666,711,0,2,38,7,45
1042,681,711,0,2,23,7,30
35,688,711,0,2,15,8,23
615,692,711,0,2,11,8,19
1006,674,711,0,2,30,7,37
44,694,711,0,2,10,8,18
1192,697,711,0,2,6,8,14
845,698,711,0,2,6,8,14
798,663,711,0,2,41,8,49
530,684,711,0,2,19,8,27
97,685,711,0,2,18,8,26
574,667,711,0,2,36,8,44
1248,700,711,0,2,3,8,11
883,349,713,14,2,337,27,364
333,177,713,14,2,508,28,536
559,280,713,14,2,407,26,433
57,222,713,14,2,463,28,491
994,632,716,2,9,28,56,84
282,671,716,2,9,2,43,45
1113,689,717,2,4,8,20,28
50,704,720,0,2,3,13,16
500,693,720,0,2,14,13,27
401,705,720,0,2,2,13,15
353,695,720,0,2,12,13,25
318,691,720,0,2,17,12,29
906,710,720,0,2,2,8,10
689,688,720,0,2,19,13,32
1190,678,720,0,2,30,12,42
73,709,720,0,2,1,10,11
227,698,720,0,2,10,12,22
1111,705,720,0,2,6,9,15
4,670,720,0,2,37,13,50
546,700,720,0,2,7,13,20
31,705,720,0,2,2,13,15
1140,687,720,0,2,22,11,33
819,710,720,0,2,1,9,10
514,693,720,0,2,17,10,27
1141,704,720,0,2,4,12,16
9,701,720,0,2,8,11,19
1222,683,720,0,2,24,13,37
838,663,724,2,1,50,11,61
1318,645,724,2,1,68,11,79
168,620,724,2,1,93,11,104
1263,672,724,2,1,41,11,52
533,690,727,2,6,8,29,37
296,684,727,2,6,14,29,43
428,692,727,2,6,5,30,35
365,339,730,14,0,346,45,391
193,216,730,14,0,470,44,514
1071,487,730,14,0,198,45,243
75,425,730,14,0,260,45,305
95,366,730,14,0,321,43,364
1088,453,730,14,0,236,41,277
1086,386,730,14,0,299,45,344
1228,293,730,14,0,392,45,437
74,322,730,14,0,363,45,408
194,477,730,14,0,209,44,253
1068,330,730,14,0,358,42,400
978,395,730,14,0,291,44,335
882,469,730,14,0,216,45,261
302,351,730,14,0,334,45,379
1072,311,730,14,0,375,44,419
344,267,730,13,0,431,32,463
311,656,734,2,11,4,74,78
1268,664,734,2,11,2,68,70
863,689,736,2,1,36,11,47
685,679,736,2,1,45,12,57
285,677,736,2,1,47,12,59
271,705,736,2,1,20,11,31
779,699,736,2,1,25,12,37
62,714,736,2,1,10,12,22
281,715,736,2,1,10,11,21
861,639,736,2,1,85,12,97
1110,675,736,2,1,50,11,61
1348,724,736,2,1,1,11,12
896,697,736,2,1,27,12,39
1280,674,736,2,1,52,10,62
1156,661,736,2,1,64,11,75
706,674,736,2,1,51,12,63
626,716,736,2,1,8,12,20
373,705,736,2,1,19,12,31
67,698,736,2,1,26,12,38
935,669,736,2,1,55,12,67
762,691,736,2,1,33,12,45
1033,242,738,10,2,478,18,496
690,92,738,10,2,628,18,646
360,327,738,10,2,393,18,411
267,359,738,10,2,362,17,379
884,362,738,10,2,358,18,376
484,726,741,0,2,4,11,15
1112,729,741,0,2,2,10,12
363,713,741,0,2,18,10,28
60,730,741,0,2,1,10,11
252,723,741,0,2,7,11,18
1309,720,741,0,2,10,11,21
857,727,741,0,2,3,11,14
1347,714,741,0,2,18,9,27
555,697,741,2,0,28,16,44
577,714,741,0,2,16,11,27
616,715,741,0,2,16,10,26
343,720,741,0,2,12,10,22
136,712,741,0,2,18,11,29
1129,726,741,0,2,5,10,15
241,718,741,0,2,13,11,24
236,729,741,0,2,1,11,12
558,723,741,0,2,8,10,18
341,720,741,0,2,11,11,22
806,723,741,0,2,7,11,18
255,713,741,0,2,17,11,28
430,728,741,0,2,2,11,13
476,678,743,2,1,60,5,65
291,726,743,2,1,12,5,17
907,698,743,2,1,40,5,45
774,722,743,2,1,16,5,21
764,736,750,0,2,6,8,14
753,735,750,0,2,7,8,15
786,737,750,0,2,4,9,13
448,736,750,0,2,5,9,14
28,731,750,0,2,10,9,19
92,734,750,0,2,7,9,16
725,724,750,0,2,17,9,26
876,732,750,0,2,10,8,18
1041,721,750,0,2,21,8,29
1198,426,750,10,0,294,30,324
440,266,750,10,0,456,28,484
186,470,750,10,0,250,30,280
457,735,750,0,2,6,9,15
521,486,750,10,0,235,29,264
61,731,750,0,2,10,9,19
466,738,750,0,2,3,9,12
1079,737,750,0,2,5,8,13
1032,452,750,10,0,269,29,298
547,381,750,10,0,341,28,369
575,735,750,0,2,6,9,15
471,412,750,10,0,309,29,338
475,190,750,10,0,531,29,560
393,718,750,0,2,23,9,32
701,730,750,0,2,12,8,20
1068,739,750,0,2,2,9,11
606,477,750,10,0,245,28,273
1328,483,750,10,0,237,30,267
77,311,750,10,0,410,29,439
691,277,750,10,0,443,30,473
485,731,750,2,0,7,12,19
477,729,750,0,2,12,9,21
1097,737,750,0,2,4,9,13
76,442,750,10,0,278,30,308
1195,733,750,0,2,8,9,17
372,352,750,10,0,368,30,398
1081,399,750,10,0,321,30,351
82,369,753,3,2,366,18,384
550,326,753,3,2,409,18,427
1230,356,753,3,2,380,17,397
984,355,753,3,2,380,18,398
330,322,753,3,2,414,17,431
586,634,753,2,13,27,92,119
708,745,757,0,2,6,6,12
1288,728,757,0,2,22,7,29
395,734,757,0,2,16,7,23
426,748,757,0,2,2,7,9
412,743,757,0,2,10,4,14
218,745,757,0,2,5,7,12
916,739,757,0,2,11,7,18
919,736,757,0,2,14,7,21
139,735,757,0,2,17,5,22
811,731,757,0,2,20,6,26
112,746,757,0,2,4,7,11
923,747,757,0,2,7,3,10
87,745,757,0,2,7,5,12
1265,748,757,0,2,3,6,9
1353,745,757,0,2,5,7,12
946,750,757,0,2,2,5,7
473,745,757,0,2,6,6,12
1063,743,757,0,2,7,7,14
437,752,757,0,2,1,4,5
1091,737,757,0,2,15,6,21
1002,732,758,2,3,18,8,26
1021,736,758,2,3,15,7,22
1084,711,760,2,7,3,46,49
1356,744,765,2,1,12,9,21
890,737,765,2,1,16,12,28
731,693,765,2,1,60,12,72
308,734,765,2,1,19,12,31
967,725,765,2,1,28,12,40
1073,714,765,2,8,2,49,51
761,734,765,2,1,20,11,31
154,730,765,2,1,25,10,35
681,723,765,2,8,1,41,42
1296,742,771,2,5,10,19,29
1047,660,771,2,15,2,109,111
465,749,771,2,5,1,21,22
734,717,772,2,9,1,54,55
1122,752,772,2,0,1,19,20
844,707,772,2,0,47,18,65
999,485,772,3,0,250,37,287
1003,490,772,3,0,249,33,282
1255,471,772,3,0,265,36,301
515,450,772,3,0,287,35,322
647,417,772,3,0,318,37,355
874,319,772,3,0,416,37,453
329,425,772,3,0,311,36,347
1215,340,772,3,0,397,35,432
191,439,772,3,0,296,37,333
1250,467,772,3,0,268,37,305
499,390,772,3,0,348,34,382
19,749,777,2,7,2,26,28
1290,745,777,2,7,5,27,32
1176,636,778,2,16,26,116,142
700,663,778,2,16,1,114,115
972,697,780,2,11,14,69,83
159,759,780,0,2,14,7,21
52,754,780,0,2,18,8,26
1067,772,780,0,2,1,7,8
570,765,780,0,2,7,8,15
527,721,780,2,11,1,58,59
678,767,780,0,2,5,8,13
259,755,780,0,2,17,8,25
767,753,780,0,2,19,8,27
696,773,780,0,2,1,6,7
1026,774,780,0,2,1,5,6
601,754,780,0,2,19,7,26
926,764,780,0,2,10,7,17
652,756,780,0,2,16,8,24
897,761,780,0,2,11,8,19
398,757,780,0,2,15,8,23
1074,759,780,0,2,13,8,21
939,763,780,0,2,9,8,17
234,761,780,0,2,13,6,19
618,766,780,0,2,6,8,14
209,755,780,0,2,18,8,26
460,761,780,0,2,12,8,20
908,646,785,2,18,15,124,139
222,767,785,0,2,7,11,18
846,778,785,0,2,2,5,7
1128,762,785,0,2,11,12,23
1082,765,785,0,2,8,12,20
551,772,785,0,2,1,12,13
83,777,785,0,2,1,7,8
368,775,785,0,2,1,9,10
1145,773,785,0,2,1,11,12
111,755,785,0,2,18,12,30
121,778,785,0,2,1,6,7
30,771,785,0,2,3,12,15
933,774,785,0,2,1,10,11
955,760,785,0,2,13,12,25
1313,772,785,0,2,3,10,13
1298,756,785,0,2,18,11,29
1054,753,785,0,2,20,12,32
823,756,785,0,2,17,12,29
128,772,785,0,2,1,12,13
37,773,785,0,2,1,11,12
800,777,785,0,2,2,6,8
596,688,788,2,12,24,76,100
204,712,788,2,12,1,75,76
251,738,788,2,8,12,38,50
1247,760,790,2,3,20,10,30
998,766,790,2,3,15,9,24
478,694,796,2,14,19,83,102
327,684,796,2,14,27,85,112
81,724,796,2,14,1,71,72
975,693,802,2,15,18,91,109
430,785,802,2,4,1,16,17
1251,761,808,2,5,21,26,47
321,673,810,1,2,128,9,137
835,703,810,2,16,9,98,107
395,793,810,2,10,1,16,17
1338,752,810,2,10,1,57,58
960,708,810,2,16,3,99,102
1001,778,811,1,3,26,7,33
516,717,811,1,3,84,10,94
916,786,814,2,6,1,27,28
745,713,817,2,17,1,103,104
1201,743,818,2,11,1,74,75
1216,783,818,2,11,1,34,35
59,675,819,1,4,127,17,144
810,782,819,1,4,19,18,37
968,625,819,1,4,178,16,194
1214,764,819,2,7,16,39,55
783,787,819,2,7,1,31,32
285,815,824,1,3,1,8,9
497,733,824,2,12,9,82,91
875,807,824,2,3,12,5,17
1092,651,825,1,5,150,24,174
537,713,826,2,18,2,111,113
246,756,827,2,9,24,47,71
702,759,827,2,9,22,46,68
1060,771,827,2,9,9,47,56
831,809,832,2,10,1,22,23
147,799,834,2,13,1,34,35
1336,791,835,2,4,27,17,44
791,816,835,2,4,2,17,19
158,608,837,1,6,193,36,229
757,687,837,1,6,114,36,150
348,581,838,1,12,219,38,257
670,792,839,2,14,1,46,47
110,793,841,2,6,26,22,48
297,798,841,2,6,20,23,43
545,612,843,1,7,190,41,231
67,793,843,1,7,9,41,50
201,462,847,1,13,338,47,385
135,701,847,1,13,100,46,146
80,801,847,2,13,9,37,46
1282,742,848,2,15,1,105,106
519,770,848,2,15,1,77,78
1098,782,849,0,2,60,7,67
1205,779,849,0,2,63,7,70
288,801,849,0,2,41,7,48
917,795,849,0,2,47,7,54
38,807,849,0,2,35,7,42
1035,786,849,0,2,56,7,63
469,802,849,0,2,40,7,47
943,793,849,0,2,49,7,56
1319,783,849,0,2,59,7,66
944,806,849,0,2,36,7,43
803,780,849,0,2,62,7,69
521,797,849,0,2,45,7,52
1283,780,849,0,2,62,7,69
11,796,849,0,2,46,7,53
1266,798,849,0,2,44,7,51
85,779,849,0,2,63,7,70
1107,784,849,0,2,58,7,65
1305,790,849,0,2,52,7,59
754,788,849,0,2,54,7,61
286,804,849,0,2,38,7,45
614,802,851,1,8,1,48,49
127,618,851,1,8,183,50,233
1218,813,854,2,11,8,33,41
741,849,856,2,3,1,6,7
876,837,856,2,3,13,6,19
1248,820,856,2,3,29,7,36
1279,807,857,0,2,43,7,50
350,790,857,0,2,60,7,67
549,803,857,0,2,47,7,54
666,799,857,0,2,51,7,58
328,823,857,0,2,27,7,34
1057,797,857,0,2,53,7,60
665,809,857,0,2,41,7,48
1233,779,857,0,2,71,7,78
338,782,857,0,2,68,7,75
1300,811,857,0,2,39,7,46
714,816,857,0,2,34,7,41
207,780,857,0,2,70,7,77
275,785,857,0,2,65,7,72
405,813,857,0,2,37,7,44
651,818,857,0,2,32,7,39
232,793,857,0,2,57,7,64
2,811,857,0,2,39,7,46
274,823,857,0,2,27,7,34
402,819,857,0,2,31,7,38
345,814,857,0,2,36,7,43
331,790,858,1,14,10,58,68
304,797,860,1,9,4,59,63
258,806,860,1,9,1,53,54
235,748,860,2,16,1,111,112
1144,774,860,2,16,1,85,86
1022,767,860,2,16,1,92,93
319,780,860,2,16,1,79,80
895,856,863,2,4,2,5,7
676,820,863,2,13,2,41,43
92,815,863,2,13,4,44,48
272,731,867,2,17,10,126,136
599,740,867,2,17,1,126,127
1339,750,867,2,17,1,116,117
445,832,868,2,4,17,19,36
103,527,869,1,15,273,69,342
490,795,869,1,15,6,68,74
1110,794,869,1,15,6,69,75
649,464,869,1,15,337,68,405
834,808,871,1,16,2,61,63
1178,820,871,2,16,1,50,51
1017,823,873,2,5,26,24,50
214,859,876,2,6,1,16,17
1065,806,877,1,16,1,70,71
759,704,877,1,16,96,77,173
825,805,877,1,16,1,71,72
751,733,879,2,18,8,138,146
470,813,880,2,17,5,62,67
1106,833,881,2,6,16,32,48
17,837,881,2,6,12,32,44
767,846,881,2,6,3,32,35
383,780,885,0,2,95,10,105
512,830,885,0,2,45,10,55
744,812,885,0,2,63,10,73
695,831,885,0,2,44,10,54
1209,833,885,0,2,42,10,52
947,824,885,0,2,51,10,61
1003,830,885,0,2,45,10,55
576,832,885,0,2,43,10,53
891,827,885,0,2,48,10,58
638,819,885,0,2,56,10,66
364,815,885,0,2,60,10,70
482,792,885,0,2,83,10,93
380,805,885,0,2,70,10,80
78,824,885,0,2,51,10,61
660,783,885,0,2,92,10,102
146,797,885,0,2,78,10,88
174,825,885,0,2,50,10,60
1004,823,885,0,2,52,10,62
161,829,885,0,2,46,10,56
1051,810,885,0,2,65,10,75
859,833,888,2,10,27,28,55
63,722,889,1,17,78,89,167
506,700,889,1,17,100,89,189
211,549,889,1,17,253,87,340
1078,659,889,1,17,141,89,230
894,805,889,2,17,5,79,84
352,847,889,2,7,2,40,42
1304,880,891,2,3,5,6,11
1262,736,891,2,19,5,150,155
1045,763,891,2,19,1,127,128
245,811,891,2,18,7,73,80
495,770,891,2,19,2,119,121
965,832,896,2,12,25,39,64
1108,716,901,1,19,86,99,185
1263,749,901,1,19,52,100,152
1104,871,901,2,6,14,16,30
1038,819,902,2,19,1,82,83
763,801,902,2,19,19,82,101
1111,807,902,2,19,11,84,95
148,845,905,2,13,12,48,60
483,827,905,2,13,32,46,78
1042,822,905,2,13,35,48,83
1099,871,911,2,7,15,25,40
498,830,914,0,2,73,11,84
165,837,914,0,2,66,11,77
1180,847,914,0,2,56,11,67
1016,840,914,0,2,63,11,74
140,851,914,0,2,52,11,63
196,820,914,0,2,83,11,94
531,814,914,0,2,89,11,100
53,796,914,0,2,107,11,118
567,845,914,0,2,58,11,69
910,837,914,0,2,66,11,77
1102,830,914,0,2,74,11,85
801,827,914,0,2,76,11,87
600,841,914,0,2,62,11,73
145,847,914,0,2,56,11,67
562,824,914,0,2,79,11,90
106,781,914,0,2,122,11,133
588,838,914,0,2,65,11,76
655,847,914,0,2,56,11,67
105,807,914,0,2,96,11,107
715,832,914,0,2,71,11,82
520,847,915,2,15,12,56,68
137,915,921,2,5,1,5,6
134,866,922,2,9,20,36,56
368,864,922,2,9,21,37,58
1163,838,924,2,16,19,67,86
1164,838,924,2,16,20,66,86
1359,822,924,2,16,36,66,102
625,866,927,0,2,51,10,61
215,828,927,0,2,89,10,99
650,839,927,0,2,78,10,88
1093,862,927,0,2,55,10,65
142,865,927,0,2,52,10,62
917,899,927,2,6,15,13,28
749,854,927,0,2,63,10,73
517,858,927,0,2,59,10,69
1025,868,927,0,2,49,10,59
102,824,927,0,2,93,10,103
1357,860,927,0,2,57,10,67
452,831,927,0,2,86,10,96
656,837,927,0,2,80,10,90
1351,847,927,0,2,70,10,80
1114,788,927,0,2,129,10,139
1120,852,927,0,2,66,10,76
564,848,927,0,2,69,10,79
400,861,927,0,2,56,10,66
56,811,927,0,2,106,10,116
830,843,927,0,2,74,10,84
578,855,927,0,2,62,10,72
1347,822,931,2,17,35,74,109
273,870,932,0,2,54,8,62
1030,875,932,0,2,49,8,57
987,863,932,0,2,61,8,69
1342,877,932,0,2,47,8,55
1125,869,932,0,2,55,8,63
58,866,932,0,2,58,8,66
27,876,932,0,2,48,8,56
958,836,932,0,2,89,8,97
1182,869,932,0,2,55,8,63
100,840,932,0,2,84,8,92
1186,801,932,0,2,123,8,131
866,857,932,0,2,67,8,75
71,847,932,0,2,78,8,86
852,868,932,0,2,57,8,65
6,872,932,0,2,52,8,60
807,860,932,0,2,64,8,72
639,852,932,0,2,73,8,81
420,871,932,0,2,53,8,61
314,824,932,0,2,100,8,108
417,877,932,0,2,47,8,55
699,830,937,2,18,27,80,107
382,876,939,0,2,50,13,63
868,869,939,0,2,57,13,70
247,886,939,0,2,40,13,53
1039,882,939,0,2,44,13,57
72,890,939,0,2,36,13,49
268,877,939,0,2,49,13,62
1089,891,939,0,2,35,13,48
674,837,939,0,2,89,13,102
909,858,939,0,2,68,13,81
911,888,939,0,2,38,13,51
299,865,939,0,2,61,13,74
726,872,939,0,2,54,13,67
1337,817,939,0,2,109,13,122
957,878,939,0,2,48,13,61
816,851,939,0,2,75,13,88
1324,880,939,0,2,46,13,59
643,869,939,0,2,57,13,70
686,889,939,0,2,37,13,50
1149,882,939,0,2,44,13,57
210,885,939,0,2,41,13,54
183,906,940,2,8,8,26,34
218,893,940,2,8,21,26,47
1344,852,942,2,19,5,85,90
725,831,942,2,19,27,84,111
661,938,945,2,4,3,4,7
574,924,945,2,4,16,5,21
164,779,949,2,1,158,12,170
1286,817,949,2,1,120,12,132
832,772,949,2,1,165,12,177
487,794,949,2,1,143,12,155
301,836,949,2,1,101,12,113
979,822,949,2,1,115,12,127
826,869,949,2,1,69,12,81
632,762,949,2,1,175,12,187
91,768,949,2,1,169,12,181
1127,814,949,2,1,123,12,135
951,774,949,2,1,163,12,175
889,841,949,2,1,96,12,108
809,781,949,2,1,156,12,168
66,857,949,2,1,80,12,92
936,828,949,2,1,109,12,121
1100,867,949,2,1,70,12,82
590,898,950,2,9,16,36,52
1269,939,950,2,11,1,10,11
549,932,950,2,11,1,17,18
181,867,950,2,10,60,23,83
521,857,950,2,10,70,23,93
367,914,950,2,9,1,35,36
256,939,954,2,6,1,14,15
1311,898,956,2,11,29,29,58
971,869,956,2,11,58,29,87
675,895,957,2,13,39,23,62
753,873,957,2,13,60,24,84
790,917,957,2,13,15,25,40
577,919,957,2,13,14,24,38
1041,926,957,2,13,6,25,31
402,866,957,2,13,66,25,91
720,873,964,2,12,54,37,91
973,940,965,2,8,1,24,25
150,936,966,2,14,1,29,30
806,884,966,2,14,48,34,82
977,907,966,2,14,28,31,59
963,834,967,1,0,115,18,133
291,923,967,1,0,27,17,44
484,843,967,2,0,94,30,124
220,785,967,2,0,152,30,182
343,846,967,2,0,91,30,121
845,799,967,2,0,138,30,168
872,879,970,2,13,48,43,91
89,902,970,2,13,25,43,68
873,908,970,2,13,19,43,62
1331,890,973,0,2,77,6,83
501,896,973,0,2,71,6,77
1096,878,973,0,2,89,6,95
404,893,973,0,2,74,6,80
1101,884,973,0,2,83,6,89
109,898,973,2,15,34,41,75
1064,869,973,0,2,98,6,104
290,912,973,0,2,55,6,61
73,939,973,2,15,2,32,34
642,933,973,0,2,34,6,40
653,924,973,0,2,43,6,49
200,916,973,0,2,51,6,57
25,929,973,0,2,38,6,44
667,900,973,0,2,67,6,73
773,928,973,0,2,39,6,45
347,926,973,0,2,41,6,47
332,917,973,0,2,50,6,56
20,931,973,0,2,36,6,42
344,897,973,0,2,70,6,76
765,918,973,0,2,49,6,55
850,931,973,0,2,36,6,42
94,846,973,0,2,121,6,127
625,932,974,2,9,7,35,42
641,920,974,2,9,19,35,54
627,897,978,0,2,73,8,81
284,905,978,0,2,65,8,73
47,948,978,0,2,22,8,30
608,952,978,0,2,18,8,26
171,932,978,0,2,38,8,46
1133,936,978,0,2,34,8,42
250,962,978,0,2,8,8,16
486,941,978,0,2,29,8,37
1308,934,978,0,2,36,8,44
228,930,978,0,2,40,8,48
13,950,978,0,2,20,8,28
346,928,978,0,2,42,8,50
84,934,978,0,2,36,8,44
728,949,978,0,2,21,8,29
279,891,978,0,2,79,8,87
970,920,978,0,2,50,8,58
399,881,978,0,2,89,8,97
511,861,978,0,2,109,8,117
755,944,978,0,2,26,8,34
513,916,978,0,2,54,8,62
986,899,980,2,16,34,47,81
794,886,980,0,2,81,13,94
950,897,980,0,2,70,13,83
610,891,980,0,2,76,13,89
23,830,980,0,2,137,13,150
1322,898,980,0,2,69,13,82
455,897,980,0,2,70,13,83
1281,894,980,0,2,73,13,86
1058,870,980,0,2,97,13,110
298,868,980,0,2,99,13,112
1243,899,980,0,2,68,13,81
1179,936,980,2,16,2,42,44
948,908,980,0,2,59,13,72
144,892,980,0,2,75,13,88
114,879,980,0,2,88,13,101
707,889,980,0,2,78,13,91
1277,913,980,0,2,54,13,67
309,894,980,0,2,73,13,86
1027,882,980,0,2,85,13,98
1225,854,980,0,2,113,13,126
76,900,980,0,2,67,13,80
1024,876,980,0,2,91,13,104
118,887,982,2,16,40,55,95
69,860,982,2,16,68,54,122
836,926,982,2,16,1,55,56
659,922,982,2,16,5,55,60
712,896,982,2,16,31,55,86
195,903,985,2,17,29,53,82
500,979,989,2,3,1,9,10
504,940,990,2,16,2,48,50
868,988,991,2,3,1,2,3
355,978,992,2,11,4,10,14
28,919,993,2,17,8,66,74
454,933,997,2,19,1,63,64
1140,938,997,2,19,1,58,59
136,944,998,2,13,34,20,54
222,984,999,2,4,1,14,15
1095,986,999,2,4,1,12,13
166,868,999,2,18,60,71,131
542,889,999,2,18,39,71,110
128,877,999,2,18,51,71,122
1287,906,999,2,18,21,72,93
1026,965,1003,2,4,8,30,38
14,944,1008,2,14,34,30,64
404,981,1008,2,7,1,26,27
651,962,1008,2,14,17,29,46
802,893,1009,2,19,34,82,116
662,960,1009,2,5,14,35,49
259,958,1009,2,5,15,36,51
223,861,1009,2,19,66,82,148
1240,950,1014,2,6,23,41,64
820,945,1014,2,6,28,41,69
1202,947,1019,2,15,33,39,72
1203,958,1019,2,15,23,38,61
392,972,1019,2,15,8,39,47
469,962,1023,2,7,11,50,61
957,966,1023,2,7,7,50,57
108,874,1025,0,2,142,9,151
1012,984,1025,0,2,32,9,41
90,950,1025,0,2,66,9,75
571,967,1025,0,2,49,9,58
742,998,1025,0,2,18,9,27
592,894,1025,0,2,122,9,131
1055,965,1025,0,2,51,9,60
669,989,1025,0,2,27,9,36
1034,976,1025,0,2,40,9,49
886,995,1025,0,2,21,9,30
42,934,1025,0,2,82,9,91
885,940,1025,0,2,76,9,85
1115,981,1025,0,2,35,9,44
1147,926,1025,0,2,90,9,99
239,957,1025,0,2,59,9,68
264,931,1025,0,2,85,9,94
1061,913,1025,0,2,103,9,112
931,945,1025,0,2,71,9,80
709,997,1025,0,2,19,9,28
840,992,1025,0,2,24,9,33
318,950,1027,2,16,28,49,77
481,944,1027,2,16,35,48,83
654,957,1027,2,16,21,49,70
1,1021,1031,2,3,4,6,10
722,955,1032,2,8,18,59,77
1207,949,1032,2,8,25,58,83
254,986,1032,2,8,1,45,46
674,948,1032,2,8,25,59,84
643,977,1032,2,17,2,53,55
613,974,1032,2,8,1,57,58
411,1026,1035,0,2,2,8,10
503,1017,1035,0,2,11,7,18
808,1029,1035,0,2,1,5,6
434,999,1035,0,2,29,7,36
1232,1029,1035,0,2,3,3,6
785,1028,1035,0,2,3,4,7
1103,1029,1035,0,2,1,5,6
1228,949,1035,0,2,79,7,86
1239,1014,1035,0,2,13,8,21
187,1027,1035,0,2,1,7,8
206,1009,1035,0,2,18,8,26
729,997,1035,0,2,30,8,38
104,1018,1035,0,2,9,8,17
1169,992,1035,0,2,37,6,43
680,1023,1035,0,2,6,6,12
219,928,1035,0,2,100,8,108
1139,970,1035,0,2,57,8,65
1234,1011,1035,0,2,19,5,24
821,995,1036,2,4,30,11,41
61,990,1036,2,4,35,11,46
18,898,1039,0,2,129,12,141
1272,887,1039,0,2,139,13,152
1329,934,1039,0,2,92,13,105
407,935,1039,0,2,92,12,104
116,998,1039,0,2,28,13,41
940,993,1039,0,2,33,13,46
981,1004,1039,0,2,22,13,35
597,965,1039,0,2,62,12,74
524,1020,1039,0,2,6,13,19
523,918,1039,0,2,108,13,121
260,951,1039,0,2,75,13,88
595,1013,1039,0,2,13,13,26
441,983,1039,0,2,44,12,56
915,944,1039,0,2,82,13,95
535,1017,1039,0,2,9,13,22
851,966,1039,0,2,60,13,73
1081,980,1039,0,2,46,13,59
1306,1011,1039,0,2,15,13,28
208,985,1039,0,2,42,13,55
510,1014,1039,0,2,12,13,25
288,1017,1043,2,3,19,7,26
1261,961,1043,2,18,17,65,82
1009,977,1043,2,18,1,65,66
357,1005,1043,2,6,20,18,38
175,954,1048,2,19,25,69,94
570,966,1048,2,19,12,70,82
1082,988,1048,2,7,37,23,60
638,1014,1048,2,7,11,23,34
1238,1024,1048,2,4,11,13,24
717,925,1051,2,1,118,8,126
1208,818,1051,2,1,225,8,233
1278,875,1051,2,1,168,8,176
33,913,1051,2,1,130,8,138
787,768,1051,2,1,275,8,283
847,832,1051,2,1,211,8,219
243,780,1051,2,1,263,8,271
453,918,1051,2,1,125,8,133
964,879,1051,2,1,164,8,172
385,773,1051,2,1,270,8,278
961,868,1051,2,1,175,8,183
1340,911,1051,2,1,132,8,140
664,786,1051,2,1,257,8,265
293,888,1051,2,1,155,8,163
624,843,1051,2,1,200,8,208
1294,885,1051,2,1,158,8,166
182,809,1051,2,1,234,8,242
1236,903,1051,2,1,140,8,148
1184,900,1051,2,1,143,8,151
88,868,1052,1,2,174,10,184
261,1037,1052,0,2,1,14,15
580,1033,1052,0,2,1,18,19
117,1035,1052,0,2,1,16,17
479,1038,1052,0,2,1,13,14
607,997,1054,2,9,28,29,57
298,990,1056,2,5,45,21,66
188,986,1062,2,10,40,36,76
215,1016,1065,2,6,19,30,49
1288,1039,1065,2,6,1,25,26
70,970,1066,1,0,81,15,96
45,849,1066,2,0,194,23,217
1128,1020,1069,2,12,5,44,49
496,991,1069,2,12,34,44,78
1309,1029,1070,2,7,8,33,41
1279,1003,1072,2,10,36,33,69
1342,1041,1072,2,10,1,30,31
804,1006,1072,2,10,36,30,66
980,892,1073,1,10,149,32,181
1280,1003,1073,1,10,38,32,70
1080,1046,1074,0,2,21,7,28
1358,1047,1074,0,2,19,8,27
265,1057,1074,0,2,10,7,17
253,1056,1074,0,2,13,5,18
384,1053,1074,0,2,14,7,21
1088,1066,1074,0,2,1,7,8
937,1053,1074,0,2,13,8,21
874,1059,1074,0,2,9,6,15
1138,1067,1074,0,2,1,6,7
1124,1052,1074,0,2,14,8,22
703,1043,1074,0,2,23,8,31
878,1070,1074,0,2,1,3,4
203,1059,1074,0,2,7,8,15
621,1057,1074,0,2,9,8,17
449,1056,1074,0,2,10,8,18
1069,1061,1074,0,2,9,4,13
377,1050,1074,0,2,19,6,25
983,1060,1074,0,2,7,7,14
1346,1060,1074,0,2,6,8,14
155,1068,1074,0,2,1,5,6
779,940,1078,1,11,101,37,138
838,957,1078,1,11,84,37,121
536,995,1078,2,8,40,43,83
83,1021,1078,2,8,14,43,57
1319,984,1078,2,14,41,53,94
1089,1021,1078,2,14,4,53,57
473,991,1078,2,14,34,53,87
1205,1053,1080,2,3,21,6,27
857,1056,1080,2,3,21,3,24
631,961,1083,2,1,115,7,122
244,965,1083,2,1,111,7,118
99,903,1083,2,1,173,7,180
552,937,1083,2,1,139,7,146
451,782,1083,2,1,294,7,301
1230,924,1083,2,1,152,7,159
1197,930,1083,2,1,146,7,153
93,888,1083,2,1,188,7,195
648,912,1083,2,1,164,7,171
976,864,1083,2,1,212,7,219
307,933,1083,2,1,143,7,150
422,957,1083,2,1,119,7,126
113,814,1083,2,1,262,7,269
1271,971,1083,2,1,105,7,112
339,839,1083,2,1,238,7,245
408,942,1083,2,1,134,7,141
233,768,1083,2,1,308,7,315
708,1018,1084,2,11,21,45,66
861,966,1085,1,13,75,44,119
1331,1001,1087,2,15,24,62,86
1351,1016,1087,2,15,9,62,71
735,1024,1088,2,9,12,52,64
636,1040,1088,2,9,1,47,48
794,1068,1090,2,4,7,15,22
629,1041,1090,2,4,34,15,49
1056,934,1090,2,0,142,14,156
739,1051,1090,2,4,23,16,39
30,875,1090,2,0,201,14,215
870,1074,1090,2,4,1,15,16
13,1058,1090,2,4,17,15,32
242,965,1090,2,0,111,14,125
1112,1021,1092,2,14,19,52,71
58,1044,1092,2,14,1,47,48
656,1043,1092,2,14,1,48,49
301,995,1095,1,14,46,54,100
1318,838,1095,1,14,203,54,257
308,1015,1095,1,14,26,54,80
665,1066,1096,2,5,8,22,30
1037,1058,1096,2,5,16,22,38
567,1024,1097,2,16,1,72,73
1148,999,1101,2,15,40,62,102
43,992,1101,2,15,47,62,109
140,997,1101,2,15,44,60,104
426,1041,1103,2,6,33,29,62
678,1070,1103,2,6,4,29,33
697,1052,1103,2,6,23,28,51
476,904,1107,1,15,137,66,203
1283,1064,1107,2,15,1,42,43
991,1002,1109,2,18,23,84,107
1008,1017,1109,2,18,8,84,92
640,1037,1110,2,16,2,71,73
186,1081,1110,0,2,10,19,29
493,1087,1110,0,2,3,20,23
55,1085,1110,0,2,8,17,25
657,1074,1110,0,2,18,18,36
1013,1077,1110,0,2,13,20,33
974,1091,1110,0,2,1,18,19
606,1086,1110,0,2,5,19,24
992,1083,1110,0,2,7,20,27
488,1072,1110,0,2,18,20,38
566,1092,1110,0,2,2,16,18
1040,991,1110,2,16,49,70,119
1327,1070,1110,0,2,20,20,40
1284,1096,1110,0,2,1,13,14
190,1070,1110,0,2,21,19,40
499,1085,1110,0,2,5,20,25
50,1071,1112,2,7,4,37,41
336,1072,1112,2,7,2,38,40
1225,1076,1112,2,7,2,34,36
381,1068,1112,2,7,6,38,44
168,832,1118,1,3,268,18,286
383,1074,1118,2,8,3,41,44
159,1069,1118,2,8,7,42,49
401,1001,1118,2,17,39,78,117
987,1051,1118,2,16,1,66,67
275,1042,1118,2,8,32,44,76
366,956,1119,2,1,151,12,163
581,1004,1119,2,1,103,12,115
162,985,1119,2,1,122,12,134
65,970,1119,2,1,137,12,149
799,874,1119,2,1,233,12,245
360,936,1119,2,1,171,12,183
369,777,1119,2,1,330,12,342
467,991,1119,2,1,116,12,128
1005,827,1119,2,1,280,12,292
1274,963,1119,2,1,144,12,156
224,1012,1119,2,1,95,12,107
1253,978,1119,2,1,129,12,141
362,914,1119,2,1,193,12,205
1134,889,1119,2,1,218,12,230
1155,1019,1119,2,1,88,12,100
1289,1018,1119,2,1,89,12,101
1333,998,1119,2,1,109,12,121
728,997,1120,2,19,28,95,123
716,1024,1120,2,19,1,95,96
62,853,1123,1,17,188,82,270
1172,952,1123,1,17,89,82,171
284,1045,1124,2,9,31,48,79
160,990,1126,2,18,49,87,136
60,1110,1128,2,4,1,17,18
164,1010,1129,1,18,31,88,119
1286,981,1129,1,18,60,88,148
863,878,1129,1,18,163,88,251
764,1052,1129,2,18,1,76,77
85,1054,1129,2,18,1,74,75
501,980,1130,2,0,127,23,150
644,996,1130,2,0,111,23,134
44,931,1130,2,0,176,23,199
5,1052,1136,2,19,1,83,84
935,1032,1137,1,19,9,96,105
1170,1118,1139,0,2,12,9,21
1354,1107,1139,0,2,23,9,32
743,1127,1139,0,2,3,9,12
15,1114,1139,0,2,16,9,25
1132,1120,1139,0,2,11,8,19
95,1099,1139,0,2,31,9,40
1330,1113,1139,0,2,18,8,26
541,1101,1139,0,2,30,8,38
647,1109,1139,0,2,21,9,30
1212,1129,1139,0,2,3,8,11
633,1125,1139,0,2,5,9,14
693,1126,1139,0,2,5,8,13
349,1127,1139,0,2,3,9,12
969,1108,1139,0,2,23,8,31
1185,1130,1139,0,2,1,8,9
848,1112,1139,0,2,18,9,27
663,1103,1139,0,2,27,9,36
658,1116,1139,0,2,16,7,23
1173,1106,1139,0,2,26,7,33
342,1121,1139,0,2,10,9,19
890,826,1140,1,5,274,40,314
178,1108,1140,2,5,2,30,32
563,965,1146,2,1,175,6,181
173,1047,1146,2,1,93,6,99
789,884,1146,2,1,256,6,262
867,1056,1146,2,1,84,6,90
267,927,1146,2,1,213,6,219
704,989,1146,2,1,151,6,157
1302,942,1146,2,1,198,6,204
51,1019,1146,2,1,121,6,127
752,980,1146,2,1,160,6,166
784,1049,1146,2,1,91,6,97
333,799,1146,2,1,341,6,347
356,1040,1146,2,1,100,6,106
394,998,1146,2,1,142,6,148
1264,1072,1146,2,1,68,6,74
1043,1036,1146,2,1,104,6,110
226,1030,1146,2,1,110,6,116
1256,1068,1146,2,1,72,6,78
842,1066,1146,2,1,74,6,80
326,1008,1146,2,1,132,6,138
1276,1067,1146,2,1,73,6,79
1156,922,1149,1,6,178,49,227
967,897,1149,1,6,203,49,252
551,1113,1149,2,3,26,10,36
4,1136,1149,2,3,4,9,13
775,842,1155,1,7,258,55,313
1097,1107,1155,2,7,4,44,48
650,1118,1158,2,4,21,19,40
1183,1123,1158,2,4,17,18,35
488,1128,1158,2,4,11,19,30
1105,1101,1158,2,4,38,19,57
826,1159,1163,1,2,1,3,4
706,916,1163,1,2,239,8,247
786,1094,1164,2,8,17,53,70
785,1083,1164,2,8,29,52,81
353,1112,1165,2,5,27,26,53
1349,1130,1165,2,5,9,26,35
1252,1120,1165,2,5,19,26,45
1278,1084,1172,1,3,71,17,88
856,837,1172,1,3,319,16,335
1200,350,1172,11,2,791,31,822
1285,271,1172,11,2,870,31,901
294,312,1172,11,2,829,31,860
1035,1136,1173,2,6,3,34,37
1357,1142,1173,2,6,1,30,31
281,880,1175,1,9,220,75,295
268,1105,1180,2,10,5,70,75
839,975,1182,2,1,197,10,207
416,934,1182,2,1,239,10,249
276,844,1182,2,1,328,10,338
627,1138,1182,2,7,1,43,44
407,1118,1182,2,7,22,42,64
558,1146,1182,2,7,1,35,36
42,1126,1182,2,7,13,43,56
530,1113,1182,2,7,27,42,69
91,1093,1184,1,4,62,29,91
896,980,1184,1,4,176,28,204
809,1009,1184,1,4,146,29,175
610,1157,1184,2,4,6,21,27
1025,1153,1184,2,4,10,21,31
252,1132,1187,2,8,7,48,55
718,298,1188,11,0,842,48,890
770,325,1188,11,0,818,45,863
941,359,1188,11,0,783,46,829
1158,388,1188,11,0,752,48,800
1267,452,1188,11,0,689,47,736
1015,293,1188,11,0,849,46,895
1161,354,1188,11,0,786,48,834
1126,286,1188,11,0,854,48,902
439,376,1188,11,0,765,47,812
221,346,1188,10,0,811,31,842
881,338,1188,11,0,802,48,850
776,498,1188,11,0,642,48,690
899,319,1188,11,0,821,48,869
778,427,1188,11,0,713,48,761
310,419,1188,11,0,725,44,769
438,369,1188,11,0,771,48,819
913,247,1188,11,0,893,48,941
472,954,1190,1,10,210,26,236
373,950,1190,1,10,213,27,240
441,1153,1190,2,10,17,20,37
1125,1087,1192,2,11,23,82,105
456,989,1193,1,5,166,38,204
121,1163,1193,2,5,1,29,30
1146,1180,1195,0,2,8,7,15
371,1171,1195,0,2,17,7,24
1326,1142,1195,0,2,46,7,53
365,1150,1195,0,2,38,7,45
1032,1127,1195,0,2,61,7,68
240,1138,1195,0,2,50,7,57
692,1135,1195,0,2,54,6,60
75,1137,1195,0,2,51,7,58
635,1149,1195,0,2,39,7,46
16,1164,1195,0,2,24,7,31
389,1180,1195,0,2,8,7,15
1018,1148,1195,0,2,40,7,47
1210,1133,1195,0,2,55,7,62
358,1124,1195,0,2,65,6,71
568,1177,1195,0,2,11,7,18
824,1140,1195,0,2,48,7,55
1215,1158,1195,0,2,30,7,37
877,1109,1195,0,2,79,7,86
433,1138,1195,0,2,51,6,57
410,1182,1195,0,2,6,7,13
919,1084,1198,2,12,27,87,114
617,1092,1198,2,12,18,88,106
685,1026,1200,1,11,138,36,174
979,1167,1200,1,10,1,32,33
293,1070,1200,1,11,93,37,130
1127,1089,1200,1,11,76,35,111
910,1147,1200,2,11,23,30,53
287,1200,1203,2,3,1,2,3
750,1199,1203,2,3,1,3,4
1356,995,1204,1,6,162,47,209
125,828,1204,1,6,327,49,376
1186,1146,1204,2,6,17,41,58
1355,1127,1206,2,11,52,27,79
811,1159,1206,2,11,18,29,47
1270,1165,1206,2,11,12,29,41
1266,1180,1206,2,11,1,25,26
769,1146,1206,2,11,34,26,60
279,1156,1206,2,11,22,28,50
683,1082,1209,2,13,28,99,127
1301,1118,1210,2,1,82,10,92
507,1080,1210,2,1,120,10,130
406,1113,1210,2,1,87,10,97
1075,1093,1210,2,1,107,10,117
1076,1047,1210,2,1,153,10,163
883,1100,1210,2,1,100,10,110
1123,1077,1210,2,1,123,10,133
1130,982,1210,2,1,218,10,228
229,910,1210,2,1,290,10,300
48,1068,1210,2,1,132,10,142
902,1002,1210,2,1,198,10,208
1029,1097,1210,2,1,103,10,113
1153,1039,1210,2,1,161,10,171
893,1076,1210,2,1,124,10,134
130,1058,1210,2,1,142,10,152
996,1073,1210,2,1,127,10,137
90,1196,1210,2,4,3,11,14
1129,1127,1210,2,12,43,40,83
595,1115,1210,2,12,55,40,95
489,1197,1210,2,4,1,12,13
773,1023,1210,2,1,177,10,187
31,1085,1210,2,1,115,10,125
1224,1123,1210,2,12,47,40,87
266,1116,1210,2,1,84,10,94
1293,849,1212,1,7,306,57,363
1294,1140,1212,1,7,15,57,72
731,963,1212,1,7,192,57,249
1083,923,1212,1,7,233,56,289
531,1159,1212,2,7,5,48,53
682,997,1213,1,13,168,48,216
345,1130,1213,2,13,48,35,83
1074,1148,1217,2,8,15,54,69
539,1098,1218,2,16,12,108,120
93,1092,1220,1,13,71,57,128
632,1160,1220,1,13,3,57,60
846,1111,1220,2,13,59,50,109
146,1128,1220,2,13,42,50,92
1093,1179,1223,2,14,1,43,44
944,1128,1223,2,14,49,46,95
523,1119,1223,2,14,58,46,104
300,893,1225,1,9,264,68,332
626,975,1225,1,9,180,70,250
889,1187,1227,1,0,23,17,40
1236,1198,1227,1,0,13,16,29
1098,1175,1227,2,7,20,32,52
363,1082,1227,2,0,118,27,145
52,1169,1227,2,7,28,30,58
947,1138,1227,2,14,32,57,89
572,1165,1227,2,7,30,32,62
498,1065,1232,2,19,45,122,167
1209,1079,1232,2,19,32,121,153
443,1083,1232,2,19,27,122,149
197,1165,1232,2,8,31,36,67
707,1165,1232,2,8,30,37,67
841,1177,1235,2,15,1,57,58
1298,1087,1236,2,16,83,66,149
1118,1135,1236,2,16,35,66,101
7,1130,1240,0,2,97,13,110
829,1154,1240,0,2,73,13,86
593,1198,1240,0,2,29,13,42
133,1149,1240,0,2,78,13,91
1071,1209,1240,0,2,18,13,31
126,1203,1240,0,2,24,13,37
1321,1204,1240,0,2,23,13,36
900,1170,1240,0,2,57,13,70
556,1193,1240,0,2,34,13,47
216,1208,1240,0,2,19,13,32
898,1223,1240,0,2,4,13,17
302,1149,1240,0,2,79,12,91
623,1179,1240,0,2,48,13,61
815,1182,1240,0,2,45,13,58
956,1173,1240,0,2,55,12,67
711,1222,1240,0,2,5,13,18
887,1140,1240,0,2,87,13,100
1310,1137,1240,0,2,91,12,103
1250,1218,1240,0,2,9,13,22
172,1213,1240,0,2,14,13,27
1133,1163,1242,2,16,16,63,79
1188,1137,1242,2,16,40,65,105
271,974,1243,1,17,189,80,269
1348,1015,1243,1,17,148,80,228
950,1179,1244,2,9,17,48,65
701,1194,1244,2,9,1,49,50
376,960,1246,2,1,280,6,286
954,1074,1246,2,1,166,6,172
550,1155,1246,2,1,85,6,91
837,1017,1246,2,1,223,6,229
419,1175,1246,2,1,65,6,71
559,1104,1246,2,1,136,6,142
1049,1084,1246,2,1,156,6,162
585,1166,1246,2,1,74,6,80
1307,1077,1246,2,1,163,6,169
1317,1161,1246,2,1,79,6,85
1048,1138,1246,2,1,102,6,108
270,1172,1246,2,1,68,6,74
666,1066,1246,2,1,174,6,180
579,1150,1246,2,1,90,6,96
1006,1118,1246,2,1,122,6,128
816,1117,1246,2,1,123,6,129
580,1093,1246,2,1,147,6,153
799,1129,1248,1,18,35,84,119
499,1220,1248,2,3,20,8,28
273,1150,1251,2,17,27,74,101
1014,1194,1252,2,11,2,56,58
1057,1134,1255,2,0,106,15,121
269,1145,1255,2,0,95,15,110
1174,1040,1255,2,0,200,15,215
145,1112,1259,2,18,66,81,147
992,1164,1259,2,18,13,82,95
23,1206,1260,2,4,34,20,54
1064,1236,1260,2,4,5,19,24
24,1223,1260,2,4,17,20,37
350,1174,1264,2,19,3,87,90
744,1184,1264,2,14,11,69,80
328,1181,1264,2,14,17,66,83
102,1196,1264,2,14,1,67,68
800,1108,1264,2,19,69,87,156
1109,1205,1266,0,2,53,8,61
999,1223,1266,0,2,32,11,43
123,1209,1266,0,2,46,11,57
1206,1147,1266,0,2,108,11,119
1166,1203,1266,0,2,53,10,63
471,1180,1266,0,2,75,11,86
687,1240,1266,0,2,15,11,26
312,1243,1266,0,2,13,10,23
329,1239,1266,0,2,16,11,27
475,1253,1266,0,2,2,11,13
591,1203,1266,0,2,52,11,63
901,1227,1266,2,6,14,25,39
354,1249,1266,0,2,6,11,17
316,1211,1266,0,2,45,10,55
560,1159,1266,0,2,97,10,107
1328,1221,1266,0,2,36,9,45
122,1191,1266,0,2,66,9,75
1072,1218,1266,0,2,37,11,48
153,1251,1266,0,2,6,9,15
124,1234,1266,0,2,22,10,32
1332,1193,1266,0,2,62,11,73
1059,1180,1269,2,15,15,74,89
416,1239,1273,1,2,22,12,34
286,1267,1273,2,3,2,4,6
18,1204,1276,2,7,36,36,72
112,1241,1276,2,7,1,34,35
528,1217,1276,2,7,23,36,59
729,1245,1276,2,7,1,30,31
546,1222,1276,2,7,18,36,54
754,1235,1276,2,7,5,36,41
1114,1269,1280,2,4,1,10,11
1326,1258,1280,2,4,8,14,22
552,1216,1282,1,3,45,21,66
1230,1191,1282,1,3,70,21,91
1308,1227,1287,2,8,13,47,60
1058,1253,1291,2,6,14,24,38
227,1256,1291,2,6,10,25,35
592,1265,1291,2,6,3,23,26
1157,1264,1291,2,6,2,25,27
66,1212,1292,1,6,51,29,80
740,1090,1297,2,1,199,8,207
543,1183,1297,2,1,106,8,114
370,1185,1297,2,1,104,8,112
429,1208,1297,2,1,81,8,89
8,1077,1297,2,1,212,8,220
1285,1192,1297,2,1,97,8,105
462,1115,1297,2,1,174,8,182
431,1051,1297,2,1,238,8,246
3,1231,1297,2,1,58,8,66
57,1204,1297,2,1,85,8,93
32,991,1297,2,1,298,8,306
949,1197,1297,2,1,92,8,100
1223,1237,1297,2,1,52,8,60
38,1238,1297,2,1,51,8,59
578,1143,1297,2,1,146,8,154
247,1223,1299,2,9,18,58,76
1123,1227,1301,1,7,34,40,74
1322,1248,1302,2,7,18,36,54
360,1276,1305,1,10,1,28,29
832,1203,1305,1,10,68,34,102
1170,1229,1305,2,10,53,23,76
548,1217,1305,2,10,66,22,88
655,1256,1305,2,10,26,23,49
1208,1232,1306,1,8,29,45,74
787,1230,1306,1,8,32,44,76
133,1263,1308,2,9,4,41,45
780,199,1309,12,2,1078,32,1110
243,1261,1309,1,0,36,12,48
583,365,1309,12,2,915,29,944
1135,267,1309,12,2,1011,31,1042
436,337,1309,12,2,940,32,972
1030,1162,1309,2,0,127,20,147
412,1125,1309,2,0,164,20,184
827,1172,1309,2,0,117,20,137
1175,1152,1309,2,0,137,20,157
852,1178,1309,2,0,111,20,131
369,1173,1311,1,9,88,50,138
951,1208,1311,1,9,53,50,103
719,1220,1312,2,11,62,30,92
532,1275,1318,2,12,7,36,43
871,1222,1318,2,12,60,36,96
1297,1242,1318,2,12,40,36,76
796,1118,1319,2,1,191,10,201
303,1031,1319,2,1,278,10,288
688,1082,1319,2,1,227,10,237
575,1149,1319,2,1,160,10,170
1198,1293,1321,0,2,16,12,28
115,1291,1321,0,2,18,12,30
1335,1264,1321,0,2,45,12,57
480,1312,1321,0,2,2,7,9
415,1291,1321,0,2,19,11,30
391,1260,1321,0,2,51,10,61
403,1269,1321,0,2,40,12,52
672,1280,1321,0,2,29,12,41
163,1297,1321,0,2,12,12,24
1193,1289,1321,0,2,22,10,32
691,1267,1321,0,2,43,11,54
899,1310,1321,0,2,1,10,11
1299,1282,1321,0,2,28,11,39
882,1259,1321,0,2,50,12,62
310,1258,1321,0,2,52,11,63
1227,1239,1321,0,2,70,12,82
988,1293,1321,0,2,20,8,28
637,1285,1321,0,2,24,12,36
673,1308,1321,0,2,2,11,13
36,1269,1321,0,2,43,9,52
1155,1212,1322,1,12,49,61,110
1062,1205,1322,2,12,68,49,117
344,1244,1323,2,13,38,41,79
631,1182,1329,1,13,80,67,147
1197,1216,1329,1,13,46,67,113
376,1325,1330,1,0,1,4,5
143,368,1330,12,0,909,53,962
634,304,1330,12,0,973,53,1026
1312,320,1330,12,0,959,51,1010
1085,357,1330,12,0,920,53,973
1152,418,1330,12,0,859,53,912
733,458,1330,12,0,823,49,872
414,437,1330,7,0,856,37,893
781,453,1330,12,0,824,53,877
435,352,1330,12,0,926,52,978
217,288,1330,6,0,1010,32,1042
156,388,1330,12,0,890,52,942
766,438,1330,12,0,840,52,892
758,325,1330,6,0,973,32,1005
22,397,1330,12,0,880,53,933
1168,434,1330,10,0,850,46,896
1137,399,1330,12,0,880,51,931
365,1279,1332,2,14,3,50,53
72,1212,1337,2,15,70,55,125
795,1070,1341,2,1,263,8,271
487,1217,1341,1,14,44,80,124
920,1189,1341,2,1,144,8,152
149,1180,1341,2,1,153,8,161
1245,1214,1341,2,1,119,8,127
1067,1166,1341,2,1,167,8,175
265,1135,1341,2,1,198,8,206
20,1237,1341,2,1,96,8,104
749,1306,1342,2,3,8,28,36
517,1278,1342,2,3,36,28,64
440,1314,1342,0,2,16,12,28
193,1314,1342,0,2,17,11,28
515,1320,1342,0,2,12,10,22
723,1318,1342,0,2,12,12,24
961,1278,1344,1,16,1,65,66
423,1227,1344,2,16,56,61,117
1341,1301,1345,2,10,20,24,44
1256,1313,1347,1,3,23,11,34
867,1185,1348,1,15,76,87,163
648,1185,1348,1,15,78,85,163
33,1333,1351,1,0,8,10,18
79,296,1351,4,0,1026,29,1055
12,467,1351,4,0,855,29,884
713,398,1351,4,0,924,29,953
1235,485,1351,4,0,839,27,866
602,465,1351,4,0,860,26,886
446,429,1351,4,0,894,28,922
738,471,1351,4,0,851,29,880
822,469,1351,4,0,854,28,882
71,1202,1351,2,0,131,18,149
573,427,1351,4,0,895,29,924
388,357,1351,4,0,966,28,994
461,424,1351,4,0,900,27,927
793,450,1351,4,0,872,29,901
1180,1268,1355,2,11,54,33,87
1016,1292,1355,2,5,22,41,63
940,1275,1355,2,11,49,31,80
464,1288,1355,2,5,26,41,67
1360,1274,1355,2,5,40,41,81
437,1283,1355,2,11,39,33,72
1173,1295,1355,2,5,21,39,60
196,1244,1356,2,17,39,73,112
507,1247,1357,1,17,15,95,110
581,1210,1357,1,17,52,95,147
385,1236,1357,1,17,27,94,121
1184,1281,1357,1,4,56,20,76
620,1300,1361,2,6,16,45,61
819,1293,1361,2,6,21,47,68
1107,1297,1361,2,6,18,46,64
695,1278,1364,2,18,4,82,86
1154,1233,1364,2,12,89,42,131
1063,1246,1364,2,18,36,82,118
717,1195,1366,1,19,66,105,171
936,1193,1366,1,19,69,104,173
1317,1268,1367,1,5,69,30,99
1257,1314,1370,2,14,8,48,56
302,1272,1370,2,14,49,49,98
382,1317,1371,2,7,1,53,54
335,1292,1371,2,7,23,56,79
1226,1288,1371,2,7,27,56,83
339,1304,1373,1,2,57,12,69
982,1345,1373,0,2,6,22,28
10,1335,1373,0,2,16,22,38
1086,1351,1373,0,2,1,21,22
77,1339,1373,0,2,13,21,34
1010,1351,1373,0,2,3,19,22
860,1347,1373,0,2,6,20,26
976,1269,1376,1,7,67,40,107
142,1291,1376,2,15,32,53,85
455,1280,1376,2,19,2,94,96
1039,1269,1376,2,19,13,94,107
1281,1318,1376,2,15,3,55,58
452,1255,1376,2,15,66,55,121
803,1253,1376,2,19,29,94,123
880,1296,1376,2,15,26,54,80
1272,1331,1377,2,8,1,45,46
290,1300,1377,2,8,14,63,77
923,1289,1377,2,8,25,63,88
985,1354,1381,2,3,19,8,27
410,1279,1383,2,16,42,62,104
981,1322,1385,2,9,1,62,63
635,1297,1385,2,9,17,71,88
453,1290,1387,1,8,46,51,97
48,1222,1387,1,8,114,51,165
1274,1336,1391,1,4,25,30,55
1046,1343,1391,2,4,30,18,48
943,1245,1393,2,17,76,72,148
322,1221,1393,2,17,100,72,172
1117,1288,1393,2,17,33,72,105
366,1278,1395,1,9,58,59,117
912,1371,1400,2,1,17,12,29
1143,1099,1400,2,1,289,12,301
1325,1241,1400,2,1,147,12,159
1350,1242,1400,2,1,147,11,158
1241,1156,1400,2,1,233,11,244
818,1248,1400,2,1,140,12,152
839,1270,1400,1,5,91,39,130
929,1268,1400,2,1,121,11,132
984,1299,1400,2,1,89,12,101
1116,1274,1400,2,1,114,12,126
736,1312,1400,2,1,76,12,88
176,1288,1400,2,1,100,12,112
466,1371,1400,2,5,2,27,29
1265,1177,1400,2,1,211,12,223
170,1297,1400,2,1,92,11,103
1027,1322,1400,2,1,66,12,78
165,1292,1404,2,18,29,83,112
692,1311,1404,2,10,31,62,93
162,1353,1407,1,6,8,46,54
563,1328,1407,1,6,33,46,79
782,1395,1407,2,4,5,7,12
7,1320,1409,2,19,3,86,89
1324,1247,1409,2,19,76,86,162
931,1321,1409,2,19,1,87,88
1141,1312,1409,2,19,9,88,97
205,1337,1411,2,12,7,67,74
1289,1369,1416,1,7,1,46,47
53,1351,1416,2,7,22,43,65
1193,1347,1416,2,7,27,42,69
244,1363,1417,1,0,38,16,54
847,1300,1417,1,13,36,81,117
789,1285,1417,1,13,51,81,132
362,1361,1417,1,0,39,17,56
27,1330,1417,2,0,58,29,87
1190,1398,1417,2,5,2,17,19
1102,1193,1417,2,0,195,29,224
645,1231,1417,2,0,157,29,186
926,1354,1417,2,0,34,29,63
1031,1260,1417,2,0,128,29,157
853,1204,1417,2,0,185,28,213
1069,1380,1417,2,5,20,17,37
86,425,1420,17,0,964,31,995
64,473,1420,17,0,915,32,947
771,407,1420,16,0,992,21,1013
278,494,1420,17,0,895,31,926
277,458,1420,17,0,930,32,962
1171,494,1420,17,0,894,32,926
942,378,1420,17,0,1010,32,1042
892,410,1420,17,0,980,30,1010
1334,463,1420,17,0,927,30,957
721,454,1420,17,0,937,29,966
120,462,1420,17,0,926,32,958
323,422,1420,17,0,966,32,998
34,458,1420,17,0,931,31,962
1254,382,1420,17,0,1007,31,1038
989,323,1420,16,0,1076,21,1097
598,495,1420,17,0,897,28,925
1066,470,1420,16,0,929,21,950
213,409,1420,17,0,979,32,1011
914,494,1420,16,0,905,21,926
180,451,1420,17,0,937,32,969
743,1332,1422,2,14,10,80,90
182,1336,1423,1,8,26,61,87
422,1348,1423,1,8,13,62,75
139,1326,1427,2,15,17,84,101
153,1396,1428,2,7,5,27,32
1134,1287,1433,1,16,49,97,146
1312,1387,1433,0,2,31,15,46
770,1411,1433,0,2,6,16,22
941,1378,1433,0,2,39,16,55
547,1401,1433,0,2,16,16,32
435,1367,1433,0,2,52,14,66
74,1362,1433,0,2,56,15,71
194,1366,1433,0,2,51,16,67
257,1359,1433,0,2,58,16,74
307,1361,1434,1,9,1,72,73
1096,1361,1434,2,9,13,60,73
588,1376,1434,2,9,1,57,58
723,1384,1437,2,8,16,37,53
99,1298,1439,1,17,38,103,141
65,1329,1439,1,17,7,103,110
1340,1326,1439,1,17,10,103,113
996,1289,1439,1,17,48,102,150
1302,1409,1441,1,3,13,19,32
1352,1403,1444,0,2,17,24,41
1255,1421,1444,0,2,1,22,23
191,1428,1444,0,2,1,15,16
945,1255,1446,2,1,181,10,191
903,1393,1446,2,1,43,10,53
82,1430,1446,2,1,7,9,16
68,1303,1446,2,1,133,10,143
921,1283,1446,2,1,155,8,163
611,1433,1446,2,1,5,8,13
138,1393,1446,2,1,45,8,53
283,1436,1446,2,1,1,9,10
628,1184,1446,2,1,252,10,262
230,1364,1446,2,1,72,10,82
777,1240,1446,2,1,197,9,206
361,1381,1446,2,1,56,9,65
884,1394,1446,2,1,42,10,52
101,1316,1446,2,1,121,9,130
463,1432,1446,2,1,4,10,14
1004,1404,1446,2,1,32,10,42
954,1333,1448,1,19,3,112,115
704,1309,1448,1,19,27,112,139
467,1388,1448,1,5,34,26,60
1003,1420,1457,2,3,32,5,37
855,1413,1457,2,3,39,5,44
394,1378,1458,1,7,44,36,80
78,1428,1462,2,4,25,9,34
550,1426,1463,1,3,25,12,37
32,1441,1464,1,0,5,18,23
1101,1330,1464,2,0,106,28,134
828,1415,1464,2,0,21,28,49
798,1350,1464,2,0,89,25,114
747,1396,1464,2,0,41,27,68
267,1417,1466,1,10,15,34,49
190,1432,1468,2,5,20,16,36
226,1438,1469,1,4,14,17,31
1043,1400,1470,1,11,22,48,70
1079,1382,1470,2,11,51,37,88
795,1355,1472,1,11,78,39,117
1271,1342,1472,1,11,90,40,130
709,1449,1473,2,6,3,21,24
1291,1411,1478,2,7,41,26,67
122,1441,1478,2,7,11,26,37
970,1440,1478,2,7,12,26,38
356,1421,1480,1,6,30,29,59
902,1429,1480,1,6,25,26,51
1153,1407,1480,1,12,26,47,73
326,1340,1480,1,12,94,46,140
1223,1318,1482,1,12,104,60,164
1301,1444,1489,1,7,9,36,45
51,1383,1489,1,7,68,38,106
784,1413,1489,1,7,38,38,76
1264,1443,1489,1,7,8,38,46
949,1418,1489,1,7,35,36,71
486,1385,1489,2,14,48,56,104
364,1361,1489,2,14,72,56,128
1068,1378,1489,2,14,55,56,111
920,1436,1490,1,13,1,53,54
842,1312,1490,1,13,121,57,178
143,1474,1491,0,2,1,16,17
414,1444,1491,0,2,20,27,47
978,1431,1491,0,2,33,27,60
372,1434,1491,0,2,31,26,57
959,387,1492,5,2,1086,19,1105
569,280,1492,5,2,1193,19,1212
587,346,1492,5,2,1129,17,1146
419,1392,1497,1,8,60,45,105
1253,1349,1497,1,15,73,75,148
276,1421,1497,1,8,31,45,76
333,1394,1498,1,14,38,66,104
57,1434,1498,1,14,1,63,64
94,1353,1498,2,14,91,54,145
378,1494,1504,2,3,5,5,10
1249,1457,1504,2,3,43,4,47
1151,1381,1504,2,15,63,60,123
431,1393,1507,1,16,29,85,114
664,1287,1507,1,16,135,85,220
505,1368,1507,2,16,65,74,139
370,1437,1509,1,9,14,58,72
1177,1394,1509,2,16,50,65,115
568,1368,1509,2,16,76,65,141
690,1441,1510,2,1,53,16,69
386,1407,1510,2,1,85,18,103
185,1504,1510,2,1,1,5,6
330,1461,1510,2,1,34,15,49
689,1494,1510,2,1,2,14,16
564,1447,1510,2,1,45,18,63
398,1500,1510,2,1,1,9,10
264,1468,1510,2,1,25,17,42
37,1454,1510,2,1,38,18,56
1337,1470,1512,2,10,21,21,42
1075,1335,1513,1,17,87,91,178
451,1342,1513,1,17,80,91,171
624,1298,1513,1,17,124,91,215
927,1369,1513,2,17,64,80,144
740,1473,1514,1,4,21,20,41
616,1431,1519,2,11,60,28,88
615,1430,1519,2,11,61,28,89
900,1363,1519,2,11,128,28,156
1076,1412,1520,1,17,20,88,108
964,1294,1520,1,17,138,88,226
1130,1470,1520,1,5,23,27,50
893,1439,1520,1,17,1,80,81
658,1482,1520,2,5,18,20,38
130,1355,1522,1,18,67,100,167
619,1390,1522,2,18,43,89,132
618,1347,1522,2,18,86,89,175
173,1330,1526,1,18,102,94,196
752,1420,1526,1,18,12,94,106
585,1511,1526,1,0,1,14,15
270,1487,1526,1,0,23,16,39
958,1436,1526,2,0,57,33,90
241,1450,1526,2,0,43,33,76
1191,434,1526,5,0,1040,52,1092
341,1495,1526,2,0,2,29,31
557,329,1526,5,0,1144,53,1197
953,306,1526,5,0,1168,52,1220
1070,470,1526,5,0,1003,53,1056
393,1390,1526,2,18,54,82,136
292,1438,1526,2,0,54,34,88
460,1465,1526,2,0,27,34,61
230,1469,1528,1,6,25,34,59
1142,1500,1528,2,6,1,27,28
946,1460,1528,2,6,39,29,68
155,1456,1528,2,6,43,29,72
597,1395,1530,2,12,96,39,135
1243,1442,1530,2,12,49,39,88
928,1486,1530,2,12,5,39,44
224,1366,1533,1,19,66,101,167
1029,1446,1540,1,13,35,59,94
622,1479,1540,2,7,20,41,61
1353,1487,1540,2,7,14,39,53
315,1474,1540,2,13,17,49,66
1195,1455,1540,2,13,36,49,85
956,1461,1540,2,7,40,39,79
877,1483,1540,2,7,16,41,57
1158,1505,1544,0,2,21,18,39
892,1531,1544,0,2,1,12,13
1161,1516,1544,0,2,11,17,28
818,1463,1545,1,8,30,52,82
1049,1473,1545,1,8,20,52,72
1307,1471,1545,1,8,24,50,74
1048,1472,1545,1,8,21,52,73
384,1494,1545,2,8,6,45,51
883,1451,1547,1,14,30,66,96
948,1446,1547,2,14,45,56,101
984,1534,1550,1,3,6,10,16
283,1486,1553,1,9,10,57,67
1255,1528,1555,2,3,1,26,27
874,1506,1555,2,3,20,29,49
8,1447,1558,1,17,35,76,111
1220,1438,1558,2,17,53,67,120
212,1490,1558,2,17,1,67,68
380,1408,1558,2,17,83,67,150
1094,1550,1561,2,4,1,10,11
429,1515,1562,1,4,23,24,47
274,1458,1566,2,18,33,75,108
906,1542,1570,2,6,1,27,28
669,1533,1570,2,6,1,36,37
255,1518,1570,2,6,8,44,52
305,381,1571,13,2,1175,15,1190
141,346,1571,15,2,1199,26,1225
491,257,1571,15,2,1288,26,1314
289,397,1571,15,2,1150,24,1174
1350,1522,1572,1,5,15,35,50
1033,1528,1573,2,1,32,13,45
780,1556,1573,2,1,3,14,17
583,1542,1573,2,1,20,11,31
677,1520,1573,2,1,41,12,53
177,1512,1573,2,1,47,14,61
801,1441,1573,2,19,50,82,132
351,1382,1573,2,19,109,82,191
667,1525,1573,2,1,34,14,48
6,1412,1573,2,19,79,82,161
1239,1553,1576,2,4,16,7,23
962,1518,1580,2,0,41,21,62
755,1512,1580,2,7,14,54,68
209,1517,1580,2,0,43,20,63
1091,1533,1580,2,0,26,21,47
229,1504,1582,1,6,35,43,78
457,1558,1582,2,5,12,12,24
576,1580,1583,2,1,1,2,3
866,1571,1583,2,1,1,11,12
600,1516,1590,2,8,11,63,74
1245,1510,1592,1,10,27,55,82
2,1403,1592,2,10,141,48,189
64,1554,1593,0,2,27,12,39
1267,1548,1593,0,2,32,13,45
822,1582,1593,0,2,1,10,11
461,1568,1593,0,2,12,13,25
1194,304,1594,13,0,1252,38,1290
306,313,1594,15,0,1233,48,1281
862,297,1594,18,0,1229,68,1297
98,475,1594,18,0,1051,68,1119
432,486,1594,16,0,1049,59,1108
1196,404,1594,13,0,1154,36,1190
228,1557,1594,2,6,12,25,37
843,424,1594,13,0,1132,38,1170
249,372,1594,18,0,1155,67,1222
993,492,1594,18,0,1035,67,1102
396,483,1594,13,0,1074,37,1111
1320,433,1594,18,0,1095,66,1161
612,354,1594,13,0,1203,37,1240
295,477,1594,15,0,1068,49,1117
1119,448,1594,16,0,1088,58,1146
1007,397,1594,16,0,1138,59,1197
248,417,1594,18,0,1109,68,1177
114,1521,1598,2,9,5,72,77
299,1504,1598,2,9,22,72,94
518,1530,1598,2,9,1,67,68
420,1551,1598,2,9,1,46,47
823,1453,1602,2,11,91,58,149
652,1564,1604,2,9,5,35,40
966,1417,1607,2,12,127,63,190
713,1584,1613,0,2,10,19,29
766,1599,1613,0,2,1,13,14
406,1495,1615,1,13,42,78,120
3,1567,1616,1,10,20,29,49
471,1430,1616,2,10,163,23,186
372,1510,1616,2,10,83,23,106
547,1573,1618,2,10,23,22,45
359,1539,1618,2,10,57,22,79
82,1595,1619,1,3,9,15,24
330,1594,1619,1,3,8,17,25
191,1589,1619,2,3,24,6,30
1305,1588,1619,2,3,25,6,31
1285,1553,1621,1,11,33,35,68
897,1520,1621,2,11,73,28,101
559,1540,1623,1,14,1,82,83
232,1441,1623,2,14,103,79,182
603,317,1624,6,2,1292,15,1307
1313,1508,1626,2,12,88,30,118
1335,1591,1629,2,5,23,15,38
796,1559,1630,1,13,26,45,71
415,1502,1630,2,15,42,86,128
1115,1540,1630,2,13,53,37,90
693,1551,1631,2,13,45,35,80
433,1586,1631,2,13,9,36,45
149,1574,1636,1,14,11,51,62
95,1498,1636,2,14,95,43,138
1241,1574,1638,1,6,28,36,64
850,1573,1638,2,6,41,24,65
657,1474,1640,2,14,121,45,166
100,1591,1640,2,14,4,45,49
193,1590,1640,2,14,5,45,50
313,1409,1640,2,14,186,45,231
1206,1555,1640,2,14,40,45,85
738,1604,1640,0,2,16,20,36
332,1533,1640,2,14,62,45,107
482,1507,1641,2,15,86,48,134
163,1532,1641,2,15,61,48,109
104,1390,1641,2,15,203,48,251
1143,1499,1642,1,16,38,105,143
361,1536,1642,1,16,1,105,106
525,1476,1642,2,16,68,98,166
144,1503,1642,2,16,41,98,139
1147,1627,1643,2,1,1,15,16
1192,1583,1647,2,7,31,33,64
1145,1524,1648,2,16,71,53,124
250,1526,1648,2,16,70,52,122
206,1540,1648,2,16,55,53,108
479,1563,1648,2,16,32,53,85
480,1504,1651,2,16,89,58,147
47,1527,1651,2,16,66,58,124
1036,430,1652,6,0,1181,41,1222
813,499,1652,6,0,1111,42,1153
904,362,1652,6,0,1248,42,1290
639,1585,1652,2,0,39,28,67
710,438,1652,6,0,1171,43,1214
565,407,1652,6,0,1202,43,1245
1116,1541,1654,1,17,1,112,113
601,1582,1654,2,8,31,41,72
1051,1579,1654,2,8,34,41,75
1222,1511,1654,2,17,84,59,143
1232,1535,1660,2,17,58,67,125
450,1528,1660,2,17,65,67,132
314,1512,1660,2,17,81,67,148
909,1547,1662,2,18,48,67,115
1054,1439,1662,2,18,157,66,223
543,1498,1663,1,18,40,125,165
885,1375,1663,2,18,169,119,288
1070,1644,1665,0,2,8,13,21
396,1644,1665,0,2,9,12,21
386,1548,1667,1,18,37,82,119
696,1443,1667,2,18,150,74,224
1055,1524,1667,2,18,69,74,143
234,1603,1667,2,10,10,54,64
349,1527,1669,2,19,68,74,142
174,1504,1669,2,19,91,74,165
494,1434,1673,2,19,110,129,239
207,1532,1676,2,11,81,63,144
911,1560,1676,2,11,53,63,116
514,1600,1676,2,3,42,34,76
983,1670,1680,2,9,1,9,10
9,1517,1682,2,13,97,68,165
1327,1636,1683,2,4,5,42,47
1346,1626,1683,2,4,15,42,57
1234,1634,1683,2,4,6,43,49
945,1596,1689,1,15,6,87,93
176,1594,1689,1,15,9,86,95
562,1656,1690,2,6,1,33,34
851,1626,1690,2,6,14,50,64
161,1595,1690,2,6,45,50,95
628,1625,1697,1,7,6,66,72
111,1582,1697,2,7,58,57,115
240,1621,1697,2,7,19,57,76
1300,1615,1697,2,7,25,57,82
97,1589,1697,2,7,52,56,108
660,1601,1698,2,16,12,85,97
742,1683,1703,2,3,15,5,20
1233,1677,1706,2,4,20,9,29
921,1637,1707,1,10,58,12,70
884,1686,1707,1,10,7,14,21
56,1656,1708,2,8,2,50,52
915,1647,1708,2,10,44,17,61
830,1663,1708,2,10,28,17,45
673,1624,1708,2,8,16,68,84
808,1503,1709,2,18,110,96,206
912,1666,1715,1,11,30,19,49
138,1630,1715,1,11,63,22,85
777,1623,1715,1,11,71,21,92
303,1618,1716,1,9,13,85,98
1182,1644,1716,2,9,1,71,72
35,1598,1718,2,19,15,105,120
253,1679,1718,2,8,18,21,39
1330,1594,1718,2,19,19,105,124
571,1681,1719,2,7,16,22,38
933,1674,1720,2,11,17,29,46
780,1641,1727,1,12,52,34,86
929,1613,1727,1,12,80,34,114
974,1689,1728,2,8,8,31,39
1138,1659,1731,2,12,32,40,72
1321,1633,1734,2,10,64,37,101
691,1699,1734,2,10,2,33,35
1169,1658,1734,2,10,40,36,76
1081,1701,1734,2,10,1,32,33
840,1663,1734,2,10,37,34,71
736,1689,1737,1,15,5,43,48
677,1664,1737,1,15,29,44,73
1010,1675,1740,2,13,16,49,65
1024,1619,1740,2,13,72,49,121
815,1624,1740,2,13,67,49,116
310,1615,1740,2,11,82,43,125
117,1642,1747,2,13,55,50,105
278,1699,1748,0,2,35,14,49
862,1694,1749,0,2,38,17,55
602,1672,1749,0,2,60,17,77
439,1678,1749,0,2,55,16,71
612,1725,1749,0,2,8,16,24
913,1706,1749,0,2,26,17,43
1325,1657,1752,1,19,37,58,95
593,1625,1752,2,14,67,60,127
15,1690,1752,2,14,1,61,62
807,1667,1752,2,14,24,61,85
1250,1731,1754,2,3,11,12,23
74,1620,1758,2,14,78,60,138
477,1602,1761,2,15,90,69,159
354,1754,1762,2,5,1,7,8
461,1741,1763,2,4,2,20,22
25,1669,1765,2,15,28,68,96
653,1615,1768,2,16,76,77,153
236,1633,1768,2,16,58,77,135
824,1618,1768,2,16,74,76,150
903,1718,1774,1,6,21,35,56
305,1761,1774,2,1,2,11,13
611,1732,1774,1,6,7,35,42
714,1734,1774,2,1,28,12,40
346,1715,1774,2,1,45,14,59
347,1652,1774,2,1,108,14,122
715,1754,1774,2,1,6,14,20
64,1640,1775,2,17,59,76,135
11,1736,1775,2,5,4,35,39
642,1682,1777,2,17,9,86,95
1212,1704,1780,2,0,57,19,76
84,1540,1783,2,18,151,92,243
1306,1684,1783,2,18,7,92,99
887,1639,1783,2,18,52,92,144
405,1660,1784,2,19,37,87,124
955,1675,1784,2,19,23,86,109
185,1726,1787,1,8,14,47,61
633,1705,1787,2,7,35,47,82
637,1714,1787,2,7,27,46,73
726,1641,1789,2,19,50,98,148
1210,1618,1789,2,19,73,98,171
86,1754,1793,0,2,28,11,39
1235,1775,1793,0,2,8,10,18
733,1781,1793,0,2,1,11,12
781,1753,1793,0,2,27,13,40
953,1742,1793,0,2,38,13,51
573,1775,1793,0,2,5,13,18
221,1754,1793,0,2,26,13,39
388,1750,1793,0,2,31,12,43
989,1775,1793,0,2,6,12,18
778,1772,1793,0,2,8,13,21
914,1770,1793,0,2,11,12,23
210,1771,1795,2,10,12,12,24
1328,1734,1801,2,10,6,61,67
899,1761,1802,2,11,23,18,41
686,1752,1802,2,11,30,20,50
1284,1754,1802,2,11,27,21,48
878,1775,1803,2,7,19,9,28
143,1773,1810,2,12,8,29,37
1124,1763,1811,2,9,30,18,48
687,1726,1813,2,11,14,73,87
200,1770,1816,2,13,11,35,46
891,1766,1816,2,13,15,35,50
396,1760,1816,2,13,22,34,56
434,1735,1819,2,13,6,78,84
358,1751,1819,2,13,1,67,68
1033,1794,1824,1,10,14,16,30
690,1786,1824,1,10,24,14,38
882,1755,1825,2,14,28,42,70
515,1818,1826,2,3,1,7,8
329,1801,1826,2,3,5,20,25
1228,1750,1826,2,14,1,75,76
399,1810,1832,2,4,1,21,22
101,1716,1835,1,14,92,27,119
1358,1759,1835,2,16,22,54,76
711,1760,1835,2,16,21,54,75
260,1807,1839,2,5,1,31,32
1080,1752,1841,2,18,29,60,89
177,1783,1842,1,15,25,34,59
440,1831,1844,2,10,1,12,13
186,1791,1844,2,10,36,17,53
187,1788,1844,2,10,37,19,56
68,1729,1849,1,16,80,40,120
414,1812,1849,2,7,1,36,37
634,1826,1850,0,2,7,17,24
608,1769,1850,2,19,13,68,81
771,1829,1850,0,2,5,16,21
1152,1817,1850,0,2,16,17,33
1015,1812,1850,0,2,22,16,38
1171,1787,1850,0,2,47,16,63
904,1789,1850,0,2,44,17,61
1334,1838,1850,0,2,1,11,12
1126,1799,1850,0,2,36,15,51
881,1803,1850,0,2,30,17,47
776,1822,1850,0,2,14,14,28
598,1785,1850,0,2,48,17,65
438,1836,1850,0,2,1,13,14
770,1812,1854,2,11,14,28,42
941,1832,1854,2,11,1,21,22
309,1805,1854,2,11,21,28,49
1139,1822,1854,2,8,1,31,32
913,1814,1854,2,11,11,29,40
663,1829,1860,2,5,21,10,31
1277,1806,1862,2,1,43,13,56
623,1833,1862,2,1,18,11,29
10,1796,1863,2,13,29,38,67
449,1817,1865,2,9,1,47,48
1103,1836,1866,2,6,15,15,30
1166,1853,1866,2,6,1,12,13
621,1837,1866,2,6,13,16,29
1185,1841,1866,2,6,11,14,25
1120,1819,1869,2,0,30,20,50
377,1853,1869,2,0,1,15,16
219,1807,1869,2,0,43,19,62
403,1848,1871,2,7,3,20,23
1072,1810,1871,2,14,18,43,61
1149,1808,1877,2,15,17,52,69
55,1844,1879,2,8,6,29,35
446,1876,1886,0,2,1,9,10
12,1844,1887,0,2,26,17,43
718,1868,1887,0,2,3,16,19
813,1865,1887,0,2,4,18,22
277,1843,1887,0,2,26,18,44
400,1811,1888,2,17,14,63,77
886,1833,1894,2,18,1,60,61
566,1858,1894,2,6,28,8,36
171,1877,1900,2,1,12,11,23
937,1790,1900,2,19,35,75,110
703,1789,1900,2,19,37,74,111
34,1885,1905,0,2,14,6,20
1066,1885,1905,0,2,15,5,20
316,1873,1906,2,8,14,19,33
208,1886,1907,2,0,3,18,21
342,1879,1907,2,0,11,17,28
1032,1863,1909,2,10,16,30,46
76,1869,1909,2,10,9,31,40
535,1904,1914,2,6,1,9,10
1061,1900,1915,2,12,1,14,15
993,1907,1916,0,2,1,8,9
583,1827,1919,1,12,54,38,92
1071,1860,1926,2,14,18,48,66
1088,1876,1926,2,14,2,48,50
988,1905,1931,2,16,1,25,26
524,1893,1932,2,16,1,38,39
541,1880,1932,2,16,1,51,52
1310,1923,1932,2,4,1,8,9
1329,1908,1938,2,19,1,29,30
765,1848,1938,2,18,30,60,90
411,1915,1939,2,0,4,20,24
79,1931,1946,0,2,4,11,15
1085,1919,1946,0,2,17,10,27
1119,1931,1946,0,2,5,10,15
22,1929,1946,0,2,6,11,17
565,1929,1946,0,2,8,9,17
1137,1915,1946,0,2,20,11,31
680,1927,1947,2,8,1,19,20
573,1944,1954,2,4,1,9,10
216,1946,1963,2,6,1,16,17
848,1957,1971,2,13,1,13,14
1146,1939,1973,2,10,3,31,34
1018,1964,1975,2,5,4,7,11
116,1915,1980,2,13,24,41,65
860,1916,1980,2,13,23,41,64
1086,1954,1983,2,14,1,28,29
156,1964,1987,0,2,12,11,23
1254,1969,1987,0,2,8,10,18
217,1987,1992,0,2,1,4,5
556,1942,1993,2,15,1,50,51
969,1973,1999,2,7,13,13,26
1132,1930,2003,2,16,10,63,73
1200,1987,2006,2,1,4,15,19
141,1972,2006,2,1,18,16,34
278,1923,2008,2,17,18,67,85
1161,1982,2008,2,11,3,23,26
898,1969,2008,2,11,16,23,39
432,1997,2011,0,2,6,8,14
475,1993,2011,2,10,1,17,18
942,1999,2011,0,2,5,7,12
180,2007,2011,0,2,1,3,4
1012,1916,2014,2,19,24,74,98
1013,1928,2014,2,19,11,75,86
203,1931,2014,2,19,8,75,83
115,1986,2017,2,13,2,29,31
829,1983,2025,2,16,4,38,42
721,2009,2025,0,2,6,10,16
758,2017,2025,0,2,1,7,8
1007,2010,2025,0,2,6,9,15
1168,2020,2025,0,2,1,4,5
1215,2030,2033,2,3,1,2,3
323,2025,2044,0,2,7,12,19
1158,2034,2046,2,11,1,11,12
606,2004,2049,2,10,21,24,45
647,2036,2051,2,3,6,9,15
312,2024,2056,2,11,2,30,32
793,2047,2056,0,2,1,8,9
612,2030,2058,2,13,1,27,28
124,2054,2067,2,7,2,11,13
436,2038,2068,2,1,7,23,30
1109,2016,2069,2,15,9,44,53
391,2008,2070,2,15,18,44,62
1196,2057,2071,0,2,8,6,14
120,2059,2071,0,2,7,5,12
389,2056,2075,2,11,2,17,19
36,2032,2075,2,16,1,42,43
16,2064,2079,2,6,7,8,15
294,2068,2085,2,1,8,9,17
1332,2055,2090,2,15,2,33,35
1352,2067,2096,2,15,5,24,29
813,2091,2100,2,6,1,8,9
371,2085,2109,2,9,2,22,24
982,2079,2109,2,9,8,22,30
591,2092,2109,2,9,1,16,17
22,2106,2117,2,12,1,10,11
305,2075,2123,1,13,18,30,48
1036,2106,2127,0,2,2,19,21
1191,2107,2127,0,2,2,18,20
295,2106,2127,0,2,1,20,21
213,2102,2127,0,2,5,20,25
710,2095,2127,0,2,11,21,32
999,2101,2130,2,3,17,12,29
75,2083,2130,2,14,15,32,47
194,2110,2130,2,14,1,19,20
1299,2078,2136,2,16,20,38,58
587,2122,2139,2,1,9,8,17
1200,2111,2141,1,11,9,21,30
862,2109,2142,2,18,1,32,33
557,2130,2142,0,2,5,7,12
1320,2122,2142,0,2,12,8,20
172,2079,2142,2,18,19,44,63
123,2119,2144,2,7,1,24,25
12,2144,2150,2,4,1,5,6
126,2107,2150,2,9,12,31,43
257,2144,2165,2,9,2,19,21
1194,2152,2175,0,2,10,13,23
306,2140,2175,0,2,21,14,35
843,2157,2175,0,2,4,14,18
77,2157,2175,2,10,6,12,18
603,2141,2178,2,1,20,17,37
1135,2145,2178,2,1,15,18,33
491,2137,2178,2,1,23,18,41
439,2129,2184,2,11,34,21,55
733,2150,2190,2,12,15,25,40
248,2187,2191,0,2,1,3,4
294,2164,2192,1,11,4,24,28
249,2177,2192,0,2,6,9,15
1137,2159,2194,2,12,5,30,35
120,2167,2202,2,17,1,34,35
914,2138,2207,2,16,26,43,69
1007,2143,2207,2,16,20,44,64
822,2185,2208,2,4,7,16,23
221,2202,2215,2,10,1,12,13
672,2189,2218,2,8,4,25,29
959,2187,2219,2,1,13,19,32
1227,2199,2225,2,14,1,25,26
98,2204,2226,0,2,11,11,22
710,2221,2233,2,6,4,8,12
1198,2219,2243,2,10,7,17,24
738,2241,2265,2,4,14,10,24
587,2260,2270,1,5,1,9,10
959,2250,2276,1,5,1,25,26
713,2267,2279,2,4,2,10,12
86,2260,2284,2,17,2,22,24
603,2235,2285,1,6,10,40,50
289,2279,2302,2,1,9,14,23
141,2272,2304,1,15,11,21,32
776,2289,2309,2,11,3,17,20
435,2289,2316,2,12,2,25,27
1015,2298,2322,2,11,1,23,24
491,2290,2326,1,15,19,17,36
1126,2316,2343,2,11,14,13,27
1312,2315,2349,2,12,16,18,34
446,2336,2357,2,4,1,20,21
1196,2334,2361,2,13,6,21,27
1334,2314,2363,2,17,16,33,49
180,2324,2363,2,17,8,31,39
289,2332,2367,1,15,17,18,35
79,2354,2367,2,4,2,11,13
388,2354,2367,2,4,3,10,13
942,2348,2375,2,17,1,26,27
634,2364,2378,2,12,1,13,14
978,2358,2384,2,14,1,25,26
569,2390,2403,2,1,5,8,13
1135,2356,2406,1,12,31,19,50
436,2365,2406,1,12,23,18,41
602,2396,2410,2,4,2,12,14
569,2406,2423,1,5,6,11,17
892,2407,2427,2,17,2,18,20
557,2414,2437,2,5,12,11,23
1194,2413,2449,2,13,9,27,36
1235,2443,2454,2,4,1,10,11
989,2418,2456,2,16,4,34,38
1070,2449,2458,2,5,1,8,9
1267,2441,2470,2,11,2,27,29
766,2468,2494,2,12,7,19,26
98,2481,2511,2,18,1,29,30
993,2472,2511,2,18,4,35,39
432,2497,2518,2,16,1,20,21
565,2516,2531,2,6,5,10,15
781,2525,2551,2,12,1,25,26
953,2545,2554,2,5,1,8,9
1085,2544,2564,2,12,1,19,20
217,2539,2564,2,6,4,21,25
771,2552,2572,2,16,1,19,20
758,2595,2608,2,6,1,12,13
1171,2566,2609,2,17,14,29,43
34,2580,2609,2,17,1,28,29
213,2565,2609,2,17,14,30,44
778,2660,2676,2,11,1,15,16
438,2655,2676,2,11,5,16,21
1152,2660,2682,2,12,2,20,22
1066,2657,2695,2,16,4,34,38
793,2685,2701,2,4,5,11,16
248,2663,2706,2,18,1,42,43
323,2690,2708,2,17,1,17,18
904,2689,2710,2,6,2,19,21
598,2712,2739,2,17,6,21,27
881,2732,2744,2,11,1,11,12
718,2773,2792,2,11,1,18,19
156,2788,2800,2,12,1,11,12
1119,2764,2807,2,16,8,35,43
277,2761,2815,2,17,10,44,54
1320,2778,2816,2,18,1,37,38
306,2818,2840,2,15,4,18,22
1168,2887,2901,2,10,2,12,14
721,2881,2912,2,17,6,25,31
1254,2887,2912,2,17,1,24,25
249,2909,2931,2,18,1,21,22
295,2893,2931,2,15,9,29,38
1191,3008,3022,2,5,2,12,14
1036,3006,3031,2,6,4,21,25
843,3006,3043,2,13,5,32,37
