855,4,12,0,2,2,6,8
3,19,39,1,0,6,14,20
97,17,39,1,0,7,15,22
722,18,42,10,0,7,17,24
214,21,42,10,0,5,16,21
56,12,48,3,0,22,14,36
811,22,48,7,0,4,22,26
881,22,48,3,0,13,13,26
984,13,55,11,2,13,29,42
705,33,57,4,2,5,19,24
725,6,57,5,2,20,31,51
155,29,57,0,2,11,17,28
98,37,57,0,2,2,18,20
131,25,57,0,2,14,18,32
654,35,57,0,2,4,18,22
990,36,57,0,2,5,16,21
768,44,57,0,2,1,12,13
418,54,59,0,2,1,4,5
849,41,61,2,0,14,6,20
692,66,70,0,2,1,3,4
274,56,70,0,2,5,9,14
798,64,70,0,2,1,5,6
272,0,75,9,0,12,63,75
106,52,75,3,0,1,22,23
919,11,75,6,0,9,55,64
857,60,75,1,0,7,8,15
105,57,83,3,2,15,11,26
734,40,94,8,2,27,27,54
131,78,94,2,13,1,15,16
1000,88,101,2,0,1,12,13
38,74,101,2,0,10,17,27
268,95,101,2,0,1,5,6
499,66,101,2,0,17,18,35
399,43,109,9,0,19,47,66
243,54,109,8,0,14,41,55
428,45,109,9,0,16,48,64
240,100,109,2,0,1,8,9
862,31,109,9,0,30,48,78
203,33,109,6,0,42,34,76
518,84,109,3,0,1,24,25
629,90,111,0,2,11,10,21
75,102,111,0,2,1,8,9
65,90,111,0,2,12,9,21
806,113,118,0,2,1,4,5
316,109,118,0,2,1,8,9
692,107,121,2,3,5,9,14
990,89,129,2,4,22,18,40
424,107,136,6,2,12,17,29
950,56,136,10,2,31,49,80
21,75,136,10,2,12,49,61
367,73,136,12,2,1,62,63
89,80,136,11,2,1,55,56
77,32,136,11,2,45,59,104
647,97,136,9,2,1,38,39
856,126,139,0,2,5,8,13
870,130,139,0,2,1,8,9
125,119,139,0,2,12,8,20
44,131,139,0,2,1,7,8
92,127,139,0,2,6,6,12
214,122,139,0,2,10,7,17
734,121,142,2,1,15,6,21
249,102,153,12,2,35,16,51
720,95,153,12,2,43,15,58
793,57,153,16,2,31,65,96
6,81,153,12,2,56,16,72
502,92,153,14,2,20,41,61
664,36,153,13,2,86,31,117
52,62,159,10,0,26,71,97
59,68,159,9,0,24,67,91
812,99,159,7,0,11,49,60
907,89,159,5,0,35,35,70
579,24,159,12,0,43,92,135
533,82,159,4,0,48,29,77
19,130,159,2,0,7,22,29
246,104,159,5,0,21,34,55
150,92,159,6,0,26,41,67
45,26,159,12,0,40,93,133
224,145,159,1,0,1,13,14
819,118,159,1,0,25,16,41
769,20,159,12,0,46,93,139
215,128,159,1,0,14,17,31
360,98,159,4,0,32,29,61
455,60,159,11,0,18,81,99
324,114,159,1,0,28,17,45
139,95,159,9,0,1,63,64
258,89,164,17,2,27,48,75
710,89,164,11,2,46,29,75
83,96,164,11,2,41,27,68
28,127,164,11,2,8,29,37
596,90,164,10,2,57,17,74
736,86,164,11,2,49,29,78
61,35,164,17,2,82,47,129
980,87,164,11,2,49,28,77
412,104,166,12,0,33,29,62
132,127,166,13,0,1,38,39
837,120,166,12,0,18,28,46
832,126,166,13,0,1,39,40
617,64,166,15,0,28,74,102
968,55,166,13,0,68,43,111
373,94,166,14,0,17,55,72
199,30,166,14,0,81,55,136
879,24,166,15,0,68,74,142
922,73,166,13,0,49,44,93
365,46,166,16,0,41,79,120
929,27,166,15,0,66,73,139
612,85,166,16,0,4,77,81
177,70,166,16,0,17,79,96
279,17,170,17,0,99,54,153
84,133,170,11,0,5,32,37
757,121,170,11,0,15,34,49
16,113,170,10,0,35,22,57
521,145,170,10,0,2,23,25
241,108,170,11,0,27,35,62
828,158,171,0,2,1,12,13
232,155,171,1,2,9,7,16
632,149,171,1,2,14,8,22
850,143,171,0,2,9,19,28
280,141,171,0,2,11,19,30
957,146,171,0,2,8,17,25
845,149,171,0,2,3,19,22
641,142,171,0,2,11,18,29
825,176,181,0,2,1,4,5
826,166,181,0,2,1,14,15
770,173,181,0,2,1,7,8
335,171,181,0,2,1,9,10
352,177,181,0,2,1,3,4
747,164,181,0,2,2,15,17
702,164,183,0,2,1,18,19
425,162,183,0,2,1,20,21
349,163,183,0,2,1,19,20
855,153,184,2,8,18,13,31
511,97,203,19,2,4,102,106
403,158,203,9,2,29,16,45
308,156,203,11,2,13,34,47
475,55,203,18,2,52,96,148
260,91,203,18,2,16,96,112
708,170,203,10,2,8,25,33
27,132,203,15,2,7,64,71
906,103,203,12,2,58,42,100
898,163,209,8,2,1,45,46
597,138,209,6,2,50,21,71
697,135,209,5,2,65,9,74
415,122,209,8,2,37,50,87
883,169,213,4,2,22,22,44
445,133,213,4,2,58,22,80
305,152,216,8,0,8,56,64
593,120,216,9,0,22,74,96
394,123,216,6,0,65,28,93
315,133,216,5,0,66,17,83
785,179,216,5,0,20,17,37
329,177,216,5,0,23,16,39
102,126,216,6,0,63,27,90
40,159,216,6,0,31,26,57
871,152,216,7,0,21,43,64
525,158,216,5,0,43,15,58
843,123,216,9,0,18,75,93
174,119,216,7,0,53,44,97
328,155,216,5,0,44,17,61
895,107,216,9,0,34,75,109
485,170,216,5,0,29,17,46
350,153,216,9,0,1,62,63
65,138,218,2,12,43,37,80
304,209,224,0,2,1,14,15
73,186,224,1,2,27,11,38
471,195,224,1,2,19,10,29
947,186,224,0,2,19,19,38
951,200,224,0,2,4,20,24
181,191,224,0,2,15,18,33
556,198,224,0,2,7,19,26
802,193,224,0,2,11,20,31
771,180,224,0,2,24,20,44
154,207,224,0,2,1,16,17
94,207,224,0,2,2,15,17
722,188,224,0,2,16,20,36
865,103,227,19,0,1,123,124
723,141,227,15,0,1,85,86
858,202,227,1,0,16,9,25
638,141,227,14,0,7,79,86
460,134,227,14,0,13,80,93
775,195,227,1,0,23,9,32
650,41,227,19,0,59,127,186
887,180,227,2,0,23,24,47
767,141,227,13,0,14,72,86
786,77,227,19,0,22,128,150
974,151,227,11,0,17,59,76
673,96,227,18,0,13,118,131
17,108,227,16,0,14,105,119
512,20,227,19,0,79,128,207
470,197,227,2,0,7,23,30
86,76,227,18,0,32,119,151
9,199,227,1,0,20,8,28
944,91,229,4,0,99,39,138
559,205,229,3,0,1,23,24
88,208,229,1,0,11,10,21
690,140,229,4,0,50,39,89
286,160,229,3,0,46,23,69
519,163,229,3,0,44,22,66
336,152,229,4,0,40,37,77
683,165,229,4,0,25,39,64
252,220,230,0,2,1,9,10
321,217,230,0,2,1,12,13
266,219,230,0,2,2,10,12
641,199,231,2,17,1,31,32
827,226,238,0,2,2,10,12
469,221,238,0,2,6,11,17
571,195,249,17,2,23,31,54
660,147,249,19,2,52,50,102
982,205,249,17,2,12,32,44
403,244,259,2,1,6,9,15
629,237,259,2,1,12,10,22
768,217,260,2,13,21,22,43
265,183,265,17,0,34,48,82
685,154,265,17,0,63,48,111
159,184,265,18,0,26,55,81
288,166,265,16,0,59,40,99
877,164,265,19,0,35,66,101
818,131,265,18,0,77,57,134
805,244,265,2,0,5,16,21
76,179,265,19,0,20,66,86
707,241,265,1,0,18,6,24
263,169,265,17,0,49,47,96
201,151,265,19,0,49,65,114
210,161,265,18,0,47,57,104
889,217,265,17,0,3,45,48
401,221,265,16,0,4,40,44
87,247,265,1,0,13,5,18
987,158,265,18,0,51,56,107
636,172,265,17,0,45,48,93
529,176,265,17,0,43,46,89
507,164,265,19,0,37,64,101
369,205,265,16,0,21,39,60
966,229,279,13,2,35,15,50
497,218,279,15,2,24,37,61
916,195,279,15,2,47,37,84
679,160,279,13,2,103,16,119
622,213,279,15,2,28,38,66
122,153,279,15,2,88,38,126
621,178,279,13,2,85,16,101
458,213,279,13,2,50,16,66
890,204,279,15,2,40,35,75
461,239,281,0,2,25,17,42
168,265,281,0,2,1,15,16
126,246,281,0,2,18,17,35
873,255,281,0,2,9,17,26
601,246,281,0,2,19,16,35
199,246,281,0,2,18,17,35
45,262,281,0,2,2,17,19
210,269,281,0,2,1,11,12
219,235,283,1,2,36,12,48
960,260,283,1,2,12,11,23
581,256,283,0,2,10,17,27
866,266,283,0,2,1,16,17
842,239,283,0,2,26,18,44
84,249,283,0,2,16,18,34
86,264,283,0,2,1,18,19
961,278,284,2,1,3,4,7
321,279,288,2,3,2,7,9
481,236,294,14,0,11,47,58
194,281,294,2,0,1,12,13
468,250,294,13,0,13,31,44
187,178,294,14,0,68,48,116
357,284,294,1,0,1,9,10
95,185,294,15,0,58,51,109
235,202,294,15,0,39,53,92
80,168,294,15,0,74,52,126
1002,250,294,14,0,1,43,44
496,186,294,15,0,55,53,108
639,272,294,1,0,12,10,22
441,239,294,13,0,24,31,55
602,291,294,1,0,1,2,3
972,173,294,13,0,91,30,121
878,174,294,15,0,67,53,120
962,266,294,2,0,13,15,28
771,250,296,2,6,31,15,46
726,287,301,5,2,1,13,14
752,258,301,7,2,2,41,43
270,213,301,7,2,49,39,88
751,226,301,8,2,22,53,75
760,183,301,8,2,65,53,118
292,210,301,7,2,50,41,91
123,205,301,5,2,82,14,96
648,193,301,7,2,67,41,108
25,221,306,5,2,66,19,85
886,185,306,9,2,58,63,121
423,234,306,6,2,37,35,72
882,294,306,5,2,1,11,12
808,223,306,4,2,77,6,83
298,183,306,5,2,104,19,123
934,225,306,9,2,19,62,81
64,226,306,4,2,74,6,80
894,247,306,9,2,1,58,59
718,214,312,12,2,84,14,98
498,244,312,15,2,38,30,68
921,286,312,13,2,6,20,26
451,186,312,13,2,106,20,126
642,227,312,17,2,45,40,85
173,262,312,17,2,9,41,50
8,278,315,0,2,18,19,37
354,289,315,0,2,7,19,26
234,288,315,0,2,6,21,27
814,311,315,0,2,1,3,4
603,283,315,0,2,11,21,32
78,285,315,0,2,9,21,30
891,287,315,0,2,8,20,28
626,304,315,0,2,1,10,11
58,281,315,0,2,14,20,34
661,272,315,0,2,22,21,43
387,298,315,0,2,1,16,17
945,309,315,0,2,1,5,6
382,306,315,0,2,1,8,9
137,280,315,0,2,14,21,35
431,301,315,0,2,1,13,14
875,283,315,0,2,14,18,32
460,273,315,0,2,22,20,42
673,297,315,0,2,1,17,18
328,275,315,0,2,19,21,40
636,301,315,0,2,2,12,14
826,299,319,2,1,2,18,20
798,270,320,2,19,12,38,50
105,316,321,2,1,1,4,5
784,272,326,5,0,15,39,54
33,206,326,7,0,55,65,120
526,280,326,5,0,7,39,46
859,164,326,9,0,78,84,162
434,202,326,6,0,69,55,124
954,316,326,2,0,1,9,10
700,195,326,9,0,48,83,131
379,219,326,9,0,23,84,107
749,199,326,8,0,50,77,127
269,226,326,7,0,34,66,100
426,261,326,6,0,10,55,65
546,193,326,9,0,49,84,133
153,209,326,9,0,33,84,117
247,270,326,5,0,18,38,56
140,211,326,4,0,89,26,115
218,320,326,1,0,1,5,6
695,285,326,5,0,2,39,41
474,208,326,6,0,64,54,118
291,269,326,7,0,1,56,57
293,236,326,7,0,25,65,90
220,306,326,1,0,7,13,20
273,215,326,9,0,28,83,111
457,238,326,8,0,12,76,88
830,260,326,6,0,13,53,66
911,280,326,6,0,1,45,46
221,272,326,6,0,2,52,54
264,260,328,17,0,12,56,68
646,189,328,12,0,110,29,139
143,320,328,1,0,1,7,8
372,243,328,13,0,50,35,85
449,250,328,15,0,32,46,78
577,255,328,15,0,29,44,73
281,244,328,12,0,54,30,84
645,233,328,12,0,66,29,95
397,324,328,1,0,1,3,4
839,171,328,12,0,127,30,157
208,224,328,17,0,47,57,104
450,247,328,15,0,36,45,81
144,255,328,17,0,16,57,73
600,207,328,12,0,91,30,121
586,251,328,17,0,22,55,77
206,240,328,17,0,31,57,88
823,325,333,0,2,1,7,8
347,326,333,0,2,1,6,7
369,314,333,0,2,12,7,19
870,316,341,2,16,1,24,25
986,333,343,0,2,1,9,10
753,327,343,0,2,1,15,16
212,225,346,18,2,101,20,121
463,300,346,19,2,20,26,46
651,295,346,19,2,25,26,51
422,268,346,19,2,53,25,78
787,299,346,19,2,23,24,47
732,303,346,18,2,23,20,43
216,225,346,19,2,95,26,121
706,307,350,1,2,28,15,43
71,303,350,1,2,30,17,47
513,298,350,1,2,36,16,52
375,332,350,1,2,2,16,18
537,297,350,1,2,36,17,53
323,326,350,0,2,1,23,24
849,314,350,0,2,12,24,36
243,323,350,0,2,3,24,27
246,322,350,0,2,5,23,28
150,318,350,0,2,8,24,32
895,325,350,0,2,1,24,25
647,319,351,2,1,27,5,32
92,343,351,2,1,3,5,8
105,331,362,1,3,2,29,31
125,337,363,2,15,6,20,26
274,295,365,2,13,1,69,70
316,298,369,2,5,36,35,71
254,207,369,19,0,113,49,162
946,287,369,19,0,34,48,82
813,360,369,1,0,1,8,9
876,275,369,19,0,45,49,94
628,251,369,18,0,76,42,118
531,271,369,19,0,52,46,98
91,336,369,1,0,16,17,33
948,212,369,19,0,110,47,157
959,356,369,1,0,1,12,13
765,289,369,18,0,37,43,80
267,348,369,2,0,1,20,21
371,280,369,18,0,46,43,89
509,270,369,19,0,50,49,99
500,322,369,2,0,25,22,47
618,307,369,19,0,14,48,62
949,208,369,19,0,112,49,161
478,207,369,19,0,114,48,162
362,362,369,1,0,1,6,7
988,296,369,18,0,31,42,73
448,332,369,1,0,19,18,37
98,290,370,2,14,1,79,80
51,315,373,10,2,37,21,58
15,321,373,10,2,32,20,52
608,211,373,10,2,143,19,162
285,201,373,10,2,151,21,172
616,327,373,10,2,27,19,46
341,237,373,10,2,115,21,136
325,356,373,10,2,1,16,17
13,284,373,10,2,68,21,89
945,347,374,2,19,1,26,27
575,345,379,0,2,25,9,34
391,356,379,0,2,13,10,23
395,342,379,0,2,27,10,37
157,346,379,0,2,23,10,33
691,358,379,0,2,12,9,21
419,338,379,0,2,31,10,41
453,368,379,0,2,1,10,11
183,339,379,0,2,32,8,40
116,358,379,0,2,11,10,21
777,345,379,0,2,24,10,34
378,339,379,0,2,30,10,40
296,364,379,0,2,5,10,15
399,352,379,0,2,17,10,27
102,347,379,0,2,23,9,32
372,335,379,0,2,34,10,44
40,339,379,0,2,31,9,40
968,337,379,0,2,33,9,42
767,345,379,0,2,26,8,34
929,343,379,0,2,26,10,36
360,367,379,0,2,3,9,12
75,288,380,2,9,45,47,92
642,366,383,2,1,7,10,17
697,379,383,2,1,1,3,4
323,356,383,2,1,17,10,27
57,281,387,3,2,91,15,106
227,346,387,3,2,30,11,41
515,274,387,3,2,98,15,113
712,303,387,3,2,69,15,84
383,369,387,3,2,4,14,18
845,296,388,2,19,1,91,92
655,367,393,2,0,8,18,26
230,344,393,10,0,12,37,49
721,259,393,10,0,94,40,134
522,331,393,10,0,21,41,62
195,358,393,2,0,16,19,35
172,338,393,10,0,15,40,55
50,341,393,10,0,11,41,52
342,290,393,10,0,65,38,103
523,190,393,10,0,162,41,203
610,324,393,10,0,28,41,69
926,386,393,1,0,1,6,7
588,195,393,10,0,158,40,198
225,383,393,1,0,1,9,10
425,387,394,2,6,1,6,7
270,381,401,2,1,6,14,20
820,263,404,8,2,124,17,141
815,303,404,9,2,77,24,101
402,372,404,9,2,8,24,32
761,280,404,8,2,107,17,124
128,287,404,9,2,95,22,117
750,266,404,8,2,121,17,138
814,361,406,2,9,19,26,45
827,395,406,2,0,1,10,11
165,286,406,3,0,87,33,120
226,312,406,3,0,61,33,94
386,372,406,3,0,2,32,34
11,289,406,3,0,85,32,117
541,256,406,3,0,117,33,150
436,381,406,3,0,1,24,25
956,262,406,3,0,110,34,144
343,252,406,3,0,120,34,154
964,390,406,2,0,1,15,16
677,279,406,3,0,96,31,127
558,341,406,3,0,31,34,65
141,265,406,3,0,108,33,141
104,259,406,3,0,115,32,147
762,288,406,3,0,84,34,118
516,363,406,3,0,9,34,43
676,257,406,3,0,115,34,149
217,405,412,0,2,1,6,7
38,405,412,0,2,2,5,7
430,399,413,0,2,1,13,14
539,373,413,0,2,23,17,40
118,381,413,0,2,14,18,32
480,397,413,0,2,1,15,16
728,391,413,0,2,2,20,22
283,396,413,0,2,1,16,17
998,397,413,0,2,2,14,16
200,354,413,0,2,40,19,59
78,367,413,2,11,12,34,46
488,371,413,0,2,23,19,42
374,376,413,0,2,18,19,37
66,375,413,0,2,18,20,38
359,369,413,0,2,26,18,44
829,342,413,0,2,51,20,71
703,383,413,0,2,10,20,30
384,359,413,0,2,34,20,54
944,370,413,0,2,23,20,43
533,403,413,0,2,1,9,10
996,388,413,0,2,7,19,26
922,372,413,0,2,21,20,41
470,377,413,0,2,16,20,36
620,374,414,19,2,3,37,40
93,355,414,19,2,20,39,59
817,341,414,18,2,42,31,73
530,356,414,17,2,37,21,58
977,359,414,18,2,25,30,55
560,370,414,18,2,13,31,44
773,330,414,19,2,45,39,84
772,332,414,19,2,42,40,82
213,316,414,18,2,68,30,98
190,389,414,18,2,1,24,25
739,343,421,19,0,33,45,78
696,356,421,18,0,27,38,65
779,381,421,18,0,5,35,40
237,285,421,18,0,98,38,136
572,319,421,17,0,74,28,102
119,351,421,17,0,42,28,70
888,287,421,17,0,106,28,134
278,342,421,18,0,43,36,79
510,354,421,19,0,20,47,67
170,324,421,19,0,50,47,97
629,417,424,1,0,1,6,7
429,419,424,1,0,1,4,5
186,260,424,9,0,120,44,164
380,336,424,9,0,47,41,88
669,400,424,2,0,4,20,24
129,280,424,9,0,100,44,144
547,383,424,9,0,1,40,41
780,267,424,9,0,114,43,157
338,318,424,8,0,69,37,106
398,369,424,9,0,12,43,55
594,331,424,9,0,49,44,93
841,377,424,9,0,5,42,47
332,297,424,8,0,91,36,127
538,414,424,1,0,1,9,10
758,351,424,8,0,36,37,73
414,265,424,8,0,123,36,159
795,364,424,9,0,16,44,60
754,310,424,9,0,71,43,114
168,349,431,2,19,30,52,82
228,387,436,3,2,44,5,49
549,357,436,4,2,67,12,79
776,219,436,4,2,205,12,217
783,224,436,4,2,201,11,212
801,307,436,4,2,119,10,129
635,359,437,17,2,52,26,78
686,381,437,17,2,28,28,56
209,309,437,17,2,100,28,128
439,300,437,16,2,117,20,137
658,340,437,16,2,76,21,97
583,392,437,17,2,20,25,45
885,361,442,1,2,72,9,81
487,359,442,1,2,73,10,83
10,386,442,1,2,46,10,56
72,371,442,1,2,61,10,71
167,424,442,0,2,1,17,18
735,425,442,0,2,1,16,17
207,410,442,0,2,11,21,32
109,414,442,0,2,7,21,28
134,412,442,0,2,11,19,30
727,426,442,0,2,1,15,16
569,410,442,0,2,12,20,32
631,425,442,0,2,1,16,17
797,413,442,0,2,8,21,29
396,413,442,0,2,9,20,29
195,411,442,0,2,10,21,31
315,428,442,0,2,1,13,14
450,416,442,0,2,8,18,26
142,430,445,0,2,1,14,15
680,425,445,0,2,1,19,20
214,393,446,2,10,20,33,53
84,395,452,2,11,19,38,57
957,436,453,2,3,6,11,17
850,448,455,2,0,2,5,7
44,439,455,2,0,1,15,16
729,447,455,2,0,1,7,8
115,404,455,16,0,12,39,51
942,418,455,2,0,19,18,37
18,349,455,16,0,67,39,106
388,311,455,16,0,105,39,144
120,334,455,17,0,76,45,121
184,296,455,16,0,120,39,159
462,370,455,17,0,39,46,85
587,352,455,17,0,57,46,103
584,377,455,17,0,33,45,78
389,373,455,16,0,43,39,82
561,415,455,16,0,1,39,40
368,307,455,16,0,109,39,148
505,447,455,2,0,2,6,8
99,396,455,18,0,4,55,59
37,442,455,2,0,1,12,13
413,393,455,19,0,1,61,62
257,407,455,17,0,2,46,48
566,425,458,1,0,16,17,33
36,418,458,2,0,18,22,40
590,330,458,4,0,95,33,128
114,399,458,4,0,25,34,59
981,397,458,3,0,34,27,61
704,379,458,4,0,45,34,79
63,400,458,4,0,25,33,58
166,409,458,3,0,22,27,49
409,407,458,4,0,17,34,51
239,386,458,4,0,38,34,72
688,385,458,4,0,40,33,73
113,367,458,4,0,60,31,91
407,287,458,4,0,137,34,171
932,416,458,4,0,12,30,42
446,325,458,4,0,99,34,133
0,429,458,2,0,7,22,29
625,432,458,2,0,5,21,26
465,398,458,4,0,28,32,60
229,390,458,3,0,42,26,68
734,379,460,1,8,54,27,81
155,401,462,2,14,12,49,61
31,443,464,0,2,14,7,21
940,449,464,0,2,6,9,15
322,435,464,0,2,20,9,29
585,432,464,0,2,23,9,32
88,453,464,0,2,5,6,11
426,452,464,0,2,3,9,12
775,451,464,0,2,5,8,13
901,453,464,0,2,3,9,12
87,454,464,0,2,1,9,10
630,433,464,0,2,24,8,32
857,453,464,0,2,3,8,11
66,435,465,2,4,8,22,30
103,461,467,0,2,1,5,6
267,462,467,0,2,2,3,5
95,461,467,0,2,2,4,6
496,457,467,0,2,1,9,10
790,327,479,15,2,135,17,152
314,343,479,16,2,111,25,136
81,292,479,15,2,170,17,187
287,390,479,16,2,64,25,89
991,377,487,7,2,89,21,110
340,296,487,7,2,170,21,191
469,452,488,2,13,12,24,36
377,230,490,11,2,245,15,260
491,393,490,11,2,82,15,97
454,351,490,11,2,123,16,139
30,363,490,11,2,111,16,127
737,316,490,11,2,159,15,174
730,205,490,11,2,269,16,285
598,345,490,11,2,130,15,145
731,248,490,11,2,226,16,242
494,303,490,11,2,171,16,187
160,344,490,11,2,130,16,146
85,236,490,11,2,238,16,254
122,459,491,2,1,20,12,32
980,455,491,2,1,25,11,36
750,482,493,2,1,5,6,11
806,463,493,2,14,2,28,30
352,429,493,2,7,13,51,64
776,483,500,2,1,8,9,17
13,474,500,2,1,16,10,26
193,473,500,2,0,6,21,27
2,491,500,1,0,2,7,9
204,451,500,17,0,1,48,49
35,473,500,7,0,1,26,27
188,478,500,1,0,14,8,22
26,391,500,6,0,86,23,109
902,471,500,2,0,16,13,29
110,435,500,18,0,4,61,65
937,411,500,6,0,66,23,89
320,449,500,2,0,30,21,51
716,440,500,7,0,26,34,60
440,447,500,16,0,10,43,53
34,439,500,7,0,28,33,61
614,449,500,16,0,5,46,51
198,299,500,15,0,163,38,201
634,390,500,7,0,76,34,110
613,310,500,16,0,144,46,190
416,404,500,16,0,51,45,96
528,357,500,7,0,109,34,143
310,282,500,7,0,185,33,218
872,379,500,7,0,88,33,121
846,433,500,17,0,15,52,67
271,442,500,18,0,1,57,58
715,318,500,7,0,150,32,182
640,467,500,1,0,24,9,33
633,406,500,7,0,60,34,94
717,405,500,19,0,26,69,95
107,325,500,16,0,130,45,175
180,324,500,7,0,142,34,176
649,374,500,7,0,95,31,126
370,431,500,16,0,23,46,69
473,303,500,6,0,174,23,197
527,390,500,7,0,78,32,110
912,293,500,6,0,184,23,207
788,418,500,17,0,29,53,82
244,329,500,7,0,138,33,171
978,430,500,18,0,8,62,70
202,413,500,19,0,19,68,87
100,369,500,16,0,87,44,131
68,274,500,7,0,192,34,226
856,450,503,2,8,1,52,53
29,275,507,11,0,200,32,232
979,319,507,11,0,155,33,188
599,472,507,11,0,2,33,35
624,484,507,2,0,6,17,23
975,469,507,11,0,6,32,38
973,448,507,11,0,26,33,59
233,337,507,11,0,139,31,170
514,499,507,1,0,1,7,8
983,455,507,11,0,19,33,52
277,281,507,11,0,193,33,226
756,238,507,11,0,238,31,269
12,273,509,8,2,210,26,236
245,323,509,8,2,161,25,186
904,391,509,8,2,94,24,118
759,396,509,8,2,88,25,113
403,425,510,1,9,8,77,85
961,502,512,1,2,3,7,10
835,487,512,0,2,13,12,25
438,482,512,0,2,18,12,30
437,479,512,0,2,21,12,33
255,471,512,0,2,29,12,41
161,491,512,0,2,9,12,21
807,498,512,0,2,2,12,14
892,501,512,0,2,1,10,11
482,490,512,0,2,11,11,22
723,500,512,0,2,1,11,12
593,485,512,0,2,17,10,27
319,476,512,0,2,25,12,37
858,481,512,0,2,20,11,31
16,494,512,0,2,6,12,18
19,475,512,0,2,25,12,37
505,463,512,0,2,37,12,49
949,477,512,0,2,23,12,35
174,483,512,0,2,17,12,29
215,485,512,0,2,15,12,27
507,471,512,0,2,30,11,41
554,495,517,0,2,6,16,22
117,499,517,0,2,1,17,18
923,505,517,0,2,1,11,12
637,476,517,0,2,24,17,41
918,479,517,0,2,21,17,38
860,477,517,0,2,24,16,40
333,482,517,0,2,18,17,35
236,486,517,0,2,14,17,31
954,491,517,0,2,9,17,26
779,467,517,0,2,33,17,50
106,500,517,0,2,2,15,17
571,505,518,2,1,5,8,13
249,509,518,2,1,2,7,9
228,504,518,2,1,5,9,14
736,508,518,2,1,1,9,10
743,317,522,14,2,186,19,205
79,390,522,14,2,113,19,132
844,293,522,14,2,210,19,229
197,336,522,14,2,167,19,186
163,331,522,14,2,175,16,191
687,308,522,14,2,196,18,214
667,301,522,14,2,202,19,221
822,302,530,6,0,197,31,228
915,424,530,8,0,60,46,106
479,489,530,7,0,3,38,41
565,478,530,8,0,5,47,52
339,429,530,8,0,56,45,101
49,382,530,8,0,101,47,148
627,399,530,8,0,84,47,131
733,422,530,8,0,61,47,108
152,487,530,6,0,13,30,43
821,426,530,8,0,57,47,104
899,420,530,8,0,66,44,110
242,394,530,8,0,89,47,136
913,394,530,6,0,105,31,136
364,481,530,6,0,18,31,49
992,494,530,7,0,1,35,36
796,367,530,6,0,133,30,163
491,525,532,2,1,1,6,7
726,516,532,2,1,6,10,16
1,514,532,2,1,10,9,19
761,522,532,2,1,2,8,10
730,513,532,2,1,9,10,19
6,527,532,2,1,1,4,5
54,511,532,0,2,1,20,21
493,520,532,0,2,1,11,12
874,510,532,0,2,1,21,22
300,518,532,0,2,1,13,14
356,528,532,0,2,1,3,4
864,508,532,0,2,1,23,24
272,525,532,0,2,1,6,7
617,518,532,0,2,2,12,14
288,511,532,0,2,2,19,21
818,518,532,0,2,1,13,14
428,522,532,0,2,1,9,10
336,522,532,0,2,2,8,10
586,514,532,0,2,1,17,18
774,531,536,0,2,1,4,5
284,529,536,0,2,1,6,7
33,529,536,0,2,2,5,7
76,531,536,0,2,2,3,5
703,523,539,2,4,1,15,16
181,524,544,2,0,1,19,20
158,382,544,14,0,123,39,162
1003,391,544,14,0,113,40,153
740,457,544,14,0,47,40,87
517,351,544,14,0,153,40,193
999,299,544,14,0,206,39,245
834,365,544,14,0,138,41,179
666,454,544,14,0,53,37,90
741,454,544,14,0,49,41,90
925,485,544,14,0,18,41,59
993,290,544,14,0,213,41,254
443,491,544,14,0,14,39,53
444,397,544,14,0,106,41,147
162,290,544,14,0,214,40,254
335,484,560,2,10,33,43,76
747,517,560,2,10,1,42,43
378,522,560,2,10,1,37,38
711,546,561,0,2,2,13,15
393,545,561,0,2,1,15,16
963,541,561,0,2,3,17,20
363,546,561,0,2,1,14,15
504,539,561,0,2,5,17,22
567,535,561,0,2,9,17,26
785,535,561,0,2,10,16,26
468,536,561,0,2,8,17,25
281,537,561,0,2,9,15,24
152,540,561,0,2,5,16,21
421,542,561,0,2,6,14,20
601,507,570,2,12,10,53,63
875,495,570,2,12,22,53,75
823,512,571,2,9,1,58,59
347,517,571,2,9,1,53,54
349,529,575,2,9,7,39,46
951,557,576,2,10,1,18,19
922,485,576,2,13,33,58,91
491,541,581,1,11,10,30,40
118,513,584,2,16,7,64,71
680,554,584,2,13,1,29,30
116,489,584,2,16,30,65,95
280,533,593,2,17,1,59,60
642,536,595,1,17,14,45,59
234,501,597,2,18,17,79,96
109,542,599,2,18,1,56,57
492,566,602,0,2,30,6,36
23,572,602,0,2,24,6,30
574,587,602,0,2,9,6,15
138,556,602,0,2,40,6,46
847,575,602,0,2,21,6,27
675,554,602,0,2,42,6,48
489,548,602,0,2,48,6,54
867,580,602,0,2,16,6,22
36,561,602,0,2,35,6,41
559,549,602,0,2,47,6,53
3,557,602,0,2,39,6,45
624,556,602,0,2,40,6,46
409,558,602,0,2,38,6,44
357,583,602,0,2,13,6,19
633,577,602,0,2,19,6,25
99,570,602,0,2,26,6,32
782,585,602,0,2,12,6,18
273,564,602,0,2,32,6,38
878,588,602,0,2,8,6,14
830,576,602,0,2,20,6,26
418,442,604,2,19,2,160,162
947,553,606,2,19,1,52,53
200,488,609,2,19,29,92,121
702,565,612,2,4,39,8,47
802,585,612,2,4,17,10,27
691,554,612,2,4,49,9,58
824,388,615,9,2,183,44,227
248,313,615,5,2,291,11,302
861,394,615,9,2,178,43,221
770,558,621,2,6,44,19,63
252,543,621,2,6,59,19,78
426,578,621,2,6,24,19,43
424,548,627,2,1,67,12,79
261,538,627,2,1,78,12,90
934,528,627,2,1,87,12,99
290,555,627,0,2,65,7,72
101,588,627,0,2,32,7,39
714,580,627,0,2,40,7,47
400,549,627,0,2,71,7,78
943,571,627,0,2,49,7,56
908,593,627,0,2,27,7,34
565,565,627,0,2,55,7,62
63,599,627,0,2,21,7,28
749,603,627,0,2,17,7,24
56,606,627,0,2,14,7,21
166,589,627,0,2,31,7,38
650,556,627,0,2,64,7,71
338,594,627,0,2,26,7,33
690,592,627,0,2,28,7,35
811,583,627,0,2,37,7,44
201,604,627,0,2,16,7,23
17,559,627,0,2,61,7,68
203,603,627,0,2,17,7,24
754,600,627,0,2,20,7,27
9,575,627,0,2,45,7,52
395,592,634,2,9,10,32,42
154,588,634,2,9,16,30,46
58,581,634,2,9,22,31,53
842,603,634,2,9,1,30,31
826,616,644,1,0,11,17,28
124,331,644,5,0,272,41,313
302,454,644,9,0,118,72,190
794,476,644,9,0,95,73,168
301,384,644,5,0,219,41,260
32,471,644,6,0,126,47,173
657,429,644,9,0,142,73,215
41,499,644,6,0,99,46,145
317,400,644,5,0,204,40,244
74,413,644,9,0,158,73,231
306,498,644,8,0,79,67,146
251,484,644,5,0,120,40,160
591,477,644,9,0,97,70,167
179,433,644,5,0,170,41,211
327,475,644,5,0,128,41,169
656,479,644,9,0,92,73,165
427,418,644,9,0,155,71,226
326,306,644,5,0,297,41,338
829,573,646,2,10,55,18,73
873,603,646,2,10,27,16,43
164,605,649,0,2,34,10,44
433,591,649,0,2,48,10,58
985,586,649,0,2,53,10,63
668,568,649,0,2,71,10,81
562,594,649,0,2,45,10,55
652,609,649,0,2,30,10,40
665,553,649,0,2,86,10,96
592,621,649,0,2,18,10,28
812,613,649,0,2,26,10,36
638,616,649,0,2,23,10,33
579,577,649,0,2,62,10,72
887,624,649,0,2,15,10,25
695,614,649,0,2,25,10,35
293,620,649,0,2,19,10,29
512,603,649,0,2,36,10,46
242,609,649,0,2,30,10,40
208,557,649,0,2,82,10,92
913,600,649,0,2,39,10,49
518,611,649,0,2,28,10,38
683,618,649,0,2,21,10,31
259,628,651,0,2,16,7,23
604,604,651,0,2,40,7,47
866,616,651,2,11,11,24,35
348,572,651,0,2,72,7,79
682,620,651,0,2,24,7,31
466,637,651,0,2,7,7,14
548,639,651,0,2,5,7,12
231,629,651,0,2,15,7,22
880,589,651,0,2,55,7,62
169,613,651,0,2,31,7,38
868,630,651,0,2,14,7,21
53,633,651,0,2,11,7,18
46,625,651,0,2,19,7,26
429,642,651,0,2,2,7,9
531,640,651,0,2,4,7,11
416,609,651,0,2,35,7,42
528,596,651,0,2,48,7,55
521,556,651,0,2,88,7,95
881,637,651,0,2,7,7,14
485,622,651,0,2,22,7,29
862,615,651,0,2,29,7,36
438,607,658,2,12,21,30,51
126,609,658,2,12,20,29,49
662,593,661,0,2,59,9,68
275,648,661,0,2,4,9,13
1001,614,661,0,2,38,9,47
464,637,661,0,2,15,9,24
276,649,661,0,2,3,9,12
778,630,661,0,2,22,9,31
935,639,661,0,2,13,9,22
456,621,661,0,2,31,9,40
47,564,661,0,2,88,9,97
265,631,661,0,2,22,8,30
52,648,661,0,2,4,9,13
143,639,661,0,2,14,8,22
902,644,661,0,2,8,9,17
948,581,661,0,2,72,8,80
268,651,661,0,2,1,9,10
474,626,661,0,2,26,9,35
639,610,661,0,2,43,8,51
993,608,661,0,2,44,9,53
202,624,661,0,2,29,8,37
177,640,661,0,2,12,9,21
581,645,662,2,3,4,13,17
382,614,666,2,13,14,38,52
137,605,666,2,13,22,39,61
43,384,667,15,2,261,22,283
777,642,670,2,4,8,20,28
63,637,670,2,4,12,21,33
255,528,676,2,1,139,9,148
735,624,677,2,14,4,49,53
157,613,677,2,14,14,50,64
748,654,681,0,2,20,7,27
307,629,681,0,2,45,7,52
390,657,681,0,2,17,7,24
755,647,681,0,2,28,6,34
557,603,681,0,2,71,7,78
381,648,681,0,2,26,7,33
171,662,681,0,2,12,7,19
791,670,681,0,2,4,7,11
483,657,681,0,2,18,6,24
69,456,681,17,0,166,59,225
412,661,681,0,2,13,7,20
526,617,681,0,2,58,6,64
836,349,681,15,0,296,36,332
738,442,681,19,0,162,77,239
757,664,681,0,2,10,7,17
832,658,681,0,2,16,7,23
804,475,681,18,0,142,64,206
792,474,681,16,0,160,47,207
532,475,681,19,0,129,77,206
477,444,681,19,0,161,76,237
587,650,681,0,2,24,7,31
570,449,681,19,0,155,77,232
794,663,681,0,2,11,7,18
476,452,681,18,0,164,65,229
218,642,681,0,2,32,7,39
82,409,681,15,0,236,36,272
764,460,681,16,0,174,47,221
490,480,681,16,0,156,45,201
970,466,681,16,0,169,46,215
672,293,681,15,0,352,36,388
896,455,681,15,0,190,36,226
698,337,681,15,0,308,36,344
919,652,681,0,2,23,6,29
404,333,681,15,0,312,36,348
529,659,681,0,2,15,7,22
969,493,681,16,0,141,47,188
20,666,681,0,2,9,7,16
100,659,681,0,2,16,6,22
924,480,681,17,0,143,58,201
626,622,682,2,8,28,32,60
585,615,682,2,8,34,33,67
135,311,685,13,2,354,20,374
467,367,685,15,2,283,35,318
939,299,685,13,2,366,20,386
892,622,685,2,15,5,58,63
293,651,685,2,7,1,33,34
496,592,685,2,15,35,58,93
991,539,692,2,1,146,7,153
21,560,692,2,1,125,7,132
77,566,692,2,1,119,7,126
62,682,692,0,2,1,9,10
799,669,692,0,2,12,11,23
803,680,692,0,2,5,7,12
699,675,692,0,2,8,9,17
344,674,692,0,2,7,11,18
941,680,692,0,2,1,11,12
59,662,692,0,2,20,10,30
114,676,692,0,2,5,11,16
355,682,692,0,2,3,8,11
1000,648,692,0,2,34,10,44
279,666,692,0,2,18,8,26
577,678,692,0,2,3,11,14
410,684,692,0,2,2,7,9
805,637,692,0,2,44,11,55
237,656,692,0,2,25,11,36
240,659,692,0,2,24,9,33
220,663,692,0,2,18,11,29
401,661,692,0,2,20,11,31
37,676,692,0,2,6,10,16
241,672,692,0,2,10,10,20
369,598,692,2,16,30,64,94
391,646,698,2,14,6,46,52
42,300,700,15,0,348,52,400
831,369,700,13,0,296,35,331
671,482,700,15,0,166,52,218
605,334,700,15,0,315,51,366
432,476,700,15,0,175,49,224
851,421,700,13,0,244,35,279
930,474,700,15,0,174,52,226
55,376,700,13,0,289,35,324
917,493,700,15,0,156,51,207
884,338,700,15,0,310,52,362
816,438,700,13,0,227,35,262
576,436,700,15,0,213,51,264
833,475,700,13,0,190,35,225
619,457,700,19,0,149,94,243
955,395,700,15,0,253,52,305
334,483,700,13,0,182,35,217
965,351,700,13,0,314,35,349
212,684,701,2,1,11,6,17
828,577,701,2,1,119,5,124
51,569,701,2,1,126,6,132
710,597,701,2,1,98,6,104
686,692,701,2,1,3,6,9
746,653,701,2,1,43,6,49
760,581,701,2,1,114,6,120
27,613,701,2,1,83,5,88
598,549,701,2,1,146,6,152
608,639,701,2,1,57,5,62
79,563,701,2,1,133,5,138
773,616,701,2,1,79,6,85
732,681,701,2,1,14,6,20
445,574,701,2,1,121,6,127
603,593,701,2,1,103,5,108
374,674,701,2,1,22,5,27
215,586,701,2,1,109,6,115
461,592,704,2,17,37,75,112
217,680,704,2,3,1,23,24
384,687,704,2,3,1,16,17
586,572,704,2,17,55,77,132
878,651,708,2,15,2,55,57
295,696,710,0,2,4,10,14
663,701,710,0,2,3,6,9
931,690,710,0,2,10,10,20
582,692,710,0,2,11,7,18
853,686,710,0,2,15,9,24
175,687,710,0,2,13,10,23
506,686,710,0,2,14,10,24
534,699,710,0,2,1,10,11
854,697,710,0,2,5,8,13
70,702,710,0,2,1,7,8
145,700,710,0,2,1,9,10
182,694,710,0,2,6,10,16
958,684,710,0,2,16,10,26
704,688,710,0,2,13,9,22
780,702,710,0,2,3,5,8
657,702,710,0,2,1,7,8
398,702,710,0,2,2,6,8
473,702,710,0,2,1,7,8
80,695,710,0,2,6,9,15
795,686,710,0,2,16,8,24
453,611,713,2,0,84,18,102
431,673,713,2,0,22,18,40
266,629,713,2,0,66,18,84
99,638,715,2,18,13,64,77
556,608,716,2,19,19,89,108
94,574,716,2,19,53,89,142
284,602,716,2,19,25,89,114
23,684,717,2,5,1,32,33
328,681,717,2,5,1,35,36
54,693,719,2,13,2,24,26
468,686,719,2,13,6,27,33
283,648,721,2,19,1,72,73
419,639,721,2,19,10,72,82
520,715,724,0,2,1,8,9
501,715,724,0,2,3,6,9
90,703,724,0,2,10,11,21
253,704,724,0,2,10,10,20
60,708,724,0,2,7,9,16
976,716,724,0,2,1,7,8
809,714,724,0,2,1,9,10
411,717,724,0,2,1,6,7
837,705,724,0,2,8,11,19
740,711,724,0,2,5,8,13
739,719,724,0,2,1,4,5
479,709,724,0,2,4,11,15
159,714,724,0,2,3,7,10
380,717,724,0,2,3,4,7
907,709,724,0,2,5,10,15
995,714,724,0,2,2,9,11
373,712,724,0,2,2,10,12
677,709,724,0,2,4,11,15
987,716,724,0,2,3,5,8
542,711,724,0,2,3,11,14
40,699,725,2,6,1,25,26
891,679,728,2,15,13,36,49
296,715,730,2,3,9,6,15
918,688,732,2,8,1,43,44
682,680,734,2,17,13,41,54
943,710,734,2,10,1,23,24
134,725,735,2,4,2,8,10
466,719,735,2,4,7,9,16
548,711,735,2,4,14,10,24
908,723,744,2,5,2,19,21
867,715,745,2,11,1,29,30
868,721,745,2,11,1,23,24
575,688,747,2,19,6,53,59
661,695,747,2,19,1,51,52
45,722,753,2,12,2,29,31
753,719,756,2,7,5,32,37
133,748,761,0,2,1,12,13
681,735,761,0,2,14,12,26
524,722,761,0,2,27,12,39
563,719,761,0,2,30,12,42
789,745,761,0,2,4,12,16
294,734,761,0,2,16,11,27
693,721,761,0,2,29,11,40
178,732,761,0,2,17,12,29
694,744,761,0,2,5,12,17
188,731,761,0,2,18,12,30
716,734,761,0,2,15,12,27
329,740,761,0,2,9,12,21
484,745,761,0,2,5,12,17
187,726,761,0,2,24,11,35
342,729,761,0,2,20,12,32
55,725,761,0,2,24,12,36
97,729,761,0,2,21,11,32
889,727,761,0,2,22,12,34
602,742,761,0,2,7,12,19
324,736,761,0,2,13,12,25
728,703,763,2,9,21,39,60
309,352,766,11,2,388,26,414
643,376,766,10,2,368,22,390
659,365,766,10,2,379,22,401
840,301,766,12,2,430,35,465
142,743,767,2,3,18,6,24
344,740,767,2,3,21,6,27
447,754,768,0,2,5,9,14
7,735,768,0,2,26,7,33
392,723,768,0,2,36,9,45
156,751,768,0,2,8,9,17
351,747,768,0,2,12,9,21
508,745,768,0,2,14,9,23
121,732,768,0,2,27,9,36
564,755,768,0,2,5,8,13
313,757,768,0,2,4,7,11
337,745,768,0,2,15,8,23
481,737,768,0,2,23,8,31
388,755,768,0,2,4,9,13
11,741,768,0,2,18,9,27
669,757,768,0,2,2,9,11
543,735,768,0,2,25,9,34
610,757,768,0,2,3,8,11
41,749,768,0,2,10,9,19
499,750,768,0,2,10,8,18
141,727,768,0,2,33,8,41
0,748,768,0,2,13,7,20
387,699,770,2,15,11,60,71
171,712,770,2,15,1,57,58
232,688,775,2,1,78,9,87
173,572,775,2,1,194,9,203
64,666,775,2,1,100,9,109
785,755,778,2,5,6,17,23
288,724,778,2,16,1,53,54
322,767,780,2,3,1,12,13
112,762,783,0,2,14,7,21
146,775,783,0,2,1,7,8
766,762,783,0,2,13,8,21
417,762,783,0,2,16,5,21
674,766,783,0,2,10,7,17
376,753,783,0,2,23,7,30
406,764,783,0,2,11,8,19
5,773,783,0,2,2,8,10
865,762,783,0,2,13,8,21
721,743,783,0,2,32,8,40
132,764,783,0,2,13,6,19
26,766,783,0,2,9,8,17
420,764,783,0,2,12,8,20
434,760,783,0,2,17,6,23
140,772,783,0,2,4,7,11
707,760,783,0,2,15,8,23
286,774,783,0,2,3,6,9
819,763,783,0,2,13,7,20
455,769,783,0,2,6,8,14
962,759,783,0,2,16,8,24
1,727,786,1,2,51,8,59
650,722,787,2,19,1,64,65
456,730,788,2,6,31,27,58
986,736,788,2,6,25,27,52
830,736,788,2,6,27,25,52
228,670,791,1,3,108,13,121
16,726,792,2,10,42,24,66
722,757,792,2,10,12,23,35
828,737,795,1,0,38,20,58
719,283,795,12,0,449,63,512
282,483,795,12,0,249,63,312
222,426,795,12,0,305,64,369
580,308,795,12,0,425,62,487
578,395,795,12,0,339,61,400
330,396,795,12,0,335,64,399
996,602,795,2,0,164,29,193
48,451,795,12,0,282,62,344
927,455,795,11,0,284,56,340
838,413,795,12,0,319,63,382
550,301,795,11,0,438,56,494
223,381,795,12,0,351,63,414
472,213,795,12,0,518,64,582
331,363,795,12,0,368,64,432
989,392,795,12,0,339,64,403
573,466,795,12,0,265,64,329
623,488,795,11,0,253,54,307
776,728,799,1,4,51,20,71
333,745,799,2,8,17,37,54
437,769,803,2,12,1,33,34
272,730,804,2,9,32,42,74
96,794,806,0,2,3,9,12
303,785,806,0,2,10,11,21
701,793,806,0,2,3,10,13
346,796,806,0,2,1,9,10
385,795,806,0,2,1,10,11
869,793,806,0,2,2,11,13
852,786,806,0,2,9,11,20
994,792,806,0,2,3,11,14
110,781,806,0,2,14,11,25
942,766,806,0,2,29,11,40
186,785,806,0,2,11,10,21
786,789,806,0,2,9,8,17
839,781,806,0,2,16,9,25
758,780,806,0,2,16,10,26
275,780,807,2,6,4,23,27
697,605,809,1,5,174,30,204
183,768,815,2,13,3,44,47
270,562,816,1,7,216,38,254
463,804,817,2,1,8,5,13
227,733,817,2,1,80,4,84
25,753,817,2,1,59,5,64
706,760,817,2,1,52,5,57
71,714,817,2,1,98,5,103
511,785,817,2,1,27,5,32
93,798,817,2,1,14,5,19
787,706,817,2,1,107,4,111
475,719,817,2,1,93,5,98
743,764,817,2,1,48,5,53
708,774,817,2,1,38,5,43
982,763,817,2,1,50,4,54
285,736,817,2,1,76,5,81
287,624,817,2,1,189,4,193
632,705,817,2,1,107,5,112
163,682,817,2,1,130,5,135
190,753,817,2,1,60,4,64
774,585,817,2,1,227,5,232
639,754,817,2,1,58,5,63
748,787,819,2,8,1,31,32
356,768,822,2,0,44,10,54
761,604,824,1,8,174,46,220
750,768,824,1,8,10,46,56
935,792,825,2,9,1,32,33
727,796,825,2,9,1,28,29
187,777,827,2,14,1,49,50
647,602,830,1,9,176,52,228
863,821,833,0,2,1,11,12
763,796,833,0,2,26,11,37
893,820,833,0,2,3,10,13
615,809,833,0,2,13,11,24
653,812,833,0,2,11,10,21
405,801,833,0,2,21,11,32
928,819,833,0,2,3,11,14
800,805,833,0,2,17,11,28
909,814,833,0,2,8,11,19
724,800,833,0,2,23,10,33
713,810,833,0,2,13,10,23
194,804,833,0,2,20,9,29
32,811,833,0,2,11,11,22
688,822,833,0,2,1,10,11
879,812,833,0,2,10,11,21
365,805,833,0,2,18,10,28
538,810,833,0,2,12,11,23
413,806,833,0,2,16,11,27
972,815,833,0,2,8,10,18
139,815,833,0,2,7,11,18
480,746,834,2,15,24,64,88
482,787,835,2,10,2,46,48
151,832,842,0,2,1,9,10
611,823,842,0,2,2,17,19
551,830,842,0,2,1,11,12
495,818,842,0,2,8,16,24
185,813,842,0,2,11,18,29
238,823,842,0,2,1,18,19
784,829,842,0,2,1,12,13
646,828,842,0,2,1,13,14
937,823,842,0,2,4,15,19
822,822,842,0,2,2,18,20
449,811,842,0,2,14,17,31
851,808,842,0,2,16,18,34
974,823,842,0,2,1,18,19
244,830,842,0,2,2,10,12
117,728,846,2,16,41,77,118
348,783,847,2,16,2,62,64
562,784,847,2,16,2,61,63
103,843,848,2,3,1,4,5
929,835,855,2,15,1,19,20
673,749,856,2,18,19,88,107
138,805,857,2,4,37,15,52
809,839,857,2,4,4,14,18
207,779,858,2,17,4,75,79
47,780,858,2,17,3,75,78
984,752,860,2,1,91,17,108
289,831,860,2,1,14,16,30
705,811,860,2,1,33,16,49
966,776,860,2,1,67,17,84
720,838,860,2,1,9,13,22
898,822,860,2,1,23,15,38
530,695,860,2,1,148,17,165
825,852,860,2,1,1,7,8
61,764,860,2,1,79,17,96
458,838,860,2,1,5,17,22
304,841,860,2,1,3,16,19
213,717,860,2,1,127,16,143
354,817,860,2,1,26,17,43
801,832,860,2,1,11,17,28
644,757,860,2,1,89,15,104
712,793,860,2,1,53,14,67
70,849,860,2,1,1,10,11
631,829,860,2,1,14,17,31
396,769,860,2,1,75,16,91
167,741,863,2,19,27,95,122
948,841,864,2,19,1,22,23
726,809,866,1,5,27,30,57
488,810,866,2,5,34,22,56
694,818,866,2,5,25,23,48
526,843,866,2,5,3,20,23
13,735,867,1,10,65,67,132
210,788,869,2,18,2,79,81
998,800,872,2,0,43,29,72
508,789,874,2,19,2,83,85
464,789,874,2,19,1,84,85
797,792,874,2,19,2,80,82
864,784,874,2,19,1,89,90
949,784,874,2,19,3,87,90
424,794,875,1,6,41,40,81
730,666,875,1,11,134,75,209
736,595,875,1,11,206,74,280
31,842,875,2,11,1,32,33
393,818,875,2,6,24,33,57
276,840,875,2,6,2,33,35
161,810,875,2,11,1,64,65
913,819,875,2,6,23,33,56
205,849,881,0,2,23,9,32
366,832,881,0,2,40,9,49
250,856,881,0,2,16,9,25
946,846,881,0,2,26,9,35
876,851,881,0,2,21,9,30
479,806,881,2,7,36,39,75
541,850,881,0,2,22,9,31
91,845,881,0,2,27,9,36
120,835,881,0,2,37,9,46
477,841,881,0,2,31,9,40
871,844,881,0,2,28,9,37
733,854,881,0,2,18,9,27
397,839,881,0,2,33,9,42
525,855,881,0,2,17,9,26
769,834,881,0,2,38,9,47
899,853,881,0,2,19,9,28
841,842,881,0,2,30,9,39
988,840,881,0,2,32,9,41
745,857,881,0,2,16,9,25
465,836,881,0,2,36,9,45
510,852,881,0,2,20,9,29
249,603,882,1,12,197,82,279
6,564,882,1,12,236,82,318
778,823,891,2,8,22,46,68
711,872,892,2,3,9,11,20
300,859,892,2,3,22,11,33
853,803,892,2,13,3,86,89
675,864,892,2,3,18,10,28
880,857,892,2,3,25,10,35
11,888,892,2,3,1,3,4
742,866,897,0,2,23,8,31
189,884,897,0,2,5,8,13
108,835,897,0,2,54,8,62
211,852,897,0,2,37,8,45
149,888,897,0,2,1,8,9
130,887,897,0,2,2,8,10
897,849,897,0,2,41,7,48
503,839,897,0,2,51,7,58
269,841,897,0,2,48,8,56
975,877,897,0,2,12,8,20
584,874,897,0,2,15,8,23
271,860,897,0,2,29,8,37
843,886,897,0,2,3,8,11
572,845,897,0,2,44,8,52
74,885,897,0,2,4,8,12
612,859,897,0,2,31,7,38
762,862,897,0,2,27,8,35
225,868,897,0,2,21,8,29
676,855,897,0,2,34,8,42
206,888,897,0,2,1,8,9
544,874,899,0,2,13,12,25
807,848,899,2,14,1,50,51
905,861,899,0,2,26,12,38
781,875,899,0,2,12,12,24
545,863,899,0,2,24,12,36
14,853,899,0,2,34,12,46
910,866,899,0,2,21,12,33
1003,845,899,0,2,42,12,54
148,856,899,0,2,32,12,44
18,860,899,0,2,27,12,39
836,848,899,0,2,39,12,51
959,855,899,0,2,32,12,44
196,835,899,0,2,53,12,65
389,840,899,0,2,47,12,59
640,863,899,0,2,24,12,36
235,869,899,0,2,18,12,30
224,860,899,0,2,27,12,39
983,850,899,0,2,37,12,49
452,833,899,0,2,55,12,67
353,841,899,0,2,47,12,59
600,868,899,0,2,19,12,31
934,808,901,1,9,27,66,93
860,806,901,2,9,37,58,95
895,827,901,2,9,15,59,74
409,865,904,2,4,16,23,39
604,849,905,2,15,1,55,56
450,835,905,2,15,1,69,70
428,892,910,2,9,6,12,18
571,764,912,1,17,36,112,148
7,876,912,2,5,5,31,36
231,883,917,2,6,1,33,34
459,872,918,0,2,34,12,46
127,887,918,0,2,18,13,31
933,899,918,0,2,7,12,19
111,854,918,0,2,52,12,64
553,886,918,0,2,20,12,32
540,843,918,0,2,62,13,75
262,876,918,0,2,29,13,42
256,900,918,0,2,5,13,18
24,888,918,0,2,17,13,30
311,887,918,0,2,20,11,31
522,868,918,0,2,37,13,50
394,900,918,0,2,7,11,18
685,863,918,0,2,44,11,55
379,890,918,0,2,16,12,28
715,903,918,0,2,3,12,15
649,884,918,0,2,21,13,34
519,902,918,0,2,3,13,16
443,860,918,0,2,45,13,58
350,891,918,0,2,14,13,27
997,894,918,0,2,12,13,25
976,866,920,2,11,31,23,54
574,842,922,2,19,2,78,80
565,867,926,2,8,14,45,59
60,921,927,2,3,1,5,6
958,903,927,2,3,15,9,24
5,890,928,2,12,7,31,38
983,900,932,2,11,1,31,32
164,872,933,2,9,10,51,61
637,876,933,2,9,6,51,57
592,863,933,2,9,18,52,70
399,854,933,2,9,27,52,79
746,860,934,1,2,63,11,74
261,895,934,1,2,29,10,39
644,865,934,1,2,59,10,69
305,910,934,0,2,5,19,24
813,905,934,0,2,10,19,29
440,910,934,0,2,6,18,24
979,911,934,0,2,4,19,23
263,909,934,0,2,8,17,25
312,883,934,0,2,33,19,52
457,893,934,0,2,23,18,41
978,915,934,0,2,3,16,19
923,860,936,2,13,37,39,76
59,910,938,2,9,9,19,28
841,915,938,2,9,3,20,23
874,921,941,2,12,1,19,20
835,887,942,2,15,12,43,55
985,886,942,2,15,11,45,56
445,876,945,1,4,47,22,69
533,938,945,2,4,2,5,7
360,937,945,2,4,2,6,8
699,905,949,2,15,1,43,44
178,870,952,2,16,27,55,82
752,873,953,2,1,70,10,80
620,874,953,2,1,69,10,79
498,933,953,2,1,10,10,20
423,919,953,2,1,24,10,34
81,897,953,2,1,47,9,56
248,907,953,2,1,36,10,46
467,935,953,2,1,8,10,18
219,912,953,2,1,31,10,41
192,877,953,2,1,68,9,77
73,920,953,2,1,24,9,33
439,902,953,2,1,41,10,51
658,854,953,2,1,89,10,99
415,900,953,2,1,44,9,53
471,899,953,2,1,44,10,54
894,857,953,2,1,87,9,96
433,931,953,2,6,3,19,22
236,897,953,2,1,46,10,56
88,879,953,2,1,64,10,74
3,923,953,2,1,20,10,30
397,908,953,2,1,36,9,45
991,898,959,1,7,25,36,61
662,908,961,2,16,1,52,53
663,869,961,2,16,30,62,92
714,862,961,2,18,36,63,99
483,883,961,2,0,60,18,78
204,930,965,0,2,27,8,35
831,953,965,0,2,5,7,12
282,953,965,0,2,4,8,12
696,950,965,0,2,8,7,15
546,946,965,0,2,11,8,19
547,922,965,0,2,35,8,43
877,926,965,0,2,33,6,39
627,943,965,0,2,14,8,22
113,927,965,0,2,30,8,38
764,933,965,0,2,24,8,32
368,949,965,0,2,8,8,16
672,957,965,0,2,1,7,8
478,925,965,0,2,32,8,40
555,951,965,0,2,7,8,15
362,924,965,0,2,34,7,41
414,927,965,0,2,31,7,38
448,938,965,0,2,20,7,27
144,940,965,0,2,17,8,25
955,950,965,0,2,7,8,15
992,944,965,0,2,14,7,21
121,932,968,2,9,3,33,36
273,937,968,2,9,1,30,31
795,931,968,2,9,3,34,37
557,874,971,2,19,24,73,97
211,907,974,2,18,1,66,67
294,966,976,2,3,1,9,10
693,964,976,2,3,1,11,12
230,965,977,0,2,1,11,12
254,941,977,0,2,21,15,36
628,962,977,0,2,2,13,15
29,948,977,0,2,13,16,29
700,962,977,0,2,1,14,15
318,954,977,0,2,8,16,24
180,951,977,0,2,12,14,26
1002,932,977,0,2,29,16,45
900,962,977,0,2,4,12,16
588,961,977,0,2,1,15,16
51,715,978,1,10,238,25,263
708,905,978,1,10,49,24,73
21,780,978,1,10,174,24,198
710,874,987,1,11,78,35,113
598,941,987,1,11,11,35,46
980,613,987,1,11,339,35,374
77,817,987,1,11,136,34,170
259,958,987,2,4,7,22,29
492,925,987,2,11,34,28,62
145,958,987,2,4,9,20,29
406,947,987,2,4,18,22,40
903,919,992,2,1,63,11,74
258,981,992,2,1,1,10,11
725,883,992,2,1,99,10,109
422,934,992,2,1,47,11,58
824,968,992,2,1,13,11,24
515,898,992,2,1,83,11,94
793,950,992,2,1,31,11,42
679,951,992,2,1,32,9,41
950,873,992,2,1,108,11,119
367,951,992,2,1,30,11,41
731,930,992,2,1,52,10,62
597,953,992,2,1,29,10,39
616,944,992,2,1,37,11,48
147,969,992,2,1,13,11,24
341,981,992,2,1,1,10,11
363,959,992,2,1,22,11,33
256,948,992,2,1,34,10,44
858,968,992,2,1,14,10,24
819,978,992,2,1,3,11,14
857,902,992,2,1,81,9,90
966,951,995,1,13,1,43,44
458,902,995,1,13,50,43,93
608,968,996,1,10,1,27,28
520,964,996,2,10,13,19,32
567,955,996,2,5,10,31,41
489,949,996,2,5,17,30,47
493,929,1002,2,11,50,23,73
90,925,1002,2,11,52,25,77
974,925,1002,2,11,53,24,77
743,827,1003,1,14,125,51,176
79,914,1003,1,14,38,51,89
351,957,1008,2,6,9,42,51
400,969,1008,2,6,1,38,39
158,971,1008,0,2,29,8,37
226,980,1008,0,2,19,9,28
859,999,1008,0,2,1,8,9
822,949,1008,2,6,16,43,59
561,971,1008,0,2,28,9,37
698,987,1008,0,2,12,9,21
989,996,1008,0,2,3,9,12
68,966,1008,0,2,33,9,42
656,968,1008,0,2,31,9,40
122,743,1010,1,15,209,58,267
46,942,1012,2,12,37,33,70
281,976,1012,2,12,1,35,36
303,970,1016,2,7,1,45,46
665,942,1019,2,13,35,42,77
582,1001,1020,2,3,8,11,19
686,948,1021,1,17,5,68,73
173,916,1021,1,17,36,69,105
264,975,1022,0,2,24,23,47
386,979,1022,0,2,20,23,43
432,968,1022,0,2,31,23,54
184,990,1022,0,2,10,22,32
129,1004,1022,0,2,1,17,18
153,966,1022,0,2,33,23,56
645,971,1022,0,2,28,23,51
765,995,1022,0,2,4,23,27
247,984,1022,0,2,15,23,38
49,983,1022,0,2,18,21,39
523,981,1022,0,2,18,23,41
82,968,1022,0,2,32,22,54
490,968,1022,0,2,31,23,54
119,970,1022,0,2,29,23,52
332,989,1022,0,2,10,23,33
441,977,1022,0,2,23,22,45
911,996,1022,0,2,3,23,26
863,1011,1026,2,5,1,14,15
315,995,1026,2,5,13,18,31
732,803,1028,1,18,149,76,225
213,916,1028,1,18,37,75,112
504,940,1028,2,14,38,50,88
993,949,1028,2,14,28,51,79
668,985,1035,2,6,23,27,50
498,971,1036,1,15,1,64,65
405,939,1036,2,15,38,59,97
463,848,1039,1,19,107,84,191
93,923,1039,1,19,33,83,116
787,900,1039,1,19,53,86,139
53,1010,1040,2,10,14,16,30
52,981,1040,2,10,43,16,59
365,928,1045,2,16,49,68,117
589,391,1046,10,2,598,57,655
176,399,1046,3,2,639,8,647
290,1013,1046,2,7,1,32,33
524,985,1046,2,7,24,37,61
269,1000,1046,2,7,8,38,46
655,1027,1049,0,2,3,19,22
172,1018,1049,0,2,12,19,31
320,1014,1049,0,2,15,20,35
590,1019,1049,0,2,13,17,30
50,1015,1049,0,2,16,18,34
804,1015,1049,0,2,14,20,34
436,1023,1049,0,2,7,19,26
717,1027,1049,0,2,2,20,22
926,1024,1049,0,2,7,18,25
514,1030,1049,0,2,1,18,19
291,1010,1049,0,2,20,19,39
821,1008,1049,0,2,21,20,41
558,1019,1049,0,2,10,20,30
912,1023,1049,0,2,6,20,26
932,1031,1049,0,2,1,17,18
741,1018,1049,0,2,11,20,31
364,1026,1049,0,2,3,20,23
221,1027,1049,0,2,6,16,22
720,1003,1051,1,12,7,41,48
564,979,1051,2,8,29,43,72
243,1017,1051,2,8,1,33,34
402,942,1052,2,1,104,6,110
977,977,1052,2,1,69,6,75
205,973,1056,2,17,5,78,83
847,953,1056,2,17,24,79,103
789,952,1056,2,17,26,78,104
346,1029,1057,2,3,21,7,28
286,1020,1057,2,3,29,8,37
390,1003,1060,2,9,5,52,57
652,993,1061,2,13,29,39,68
182,982,1061,2,13,40,39,79
212,958,1066,1,18,10,98,108
799,931,1066,2,18,46,89,135
803,934,1066,2,18,44,88,132
801,960,1068,1,4,77,31,108
459,1028,1070,2,14,1,41,42
156,993,1070,2,14,30,47,77
199,958,1070,2,14,65,47,112
825,1018,1072,1,0,34,20,54
536,391,1072,10,0,600,81,681
953,412,1072,10,0,578,82,660
609,435,1072,10,0,557,80,637
684,456,1072,4,0,575,41,616
914,437,1072,3,0,601,34,635
952,465,1072,10,0,524,83,607
606,415,1072,10,0,574,83,657
361,457,1072,10,0,533,82,615
486,381,1072,5,0,629,62,691
709,372,1072,10,0,617,83,700
408,492,1072,4,0,541,39,580
67,489,1072,4,0,542,41,583
22,384,1072,10,0,606,82,688
568,440,1072,5,0,571,61,632
595,395,1072,10,0,594,83,677
689,487,1072,4,0,545,40,585
535,454,1072,10,0,535,83,618
607,474,1072,10,0,517,81,598
820,1027,1073,2,1,37,9,46
921,1009,1073,2,1,55,9,64
883,1022,1073,2,1,42,9,51
83,1060,1073,2,1,4,9,13
451,981,1073,2,1,84,8,92
28,1047,1073,2,1,17,9,26
916,1034,1073,2,1,30,9,39
596,1051,1073,2,1,13,9,22
292,1008,1073,2,1,57,8,65
10,1041,1073,2,1,23,9,32
560,997,1073,2,1,67,9,76
89,1014,1073,2,1,50,9,59
648,984,1073,2,1,80,9,89
72,1023,1073,2,1,41,9,50
376,1048,1073,2,1,16,9,25
27,990,1076,1,15,20,66,86
201,936,1076,2,19,41,99,140
760,989,1081,1,8,48,44,92
551,997,1081,2,0,68,16,84
553,1036,1081,2,0,28,17,45
130,1037,1081,2,8,12,32,44
42,1046,1081,0,2,26,9,35
552,1058,1081,0,2,15,9,24
566,1048,1081,0,2,24,9,33
34,1055,1081,0,2,17,9,26
115,1052,1081,0,2,20,9,29
744,1038,1081,0,2,36,8,44
995,1002,1081,2,0,62,17,79
930,1068,1081,0,2,4,9,13
964,1047,1081,0,2,26,8,34
317,1043,1081,0,2,29,9,38
407,1036,1081,0,2,36,9,45
999,1056,1081,0,2,16,9,25
901,1000,1081,2,0,64,17,81
782,960,1081,2,0,104,17,121
527,1068,1081,0,2,4,9,13
500,1039,1081,0,2,33,9,42
223,1052,1081,0,2,21,8,29
278,1041,1081,0,2,31,9,40
625,1064,1081,0,2,8,9,17
104,1041,1081,0,2,32,8,40
969,1071,1081,0,2,1,9,10
756,1057,1081,0,2,16,8,24
796,1058,1081,0,2,14,9,23
101,995,1087,2,16,27,65,92
108,998,1087,2,16,25,64,89
755,1028,1087,2,16,2,57,59
593,1039,1087,2,9,10,38,48
385,1073,1088,2,3,8,7,15
165,1082,1096,0,2,1,13,14
614,1076,1096,0,2,5,15,20
613,1080,1096,0,2,2,14,16
233,1056,1096,0,2,25,15,40
263,1007,1096,2,17,15,74,89
889,938,1096,2,17,84,74,158
208,1029,1096,2,17,1,66,67
257,1086,1096,0,2,1,9,10
336,1078,1100,2,4,3,19,22
712,995,1104,1,3,94,15,109
671,1072,1106,0,2,8,26,34
302,1062,1106,0,2,18,26,44
779,1028,1106,2,18,1,77,78
846,1044,1106,0,2,36,26,62
371,1068,1106,0,2,13,25,38
509,1049,1106,0,2,30,27,57
370,1071,1106,0,2,8,27,35
619,1058,1106,0,2,21,27,48
618,1041,1106,0,2,38,27,65
987,1013,1106,2,18,9,84,93
834,1066,1106,0,2,13,27,40
516,1075,1106,0,2,4,27,31
635,1058,1110,2,1,42,10,52
454,1073,1110,2,1,27,10,37
513,1023,1110,2,1,77,10,87
886,1002,1110,2,1,99,9,108
718,1075,1110,2,1,25,10,35
651,1047,1110,2,1,54,9,63
660,1091,1110,2,1,9,10,19
497,1024,1110,2,1,77,9,86
260,1068,1110,2,1,32,10,42
191,1047,1110,2,1,54,10,64
502,1014,1110,2,1,86,10,96
622,1080,1110,2,1,20,10,30
664,1030,1110,2,1,70,10,80
783,1037,1110,2,1,63,10,73
39,1086,1110,2,1,15,10,25
298,990,1110,2,1,110,10,120
325,1066,1110,2,1,34,10,44
96,1098,1110,2,1,2,10,12
936,486,1112,3,0,618,8,626
678,422,1112,3,0,681,9,690
435,449,1112,3,0,654,9,663
345,499,1112,3,0,604,9,613
810,443,1112,3,0,661,8,669
297,464,1112,3,0,641,7,648
299,477,1112,3,0,626,9,635
773,980,1113,1,19,30,103,133
175,1069,1113,2,7,12,32,44
111,1066,1113,2,7,15,32,47
253,980,1113,2,19,42,91,133
865,993,1113,2,19,32,88,120
26,1068,1113,2,6,28,17,45
180,1074,1113,2,7,7,32,39
227,1066,1115,1,3,22,27,49
295,1077,1115,2,3,30,8,38
415,1060,1119,1,8,29,30,59
705,963,1122,1,4,125,34,159
64,1060,1122,1,4,28,34,62
534,1070,1122,2,4,37,15,52
944,1107,1122,2,4,1,14,15
688,1095,1122,2,4,11,16,27
285,1056,1126,1,10,34,36,70
304,1101,1126,1,0,9,16,25
495,1031,1126,2,12,51,44,95
781,1076,1126,2,0,24,26,50
355,1069,1126,2,0,31,26,57
289,1118,1129,1,2,4,7,11
193,1110,1129,0,2,2,17,19
915,1094,1129,0,2,18,17,35
981,1091,1129,0,2,21,17,38
872,1105,1129,0,2,7,17,24
956,1092,1129,0,2,21,16,37
343,1101,1129,0,2,11,17,28
301,1099,1129,0,2,13,17,30
594,1105,1129,0,2,8,16,24
306,1107,1129,0,2,7,15,22
888,1101,1129,0,2,14,14,28
327,1100,1129,0,2,13,16,29
607,1098,1129,0,2,16,15,31
170,1106,1129,0,2,6,17,23
984,1057,1131,1,11,32,42,74
248,1069,1131,1,5,20,42,62
246,1107,1131,2,5,1,23,24
653,1080,1133,2,13,1,52,53
381,1042,1133,2,13,39,52,91
25,1108,1138,1,5,13,17,30
367,1018,1139,1,12,73,48,121
250,1061,1139,2,12,35,43,78
911,1092,1139,2,6,14,33,47
549,1068,1144,2,1,68,8,76
308,1069,1144,2,1,68,7,75
751,1051,1144,2,1,85,8,93
882,1080,1144,2,1,57,7,64
123,1099,1144,2,1,38,7,45
621,1107,1144,2,1,29,8,37
772,1062,1144,2,1,76,6,82
358,1035,1144,2,1,103,7,110
844,1105,1144,2,1,31,8,39
537,1018,1144,2,1,118,8,126
494,1133,1144,2,1,4,7,11
906,1075,1144,2,1,61,8,69
539,1118,1144,2,1,19,7,26
583,1090,1144,2,1,48,6,54
840,1070,1144,2,1,66,8,74
960,1135,1144,2,1,1,8,9
218,1127,1144,2,1,9,8,17
392,1065,1145,2,14,16,64,80
69,1123,1145,0,2,3,19,22
460,1072,1145,2,14,9,64,73
462,1130,1145,0,2,1,14,15
239,1129,1145,0,2,1,15,16
816,1133,1145,0,2,1,11,12
446,1125,1145,0,2,2,18,20
921,1091,1148,1,13,2,55,57
854,1035,1148,2,13,61,52,113
763,1097,1150,2,7,10,43,53
506,1066,1150,2,7,40,44,84
414,1119,1151,2,8,10,22,32
501,1056,1156,2,14,40,60,100
898,1032,1157,1,8,56,69,125
931,1060,1157,2,15,21,76,97
563,1110,1157,2,8,1,46,47
724,1076,1157,2,15,5,76,81
791,1033,1157,2,15,48,76,124
354,1125,1158,1,0,19,14,33
909,1082,1158,2,0,54,22,76
411,1119,1158,2,0,17,22,39
484,1094,1158,2,0,42,22,64
894,1069,1164,1,9,19,76,95
153,1112,1164,2,9,1,51,52
657,1097,1164,2,9,9,58,67
862,1075,1164,2,9,31,58,89
287,1073,1165,1,16,16,76,92
616,1136,1165,1,10,2,27,29
611,1125,1165,2,10,20,20,40
307,1074,1165,2,10,72,19,91
388,1044,1165,2,16,52,69,121
313,1053,1168,2,16,28,87,115
869,1032,1168,2,16,49,87,136
530,1075,1171,1,17,15,81,96
982,1041,1171,1,17,48,82,130
62,1032,1171,2,17,64,75,139
731,1129,1174,1,11,8,37,45
545,1113,1174,2,11,32,29,61
729,1153,1175,0,2,5,17,22
517,1152,1175,0,2,6,17,23
310,1164,1175,0,2,1,10,11
884,1141,1175,0,2,18,16,34
251,1152,1175,0,2,7,16,23
591,1159,1175,0,2,1,15,16
788,1144,1175,0,2,14,17,31
666,1146,1175,0,2,14,15,29
229,1135,1175,0,2,23,17,40
162,1157,1175,0,2,1,17,18
326,1155,1175,0,2,6,14,20
377,1136,1176,2,1,30,10,40
670,1155,1176,2,1,11,11,22
15,1122,1176,2,1,42,12,54
815,1107,1176,2,1,58,11,69
817,1160,1176,2,1,6,10,16
808,1149,1176,2,1,18,9,27
939,1161,1176,2,1,3,12,15
890,1145,1176,2,1,19,12,31
687,1141,1176,2,1,24,11,35
383,1159,1176,2,1,5,12,17
447,1150,1176,2,1,14,12,26
188,1073,1176,2,1,91,12,103
766,1031,1178,2,18,50,97,147
696,1056,1178,2,18,25,97,122
271,1049,1178,2,18,32,97,129
86,1030,1178,2,18,51,97,148
475,1076,1180,1,18,13,91,104
190,1091,1180,1,18,1,88,89
905,1099,1181,2,12,46,36,82
701,1033,1181,2,12,112,36,148
910,1164,1181,2,0,1,16,17
420,1138,1181,2,0,26,17,43
620,1018,1186,1,19,71,97,168
511,1059,1186,1,19,33,94,127
422,1010,1186,1,19,80,96,176
512,1038,1186,2,19,43,105,148
127,1095,1188,2,13,50,43,93
968,1136,1188,2,13,9,43,52
325,1149,1193,1,10,18,26,44
14,1159,1193,2,10,18,16,34
792,1185,1193,0,2,1,7,8
107,1181,1193,0,2,2,10,12
277,1164,1193,0,2,17,12,29
588,1152,1193,2,10,24,17,41
623,1177,1193,0,2,5,11,16
427,1180,1193,0,2,1,12,13
163,1098,1194,1,14,38,58,96
238,1073,1194,2,14,72,49,121
503,1134,1194,2,14,11,49,60
544,1171,1202,2,11,4,27,31
559,1184,1202,2,3,9,9,18
455,1170,1202,2,11,6,26,32
756,1162,1202,2,11,13,27,40
937,1177,1205,2,6,16,12,28
796,1167,1205,2,6,26,12,38
615,1111,1206,2,16,35,60,95
177,1079,1206,2,16,66,61,127
783,1179,1209,1,4,3,27,30
337,1134,1209,2,4,59,16,75
417,1057,1210,2,12,118,35,153
933,1136,1212,2,9,57,19,76
594,1161,1212,2,9,33,18,51
139,1144,1212,2,9,49,19,68
61,1135,1213,1,17,1,77,78
112,1050,1213,2,17,95,68,163
636,1144,1213,2,17,1,68,69
123,1169,1216,1,5,13,34,47
784,1170,1216,2,5,23,23,46
56,1204,1216,2,3,9,3,12
852,1135,1218,2,13,40,43,83
372,1149,1218,2,13,26,43,69
674,1099,1219,2,18,47,73,120
159,1107,1219,2,18,38,74,112
713,1113,1223,2,14,64,46,110
740,1170,1223,2,14,5,48,53
597,1152,1225,1,6,31,42,73
151,1138,1225,2,6,55,32,87
102,1176,1225,2,6,17,32,49
152,1138,1225,2,6,56,31,87
203,1142,1225,2,6,51,32,83
169,1039,1228,2,19,107,82,189
903,1191,1229,1,2,27,11,38
2,1186,1229,0,2,26,17,43
35,1192,1229,0,2,22,15,37
198,1189,1229,0,2,24,16,40
634,1196,1229,0,2,16,17,33
124,1211,1229,0,2,1,17,18
222,1212,1229,0,2,1,16,17
599,1189,1229,0,2,23,17,40
973,1205,1229,0,2,7,17,24
595,1199,1229,0,2,14,16,30
444,1206,1229,0,2,9,14,23
820,1140,1231,1,8,42,49,91
81,1148,1231,1,15,20,63,83
928,1160,1231,2,15,15,56,71
617,1155,1231,2,15,20,56,76
129,1205,1231,2,9,6,20,26
242,1192,1231,2,8,1,38,39
758,1162,1231,2,8,31,38,69
764,1089,1239,2,16,87,63,150
114,1221,1240,2,4,8,11,19
521,1194,1240,2,10,17,29,46
815,1190,1243,1,9,1,52,53
186,1148,1243,2,9,45,50,95
547,1197,1243,2,9,1,45,46
430,1212,1244,2,1,13,19,32
375,1216,1244,2,1,9,19,28
790,1219,1244,2,1,8,17,25
314,1190,1244,2,1,37,17,54
30,1213,1244,2,1,13,18,31
209,1225,1244,2,1,1,18,19
487,1181,1244,2,1,44,19,63
8,1190,1244,2,1,35,19,54
643,1175,1244,2,1,50,19,69
861,1179,1244,2,1,47,18,65
216,1228,1244,2,1,1,15,16
143,1210,1244,2,1,18,16,34
91,1229,1244,2,1,1,14,15
87,1195,1244,2,1,30,19,49
538,1191,1244,2,1,35,18,53
725,1196,1245,1,5,22,27,49
24,1225,1245,2,5,7,13,20
133,1100,1250,2,17,75,75,150
681,1132,1250,2,17,43,75,118
311,1233,1251,2,0,1,17,18
630,1224,1251,2,0,1,26,27
241,1186,1251,2,11,25,40,65
150,1223,1253,2,6,6,24,30
560,1145,1258,1,18,22,91,113
278,1167,1258,2,18,9,82,91
767,1187,1262,2,13,26,49,75
972,1192,1262,2,13,19,51,70
877,1147,1263,2,19,28,88,116
752,1218,1265,1,7,1,46,47
292,1204,1265,1,7,14,47,61
310,1218,1265,2,7,12,35,47
633,1221,1265,2,7,10,34,44
994,1176,1271,2,14,35,60,95
1003,1193,1271,2,14,21,57,78
358,1264,1276,1,2,2,10,12
192,1233,1276,1,2,31,12,43
893,1180,1276,2,15,32,64,96
800,1213,1276,2,9,16,47,63
339,1221,1276,0,2,30,25,55
577,1188,1276,2,15,23,65,88
570,1218,1276,0,2,33,25,58
435,1231,1276,0,2,21,24,45
67,1228,1276,0,2,25,23,48
833,1235,1276,0,2,16,25,41
591,1222,1276,2,9,7,47,54
331,1254,1276,0,2,1,21,22
925,1237,1276,0,2,17,22,39
573,1220,1276,0,2,32,24,56
535,1256,1276,0,2,1,19,20
334,1230,1276,0,2,21,25,46
106,1264,1280,2,3,4,12,16
12,1257,1284,2,1,12,15,27
904,1265,1284,2,1,4,15,19
128,1260,1284,2,1,9,15,24
197,1253,1284,2,1,17,14,31
340,1279,1284,2,1,1,4,5
775,1252,1284,2,1,17,15,32
220,1258,1284,2,1,13,13,26
185,1197,1286,2,16,15,74,89
515,1266,1287,1,3,1,20,21
596,1195,1287,1,10,25,67,92
950,1214,1287,1,10,4,69,73
230,1230,1287,2,10,1,56,57
434,1247,1287,2,6,21,19,40
607,1222,1287,2,10,8,57,65
4,376,1291,13,0,871,44,915
967,360,1291,13,0,885,46,931
920,480,1291,13,0,768,43,811
442,409,1291,13,0,836,46,882
848,307,1291,13,0,938,46,984
971,335,1291,13,0,911,45,956
938,436,1291,13,0,810,45,855
312,1263,1291,2,0,7,21,28
136,474,1291,13,0,771,46,817
812,1273,1292,2,7,1,18,19
871,1236,1292,2,7,32,24,56
549,1254,1297,1,4,10,33,43
808,1264,1297,1,4,1,32,33
191,1285,1297,1,2,6,6,12
89,1197,1297,1,11,22,78,100
147,1275,1297,1,2,15,7,22
897,1200,1298,2,19,11,87,98
413,1189,1298,2,19,23,86,109
749,1263,1302,2,8,6,33,39
679,1219,1305,1,13,1,85,86
580,1293,1307,0,2,1,13,14
952,1294,1307,0,2,1,12,13
476,1289,1307,0,2,2,16,18
838,1276,1307,0,2,15,16,31
970,1294,1307,0,2,2,11,13
179,1288,1307,0,2,4,15,19
882,1229,1309,1,5,34,46,80
298,1266,1309,1,5,2,41,43
398,1261,1314,2,9,7,46,53
423,1226,1315,1,6,37,52,89
742,1233,1317,2,14,1,83,84
341,1275,1319,1,10,16,28,44
622,1175,1323,1,15,43,105,148
308,1249,1325,1,11,41,35,76
83,1265,1325,1,11,26,34,60
757,1257,1325,2,11,40,28,68
338,1283,1325,2,8,1,41,42
439,1185,1328,1,16,34,109,143
416,1230,1328,2,16,3,95,98
454,1302,1330,1,11,1,27,28
494,1296,1330,1,11,2,32,34
824,1250,1335,1,9,13,72,85
677,1322,1335,2,3,4,9,13
718,1288,1337,1,12,2,47,49
840,1267,1337,1,12,23,47,70
339,1294,1337,2,8,33,10,43
412,1251,1339,2,12,56,32,88
222,1276,1339,2,12,34,29,63
590,1293,1343,2,4,33,17,50
851,1267,1346,2,13,41,38,79
832,1238,1348,2,13,59,51,110
149,1288,1352,2,6,39,25,64
502,1228,1355,1,14,63,64,127
687,1278,1355,1,14,14,63,77
95,1308,1355,2,15,1,46,47
82,1297,1355,2,15,10,48,58
716,1285,1360,2,7,41,34,75
401,1246,1365,2,16,62,57,119
790,1288,1367,1,15,6,73,79
497,1288,1367,1,15,2,77,79
467,1209,1367,1,15,81,77,158
916,1278,1367,1,15,12,77,89
28,1325,1369,1,11,26,18,44
754,1299,1369,2,9,27,43,70
883,1351,1370,1,4,1,18,19
793,1238,1377,1,16,52,87,139
658,1244,1377,1,16,48,85,133
540,1300,1377,2,17,7,70,77
120,1267,1377,2,17,40,70,110
888,1257,1377,2,17,52,68,120
788,1290,1377,2,17,17,70,87
529,1318,1377,2,17,1,58,59
527,1359,1378,2,7,1,18,19
939,1325,1380,1,13,25,30,55
664,1307,1380,1,13,43,30,73
792,1321,1381,2,16,6,54,60
364,1362,1382,2,6,1,19,20
189,1244,1385,2,18,63,78,141
258,1270,1388,1,17,23,95,118
583,1284,1388,1,17,6,98,104
279,1244,1388,2,17,53,91,144
572,1264,1388,2,17,33,91,124
886,1304,1389,1,9,44,41,85
402,1318,1389,1,9,30,41,71
861,1323,1389,1,9,25,41,66
685,1332,1391,2,17,1,58,59
739,1286,1391,2,19,21,84,105
76,1269,1391,2,19,38,84,122
509,1287,1391,2,19,21,83,104
635,1309,1392,1,17,42,41,83
306,1361,1395,2,8,1,33,34
371,1250,1396,2,18,47,99,146
260,1320,1401,1,18,32,49,81
977,1349,1401,1,18,1,51,52
651,1323,1410,1,19,27,60,87
660,1315,1410,1,19,35,60,95
772,1328,1410,1,19,25,57,82
386,1406,1416,2,3,1,9,10
141,1381,1416,2,3,27,8,35
683,1389,1423,2,4,17,17,34
610,1344,1424,2,10,68,12,80
595,1356,1424,2,10,56,12,68
485,1373,1428,2,5,33,22,55
326,1399,1428,2,5,7,22,29
600,1396,1431,2,12,17,18,35
670,1382,1435,1,2,47,6,53
536,1381,1435,0,2,40,14,54
719,1327,1435,0,2,95,13,108
605,1299,1435,0,2,123,13,136
738,1380,1435,0,2,43,12,55
609,1424,1435,0,2,2,9,11
532,1295,1435,0,2,126,14,140
606,1411,1435,0,2,14,10,24
917,1337,1435,0,2,87,11,98
48,1390,1435,0,2,32,13,45
576,1302,1435,0,2,119,14,133
408,1322,1435,0,2,99,14,113
896,1366,1435,0,2,55,14,69
550,1369,1435,0,2,53,13,66
472,1332,1435,0,2,89,14,103
404,1306,1435,0,2,117,12,129
924,1372,1435,0,2,49,14,63
965,1391,1435,0,2,30,14,44
342,1349,1437,2,10,65,23,88
373,1422,1439,2,14,1,16,17
741,1416,1439,2,14,1,22,23
881,1432,1440,2,3,4,4,8
33,1385,1441,2,7,21,35,56
158,1405,1441,2,14,7,29,36
517,1336,1441,2,14,76,29,105
638,1358,1441,2,14,56,27,83
174,1400,1441,2,7,6,35,41
992,1376,1441,2,7,31,34,65
380,1381,1447,2,9,25,41,66
39,1389,1448,1,2,55,4,59
599,1404,1448,2,11,11,33,44
938,1433,1448,0,2,2,13,15
432,1418,1449,2,15,1,30,31
723,1410,1450,2,15,2,38,40
449,1343,1450,2,15,70,37,107
930,1358,1450,2,15,54,38,92
907,1429,1451,2,5,6,16,22
317,1432,1451,2,5,3,16,19
628,1421,1457,2,18,1,35,36
383,1378,1460,1,3,63,19,82
884,1421,1460,2,15,1,38,39
100,1352,1460,2,16,60,48,108
648,1365,1463,1,7,64,34,98
204,1356,1467,2,17,57,54,111
584,1400,1467,2,17,12,55,67
340,1384,1470,1,7,57,29,86
561,1413,1471,2,16,1,57,58
12,1423,1475,1,8,20,32,52
751,1424,1475,1,8,17,34,51
904,1375,1475,1,8,54,46,100
915,1435,1475,2,8,2,38,40
627,1437,1475,2,8,1,37,38
818,1358,1477,2,18,55,64,119
202,1388,1478,2,19,26,64,90
57,1286,1482,2,1,179,17,196
245,1312,1482,2,1,153,17,170
309,1348,1482,2,1,119,15,134
885,1286,1482,2,1,180,16,196
43,1429,1482,2,1,36,17,53
737,1333,1482,2,1,133,16,149
759,1327,1482,2,1,141,14,155
160,1287,1482,2,1,178,17,195
85,1293,1482,2,1,174,15,189
667,1375,1482,2,1,91,16,107
429,1332,1482,2,1,133,17,150
531,1396,1482,2,19,16,70,86
959,1422,1482,2,1,43,17,60
477,1408,1482,2,19,5,69,74
357,1424,1482,2,1,45,13,58
707,1471,1482,2,1,1,10,11
362,1362,1482,2,1,103,17,120
507,1362,1482,2,19,50,70,120
9,1313,1482,2,1,153,16,169
546,1452,1484,2,9,1,31,32
15,1421,1489,1,10,20,48,68
377,1381,1497,1,11,61,55,116
430,1493,1497,1,0,1,3,4
30,1375,1497,1,11,68,54,122
539,1354,1497,1,0,128,15,143
319,1341,1497,2,0,124,32,156
29,1444,1497,2,11,4,49,53
410,1319,1497,2,0,146,32,178
421,1433,1497,2,0,32,32,64
997,1432,1497,2,0,34,31,65
837,1480,1501,2,12,1,20,21
769,1464,1501,2,12,13,24,37
989,1464,1501,2,12,14,23,37
906,1410,1503,1,12,32,61,93
451,1371,1509,1,13,70,68,138
621,1360,1509,1,13,81,68,149
18,1468,1510,2,16,9,33,42
184,1490,1510,2,16,1,19,20
97,1486,1514,2,1,23,5,28
844,1424,1520,1,14,18,78,96
265,1486,1520,2,17,1,33,34
975,1500,1520,2,11,2,18,20
8,1509,1526,1,0,4,13,17
890,1407,1529,1,15,34,88,122
80,1441,1529,2,15,9,79,88
579,1500,1532,2,12,1,31,32
4,1517,1534,0,2,9,8,17
132,1494,1541,2,13,5,42,47
119,1431,1541,2,17,17,93,110
981,1533,1544,2,3,1,10,11
166,1526,1544,2,3,8,10,18
343,1529,1544,2,3,5,10,15
518,1494,1544,2,3,40,10,50
229,1506,1544,2,3,29,9,38
676,1539,1544,2,3,1,4,5
684,1491,1548,0,2,3,54,57
578,1465,1548,0,2,28,55,83
330,1496,1548,0,2,1,51,52
361,1466,1548,0,2,25,57,82
927,1483,1548,0,2,8,57,65
22,1463,1548,0,2,28,57,85
568,1458,1548,0,2,33,57,90
689,1475,1548,0,2,17,56,73
443,1497,1548,2,14,2,49,51
299,1462,1548,0,2,30,56,86
690,1455,1551,2,4,79,17,96
817,1370,1553,1,18,72,111,183
237,1441,1553,2,18,7,105,112
17,1502,1555,2,16,1,52,53
329,1462,1556,2,5,72,22,94
695,1538,1556,2,5,2,16,18
251,1531,1556,2,5,7,18,25
179,1540,1556,2,5,9,7,16
216,1439,1558,1,19,2,117,119
876,1432,1558,2,19,17,109,126
813,1538,1559,2,1,3,18,21
602,1531,1559,2,1,11,17,28
245,1546,1565,1,8,1,18,19
474,1517,1565,2,6,17,31,48
912,1486,1565,2,6,50,29,79
919,1528,1565,2,6,7,30,37
528,1539,1566,2,7,9,18,27
744,1533,1570,2,0,8,29,37
318,1522,1570,2,0,19,29,48
20,1534,1570,2,0,9,27,36
794,1555,1572,2,9,1,16,17
128,1537,1573,1,9,1,35,36
715,1538,1576,2,7,1,37,38
811,1523,1576,2,7,12,41,53
457,1456,1582,2,8,79,47,126
967,1540,1584,0,2,30,14,44
678,1566,1584,0,2,4,14,18
442,1548,1584,0,2,23,13,36
623,1523,1596,2,11,13,60,73
345,1591,1601,0,2,1,9,10
136,1578,1601,0,2,13,10,23
197,1552,1606,1,14,26,28,54
672,1515,1608,2,15,19,74,93
762,1580,1608,2,3,14,14,28
516,1568,1608,2,3,25,15,40
613,1517,1613,2,16,20,76,96
704,1601,1613,2,4,1,11,12
135,1570,1614,2,1,33,11,44
643,1481,1614,1,10,97,36,133
659,1561,1614,2,1,41,12,53
224,1590,1614,2,1,12,12,24
448,1595,1614,2,1,8,11,19
225,1589,1614,2,1,15,10,25
327,1601,1616,2,5,1,14,15
314,1495,1618,1,16,83,40,123
737,1538,1619,1,11,40,41,81
85,1523,1619,1,11,55,41,96
542,1572,1619,2,0,30,17,47
900,1596,1619,2,0,6,17,23
41,1585,1621,2,6,8,28,36
473,1561,1621,2,6,31,29,60
144,1523,1623,2,17,11,89,100
427,1609,1625,2,9,1,15,16
645,1578,1627,2,12,6,43,49
68,1598,1628,2,7,1,29,30
332,1592,1635,2,8,3,40,43
831,1566,1639,2,13,18,55,73
953,1601,1639,0,2,18,20,38
55,1585,1639,2,13,1,53,54
971,1616,1639,0,2,4,19,23
834,1603,1646,2,14,1,42,43
780,1582,1647,2,9,10,55,65
848,1629,1647,0,2,11,7,18
350,1571,1647,2,9,21,55,76
932,1618,1648,2,4,21,9,30
198,1562,1654,2,15,22,70,92
836,1586,1654,2,15,1,67,68
235,1552,1654,2,15,33,69,102
576,1584,1654,2,15,1,69,70
955,1565,1654,2,15,20,69,89
394,1618,1655,2,6,22,15,37
32,1615,1655,2,6,24,16,40
969,1570,1661,2,16,14,77,91
659,1645,1667,1,10,1,21,22
952,1657,1667,2,10,1,9,10
244,1644,1667,2,7,1,22,23
209,1531,1669,1,17,48,90,138
587,1549,1669,2,17,35,85,120
846,1590,1669,2,17,1,78,79
104,1665,1670,2,3,2,3,5
514,1648,1672,2,1,10,14,24
324,1641,1672,2,1,16,15,31
407,1657,1675,2,4,7,11,18
465,1663,1675,2,4,2,10,12
476,1596,1676,2,18,1,79,80
759,1619,1677,1,8,9,49,58
979,1617,1677,2,11,35,25,60
733,1617,1677,2,8,22,38,60
140,1668,1678,2,4,1,9,10
786,1604,1682,2,19,1,77,78
543,1669,1683,2,0,1,13,14
282,1635,1687,2,12,18,34,52
839,1653,1687,2,12,1,33,34
124,1673,1688,2,5,1,14,15
833,1654,1694,2,13,2,38,40
441,1645,1694,2,13,5,44,49
936,1666,1696,0,2,17,13,30
914,1675,1696,0,2,9,12,21
486,1677,1696,0,2,6,13,19
899,1670,1696,2,8,2,24,26
649,1679,1698,2,7,10,9,19
978,1664,1700,2,18,2,34,36
481,1615,1704,2,14,36,53,89
74,1674,1704,2,9,1,29,30
541,1703,1708,2,3,1,4,5
379,1675,1708,2,9,14,19,33
42,1613,1711,2,15,37,61,98
721,1671,1716,2,10,2,43,45
247,1704,1721,2,5,1,16,17
440,1618,1723,2,16,32,73,105
389,1626,1723,2,16,25,72,97
370,1648,1723,2,16,2,73,75
589,1682,1724,2,1,28,14,42
640,1691,1724,2,1,20,13,33
4,1670,1727,2,13,1,56,57
35,1693,1728,2,7,3,32,35
872,1701,1728,2,7,1,26,27
148,1701,1731,2,0,9,21,30
206,1653,1731,2,17,2,76,78
49,1709,1735,2,8,14,12,26
698,1666,1737,2,15,2,69,71
522,1691,1738,2,10,33,14,47
606,1724,1738,2,10,4,10,14
988,1615,1743,2,18,35,93,128
843,1723,1745,2,9,1,21,22
709,1690,1745,0,2,42,13,55
810,1687,1745,0,2,44,14,58
233,1722,1750,2,11,3,25,28
277,1709,1750,2,11,15,26,41
926,1727,1751,2,1,15,9,24
478,1633,1754,2,19,17,104,121
510,1645,1754,2,19,6,103,109
196,1723,1757,2,0,19,15,34
555,1741,1757,2,0,1,15,16
452,1726,1757,2,0,17,14,31
745,1733,1757,2,0,11,13,24
646,1702,1760,2,12,23,35,58
223,1728,1760,2,12,1,31,32
334,1707,1767,2,13,18,42,60
309,1729,1770,1,11,10,31,41
160,1677,1770,1,11,62,31,93
226,1758,1770,2,3,2,10,12
436,1737,1770,2,3,24,9,33
519,1731,1770,2,3,29,10,39
57,1734,1773,1,3,33,6,39
305,1740,1776,2,8,21,15,36
838,1737,1777,2,12,8,32,40
1002,1721,1777,2,14,3,53,56
444,1704,1777,2,14,23,50,73
525,1738,1782,2,5,22,22,44
879,1704,1784,2,15,20,60,80
442,1758,1786,2,13,1,27,28
956,1785,1788,2,3,1,2,3
345,1773,1788,2,3,7,8,15
302,1751,1792,2,9,10,31,41
656,1749,1792,2,9,11,32,43
667,1731,1793,1,14,10,52,62
368,1686,1796,2,16,38,72,110
490,1706,1796,2,16,18,72,90
970,1719,1796,2,16,7,70,77
612,1676,1796,2,16,48,72,120
821,1787,1799,2,8,1,11,12
953,1764,1802,2,10,1,37,38
43,1707,1803,1,15,33,63,96
110,1689,1807,2,18,37,81,118
353,1776,1809,2,0,15,18,33
558,1805,1810,2,3,2,3,5
264,1760,1812,2,17,1,51,52
999,1766,1813,2,14,1,46,47
946,1680,1815,2,19,45,90,135
113,1796,1817,2,4,3,18,21
67,1805,1817,2,4,1,11,12
917,1762,1819,2,15,1,56,57
700,1809,1827,2,9,3,15,18
404,1819,1838,2,15,1,18,19
107,1778,1846,2,16,38,30,68
50,1835,1848,2,10,1,12,13
523,1827,1848,2,10,4,17,21
221,1823,1848,2,6,13,12,25
257,1794,1855,2,17,22,39,61
848,1841,1857,2,13,1,15,16
254,1792,1863,2,19,25,46,71
297,1812,1864,0,2,39,13,52
859,1849,1867,2,9,6,12,18
69,1843,1870,2,17,1,26,27
135,1798,1879,1,13,47,34,81
176,1874,1882,2,1,2,6,8
535,1874,1886,2,10,1,11,12
618,1855,1893,2,19,1,37,38
472,1860,1893,2,12,4,29,33
34,1877,1898,2,7,8,13,21
291,1885,1898,2,7,1,12,13
162,1874,1903,2,14,2,27,29
671,1860,1911,2,15,3,48,51
578,1893,1914,2,12,1,20,21
678,1905,1916,2,3,3,8,11
765,1861,1919,2,18,2,56,58
239,1911,1925,2,4,1,13,14
804,1899,1929,2,18,1,29,30
717,1865,1929,2,19,1,63,64
936,1928,1934,2,3,1,5,6
738,1903,1938,2,19,1,34,35
589,1876,1941,1,10,20,45,65
172,1914,1949,2,10,20,15,35
920,1916,1949,0,2,26,7,33
719,1933,1956,2,12,1,22,23
446,1962,1967,2,4,1,4,5
689,1945,1967,2,4,5,17,22
614,1921,1971,2,16,13,37,50
115,1932,1971,2,16,4,35,39
2,1962,1974,2,1,1,11,12
566,1962,1974,2,1,2,10,12
301,1942,1974,2,5,7,25,32
462,1933,1979,2,17,2,44,46
634,1948,1981,2,7,1,32,33
435,1964,1984,2,3,15,5,20
552,1945,1985,2,0,14,26,40
532,1915,1987,2,19,20,52,72
573,1949,1994,2,12,20,25,45
816,1987,1999,2,13,1,11,12
165,1982,2004,2,3,12,10,22
684,1995,2011,2,4,1,15,16
619,2005,2024,2,19,1,18,19
170,1988,2024,2,19,9,27,36
973,2011,2034,2,11,4,19,23
709,2022,2042,2,10,1,19,20
331,2016,2044,2,12,1,27,28
136,2007,2051,2,13,7,37,44
486,2059,2068,2,5,1,8,9
580,2050,2078,2,12,7,21,28
666,2046,2086,2,14,10,30,40
570,2154,2185,2,19,5,26,31
361,2170,2188,2,10,1,17,18
176,2178,2190,1,3,4,8,12
48,2170,2200,2,12,2,28,30
925,2166,2207,2,14,1,40,41
550,2201,2220,2,11,5,14,19
927,2210,2224,2,11,1,13,14
965,2189,2233,2,13,17,27,44
938,2217,2254,2,13,17,20,37
924,2216,2269,2,17,17,36,53
299,2266,2274,2,3,1,7,8
605,2259,2296,2,15,4,33,37
609,2293,2303,2,10,1,9,10
896,2285,2314,2,15,6,23,29
536,2299,2321,2,10,3,19,22
330,2311,2328,2,12,1,16,17
408,2319,2331,2,4,4,8,12
22,2374,2397,2,10,4,19,23
967,2390,2409,2,13,1,18,19
568,2403,2416,2,5,4,9,13
914,2485,2497,2,3,5,7,12
971,2514,2526,2,13,1,11,12
810,2529,2541,2,3,5,7,12
297,2757,2771,2,3,6,8,14
920,2809,2833,2,13,6,18,24
