29,2,11,0,2,2,7,9
718,33,54,1,2,10,11,21
731,15,54,0,2,19,20,39
96,18,54,0,2,17,19,36
308,34,54,0,2,2,18,20
707,37,54,0,2,1,16,17
342,52,74,0,2,16,6,22
578,67,74,0,2,3,4,7
784,67,74,0,2,1,6,7
19,69,74,0,2,2,3,5
824,66,74,0,2,1,7,8
658,65,74,0,2,3,6,9
287,64,74,0,2,3,7,10
560,62,74,0,2,7,5,12
543,51,74,0,2,16,7,23
667,57,74,0,2,10,7,17
262,9,92,6,2,26,57,83
832,84,92,3,2,1,7,8
180,1,92,16,2,18,73,91
164,57,92,3,2,20,15,35
137,5,92,5,2,44,43,87
718,74,96,2,1,12,10,22
228,51,104,5,0,1,52,53
459,20,104,3,0,56,28,84
514,4,104,9,0,12,88,100
756,17,104,8,0,6,81,87
5,73,104,3,0,3,28,31
126,54,104,4,0,8,42,50
279,48,105,13,2,24,33,57
264,58,105,12,2,25,22,47
634,33,105,16,2,22,50,72
623,51,105,14,2,12,42,54
828,75,105,11,2,17,13,30
688,66,105,13,2,6,33,39
483,30,105,18,2,11,64,75
851,35,107,10,0,24,48,72
112,37,107,12,0,6,64,70
114,48,107,12,0,1,58,59
184,16,107,16,0,4,87,91
454,41,111,14,0,22,48,70
304,52,111,13,0,22,37,59
597,26,111,17,0,24,61,85
709,47,111,13,0,26,38,64
547,43,111,13,0,29,39,68
155,82,111,11,0,11,18,29
587,43,111,14,0,21,47,68
478,18,111,19,0,16,77,93
295,8,111,19,0,25,78,103
448,36,116,8,2,33,47,80
503,55,116,7,2,20,41,61
665,83,116,7,2,1,32,33
777,8,116,14,2,23,85,108
761,42,116,2,0,43,31,74
717,91,116,1,0,6,19,25
694,77,116,1,0,19,20,39
770,79,116,2,0,6,31,37
242,72,118,1,2,41,5,46
849,89,118,0,2,15,14,29
693,87,118,0,2,18,13,31
122,81,118,0,2,23,14,37
450,6,122,14,0,24,92,116
309,54,122,7,0,22,46,68
643,83,122,4,0,11,28,39
420,54,122,6,0,33,35,68
327,12,122,12,0,29,81,110
201,15,122,14,0,15,92,107
654,12,122,12,0,30,80,110
808,36,122,7,0,39,47,86
348,13,122,12,0,28,81,109
865,118,124,0,2,1,5,6
143,116,127,0,2,1,10,11
493,121,134,0,2,1,12,13
129,123,134,0,2,1,10,11
308,85,141,2,7,33,23,56
839,94,155,6,2,37,24,61
457,151,155,3,2,1,3,4
513,116,155,3,2,28,11,39
164,151,165,2,1,5,9,14
364,112,170,16,2,7,51,58
579,73,170,16,2,46,51,97
585,104,170,12,2,41,25,66
595,77,170,15,2,52,41,93
102,111,170,16,2,9,50,59
723,99,170,13,2,41,30,71
368,115,170,12,2,30,25,55
93,165,170,0,2,1,4,5
290,144,170,0,2,13,13,26
541,147,170,0,2,10,13,23
678,150,170,0,2,8,12,20
796,146,170,0,2,13,11,24
231,117,170,3,0,28,25,53
545,109,170,6,0,23,38,61
518,119,170,2,0,36,15,51
444,139,170,0,2,20,12,32
813,141,170,3,0,3,26,29
184,132,170,0,2,25,13,38
768,90,176,14,0,45,41,86
577,103,176,13,0,38,35,73
400,163,176,2,0,7,6,13
619,142,176,12,0,3,31,34
476,137,176,11,0,13,26,39
588,99,176,14,0,37,40,77
367,63,176,19,0,38,75,113
168,86,176,18,0,22,68,90
555,98,176,14,0,36,42,78
17,121,176,13,0,19,36,55
570,106,176,12,0,40,30,70
655,138,176,12,0,9,29,38
451,77,176,14,0,57,42,99
4,100,176,18,0,9,67,76
172,169,180,0,2,1,10,11
327,170,180,0,2,1,9,10
322,177,184,0,2,1,6,7
287,155,189,2,4,15,19,34
29,167,199,2,13,14,18,32
196,180,201,10,2,1,20,21
332,186,201,10,2,1,14,15
792,124,201,10,2,49,28,77
787,187,203,0,2,7,9,16
681,187,203,0,2,9,7,16
173,194,203,0,2,3,6,9
618,183,203,0,2,11,9,20
467,186,203,0,2,9,8,17
70,189,203,0,2,6,8,14
459,187,203,0,2,7,9,16
784,147,213,2,19,33,33,66
695,202,216,1,2,4,10,14
864,200,216,0,2,1,15,16
448,180,217,2,1,22,15,37
483,175,217,2,1,26,16,42
93,202,221,2,16,1,18,19
245,169,223,6,2,44,10,54
779,195,223,6,2,18,10,28
357,73,223,8,2,122,28,150
121,200,223,6,2,14,9,23
88,186,223,9,2,1,36,37
766,69,223,9,2,118,36,154
497,163,223,7,2,40,20,60
869,194,223,8,2,1,28,29
754,211,223,6,2,2,10,12
240,155,229,10,0,18,56,74
711,156,229,10,0,19,54,73
641,221,229,1,0,1,7,8
529,192,229,7,0,13,24,37
554,209,229,7,0,1,19,20
117,207,229,7,0,1,21,22
109,213,229,2,0,1,15,16
328,112,229,9,0,76,41,117
119,119,229,7,0,84,26,110
502,169,229,10,0,4,56,60
496,145,229,6,0,68,16,84
755,157,229,6,0,57,15,72
736,154,229,10,0,20,55,75
447,184,229,10,0,1,44,45
528,134,229,7,0,70,25,95
616,159,229,9,0,28,42,70
834,180,229,9,0,9,40,49
253,192,229,8,0,4,33,37
500,149,233,17,2,36,48,84
232,148,233,15,2,60,25,85
359,159,233,16,2,43,31,74
144,189,233,16,2,14,30,44
387,188,233,16,2,14,31,45
748,143,233,16,2,59,31,90
521,206,233,15,2,1,26,27
124,183,233,17,2,3,47,50
376,214,237,0,2,15,8,23
812,162,240,3,2,61,17,78
103,215,240,3,2,9,16,25
26,200,240,3,2,25,15,40
427,236,240,3,2,1,3,4
54,206,245,15,0,2,37,39
316,142,245,15,0,65,38,103
841,138,245,18,0,30,77,107
195,180,245,15,0,27,38,65
362,138,245,19,0,18,89,107
85,121,245,17,0,63,61,124
429,150,245,17,0,34,61,95
856,136,245,19,0,19,90,109
127,179,245,16,0,25,41,66
490,144,245,16,0,59,42,101
519,216,245,15,0,1,28,29
192,185,245,15,0,24,36,60
136,234,246,1,2,4,8,12
706,233,246,0,2,1,12,13
369,227,246,0,2,2,17,19
606,206,246,0,2,23,17,40
426,175,246,3,0,48,23,71
1,227,246,0,2,4,16,20
833,217,246,3,0,6,23,29
325,163,246,3,0,61,22,83
163,210,246,3,0,13,23,36
269,245,256,1,2,6,5,11
633,238,256,0,2,8,10,18
639,245,256,0,2,1,10,11
454,237,256,0,2,8,11,19
425,239,256,0,2,7,11,18
133,252,266,0,2,1,13,14
14,242,266,0,2,4,20,24
199,220,275,5,2,33,22,55
148,211,275,5,2,41,23,64
150,231,275,5,2,21,23,44
277,234,275,5,2,20,21,41
296,229,275,4,2,31,15,46
650,143,278,14,2,105,30,135
13,203,278,19,2,10,65,75
859,204,278,18,2,18,56,74
714,247,278,14,2,1,30,31
626,245,278,14,2,4,29,33
860,204,278,18,2,19,55,74
849,264,278,2,10,1,13,14
707,213,281,2,15,33,35,68
403,255,286,3,0,14,17,31
3,158,286,4,0,102,26,128
612,259,286,3,0,9,18,27
411,246,286,4,0,16,24,40
630,249,286,4,0,11,26,37
125,160,286,4,0,101,25,126
286,240,286,3,0,28,18,46
777,284,290,2,1,1,5,6
865,257,290,2,0,15,18,33
381,276,290,2,0,1,13,14
152,273,290,2,0,2,15,17
120,254,290,2,0,20,16,36
212,251,290,2,0,22,17,39
468,264,290,2,0,9,17,26
771,252,290,2,0,20,18,38
382,248,290,2,0,24,18,42
618,256,292,2,12,1,35,36
0,266,293,0,2,22,5,27
685,142,293,11,2,118,33,151
464,250,293,11,2,10,33,43
744,173,293,12,2,71,49,120
546,208,293,13,2,22,63,85
280,233,293,13,2,1,59,60
724,193,293,13,2,39,61,100
751,179,293,13,2,51,63,114
540,216,293,11,2,45,32,77
372,187,293,11,2,75,31,106
762,273,293,0,2,14,6,20
826,257,293,0,2,30,6,36
412,270,293,0,2,16,7,23
268,256,293,0,2,30,7,37
141,276,293,0,2,13,4,17
295,257,293,0,2,29,7,36
253,273,293,0,2,13,7,20
657,292,298,0,2,1,5,6
456,294,298,0,2,1,3,4
512,292,298,0,2,2,4,6
346,292,298,0,2,1,5,6
61,291,298,0,2,1,6,7
22,288,298,0,2,2,8,10
386,219,298,16,0,23,56,79
532,212,298,17,0,22,64,86
435,168,298,19,0,46,84,130
303,252,298,13,0,5,41,46
651,207,298,18,0,17,74,91
10,167,298,19,0,46,85,131
455,226,298,14,0,24,48,72
800,294,298,1,0,1,3,4
625,149,298,14,0,100,49,149
704,181,298,14,0,67,50,117
339,232,298,14,0,16,50,66
583,179,298,19,0,34,85,119
397,211,298,18,0,11,76,87
875,205,298,18,0,17,76,93
480,183,298,19,0,32,83,115
321,171,302,11,0,90,41,131
132,254,302,10,0,22,26,48
422,177,302,11,0,83,42,125
415,237,302,13,0,1,64,65
863,201,302,11,0,59,42,101
741,229,302,13,0,1,72,73
60,218,302,13,0,13,71,84
807,176,302,13,0,55,71,126
569,149,302,12,0,94,59,153
485,240,302,10,0,36,26,62
470,155,302,13,0,75,72,147
290,292,316,2,8,1,23,24
95,311,326,1,2,3,12,15
431,309,326,0,2,1,16,17
750,302,326,0,2,1,23,24
202,310,326,0,2,1,15,16
520,305,326,0,2,1,20,21
854,308,326,0,2,1,17,18
367,305,326,0,2,2,19,21
354,276,331,8,2,37,18,55
84,306,331,6,2,16,9,25
34,284,331,8,2,28,19,47
251,315,331,7,2,1,15,16
250,244,331,8,2,70,17,87
662,293,331,7,2,18,20,38
243,315,331,6,2,3,13,16
763,281,332,18,2,24,27,51
474,237,332,19,2,58,37,95
853,239,332,19,2,55,38,93
307,314,332,17,2,1,17,18
758,261,332,19,2,33,38,71
508,234,332,19,2,60,38,98
843,290,332,18,2,14,28,42
650,329,335,2,1,1,5,6
864,329,335,2,1,2,4,6
506,221,338,8,0,91,26,117
355,256,338,8,0,56,26,82
305,221,338,8,0,92,25,117
668,236,338,8,0,76,26,102
730,302,338,8,0,10,26,36
551,299,338,8,0,16,23,39
510,318,341,0,2,11,12,23
526,332,341,0,2,1,8,9
713,312,341,0,2,17,12,29
524,317,341,0,2,14,10,24
433,330,341,0,2,1,10,11
873,314,341,0,2,15,12,27
65,318,341,0,2,12,11,23
675,312,341,0,2,18,11,29
870,323,341,0,2,7,11,18
449,332,341,0,2,2,7,9
624,322,341,0,2,10,9,19
830,290,341,10,0,14,37,51
450,322,341,0,2,7,12,19
167,298,341,10,0,5,38,43
420,319,341,0,2,10,12,22
647,291,341,10,0,12,38,50
227,305,341,2,0,20,16,36
220,326,341,2,0,1,14,15
158,297,341,10,0,8,36,44
831,248,341,10,0,55,38,93
341,309,341,1,0,26,6,32
219,323,341,2,0,3,15,18
376,331,345,2,3,1,13,14
372,330,346,2,1,1,15,16
86,259,349,17,0,55,35,90
772,268,349,18,0,36,45,81
499,241,349,19,0,55,53,108
720,285,349,19,0,12,52,64
207,241,349,19,0,53,55,108
11,300,349,19,0,1,48,49
331,251,349,17,0,62,36,98
482,309,349,18,0,1,39,40
848,297,349,18,0,9,43,52
382,342,349,0,2,1,6,7
509,249,349,19,0,46,54,100
351,301,349,19,0,1,47,48
73,278,349,17,0,35,36,71
300,298,349,18,0,6,45,51
47,184,352,6,0,134,34,168
118,294,352,7,0,20,38,58
847,257,352,7,0,56,39,95
840,312,352,6,0,6,34,40
460,289,352,7,0,23,40,63
659,249,352,7,0,63,40,103
538,257,352,6,0,61,34,95
461,244,352,7,0,67,41,108
263,266,352,6,0,52,34,86
246,236,352,6,0,82,34,116
548,250,352,6,0,70,32,102
679,261,352,6,0,58,33,91
76,296,352,7,0,15,41,56
282,212,352,6,0,107,33,140
666,287,352,7,0,24,41,65
674,313,352,6,0,6,33,39
504,251,352,7,0,60,41,101
797,352,359,0,2,1,6,7
692,351,359,0,2,1,7,8
652,346,359,0,2,3,10,13
667,325,359,2,8,3,31,34
168,348,359,0,2,2,9,11
478,348,359,0,2,1,10,11
87,357,361,0,2,1,3,4
541,342,366,2,11,1,23,24
456,366,369,2,3,1,2,3
284,309,376,5,2,40,27,67
409,279,376,4,2,77,20,97
2,357,376,4,2,2,17,19
393,285,376,5,2,65,26,91
631,283,376,5,2,66,27,93
633,285,378,2,16,41,52,93
687,365,379,3,2,8,6,14
412,359,379,2,4,3,17,20
148,366,383,2,1,10,7,17
595,369,383,2,1,9,5,14
731,363,383,2,1,14,6,20
796,286,385,2,18,41,58,99
859,378,386,2,1,1,7,8
828,382,386,2,1,1,3,4
639,380,386,2,1,1,5,6
575,331,393,5,0,20,42,62
682,368,393,3,0,4,21,25
215,311,393,5,0,39,43,82
69,379,393,2,0,1,13,14
388,337,393,5,0,13,43,56
200,278,393,5,0,72,43,115
25,347,393,3,0,25,21,46
19,357,395,2,11,1,37,38
678,350,396,2,6,11,35,46
295,302,397,2,19,24,71,95
311,276,398,4,0,81,41,122
297,289,398,4,0,67,42,109
254,260,398,5,0,89,49,138
558,351,398,4,0,5,42,47
185,320,398,4,0,37,41,78
229,322,398,5,0,27,49,76
530,335,398,3,0,31,32,63
255,373,398,2,0,3,22,25
275,334,398,5,0,15,49,64
151,361,398,2,0,15,22,37
523,309,398,3,0,56,33,89
410,274,398,4,0,82,42,124
644,346,398,3,0,19,33,52
230,352,398,3,0,13,33,46
458,356,398,3,0,10,32,42
160,347,398,5,0,2,49,51
642,288,398,4,0,70,40,110
798,371,398,1,0,12,15,27
369,354,401,2,12,1,46,47
729,384,402,0,2,9,9,18
566,390,402,0,2,3,9,12
481,376,402,0,2,17,9,26
581,358,402,0,2,36,8,44
154,373,402,0,2,20,9,29
686,388,402,0,2,5,9,14
567,380,402,0,2,13,9,22
557,357,402,0,2,36,9,45
684,382,402,0,2,11,9,20
596,359,402,0,2,34,9,43
197,374,402,0,2,19,9,28
533,375,402,0,2,18,9,27
379,368,402,0,2,25,9,34
768,363,402,0,2,30,9,39
597,359,402,0,2,34,9,43
426,373,402,0,2,21,8,29
529,362,402,0,2,32,8,40
841,369,402,0,2,25,8,33
813,377,402,0,2,16,9,25
509,370,402,0,2,23,9,32
578,350,410,2,13,1,59,60
291,353,411,16,2,36,22,58
601,289,411,16,2,100,22,122
35,345,411,16,2,45,21,66
861,264,411,16,2,126,21,147
145,284,411,16,2,105,22,127
638,365,414,1,2,42,7,49
799,389,414,1,2,18,7,25
59,383,414,0,2,15,16,31
115,404,414,0,2,1,9,10
767,371,414,0,2,27,16,43
283,397,414,0,2,1,16,17
366,376,414,0,2,23,15,38
233,403,414,0,2,1,10,11
613,396,414,0,2,4,14,18
671,359,414,0,2,39,16,55
651,379,414,0,2,19,16,35
496,389,414,0,2,9,16,25
461,365,414,0,2,34,15,49
17,374,414,0,2,26,14,40
810,375,414,0,2,24,16,40
616,380,414,0,2,21,13,34
348,386,414,0,2,13,15,28
122,404,415,2,6,1,10,11
658,349,417,2,16,1,67,68
652,363,417,2,16,1,53,54
70,390,423,2,9,12,21,33
164,374,425,1,3,34,17,51
65,346,427,2,19,3,78,81
417,315,429,8,2,104,10,114
726,355,429,8,2,64,10,74
721,316,429,9,2,89,24,113
764,333,429,9,2,73,23,96
28,331,429,8,2,88,10,98
147,354,429,9,2,51,24,75
516,290,429,9,2,117,22,139
681,417,431,2,1,1,13,14
393,405,431,2,1,6,20,26
724,410,431,2,1,2,19,21
342,416,431,2,1,1,14,15
96,416,433,2,5,1,16,17
719,344,434,19,2,54,36,90
590,341,434,17,2,69,24,93
473,362,434,19,2,36,36,72
598,351,434,17,2,60,23,83
398,316,434,19,2,81,37,118
169,323,434,19,2,76,35,111
206,319,434,19,2,78,37,115
267,317,434,19,2,81,36,117
104,343,438,8,0,78,17,95
64,403,438,8,0,17,18,35
600,428,438,2,0,1,9,10
845,377,438,8,0,42,19,61
356,358,438,8,0,61,19,80
77,375,438,9,0,30,33,63
171,434,438,2,0,1,3,4
515,249,438,9,0,157,32,189
872,279,438,9,0,126,33,159
825,356,438,8,0,64,18,82
727,319,438,8,0,101,18,119
51,217,438,9,0,188,33,221
57,359,438,9,0,49,30,79
146,396,438,9,0,9,33,42
722,382,438,9,0,24,32,56
385,316,442,16,0,74,52,126
294,417,442,1,0,14,11,25
392,352,442,19,0,45,45,90
42,357,442,16,0,33,52,85
842,323,442,18,0,79,40,119
49,371,442,16,0,19,52,71
12,341,442,19,0,56,45,101
223,370,442,19,0,27,45,72
159,251,442,16,0,138,53,191
48,364,442,16,0,25,53,78
343,300,442,16,0,89,53,142
162,388,442,17,0,22,32,54
273,374,442,16,0,15,53,68
176,394,442,17,0,18,30,48
669,288,442,16,0,102,52,154
537,396,442,17,0,14,32,46
760,403,442,17,0,7,32,39
399,351,442,19,0,49,42,91
670,316,442,16,0,73,53,126
271,406,442,18,0,1,35,36
187,422,442,2,0,1,19,20
257,274,442,16,0,115,53,168
333,321,442,16,0,70,51,121
36,345,442,16,0,44,53,97
802,408,442,1,0,24,10,34
862,279,442,16,0,112,51,163
774,400,442,17,0,11,31,42
222,345,442,19,0,52,45,97
98,396,442,1,0,35,11,46
491,332,442,16,0,57,53,110
542,358,442,16,0,31,53,84
334,435,449,0,2,7,7,14
221,419,450,0,2,20,11,31
656,437,450,0,2,2,11,13
82,438,450,0,2,2,10,12
274,434,450,0,2,4,12,16
170,417,450,0,2,23,10,33
216,417,450,0,2,21,12,33
700,422,450,0,2,16,12,28
63,430,450,0,2,8,12,20
789,437,450,0,2,1,12,13
211,419,450,0,2,19,12,31
309,408,450,0,2,31,11,42
643,436,450,0,2,2,12,14
311,405,450,0,2,33,12,45
619,427,450,0,2,12,11,23
514,439,450,0,2,1,10,11
741,431,450,0,2,8,11,19
625,430,450,0,2,10,10,20
362,439,450,0,2,1,10,11
856,430,450,0,2,8,12,20
485,410,450,0,2,28,12,40
94,443,454,0,2,1,10,11
105,422,454,0,2,20,12,32
131,439,454,0,2,3,12,15
756,439,454,0,2,4,11,15
325,446,454,0,2,1,7,8
689,336,457,6,2,113,8,121
745,376,457,6,2,73,8,81
815,383,457,6,2,67,7,74
750,442,459,2,3,7,10,17
150,460,468,2,1,1,7,8
869,446,468,2,1,12,10,22
560,452,471,2,4,1,18,19
742,388,473,5,2,52,33,85
795,395,473,5,2,45,33,78
194,261,474,15,2,193,20,213
21,395,474,16,2,51,28,79
809,300,474,16,2,146,28,174
363,393,474,16,2,55,26,81
344,364,474,16,2,82,28,110
747,397,474,16,2,50,27,77
365,399,474,19,2,28,47,75
416,348,480,6,0,102,30,132
27,423,480,8,0,6,51,57
293,469,480,1,0,1,10,11
213,439,480,2,0,18,23,41
153,406,480,7,0,32,42,74
790,356,480,7,0,82,42,124
106,360,480,7,0,80,40,120
226,385,480,6,0,64,31,95
553,338,480,7,0,101,41,142
573,420,480,9,0,4,56,60
615,419,480,9,0,4,57,61
244,435,480,6,0,14,31,45
609,326,480,7,0,112,42,154
249,358,480,8,0,70,52,122
466,374,480,7,0,64,42,106
198,408,480,7,0,33,39,72
846,435,480,8,0,1,44,45
818,402,480,7,0,37,41,78
607,349,480,6,0,100,31,131
346,444,482,2,5,7,31,38
285,397,482,3,0,72,13,85
780,430,482,5,0,10,42,52
749,391,482,3,0,77,14,91
782,394,482,4,0,66,22,88
408,444,482,4,0,17,21,38
239,456,482,5,0,1,25,26
559,376,482,4,0,83,23,106
225,459,482,3,0,11,12,23
531,423,482,3,0,45,14,59
238,414,482,5,0,28,40,68
635,394,482,5,0,47,41,88
765,433,482,4,0,26,23,49
540,480,484,2,1,1,3,4
143,431,485,2,9,19,35,54
781,448,491,0,2,32,11,43
824,434,491,2,8,16,41,57
81,469,491,0,2,11,11,22
472,480,491,0,2,2,9,11
805,473,491,0,2,7,11,18
278,458,491,0,2,22,11,33
857,467,491,0,2,13,11,24
330,471,491,0,2,10,10,20
574,474,491,0,2,9,8,17
89,452,491,0,2,29,11,40
830,458,491,0,2,23,10,33
788,480,491,0,2,2,10,12
228,462,491,0,2,18,11,29
10,479,491,0,2,2,10,12
554,452,491,0,2,30,9,39
231,464,491,0,2,16,11,27
659,477,491,0,2,3,11,14
51,467,491,0,2,15,9,24
127,465,491,0,2,16,10,26
397,448,491,0,2,33,10,43
567,473,494,2,0,1,20,21
315,430,494,16,0,16,48,64
522,311,494,15,0,143,40,183
535,413,494,17,0,28,53,81
209,491,494,1,0,1,2,3
56,433,494,17,0,10,51,61
350,433,494,19,0,1,60,61
314,352,494,16,0,95,47,142
258,399,494,16,0,47,48,95
177,426,494,17,0,16,52,68
836,447,494,16,0,1,46,47
128,414,494,16,0,35,45,80
544,490,494,1,0,1,3,4
349,418,494,19,0,10,66,76
256,436,494,16,0,11,47,58
348,456,494,2,12,1,37,38
178,431,494,17,0,10,53,63
520,432,496,2,15,17,47,64
806,488,501,0,2,2,11,13
746,487,501,0,2,1,13,14
358,464,501,0,2,18,19,37
463,486,501,0,2,1,14,15
720,487,501,0,2,2,12,14
735,481,501,0,2,2,19,21
709,485,501,0,2,1,15,16
114,484,501,0,2,1,16,17
160,488,501,0,2,1,12,13
543,422,503,2,16,27,54,81
22,412,503,2,16,37,54,91
606,479,503,2,6,12,12,24
61,413,505,2,15,37,55,92
483,395,506,1,18,54,57,111
448,465,512,1,8,20,27,47
693,484,512,2,8,7,21,28
208,503,515,0,2,1,11,12
18,493,515,0,2,1,21,22
210,494,515,0,2,2,19,21
161,493,515,0,2,2,20,22
868,499,515,0,2,1,15,16
562,493,515,0,2,1,21,22
498,499,515,0,2,2,14,16
302,495,515,0,2,3,18,21
867,497,515,0,2,3,16,19
570,496,515,0,2,2,17,19
770,494,515,0,2,1,20,21
740,396,537,13,2,120,21,141
281,378,537,13,2,137,22,159
739,316,537,13,2,199,22,221
383,382,537,13,2,135,20,155
699,300,537,13,2,217,20,237
646,332,537,13,2,183,22,205
438,490,544,2,1,49,6,55
769,485,544,2,1,53,7,60
508,524,544,2,1,13,7,20
433,507,544,2,1,30,7,37
129,519,544,2,1,18,7,25
467,490,551,2,0,47,14,61
15,484,551,13,0,32,35,67
440,477,551,13,0,40,34,74
16,325,551,13,0,191,35,226
384,423,551,13,0,92,36,128
738,384,551,13,0,131,36,167
604,438,551,13,0,78,35,113
603,274,551,13,0,242,35,277
446,270,551,13,0,245,36,281
820,361,551,13,0,154,36,190
377,407,551,13,0,108,36,144
469,366,551,13,0,150,35,185
852,473,551,13,0,42,36,78
80,292,551,13,0,223,36,259
591,479,551,13,0,36,36,72
83,291,552,15,2,223,38,261
236,381,553,14,2,153,19,172
708,334,553,14,2,201,18,219
8,394,553,14,2,141,18,159
217,394,553,14,2,140,19,159
702,506,558,0,2,45,7,52
419,531,558,0,2,20,7,27
611,516,558,0,2,36,6,42
786,514,558,0,2,37,7,44
183,535,558,0,2,16,7,23
248,529,558,0,2,23,6,29
439,526,558,0,2,25,7,32
614,505,558,0,2,47,6,53
507,524,558,0,2,27,7,34
272,518,558,0,2,33,7,40
218,535,558,0,2,17,6,23
356,537,558,0,2,14,7,21
761,522,558,0,2,29,7,36
711,536,558,0,2,15,7,22
717,504,558,0,2,47,7,54
304,539,558,0,2,13,6,19
77,540,558,0,2,11,7,18
411,546,558,0,2,5,7,12
85,541,558,0,2,10,7,17
544,522,558,0,2,30,6,36
492,501,559,2,1,52,7,59
685,535,562,2,1,18,9,27
188,524,562,2,1,31,8,39
28,548,562,2,1,7,7,14
325,545,567,2,3,13,9,22
379,510,568,2,0,43,15,58
37,460,568,16,0,59,49,108
175,461,568,17,0,54,53,107
340,437,568,14,0,97,34,131
664,484,568,16,0,36,48,84
430,449,568,17,0,65,54,119
637,453,568,17,0,60,55,115
580,497,568,16,0,22,49,71
462,488,568,16,0,31,49,80
627,465,568,14,0,69,34,103
78,488,568,14,0,46,34,80
405,466,568,17,0,47,55,102
224,447,568,17,0,66,55,121
475,344,568,14,0,190,34,224
401,407,568,14,0,127,34,161
602,490,568,16,0,31,47,78
92,266,568,14,0,268,34,302
91,259,569,14,0,272,38,310
776,368,569,14,0,163,38,201
701,345,569,14,0,186,38,224
716,388,569,15,0,129,52,181
593,395,569,15,0,119,55,174
193,493,569,15,0,22,54,76
390,346,569,15,0,168,55,223
705,462,569,15,0,54,53,107
622,341,569,14,0,190,38,228
804,475,569,15,0,39,55,94
46,417,569,15,0,98,54,152
55,499,569,15,0,15,55,70
62,372,569,15,0,142,55,197
310,365,569,15,0,150,54,204
373,313,569,15,0,202,54,256
803,343,569,15,0,173,53,226
453,305,569,14,0,226,38,264
72,340,569,15,0,174,55,229
32,421,569,15,0,93,55,148
40,562,576,0,2,6,8,14
241,563,576,0,2,5,8,13
317,537,576,0,2,31,8,39
785,555,576,0,2,13,8,21
487,543,576,0,2,25,8,33
360,552,576,0,2,16,8,24
775,555,576,0,2,14,7,21
235,555,576,0,2,13,8,21
135,558,576,0,2,10,8,18
118,551,576,0,2,17,8,25
260,558,576,0,2,12,7,19
575,513,576,0,2,55,8,63
42,540,576,0,2,29,7,36
522,561,576,0,2,7,8,15
455,551,576,0,2,18,7,25
200,521,576,0,2,48,7,55
811,566,576,0,2,3,8,11
429,558,576,0,2,10,8,18
447,525,576,0,2,43,8,51
178,566,576,0,2,2,8,10
14,551,579,2,5,9,19,28
324,563,587,0,2,6,18,24
389,534,587,0,2,35,18,53
336,576,587,0,2,1,10,11
629,577,587,0,2,1,9,10
752,575,587,0,2,1,11,12
816,574,587,0,2,1,12,13
778,559,587,0,2,10,18,28
452,553,587,0,2,16,18,34
863,572,587,0,2,1,14,15
54,561,587,0,2,9,17,26
43,568,587,0,2,3,17,20
482,570,587,0,2,1,16,17
195,563,587,0,2,9,15,24
561,549,587,0,2,22,17,39
410,555,587,0,2,16,16,32
642,566,587,0,2,3,18,21
245,586,590,2,1,1,3,4
787,560,590,2,1,20,10,30
503,585,590,2,1,1,4,5
464,575,590,2,1,5,10,15
332,563,590,2,1,18,9,27
387,565,590,2,1,15,10,25
250,567,590,2,1,15,8,23
844,466,590,8,0,53,71,124
610,495,590,7,0,41,54,95
660,473,590,7,0,63,54,117
725,475,590,8,0,43,72,115
418,458,590,8,0,59,73,132
289,488,590,8,0,32,70,102
552,470,590,8,0,47,73,120
252,447,590,8,0,70,73,143
111,482,590,7,0,55,53,108
645,499,590,3,0,67,24,91
299,498,590,3,0,67,25,92
505,480,590,8,0,37,73,110
757,447,590,8,0,71,72,143
661,500,590,7,0,38,52,90
613,580,596,2,13,1,15,16
781,593,597,2,4,1,3,4
692,524,599,2,8,34,41,75
449,541,599,2,8,18,40,58
393,518,603,1,5,62,23,85
154,592,603,2,5,1,10,11
395,589,603,0,2,1,13,14
465,590,603,0,2,1,12,13
270,585,603,0,2,5,13,18
432,591,603,0,2,3,9,12
584,580,603,0,2,11,12,23
753,577,603,0,2,13,13,26
74,583,603,0,2,7,13,20
153,581,603,0,2,9,13,22
701,584,603,0,2,6,13,19
331,588,603,0,2,4,11,15
782,586,603,0,2,4,13,17
159,594,603,0,2,1,8,9
755,581,603,0,2,11,11,22
201,585,603,0,2,6,12,18
862,583,603,0,2,8,12,20
504,584,603,0,2,9,10,19
681,567,610,1,0,23,20,43
731,581,610,1,0,10,19,29
814,499,610,6,0,29,82,111
353,490,610,5,0,53,67,120
149,458,610,5,0,85,67,152
421,489,610,6,0,37,84,121
680,427,610,6,0,99,84,183
413,472,610,4,0,86,52,138
867,581,610,2,0,2,27,29
31,439,610,6,0,86,85,171
495,486,610,6,0,39,85,124
608,481,610,6,0,46,83,129
636,489,610,5,0,55,66,121
549,494,610,6,0,31,85,116
67,362,610,6,0,163,85,248
283,588,612,2,6,1,23,24
322,560,615,2,11,1,54,55
148,599,619,1,5,1,19,20
274,600,619,2,5,4,15,19
327,499,622,2,12,18,105,123
309,583,624,2,7,5,36,41
675,595,625,2,6,8,22,30
769,626,629,1,2,1,2,3
492,620,629,1,2,1,8,9
743,608,629,0,2,2,19,21
564,613,629,0,2,1,15,16
571,613,629,0,2,2,14,16
663,601,629,0,2,11,17,28
728,609,629,0,2,3,17,20
68,601,629,0,2,9,19,28
823,602,629,0,2,9,18,27
86,596,629,0,2,14,19,33
305,604,629,0,2,9,16,25
227,605,629,0,2,5,19,24
343,603,629,0,2,7,19,26
527,600,629,0,2,11,19,30
727,605,629,0,2,6,18,24
261,597,629,0,2,15,18,33
198,616,629,0,2,1,12,13
101,341,631,10,2,270,20,290
484,344,631,10,2,265,22,287
338,347,631,10,2,263,21,284
326,317,631,10,2,292,22,314
157,373,631,10,2,236,22,258
850,365,631,10,2,244,22,266
211,522,631,2,13,1,108,109
656,569,636,2,8,18,49,67
370,275,638,12,2,338,25,363
203,376,638,11,2,245,17,262
113,358,638,12,2,255,25,280
650,463,641,1,14,44,134,178
777,455,641,1,14,51,135,186
233,551,641,2,14,1,89,90
218,600,641,2,14,1,40,41
826,630,644,2,7,1,13,14
58,634,648,0,2,2,12,14
436,633,648,0,2,3,12,15
134,631,648,0,2,8,9,17
215,624,648,0,2,12,12,24
749,630,648,0,2,6,12,18
800,628,648,0,2,9,11,20
109,620,648,0,2,17,11,28
518,625,648,0,2,13,10,23
38,636,648,0,2,3,10,13
694,633,648,0,2,4,11,15
704,625,648,0,2,11,12,23
112,618,648,0,2,18,12,30
528,636,648,0,2,1,11,12
357,638,649,2,1,1,10,11
839,595,649,2,1,36,18,54
307,625,649,2,1,6,18,24
344,602,649,2,1,29,18,47
173,639,649,2,1,1,9,10
526,595,649,2,1,37,17,54
94,608,649,2,1,25,16,41
706,487,649,2,15,29,133,162
581,566,649,2,15,1,82,83
216,576,649,2,15,1,72,73
596,580,649,2,15,1,68,69
665,646,650,2,1,1,3,4
268,646,650,2,1,2,2,4
87,629,653,2,9,1,23,24
231,643,655,2,3,6,6,12
133,504,657,2,16,11,142,153
828,524,658,1,11,57,77,134
710,399,658,10,0,211,48,259
793,473,658,10,0,137,48,185
539,468,658,11,0,153,37,190
586,300,658,12,0,314,44,358
794,358,658,10,0,251,49,300
443,496,658,12,0,119,43,162
156,365,658,10,0,245,48,293
139,481,658,12,0,133,44,177
829,436,658,10,0,177,45,222
265,380,658,12,0,234,44,278
179,461,658,10,0,148,49,197
697,382,658,10,0,229,47,276
166,360,658,10,0,252,46,298
237,380,658,11,0,242,36,278
442,321,658,12,0,292,45,337
501,318,658,10,0,292,48,340
23,351,658,11,0,270,37,307
337,393,658,10,0,216,49,265
550,497,658,10,0,112,49,161
698,413,658,10,0,196,49,245
190,458,658,12,0,155,45,200
683,395,658,11,0,226,37,263
204,479,658,11,0,143,36,179
138,400,658,12,0,213,45,258
335,315,658,11,0,306,37,343
855,334,658,10,0,275,49,324
191,341,658,12,0,274,43,317
323,322,658,11,0,300,36,336
347,493,658,12,0,120,45,165
371,431,658,12,0,185,42,227
82,481,664,2,17,34,149,183
529,651,667,2,7,1,15,16
554,641,667,2,7,7,19,26
712,646,668,0,2,12,10,22
783,659,668,0,2,1,8,9
352,653,668,0,2,5,10,15
321,639,668,0,2,19,10,29
558,647,668,0,2,12,9,21
208,603,672,2,19,1,68,69
367,491,672,2,19,24,157,181
512,668,673,2,3,2,3,5
142,649,678,0,2,9,20,29
534,666,678,0,2,1,11,12
871,637,678,0,2,21,20,41
576,654,678,0,2,4,20,24
471,645,678,0,2,14,19,33
288,655,678,0,2,3,20,23
15,641,678,0,2,17,20,37
647,645,678,0,2,13,20,33
171,659,678,0,2,1,18,19
547,658,678,0,2,2,18,20
239,664,678,0,2,1,13,14
760,663,678,0,2,1,14,15
301,659,678,0,2,3,17,20
126,654,678,0,2,5,19,24
591,646,678,0,2,12,20,32
724,527,679,1,13,53,99,152
873,653,684,2,9,16,15,31
141,668,684,2,9,1,15,16
638,682,688,2,1,1,5,6
590,669,688,2,1,5,14,19
809,661,688,2,1,14,13,27
144,653,688,2,1,21,14,35
277,672,688,2,1,4,12,16
508,575,693,1,19,5,113,118
854,637,693,2,10,32,24,56
188,659,696,1,2,30,7,37
572,671,696,0,2,10,15,25
691,668,696,0,2,13,15,28
621,680,696,0,2,1,15,16
589,677,696,0,2,4,15,19
292,667,696,0,2,15,14,29
24,672,696,0,2,12,12,24
91,675,696,0,2,7,14,21
294,668,696,0,2,15,13,28
422,682,696,0,2,1,13,14
568,681,696,0,2,5,11,16
212,666,696,0,2,15,15,30
350,669,696,0,2,13,14,27
476,680,696,0,2,2,14,16
286,668,696,0,2,13,15,28
555,679,696,0,2,4,13,17
192,672,696,0,2,9,15,24
424,681,696,0,2,2,14,16
817,452,697,9,0,202,43,245
617,461,697,9,0,194,42,236
648,463,697,9,0,190,44,234
649,468,697,9,0,186,43,229
488,457,697,9,0,196,44,240
628,438,697,9,0,215,44,259
746,652,700,2,11,16,32,48
464,652,703,1,11,17,34,51
540,668,703,1,11,1,34,35
372,536,703,1,11,133,34,167
684,674,703,2,11,4,25,29
700,659,706,2,13,12,35,47
450,682,713,2,14,1,30,31
625,679,713,2,14,1,33,34
762,661,715,2,14,8,46,54
624,650,715,2,14,20,45,65
30,687,716,0,2,10,19,29
130,694,716,0,2,4,18,22
759,687,716,0,2,11,18,29
477,693,716,0,2,7,16,23
259,700,716,0,2,2,14,16
123,689,716,0,2,8,19,27
374,696,716,0,2,3,17,20
600,692,716,0,2,6,18,24
435,703,716,0,2,1,12,13
734,695,716,0,2,3,19,22
384,693,716,0,2,4,19,23
185,692,716,0,2,5,19,24
545,698,716,0,2,3,15,18
179,691,716,0,2,6,19,25
44,690,716,0,2,10,17,27
191,704,716,0,2,1,11,12
256,700,716,0,2,1,15,16
307,662,722,1,17,7,53,60
431,660,728,2,16,8,60,68
657,655,728,2,16,13,60,73
330,716,728,2,4,1,11,12
185,722,728,2,4,1,5,6
713,686,729,2,7,10,33,43
859,586,730,1,18,84,60,144
481,617,735,2,19,51,67,118
857,639,735,2,19,29,67,96
514,710,737,2,9,1,26,27
277,703,740,1,5,7,30,37
686,722,744,2,11,8,14,22
778,696,744,2,11,35,13,48
245,695,751,1,6,14,42,56
59,733,751,2,13,1,17,18
472,727,751,2,13,3,21,24
278,696,751,2,13,34,21,55
6,398,756,14,2,308,50,358
536,373,756,11,2,365,18,383
703,361,756,14,2,344,51,395
202,706,761,2,14,26,29,55
474,712,766,2,1,44,10,54
740,703,766,2,1,53,10,63
83,697,766,2,1,59,10,69
579,706,766,2,1,50,10,60
585,691,766,2,1,65,10,75
147,731,766,2,1,25,10,35
375,755,767,0,2,6,6,12
33,754,767,0,2,6,7,13
75,760,767,0,2,2,5,7
858,736,767,0,2,25,6,31
653,749,767,0,2,13,5,18
772,741,767,0,2,19,7,26
11,762,767,0,2,1,4,5
60,723,767,0,2,37,7,44
670,759,767,0,2,2,6,8
490,757,767,0,2,3,7,10
774,755,767,0,2,5,7,12
732,751,769,0,2,7,11,18
404,708,769,0,2,50,11,61
319,740,769,0,2,18,11,29
174,737,769,0,2,21,11,32
428,736,769,0,2,22,11,33
378,750,769,0,2,8,11,19
791,717,769,0,2,41,11,52
870,705,769,2,16,25,39,64
594,723,769,0,2,35,11,46
511,746,769,0,2,12,11,23
414,736,769,0,2,22,11,33
16,731,769,0,2,27,11,38
209,724,769,0,2,34,11,45
119,752,769,0,2,6,11,17
316,745,769,0,2,13,11,24
630,751,769,0,2,7,11,18
100,743,769,0,2,16,11,27
588,748,769,0,2,10,11,21
177,738,769,0,2,20,11,31
73,724,769,0,2,34,11,45
323,718,769,0,2,40,11,51
205,740,772,0,2,19,13,32
690,720,772,0,2,39,13,52
116,747,772,0,2,12,13,25
45,756,772,0,2,3,13,16
140,718,772,0,2,42,12,54
97,752,772,0,2,7,13,20
827,751,772,0,2,9,12,21
50,744,772,0,2,15,13,28
318,755,772,0,2,4,13,17
696,758,772,0,2,1,13,14
240,750,772,0,2,9,13,22
499,731,772,0,2,29,12,41
5,738,772,0,2,22,12,34
668,734,772,0,2,25,13,38
23,724,772,0,2,35,13,48
587,745,772,0,2,15,12,27
531,754,772,0,2,5,13,18
451,713,772,0,2,46,13,59
480,756,772,0,2,3,13,16
808,736,772,0,2,23,13,36
838,768,773,0,2,1,4,5
835,766,773,0,2,1,6,7
556,767,773,0,2,1,5,6
682,763,773,0,2,1,9,10
612,756,773,0,2,7,10,17
117,769,773,0,2,1,3,4
254,765,773,0,2,1,7,8
787,740,776,1,0,26,10,36
324,726,776,2,0,30,20,50
874,500,776,18,0,187,89,276
819,341,776,13,0,379,56,435
9,428,776,14,0,277,71,348
234,473,776,14,0,232,71,303
402,461,776,14,0,246,69,315
320,447,776,11,0,292,37,329
565,491,776,14,0,215,70,285
396,495,776,18,0,193,88,281
266,480,776,19,0,192,104,296
181,474,776,18,0,213,89,302
394,454,776,19,0,218,104,322
479,469,776,19,0,204,103,307
441,416,776,13,0,305,55,360
81,727,779,2,17,6,46,52
389,776,784,2,5,1,7,8
24,738,784,2,3,30,16,46
286,749,784,2,3,18,17,35
767,754,786,2,9,15,17,32
821,773,789,0,2,3,13,16
640,772,789,0,2,5,12,17
71,773,789,0,2,5,11,16
345,773,789,0,2,3,13,16
392,773,789,0,2,4,12,16
12,779,789,0,2,2,8,10
176,778,789,0,2,2,9,11
155,777,789,0,2,2,10,12
275,771,789,0,2,5,13,18
477,771,790,2,11,1,18,19
651,707,790,2,18,23,60,83
616,775,794,2,9,1,18,19
574,758,796,2,5,9,29,38
498,709,799,2,19,22,68,90
210,751,802,2,7,17,34,51
584,779,805,2,15,1,25,26
332,704,807,1,10,80,23,103
197,798,807,2,10,1,8,9
629,751,808,2,9,16,41,57
0,782,809,2,1,17,10,27
53,742,809,2,1,58,10,68
763,706,809,2,1,93,10,103
262,702,809,2,1,98,9,107
242,758,809,2,1,43,8,51
364,693,809,2,1,106,10,116
34,755,809,2,1,45,9,54
26,791,809,2,1,9,9,18
739,758,809,2,1,41,10,51
795,788,809,2,1,11,10,21
764,734,809,2,1,65,10,75
102,709,809,2,1,92,8,100
180,767,809,2,1,32,10,42
497,782,809,2,1,19,8,27
792,772,809,2,1,27,10,37
243,761,809,2,1,39,9,48
516,724,809,2,1,75,10,85
785,777,809,2,1,23,9,32
717,728,809,2,1,72,9,81
806,795,815,2,13,1,19,20
463,774,816,2,16,1,41,42
18,769,817,2,13,1,47,48
752,759,817,2,13,9,49,58
788,756,820,2,0,43,21,64
702,750,823,2,14,19,54,73
486,809,823,0,2,3,11,14
214,787,823,0,2,25,11,36
186,806,823,0,2,6,11,17
407,808,823,0,2,4,11,15
632,782,823,0,2,30,11,41
247,783,823,0,2,30,10,40
189,801,823,0,2,11,11,22
445,797,823,0,2,15,11,26
851,804,823,0,2,8,11,19
641,796,823,0,2,16,11,27
617,787,823,0,2,26,10,36
716,789,823,0,2,23,11,34
705,807,823,0,2,5,11,16
265,784,823,0,2,28,11,39
314,806,823,0,2,6,11,17
573,792,823,0,2,20,11,31
4,799,823,0,2,13,11,24
654,790,823,0,2,22,11,33
722,809,823,0,2,3,11,14
607,791,823,0,2,22,10,32
83,771,825,1,15,12,42,54
595,665,825,1,15,118,42,160
344,723,830,1,16,61,46,107
423,813,831,0,2,7,11,18
165,797,831,0,2,25,9,34
489,819,831,0,2,2,10,12
361,818,831,0,2,2,11,13
599,815,831,0,2,6,10,16
605,807,831,0,2,14,10,24
673,809,831,0,2,11,11,22
90,814,831,0,2,6,11,17
437,815,831,0,2,5,11,16
104,800,831,0,2,21,10,31
385,796,831,0,2,24,11,35
149,808,831,0,2,14,9,23
49,812,831,0,2,9,10,19
56,790,831,0,2,31,10,41
468,806,831,0,2,14,11,25
697,785,831,0,2,35,11,46
273,807,831,0,2,13,11,24
537,798,831,0,2,22,11,33
563,819,831,0,2,2,11,13
802,801,831,0,2,19,11,30
522,753,832,2,15,14,65,79
590,723,838,1,17,60,55,115
419,782,838,2,17,7,49,56
533,770,843,2,17,1,72,73
597,771,843,2,17,1,71,72
620,828,844,0,2,2,14,16
406,813,844,0,2,16,15,31
182,824,844,0,2,4,16,20
391,827,844,0,2,1,16,17
37,823,844,0,2,5,16,21
535,829,844,0,2,1,14,15
106,823,844,0,2,8,13,21
502,828,844,0,2,1,15,16
237,820,844,0,2,10,14,24
807,805,844,0,2,23,16,39
339,822,844,0,2,7,15,22
158,816,844,0,2,12,16,28
31,826,844,0,2,3,15,18
875,829,844,0,2,2,13,15
99,821,844,0,2,8,16,24
270,785,845,2,18,4,56,60
500,825,848,2,1,14,9,23
359,828,848,2,1,11,9,20
291,771,848,2,1,69,8,77
676,815,848,2,1,25,9,34
689,825,848,2,1,16,7,23
634,823,848,2,1,16,9,25
745,822,848,2,1,20,6,26
280,818,848,2,1,22,8,30
695,810,848,2,1,31,7,38
626,836,848,2,1,3,9,12
521,831,848,2,1,9,8,17
267,840,848,2,1,3,5,8
797,736,852,2,18,31,85,116
170,792,852,2,19,1,59,60
366,786,852,2,19,4,62,66
334,843,853,2,5,1,9,10
438,834,857,1,2,13,10,23
822,837,857,0,2,2,18,20
486,827,857,2,3,1,29,30
611,832,857,2,3,1,24,25
7,831,857,0,2,9,17,26
107,835,857,0,2,5,17,22
487,787,857,2,3,37,33,70
20,832,857,0,2,7,18,25
66,832,857,0,2,9,16,25
506,829,857,0,2,10,18,28
459,852,857,2,3,1,4,5
749,831,857,2,3,1,25,26
418,840,857,0,2,1,16,17
125,843,857,0,2,1,13,14
615,836,857,0,2,6,15,21
813,806,857,2,3,17,34,51
737,841,857,0,2,3,14,17
505,835,857,0,2,4,18,22
834,839,857,0,2,1,17,18
470,832,857,0,2,7,18,25
526,829,859,1,0,19,11,30
732,805,859,2,0,34,20,54
671,735,859,2,0,104,20,124
1,820,859,2,0,19,20,39
444,823,859,2,0,17,19,36
503,816,863,1,7,17,30,47
665,715,863,1,7,118,30,148
318,791,868,2,6,34,43,77
755,850,868,2,6,2,16,18
869,741,870,1,8,92,37,129
75,811,874,2,7,12,51,63
465,823,874,2,7,2,49,51
131,834,877,2,10,24,19,43
851,861,877,2,10,2,14,16
306,852,878,0,2,7,19,26
276,853,878,0,2,8,17,25
329,862,878,0,2,2,14,16
403,859,878,0,2,3,16,19
577,863,878,0,2,2,13,15
400,859,878,0,2,1,18,19
297,866,878,0,2,1,11,12
223,861,878,0,2,1,16,17
804,851,878,0,2,9,18,27
825,859,878,0,2,2,17,19
263,848,878,0,2,11,19,30
246,853,878,0,2,6,19,25
550,860,878,0,2,3,15,18
608,854,878,0,2,6,18,24
551,864,878,0,2,2,12,14
655,864,878,0,2,1,13,14
347,858,878,0,2,1,19,20
635,863,878,0,2,1,14,15
40,808,879,2,8,16,55,71
33,803,879,2,8,20,56,76
105,814,879,2,8,10,55,65
557,784,879,2,8,39,56,95
63,850,879,2,8,1,28,29
447,831,882,2,10,13,38,51
571,861,885,2,12,1,23,24
150,727,887,1,5,142,18,160
434,878,887,0,2,1,8,9
582,881,887,0,2,1,5,6
79,873,887,0,2,4,10,14
298,869,887,0,2,8,10,18
715,879,887,0,2,1,7,8
494,877,887,0,2,1,9,10
592,875,887,0,2,2,10,12
801,868,887,0,2,11,8,19
793,878,887,0,2,1,8,9
847,867,887,0,2,10,10,20
460,879,887,0,2,2,6,8
622,873,887,0,2,5,9,14
234,867,887,0,2,11,9,20
848,875,887,0,2,4,8,12
220,876,887,0,2,1,10,11
736,871,887,0,2,7,9,16
609,877,887,0,2,3,7,10
679,883,887,0,2,1,3,4
602,867,887,0,2,10,10,20
542,871,887,0,2,6,10,16
685,809,889,1,11,24,56,80
321,844,889,2,11,1,44,45
863,838,889,2,11,7,44,51
476,841,889,2,11,3,45,48
336,806,890,2,9,17,67,84
50,791,890,2,9,32,67,99
740,812,892,1,13,34,46,80
471,863,892,2,13,1,28,29
319,877,896,2,6,1,18,19
653,808,897,2,12,37,52,89
114,832,897,2,12,13,52,65
773,884,898,0,2,1,13,14
110,878,898,0,2,1,19,20
845,885,898,0,2,1,12,13
303,881,898,0,2,1,16,17
193,872,898,0,2,7,19,26
669,878,898,0,2,2,18,20
852,885,898,0,2,1,12,13
116,865,902,2,14,1,36,37
28,798,904,1,8,71,35,106
576,855,904,2,8,23,26,49
414,837,906,2,13,7,62,69
743,890,908,2,5,9,9,18
161,902,908,2,5,1,5,6
805,859,914,2,15,1,54,55
115,805,915,2,14,39,71,110
248,834,915,2,14,10,71,81
564,799,915,2,14,45,71,116
360,802,915,2,14,43,70,113
753,893,919,2,6,5,21,26
364,842,920,1,16,4,74,78
291,849,920,1,16,1,70,71
174,850,920,2,16,9,61,70
395,867,920,2,16,1,52,53
272,858,920,2,16,2,60,62
256,824,920,2,16,33,63,96
779,851,921,2,1,51,19,70
832,909,921,2,1,1,11,12
279,864,921,2,1,38,19,57
312,915,921,2,1,2,5,7
2,901,921,2,1,1,19,20
251,890,921,2,1,14,17,31
623,862,921,2,1,42,17,59
363,867,921,2,1,38,16,54
145,856,921,2,1,47,18,65
843,909,921,2,1,2,10,12
860,873,921,2,1,29,19,48
241,876,921,2,10,11,34,45
165,865,921,2,1,38,18,56
144,790,922,1,16,43,89,132
789,806,922,2,16,38,78,116
490,805,922,2,16,41,76,117
357,839,927,1,8,50,38,88
250,758,927,1,8,130,39,169
786,859,931,2,17,2,70,72
177,824,931,2,17,20,87,107
764,853,932,1,9,35,44,79
733,899,932,0,2,21,12,33
837,886,932,0,2,35,11,46
816,888,932,2,9,10,34,44
416,887,932,0,2,33,12,45
47,905,932,0,2,15,12,27
844,913,932,0,2,7,12,19
315,915,932,0,2,5,12,17
207,892,932,0,2,29,11,40
833,895,932,0,2,26,11,37
462,887,932,0,2,34,11,45
396,902,932,0,2,18,12,30
187,892,932,0,2,28,12,40
730,887,932,0,2,33,12,45
257,896,932,0,2,24,12,36
333,891,932,0,2,29,12,41
128,918,932,0,2,2,12,14
548,916,932,0,2,4,12,16
377,886,932,0,2,34,12,46
76,885,932,0,2,35,12,47
765,908,932,0,2,12,12,24
666,893,932,0,2,27,12,39
30,884,933,2,13,3,46,49
58,895,933,2,13,1,37,38
183,858,938,2,18,1,79,80
173,914,939,1,0,7,18,25
620,886,939,2,14,2,51,53
306,910,939,2,14,1,28,29
259,877,939,2,0,25,37,62
235,898,939,2,14,1,40,41
728,858,939,2,0,44,37,81
868,865,939,2,0,37,37,74
562,874,939,2,0,29,36,65
474,853,943,1,19,1,89,90
362,865,943,2,19,2,76,78
509,841,943,2,19,16,86,102
672,887,946,0,2,52,7,59
41,893,946,0,2,46,7,53
776,936,946,0,2,4,6,10
532,936,946,0,2,3,7,10
152,907,946,0,2,32,7,39
415,939,946,0,2,1,6,7
120,921,946,0,2,20,5,25
866,937,946,0,2,5,5,10
328,891,946,0,2,49,6,55
25,917,946,0,2,22,7,29
603,935,946,0,2,4,7,11
519,898,946,0,2,43,5,48
583,899,946,0,2,40,7,47
831,903,946,0,2,37,6,43
644,922,946,0,2,17,7,24
441,909,946,0,2,33,4,37
282,925,946,0,2,15,6,21
491,927,946,0,2,12,7,19
163,914,946,0,2,25,7,32
674,915,946,0,2,25,6,31
626,868,948,1,14,20,60,80
374,883,948,2,15,6,59,65
358,896,954,2,16,1,57,58
432,894,954,2,16,1,59,60
542,908,954,2,16,1,45,46
387,863,959,1,16,27,69,96
375,920,960,2,3,12,28,40
712,945,960,2,7,1,14,15
74,883,962,2,17,4,75,79
589,898,962,2,17,2,62,64
176,892,962,2,17,1,69,70
632,919,971,2,5,13,39,52
239,919,971,2,5,14,38,52
812,963,972,2,1,1,8,9
95,946,972,2,1,13,13,26
313,937,972,2,1,23,13,36
338,951,972,2,1,9,12,21
766,945,972,2,1,13,14,27
52,962,972,2,1,2,9,11
398,942,972,2,1,19,11,30
748,968,972,2,1,1,3,4
688,937,972,2,1,21,14,35
137,935,972,2,1,23,14,37
714,955,972,2,1,3,14,17
631,919,972,2,1,39,14,53
365,921,972,2,1,38,13,51
640,930,972,2,1,30,12,42
135,947,972,2,1,11,14,25
294,960,972,2,1,2,10,12
66,901,975,2,19,1,73,74
720,877,975,2,19,11,87,98
392,896,975,2,19,2,77,79
659,922,980,2,7,12,46,58
821,919,990,2,11,53,18,71
0,966,992,1,0,6,20,26
614,924,992,2,0,34,34,68
410,962,992,2,4,9,21,30
810,964,992,2,0,1,27,28
507,941,993,2,9,1,51,52
711,984,995,2,10,1,10,11
110,970,1000,2,7,1,29,30
27,960,1001,0,2,32,9,41
386,982,1001,0,2,10,9,19
293,981,1001,0,2,11,9,20
3,953,1001,0,2,39,9,48
213,932,1001,0,2,60,9,69
39,948,1001,0,2,45,9,54
48,949,1001,0,2,43,9,52
162,989,1001,0,2,3,9,12
538,976,1001,0,2,16,9,25
648,955,1001,0,2,37,9,46
271,971,1001,0,2,21,9,30
569,985,1001,0,2,7,9,16
244,945,1001,0,2,47,9,56
836,948,1001,0,2,45,8,53
230,990,1001,0,2,2,9,11
300,940,1001,0,2,53,8,61
299,971,1001,0,2,21,9,30
222,964,1001,0,2,28,9,37
219,977,1001,0,2,15,9,24
80,969,1001,0,2,23,9,32
791,979,1002,2,12,1,22,23
619,938,1002,2,12,33,31,64
556,973,1006,2,8,1,32,33
445,999,1008,2,5,2,7,9
315,981,1008,2,16,2,25,27
200,1001,1008,2,5,1,6,7
132,996,1012,0,2,8,8,16
381,955,1012,0,2,49,8,57
539,999,1012,0,2,7,6,13
842,978,1012,0,2,26,8,34
69,947,1012,0,2,57,8,65
771,962,1012,0,2,42,8,50
738,990,1012,0,2,14,8,22
226,997,1012,0,2,8,7,15
252,958,1012,0,2,48,6,54
255,1002,1012,0,2,2,8,10
258,952,1012,0,2,53,7,60
402,997,1012,0,2,7,8,15
320,987,1012,0,2,18,7,25
249,966,1012,0,2,39,7,46
351,976,1012,0,2,29,7,36
138,981,1012,0,2,25,6,31
146,971,1012,0,2,36,5,41
401,984,1012,0,2,20,8,28
32,970,1012,0,2,34,8,42
757,971,1012,0,2,33,8,41
691,924,1013,2,13,47,42,89
496,1000,1018,2,6,4,14,18
7,926,1024,2,14,47,51,98
79,914,1024,2,14,57,53,110
452,961,1024,2,14,12,51,63
768,926,1024,2,14,45,53,98
555,957,1024,2,14,14,53,67
53,1022,1027,1,2,1,4,5
676,1005,1027,1,2,10,12,22
167,1008,1027,0,2,1,18,19
388,1009,1027,0,2,1,17,18
46,995,1027,0,2,12,20,32
232,1006,1030,2,1,14,10,24
121,1019,1030,2,1,1,10,11
354,1003,1030,2,1,16,11,27
194,987,1030,2,1,35,8,43
525,978,1030,2,1,44,9,53
21,1017,1030,2,1,4,9,13
84,1014,1030,2,1,6,10,16
264,985,1030,2,1,35,10,45
853,1013,1030,2,1,6,11,17
546,1002,1030,2,1,19,9,28
751,1006,1030,2,1,13,11,24
513,983,1030,2,1,36,11,47
427,973,1030,2,1,47,10,57
723,975,1030,2,1,44,11,55
368,1016,1030,2,1,3,11,14
20,989,1030,2,1,30,11,41
292,972,1030,2,1,47,11,58
823,994,1030,2,8,8,28,36
802,992,1030,2,1,28,10,38
582,964,1031,2,15,11,56,67
317,962,1031,2,15,9,60,69
594,927,1031,2,15,45,59,104
455,1009,1038,2,14,4,25,29
90,993,1039,2,0,26,20,46
568,985,1039,2,0,34,20,54
775,950,1040,2,17,22,68,90
331,939,1040,2,17,35,66,101
423,988,1043,2,11,13,42,55
572,1015,1045,2,15,1,29,30
516,1033,1049,1,9,1,15,16
482,943,1052,2,18,28,81,109
454,996,1053,2,14,5,52,57
792,918,1055,1,10,114,23,137
41,1015,1055,2,16,2,38,40
285,1014,1057,0,2,25,18,43
840,1019,1057,0,2,20,18,38
355,1037,1057,0,2,3,17,20
790,1025,1057,0,2,17,15,32
530,1028,1057,0,2,11,18,29
553,1024,1057,0,2,15,18,33
627,1035,1057,0,2,4,18,22
151,1036,1057,0,2,5,16,21
565,1014,1057,0,2,26,17,43
458,1014,1057,0,2,25,18,43
341,1036,1057,0,2,3,18,21
846,1023,1057,0,2,17,17,34
238,1029,1057,0,2,11,17,28
349,1018,1057,0,2,23,16,39
663,997,1063,2,16,5,61,66
352,962,1063,2,19,10,91,101
11,963,1063,2,19,8,92,100
478,975,1063,2,19,1,87,88
184,994,1063,2,16,9,60,69
759,1018,1064,2,19,1,45,46
783,1004,1064,2,19,8,52,60
812,992,1066,1,3,24,50,74
585,906,1066,1,12,127,33,160
26,924,1066,1,3,91,51,142
426,1018,1066,2,3,9,39,48
689,1040,1069,1,6,7,22,29
416,1062,1069,2,6,1,6,7
848,994,1069,2,18,7,68,75
739,909,1075,1,13,123,43,166
280,974,1075,1,13,58,43,101
288,1024,1076,2,4,4,48,52
311,1010,1076,2,4,17,49,66
21,1038,1082,1,16,1,43,44
579,1004,1082,1,16,29,49,78
809,910,1082,1,16,124,48,172
102,921,1082,1,16,112,49,161
180,976,1082,1,16,59,47,106
142,1059,1083,2,9,1,23,24
345,1016,1088,2,5,12,60,72
500,1020,1091,1,17,12,59,71
779,988,1094,1,6,27,79,106
839,926,1094,1,6,90,78,168
690,1036,1094,2,6,1,57,58
548,1019,1094,2,6,10,65,75
843,1035,1097,1,18,1,61,62
103,1073,1101,2,1,14,14,28
196,1023,1101,2,1,65,13,78
284,1053,1101,2,1,34,14,48
13,1063,1101,2,1,24,14,38
708,1050,1101,2,1,40,11,51
217,1091,1101,2,1,2,8,10
510,1079,1101,2,1,12,10,22
281,1029,1101,2,1,60,12,72
473,1094,1101,2,1,1,6,7
598,1055,1101,2,1,33,13,46
457,1048,1101,2,1,39,14,53
747,1069,1101,2,1,20,12,32
861,1028,1101,2,1,59,14,73
850,1081,1101,2,1,6,14,20
754,1071,1101,2,1,16,14,30
838,1037,1101,2,1,50,14,64
130,1006,1101,2,1,81,14,95
398,993,1102,1,19,39,70,109
267,898,1102,1,19,134,70,204
97,1077,1102,2,5,14,11,25
214,1071,1102,2,5,21,10,31
329,1099,1104,2,4,1,4,5
251,1011,1105,1,7,5,89,94
117,1023,1105,2,7,4,78,82
123,1090,1107,2,0,2,15,17
260,1071,1107,2,0,17,19,36
563,1044,1107,2,0,44,19,63
420,1072,1110,2,6,21,17,38
191,1079,1111,2,12,11,21,32
64,1058,1114,0,2,49,7,56
380,1057,1114,0,2,52,6,58
586,1078,1114,0,2,30,6,36
440,1094,1114,0,2,14,6,20
593,1069,1114,0,2,38,7,45
829,1086,1114,0,2,21,7,28
229,1060,1114,0,2,49,5,54
515,1074,1114,0,2,35,5,40
408,1071,1114,0,2,37,6,43
580,1085,1114,0,2,23,6,29
446,1089,1114,0,2,18,7,25
337,1055,1114,0,2,52,7,59
559,1072,1114,0,2,35,7,42
683,1063,1114,0,2,44,7,51
36,1061,1114,0,2,46,7,53
335,1080,1114,0,2,27,7,34
57,1062,1114,0,2,46,6,52
479,1096,1114,0,2,11,7,18
98,1084,1114,0,2,23,7,30
798,1077,1114,0,2,30,7,37
118,1079,1115,2,7,15,21,36
460,1074,1115,2,7,18,23,41
461,1071,1115,2,7,20,24,44
34,939,1117,1,8,76,102,178
858,1095,1118,2,13,1,22,23
871,1065,1126,2,14,25,36,61
621,1056,1126,2,14,36,34,70
247,1093,1126,2,14,1,32,33
506,1094,1126,2,8,2,30,32
756,1072,1126,2,8,19,35,54
234,1054,1126,2,14,37,35,72
147,971,1129,1,9,46,112,158
88,1122,1132,2,1,1,9,10
677,1121,1132,2,1,2,10,12
136,1095,1132,2,1,19,18,37
296,1114,1132,2,1,1,17,18
113,1100,1132,2,1,15,17,32
687,1103,1132,2,1,11,18,29
124,1106,1132,2,1,10,16,26
45,1083,1133,2,15,8,42,50
195,1094,1133,2,15,1,38,39
830,1121,1134,2,10,1,12,13
71,1093,1135,2,9,2,40,42
835,1064,1135,2,9,27,44,71
134,1042,1141,2,16,49,50,99
814,1114,1141,0,2,15,12,27
780,1082,1141,0,2,47,12,59
353,1136,1141,0,2,1,4,5
664,1119,1141,0,2,9,13,22
156,1134,1141,0,2,1,6,7
610,1110,1141,0,2,18,13,31
660,1128,1141,0,2,4,9,13
872,1118,1141,0,2,11,12,23
637,1100,1141,0,2,30,11,41
604,1088,1141,0,2,40,13,53
62,1127,1141,0,2,1,13,14
310,1119,1141,0,2,11,11,22
399,1119,1141,0,2,9,13,22
523,1064,1141,0,2,64,13,77
405,1115,1141,0,2,13,13,26
181,1124,1141,0,2,5,12,17
190,1129,1141,0,2,1,11,12
333,1054,1141,2,16,36,51,87
111,1115,1141,0,2,16,10,26
855,1136,1141,0,2,2,3,5
225,1117,1141,0,2,11,13,24
709,1107,1144,2,13,7,30,37
378,1089,1145,2,13,2,54,56
313,1057,1151,1,2,85,9,94
312,1147,1151,1,2,1,3,4
534,1062,1152,2,17,28,62,90
673,1089,1152,2,17,1,62,63
85,1049,1152,2,17,41,62,103
484,1139,1154,2,1,4,11,15
199,1150,1154,2,1,1,3,4
536,1139,1154,2,1,6,9,15
517,1151,1154,2,1,2,2,4
269,1138,1154,2,1,6,10,16
157,1133,1154,2,1,10,11,21
361,1125,1154,2,14,1,28,29
612,1121,1156,2,3,22,13,35
457,1117,1158,1,3,25,16,41
513,1122,1158,1,3,21,15,36
205,1046,1160,2,19,45,69,114
397,1030,1160,2,18,60,70,130
316,1110,1162,2,15,4,48,52
297,1134,1168,2,4,7,27,34
411,1112,1168,2,4,29,27,56
795,1060,1169,1,5,83,26,109
404,1113,1169,2,17,1,55,56
696,1042,1171,2,19,48,81,129
499,1122,1176,2,19,1,53,54
856,1108,1176,2,19,7,61,68
222,1118,1176,2,19,1,57,58
262,1064,1177,1,6,78,35,113
745,1066,1177,1,6,76,35,111
243,1102,1177,1,6,41,34,75
244,1152,1177,2,6,1,24,25
215,1125,1178,2,5,16,37,53
608,1127,1185,2,6,14,44,58
674,1106,1185,2,6,35,44,79
497,1101,1189,1,7,41,47,88
107,1151,1189,2,7,1,37,38
298,1166,1191,2,3,13,12,25
140,1109,1192,2,9,33,50,83
573,1129,1192,2,9,15,48,63
354,1086,1201,1,8,56,59,115
793,1146,1202,2,10,1,55,56
697,1136,1202,2,10,6,60,66
485,1143,1202,2,10,2,57,59
276,1177,1203,2,5,2,24,26
494,1163,1203,2,5,17,23,40
228,1183,1203,2,5,1,19,20
2,1191,1206,1,4,1,14,15
17,1138,1209,2,13,3,68,71
511,1160,1213,2,7,19,34,53
817,1155,1216,0,2,52,9,61
710,1154,1216,0,2,55,7,62
794,1163,1216,0,2,47,6,53
421,1185,1216,0,2,22,9,31
166,1153,1216,0,2,54,9,63
373,1164,1216,0,2,44,8,52
78,1145,1216,0,2,63,8,71
453,1143,1216,0,2,64,9,73
495,1181,1216,0,2,28,7,35
466,1163,1216,0,2,44,9,53
204,1155,1216,0,2,53,8,61
645,1197,1216,0,2,12,7,19
820,1187,1216,0,2,21,8,29
224,1196,1216,0,2,11,9,20
549,1204,1216,0,2,3,9,12
628,1191,1216,0,2,16,9,25
469,1156,1216,0,2,51,9,60
92,1187,1216,0,2,20,9,29
72,1194,1216,0,2,14,8,22
818,1171,1216,0,2,36,9,45
776,1126,1221,2,14,16,79,95
338,1045,1222,1,10,144,33,177
37,1138,1228,2,16,5,85,90
827,1168,1230,2,12,29,33,62
417,1165,1231,2,1,53,13,66
721,1195,1231,2,1,23,13,36
236,1199,1231,2,1,23,9,32
744,1154,1231,2,1,64,13,77
601,1223,1231,2,1,1,7,8
203,1216,1231,2,1,2,13,15
108,1208,1231,2,1,12,12,24
566,1161,1231,2,1,57,13,70
326,1201,1231,2,1,17,13,30
383,1161,1231,2,1,58,12,70
35,1189,1231,2,1,29,13,42
758,1156,1231,2,1,62,13,75
206,1179,1231,2,1,39,13,52
662,1154,1231,2,1,65,12,77
822,1197,1231,2,11,13,21,34
406,1166,1231,2,1,55,10,65
155,1178,1231,2,11,32,21,53
428,1137,1233,2,17,4,92,96
279,1180,1237,1,13,9,48,57
546,1190,1237,1,13,3,44,47
688,1165,1237,1,13,24,48,72
741,1171,1237,2,13,26,40,66
112,1195,1237,2,12,16,26,42
807,1220,1238,2,13,1,17,18
733,1169,1240,2,0,49,22,71
407,1190,1240,2,0,29,21,50
425,1156,1240,2,0,64,20,84
261,1177,1240,2,0,42,21,63
737,1179,1240,2,0,41,20,61
708,1188,1247,1,14,2,57,59
623,1041,1247,1,14,148,58,206
723,1205,1249,1,13,1,43,44
577,1192,1249,2,13,18,39,57
587,1218,1250,2,14,1,31,32
175,1208,1253,0,2,33,12,45
340,1230,1253,0,2,10,13,23
390,1231,1253,0,2,12,10,22
430,1217,1253,0,2,23,13,36
552,1188,1253,0,2,52,13,65
680,1237,1253,0,2,3,13,16
55,1234,1253,0,2,6,13,19
501,1236,1253,0,2,5,12,17
698,1219,1253,0,2,21,13,34
649,1218,1253,0,2,24,11,35
661,1229,1253,0,2,12,12,24
521,1078,1254,1,15,112,64,176
837,1168,1255,2,14,42,45,87
715,1213,1255,2,14,1,41,42
451,1172,1255,2,14,38,45,83
359,1105,1260,1,16,84,71,155
634,1103,1260,1,16,89,68,157
363,1153,1260,1,16,37,70,107
748,1043,1260,1,16,147,70,217
145,1179,1260,1,16,12,69,81
489,1167,1260,2,16,30,63,93
314,1164,1260,2,16,33,63,96
832,1216,1262,1,3,30,16,46
427,1237,1262,1,3,9,16,25
391,1185,1264,2,15,26,53,79
705,1208,1264,2,15,2,54,56
682,1202,1266,2,3,24,40,64
531,1243,1266,2,3,1,22,23
763,1070,1270,1,18,119,81,200
860,1064,1270,1,18,127,79,206
559,1255,1270,2,4,1,14,15
782,1222,1274,2,4,4,48,52
343,1184,1274,2,16,26,64,90
127,1178,1274,2,16,35,61,96
36,1199,1274,2,16,12,63,75
128,1189,1274,2,16,21,64,85
602,1213,1274,2,16,2,59,61
491,1176,1274,2,16,35,63,98
642,1195,1274,2,4,32,47,79
853,1100,1275,1,19,89,86,175
52,1255,1278,1,2,11,12,23
443,1258,1278,0,2,1,19,20
725,1257,1278,0,2,1,20,21
289,1251,1278,0,2,6,21,27
442,1245,1278,0,2,11,22,33
803,1260,1278,0,2,1,17,18
475,1258,1278,0,2,2,18,20
137,1208,1282,1,5,38,36,74
186,1217,1282,2,5,10,55,65
86,1172,1282,2,17,40,70,110
254,1196,1282,2,5,30,56,86
631,1267,1285,1,5,1,17,18
575,1273,1285,2,5,5,7,12
160,1265,1285,2,5,13,7,20
742,1265,1288,2,1,7,16,23
719,1253,1288,2,1,21,14,35
729,1240,1288,2,1,31,17,48
409,1228,1288,2,1,44,16,60
799,1228,1288,2,1,43,17,60
169,1275,1288,2,1,1,12,13
801,1235,1288,2,1,38,15,53
544,1283,1288,2,1,1,4,5
341,1270,1288,2,1,1,17,18
754,1250,1290,1,6,1,39,40
356,1238,1290,2,8,1,51,52
253,1191,1290,2,8,35,64,99
841,1167,1293,2,18,44,82,126
168,1216,1293,2,18,1,76,77
121,1261,1294,1,6,8,25,33
766,1213,1297,1,9,34,50,84
735,1285,1298,2,0,1,12,13
734,1252,1298,2,0,19,27,46
43,1223,1298,2,0,48,27,75
328,1201,1298,2,9,27,70,97
811,1263,1298,2,0,8,27,35
38,1240,1298,2,0,32,26,58
51,1224,1298,2,9,5,69,74
349,1165,1303,2,19,45,93,138
662,1270,1305,1,7,1,34,35
677,1310,1314,1,2,1,3,4
525,1310,1314,1,2,2,2,4
413,1304,1314,0,2,1,9,10
488,1270,1314,0,2,29,15,44
636,1280,1314,0,2,18,16,34
67,1269,1314,0,2,29,16,45
484,1261,1316,1,10,5,50,55
157,1235,1316,1,10,32,49,81
458,1286,1320,2,3,15,19,34
113,1263,1323,1,12,4,56,60
558,1269,1325,2,4,31,25,56
8,1323,1329,2,1,1,5,6
714,1228,1330,1,14,38,64,102
275,1310,1332,2,5,1,21,22
196,1303,1338,1,10,4,31,35
829,1313,1338,2,10,1,24,25
302,1289,1339,2,0,25,25,50
301,1291,1339,2,0,24,24,48
232,1248,1340,1,15,18,74,92
844,1305,1340,2,8,1,34,35
368,1314,1345,1,12,16,15,31
747,1268,1348,1,16,2,78,80
861,1254,1348,1,16,13,81,94
670,1256,1348,2,16,22,70,92
862,1270,1348,2,16,8,70,78
264,1294,1349,1,12,14,41,55
77,1292,1349,2,9,7,50,57
598,1236,1353,1,17,30,87,117
672,1234,1353,2,17,44,75,119
281,1324,1356,1,13,6,26,32
182,1239,1358,2,18,39,80,119
9,1312,1359,0,2,28,19,47
266,1308,1359,0,2,31,20,51
371,1317,1359,0,2,22,20,42
751,1307,1360,1,13,1,52,53
502,1284,1360,2,10,15,61,76
719,1316,1368,1,19,15,37,52
13,1324,1368,1,19,8,36,44
473,1317,1368,1,19,13,38,51
206,1326,1368,1,19,5,37,42
365,1246,1368,1,19,22,100,122
434,1229,1368,2,19,49,90,139
12,1254,1368,2,19,24,90,114
320,1246,1369,2,11,53,70,123
236,1282,1370,1,14,25,63,88
217,1282,1370,1,14,26,62,88
453,1327,1370,2,14,1,42,43
687,1330,1371,1,3,21,20,41
103,1289,1372,1,3,27,56,83
833,1349,1372,2,3,1,22,23
409,1300,1377,1,4,17,60,77
643,1320,1377,2,4,8,49,57
569,1297,1378,2,12,3,78,81
194,1286,1381,1,15,21,74,95
263,1363,1384,2,6,1,20,21
592,1234,1385,2,13,66,85,151
547,1311,1385,2,13,1,73,74
591,1283,1385,2,13,17,85,102
284,1322,1388,1,5,1,65,66
199,1315,1388,1,5,1,72,73
35,1289,1389,1,16,18,82,100
84,1303,1395,1,6,13,79,92
31,1343,1395,2,6,1,51,52
704,1276,1397,2,14,26,95,121
10,1317,1401,2,19,1,83,84
610,1329,1403,2,7,1,73,74
773,1273,1408,2,17,26,109,135
56,1256,1408,2,17,45,107,152
25,1372,1409,2,3,28,9,37
27,1339,1411,2,8,1,71,72
132,1347,1412,2,10,42,23,65
179,1373,1412,2,10,16,23,39
166,1352,1412,2,10,38,22,60
550,1379,1412,2,10,10,23,33
158,1365,1412,2,10,24,23,47
726,1329,1415,2,1,68,18,86
6,1336,1415,2,1,61,18,79
815,1344,1415,2,1,53,18,71
646,1332,1415,2,1,67,16,83
641,1329,1415,2,1,69,17,86
209,1402,1415,2,1,1,12,13
694,1404,1415,2,1,1,10,11
98,1405,1415,2,1,1,9,10
296,1367,1419,1,4,26,26,52
772,1265,1419,2,18,34,120,154
842,1232,1419,2,18,67,120,187
146,1353,1419,2,9,1,65,66
875,1280,1419,2,18,19,120,139
23,1383,1424,2,11,8,33,41
742,1374,1429,1,5,18,37,55
265,1348,1431,2,12,43,40,83
570,1363,1431,2,12,27,41,68
510,1355,1434,1,0,60,19,79
89,1330,1434,2,0,67,37,104
380,1338,1434,2,0,60,36,96
527,1375,1434,2,0,22,37,59
44,1367,1434,2,0,33,34,67
874,1358,1439,0,2,73,8,81
819,1411,1439,0,2,21,7,28
139,1357,1439,0,2,73,9,82
394,1358,1439,0,2,72,9,81
604,1382,1440,2,13,8,50,58
470,1355,1440,2,13,34,51,85
466,1370,1441,2,7,31,40,71
198,1374,1441,2,7,28,39,67
701,1350,1445,2,14,39,56,95
78,1382,1445,2,14,7,56,63
565,1333,1445,2,14,56,56,112
305,1380,1446,2,8,21,45,66
730,1377,1446,2,8,23,46,69
192,1352,1453,2,15,37,64,101
523,1421,1455,2,3,17,17,34
88,1395,1457,1,9,1,61,62
630,1407,1460,2,4,30,23,53
413,1431,1460,2,4,6,23,29
125,1440,1460,2,4,1,19,20
370,1425,1463,2,1,17,21,38
699,1431,1463,2,1,12,20,32
42,1374,1464,2,16,16,74,90
139,1450,1464,2,12,1,13,14
257,1383,1464,2,16,6,75,81
836,1342,1464,2,16,48,74,122
326,1351,1467,1,10,41,75,116
850,1373,1467,1,10,18,76,94
636,1426,1469,2,5,11,32,43
504,1453,1470,2,7,7,10,17
304,1431,1472,2,13,9,32,41
100,1446,1472,2,0,1,25,26
532,1367,1473,2,17,24,82,106
760,1386,1473,2,17,4,83,87
545,1412,1476,2,6,26,38,64
64,1463,1477,2,8,1,13,14
201,1436,1477,2,14,3,38,41
536,1396,1478,1,11,1,81,82
435,1382,1484,2,19,7,95,102
54,1427,1486,2,15,12,47,59
847,1450,1488,2,7,1,37,38
153,1436,1488,2,7,1,51,52
106,1452,1488,2,7,1,35,36
5,1466,1488,2,3,17,5,22
609,1420,1488,2,7,17,51,68
855,1459,1488,2,10,2,27,29
46,1354,1492,2,15,46,92,138
601,1366,1497,1,16,25,106,131
159,1431,1497,2,16,8,58,66
388,1467,1499,2,5,17,15,32
668,1413,1499,2,8,24,62,86
727,1436,1499,2,8,2,61,63
505,1443,1499,2,8,1,55,56
238,1475,1499,2,5,8,16,24
323,1461,1500,2,11,1,38,39
429,1434,1504,2,17,7,63,70
515,1416,1506,2,9,23,67,90
872,1451,1506,2,9,1,54,55
57,1432,1506,2,9,6,68,74
124,1380,1508,1,17,11,117,128
15,1461,1508,2,13,1,46,47
226,1479,1510,2,6,4,27,31
169,1343,1516,1,19,48,125,173
588,1461,1518,2,14,2,55,57
163,1524,1528,2,3,1,3,4
647,1514,1534,2,10,1,19,20
780,1489,1535,2,5,32,14,46
126,1530,1537,2,4,1,6,7
422,1529,1542,2,11,1,12,13
204,1515,1543,2,11,2,26,28
680,1488,1544,2,6,32,24,56
538,1521,1544,2,6,1,22,23
246,1511,1544,2,6,9,24,33
108,1502,1549,1,2,36,11,47
517,1453,1549,1,2,85,11,96
347,1470,1549,2,12,42,37,79
660,1522,1552,2,7,2,28,30
119,1504,1552,2,7,17,31,48
528,1515,1552,2,7,5,32,37
808,1512,1552,2,7,11,29,40
415,1491,1558,2,13,20,47,67
384,1505,1558,2,13,6,47,53
738,1476,1558,2,13,35,47,82
530,1546,1558,2,3,5,7,12
603,1496,1558,2,13,16,46,62
441,1492,1558,2,13,19,47,66
845,1497,1561,2,8,23,41,64
101,1482,1562,2,1,68,12,80
703,1529,1562,2,1,20,13,33
800,1494,1562,2,1,57,11,68
798,1492,1562,2,1,57,13,70
495,1552,1565,2,6,1,12,13
648,1493,1566,2,9,27,46,73
615,1496,1566,2,9,26,44,70
553,1556,1567,2,7,1,10,11
622,1519,1569,2,14,1,49,50
790,1542,1575,2,7,8,25,33
339,1559,1578,2,14,1,18,19
716,1483,1579,2,15,28,68,96
804,1514,1579,2,15,2,63,65
55,1492,1579,2,15,20,67,87
566,1509,1581,1,0,53,19,72
561,1465,1581,2,0,84,32,116
417,1516,1583,1,8,25,42,67
418,1536,1583,2,8,13,34,47
537,1488,1589,2,17,23,78,101
774,1516,1589,2,17,1,72,73
178,1464,1589,2,17,47,78,125
721,1489,1591,1,9,49,53,102
834,1546,1591,2,9,3,42,45
403,1577,1597,2,3,11,9,20
240,1562,1599,2,10,17,20,37
271,1477,1599,2,18,36,86,122
4,1488,1599,2,18,24,87,111
736,1551,1602,2,10,1,50,51
350,1499,1608,2,19,12,97,109
252,1582,1608,2,8,6,20,26
480,1494,1608,2,19,17,97,114
757,1578,1608,2,8,11,19,30
729,1584,1609,1,0,13,12,25
424,1570,1609,2,0,13,26,39
699,1559,1612,1,13,8,45,53
646,1566,1612,1,13,2,44,46
819,1586,1612,2,13,1,25,26
446,1587,1612,2,13,1,24,25
203,1505,1613,1,11,34,74,108
644,1598,1622,2,3,16,8,24
62,1590,1624,2,15,1,33,34
519,1574,1624,2,15,5,45,50
744,1490,1625,1,12,50,85,135
654,1547,1625,2,12,3,75,78
3,1598,1629,2,4,14,17,31
285,1625,1633,2,3,1,7,8
385,1563,1633,2,16,17,53,70
225,1620,1633,2,3,6,7,13
383,1464,1634,1,13,75,95,170
535,1585,1639,2,17,1,53,54
73,1576,1639,2,17,3,60,63
866,1598,1640,2,0,21,21,42
666,1610,1643,2,7,3,30,33
273,1544,1644,2,16,5,95,100
300,1574,1645,2,18,7,64,71
726,1554,1648,1,8,48,46,94
825,1600,1648,2,8,12,36,48
104,1626,1649,2,8,1,22,23
758,1506,1655,1,19,32,117,149
539,1618,1658,2,11,1,39,40
794,1634,1658,2,10,5,19,24
607,1642,1659,2,6,6,11,17
852,1629,1665,2,13,11,25,36
60,1595,1667,2,13,18,54,72
617,1643,1671,2,9,6,22,28
8,1587,1676,1,14,16,73,89
91,1591,1676,2,14,21,64,85
664,1632,1678,2,16,6,40,46
99,1671,1682,2,0,3,8,11
462,1613,1687,2,16,2,72,74
149,1680,1689,2,5,2,7,9
637,1624,1689,2,17,15,50,65
405,1626,1689,2,17,12,51,63
655,1668,1690,2,12,2,20,22
679,1684,1695,2,6,1,10,11
396,1620,1696,2,18,18,58,76
355,1685,1698,2,8,1,12,13
16,1651,1700,2,13,19,30,49
80,1671,1700,2,13,1,28,29
353,1693,1707,2,5,1,13,14
488,1688,1707,2,9,1,18,19
583,1638,1708,2,19,3,67,70
377,1682,1708,2,13,1,25,26
475,1677,1712,2,14,2,33,35
249,1699,1717,2,8,1,17,18
76,1706,1723,2,7,8,9,17
722,1696,1724,2,9,1,27,28
386,1668,1725,2,16,3,54,57
49,1671,1725,2,16,1,53,54
258,1677,1725,2,16,1,47,48
669,1671,1725,2,16,2,52,54
551,1716,1734,2,8,1,17,18
815,1697,1741,1,6,28,16,44
237,1692,1745,2,11,21,32,53
818,1718,1747,2,7,12,17,29
645,1737,1752,2,3,5,10,15
373,1701,1754,2,15,11,42,53
803,1707,1754,2,15,5,42,47
293,1716,1755,2,1,30,9,39
401,1736,1758,2,14,1,21,22
635,1750,1763,2,5,1,12,13
223,1686,1765,2,19,26,53,79
814,1742,1766,2,6,1,23,24
207,1739,1768,2,19,1,28,29
765,1759,1772,2,4,4,9,13
101,1695,1778,1,10,36,47,83
831,1751,1781,2,10,13,17,30
628,1760,1781,2,9,4,17,21
440,1750,1788,2,13,13,25,38
303,1766,1788,2,13,1,21,22
6,1716,1793,1,14,16,61,77
193,1762,1800,2,15,1,37,38
310,1764,1800,2,15,1,35,36
47,1793,1806,2,6,1,12,13
39,1804,1815,2,0,2,9,11
167,1773,1816,2,10,26,17,43
230,1811,1820,2,3,2,7,9
840,1819,1826,2,6,1,6,7
370,1758,1828,1,12,31,39,70
138,1805,1828,2,12,1,22,23
289,1817,1833,2,8,1,15,16
846,1820,1835,2,8,1,14,15
593,1777,1838,2,15,23,38,61
408,1834,1840,2,4,1,5,6
337,1835,1846,2,10,1,10,11
820,1821,1846,2,13,3,22,25
48,1803,1850,2,16,1,46,47
282,1836,1852,2,6,1,15,16
627,1829,1853,2,14,1,23,24
552,1831,1862,2,8,1,30,31
299,1859,1862,2,3,1,2,3
229,1845,1863,2,5,10,8,18
162,1830,1863,2,17,1,32,33
394,1809,1876,2,19,14,53,67
421,1860,1882,2,6,14,8,22
443,1863,1883,2,12,1,19,20
874,1852,1895,2,18,8,35,43
703,1859,1897,1,14,21,17,38
683,1889,1913,2,11,7,17,24
371,1897,1918,2,12,2,19,21
402,1890,1925,2,14,8,27,35
92,1888,1925,2,14,9,28,37
586,1912,1933,2,12,1,20,21
32,1885,1936,2,15,11,40,51
351,1896,1945,2,19,1,48,49
710,1927,1959,2,10,19,13,32
698,1930,1959,2,10,17,12,29
649,1943,1959,2,9,1,15,16
340,1937,1969,2,14,9,23,32
442,1938,1969,2,12,10,21,31
549,1972,1983,2,6,1,10,11
156,1982,1997,2,10,1,14,15
111,1989,2001,2,7,1,11,12
335,1966,2009,2,11,10,33,43
190,1988,2018,2,12,1,29,30
67,2014,2024,2,6,1,9,10
469,1986,2026,2,13,1,39,40
479,1966,2040,2,19,11,63,74
580,2004,2041,2,16,5,32,37
399,2016,2041,2,19,1,24,25
181,2016,2053,2,18,1,36,37
175,2025,2057,2,17,11,21,32
224,2034,2057,2,17,3,20,23
817,2058,2073,2,9,4,11,15
9,2072,2102,2,14,6,24,30
661,2089,2105,2,7,4,12,16
390,2080,2107,2,15,1,26,27
430,2090,2116,2,17,1,25,26
725,2112,2121,2,8,1,8,9
501,2112,2126,2,10,1,13,14
72,2106,2136,2,15,4,26,30
266,2129,2171,2,19,16,26,42
