648,2,17,3,2,6,9,15
350,6,21,2,0,3,12,15
441,3,21,2,0,5,13,18
320,10,31,0,2,8,13,21
426,13,31,1,2,11,7,18
368,16,31,0,2,2,13,15
194,10,31,0,2,9,12,21
133,26,39,0,2,1,12,13
95,15,39,6,2,4,20,24
234,21,39,0,2,1,17,18
210,32,44,1,0,1,11,12
391,1,44,3,0,6,37,43
575,25,44,2,0,1,18,19
471,19,44,1,0,10,15,25
311,33,45,0,2,5,7,12
582,36,45,0,2,3,6,9
42,25,49,5,0,3,21,24
121,33,49,5,0,1,15,16
628,10,49,5,0,17,22,39
620,5,49,6,0,13,31,44
693,42,49,2,0,1,6,7
567,36,51,10,2,1,14,15
47,19,51,10,2,8,24,32
96,44,53,0,2,1,8,9
78,50,61,0,2,1,10,11
269,51,61,0,2,1,9,10
118,54,61,0,2,1,6,7
374,57,62,3,2,1,4,5
329,8,63,10,0,19,36,55
700,17,63,10,0,11,35,46
368,36,65,2,14,3,26,29
429,59,74,0,2,4,11,15
614,42,75,3,0,13,20,33
544,41,75,3,0,13,21,34
243,73,94,0,2,2,19,21
317,81,94,0,2,1,12,13
695,84,117,2,0,8,25,33
722,72,117,1,0,32,13,45
723,96,117,1,0,9,12,21
263,81,117,2,0,10,26,36
661,106,121,3,2,2,13,15
15,97,123,5,2,1,25,26
217,104,123,4,2,1,18,19
463,87,123,4,2,13,23,36
509,50,123,6,2,33,40,73
374,123,129,2,1,1,5,6
653,106,134,1,2,16,12,28
354,104,134,0,2,13,17,30
442,110,134,0,2,8,16,24
488,70,140,6,0,14,56,70
198,55,140,7,0,16,69,85
609,64,140,5,0,29,47,76
726,71,140,5,0,22,47,69
67,64,140,5,0,30,46,76
112,78,146,3,0,29,39,68
180,115,146,1,0,14,17,31
647,113,146,3,0,1,32,33
163,126,151,0,2,14,11,25
221,142,151,0,2,1,8,9
35,141,151,0,2,1,9,10
57,132,151,0,2,9,10,19
267,147,153,0,2,1,5,6
537,146,153,0,2,1,6,7
112,149,153,0,2,1,3,4
719,93,155,12,2,1,61,62
225,21,155,17,2,20,114,134
478,17,155,17,2,23,115,138
538,57,155,14,2,7,91,98
118,113,162,2,15,21,28,49
321,95,163,8,2,18,50,68
427,110,163,7,2,8,45,53
330,97,163,10,2,7,59,66
424,55,163,10,2,48,60,108
469,46,163,11,2,52,65,117
564,134,163,4,2,1,28,29
431,47,163,18,2,33,83,116
434,80,163,11,2,19,64,83
373,38,163,18,2,43,82,125
140,148,163,4,2,1,14,15
419,157,166,0,2,3,6,9
634,155,166,0,2,6,5,11
584,154,166,0,2,6,6,12
651,88,170,19,2,1,81,82
51,157,170,10,2,1,12,13
472,116,170,4,0,13,41,54
131,127,170,3,0,24,19,43
606,87,170,15,0,3,80,83
107,106,170,10,0,1,63,64
27,9,170,18,0,71,90,161
115,158,170,3,0,1,11,12
643,66,170,8,0,46,58,104
33,121,170,7,0,1,48,49
642,79,170,11,0,19,72,91
47,145,171,2,1,10,16,26
64,141,177,10,0,11,25,36
574,109,177,12,0,28,40,68
520,99,177,13,0,29,49,78
715,62,177,19,0,19,96,115
675,140,177,11,0,3,34,37
219,89,177,16,0,13,75,88
516,116,177,12,0,22,39,61
187,61,177,19,0,21,95,116
247,38,177,19,0,43,96,139
533,123,177,10,0,28,26,54
492,84,177,19,0,1,92,93
66,148,181,5,0,1,32,33
524,26,181,16,0,19,136,155
130,172,181,1,0,1,8,9
632,34,181,16,0,12,135,147
23,43,181,13,0,31,107,138
151,79,181,11,0,19,83,102
418,102,181,11,0,1,78,79
290,24,181,12,0,54,103,157
499,29,181,15,0,26,126,152
517,126,181,5,0,17,38,55
585,143,181,5,0,2,36,38
444,128,181,5,0,16,37,53
731,58,181,14,0,7,116,123
4,40,181,13,0,33,108,141
500,8,181,15,0,46,127,173
71,128,181,7,0,1,52,53
308,111,181,10,0,1,69,70
326,168,183,0,2,3,12,15
617,166,183,0,2,4,13,17
181,171,183,0,2,1,11,12
410,185,191,0,2,1,5,6
107,187,191,0,2,1,3,4
57,174,204,2,15,9,21,30
459,207,212,0,2,1,4,5
122,188,212,0,2,13,11,24
351,197,212,0,2,4,11,15
566,196,212,0,2,7,9,16
548,207,212,0,2,2,3,5
581,195,212,0,2,6,11,17
290,188,212,0,2,14,10,24
96,200,225,2,5,12,13,25
274,173,231,7,2,10,48,58
227,183,231,7,2,1,47,48
496,231,241,0,2,4,6,10
125,228,241,0,2,9,4,13
523,223,241,0,2,12,6,18
672,223,241,0,2,13,5,18
111,225,241,0,2,10,6,16
325,204,246,4,2,22,20,42
338,235,246,4,2,1,10,11
140,240,248,2,1,1,7,8
634,199,267,2,0,32,36,68
160,206,267,2,0,27,34,61
173,212,267,3,0,1,54,55
696,180,267,2,0,51,36,87
355,150,267,8,0,25,92,117
108,179,267,1,0,69,19,88
85,193,267,2,0,39,35,74
704,164,267,7,0,18,85,103
713,194,267,3,0,17,56,73
666,234,267,2,0,1,32,33
211,189,267,1,0,60,18,78
60,253,268,2,0,1,14,15
379,179,268,6,0,17,72,89
139,219,268,4,0,6,43,49
337,186,268,5,0,23,59,82
142,181,268,8,0,1,86,87
473,193,268,4,0,32,43,75
110,241,268,3,0,1,26,27
636,225,271,16,2,12,34,46
363,224,271,14,2,32,15,47
629,185,271,17,2,40,46,86
649,243,271,16,2,1,27,28
600,222,271,18,2,1,48,49
288,216,277,10,2,11,50,61
245,196,277,14,2,18,63,81
46,172,277,10,2,53,52,105
608,222,277,8,2,24,31,55
271,186,277,9,2,55,36,91
578,235,277,6,2,25,17,42
312,248,282,0,2,20,14,34
220,266,282,0,2,3,13,16
413,269,282,0,2,1,12,13
75,277,282,0,2,1,4,5
376,243,282,0,2,25,14,39
404,274,282,0,2,2,7,9
501,270,282,0,2,2,11,13
437,156,286,12,2,62,68,130
100,183,286,16,2,1,102,103
292,198,286,12,2,22,66,88
670,154,286,17,2,16,116,132
480,188,286,15,2,5,93,98
322,268,286,10,2,1,17,18
416,221,286,11,2,12,53,65
433,171,286,15,2,23,92,115
146,190,286,11,2,42,54,96
602,199,286,15,0,50,37,87
184,228,286,17,0,1,57,58
105,230,286,16,0,8,48,56
65,172,286,10,0,54,60,114
50,181,286,9,0,59,46,105
344,245,286,15,0,4,37,41
558,201,286,14,0,15,70,85
235,146,286,19,0,59,81,140
477,211,286,18,0,2,73,75
296,102,286,18,0,111,73,184
195,215,286,17,0,10,61,71
594,225,286,5,0,42,19,61
423,196,286,14,0,19,71,90
532,213,286,8,0,32,41,73
345,218,286,15,0,31,37,68
109,197,286,14,0,17,72,89
360,226,286,7,0,26,34,60
286,258,286,5,0,9,19,28
583,267,286,1,0,9,10,19
212,217,286,14,0,1,68,69
686,241,286,8,0,4,41,45
327,198,286,19,0,6,82,88
689,118,286,19,0,86,82,168
270,232,286,9,0,8,46,54
389,199,286,18,0,15,72,87
454,200,286,7,0,51,35,86
192,203,286,15,0,47,36,83
138,189,286,17,0,37,60,97
590,221,286,15,0,30,35,65
534,204,286,10,0,21,61,82
123,257,288,1,2,16,15,31
132,244,288,0,2,23,21,44
161,240,288,0,2,27,21,48
277,247,288,0,2,21,20,41
369,269,288,0,2,1,18,19
706,250,288,0,2,17,21,38
668,266,288,0,2,1,21,22
134,247,288,0,2,21,21,42
317,281,296,2,8,1,14,15
720,175,300,12,0,43,82,125
191,156,300,15,0,37,107,144
593,103,300,17,0,67,130,197
580,197,300,13,0,3,100,103
639,110,300,17,0,61,129,190
218,132,300,16,0,50,118,168
256,193,300,13,0,6,101,107
362,246,300,10,0,8,46,54
224,130,300,16,0,51,119,170
495,168,300,12,0,51,81,132
365,282,301,0,2,4,15,19
536,295,301,0,2,1,5,6
563,292,301,0,2,1,8,9
451,288,301,0,2,1,12,13
430,295,301,0,2,2,4,6
64,296,301,0,2,2,3,5
452,296,301,0,2,2,4,6
419,273,305,2,11,10,22,32
310,298,306,0,2,2,6,8
609,302,306,0,2,1,3,4
351,266,319,2,17,16,37,53
35,302,322,2,12,1,19,20
669,251,354,17,2,74,29,103
189,251,354,19,2,60,43,103
554,286,354,19,2,27,41,68
279,239,354,19,2,71,44,115
703,312,354,16,2,24,18,42
182,280,354,19,2,30,44,74
301,272,354,17,2,52,30,82
725,335,364,5,2,18,11,29
385,269,364,9,2,35,60,95
610,259,364,5,2,95,10,105
572,306,364,9,2,1,57,58
120,278,364,5,2,77,9,86
445,284,364,5,2,69,11,80
412,261,364,7,2,67,36,103
687,290,364,5,2,64,10,74
288,364,367,2,1,1,2,3
321,308,367,2,1,46,13,59
567,346,367,2,1,8,13,21
648,357,367,2,1,1,9,10
509,326,367,2,1,30,11,41
194,297,367,2,1,58,12,70
284,247,370,9,2,55,68,123
503,265,370,6,2,75,30,105
576,295,370,6,2,45,30,75
158,303,370,6,2,39,28,67
343,260,370,4,2,104,6,110
18,314,370,5,2,44,12,56
61,295,374,2,0,59,20,79
226,320,374,17,0,4,50,54
40,268,374,19,0,42,64,106
685,349,374,1,0,19,6,25
143,302,374,18,0,15,57,72
12,270,374,19,0,41,63,104
29,261,374,19,0,49,64,113
349,323,374,16,0,13,38,51
372,260,374,18,0,55,59,114
41,261,374,19,0,51,62,113
640,296,374,17,0,30,48,78
83,247,374,18,0,69,58,127
275,294,374,16,0,42,38,80
692,238,374,17,0,86,50,136
530,241,374,18,0,74,59,133
716,334,374,1,0,33,7,40
59,366,374,1,0,1,7,8
179,340,381,1,2,31,10,41
162,328,381,0,2,35,18,53
370,317,381,1,2,53,11,64
129,368,381,1,2,2,11,13
300,337,381,0,2,24,20,44
505,356,381,0,2,5,20,25
255,350,381,0,2,12,19,31
145,344,381,0,2,17,20,37
209,328,381,0,2,33,20,53
19,306,381,0,2,55,20,75
104,360,381,0,2,3,18,21
700,364,381,0,2,1,16,17
6,360,381,0,2,2,20,22
187,333,381,0,2,29,19,48
583,313,381,0,2,49,19,68
500,340,381,0,2,24,17,41
362,313,381,0,2,48,20,68
705,309,382,5,0,44,29,73
447,319,382,8,0,1,62,63
333,315,382,5,0,38,29,67
595,260,382,5,0,93,29,122
299,325,382,7,0,3,54,57
677,263,382,7,0,66,53,119
613,330,382,5,0,24,28,52
0,330,382,7,0,1,51,52
88,351,382,5,0,3,28,31
287,342,382,5,0,11,29,40
91,331,382,7,0,1,50,51
74,229,382,5,0,124,29,153
161,373,386,2,0,1,12,13
144,262,386,9,0,40,84,124
627,352,386,4,0,12,22,34
17,357,386,5,0,1,28,29
449,269,386,4,0,95,22,117
399,381,386,1,0,1,4,5
152,263,386,8,0,49,74,123
166,338,386,5,0,21,27,48
644,358,386,5,0,2,26,28
507,264,386,8,0,49,73,122
551,274,386,9,0,28,84,112
2,287,386,9,0,16,83,99
450,356,386,4,0,8,22,30
596,261,386,9,0,42,83,125
157,245,386,4,0,119,22,141
25,268,386,6,0,73,45,118
278,316,388,19,2,17,55,72
487,322,388,18,2,17,49,66
58,309,388,15,2,53,26,79
443,334,388,17,2,12,42,54
457,324,388,19,2,11,53,64
126,324,388,16,2,27,37,64
13,318,388,19,2,14,56,70
246,323,388,19,2,10,55,65
432,348,388,15,2,13,27,40
556,357,388,15,2,5,26,31
232,365,388,13,2,7,16,23
206,327,388,15,2,36,25,61
456,293,390,14,2,41,56,97
455,284,390,14,2,48,58,106
229,232,390,12,2,129,29,158
291,271,390,12,2,90,29,119
435,346,390,12,2,18,26,44
439,350,390,12,2,11,29,40
674,232,390,14,2,100,58,158
203,361,390,12,2,2,27,29
475,298,390,13,2,47,45,92
660,249,390,12,2,113,28,141
604,379,393,0,2,1,13,14
398,369,393,0,2,5,19,24
252,369,393,0,2,6,18,24
213,374,393,0,2,1,18,19
624,374,393,0,2,3,16,19
329,369,393,0,2,5,19,24
180,372,393,0,2,4,17,21
207,300,399,15,0,61,38,99
458,317,399,19,0,17,65,82
237,315,399,19,0,17,67,84
461,310,399,16,0,41,48,89
522,312,399,16,0,40,47,87
364,323,399,19,0,9,67,76
28,316,399,19,0,16,67,83
395,316,399,15,0,45,38,83
711,296,400,3,2,99,5,104
710,308,400,3,2,87,5,92
282,350,400,3,2,45,5,50
615,314,400,3,2,81,5,86
241,382,401,0,2,1,18,19
193,384,401,0,2,1,16,17
638,383,401,0,2,1,17,18
297,387,401,0,2,1,13,14
69,390,401,0,2,1,10,11
622,386,401,0,2,1,14,15
589,390,401,0,2,3,9,12
374,346,402,1,3,36,20,56
122,398,402,2,1,1,3,4
617,353,402,2,3,40,9,49
111,393,402,2,3,1,8,9
112,385,402,2,3,10,7,17
721,324,409,12,0,39,46,85
366,304,409,14,0,29,76,105
401,337,409,12,0,24,48,72
170,326,409,12,0,35,48,83
422,296,409,14,0,36,77,113
124,273,409,14,0,60,76,136
684,400,409,1,0,2,7,9
200,329,409,12,0,33,47,80
204,360,409,12,0,1,48,49
402,350,409,12,0,12,47,59
417,275,409,11,0,97,37,134
140,352,410,1,4,31,27,58
505,395,410,2,4,1,14,15
429,385,410,2,4,8,17,25
540,393,413,0,2,6,14,20
259,399,413,1,2,8,6,14
154,401,413,0,2,1,11,12
448,404,413,0,2,1,8,9
2,399,413,0,2,1,13,14
234,404,415,2,7,1,10,11
658,373,417,3,0,24,20,44
11,273,417,3,0,122,22,144
547,308,417,3,0,88,21,109
174,322,417,3,0,73,22,95
683,411,417,1,0,1,5,6
43,339,417,3,0,57,21,78
712,316,417,3,0,82,19,101
483,412,417,1,0,1,4,5
546,303,417,3,0,94,20,114
616,282,417,3,0,114,21,135
496,388,420,2,14,1,31,32
354,374,421,2,8,20,27,47
662,418,430,0,2,1,11,12
462,410,430,0,2,1,19,20
334,410,430,0,2,2,18,20
131,419,430,0,2,1,10,11
453,412,430,0,2,2,17,19
536,392,431,2,9,1,38,39
269,405,431,2,19,1,25,26
523,417,434,2,16,1,16,17
147,442,453,0,2,6,5,11
535,444,453,0,2,6,3,9
93,437,453,0,2,12,4,16
714,446,453,0,2,2,5,7
160,436,453,0,2,11,6,17
720,429,453,0,2,18,6,24
391,443,453,0,2,4,6,10
477,446,453,0,2,1,6,7
639,445,453,0,2,2,6,8
516,431,453,0,2,17,5,22
716,438,453,0,2,9,6,15
154,443,465,2,4,11,11,22
14,381,470,19,2,51,38,89
30,391,470,19,2,40,39,79
114,385,470,18,2,54,31,85
485,392,470,18,2,48,30,78
690,391,470,19,2,42,37,79
584,439,474,2,5,14,21,35
550,367,475,9,2,61,47,108
359,358,475,8,2,88,29,117
53,360,475,7,2,105,10,115
202,392,475,12,2,68,15,83
611,333,475,9,2,95,47,142
384,316,475,9,2,112,47,159
427,453,478,2,1,17,8,25
158,423,478,2,1,47,8,55
267,435,478,2,1,35,8,43
582,410,478,2,1,60,8,68
716,456,478,2,1,14,8,22
623,415,483,17,0,31,37,68
618,397,483,18,0,42,44,86
691,407,483,17,0,39,37,76
302,431,483,17,0,15,37,52
698,393,483,17,0,54,36,90
553,391,483,19,0,40,52,92
592,389,483,17,0,57,37,94
699,415,483,17,0,32,36,68
601,422,483,18,0,17,44,61
588,399,483,18,0,42,42,84
371,422,483,18,0,20,41,61
542,411,483,18,0,28,44,72
529,413,483,18,0,27,43,70
236,424,483,19,0,8,51,59
190,357,483,19,0,74,52,126
225,472,484,2,1,3,9,12
179,482,487,2,1,1,4,5
291,455,487,2,1,21,11,32
572,438,487,2,1,37,12,49
587,286,490,10,2,172,32,204
48,393,490,10,2,66,31,97
701,399,490,10,2,59,32,91
586,362,490,10,2,97,31,128
243,429,491,2,0,46,16,62
169,457,491,12,0,4,30,34
377,443,491,12,0,20,28,48
253,483,491,1,0,1,7,8
659,401,491,12,0,59,31,90
36,449,491,12,0,11,31,42
515,413,491,12,0,49,29,78
80,431,491,12,0,29,31,60
9,457,491,12,0,3,31,34
201,428,491,12,0,33,30,63
718,417,491,12,0,43,31,74
557,398,491,12,0,63,30,93
378,458,491,12,0,4,29,33
208,361,493,9,0,67,65,132
607,350,493,8,0,95,48,143
438,431,493,9,0,1,61,62
386,362,493,9,0,69,62,131
404,417,493,2,0,58,18,76
128,335,493,9,0,94,64,158
251,320,493,9,0,109,64,173
565,404,493,9,0,26,63,89
159,384,493,9,0,45,64,109
283,419,493,9,0,9,65,74
1,330,493,9,0,98,65,163
612,384,493,9,0,44,65,109
49,330,493,9,0,100,63,163
205,433,493,9,0,1,59,60
90,374,493,7,0,91,28,119
316,420,493,8,0,25,48,73
262,458,493,2,0,17,18,35
216,349,496,4,2,133,14,147
153,398,496,3,2,93,5,98
342,246,496,4,2,236,14,250
554,489,497,2,1,2,6,8
100,490,497,2,1,2,5,7
53,494,497,2,1,1,2,3
434,488,497,2,1,2,7,9
274,491,497,2,1,2,4,6
717,450,500,0,2,33,17,50
630,473,500,0,2,13,14,27
341,476,500,0,2,7,17,24
357,488,500,0,2,1,11,12
519,471,500,0,2,12,17,29
231,488,500,0,2,2,10,12
280,471,500,0,2,13,16,29
258,488,500,0,2,1,11,12
524,480,500,0,2,4,16,20
520,481,500,0,2,2,17,19
299,469,500,0,2,16,15,31
136,459,500,0,2,25,17,42
620,487,500,0,2,1,12,13
27,472,500,0,2,11,17,28
689,482,500,0,2,3,15,18
67,453,500,0,2,31,16,47
233,371,504,7,2,118,15,133
728,398,504,11,2,49,57,106
708,329,504,11,2,117,58,175
678,378,504,11,2,68,58,126
273,377,504,7,2,112,15,127
220,491,504,2,0,1,12,13
328,362,504,10,0,96,46,142
248,383,504,10,0,75,46,121
599,405,504,10,0,55,44,99
307,466,504,10,0,1,37,38
561,342,504,10,0,116,46,162
414,324,504,10,0,134,46,180
305,335,504,10,0,125,44,169
511,321,504,10,0,138,45,183
400,451,504,10,0,7,46,53
506,353,506,4,0,131,22,153
293,265,506,4,0,218,23,241
276,410,506,4,0,75,21,96
730,404,506,3,0,88,14,102
489,377,506,4,0,105,24,129
646,487,506,3,0,5,14,19
298,470,506,4,0,14,22,36
171,462,506,3,0,29,15,44
156,465,506,4,0,17,24,41
239,360,506,4,0,122,24,146
545,445,506,3,0,48,13,61
625,429,506,4,0,53,24,77
103,444,506,3,0,47,15,62
155,434,506,4,0,49,23,72
339,362,506,4,0,121,23,144
165,493,507,0,2,1,13,14
52,492,507,0,2,1,14,15
121,491,507,0,2,1,15,16
651,503,515,2,1,1,11,12
412,503,515,2,1,2,10,12
702,511,515,0,2,1,3,4
249,493,515,0,2,1,21,22
45,492,515,0,2,1,22,23
479,492,515,0,2,1,22,23
513,499,515,0,2,1,15,16
135,497,515,0,2,2,17,19
575,496,515,0,2,1,18,19
200,502,515,0,2,1,12,13
647,510,515,0,2,1,4,5
462,468,520,2,4,40,12,52
277,507,520,2,4,2,11,13
560,367,520,10,0,93,60,153
663,374,520,11,0,71,75,146
543,474,520,7,0,15,31,46
727,341,520,11,0,104,75,179
150,341,520,11,0,105,74,179
383,464,520,9,0,9,47,56
508,473,520,8,0,5,42,47
356,394,520,11,0,51,75,126
464,334,520,11,0,111,75,186
679,355,520,11,0,90,75,165
682,281,520,11,0,164,75,239
141,475,520,8,0,4,41,45
72,430,520,7,0,59,31,90
709,337,520,11,0,110,73,183
149,370,520,11,0,78,72,150
80,514,530,0,2,1,15,16
47,461,534,1,10,31,42,73
310,504,534,2,10,1,29,30
107,490,534,2,10,10,34,44
321,497,535,1,8,3,35,38
648,520,538,1,3,1,17,18
605,525,542,0,2,1,16,17
228,520,542,0,2,2,20,22
614,526,542,0,2,1,15,16
192,516,542,0,2,4,22,26
74,517,542,0,2,4,21,25
145,462,547,2,9,45,40,85
125,454,548,2,14,46,48,94
410,506,548,2,14,1,41,42
624,536,550,2,4,6,8,14
581,534,551,2,8,1,16,17
376,537,557,2,7,6,14,20
537,525,559,2,9,5,29,34
213,460,560,2,15,41,59,100
288,515,564,1,10,15,34,49
572,507,568,1,9,1,60,61
365,492,569,2,19,9,68,77
459,509,569,2,19,1,59,60
326,505,569,2,19,1,63,64
672,511,569,2,19,1,57,58
297,542,579,2,18,2,35,37
651,524,585,1,19,7,54,61
214,544,588,0,2,39,5,44
394,573,588,0,2,9,6,15
411,533,588,0,2,50,5,55
415,569,588,0,2,13,6,19
408,562,588,0,2,20,6,26
313,556,588,0,2,27,6,33
696,571,588,0,2,11,6,17
379,564,588,0,2,18,6,24
319,530,588,0,2,53,6,59
151,572,588,0,2,11,5,16
388,564,588,0,2,20,5,25
41,549,588,0,2,33,6,39
644,546,588,0,2,36,6,42
350,557,588,0,2,25,6,31
692,534,588,0,2,48,6,54
507,555,588,0,2,28,5,33
198,538,588,0,2,44,6,50
529,581,588,0,2,1,6,7
406,560,588,0,2,24,5,29
110,577,588,0,2,5,6,11
571,375,589,7,2,201,13,214
670,578,597,2,1,12,7,19
564,580,597,2,1,9,8,17
611,578,597,2,1,11,8,19
153,582,597,2,1,7,8,15
653,561,597,2,1,28,8,36
259,545,597,2,1,45,7,52
398,536,597,2,1,53,8,61
645,375,602,5,2,183,44,227
244,384,602,14,2,156,62,218
603,381,602,14,2,158,63,221
528,396,602,13,2,159,47,206
63,460,608,6,0,121,27,148
32,485,608,6,0,97,26,123
504,366,608,6,0,215,27,242
168,490,608,8,0,74,44,118
420,485,608,6,0,96,27,123
577,378,608,6,0,204,26,230
510,495,608,6,0,89,24,113
199,451,608,7,0,125,32,157
70,426,608,7,0,151,31,182
380,457,608,6,0,126,25,151
452,562,608,2,0,27,19,46
619,420,608,6,0,161,27,188
482,496,608,9,0,63,49,112
284,580,610,2,1,22,8,30
703,591,610,2,1,11,8,19
457,588,610,2,1,15,7,22
271,591,610,2,1,13,6,19
548,605,610,2,1,1,4,5
48,580,611,2,1,22,9,31
641,589,611,2,1,14,9,23
181,562,611,2,1,40,9,49
34,536,612,0,2,65,11,76
621,570,612,0,2,31,11,42
470,594,612,0,2,8,10,18
559,580,612,0,2,21,11,32
324,592,612,0,2,9,11,20
318,594,612,0,2,7,11,18
573,583,612,0,2,18,11,29
222,557,612,0,2,44,11,55
579,594,612,0,2,9,9,18
375,589,612,0,2,14,9,23
173,549,612,0,2,53,10,63
355,590,612,0,2,11,11,22
377,583,612,0,2,19,10,29
461,598,612,0,2,3,11,14
142,590,612,0,2,12,10,22
345,573,612,0,2,29,10,39
218,563,612,0,2,40,9,49
473,592,612,0,2,9,11,20
115,584,612,0,2,17,11,28
91,601,612,0,2,1,10,11
295,499,618,4,0,73,46,119
688,448,618,5,0,110,60,170
285,495,618,4,0,78,45,123
89,490,618,5,0,68,60,128
8,407,618,5,0,151,60,211
335,449,618,5,0,110,59,169
332,467,618,5,0,91,60,151
87,430,618,5,0,130,58,188
541,480,618,5,0,79,59,138
97,375,618,5,0,184,59,243
294,491,618,4,0,81,46,127
518,476,618,5,0,82,60,142
44,499,618,3,0,87,32,119
240,468,618,5,0,93,57,150
467,411,621,13,0,144,66,210
175,462,621,14,0,77,82,159
436,481,621,12,0,86,54,140
476,424,621,13,0,133,64,197
10,495,621,12,0,72,54,126
655,495,621,12,0,74,52,126
680,490,621,14,0,49,82,131
197,482,621,12,0,86,53,139
257,483,621,13,0,72,66,138
94,428,621,14,0,111,82,193
521,500,621,13,0,55,66,121
673,489,621,14,0,51,81,132
491,443,621,14,0,98,80,178
22,402,621,13,0,154,65,219
24,490,621,13,0,66,65,131
707,475,621,11,0,111,35,146
358,490,621,11,0,97,34,131
593,612,622,0,2,1,9,10
544,611,622,0,2,1,10,11
37,610,623,0,2,1,12,13
526,583,623,0,2,25,15,40
116,615,623,0,2,1,7,8
185,592,623,0,2,17,14,31
494,602,623,0,2,6,15,21
166,607,623,0,2,2,14,16
488,607,623,0,2,1,15,16
71,602,623,0,2,8,13,21
666,602,623,0,2,6,15,21
509,607,633,1,6,10,16,26
336,618,635,0,2,2,15,17
428,617,635,0,2,2,16,18
42,625,635,0,2,1,9,10
418,617,635,0,2,1,17,18
642,618,635,0,2,1,16,17
25,616,635,0,2,2,17,19
209,597,636,2,9,15,24,39
567,557,641,1,10,60,24,84
413,549,641,2,10,73,19,92
15,618,646,2,1,14,14,28
320,624,646,2,1,8,14,22
51,624,646,2,1,10,12,22
246,643,646,2,1,1,2,3
158,621,646,1,6,9,16,25
95,625,646,2,1,7,14,21
678,631,646,2,1,2,13,15
440,625,652,0,2,1,26,27
196,621,652,0,2,1,30,31
300,640,652,2,7,1,11,12
671,620,652,0,2,1,31,32
560,626,652,0,2,1,25,26
627,622,652,0,2,1,29,30
170,623,652,0,2,1,28,29
88,625,652,0,2,1,26,27
287,624,652,0,2,1,27,28
434,615,653,1,11,4,34,38
706,626,653,2,11,1,26,27
348,389,653,16,0,207,57,264
382,390,653,15,0,215,48,263
352,408,653,17,0,180,65,245
460,369,653,16,0,226,58,284
409,461,653,18,0,117,75,192
188,482,653,19,0,87,84,171
183,484,653,17,0,106,63,169
81,489,653,15,0,117,47,164
84,459,653,18,0,118,76,194
315,450,653,15,0,155,48,203
555,405,653,15,0,201,47,248
481,433,653,15,0,174,46,220
562,468,653,17,0,120,65,185
652,466,653,19,0,104,83,187
568,490,653,10,0,139,24,163
268,461,653,19,0,108,84,192
137,458,653,17,0,131,64,195
26,462,653,18,0,115,76,191
514,428,653,15,0,177,48,225
631,421,653,16,0,174,58,232
453,623,656,2,0,10,23,33
272,632,659,0,2,22,5,27
98,651,659,0,2,2,6,8
73,654,659,0,2,1,4,5
525,635,659,0,2,18,6,24
79,637,659,0,2,17,5,22
421,649,659,0,2,5,5,10
106,633,659,0,2,20,6,26
3,631,659,0,2,22,6,28
289,641,659,0,2,14,4,18
486,637,659,0,2,16,6,22
61,642,659,0,2,11,6,17
574,643,659,0,2,10,6,16
655,644,659,0,2,10,5,15
499,641,659,0,2,12,6,18
9,645,659,0,2,8,6,14
723,649,659,0,2,4,6,10
441,641,659,0,2,13,5,18
590,648,659,0,2,5,6,11
355,638,663,2,8,1,24,25
702,611,667,2,16,14,42,56
566,593,667,2,16,29,45,74
225,583,672,1,17,35,54,89
638,586,672,2,17,37,49,86
451,557,672,2,17,65,50,115
639,554,672,2,17,69,49,118
697,663,673,0,2,2,8,10
238,662,673,0,2,2,10,12
211,662,673,0,2,2,9,11
76,659,674,0,2,1,14,15
21,647,674,0,2,8,19,27
695,660,674,0,2,1,13,14
143,661,674,0,2,1,12,13
423,656,674,0,2,1,17,18
713,642,674,0,2,12,20,32
378,634,674,0,2,20,20,40
643,649,674,0,2,5,20,25
341,630,675,2,13,5,40,45
700,644,676,2,10,8,24,32
430,569,679,2,18,53,57,110
563,649,680,2,4,25,6,31
604,633,681,2,14,3,45,48
369,636,681,2,14,1,44,45
494,663,683,2,12,1,19,20
520,668,685,2,13,1,16,17
15,658,687,1,5,6,23,29
132,641,689,2,3,32,16,48
75,664,689,2,3,9,16,25
280,569,689,2,19,55,65,120
461,634,689,2,16,1,54,55
106,670,692,2,16,1,21,22
622,650,699,2,17,2,47,49
258,663,700,2,4,11,26,37
657,669,704,0,2,29,6,35
177,680,704,0,2,19,5,24
531,672,704,0,2,26,6,32
468,670,704,0,2,29,5,34
113,666,704,0,2,32,6,38
694,686,704,0,2,12,6,18
167,666,704,0,2,33,5,38
323,697,704,0,2,1,6,7
474,689,704,0,2,9,6,15
66,678,704,0,2,20,6,26
386,675,704,0,2,23,6,29
175,675,704,0,2,24,5,29
105,679,704,0,2,19,6,25
489,688,704,0,2,10,6,16
704,681,704,0,2,17,6,23
726,690,704,0,2,8,6,14
205,666,704,0,2,32,6,38
693,687,704,0,2,11,6,17
596,684,704,0,2,15,5,20
38,682,704,0,2,17,6,23
620,662,706,2,6,11,33,44
104,688,715,2,3,16,11,27
448,708,721,2,4,1,12,13
215,713,722,0,2,1,8,9
54,682,722,0,2,33,7,40
309,704,722,0,2,10,8,18
681,700,722,0,2,13,9,22
31,688,722,0,2,26,8,34
498,711,722,0,2,4,7,11
569,689,722,0,2,24,9,33
77,703,722,0,2,10,9,19
361,701,722,0,2,14,7,21
265,709,722,0,2,6,8,14
210,687,722,0,2,26,9,35
471,672,722,0,2,42,8,50
108,695,722,0,2,18,9,27
628,678,722,0,2,35,9,44
85,704,722,0,2,9,9,18
204,697,722,0,2,17,8,25
712,708,722,0,2,5,9,14
4,668,722,0,2,45,9,54
518,710,722,0,2,3,9,12
308,712,722,0,2,1,9,10
408,690,728,2,6,14,24,38
383,726,732,0,2,1,5,6
585,722,732,0,2,1,9,10
264,722,734,0,2,1,11,12
186,721,734,0,2,1,12,13
62,723,734,0,2,1,10,11
623,724,734,0,2,1,9,10
50,726,734,0,2,1,7,8
677,720,734,0,2,2,12,14
189,709,735,2,1,5,21,26
279,711,735,2,1,7,17,24
229,713,735,2,1,1,21,22
728,659,735,2,1,55,21,76
385,717,735,2,1,2,16,18
217,656,735,2,1,58,21,79
576,671,735,2,1,43,21,64
432,659,735,2,1,57,19,76
649,706,735,2,1,10,19,29
538,662,735,2,1,52,21,73
431,656,735,2,1,59,20,79
301,670,735,2,1,45,20,65
325,728,735,2,1,1,6,7
475,709,735,2,1,6,20,26
717,695,735,2,1,19,21,40
193,676,735,2,1,41,18,59
252,709,735,2,1,5,21,26
583,728,735,2,1,2,5,7
92,715,736,0,2,5,16,21
493,715,736,0,2,3,18,21
266,717,736,0,2,2,17,19
99,721,736,0,2,1,14,15
446,706,736,0,2,13,17,30
124,717,736,0,2,1,18,19
718,717,736,0,2,4,15,19
59,689,736,0,2,29,18,47
224,714,736,0,2,4,18,22
535,726,742,2,8,1,15,16
394,677,743,2,0,37,29,66
313,694,743,2,0,21,28,49
334,740,750,2,5,1,9,10
726,735,750,2,5,1,14,15
362,743,752,2,10,1,8,9
662,714,755,2,10,8,33,41
513,689,755,2,10,35,31,66
427,721,758,1,7,3,34,37
412,679,758,1,7,45,34,79
34,701,761,2,12,21,39,60
484,729,761,0,2,10,22,32
407,730,761,0,2,11,20,31
392,729,761,0,2,11,21,32
602,741,761,0,2,1,19,20
63,730,761,0,2,9,22,31
594,733,761,0,2,7,21,28
40,737,761,0,2,2,22,24
349,729,761,0,2,10,22,32
190,734,761,0,2,5,22,27
130,737,762,0,2,5,20,25
558,741,762,0,2,1,20,21
591,748,762,0,2,2,13,15
138,745,762,0,2,1,16,17
255,742,763,2,13,1,20,21
250,745,764,0,2,1,18,19
353,748,764,0,2,1,15,16
606,744,764,0,2,1,19,20
226,742,764,0,2,1,21,22
685,749,764,0,2,1,14,15
564,755,768,1,4,1,12,13
271,726,768,1,9,1,41,42
519,674,772,2,13,48,50,98
457,729,774,1,19,1,44,45
62,763,774,2,6,1,10,11
428,750,779,2,7,12,17,29
93,687,780,2,14,35,58,93
309,751,782,2,10,14,17,31
98,767,784,2,5,1,16,17
518,778,784,2,5,1,5,6
100,681,786,1,16,44,61,105
192,684,787,2,15,39,64,103
79,748,791,2,6,13,30,43
375,702,794,2,16,21,71,92
274,735,796,1,7,10,51,61
52,768,796,2,7,1,27,28
124,768,797,2,14,1,28,29
119,754,803,0,2,42,7,49
176,785,803,0,2,10,8,18
724,781,803,0,2,14,8,22
497,754,803,0,2,41,8,49
635,757,803,0,2,39,7,46
172,792,803,0,2,3,8,11
7,767,803,0,2,28,8,36
331,765,803,0,2,30,8,38
164,759,803,0,2,36,8,44
397,753,803,0,2,42,8,50
254,786,803,0,2,9,8,17
595,791,803,0,2,4,8,12
449,770,803,0,2,25,8,33
195,781,803,0,2,14,8,22
722,766,803,0,2,30,7,37
592,787,803,0,2,8,8,16
219,771,803,0,2,24,8,32
640,792,803,0,2,3,8,11
389,755,803,0,2,40,8,48
387,774,803,0,2,22,8,30
214,762,805,2,15,4,39,43
626,795,806,0,2,4,7,11
16,769,806,0,2,30,7,37
390,781,806,0,2,18,7,25
5,800,806,0,2,1,5,6
425,785,806,0,2,14,7,21
393,793,806,0,2,7,6,13
367,777,806,0,2,23,6,29
223,800,806,0,2,2,4,6
650,772,806,0,2,27,7,34
260,789,806,0,2,10,7,17
721,784,806,0,2,18,4,22
65,792,806,0,2,7,7,14
599,770,806,0,2,31,5,36
675,786,806,0,2,14,6,20
332,759,806,0,2,41,6,47
464,800,806,0,2,1,5,6
511,754,806,0,2,45,7,52
417,798,806,0,2,2,6,8
707,797,806,0,2,2,7,9
495,791,806,0,2,10,5,15
336,747,811,2,17,17,47,64
559,756,818,2,18,8,54,62
113,767,818,2,18,1,50,51
641,809,823,1,2,9,5,14
656,801,823,0,2,7,15,22
512,806,823,0,2,2,15,17
230,804,823,0,2,6,13,19
45,801,823,2,10,6,16,22
570,795,823,0,2,12,16,28
403,808,823,0,2,1,14,15
552,802,823,0,2,5,16,21
664,812,823,0,2,1,10,11
293,803,823,0,2,5,15,20
472,813,823,0,2,1,9,10
688,803,823,0,2,4,16,20
715,806,823,0,2,1,16,17
402,815,823,0,2,1,7,8
212,814,823,0,2,1,8,9
731,805,823,0,2,2,16,18
33,801,823,0,2,6,16,22
263,801,823,0,2,8,14,22
308,800,823,2,10,6,17,23
554,751,828,1,19,2,75,77
279,746,828,1,19,6,76,82
657,802,829,2,3,1,26,27
116,788,829,2,3,16,25,41
614,805,829,2,3,1,23,24
147,810,830,2,11,1,19,20
53,770,833,1,7,48,15,63
489,785,834,2,4,18,31,49
705,818,835,0,2,1,16,17
447,812,835,0,2,1,22,23
183,819,835,0,2,1,15,16
87,817,835,0,2,1,17,18
247,819,835,0,2,2,14,16
294,818,835,0,2,1,16,17
55,818,835,0,2,3,15,18
148,819,836,0,2,1,16,17
607,823,836,0,2,1,12,13
632,818,836,0,2,1,17,18
601,820,836,0,2,1,15,16
153,812,840,1,3,11,17,28
165,796,844,2,5,9,39,48
353,810,844,2,5,1,33,34
605,778,844,2,15,28,38,66
167,806,844,2,5,1,37,38
585,806,844,2,5,2,36,38
48,788,845,1,10,30,27,57
323,824,845,2,10,2,19,21
576,821,851,1,6,3,27,30
95,775,851,1,6,48,28,76
21,796,852,2,8,7,49,56
611,833,853,1,9,1,19,20
479,781,853,2,17,25,47,72
37,818,858,2,12,6,34,40
14,748,859,2,1,106,5,111
437,814,859,2,1,40,5,45
645,735,859,2,1,119,5,124
424,785,859,2,1,69,5,74
478,771,859,2,1,83,5,88
439,826,859,2,1,28,5,33
133,804,859,2,1,51,4,55
322,802,859,2,1,52,5,57
485,849,859,2,1,5,5,10
163,749,859,2,1,106,4,110
433,732,859,2,1,123,4,127
244,836,859,2,1,18,5,23
373,756,859,2,1,98,5,103
312,805,859,2,1,49,5,54
426,851,859,2,1,4,4,8
146,825,859,2,1,30,4,34
660,731,859,2,1,123,5,128
667,782,859,2,1,74,4,78
266,842,859,2,1,13,4,17
486,798,860,2,18,10,52,62
250,796,862,2,9,7,59,66
249,841,862,2,10,1,20,21
228,836,862,2,7,1,25,26
319,847,865,2,0,7,11,18
3,815,866,2,13,8,43,51
19,779,869,2,19,28,62,90
714,801,869,2,19,5,63,68
676,864,871,0,2,1,6,7
242,849,871,0,2,16,6,22
340,832,871,0,2,34,5,39
178,834,871,0,2,31,6,37
681,836,871,2,11,1,34,35
261,864,871,0,2,1,6,7
527,832,871,0,2,33,6,39
127,841,871,0,2,25,5,30
490,842,871,0,2,23,6,29
401,840,871,0,2,25,6,31
276,827,871,0,2,39,5,44
680,835,871,0,2,31,5,36
399,827,871,0,2,38,6,44
613,847,871,0,2,18,6,24
346,859,871,0,2,7,6,13
517,825,871,0,2,40,6,46
83,846,871,0,2,19,6,25
444,844,871,0,2,21,6,27
454,836,871,0,2,29,6,35
533,861,871,0,2,4,6,10
492,831,871,0,2,34,6,40
579,824,874,2,15,1,49,50
291,769,882,1,12,57,56,113
80,843,882,2,12,1,38,39
670,767,883,1,17,51,65,116
289,869,888,2,10,2,17,19
525,832,891,2,16,4,55,59
598,877,892,0,2,2,13,15
549,849,892,0,2,30,13,43
729,871,892,0,2,7,14,21
296,878,892,0,2,2,12,14
659,880,892,0,2,1,11,12
23,847,892,0,2,31,14,45
561,878,892,0,2,1,13,14
29,832,892,0,2,46,14,60
414,877,892,0,2,1,14,15
28,876,892,0,2,2,14,16
619,869,892,0,2,9,14,23
709,862,892,0,2,16,14,30
148,851,897,2,11,20,26,46
101,845,899,0,2,32,22,54
281,871,899,0,2,6,22,28
86,865,899,0,2,13,21,34
381,848,899,0,2,29,22,51
465,874,899,0,2,4,21,25
396,864,899,0,2,13,22,35
637,870,899,0,2,7,22,29
597,830,899,0,2,47,22,69
466,879,899,0,2,1,19,20
144,870,899,0,2,9,20,29
191,839,899,0,2,38,22,60
169,871,899,0,2,6,22,28
197,867,899,0,2,10,22,32
360,859,899,0,2,18,22,40
364,842,899,0,2,36,21,57
304,874,899,0,2,4,22,26
189,807,901,1,19,20,74,94
172,852,902,2,3,41,9,50
391,853,902,2,3,39,10,49
440,860,904,2,12,11,33,44
196,868,904,2,12,4,32,36
493,862,904,2,12,10,32,42
324,874,908,2,4,19,15,34
82,881,909,0,2,14,14,28
502,886,909,0,2,9,14,23
306,883,909,0,2,12,14,26
102,894,909,0,2,2,13,15
20,891,909,0,2,7,11,18
347,884,909,0,2,13,12,25
352,894,909,0,2,1,14,15
409,893,909,0,2,2,14,16
698,890,909,0,2,5,14,19
565,886,909,0,2,10,13,23
199,881,909,0,2,15,13,28
686,896,909,0,2,3,10,13
682,895,909,0,2,2,12,14
70,897,909,0,2,1,11,12
327,898,909,0,2,1,10,11
303,896,909,0,2,2,12,14
284,892,912,1,9,1,19,20
385,836,912,1,9,46,30,76
7,856,913,2,5,38,19,57
231,864,914,2,13,7,43,50
474,875,914,2,13,1,38,39
272,899,919,2,6,1,19,20
117,899,923,0,2,11,13,24
654,899,923,0,2,13,11,24
184,899,923,0,2,11,13,24
344,908,923,0,2,2,13,15
253,902,923,0,2,11,10,21
286,900,923,0,2,11,12,23
539,901,923,0,2,10,13,23
631,897,923,0,2,13,13,26
149,898,923,0,2,13,12,25
630,878,924,2,17,1,45,46
73,873,924,2,7,19,32,51
593,873,924,2,17,1,50,51
677,846,924,2,7,46,32,78
592,869,924,2,17,5,50,55
415,863,930,2,18,8,59,67
329,885,930,2,10,24,21,45
64,887,930,2,10,23,20,43
217,913,934,1,4,2,19,21
531,894,934,2,8,1,39,40
607,876,934,2,8,16,42,58
357,894,936,2,11,17,25,42
464,921,936,2,11,1,14,15
245,873,938,2,1,58,7,65
46,835,938,2,1,95,8,103
58,886,938,2,1,44,8,52
435,802,938,2,1,128,8,136
503,746,938,2,1,184,8,192
359,882,938,2,1,48,8,56
363,757,938,2,1,174,7,181
463,877,938,2,1,53,8,61
416,890,938,2,1,40,8,48
370,879,938,2,1,51,8,59
311,873,938,2,1,57,8,65
661,928,938,2,1,2,8,10
342,856,938,2,1,74,8,82
384,848,938,2,1,83,7,90
129,910,938,2,1,20,8,28
578,876,938,2,1,55,7,62
671,863,938,2,19,10,65,75
260,899,938,2,1,31,8,39
86,919,945,2,5,4,22,26
318,890,945,2,14,19,36,55
121,910,945,2,5,14,21,35
644,925,945,2,5,1,19,20
287,928,945,2,5,1,16,17
207,927,947,0,2,5,15,20
333,926,947,0,2,9,12,21
580,923,947,0,2,9,15,24
532,923,947,0,2,10,14,24
12,919,947,0,2,13,15,28
568,918,947,0,2,15,14,29
551,920,947,0,2,14,13,27
270,915,947,0,2,17,15,32
514,924,947,0,2,8,15,23
54,905,954,2,6,18,31,49
433,886,957,1,15,15,56,71
320,918,958,1,0,21,19,40
133,887,958,1,0,51,20,71
222,905,958,2,0,25,28,53
501,864,958,2,0,66,28,94
6,874,958,2,0,56,28,84
703,870,965,1,16,31,64,95
635,909,965,2,16,1,55,56
636,896,966,2,1,59,11,70
216,874,966,2,1,78,14,92
710,878,966,2,1,76,12,88
330,909,966,2,1,44,13,57
487,928,966,2,1,24,14,38
292,887,966,2,1,65,14,79
469,904,966,2,1,48,14,62
540,859,966,2,1,94,13,107
732,809,966,2,1,144,14,158
18,884,966,2,1,69,13,82
338,957,966,2,1,1,8,9
470,931,966,2,1,23,12,35
180,959,966,2,1,1,6,7
60,963,967,0,2,1,3,4
32,960,967,0,2,1,6,7
476,960,967,0,2,3,4,7
460,938,967,0,2,20,9,29
285,946,967,0,2,13,8,21
458,935,967,0,2,23,9,32
36,953,967,0,2,7,7,14
139,945,967,0,2,13,9,22
337,939,967,0,2,19,9,28
84,958,967,0,2,4,5,9
633,960,967,0,2,2,6,8
684,956,967,0,2,2,9,11
109,950,967,0,2,8,9,17
481,943,967,0,2,16,8,24
275,956,967,0,2,3,8,11
371,961,967,0,2,1,5,6
450,944,967,0,2,17,6,23
530,943,967,0,2,15,9,24
141,938,967,0,2,22,7,29
236,936,967,0,2,23,8,31
51,893,969,1,10,22,54,76
312,968,971,1,0,1,2,3
388,881,971,2,0,71,19,90
76,955,972,2,3,2,15,17
102,940,972,2,3,8,24,32
115,933,972,2,3,15,24,39
227,968,973,2,1,1,4,5
301,897,976,1,17,4,75,79
627,971,977,2,4,1,5,6
678,914,979,1,11,1,64,65
146,913,979,1,11,3,63,66
418,927,979,2,11,1,51,52
539,963,982,2,0,1,18,19
325,942,983,1,4,1,40,41
215,955,983,2,4,1,27,28
473,957,983,2,4,1,25,26
246,836,984,1,19,65,83,148
187,902,984,2,19,7,75,82
667,969,986,1,2,8,9,17
618,967,986,0,2,4,15,19
420,969,986,0,2,3,14,17
256,969,986,0,2,2,15,17
339,974,986,0,2,1,11,12
538,910,988,1,14,7,71,78
628,958,992,2,5,1,33,34
526,984,994,2,3,2,8,10
544,987,994,2,3,1,6,7
432,839,999,1,15,76,84,160
208,986,1001,0,2,1,14,15
405,977,1001,0,2,6,19,25
386,938,1001,2,9,11,52,63
235,984,1001,0,2,1,16,17
521,984,1001,0,2,2,15,17
43,977,1001,0,2,6,18,24
546,982,1001,0,2,2,17,19
534,986,1001,0,2,2,13,15
411,979,1004,2,7,7,18,25
92,986,1004,2,7,1,17,18
649,883,1007,1,16,33,91,124
587,971,1007,2,1,16,20,36
603,1004,1007,2,1,1,2,3
221,982,1007,2,1,6,19,25
571,992,1007,2,1,1,14,15
229,931,1009,1,12,6,72,78
573,967,1009,2,12,1,41,42
290,936,1009,2,12,11,62,73
466,959,1015,2,13,1,55,56
373,917,1018,1,18,1,100,101
322,1012,1023,1,10,1,10,11
731,940,1027,2,14,7,80,87
331,1006,1034,2,10,1,27,28
117,933,1036,2,15,14,89,103
500,938,1036,2,15,9,89,98
590,945,1036,2,15,5,86,91
239,1025,1037,0,2,1,11,12
14,999,1039,1,19,10,30,40
732,1026,1040,1,2,1,13,14
658,990,1040,0,2,29,21,50
382,1008,1040,0,2,11,21,32
10,1001,1040,0,2,18,21,39
174,1009,1040,0,2,13,18,31
56,1011,1040,0,2,10,20,30
372,1010,1040,0,2,9,21,30
298,999,1040,0,2,22,19,41
268,1007,1040,0,2,13,20,33
103,996,1040,0,2,23,21,44
24,1015,1040,0,2,4,21,25
482,995,1040,0,2,25,20,45
728,990,1042,1,11,3,49,52
664,996,1042,2,11,5,41,46
151,996,1042,2,11,6,40,46
186,964,1043,2,16,1,78,79
131,1023,1044,2,3,16,5,21
661,1015,1046,1,3,11,20,31
230,989,1051,2,12,12,50,62
697,986,1051,2,12,17,48,65
390,950,1052,2,18,1,101,102
477,959,1052,2,18,2,91,93
293,1041,1053,2,4,1,11,12
339,1019,1053,2,4,18,16,34
719,1020,1055,2,1,21,14,35
610,1034,1055,2,1,6,15,21
182,1005,1055,2,1,34,16,50
480,1022,1055,2,1,17,16,33
120,1016,1055,2,1,23,16,39
123,1042,1055,2,1,2,11,13
232,1041,1055,2,1,2,12,14
690,1035,1055,2,1,4,16,20
687,1028,1055,2,1,12,15,27
645,996,1059,1,5,29,34,63
364,951,1061,2,19,1,109,110
244,954,1064,1,14,38,72,110
177,1012,1064,2,14,1,51,52
594,1022,1064,2,5,15,27,42
423,1015,1064,2,14,1,48,49
540,1043,1067,1,0,13,11,24
311,1018,1067,1,0,37,12,49
502,1029,1067,2,0,10,28,38
346,1029,1067,2,0,13,25,38
406,1030,1067,2,0,9,28,37
303,1015,1067,2,0,25,27,52
119,991,1074,2,15,10,73,83
381,990,1074,2,15,12,72,84
421,1012,1074,2,6,26,36,62
570,975,1074,2,15,27,72,99
63,1020,1074,2,6,18,36,54
499,1006,1074,2,15,2,66,68
17,1046,1075,0,2,20,9,29
302,1043,1075,0,2,24,8,32
295,1031,1075,0,2,35,9,44
39,1032,1075,0,2,34,10,44
553,1029,1075,0,2,36,10,46
422,1061,1075,0,2,4,10,14
283,1053,1075,0,2,13,9,22
335,1029,1075,0,2,38,8,46
0,1036,1075,0,2,30,9,39
646,1050,1075,0,2,15,10,25
588,1027,1075,0,2,38,10,48
542,1028,1075,0,2,38,9,47
49,1044,1075,0,2,21,10,31
483,1061,1075,0,2,5,9,14
557,1062,1075,0,2,3,10,13
72,1040,1075,0,2,25,10,35
400,1046,1075,0,2,19,10,29
157,1029,1075,0,2,36,10,46
262,1035,1075,0,2,30,10,40
358,1057,1075,0,2,8,10,18
99,1017,1080,2,16,1,62,63
621,980,1085,2,17,21,84,105
185,975,1085,2,17,26,84,110
299,1031,1085,2,7,6,48,54
152,1070,1086,0,2,1,15,16
314,1076,1086,0,2,2,9,11
679,1032,1086,0,2,35,19,54
522,1068,1086,0,2,1,17,18
625,1060,1086,0,2,7,19,26
44,1048,1086,0,2,20,18,38
366,1077,1087,0,2,1,9,10
683,1077,1087,0,2,2,8,10
316,1079,1087,0,2,1,7,8
446,996,1090,2,8,41,53,94
656,1084,1093,2,3,4,5,9
729,1065,1093,2,3,21,7,28
392,1080,1093,2,3,6,7,13
431,995,1094,1,18,1,98,99
724,1093,1099,2,3,1,5,6
216,1075,1103,1,4,4,24,28
342,1070,1103,1,4,12,21,33
338,1071,1103,1,4,9,23,32
490,1054,1103,2,4,33,16,49
11,1089,1103,0,2,2,12,14
663,1091,1103,0,2,2,10,12
727,1091,1103,0,2,1,11,12
547,1080,1103,0,2,8,15,23
159,1089,1103,0,2,1,13,14
307,1086,1103,0,2,2,15,17
515,1089,1103,0,2,3,11,14
1,1080,1103,0,2,9,14,23
305,1089,1103,0,2,1,13,14
616,1088,1103,0,2,2,13,15
31,998,1104,2,19,3,103,106
569,998,1104,2,19,5,101,106
458,1013,1104,2,19,1,90,91
687,1090,1111,1,5,5,16,21
87,1092,1111,2,5,1,18,19
16,1082,1112,2,5,5,25,30
705,1048,1112,2,5,38,26,64
361,1073,1117,2,7,14,30,44
227,1080,1118,1,7,1,37,38
512,1057,1118,2,10,19,42,61
5,1072,1118,2,10,3,43,46
425,1053,1118,2,10,23,42,65
261,1029,1118,2,10,47,42,89
414,1092,1118,2,10,1,25,26
162,1114,1124,2,1,1,9,10
241,1116,1124,2,1,1,7,8
278,1092,1124,2,1,15,17,32
608,1118,1124,2,1,1,5,6
550,1067,1124,2,1,40,17,57
674,1102,1124,2,1,7,15,22
445,1094,1124,2,1,12,18,30
343,1060,1124,2,1,46,18,64
600,1075,1124,2,1,33,16,49
210,1107,1124,2,1,1,16,17
359,1071,1130,1,8,8,51,59
676,1080,1130,2,11,1,49,50
468,1066,1130,2,11,9,55,64
507,1085,1130,2,8,1,44,45
141,1083,1130,2,8,3,44,47
690,1098,1134,1,19,1,35,36
654,1105,1140,2,12,1,34,35
170,1034,1140,2,12,43,63,106
516,1055,1140,2,12,20,65,85
378,1050,1140,2,12,25,65,90
384,1039,1142,1,9,40,63,103
163,1108,1143,1,0,16,19,35
221,1108,1143,1,0,17,18,35
264,1104,1143,2,0,2,37,39
135,1074,1143,2,0,32,37,69
136,1079,1143,2,0,27,37,64
438,1106,1148,0,2,24,18,42
506,1125,1148,0,2,6,17,23
328,1125,1148,0,2,4,19,23
128,1125,1148,0,2,5,18,23
188,1091,1148,0,2,38,19,57
673,1096,1148,0,2,34,18,52
237,1100,1148,0,2,29,19,48
555,1113,1148,0,2,16,19,35
699,1130,1148,0,2,1,17,18
156,1130,1148,0,2,2,16,18
97,1099,1148,0,2,30,19,49
395,1099,1148,0,2,32,17,49
476,1019,1149,2,13,56,74,130
4,1029,1149,2,13,46,74,120
437,1049,1150,1,12,30,71,101
660,1064,1150,1,12,16,70,86
497,1070,1156,2,14,6,80,86
498,1093,1156,2,14,2,61,63
475,1023,1160,1,13,56,81,137
110,1111,1160,2,3,37,12,49
89,1145,1163,0,2,1,17,18
577,1147,1163,0,2,1,15,16
612,1140,1163,0,2,3,20,23
90,1141,1163,0,2,3,19,22
245,1034,1168,1,14,46,88,134
603,1048,1168,1,14,33,87,120
598,1093,1170,2,18,1,76,77
529,1075,1170,2,18,1,94,95
424,1131,1172,1,10,5,36,41
18,1154,1172,1,5,1,17,18
626,1110,1172,2,4,38,24,62
609,1159,1172,2,5,4,9,13
478,1068,1178,1,17,11,99,110
595,1110,1179,2,5,39,30,69
41,1063,1179,2,19,12,104,116
439,1138,1181,1,12,1,42,43
169,1150,1181,2,12,1,30,31
574,1137,1181,2,12,12,32,44
669,1152,1183,2,1,4,27,31
456,1122,1183,2,1,34,27,61
233,1125,1183,2,1,31,27,58
725,1146,1183,2,1,10,27,37
615,1125,1183,2,1,33,25,58
443,1167,1183,2,1,1,15,16
13,1150,1183,2,1,7,26,33
629,1167,1183,2,1,2,14,16
202,1126,1183,2,1,30,27,57
68,1145,1183,2,1,15,24,39
206,1155,1183,2,1,3,25,28
397,1158,1183,2,1,2,23,25
20,1164,1183,2,8,1,18,19
552,1144,1186,2,13,4,38,42
578,1135,1189,1,6,5,49,54
407,1132,1189,2,6,16,41,57
32,1150,1189,2,6,1,38,39
367,1157,1196,2,14,1,38,39
162,1165,1199,1,0,18,16,34
223,1123,1199,2,0,34,42,76
238,1129,1199,2,0,28,42,70
134,1133,1199,2,0,23,43,66
91,1154,1200,2,7,1,45,46
58,1135,1208,1,15,1,72,73
396,1154,1208,2,15,1,53,54
382,1137,1208,2,15,11,60,71
251,1177,1209,0,2,22,10,32
315,1152,1209,0,2,47,10,57
508,1198,1209,0,2,1,10,11
155,1193,1209,0,2,7,9,16
164,1146,1213,2,9,2,65,67
691,1172,1213,0,2,27,14,41
436,1166,1213,0,2,32,15,47
248,1170,1213,0,2,28,15,43
348,1152,1213,0,2,46,15,61
168,1161,1213,0,2,38,14,52
543,1198,1213,0,2,1,14,15
730,1151,1213,0,2,48,14,62
8,1176,1213,0,2,22,15,37
81,1190,1213,0,2,9,14,23
491,1196,1213,0,2,2,15,17
356,1192,1213,0,2,6,15,21
171,1177,1213,0,2,21,15,36
201,1167,1213,0,2,33,13,46
545,1155,1213,0,2,43,15,58
240,1149,1213,0,2,49,15,64
650,1155,1215,2,16,1,59,60
524,1131,1215,2,16,17,67,84
349,1125,1215,2,16,25,65,90
549,1170,1221,2,4,40,11,51
711,1195,1223,2,1,13,15,28
455,1214,1223,2,1,1,8,9
487,1132,1223,1,18,5,86,91
30,1219,1223,2,1,1,3,4
485,1143,1223,1,18,1,79,80
203,1200,1223,2,1,10,13,23
586,1202,1223,2,1,6,15,21
597,1114,1223,2,18,34,75,109
254,1186,1223,2,1,22,15,37
484,1124,1223,2,18,24,75,99
471,1210,1223,2,1,1,12,13
389,1158,1223,2,18,1,64,65
298,1211,1225,2,4,2,12,14
88,1209,1227,2,5,1,17,18
67,1177,1227,2,5,32,18,50
689,1121,1228,2,19,28,79,107
46,1160,1229,1,10,56,13,69
330,1148,1229,1,10,68,13,81
241,1228,1234,1,0,1,5,6
393,1193,1234,2,0,16,25,41
589,1218,1234,2,0,1,15,16
38,1205,1234,2,0,4,25,29
25,1220,1234,2,6,1,13,14
469,1175,1235,1,11,42,18,60
379,1189,1235,2,6,21,25,46
435,1173,1242,1,12,43,26,69
383,1196,1243,2,9,13,34,47
137,1233,1248,0,2,1,14,15
282,1221,1250,2,1,24,5,29
708,1243,1250,2,1,2,5,7
683,1237,1250,2,1,9,4,13
363,1148,1252,1,14,69,35,104
504,1218,1252,0,2,14,20,34
94,1222,1252,0,2,11,19,30
150,1218,1252,0,2,13,21,34
380,1213,1252,0,2,18,21,39
720,1184,1254,2,12,25,45,70
101,1255,1259,2,3,1,3,4
730,1225,1259,2,3,23,11,34
712,1232,1259,2,3,16,11,27
278,1216,1264,1,19,3,45,48
182,1164,1264,1,19,54,46,100
340,1247,1266,2,4,2,17,19
580,1209,1266,2,13,2,55,57
710,1264,1269,1,3,1,4,5
556,1261,1269,2,1,1,7,8
483,1250,1269,2,1,7,12,19
176,1181,1275,2,14,30,64,94
463,1238,1277,1,4,3,36,39
332,1222,1277,2,5,26,29,55
242,1250,1278,2,0,6,22,28
82,1190,1285,2,15,19,76,95
610,1244,1286,1,5,1,41,42
294,1279,1286,2,4,1,6,7
240,1253,1286,2,5,1,32,33
1,1233,1291,2,9,18,40,58
275,1193,1291,2,16,19,79,98
503,1216,1294,1,6,25,53,78
257,1264,1295,0,2,16,15,31
541,1248,1295,0,2,30,17,47
562,1263,1295,0,2,15,17,32
488,1277,1295,2,6,1,17,18
26,1250,1295,0,2,29,16,45
416,1235,1299,1,11,8,56,64
675,1246,1299,2,11,2,51,53
138,1164,1301,2,17,45,92,137
571,1234,1305,1,7,7,64,71
33,1254,1305,2,7,1,50,51
292,1244,1309,1,12,1,64,65
465,1249,1309,2,12,1,59,60
436,1233,1309,2,12,15,61,76
200,1232,1309,2,12,18,59,77
27,1212,1309,2,18,1,96,97
83,1196,1309,2,18,14,99,113
306,1258,1313,2,12,32,23,55
655,1272,1313,2,12,18,23,41
204,1277,1313,2,12,13,23,36
9,1269,1313,2,12,21,23,44
674,1223,1315,1,14,19,73,92
558,1254,1315,2,14,1,60,61
587,1283,1317,1,10,4,30,34
281,1207,1318,2,19,2,109,111
665,1288,1320,2,1,21,12,33
126,1283,1320,2,1,23,14,37
114,1271,1320,2,1,35,14,49
701,1281,1320,2,1,26,13,39
273,1297,1320,2,1,10,13,23
527,1260,1321,2,13,31,30,61
602,1253,1321,2,15,1,67,68
56,1291,1328,2,0,15,22,37
633,1304,1328,2,0,2,22,24
178,1264,1329,2,14,28,37,65
491,1260,1329,2,14,30,39,69
232,1251,1330,1,13,37,42,79
699,1250,1333,2,17,2,81,83
371,1223,1339,2,18,26,90,116
542,1255,1339,2,18,2,82,84
456,1279,1341,1,14,8,54,62
623,1274,1343,2,17,19,50,69
467,1296,1346,0,2,32,18,50
510,1288,1346,0,2,41,17,58
652,1306,1346,0,2,24,16,40
22,1286,1346,0,2,42,18,60
480,1255,1347,1,15,32,60,92
268,1232,1351,2,19,17,102,119
173,1346,1352,2,3,1,5,6
636,1248,1355,1,16,39,68,107
143,1293,1355,2,18,1,61,62
120,1325,1362,1,5,12,25,37
286,1351,1362,2,5,1,10,11
711,1314,1363,1,3,8,41,49
615,1281,1363,1,3,41,41,82
547,1320,1363,2,3,6,37,43
237,1270,1363,2,19,21,72,93
43,1328,1363,2,3,1,34,35
647,1309,1363,2,3,17,37,54
713,1325,1363,2,3,1,37,38
295,1350,1370,2,4,1,19,20
157,1358,1370,2,4,1,11,12
305,1321,1375,2,10,30,24,54
347,1305,1380,2,6,21,54,75
665,1368,1384,1,2,9,7,16
233,1271,1385,1,7,50,64,114
70,1357,1385,2,7,1,27,28
23,1355,1387,2,13,1,31,32
366,1356,1393,2,14,1,36,37
343,1380,1396,1,4,1,15,16
276,1362,1396,2,4,22,12,34
608,1294,1397,1,8,27,76,103
168,1359,1397,2,8,1,37,38
532,1351,1397,2,8,1,45,46
159,1379,1398,2,9,7,12,19
105,1340,1400,2,16,11,49,60
632,1309,1400,2,16,42,49,91
528,1373,1405,2,1,26,6,32
42,1373,1405,2,5,11,21,32
333,1385,1405,2,5,1,19,20
166,1377,1405,2,5,7,21,28
719,1344,1407,1,12,35,28,63
550,1299,1409,1,9,22,88,110
2,1307,1409,2,9,20,82,102
327,1314,1411,2,19,38,59,97
247,1353,1411,2,19,1,57,58
190,1329,1411,2,19,24,58,82
504,1375,1417,2,6,10,32,42
296,1388,1424,2,18,1,35,36
372,1395,1424,2,18,1,28,29
68,1400,1425,1,2,13,12,25
273,1348,1427,1,7,29,50,79
198,1390,1427,2,7,1,36,37
71,1364,1427,2,7,20,43,63
472,1424,1431,2,4,1,6,7
285,1411,1431,2,4,14,6,20
515,1413,1438,2,12,3,22,25
445,1393,1439,1,5,20,26,46
642,1381,1441,2,11,3,57,60
725,1428,1442,1,5,1,13,14
66,1433,1442,2,5,1,8,9
444,1428,1442,2,5,5,9,14
74,1433,1442,2,5,2,7,9
420,1410,1446,2,6,16,20,36
508,1432,1450,2,8,1,17,18
203,1294,1452,1,12,83,75,158
49,1442,1452,2,9,2,8,10
183,1399,1453,2,17,17,37,54
142,1416,1456,2,8,11,29,40
455,1333,1462,1,14,44,85,129
202,1400,1462,1,12,36,26,62
377,1441,1462,2,12,1,20,21
197,1434,1462,2,12,9,19,28
205,1402,1464,2,9,23,39,62
481,1362,1470,2,15,23,85,108
174,1452,1471,2,3,12,7,19
701,1446,1473,1,10,3,24,27
65,1445,1473,2,10,11,17,28
224,1435,1475,2,16,6,34,40
669,1370,1479,1,17,9,100,109
443,1299,1479,1,17,79,101,180
629,1355,1479,1,17,23,101,124
619,1466,1484,2,6,1,17,18
698,1431,1487,2,17,10,46,56
685,1475,1488,2,1,5,8,13
684,1448,1488,2,1,30,10,40
59,1475,1488,2,1,3,10,13
211,1407,1488,2,1,71,10,81
606,1452,1489,2,15,4,33,37
12,1371,1489,2,19,15,103,118
265,1429,1494,2,0,50,15,65
218,1463,1494,2,16,1,30,31
704,1462,1494,2,7,1,31,32
282,1463,1495,1,3,16,16,32
600,1411,1497,1,18,26,60,86
409,1432,1497,2,18,10,55,65
447,1467,1502,2,8,1,34,35
553,1458,1506,2,19,1,47,48
492,1432,1508,2,19,9,67,76
596,1448,1511,2,9,15,48,63
506,1498,1513,2,4,6,9,15
199,1504,1524,2,7,1,19,20
248,1518,1530,2,10,1,11,12
307,1484,1530,2,10,23,23,46
511,1503,1530,2,10,3,24,27
108,1487,1532,2,1,25,20,45
722,1515,1532,2,1,1,16,17
643,1493,1534,2,8,11,30,41
314,1528,1537,2,0,1,8,9
721,1472,1539,2,12,35,32,67
718,1488,1539,2,12,18,33,51
449,1519,1546,2,4,21,6,27
139,1512,1546,2,4,28,6,34
191,1480,1549,2,15,28,41,69
345,1480,1549,2,15,26,43,69
517,1522,1551,2,5,20,9,29
692,1477,1556,2,17,29,50,79
543,1543,1558,2,7,2,13,15
130,1540,1560,2,1,6,14,20
723,1543,1560,2,1,3,14,17
530,1496,1562,2,18,13,53,66
26,1511,1562,2,18,1,50,51
50,1517,1563,2,9,24,22,46
152,1551,1563,2,8,1,11,12
551,1526,1563,2,9,14,23,37
270,1528,1563,2,9,13,22,35
586,1486,1565,1,10,48,31,79
560,1542,1565,2,10,1,22,23
387,1541,1569,2,0,6,22,28
708,1456,1571,1,11,77,38,115
679,1551,1571,2,11,1,19,20
682,1532,1571,2,11,11,28,39
28,1467,1572,2,19,39,66,105
236,1507,1572,2,19,1,64,65
528,1485,1579,1,13,48,46,94
24,1538,1579,2,13,7,34,41
175,1523,1587,2,14,20,44,64
556,1528,1597,1,15,8,61,69
206,1462,1597,1,15,71,64,135
555,1546,1597,2,15,1,50,51
126,1470,1604,1,16,65,69,134
631,1525,1604,2,16,19,60,79
195,1542,1610,2,17,2,66,68
646,1607,1613,2,3,1,5,6
30,1496,1616,1,19,37,83,120
13,1458,1616,1,19,76,82,158
114,1590,1616,1,18,2,24,26
360,1607,1619,2,7,1,11,12
156,1589,1619,2,4,1,29,30
625,1578,1619,2,4,1,40,41
599,1562,1624,2,10,47,15,62
561,1593,1624,2,10,16,15,31
534,1589,1624,2,10,21,14,35
688,1564,1625,2,5,2,59,61
405,1597,1626,2,0,18,11,29
591,1615,1626,2,0,1,10,11
304,1618,1626,2,0,1,7,8
401,1608,1635,2,12,2,25,27
659,1569,1635,2,12,40,26,66
557,1603,1635,2,12,6,26,32
495,1601,1635,2,12,10,24,34
454,1584,1636,2,7,1,51,52
686,1610,1645,2,8,1,34,35
422,1597,1647,2,14,13,37,50
171,1623,1647,2,3,16,8,24
144,1577,1652,2,9,1,74,75
482,1582,1652,2,9,1,69,70
514,1594,1653,2,15,15,44,59
707,1619,1654,2,11,15,20,35
253,1652,1655,2,1,1,2,3
399,1626,1655,2,1,22,7,29
219,1563,1664,2,16,47,54,101
212,1629,1665,2,14,5,31,36
565,1654,1668,2,9,3,11,14
691,1571,1674,2,17,40,63,103
184,1619,1674,2,17,14,41,55
352,1594,1674,2,17,18,62,80
226,1624,1674,2,17,9,41,50
640,1601,1674,2,17,8,65,73
335,1668,1675,2,5,1,6,7
356,1652,1675,2,11,5,18,23
601,1641,1679,2,18,1,37,38
380,1667,1682,2,6,1,14,15
29,1640,1686,2,19,1,45,46
40,1577,1687,2,19,32,78,110
417,1660,1687,2,11,2,25,27
235,1654,1690,2,19,4,32,36
541,1679,1694,2,5,5,10,15
402,1676,1697,2,12,1,20,21
302,1664,1708,2,17,1,43,44
128,1697,1710,2,9,1,12,13
588,1665,1716,2,18,1,50,51
208,1702,1718,2,9,1,15,16
616,1717,1721,2,3,1,3,4
715,1673,1727,2,19,1,53,54
358,1708,1728,2,11,2,18,20
568,1719,1730,2,10,1,10,11
10,1685,1738,2,12,26,27,53
680,1687,1738,2,14,23,28,51
94,1679,1738,2,14,31,28,59
55,1694,1742,2,0,32,16,48
22,1717,1743,2,13,1,25,26
316,1726,1745,2,8,5,14,19
344,1694,1747,2,15,17,36,53
673,1710,1750,2,14,1,39,40
283,1729,1750,2,9,1,20,21
709,1723,1758,2,11,7,28,35
658,1909,1958,2,3,1,48,49
11,1751,1958,2,3,1,206,207
103,1928,1958,2,3,1,29,30
546,1871,1958,2,3,1,86,87
44,1845,1958,2,3,2,111,113
239,1825,1964,2,4,1,138,139
450,1851,1964,2,4,1,112,113
155,1845,1964,2,4,1,118,119
17,1837,1974,2,5,1,136,137
89,1930,1974,2,5,1,43,44
8,1889,1974,2,5,1,84,85
337,1836,1974,2,5,1,137,138
613,1767,1974,2,5,1,206,207
97,1758,1974,2,5,1,215,216
39,1952,1975,2,0,4,19,23
0,1740,1981,2,7,4,237,241
90,1781,1981,2,7,1,199,200
72,1752,1981,2,7,1,228,229
533,1745,1983,2,10,223,15,238
400,1899,1983,2,10,70,14,84
663,1764,1988,2,11,206,18,224
727,1956,1988,2,11,13,19,32
150,1838,1988,2,11,130,20,150
149,1772,1988,2,11,196,20,216
36,1776,1989,2,12,196,17,213
438,1951,1990,2,9,1,38,39
251,1899,1990,2,9,1,90,91
612,1901,1990,2,9,1,88,89
201,1841,1997,2,12,127,29,156
395,1957,1999,2,15,16,26,42
84,1848,2002,2,18,124,30,154
577,1987,2003,2,6,4,12,16
467,1915,2005,2,13,53,37,90
521,1763,2005,2,13,205,37,242
256,1839,2005,2,13,130,36,166
137,1919,2006,2,17,53,34,87
257,1997,2010,2,13,1,12,13
109,1824,2011,2,14,146,41,187
207,1776,2017,2,15,192,49,241
315,1819,2017,2,15,149,49,198
348,1799,2026,2,16,170,57,227
460,1753,2026,2,16,216,57,273
522,1956,2026,2,16,12,58,70
562,1773,2034,2,17,196,65,261
618,1877,2044,2,18,91,76,167
188,1780,2053,2,19,188,85,273
652,1953,2053,2,19,15,85,100
510,2047,2055,2,6,1,7,8
81,2034,2075,2,15,19,22,41
328,2043,2076,2,10,11,22,33
545,2068,2082,2,3,5,9,14
